#                                                                                                                                     --- full sequence --- -------------- this domain -------------   hmm coord   ali coord   env coord
# target name                                                                 accession   tlen query name           accession   qlen   E-value  score  bias   #  of  c-Evalue  i-Evalue  score  bias  from    to  from    to  from    to  acc description of target
#                                                         ------------------- ---------- ----- -------------------- ---------- ----- --------- ------ ----- --- --- --------- --------- ------ ----- ----- ----- ----- ----- ----- ----- ---- ---------------------
1001705at2759_158441_0:001483|NODE_11820_length_6199_cov_57.914244:2032-2986  -            295 1001705at2759        -            270   1.8e-49  162.2   1.0   1   1   3.3e-47   3.3e-47  154.8   1.0    16   216    24   292     4   294 0.76 -
1001705at2759_7425_0:0002e5|NODE_11820_length_6199_cov_57.914244:2032-2986    -            295 1001705at2759        -            270   1.8e-49  162.2   1.0   1   1   3.3e-47   3.3e-47  154.8   1.0    16   216    24   292     4   294 0.76 -
1001705at2759_166361_0:0006af|NODE_11820_length_6199_cov_57.914244:2002-2986  -            316 1001705at2759        -            270   3.6e-49  161.2   1.5   1   1   6.6e-47   6.6e-47  153.8   1.5    14   216    33   303    20   311 0.78 -
1001705at2759_62625_0:0021e2|NODE_11820_length_6199_cov_57.914244:2002-2986   -            316 1001705at2759        -            270   3.6e-49  161.2   1.5   1   1   6.6e-47   6.6e-47  153.8   1.5    14   216    33   303    20   311 0.78 -
1001705at2759_1720309_0:002e06|NODE_11820_length_6199_cov_57.914244:2032-3033 -            306 1001705at2759        -            270   3.9e-49  161.1   2.0   1   1   1.1e-46   1.1e-46  153.1   2.0    14   216    33   303     2   305 0.79 -
1001705at2759_37653_0:00192f|NODE_11820_length_6199_cov_57.914244:2032-3033   -            306 1001705at2759        -            270   3.9e-49  161.1   2.0   1   1   1.1e-46   1.1e-46  153.1   2.0    14   216    33   303     2   305 0.79 -
1001705at2759_48498_0:002725|NODE_11820_length_6199_cov_57.914244:2032-3033   -            306 1001705at2759        -            270   3.9e-49  161.1   2.0   1   1   1.1e-46   1.1e-46  153.1   2.0    14   216    33   303     2   305 0.79 -
1001705at2759_50429_0:0040e8|NODE_11820_length_6199_cov_57.914244:2032-3033   -            306 1001705at2759        -            270   3.9e-49  161.1   2.0   1   1   1.1e-46   1.1e-46  153.1   2.0    14   216    33   303     2   305 0.79 -
1001705at2759_70779_0:003370|NODE_11820_length_6199_cov_57.914244:2032-3033   -            306 1001705at2759        -            270   3.9e-49  161.1   2.0   1   1   1.1e-46   1.1e-46  153.1   2.0    14   216    33   303     2   305 0.79 -
1001705at2759_7739_0:00421d|NODE_11820_length_6199_cov_57.914244:2032-2905    -            292 1001705at2759        -            270   4.1e-49  161.0   1.6   1   1   7.7e-47   7.7e-47  153.6   1.6    15   216    20   289     7   291 0.78 -
1001705at2759_103372_0:00249a|NODE_11820_length_6199_cov_57.914244:2032-2986  -            306 1001705at2759        -            270   4.3e-49  161.0   1.6   1   1   8.4e-47   8.5e-47  153.4   1.5    14   216    33   303    20   305 0.78 -
1001705at2759_103695_0:000385|NODE_11820_length_6199_cov_57.914244:2032-2986  -            306 1001705at2759        -            270   4.3e-49  161.0   1.6   1   1   8.4e-47   8.5e-47  153.4   1.5    14   216    33   303    20   305 0.78 -
1001705at2759_104452_0:000eeb|NODE_11820_length_6199_cov_57.914244:2032-2986  -            306 1001705at2759        -            270   4.3e-49  161.0   1.6   1   1   8.4e-47   8.5e-47  153.4   1.5    14   216    33   303    20   305 0.78 -
1001705at2759_104688_0:00246b|NODE_11820_length_6199_cov_57.914244:2032-2986  -            306 1001705at2759        -            270   4.3e-49  161.0   1.6   1   1   8.4e-47   8.5e-47  153.4   1.5    14   216    33   303    20   305 0.78 -
1001705at2759_108931_0:0010a5|NODE_11820_length_6199_cov_57.914244:2032-2986  -            306 1001705at2759        -            270   4.3e-49  161.0   1.6   1   1   8.4e-47   8.5e-47  153.4   1.5    14   216    33   303    20   305 0.78 -
1001705at2759_108931_0:0017d2|NODE_11820_length_6199_cov_57.914244:2032-2986  -            306 1001705at2759        -            270   4.3e-49  161.0   1.6   1   1   8.4e-47   8.5e-47  153.4   1.5    14   216    33   303    20   305 0.78 -
1001705at2759_109280_0:004ef5|NODE_11820_length_6199_cov_57.914244:2032-2986  -            306 1001705at2759        -            270   4.3e-49  161.0   1.6   1   1   8.4e-47   8.5e-47  153.4   1.5    14   216    33   303    20   305 0.78 -
1001705at2759_110193_0:002f7b|NODE_11820_length_6199_cov_57.914244:2032-2986  -            306 1001705at2759        -            270   4.3e-49  161.0   1.6   1   1   8.4e-47   8.5e-47  153.4   1.5    14   216    33   303    20   305 0.78 -
1001705at2759_113334_0:002ee1|NODE_11820_length_6199_cov_57.914244:2032-2986  -            306 1001705at2759        -            270   4.3e-49  161.0   1.6   1   1   8.4e-47   8.5e-47  153.4   1.5    14   216    33   303    20   305 0.78 -
1001705at2759_113540_0:00105a|NODE_11820_length_6199_cov_57.914244:2032-2986  -            306 1001705at2759        -            270   4.3e-49  161.0   1.6   1   1   8.4e-47   8.5e-47  153.4   1.5    14   216    33   303    20   305 0.78 -
1001705at2759_114398_0:0015b9|NODE_11820_length_6199_cov_57.914244:2032-2986  -            306 1001705at2759        -            270   4.3e-49  161.0   1.6   1   1   8.4e-47   8.5e-47  153.4   1.5    14   216    33   303    20   305 0.78 -
1001705at2759_116153_0:0032bc|NODE_11820_length_6199_cov_57.914244:2032-2986  -            306 1001705at2759        -            270   4.3e-49  161.0   1.6   1   1   8.4e-47   8.5e-47  153.4   1.5    14   216    33   303    20   305 0.78 -
1001705at2759_1218281_0:001540|NODE_11820_length_6199_cov_57.914244:2032-2986 -            306 1001705at2759        -            270   4.3e-49  161.0   1.6   1   1   8.4e-47   8.5e-47  153.4   1.5    14   216    33   303    20   305 0.78 -
1001705at2759_121845_0:003a36|NODE_11820_length_6199_cov_57.914244:2032-2986  -            306 1001705at2759        -            270   4.3e-49  161.0   1.6   1   1   8.4e-47   8.5e-47  153.4   1.5    14   216    33   303    20   305 0.78 -
1001705at2759_123851_0:002b3c|NODE_11820_length_6199_cov_57.914244:2032-2986  -            306 1001705at2759        -            270   4.3e-49  161.0   1.6   1   1   8.4e-47   8.5e-47  153.4   1.5    14   216    33   303    20   305 0.78 -
1001705at2759_125878_0:003c4d|NODE_11820_length_6199_cov_57.914244:2032-2986  -            306 1001705at2759        -            270   4.3e-49  161.0   1.6   1   1   8.4e-47   8.5e-47  153.4   1.5    14   216    33   303    20   305 0.78 -
1001705at2759_126957_0:0023ca|NODE_11820_length_6199_cov_57.914244:2032-2986  -            306 1001705at2759        -            270   4.3e-49  161.0   1.6   1   1   8.4e-47   8.5e-47  153.4   1.5    14   216    33   303    20   305 0.78 -
1001705at2759_13164_0:0013e8|NODE_11820_length_6199_cov_57.914244:2032-2986   -            306 1001705at2759        -            270   4.3e-49  161.0   1.6   1   1   8.4e-47   8.5e-47  153.4   1.5    14   216    33   303    20   305 0.78 -
1001705at2759_133434_0:0028a6|NODE_11820_length_6199_cov_57.914244:2032-2986  -            306 1001705at2759        -            270   4.3e-49  161.0   1.6   1   1   8.4e-47   8.5e-47  153.4   1.5    14   216    33   303    20   305 0.78 -
1001705at2759_133901_0:00290b|NODE_11820_length_6199_cov_57.914244:2032-2986  -            306 1001705at2759        -            270   4.3e-49  161.0   1.6   1   1   8.4e-47   8.5e-47  153.4   1.5    14   216    33   303    20   305 0.78 -
1001705at2759_136037_0:001aca|NODE_11820_length_6199_cov_57.914244:2032-2986  -            306 1001705at2759        -            270   4.3e-49  161.0   1.6   1   1   8.4e-47   8.5e-47  153.4   1.5    14   216    33   303    20   305 0.78 -
1001705at2759_143948_0:0024e4|NODE_11820_length_6199_cov_57.914244:2032-2986  -            306 1001705at2759        -            270   4.3e-49  161.0   1.6   1   1   8.4e-47   8.5e-47  153.4   1.5    14   216    33   303    20   305 0.78 -
1001705at2759_144197_0:004383|NODE_11820_length_6199_cov_57.914244:2032-2986  -            306 1001705at2759        -            270   4.3e-49  161.0   1.6   1   1   8.4e-47   8.5e-47  153.4   1.5    14   216    33   303    20   305 0.78 -
1001705at2759_1676925_0:00429d|NODE_11820_length_6199_cov_57.914244:2032-2986 -            306 1001705at2759        -            270   4.3e-49  161.0   1.6   1   1   8.4e-47   8.5e-47  153.4   1.5    14   216    33   303    20   305 0.78 -
1001705at2759_211228_0:0013e7|NODE_11820_length_6199_cov_57.914244:2032-2986  -            306 1001705at2759        -            270   4.3e-49  161.0   1.6   1   1   8.4e-47   8.5e-47  153.4   1.5    14   216    33   303    20   305 0.78 -
1001705at2759_217634_0:000385|NODE_11820_length_6199_cov_57.914244:2032-2986  -            306 1001705at2759        -            270   4.3e-49  161.0   1.6   1   1   8.4e-47   8.5e-47  153.4   1.5    14   216    33   303    20   305 0.78 -
1001705at2759_218467_0:002e23|NODE_11820_length_6199_cov_57.914244:2032-2986  -            306 1001705at2759        -            270   4.3e-49  161.0   1.6   1   1   8.4e-47   8.5e-47  153.4   1.5    14   216    33   303    20   305 0.78 -
1001705at2759_219809_0:00112c|NODE_11820_length_6199_cov_57.914244:2032-2986  -            306 1001705at2759        -            270   4.3e-49  161.0   1.6   1   1   8.4e-47   8.5e-47  153.4   1.5    14   216    33   303    20   305 0.78 -
1001705at2759_224129_0:0013db|NODE_11820_length_6199_cov_57.914244:2032-2986  -            306 1001705at2759        -            270   4.3e-49  161.0   1.6   1   1   8.4e-47   8.5e-47  153.4   1.5    14   216    33   303    20   305 0.78 -
1001705at2759_244447_0:0028b9|NODE_11820_length_6199_cov_57.914244:2032-2986  -            306 1001705at2759        -            270   4.3e-49  161.0   1.6   1   1   8.4e-47   8.5e-47  153.4   1.5    14   216    33   303    20   305 0.78 -
1001705at2759_28377_0:00175f|NODE_11820_length_6199_cov_57.914244:2032-2986   -            306 1001705at2759        -            270   4.3e-49  161.0   1.6   1   1   8.4e-47   8.5e-47  153.4   1.5    14   216    33   303    20   305 0.78 -
1001705at2759_286706_0:000ed8|NODE_11820_length_6199_cov_57.914244:2032-2986  -            306 1001705at2759        -            270   4.3e-49  161.0   1.6   1   1   8.4e-47   8.5e-47  153.4   1.5    14   216    33   303    20   305 0.78 -
1001705at2759_28743_0:005826|NODE_11820_length_6199_cov_57.914244:2032-2986   -            306 1001705at2759        -            270   4.3e-49  161.0   1.6   1   1   8.4e-47   8.5e-47  153.4   1.5    14   216    33   303    20   305 0.78 -
1001705at2759_29029_0:003063|NODE_11820_length_6199_cov_57.914244:2032-2986   -            306 1001705at2759        -            270   4.3e-49  161.0   1.6   1   1   8.4e-47   8.5e-47  153.4   1.5    14   216    33   303    20   305 0.78 -
1001705at2759_29053_0:002677|NODE_11820_length_6199_cov_57.914244:2032-2986   -            306 1001705at2759        -            270   4.3e-49  161.0   1.6   1   1   8.4e-47   8.5e-47  153.4   1.5    14   216    33   303    20   305 0.78 -
1001705at2759_29058_0:000737|NODE_11820_length_6199_cov_57.914244:2032-2986   -            306 1001705at2759        -            270   4.3e-49  161.0   1.6   1   1   8.4e-47   8.5e-47  153.4   1.5    14   216    33   303    20   305 0.78 -
1001705at2759_29159_0:0046be|NODE_11820_length_6199_cov_57.914244:2032-2986   -            306 1001705at2759        -            270   4.3e-49  161.0   1.6   1   1   8.4e-47   8.5e-47  153.4   1.5    14   216    33   303    20   305 0.78 -
1001705at2759_299123_0:001df4|NODE_11820_length_6199_cov_57.914244:2032-2986  -            306 1001705at2759        -            270   4.3e-49  161.0   1.6   1   1   8.4e-47   8.5e-47  153.4   1.5    14   216    33   303    20   305 0.78 -
1001705at2759_30611_0:002577|NODE_11820_length_6199_cov_57.914244:2032-2986   -            306 1001705at2759        -            270   4.3e-49  161.0   1.6   1   1   8.4e-47   8.5e-47  153.4   1.5    14   216    33   303    20   305 0.78 -
1001705at2759_30732_0:001230|NODE_11820_length_6199_cov_57.914244:2032-2986   -            306 1001705at2759        -            270   4.3e-49  161.0   1.6   1   1   8.4e-47   8.5e-47  153.4   1.5    14   216    33   303    20   305 0.78 -
1001705at2759_31033_0:003573|NODE_11820_length_6199_cov_57.914244:2032-2986   -            306 1001705at2759        -            270   4.3e-49  161.0   1.6   1   1   8.4e-47   8.5e-47  153.4   1.5    14   216    33   303    20   305 0.78 -
1001705at2759_319348_0:002ac0|NODE_11820_length_6199_cov_57.914244:2032-2986  -            306 1001705at2759        -            270   4.3e-49  161.0   1.6   1   1   8.4e-47   8.5e-47  153.4   1.5    14   216    33   303    20   305 0.78 -
1001705at2759_326594_0:001524|NODE_11820_length_6199_cov_57.914244:2032-2986  -            306 1001705at2759        -            270   4.3e-49  161.0   1.6   1   1   8.4e-47   8.5e-47  153.4   1.5    14   216    33   303    20   305 0.78 -
1001705at2759_34638_0:000c68|NODE_11820_length_6199_cov_57.914244:2032-2986   -            306 1001705at2759        -            270   4.3e-49  161.0   1.6   1   1   8.4e-47   8.5e-47  153.4   1.5    14   216    33   303    20   305 0.78 -
1001705at2759_35525_0:006ce8|NODE_11820_length_6199_cov_57.914244:2032-2986   -            306 1001705at2759        -            270   4.3e-49  161.0   1.6   1   1   8.4e-47   8.5e-47  153.4   1.5    14   216    33   303    20   305 0.78 -
1001705at2759_35570_0:000071|NODE_11820_length_6199_cov_57.914244:2032-2986   -            306 1001705at2759        -            270   4.3e-49  161.0   1.6   1   1   8.4e-47   8.5e-47  153.4   1.5    14   216    33   303    20   305 0.78 -
1001705at2759_37001_0:00246a|NODE_11820_length_6199_cov_57.914244:2032-2986   -            306 1001705at2759        -            270   4.3e-49  161.0   1.6   1   1   8.4e-47   8.5e-47  153.4   1.5    14   216    33   303    20   305 0.78 -
1001705at2759_37003_0:0051b3|NODE_11820_length_6199_cov_57.914244:2032-2986   -            306 1001705at2759        -            270   4.3e-49  161.0   1.6   1   1   8.4e-47   8.5e-47  153.4   1.5    14   216    33   303    20   305 0.78 -
1001705at2759_37344_0:002a59|NODE_11820_length_6199_cov_57.914244:2032-2986   -            306 1001705at2759        -            270   4.3e-49  161.0   1.6   1   1   8.4e-47   8.5e-47  153.4   1.5    14   216    33   303    20   305 0.78 -
1001705at2759_37621_0:0002ef|NODE_11820_length_6199_cov_57.914244:2032-2986   -            306 1001705at2759        -            270   4.3e-49  161.0   1.6   1   1   8.4e-47   8.5e-47  153.4   1.5    14   216    33   303    20   305 0.78 -
1001705at2759_378494_0:006d03|NODE_11820_length_6199_cov_57.914244:2032-2986  -            306 1001705at2759        -            270   4.3e-49  161.0   1.6   1   1   8.4e-47   8.5e-47  153.4   1.5    14   216    33   303    20   305 0.78 -
1001705at2759_39758_0:00347c|NODE_11820_length_6199_cov_57.914244:2032-2986   -            306 1001705at2759        -            270   4.3e-49  161.0   1.6   1   1   8.4e-47   8.5e-47  153.4   1.5    14   216    33   303    20   305 0.78 -
1001705at2759_43700_0:002e22|NODE_11820_length_6199_cov_57.914244:2032-2986   -            306 1001705at2759        -            270   4.3e-49  161.0   1.6   1   1   8.4e-47   8.5e-47  153.4   1.5    14   216    33   303    20   305 0.78 -
1001705at2759_454923_0:002007|NODE_11820_length_6199_cov_57.914244:2032-2986  -            306 1001705at2759        -            270   4.3e-49  161.0   1.6   1   1   8.4e-47   8.5e-47  153.4   1.5    14   216    33   303    20   305 0.78 -
1001705at2759_45779_0:0022ba|NODE_11820_length_6199_cov_57.914244:2032-2986   -            306 1001705at2759        -            270   4.3e-49  161.0   1.6   1   1   8.4e-47   8.5e-47  153.4   1.5    14   216    33   303    20   305 0.78 -
1001705at2759_482537_0:00041a|NODE_11820_length_6199_cov_57.914244:2032-2986  -            306 1001705at2759        -            270   4.3e-49  161.0   1.6   1   1   8.4e-47   8.5e-47  153.4   1.5    14   216    33   303    20   305 0.78 -
1001705at2759_51655_0:001b9c|NODE_11820_length_6199_cov_57.914244:2032-2986   -            306 1001705at2759        -            270   4.3e-49  161.0   1.6   1   1   8.4e-47   8.5e-47  153.4   1.5    14   216    33   303    20   305 0.78 -
1001705at2759_52612_0:002d53|NODE_11820_length_6199_cov_57.914244:2032-2986   -            306 1001705at2759        -            270   4.3e-49  161.0   1.6   1   1   8.4e-47   8.5e-47  153.4   1.5    14   216    33   303    20   305 0.78 -
1001705at2759_52670_0:00277a|NODE_11820_length_6199_cov_57.914244:2032-2986   -            306 1001705at2759        -            270   4.3e-49  161.0   1.6   1   1   8.4e-47   8.5e-47  153.4   1.5    14   216    33   303    20   305 0.78 -
1001705at2759_535359_0:002621|NODE_11820_length_6199_cov_57.914244:2032-2986  -            306 1001705at2759        -            270   4.3e-49  161.0   1.6   1   1   8.4e-47   8.5e-47  153.4   1.5    14   216    33   303    20   305 0.78 -
1001705at2759_6198_0:000981|NODE_11820_length_6199_cov_57.914244:2032-2986    -            306 1001705at2759        -            270   4.3e-49  161.0   1.6   1   1   8.4e-47   8.5e-47  153.4   1.5    14   216    33   303    20   305 0.78 -
1001705at2759_6412_0:002541|NODE_11820_length_6199_cov_57.914244:2032-2986    -            306 1001705at2759        -            270   4.3e-49  161.0   1.6   1   1   8.4e-47   8.5e-47  153.4   1.5    14   216    33   303    20   305 0.78 -
1001705at2759_64459_0:00062f|NODE_11820_length_6199_cov_57.914244:2032-2986   -            306 1001705at2759        -            270   4.3e-49  161.0   1.6   1   1   8.4e-47   8.5e-47  153.4   1.5    14   216    33   303    20   305 0.78 -
1001705at2759_6500_0:0049ca|NODE_11820_length_6199_cov_57.914244:2032-2986    -            306 1001705at2759        -            270   4.3e-49  161.0   1.6   1   1   8.4e-47   8.5e-47  153.4   1.5    14   216    33   303    20   305 0.78 -
1001705at2759_6526_0:002ca0|NODE_11820_length_6199_cov_57.914244:2032-2986    -            306 1001705at2759        -            270   4.3e-49  161.0   1.6   1   1   8.4e-47   8.5e-47  153.4   1.5    14   216    33   303    20   305 0.78 -
1001705at2759_6565_0:00218b|NODE_11820_length_6199_cov_57.914244:2032-2986    -            306 1001705at2759        -            270   4.3e-49  161.0   1.6   1   1   8.4e-47   8.5e-47  153.4   1.5    14   216    33   303    20   305 0.78 -
1001705at2759_6573_0:0045ed|NODE_11820_length_6199_cov_57.914244:2032-2986    -            306 1001705at2759        -            270   4.3e-49  161.0   1.6   1   1   8.4e-47   8.5e-47  153.4   1.5    14   216    33   303    20   305 0.78 -
1001705at2759_66420_0:000571|NODE_11820_length_6199_cov_57.914244:2032-2986   -            306 1001705at2759        -            270   4.3e-49  161.0   1.6   1   1   8.4e-47   8.5e-47  153.4   1.5    14   216    33   303    20   305 0.78 -
1001705at2759_6669_0:00317a|NODE_11820_length_6199_cov_57.914244:2032-2986    -            306 1001705at2759        -            270   4.3e-49  161.0   1.6   1   1   8.4e-47   8.5e-47  153.4   1.5    14   216    33   303    20   305 0.78 -
1001705at2759_680683_0:00153a|NODE_11820_length_6199_cov_57.914244:2032-2986  -            306 1001705at2759        -            270   4.3e-49  161.0   1.6   1   1   8.4e-47   8.5e-47  153.4   1.5    14   216    33   303    20   305 0.78 -
1001705at2759_6850_0:001061|NODE_11820_length_6199_cov_57.914244:2032-2986    -            306 1001705at2759        -            270   4.3e-49  161.0   1.6   1   1   8.4e-47   8.5e-47  153.4   1.5    14   216    33   303    20   305 0.78 -
1001705at2759_69319_0:00261b|NODE_11820_length_6199_cov_57.914244:2032-2986   -            306 1001705at2759        -            270   4.3e-49  161.0   1.6   1   1   8.4e-47   8.5e-47  153.4   1.5    14   216    33   303    20   305 0.78 -
1001705at2759_6973_0:006810|NODE_11820_length_6199_cov_57.914244:2032-2986    -            306 1001705at2759        -            270   4.3e-49  161.0   1.6   1   1   8.4e-47   8.5e-47  153.4   1.5    14   216    33   303    20   305 0.78 -
1001705at2759_7038_0:001bab|NODE_11820_length_6199_cov_57.914244:2032-2986    -            306 1001705at2759        -            270   4.3e-49  161.0   1.6   1   1   8.4e-47   8.5e-47  153.4   1.5    14   216    33   303    20   305 0.78 -
1001705at2759_7070_0:000b51|NODE_11820_length_6199_cov_57.914244:2032-2986    -            306 1001705at2759        -            270   4.3e-49  161.0   1.6   1   1   8.4e-47   8.5e-47  153.4   1.5    14   216    33   303    20   305 0.78 -
1001705at2759_7091_0:000d22|NODE_11820_length_6199_cov_57.914244:2032-2986    -            306 1001705at2759        -            270   4.3e-49  161.0   1.6   1   1   8.4e-47   8.5e-47  153.4   1.5    14   216    33   303    20   305 0.78 -
1001705at2759_7130_0:002f7d|NODE_11820_length_6199_cov_57.914244:2032-2986    -            306 1001705at2759        -            270   4.3e-49  161.0   1.6   1   1   8.4e-47   8.5e-47  153.4   1.5    14   216    33   303    20   305 0.78 -
1001705at2759_7213_0:002fb6|NODE_11820_length_6199_cov_57.914244:2032-2986    -            306 1001705at2759        -            270   4.3e-49  161.0   1.6   1   1   8.4e-47   8.5e-47  153.4   1.5    14   216    33   303    20   305 0.78 -
1001705at2759_7222_0:001944|NODE_11820_length_6199_cov_57.914244:2032-2986    -            306 1001705at2759        -            270   4.3e-49  161.0   1.6   1   1   8.4e-47   8.5e-47  153.4   1.5    14   216    33   303    20   305 0.78 -
1001705at2759_7260_0:00046d|NODE_11820_length_6199_cov_57.914244:2032-2986    -            306 1001705at2759        -            270   4.3e-49  161.0   1.6   1   1   8.4e-47   8.5e-47  153.4   1.5    14   216    33   303    20   305 0.78 -
1001705at2759_7375_0:001942|NODE_11820_length_6199_cov_57.914244:2032-2986    -            306 1001705at2759        -            270   4.3e-49  161.0   1.6   1   1   8.4e-47   8.5e-47  153.4   1.5    14   216    33   303    20   305 0.78 -
1001705at2759_7397_0:00091f|NODE_11820_length_6199_cov_57.914244:2032-2986    -            306 1001705at2759        -            270   4.3e-49  161.0   1.6   1   1   8.4e-47   8.5e-47  153.4   1.5    14   216    33   303    20   305 0.78 -
1001705at2759_7493_0:002255|NODE_11820_length_6199_cov_57.914244:2032-2986    -            306 1001705at2759        -            270   4.3e-49  161.0   1.6   1   1   8.4e-47   8.5e-47  153.4   1.5    14   216    33   303    20   305 0.78 -
1001705at2759_74940_0:009cdb|NODE_11820_length_6199_cov_57.914244:2032-2986   -            306 1001705at2759        -            270   4.3e-49  161.0   1.6   1   1   8.4e-47   8.5e-47  153.4   1.5    14   216    33   303    20   305 0.78 -
1001705at2759_75366_0:00959e|NODE_11820_length_6199_cov_57.914244:2032-2986   -            306 1001705at2759        -            270   4.3e-49  161.0   1.6   1   1   8.4e-47   8.5e-47  153.4   1.5    14   216    33   303    20   305 0.78 -
1001705at2759_7539_0:00269c|NODE_11820_length_6199_cov_57.914244:2032-2986    -            306 1001705at2759        -            270   4.3e-49  161.0   1.6   1   1   8.4e-47   8.5e-47  153.4   1.5    14   216    33   303    20   305 0.78 -
1001705at2759_7574_0:000d35|NODE_11820_length_6199_cov_57.914244:2032-2986    -            306 1001705at2759        -            270   4.3e-49  161.0   1.6   1   1   8.4e-47   8.5e-47  153.4   1.5    14   216    33   303    20   305 0.78 -
1001705at2759_7668_0:000290|NODE_11820_length_6199_cov_57.914244:2032-2986    -            306 1001705at2759        -            270   4.3e-49  161.0   1.6   1   1   8.4e-47   8.5e-47  153.4   1.5    14   216    33   303    20   305 0.78 -
1001705at2759_77166_0:000ddb|NODE_11820_length_6199_cov_57.914244:2032-2986   -            306 1001705at2759        -            270   4.3e-49  161.0   1.6   1   1   8.4e-47   8.5e-47  153.4   1.5    14   216    33   303    20   305 0.78 -
1001705at2759_7719_0:003116|NODE_11820_length_6199_cov_57.914244:2032-2986    -            306 1001705at2759        -            270   4.3e-49  161.0   1.6   1   1   8.4e-47   8.5e-47  153.4   1.5    14   216    33   303    20   305 0.78 -
1001705at2759_7741_0:0021e5|NODE_11820_length_6199_cov_57.914244:2032-2986    -            306 1001705at2759        -            270   4.3e-49  161.0   1.6   1   1   8.4e-47   8.5e-47  153.4   1.5    14   216    33   303    20   305 0.78 -
1001705at2759_7868_0:002056|NODE_11820_length_6199_cov_57.914244:2032-2986    -            306 1001705at2759        -            270   4.3e-49  161.0   1.6   1   1   8.4e-47   8.5e-47  153.4   1.5    14   216    33   303    20   305 0.78 -
1001705at2759_7897_0:0008af|NODE_11820_length_6199_cov_57.914244:2032-2986    -            306 1001705at2759        -            270   4.3e-49  161.0   1.6   1   1   8.4e-47   8.5e-47  153.4   1.5    14   216    33   303    20   305 0.78 -
1001705at2759_7918_0:000bd5|NODE_11820_length_6199_cov_57.914244:2032-2986    -            306 1001705at2759        -            270   4.3e-49  161.0   1.6   1   1   8.4e-47   8.5e-47  153.4   1.5    14   216    33   303    20   305 0.78 -
1001705at2759_7950_0:000529|NODE_11820_length_6199_cov_57.914244:2032-2986    -            306 1001705at2759        -            270   4.3e-49  161.0   1.6   1   1   8.4e-47   8.5e-47  153.4   1.5    14   216    33   303    20   305 0.78 -
1001705at2759_7955_0:005927|NODE_11820_length_6199_cov_57.914244:2032-2986    -            306 1001705at2759        -            270   4.3e-49  161.0   1.6   1   1   8.4e-47   8.5e-47  153.4   1.5    14   216    33   303    20   305 0.78 -
1001705at2759_79782_0:002dba|NODE_11820_length_6199_cov_57.914244:2032-2986   -            306 1001705at2759        -            270   4.3e-49  161.0   1.6   1   1   8.4e-47   8.5e-47  153.4   1.5    14   216    33   303    20   305 0.78 -
1001705at2759_7994_0:00393f|NODE_11820_length_6199_cov_57.914244:2032-2986    -            306 1001705at2759        -            270   4.3e-49  161.0   1.6   1   1   8.4e-47   8.5e-47  153.4   1.5    14   216    33   303    20   305 0.78 -
1001705at2759_7998_0:0042c3|NODE_11820_length_6199_cov_57.914244:2032-2986    -            306 1001705at2759        -            270   4.3e-49  161.0   1.6   1   1   8.4e-47   8.5e-47  153.4   1.5    14   216    33   303    20   305 0.78 -
1001705at2759_8078_0:0019fa|NODE_11820_length_6199_cov_57.914244:2032-2986    -            306 1001705at2759        -            270   4.3e-49  161.0   1.6   1   1   8.4e-47   8.5e-47  153.4   1.5    14   216    33   303    20   305 0.78 -
1001705at2759_8355_0:00190c|NODE_11820_length_6199_cov_57.914244:2032-2986    -            306 1001705at2759        -            270   4.3e-49  161.0   1.6   1   1   8.4e-47   8.5e-47  153.4   1.5    14   216    33   303    20   305 0.78 -
1001705at2759_8364_0:000b52|NODE_11820_length_6199_cov_57.914244:2032-2986    -            306 1001705at2759        -            270   4.3e-49  161.0   1.6   1   1   8.4e-47   8.5e-47  153.4   1.5    14   216    33   303    20   305 0.78 -
1001705at2759_9172_0:000ed8|NODE_11820_length_6199_cov_57.914244:2032-2986    -            306 1001705at2759        -            270   4.3e-49  161.0   1.6   1   1   8.4e-47   8.5e-47  153.4   1.5    14   216    33   303    20   305 0.78 -
1001705at2759_9361_0:00452a|NODE_11820_length_6199_cov_57.914244:2032-2986    -            306 1001705at2759        -            270   4.3e-49  161.0   1.6   1   1   8.4e-47   8.5e-47  153.4   1.5    14   216    33   303    20   305 0.78 -
1001705at2759_9407_0:0001d0|NODE_11820_length_6199_cov_57.914244:2032-2986    -            306 1001705at2759        -            270   4.3e-49  161.0   1.6   1   1   8.4e-47   8.5e-47  153.4   1.5    14   216    33   303    20   305 0.78 -
1001705at2759_9597_0:000593|NODE_11820_length_6199_cov_57.914244:2032-2986    -            306 1001705at2759        -            270   4.3e-49  161.0   1.6   1   1   8.4e-47   8.5e-47  153.4   1.5    14   216    33   303    20   305 0.78 -
1001705at2759_45351_0:0046ce|NODE_11820_length_6199_cov_57.914244:2032-2971   -            301 1001705at2759        -            270   4.3e-49  161.0   1.6   1   1   8.2e-47   8.2e-47  153.5   1.6    14   216    28   298    15   300 0.78 -
1001705at2759_6210_0:002a98|NODE_11820_length_6199_cov_57.914244:2032-2977    -            303 1001705at2759        -            270   4.3e-49  161.0   1.6   1   1   8.5e-47   8.5e-47  153.4   1.6    14   216    30   300    17   302 0.78 -
1001705at2759_6087_0:003755|NODE_11820_length_6199_cov_57.914244:2032-2989    -            307 1001705at2759        -            270   4.3e-49  161.0   1.5   1   1   8.5e-47   8.5e-47  153.4   1.5    14   216    34   304    21   306 0.78 -
1001705at2759_29088_0:001cf5|NODE_11820_length_6199_cov_57.914244:2032-2872   -            281 1001705at2759        -            270   4.5e-49  160.9   1.6   1   1   9.2e-47   9.3e-47  153.3   1.6    17   216    11   278     3   280 0.78 -
1001705at2759_32264_0:000850|NODE_11820_length_6199_cov_57.914244:2032-2869   -            280 1001705at2759        -            270   4.6e-49  160.9   1.6   1   1   9.1e-47   9.2e-47  153.3   1.6    17   216    10   277     2   279 0.78 -
1001705at2759_438503_0:002497|NODE_11820_length_6199_cov_57.914244:2032-2869  -            280 1001705at2759        -            270   4.6e-49  160.9   1.6   1   1   9.1e-47   9.2e-47  153.3   1.6    17   216    10   277     2   279 0.78 -
1001705at2759_1608454_0:003b64|NODE_11820_length_6199_cov_57.914244:2032-2854 -            275 1001705at2759        -            270   5.1e-49  160.7   1.5   1   1     1e-46     1e-46  153.2   1.5    18   216     6   272     1   274 0.78 -
1001705at2759_7394_0:0003c7|NODE_11820_length_6199_cov_57.914244:2032-3033    -            321 1001705at2759        -            270   5.3e-49  160.7   1.5   1   1   9.8e-47   9.8e-47  153.2   1.5    14   216    48   318    35   320 0.78 -
1001705at2759_146911_0:00310c|NODE_11820_length_6199_cov_57.914244:2032-4051  -            336 1001705at2759        -            270   6.9e-49  160.3   1.6   1   1   1.2e-46   1.2e-46  152.9   1.5    14   216    63   333    50   335 0.78 -
1001705at2759_121225_0:000914|NODE_11820_length_6199_cov_57.914244:2032-2845  -            272 1001705at2759        -            270   6.9e-49  160.3   1.7   1   1   1.6e-46   1.6e-46  152.6   1.7    19   216     4   269     2   271 0.78 -
1001705at2759_166423_0:00380f|NODE_11820_length_6199_cov_57.914244:2032-2845  -            272 1001705at2759        -            270   6.9e-49  160.3   1.7   1   1   1.6e-46   1.6e-46  152.6   1.7    19   216     4   269     2   271 0.78 -
1001705at2759_30019_0:001a69|NODE_11820_length_6199_cov_57.914244:2032-2845   -            272 1001705at2759        -            270   6.9e-49  160.3   1.7   1   1   1.6e-46   1.6e-46  152.6   1.7    19   216     4   269     2   271 0.78 -
1001705at2759_315563_0:002416|NODE_11820_length_6199_cov_57.914244:2032-2845  -            272 1001705at2759        -            270   6.9e-49  160.3   1.7   1   1   1.6e-46   1.6e-46  152.6   1.7    19   216     4   269     2   271 0.78 -
1001705at2759_381198_0:002163|NODE_11820_length_6199_cov_57.914244:2032-2845  -            272 1001705at2759        -            270   6.9e-49  160.3   1.7   1   1   1.6e-46   1.6e-46  152.6   1.7    19   216     4   269     2   271 0.78 -
1001705at2759_38123_0:0027b3|NODE_11820_length_6199_cov_57.914244:2032-2845   -            272 1001705at2759        -            270   6.9e-49  160.3   1.7   1   1   1.6e-46   1.6e-46  152.6   1.7    19   216     4   269     2   271 0.78 -
1001705at2759_438502_0:003d45|NODE_11820_length_6199_cov_57.914244:2032-2845  -            272 1001705at2759        -            270   6.9e-49  160.3   1.7   1   1   1.6e-46   1.6e-46  152.6   1.7    19   216     4   269     2   271 0.78 -
1001705at2759_568069_0:002f68|NODE_11820_length_6199_cov_57.914244:2032-2845  -            272 1001705at2759        -            270   6.9e-49  160.3   1.7   1   1   1.6e-46   1.6e-46  152.6   1.7    19   216     4   269     2   271 0.78 -
1001705at2759_597456_0:00143d|NODE_11820_length_6199_cov_57.914244:2032-2845  -            272 1001705at2759        -            270   6.9e-49  160.3   1.7   1   1   1.6e-46   1.6e-46  152.6   1.7    19   216     4   269     2   271 0.78 -
1001705at2759_59894_0:0031d0|NODE_11820_length_6199_cov_57.914244:2032-2845   -            272 1001705at2759        -            270   6.9e-49  160.3   1.7   1   1   1.6e-46   1.6e-46  152.6   1.7    19   216     4   269     2   271 0.78 -
1001705at2759_67767_0:00032c|NODE_11820_length_6199_cov_57.914244:2032-2845   -            272 1001705at2759        -            270   6.9e-49  160.3   1.7   1   1   1.6e-46   1.6e-46  152.6   1.7    19   216     4   269     2   271 0.78 -
1001705at2759_6958_0:002571|NODE_11820_length_6199_cov_57.914244:2032-2845    -            272 1001705at2759        -            270   6.9e-49  160.3   1.7   1   1   1.6e-46   1.6e-46  152.6   1.7    19   216     4   269     2   271 0.78 -
1001705at2759_7217_0:002579|NODE_11820_length_6199_cov_57.914244:2032-2845    -            272 1001705at2759        -            270   6.9e-49  160.3   1.7   1   1   1.6e-46   1.6e-46  152.6   1.7    19   216     4   269     2   271 0.78 -
1001705at2759_7574_0:000db5|NODE_11820_length_6199_cov_57.914244:2032-2845    -            272 1001705at2759        -            270   6.9e-49  160.3   1.7   1   1   1.6e-46   1.6e-46  152.6   1.7    19   216     4   269     2   271 0.78 -
1001705at2759_88015_0:00051d|NODE_11820_length_6199_cov_57.914244:2032-2845   -            272 1001705at2759        -            270   6.9e-49  160.3   1.7   1   1   1.6e-46   1.6e-46  152.6   1.7    19   216     4   269     2   271 0.78 -
1001705at2759_8839_0:000e64|NODE_11820_length_6199_cov_57.914244:2032-2845    -            272 1001705at2759        -            270   6.9e-49  160.3   1.7   1   1   1.6e-46   1.6e-46  152.6   1.7    19   216     4   269     2   271 0.78 -
1001705at2759_9544_0:00014e|NODE_11820_length_6199_cov_57.914244:2032-2845    -            272 1001705at2759        -            270   6.9e-49  160.3   1.7   1   1   1.6e-46   1.6e-46  152.6   1.7    19   216     4   269     2   271 0.78 -
1001705at2759_9785_0:0019f6|NODE_11820_length_6199_cov_57.914244:2032-2845    -            272 1001705at2759        -            270   6.9e-49  160.3   1.7   1   1   1.6e-46   1.6e-46  152.6   1.7    19   216     4   269     2   271 0.78 -
1001705at2759_156563_0:002efc|NODE_11820_length_6199_cov_57.914244:2032-2836  -            269 1001705at2759        -            270   1.4e-48  159.3   1.8   1   1     3e-46     3e-46  151.6   1.8    20   216     2   266     1   268 0.78 -
1001705at2759_1737458_0:000cd6|NODE_11820_length_6199_cov_57.914244:2032-2836 -            269 1001705at2759        -            270   1.4e-48  159.3   1.8   1   1     3e-46     3e-46  151.6   1.8    20   216     2   266     1   268 0.78 -
1001705at2759_259920_0:0021f6|NODE_11820_length_6199_cov_57.914244:2032-2836  -            269 1001705at2759        -            270   1.4e-48  159.3   1.8   1   1     3e-46     3e-46  151.6   1.8    20   216     2   266     1   268 0.78 -
1001705at2759_28612_0:004bea|NODE_11820_length_6199_cov_57.914244:2032-2836   -            269 1001705at2759        -            270   1.4e-48  159.3   1.8   1   1     3e-46     3e-46  151.6   1.8    20   216     2   266     1   268 0.78 -
1001705at2759_35019_0:0017cb|NODE_11820_length_6199_cov_57.914244:2032-2836   -            269 1001705at2759        -            270   1.4e-48  159.3   1.8   1   1     3e-46     3e-46  151.6   1.8    20   216     2   266     1   268 0.78 -
1001705at2759_48883_0:003412|NODE_11820_length_6199_cov_57.914244:2032-2836   -            269 1001705at2759        -            270   1.4e-48  159.3   1.8   1   1     3e-46     3e-46  151.6   1.8    20   216     2   266     1   268 0.78 -
1001705at2759_6832_0:0018e3|NODE_11820_length_6199_cov_57.914244:2032-2836    -            269 1001705at2759        -            270   1.4e-48  159.3   1.8   1   1     3e-46     3e-46  151.6   1.8    20   216     2   266     1   268 0.78 -
1001705at2759_8932_0:001860|NODE_11820_length_6199_cov_57.914244:2032-2836    -            269 1001705at2759        -            270   1.4e-48  159.3   1.8   1   1     3e-46     3e-46  151.6   1.8    20   216     2   266     1   268 0.78 -
1001705at2759_9157_0:00324b|NODE_11820_length_6199_cov_57.914244:2032-2836    -            269 1001705at2759        -            270   1.4e-48  159.3   1.8   1   1     3e-46     3e-46  151.6   1.8    20   216     2   266     1   268 0.78 -
1001705at2759_9258_0:0005cd|NODE_11820_length_6199_cov_57.914244:2032-2836    -            269 1001705at2759        -            270   1.4e-48  159.3   1.8   1   1     3e-46     3e-46  151.6   1.8    20   216     2   266     1   268 0.78 -
1001705at2759_13037_0:0024cf|NODE_11820_length_6199_cov_57.914244:2032-2833   -            268 1001705at2759        -            270   1.7e-48  159.0   1.8   1   1   3.5e-46   3.5e-46  151.4   1.8    21   216     2   265     1   267 0.78 -
1001705at2759_400682_0:001f1a|NODE_11820_length_6199_cov_57.914244:2032-2833  -            268 1001705at2759        -            270   1.7e-48  159.0   1.8   1   1   3.5e-46   3.5e-46  151.4   1.8    21   216     2   265     1   267 0.78 -
1001705at2759_294128_0:0038c0|NODE_11820_length_6199_cov_57.914244:2047-2845  -            267 1001705at2759        -            270   6.3e-48  157.1   1.5   1   1   1.4e-45   1.4e-45  149.5   1.5    19   214     4   267     2   267 0.78 -
1001705at2759_13249_0:00107d|NODE_11820_length_6199_cov_57.914244:2059-2986   -            297 1001705at2759        -            270   1.2e-45  149.6   1.2   1   1   2.4e-43   2.4e-43  142.1   1.2    14   209    33   296    20   297 0.76 -
1001705at2759_1049336_0:003078|NODE_11820_length_6199_cov_57.914244:2062-2986 -            296 1001705at2759        -            270   2.3e-45  148.7   1.1   1   1   4.5e-43   4.5e-43  141.2   1.1    14   205    33   290    20   296 0.77 -
1001705at2759_48709_0:003eab|NODE_11820_length_6199_cov_57.914244:2077-2833   -            253 1001705at2759        -            270   1.7e-44  145.9   1.4   1   1   3.7e-42   3.7e-42  138.2   1.4    21   205     2   252     1   253 0.77 -
1001705at2759_9713_0:001e36|NODE_11820_length_6199_cov_57.914244:2032-2986    -            253 1001705at2759        -            270   1.3e-42  139.7   1.2   1   2   7.2e-25   7.3e-25   81.5   0.2    13   119    32   148    10   154 0.83 -
1001705at2759_9713_0:001e36|NODE_11820_length_6199_cov_57.914244:2032-2986    -            253 1001705at2759        -            270   1.3e-42  139.7   1.2   2   2   5.6e-17   5.7e-17   55.6   0.1   132   216   141   250   134   252 0.76 -
1001705at2759_72036_0:00105a|NODE_11820_length_6199_cov_57.914244:2032-2986   -            257 1001705at2759        -            270   8.9e-42  137.0   0.5   1   1   8.5e-40   8.5e-40  130.5   0.5    16   216    24   254     4   256 0.80 -
1001705at2759_7200_0:0026d2|NODE_11820_length_6199_cov_57.914244:2032-2986    -            268 1001705at2759        -            270   1.7e-41  136.1   0.7   1   1   1.8e-39   1.8e-39  129.4   0.7    14   216    33   265    20   267 0.81 -
1001705at2759_168631_0:0026f8|NODE_11820_length_6199_cov_57.914244:2113-2986  -            279 1001705at2759        -            270   1.2e-40  133.2   0.6   1   1   2.5e-38   2.5e-38  125.7   0.6    14   195    33   279    20   279 0.76 -
1001705at2759_150288_0:0052b4|NODE_11820_length_6199_cov_57.914244:2176-2986  -            258 1001705at2759        -            270   1.5e-38  126.4   1.0   1   1   4.6e-37   4.6e-37  121.5   0.9    14   173    33   236    20   240 0.79 -
1001705at2759_225164_0:001635|NODE_11820_length_6199_cov_57.914244:2176-2986  -            258 1001705at2759        -            270   1.5e-38  126.4   1.0   1   1   4.6e-37   4.6e-37  121.5   0.9    14   173    33   236    20   240 0.79 -
1001705at2759_76194_0:0022ac|NODE_11820_length_6199_cov_57.914244:2173-2986   -            259 1001705at2759        -            270   1.5e-38  126.4   1.0   1   1   4.7e-37   4.7e-37  121.5   0.9    14   173    33   236    20   240 0.79 -
1001705at2759_6183_0:0014bd|NODE_11820_length_6199_cov_57.914244:2164-2986    -            262 1001705at2759        -            270   1.5e-38  126.4   1.0   1   1   4.9e-37   4.9e-37  121.4   0.9    14   173    33   236    20   240 0.79 -
1001705at2759_225164_0:003d3e|NODE_11820_length_6199_cov_57.914244:2167-2866  -            234 1001705at2759        -            270   1.7e-38  126.2   0.9   1   1   5.2e-37   5.2e-37  121.3   0.9    18   173    10   209     2   213 0.79 -
1001705at2759_9938_0:00145d|NODE_11820_length_6199_cov_57.914244:2032-2731    -            234 1001705at2759        -            270   5.3e-38  124.6   1.8   1   1   1.3e-35   1.3e-35  116.7   1.8    50   216     7   231     2   233 0.77 -
1001705at2759_307959_0:003983|NODE_11820_length_6199_cov_57.914244:2032-2986  -            252 1001705at2759        -            270   6.1e-38  124.4   1.7   1   1   1.4e-35   1.4e-35  116.6   1.7    50   216    25   249    18   251 0.77 -
1001705at2759_321398_0:002d03|NODE_11820_length_6199_cov_57.914244:2032-2986  -            224 1001705at2759        -            270   2.6e-37  122.3   3.0   1   2   1.5e-19   1.5e-19   64.1   0.8    13    81    32   111     6   122 0.85 -
1001705at2759_321398_0:002d03|NODE_11820_length_6199_cov_57.914244:2032-2986  -            224 1001705at2759        -            270   2.6e-37  122.3   3.0   2   2   6.8e-17   6.9e-17   55.4   0.1   143   216   124   221   110   223 0.76 -
1001705at2759_10141_0:003855|NODE_11820_length_6199_cov_57.914244:2032-2695   -            222 1001705at2759        -            270   6.4e-35  114.5   1.0   1   1   1.6e-32   1.6e-32  106.6   1.0    56   216     1   219     1   221 0.77 -
1001705at2759_10224_0:00419c|NODE_11820_length_6199_cov_57.914244:2284-2986   -            222 1001705at2759        -            270   3.1e-32  105.7   0.6   1   1   1.1e-30   1.1e-30  100.6   0.6    14   158    33   221    20   222 0.76 -
1001705at2759_9371_0:000c8c|NODE_11820_length_6199_cov_57.914244:2287-2845    -            187 1001705at2759        -            270   9.6e-32  104.1   0.9   1   1   3.4e-30   3.5e-30   99.0   0.9    19   157     4   186     2   187 0.76 -
1001705at2759_1629725_0:002066|NODE_11820_length_6199_cov_57.914244:2002-2671 -            224 1001705at2759        -            270   8.3e-31  101.0   0.8   1   1   2.1e-28   2.1e-28   93.1   0.8    64   216     1   211     1   219 0.76 -
1001705at2759_307959_0:000d69|NODE_11820_length_6199_cov_57.914244:2158-2719  -            188 1001705at2759        -            270   2.7e-27   89.5   1.0   1   1   8.4e-26   8.4e-26   84.6   1.0    51   173     4   160     1   164 0.78 -
1001705at2759_48709_0:000553|NODE_11820_length_6199_cov_57.914244:2032-2626   -            199 1001705at2759        -            270   3.1e-27   89.3   0.7   1   1   9.7e-25   9.8e-25   81.1   0.7    81   216     7   196     2   198 0.75 -
1001705at2759_1155016_0:002f22|NODE_11820_length_6199_cov_57.914244:2464-2842 -            127 1001705at2759        -            270   4.8e-27   88.7   0.1   1   1     7e-27     7e-27   88.1   0.1    19   115     3   117     1   121 0.85 -
1001705at2759_6185_0:000bef|NODE_11820_length_6199_cov_57.914244:2032-2581    -            184 1001705at2759        -            270   1.8e-24   80.2   0.4   1   1   1.6e-22   1.6e-22   73.8   0.4   112   216    42   181     1   183 0.75 -
1001705at2759_1608454_0:0084d7|NODE_11820_length_6199_cov_57.914244:2032-2548 -            173 1001705at2759        -            270   7.2e-24   78.2   0.2   1   1   1.6e-22   1.6e-22   73.9   0.2   112   216    31   170     1   172 0.79 -
1001705at2759_1155016_0:002ea3|NODE_11820_length_6199_cov_57.914244:2032-2464 -            145 1001705at2759        -            270   7.8e-24   78.1   0.2   1   1   1.4e-22   1.4e-22   74.0   0.2   113   216     4   142     2   144 0.78 -
1001705at2759_10093_0:0042a6|NODE_11820_length_6199_cov_57.914244:2032-2530   -            167 1001705at2759        -            270     1e-23   77.7   0.1   1   1   1.7e-22   1.7e-22   73.8   0.1   112   216    25   164    10   166 0.79 -
1001705at2759_144034_0:000ce4|NODE_11820_length_6199_cov_57.914244:2032-2530  -            167 1001705at2759        -            270     1e-23   77.7   0.1   1   1   1.7e-22   1.7e-22   73.8   0.1   112   216    25   164    10   166 0.79 -
1001705at2759_7962_0:0081d6|NODE_11820_length_6199_cov_57.914244:2032-2530    -            167 1001705at2759        -            270     1e-23   77.7   0.1   1   1   1.7e-22   1.7e-22   73.8   0.1   112   216    25   164    10   166 0.79 -
1001705at2759_85066_0:000a8a|NODE_11820_length_6199_cov_57.914244:2032-2530   -            167 1001705at2759        -            270     1e-23   77.7   0.1   1   1   1.7e-22   1.7e-22   73.8   0.1   112   216    25   164    10   166 0.79 -
1001705at2759_932674_0:002c66|NODE_11820_length_6199_cov_57.914244:2032-2530  -            167 1001705at2759        -            270     1e-23   77.7   0.1   1   1   1.7e-22   1.7e-22   73.8   0.1   112   216    25   164    10   166 0.79 -
1001705at2759_121845_0:003a37|NODE_11820_length_6199_cov_57.914244:2032-2455  -            142 1001705at2759        -            270   1.3e-23   77.4   0.2   1   1   2.3e-22   2.3e-22   73.3   0.2   114   216     2   139     1   141 0.78 -
1001705at2759_9135_0:0039d1|NODE_11820_length_6199_cov_57.914244:2032-2395    -            122 1001705at2759        -            270     3e-19   63.1   0.1   1   1   4.6e-18   4.7e-18   59.2   0.1   129   216     7   119     1   121 0.77 -
1001705at2759_7536_0:001fc7|NODE_11820_length_6199_cov_57.914244:2032-2344    -            105 1001705at2759        -            270   1.1e-18   61.3   0.0   1   1     2e-17     2e-17   57.1   0.0   145   216     7   102     2   104 0.80 -
1001705at2759_10224_0:00393b|NODE_11820_length_6199_cov_57.914244:2032-2284   -             85 1001705at2759        -            270     4e-13   43.0   0.0   1   2      0.56      0.56    3.2   0.0   159   173     1    15     1    22 0.90 -
1001705at2759_10224_0:00393b|NODE_11820_length_6199_cov_57.914244:2032-2284   -             85 1001705at2759        -            270     4e-13   43.0   0.0   2   2   1.2e-11   1.2e-11   38.2   0.0   174   216    31    82    24    84 0.78 -
1001705at2759_197043_0:005ed8|NODE_11820_length_6199_cov_57.914244:2032-2581  -            117 1001705at2759        -            270   7.5e-13   42.1   0.1   1   2      0.49      0.49    3.4   0.0    91   116     2    31     1    48 0.84 -
1001705at2759_197043_0:005ed8|NODE_11820_length_6199_cov_57.914244:2032-2581  -            117 1001705at2759        -            270   7.5e-13   42.1   0.1   2   2   2.8e-11   2.8e-11   37.0   0.0   174   216    63   114    59   116 0.77 -
1001705at2759_407821_0:00646d|NODE_11820_length_6199_cov_57.914244:2032-2197  -             56 1001705at2759        -            270   4.1e-12   39.7   0.0   1   1   4.4e-12   4.4e-12   39.6   0.0   174   216     2    53     1    55 0.76 -
1001705at2759_56086_0:0017ed|NODE_11820_length_6199_cov_57.914244:2032-2161   -             44 1001705at2759        -            270   7.3e-12   38.9   0.0   1   1   8.3e-12   8.3e-12   38.7   0.0   183   216     5    41     2    43 0.89 -
1001705at2759_6945_0:002ad0|NODE_11820_length_6199_cov_57.914244:2032-2164    -             45 1001705at2759        -            270   7.6e-12   38.8   0.0   1   1     9e-12     9e-12   38.6   0.0   183   216     6    42     3    44 0.89 -
1001705at2759_29031_0:0012e2|NODE_11820_length_6199_cov_57.914244:2032-2167   -             46 1001705at2759        -            270     8e-12   38.7   0.0   1   1   9.2e-12   9.2e-12   38.5   0.0   183   216     7    43     3    45 0.89 -
1001705at2759_8208_0:004069|NODE_11820_length_6199_cov_57.914244:2287-2551    -             89 1001705at2759        -            270     2e-06   21.0   0.1   1   1   5.6e-06   5.7e-06   19.6   0.1   112   157    32    88     1    89 0.76 -
1001705at2759_30521_0:001933|NODE_11820_length_6199_cov_57.914244:2341-2578   -             80 1001705at2759        -            270   1.2e-05   18.5   0.1   1   1   0.00012   0.00012   15.3   0.1   111   136    40    65     1    79 0.72 -
1001705at2759_438503_0:001a69|NODE_11820_length_6199_cov_57.914244:2305-2548  -             82 1001705at2759        -            270   2.9e-05   17.3   0.0   1   1   6.3e-05   6.3e-05   16.1   0.0   112   146    31    71     1    81 0.73 -
#
# Program:         hmmsearch
# Version:         3.1b2 (February 2015)
# Pipeline mode:   SEARCH
# Query file:      mb_downloads/eukaryota_odb10/hmms/1001705at2759.hmm
# Target file:     -
# Option settings: /opt/conda/envs/compleasm/bin/hmmsearch --domtblout compleasm/eukaryota_odb10/hmmer_output/1001705at2759.out --cpu 1 mb_downloads/eukaryota_odb10/hmms/1001705at2759.hmm - 
# Current dir:     /in
# Date:            Tue Oct 22 12:39:32 2024
# [ok]
