#                                                                                                                                     --- full sequence --- -------------- this domain -------------   hmm coord   ali coord   env coord
# target name                                                                 accession   tlen query name           accession   qlen   E-value  score  bias   #  of  c-Evalue  i-Evalue  score  bias  from    to  from    to  from    to  acc description of target
#                                                         ------------------- ---------- ----- -------------------- ---------- ----- --------- ------ ----- --- --- --------- --------- ------ ----- ----- ----- ----- ----- ----- ----- ---- ---------------------
1030907at2759_1676925_0:004ca7|NODE_65_length_38452_cov_67.054827:18538-19477 -            314 1030907at2759        -            285   5.2e-74  242.1   0.7   1   1   6.3e-74   6.3e-74  241.9   0.7     3   275    11   293     9   300 0.92 -
1030907at2759_246437_0:004894|NODE_65_length_38452_cov_67.054827:18538-19477  -            314 1030907at2759        -            285   5.2e-74  242.1   0.7   1   1   6.3e-74   6.3e-74  241.9   0.7     3   275    11   293     9   300 0.92 -
1030907at2759_7244_0:0026a0|NODE_65_length_38452_cov_67.054827:18535-19477    -            315 1030907at2759        -            285   5.2e-74  242.1   0.7   1   1   6.3e-74   6.3e-74  241.8   0.7     3   275    12   294    10   301 0.92 -
1030907at2759_8019_0:0050c6|NODE_65_length_38452_cov_67.054827:18541-19423    -            295 1030907at2759        -            285   5.5e-74  242.1   0.4   1   1   6.6e-74   6.6e-74  241.8   0.4     3   274    10   291     8   294 0.92 -
1030907at2759_7282_0:00168d|NODE_65_length_38452_cov_67.054827:18535-19498    -            322 1030907at2759        -            285   5.7e-74  242.0   0.7   1   1   6.9e-74   6.9e-74  241.7   0.7     3   275    12   294    10   301 0.92 -
1030907at2759_146911_0:002b72|NODE_65_length_38452_cov_67.054827:18538-19504  -            323 1030907at2759        -            285   5.7e-74  242.0   0.7   1   1     7e-74     7e-74  241.7   0.7     3   275    11   293     9   300 0.92 -
1030907at2759_7230_0:0028b7|NODE_65_length_38452_cov_67.054827:18535-19510    -            325 1030907at2759        -            285   5.8e-74  242.0   0.7   1   1   7.1e-74   7.1e-74  241.7   0.7     3   275    12   294    10   301 0.92 -
1030907at2759_29029_0:0032c1|NODE_65_length_38452_cov_67.054827:18526-19498   -            325 1030907at2759        -            285   5.8e-74  242.0   0.7   1   1   7.1e-74   7.1e-74  241.7   0.7     3   275    15   297    13   304 0.92 -
1030907at2759_30025_0:00311d|NODE_65_length_38452_cov_67.054827:18526-19498   -            325 1030907at2759        -            285   5.8e-74  242.0   0.7   1   1   7.1e-74   7.1e-74  241.7   0.7     3   275    15   297    13   304 0.92 -
1030907at2759_30019_0:00297e|NODE_65_length_38452_cov_67.054827:18538-19420   -            295 1030907at2759        -            285   5.9e-74  241.9   0.4   1   1   6.6e-74   6.6e-74  241.8   0.4     3   274    11   292     9   295 0.92 -
1030907at2759_7224_0:002a40|NODE_65_length_38452_cov_67.054827:18535-19420    -            296 1030907at2759        -            285     6e-74  241.9   0.4   1   1   6.7e-74   6.7e-74  241.8   0.4     3   274    12   293    10   296 0.92 -
1030907at2759_7274_0:000bae|NODE_65_length_38452_cov_67.054827:18568-19450    -            295 1030907at2759        -            285   1.1e-73  241.1   1.5   1   1   1.3e-73   1.3e-73  240.8   1.5     4   275     2   283     1   289 0.92 -
1030907at2759_7260_0:002bc2|NODE_65_length_38452_cov_67.054827:18568-19456    -            297 1030907at2759        -            285   1.1e-73  241.1   1.5   1   1   1.3e-73   1.3e-73  240.8   1.5     4   275     2   283     1   289 0.92 -
1030907at2759_294128_0:0015b1|NODE_65_length_38452_cov_67.054827:18568-19420  -            285 1030907at2759        -            285   1.2e-73  241.0   1.1   1   1   1.3e-73   1.3e-73  240.8   1.1     4   274     2   282     1   285 0.92 -
1030907at2759_7245_0:001fe5|NODE_65_length_38452_cov_67.054827:18568-19420    -            285 1030907at2759        -            285   1.2e-73  241.0   1.1   1   1   1.3e-73   1.3e-73  240.8   1.1     4   274     2   282     1   285 0.92 -
1030907at2759_7220_0:000900|NODE_65_length_38452_cov_67.054827:18568-19477    -            304 1030907at2759        -            285   1.2e-73  240.9   1.5   1   1   1.4e-73   1.4e-73  240.7   1.5     4   275     2   283     1   290 0.92 -
1030907at2759_7237_0:000aeb|NODE_65_length_38452_cov_67.054827:18535-19414    -            294 1030907at2759        -            285   1.3e-73  240.8   0.7   1   1   1.4e-73   1.4e-73  240.7   0.7     3   271    12   291    10   294 0.92 -
1030907at2759_1041015_0:002c83|NODE_65_length_38452_cov_67.054827:18568-19498 -            311 1030907at2759        -            285   1.3e-73  240.8   1.5   1   1   1.6e-73   1.6e-73  240.5   1.5     4   275     2   283     1   290 0.92 -
1030907at2759_133434_0:002346|NODE_65_length_38452_cov_67.054827:18568-19510  -            314 1030907at2759        -            285   1.4e-73  240.8   1.5   1   1   1.6e-73   1.6e-73  240.5   1.5     4   275     2   283     1   290 0.92 -
1030907at2759_30023_0:001ed6|NODE_65_length_38452_cov_67.054827:18568-19510   -            314 1030907at2759        -            285   1.4e-73  240.8   1.5   1   1   1.6e-73   1.6e-73  240.5   1.5     4   275     2   283     1   290 0.92 -
1030907at2759_37653_0:002943|NODE_65_length_38452_cov_67.054827:18568-19510   -            314 1030907at2759        -            285   1.4e-73  240.8   1.5   1   1   1.6e-73   1.6e-73  240.5   1.5     4   275     2   283     1   290 0.92 -
1030907at2759_6183_0:00155f|NODE_65_length_38452_cov_67.054827:18568-19510    -            314 1030907at2759        -            285   1.4e-73  240.8   1.5   1   1   1.6e-73   1.6e-73  240.5   1.5     4   275     2   283     1   290 0.92 -
1030907at2759_6198_0:00063a|NODE_65_length_38452_cov_67.054827:18568-19510    -            314 1030907at2759        -            285   1.4e-73  240.8   1.5   1   1   1.6e-73   1.6e-73  240.5   1.5     4   275     2   283     1   290 0.92 -
1030907at2759_326594_0:001031|NODE_65_length_38452_cov_67.054827:18571-19429  -            287 1030907at2759        -            285   1.9e-73  240.3   1.4   1   1     2e-73     2e-73  240.2   1.4     5   275     2   282     1   287 0.92 -
1030907at2759_34638_0:0018af|NODE_65_length_38452_cov_67.054827:18571-19450   -            294 1030907at2759        -            285   1.9e-73  240.3   1.5   1   1   2.2e-73   2.2e-73  240.0   1.5     5   275     2   282     1   288 0.92 -
1030907at2759_10224_0:0023c1|NODE_65_length_38452_cov_67.054827:18571-19456   -            296 1030907at2759        -            285   1.9e-73  240.3   1.5   1   1   2.3e-73   2.3e-73  240.0   1.5     5   275     2   282     1   288 0.92 -
1030907at2759_9978_0:004213|NODE_65_length_38452_cov_67.054827:18571-19456    -            296 1030907at2759        -            285   1.9e-73  240.3   1.5   1   1   2.3e-73   2.3e-73  240.0   1.5     5   275     2   282     1   288 0.92 -
1030907at2759_105023_0:00326d|NODE_65_length_38452_cov_67.054827:18571-19423  -            285 1030907at2759        -            285   1.9e-73  240.3   1.1   1   1   2.3e-73   2.3e-73  240.0   1.1     5   274     2   281     1   284 0.92 -
1030907at2759_125878_0:00008b|NODE_65_length_38452_cov_67.054827:18571-19423  -            285 1030907at2759        -            285   1.9e-73  240.3   1.1   1   1   2.3e-73   2.3e-73  240.0   1.1     5   274     2   281     1   284 0.92 -
1030907at2759_144197_0:004db0|NODE_65_length_38452_cov_67.054827:18571-19423  -            285 1030907at2759        -            285   1.9e-73  240.3   1.1   1   1   2.3e-73   2.3e-73  240.0   1.1     5   274     2   281     1   284 0.92 -
1030907at2759_30732_0:002d0f|NODE_65_length_38452_cov_67.054827:18571-19423   -            285 1030907at2759        -            285   1.9e-73  240.3   1.1   1   1   2.3e-73   2.3e-73  240.0   1.1     5   274     2   281     1   284 0.92 -
1030907at2759_37003_0:003f6a|NODE_65_length_38452_cov_67.054827:18571-19423   -            285 1030907at2759        -            285   1.9e-73  240.3   1.1   1   1   2.3e-73   2.3e-73  240.0   1.1     5   274     2   281     1   284 0.92 -
1030907at2759_6945_0:003d3e|NODE_65_length_38452_cov_67.054827:18568-19417    -            284 1030907at2759        -            285   2.1e-73  240.2   1.4   1   1   2.3e-73   2.3e-73  240.0   1.4     4   272     2   281     1   284 0.92 -
1030907at2759_29159_0:003a5e|NODE_65_length_38452_cov_67.054827:18571-19420   -            284 1030907at2759        -            285   2.1e-73  240.2   1.1   1   1   2.3e-73   2.3e-73  240.0   1.1     5   274     2   281     1   284 0.92 -
1030907at2759_10093_0:004a0d|NODE_65_length_38452_cov_67.054827:18571-19477   -            303 1030907at2759        -            285   2.1e-73  240.1   1.5   1   1   2.5e-73   2.5e-73  239.9   1.5     5   275     2   282     1   289 0.92 -
1030907at2759_103695_0:0036a5|NODE_65_length_38452_cov_67.054827:18571-19477  -            303 1030907at2759        -            285   2.1e-73  240.1   1.5   1   1   2.5e-73   2.5e-73  239.9   1.5     5   275     2   282     1   289 0.92 -
1030907at2759_113540_0:002692|NODE_65_length_38452_cov_67.054827:18571-19477  -            303 1030907at2759        -            285   2.1e-73  240.1   1.5   1   1   2.5e-73   2.5e-73  239.9   1.5     5   275     2   282     1   289 0.92 -
1030907at2759_1230840_0:00022e|NODE_65_length_38452_cov_67.054827:18571-19477 -            303 1030907at2759        -            285   2.1e-73  240.1   1.5   1   1   2.5e-73   2.5e-73  239.9   1.5     5   275     2   282     1   289 0.92 -
1030907at2759_1415176_0:00069a|NODE_65_length_38452_cov_67.054827:18571-19477 -            303 1030907at2759        -            285   2.1e-73  240.1   1.5   1   1   2.5e-73   2.5e-73  239.9   1.5     5   275     2   282     1   289 0.92 -
1030907at2759_185453_0:0012f5|NODE_65_length_38452_cov_67.054827:18571-19477  -            303 1030907at2759        -            285   2.1e-73  240.1   1.5   1   1   2.5e-73   2.5e-73  239.9   1.5     5   275     2   282     1   289 0.92 -
1030907at2759_28377_0:003348|NODE_65_length_38452_cov_67.054827:18571-19477   -            303 1030907at2759        -            285   2.1e-73  240.1   1.5   1   1   2.5e-73   2.5e-73  239.9   1.5     5   275     2   282     1   289 0.92 -
1030907at2759_29078_0:00371b|NODE_65_length_38452_cov_67.054827:18571-19477   -            303 1030907at2759        -            285   2.1e-73  240.1   1.5   1   1   2.5e-73   2.5e-73  239.9   1.5     5   275     2   282     1   289 0.92 -
1030907at2759_30419_0:000589|NODE_65_length_38452_cov_67.054827:18571-19477   -            303 1030907at2759        -            285   2.1e-73  240.1   1.5   1   1   2.5e-73   2.5e-73  239.9   1.5     5   275     2   282     1   289 0.92 -
1030907at2759_31033_0:0002e6|NODE_65_length_38452_cov_67.054827:18571-19477   -            303 1030907at2759        -            285   2.1e-73  240.1   1.5   1   1   2.5e-73   2.5e-73  239.9   1.5     5   275     2   282     1   289 0.92 -
1030907at2759_379532_0:000be5|NODE_65_length_38452_cov_67.054827:18571-19477  -            303 1030907at2759        -            285   2.1e-73  240.1   1.5   1   1   2.5e-73   2.5e-73  239.9   1.5     5   275     2   282     1   289 0.92 -
1030907at2759_38626_0:00488a|NODE_65_length_38452_cov_67.054827:18571-19477   -            303 1030907at2759        -            285   2.1e-73  240.1   1.5   1   1   2.5e-73   2.5e-73  239.9   1.5     5   275     2   282     1   289 0.92 -
1030907at2759_42514_0:003065|NODE_65_length_38452_cov_67.054827:18571-19477   -            303 1030907at2759        -            285   2.1e-73  240.1   1.5   1   1   2.5e-73   2.5e-73  239.9   1.5     5   275     2   282     1   289 0.92 -
1030907at2759_48698_0:00049b|NODE_65_length_38452_cov_67.054827:18571-19477   -            303 1030907at2759        -            285   2.1e-73  240.1   1.5   1   1   2.5e-73   2.5e-73  239.9   1.5     5   275     2   282     1   289 0.92 -
1030907at2759_7897_0:001cf4|NODE_65_length_38452_cov_67.054827:18571-19477    -            303 1030907at2759        -            285   2.1e-73  240.1   1.5   1   1   2.5e-73   2.5e-73  239.9   1.5     5   275     2   282     1   289 0.92 -
1030907at2759_7918_0:002e6a|NODE_65_length_38452_cov_67.054827:18571-19477    -            303 1030907at2759        -            285   2.1e-73  240.1   1.5   1   1   2.5e-73   2.5e-73  239.9   1.5     5   275     2   282     1   289 0.92 -
1030907at2759_7962_0:002ec7|NODE_65_length_38452_cov_67.054827:18571-19477    -            303 1030907at2759        -            285   2.1e-73  240.1   1.5   1   1   2.5e-73   2.5e-73  239.9   1.5     5   275     2   282     1   289 0.92 -
1030907at2759_7998_0:002c3d|NODE_65_length_38452_cov_67.054827:18571-19477    -            303 1030907at2759        -            285   2.1e-73  240.1   1.5   1   1   2.5e-73   2.5e-73  239.9   1.5     5   275     2   282     1   289 0.92 -
1030907at2759_8355_0:0066c0|NODE_65_length_38452_cov_67.054827:18571-19477    -            303 1030907at2759        -            285   2.1e-73  240.1   1.5   1   1   2.5e-73   2.5e-73  239.9   1.5     5   275     2   282     1   289 0.92 -
1030907at2759_89399_0:0028aa|NODE_65_length_38452_cov_67.054827:18571-19477   -            303 1030907at2759        -            285   2.1e-73  240.1   1.5   1   1   2.5e-73   2.5e-73  239.9   1.5     5   275     2   282     1   289 0.92 -
1030907at2759_9258_0:0000ff|NODE_65_length_38452_cov_67.054827:18571-19477    -            303 1030907at2759        -            285   2.1e-73  240.1   1.5   1   1   2.5e-73   2.5e-73  239.9   1.5     5   275     2   282     1   289 0.92 -
1030907at2759_9361_0:000baf|NODE_65_length_38452_cov_67.054827:18571-19477    -            303 1030907at2759        -            285   2.1e-73  240.1   1.5   1   1   2.5e-73   2.5e-73  239.9   1.5     5   275     2   282     1   289 0.92 -
1030907at2759_9365_0:00236c|NODE_65_length_38452_cov_67.054827:18571-19477    -            303 1030907at2759        -            285   2.1e-73  240.1   1.5   1   1   2.5e-73   2.5e-73  239.9   1.5     5   275     2   282     1   289 0.92 -
1030907at2759_9371_0:002183|NODE_65_length_38452_cov_67.054827:18571-19477    -            303 1030907at2759        -            285   2.1e-73  240.1   1.5   1   1   2.5e-73   2.5e-73  239.9   1.5     5   275     2   282     1   289 0.92 -
1030907at2759_9407_0:003868|NODE_65_length_38452_cov_67.054827:18571-19477    -            303 1030907at2759        -            285   2.1e-73  240.1   1.5   1   1   2.5e-73   2.5e-73  239.9   1.5     5   275     2   282     1   289 0.92 -
1030907at2759_9531_0:002cd9|NODE_65_length_38452_cov_67.054827:18571-19477    -            303 1030907at2759        -            285   2.1e-73  240.1   1.5   1   1   2.5e-73   2.5e-73  239.9   1.5     5   275     2   282     1   289 0.92 -
1030907at2759_9555_0:001061|NODE_65_length_38452_cov_67.054827:18571-19477    -            303 1030907at2759        -            285   2.1e-73  240.1   1.5   1   1   2.5e-73   2.5e-73  239.9   1.5     5   275     2   282     1   289 0.92 -
1030907at2759_9606_0:002029|NODE_65_length_38452_cov_67.054827:18571-19477    -            303 1030907at2759        -            285   2.1e-73  240.1   1.5   1   1   2.5e-73   2.5e-73  239.9   1.5     5   275     2   282     1   289 0.92 -
1030907at2759_9733_0:00133c|NODE_65_length_38452_cov_67.054827:18571-19477    -            303 1030907at2759        -            285   2.1e-73  240.1   1.5   1   1   2.5e-73   2.5e-73  239.9   1.5     5   275     2   282     1   289 0.92 -
1030907at2759_9925_0:004394|NODE_65_length_38452_cov_67.054827:18571-19477    -            303 1030907at2759        -            285   2.1e-73  240.1   1.5   1   1   2.5e-73   2.5e-73  239.9   1.5     5   275     2   282     1   289 0.92 -
1030907at2759_6565_0:001765|NODE_65_length_38452_cov_67.054827:18571-19489    -            307 1030907at2759        -            285   2.2e-73  240.1   1.5   1   1   2.7e-73   2.7e-73  239.8   1.5     5   275     2   282     1   289 0.92 -
1030907at2759_37344_0:001588|NODE_65_length_38452_cov_67.054827:18571-19501   -            311 1030907at2759        -            285   2.3e-73  240.0   1.5   1   1   2.8e-73   2.8e-73  239.7   1.5     5   275     2   282     1   289 0.92 -
1030907at2759_441921_0:000f95|NODE_65_length_38452_cov_67.054827:18571-19501  -            311 1030907at2759        -            285   2.3e-73  240.0   1.5   1   1   2.8e-73   2.8e-73  239.7   1.5     5   275     2   282     1   289 0.92 -
1030907at2759_103944_0:002c20|NODE_65_length_38452_cov_67.054827:18571-19504  -            312 1030907at2759        -            285   2.3e-73  240.0   1.5   1   1   2.8e-73   2.8e-73  239.7   1.5     5   275     2   282     1   289 0.92 -
1030907at2759_109280_0:00011d|NODE_65_length_38452_cov_67.054827:18571-19504  -            312 1030907at2759        -            285   2.3e-73  240.0   1.5   1   1   2.8e-73   2.8e-73  239.7   1.5     5   275     2   282     1   289 0.92 -
1030907at2759_244447_0:001b8d|NODE_65_length_38452_cov_67.054827:18571-19504  -            312 1030907at2759        -            285   2.3e-73  240.0   1.5   1   1   2.8e-73   2.8e-73  239.7   1.5     5   275     2   282     1   289 0.92 -
1030907at2759_62625_0:000dbb|NODE_65_length_38452_cov_67.054827:18571-19510   -            313 1030907at2759        -            285   2.4e-73  240.0   1.5   1   1   2.9e-73   2.9e-73  239.7   1.5     5   275     2   282     1   289 0.92 -
1030907at2759_7574_0:0008e2|NODE_65_length_38452_cov_67.054827:18571-19510    -            313 1030907at2759        -            285   2.4e-73  240.0   1.5   1   1   2.9e-73   2.9e-73  239.7   1.5     5   275     2   282     1   289 0.92 -
1030907at2759_88015_0:001242|NODE_65_length_38452_cov_67.054827:18571-19510   -            313 1030907at2759        -            285   2.4e-73  240.0   1.5   1   1   2.9e-73   2.9e-73  239.7   1.5     5   275     2   282     1   289 0.92 -
1030907at2759_6573_0:004e9b|NODE_65_length_38452_cov_67.054827:18571-19417    -            283 1030907at2759        -            285   3.6e-73  239.4   1.4   1   1     4e-73     4e-73  239.2   1.4     5   272     2   280     1   283 0.92 -
1030907at2759_7739_0:001bac|NODE_65_length_38452_cov_67.054827:18571-19411    -            281 1030907at2759        -            285   9.3e-73  238.0   2.0   1   1     1e-72     1e-72  237.9   2.0     5   270     2   278     1   281 0.93 -
1030907at2759_7741_0:000ce6|NODE_65_length_38452_cov_67.054827:18571-19411    -            281 1030907at2759        -            285   9.3e-73  238.0   2.0   1   1     1e-72     1e-72  237.9   2.0     5   270     2   278     1   281 0.93 -
1030907at2759_51031_0:003415|NODE_65_length_38452_cov_67.054827:18568-19402   -            279 1030907at2759        -            285   9.4e-73  238.0   1.7   1   1   1.1e-72   1.1e-72  237.8   1.7     4   270     2   279     1   279 0.93 -
1030907at2759_418985_0:00022b|NODE_65_length_38452_cov_67.054827:18571-19405  -            279 1030907at2759        -            285   1.5e-72  237.4   1.8   1   1   1.6e-72   1.6e-72  237.2   1.8     5   270     2   278     1   279 0.93 -
1030907at2759_74940_0:00631b|NODE_65_length_38452_cov_67.054827:18541-19366   -            276 1030907at2759        -            285   8.2e-70  228.4   0.8   1   1   9.2e-70   9.2e-70  228.2   0.8     3   258    10   275     8   276 0.93 -
1030907at2759_125945_0:00127f|NODE_65_length_38452_cov_67.054827:18568-19366  -            267 1030907at2759        -            285   2.1e-69  227.0   1.8   1   1   2.3e-69   2.3e-69  226.9   1.8     4   258     2   266     1   267 0.93 -
1030907at2759_150288_0:002126|NODE_65_length_38452_cov_67.054827:18571-19366  -            266 1030907at2759        -            285   3.6e-69  226.2   1.8   1   1     4e-69     4e-69  226.1   1.8     5   258     2   265     1   266 0.93 -
1030907at2759_307959_0:007289|NODE_65_length_38452_cov_67.054827:18571-19366  -            266 1030907at2759        -            285   3.6e-69  226.2   1.8   1   1     4e-69     4e-69  226.1   1.8     5   258     2   265     1   266 0.93 -
1030907at2759_43346_0:00067a|NODE_65_length_38452_cov_67.054827:18571-19366   -            266 1030907at2759        -            285   3.6e-69  226.2   1.8   1   1     4e-69     4e-69  226.1   1.8     5   258     2   265     1   266 0.93 -
1030907at2759_9749_0:00433f|NODE_65_length_38452_cov_67.054827:18571-19366    -            266 1030907at2759        -            285   3.6e-69  226.2   1.8   1   1     4e-69     4e-69  226.1   1.8     5   258     2   265     1   266 0.93 -
1030907at2759_9796_0:003004|NODE_65_length_38452_cov_67.054827:18571-19366    -            266 1030907at2759        -            285   3.6e-69  226.2   1.8   1   1     4e-69     4e-69  226.1   1.8     5   258     2   265     1   266 0.93 -
1030907at2759_9940_0:004804|NODE_65_length_38452_cov_67.054827:18571-19366    -            266 1030907at2759        -            285   3.6e-69  226.2   1.8   1   1     4e-69     4e-69  226.1   1.8     5   258     2   265     1   266 0.93 -
1030907at2759_328815_0:000866|NODE_65_length_38452_cov_67.054827:18622-19477  -            286 1030907at2759        -            285     5e-67  219.2   0.7   1   1   6.1e-67   6.1e-67  218.9   0.7    21   275     1   265     1   272 0.92 -
1030907at2759_35019_0:0047de|NODE_65_length_38452_cov_67.054827:18631-19504   -            292 1030907at2759        -            285   5.9e-64  209.1   0.6   1   1   7.1e-64   7.1e-64  208.9   0.6    25   275     2   262     1   269 0.91 -
1030907at2759_37621_0:000834|NODE_65_length_38452_cov_67.054827:18631-19510   -            293 1030907at2759        -            285   5.9e-64  209.1   0.6   1   1   7.2e-64   7.2e-64  208.9   0.6    25   275     2   262     1   269 0.91 -
1030907at2759_321398_0:001234|NODE_65_length_38452_cov_67.054827:18643-19477  -            279 1030907at2759        -            285   2.6e-61  200.5   0.7   1   1   3.2e-61   3.2e-61  200.2   0.7    28   275     1   258     1   265 0.91 -
1030907at2759_381198_0:000ea0|NODE_65_length_38452_cov_67.054827:18643-19477  -            279 1030907at2759        -            285   2.6e-61  200.5   0.7   1   1   3.2e-61   3.2e-61  200.2   0.7    28   275     1   258     1   265 0.91 -
1030907at2759_39432_0:004854|NODE_65_length_38452_cov_67.054827:18643-19477   -            279 1030907at2759        -            285   2.6e-61  200.5   0.7   1   1   3.2e-61   3.2e-61  200.2   0.7    28   275     1   258     1   265 0.91 -
1030907at2759_94835_0:001ccb|NODE_65_length_38452_cov_67.054827:18643-19477   -            279 1030907at2759        -            285   2.6e-61  200.5   0.7   1   1   3.2e-61   3.2e-61  200.2   0.7    28   275     1   258     1   265 0.91 -
1030907at2759_8932_0:001587|NODE_65_length_38452_cov_67.054827:18649-19477    -            277 1030907at2759        -            285   1.5e-60  198.0   0.6   1   1   1.8e-60   1.8e-60  197.7   0.6    30   275     1   256     1   263 0.91 -
1030907at2759_198806_0:001973|NODE_65_length_38452_cov_67.054827:18652-19477  -            276 1030907at2759        -            285   4.8e-60  196.3   0.5   1   1   5.8e-60   5.8e-60  196.0   0.5    31   275     1   255     1   262 0.91 -
1030907at2759_216574_0:001575|NODE_65_length_38452_cov_67.054827:18652-19477  -            276 1030907at2759        -            285   4.8e-60  196.3   0.5   1   1   5.8e-60   5.8e-60  196.0   0.5    31   275     1   255     1   262 0.91 -
1030907at2759_291302_0:002ca7|NODE_65_length_38452_cov_67.054827:18652-19477  -            276 1030907at2759        -            285   4.8e-60  196.3   0.5   1   1   5.8e-60   5.8e-60  196.0   0.5    31   275     1   255     1   262 0.91 -
1030907at2759_885580_0:0003fa|NODE_65_length_38452_cov_67.054827:18652-19477  -            276 1030907at2759        -            285   4.8e-60  196.3   0.5   1   1   5.8e-60   5.8e-60  196.0   0.5    31   275     1   255     1   262 0.91 -
1030907at2759_89462_0:004fe9|NODE_65_length_38452_cov_67.054827:18652-19477   -            276 1030907at2759        -            285   4.8e-60  196.3   0.5   1   1   5.8e-60   5.8e-60  196.0   0.5    31   275     1   255     1   262 0.91 -
1030907at2759_9785_0:00330e|NODE_65_length_38452_cov_67.054827:18652-19477    -            276 1030907at2759        -            285   4.8e-60  196.3   0.5   1   1   5.8e-60   5.8e-60  196.0   0.5    31   275     1   255     1   262 0.91 -
1030907at2759_9793_0:001a4c|NODE_65_length_38452_cov_67.054827:18652-19477    -            276 1030907at2759        -            285   4.8e-60  196.3   0.5   1   1   5.8e-60   5.8e-60  196.0   0.5    31   275     1   255     1   262 0.91 -
1030907at2759_8255_0:001305|NODE_65_length_38452_cov_67.054827:18652-19423    -            258 1030907at2759        -            285   5.1e-60  196.2   0.3   1   1   6.2e-60   6.2e-60  196.0   0.3    31   274     1   254     1   257 0.91 -
1030907at2759_10020_0:0029e1|NODE_65_length_38452_cov_67.054827:18658-19477   -            274 1030907at2759        -            285   2.8e-59  193.8   0.6   1   1   3.4e-59   3.4e-59  193.5   0.6    34   275     2   253     1   260 0.91 -
1030907at2759_310752_0:00162f|NODE_65_length_38452_cov_67.054827:18658-19477  -            274 1030907at2759        -            285   2.8e-59  193.8   0.6   1   1   3.4e-59   3.4e-59  193.5   0.6    34   275     2   253     1   260 0.91 -
1030907at2759_34882_0:001644|NODE_65_length_38452_cov_67.054827:18658-19477   -            274 1030907at2759        -            285   2.8e-59  193.8   0.6   1   1   3.4e-59   3.4e-59  193.5   0.6    34   275     2   253     1   260 0.91 -
1030907at2759_42254_0:00388e|NODE_65_length_38452_cov_67.054827:18658-19477   -            274 1030907at2759        -            285   2.8e-59  193.8   0.6   1   1   3.4e-59   3.4e-59  193.5   0.6    34   275     2   253     1   260 0.91 -
1030907at2759_54374_0:00283f|NODE_65_length_38452_cov_67.054827:18658-19477   -            274 1030907at2759        -            285   2.8e-59  193.8   0.6   1   1   3.4e-59   3.4e-59  193.5   0.6    34   275     2   253     1   260 0.91 -
1030907at2759_9568_0:00145d|NODE_65_length_38452_cov_67.054827:18658-19477    -            274 1030907at2759        -            285   2.8e-59  193.8   0.6   1   1   3.4e-59   3.4e-59  193.5   0.6    34   275     2   253     1   260 0.91 -
1030907at2759_9595_0:0020b2|NODE_65_length_38452_cov_67.054827:18658-19477    -            274 1030907at2759        -            285   2.8e-59  193.8   0.6   1   1   3.4e-59   3.4e-59  193.5   0.6    34   275     2   253     1   260 0.91 -
1030907at2759_1868482_0:0008ff|NODE_65_length_38452_cov_67.054827:18658-19483 -            276 1030907at2759        -            285   2.9e-59  193.8   0.6   1   1   3.4e-59   3.4e-59  193.5   0.6    34   275     2   253     1   260 0.91 -
1030907at2759_30538_0:002b18|NODE_65_length_38452_cov_67.054827:18658-19408   -            251 1030907at2759        -            285   1.1e-58  191.8   0.7   1   1   1.2e-58   1.2e-58  191.7   0.7    34   270     2   249     1   251 0.92 -
1030907at2759_482537_0:000808|NODE_65_length_38452_cov_67.054827:18640-19366  -            243 1030907at2759        -            285   8.6e-58  188.9   0.6   1   1   9.6e-58   9.6e-58  188.8   0.6    27   258     1   242     1   243 0.93 -
1030907at2759_13616_0:003fb1|NODE_65_length_38452_cov_67.054827:18679-19477   -            267 1030907at2759        -            285   1.5e-57  188.1   0.6   1   1   1.9e-57   1.9e-57  187.8   0.6    41   275     2   246     1   253 0.91 -
1030907at2759_59894_0:0025d6|NODE_65_length_38452_cov_67.054827:18679-19477   -            267 1030907at2759        -            285   1.5e-57  188.1   0.6   1   1   1.9e-57   1.9e-57  187.8   0.6    41   275     2   246     1   253 0.91 -
1030907at2759_9157_0:002767|NODE_65_length_38452_cov_67.054827:18679-19477    -            267 1030907at2759        -            285   1.5e-57  188.1   0.6   1   1   1.9e-57   1.9e-57  187.8   0.6    41   275     2   246     1   253 0.91 -
1030907at2759_10141_0:002656|NODE_65_length_38452_cov_67.054827:18571-19276   -            236 1030907at2759        -            285     2e-57  187.7   1.6   1   1   2.2e-57   2.2e-57  187.6   1.6     5   230     2   236     1   236 0.93 -
1030907at2759_59538_0:006020|NODE_65_length_38452_cov_67.054827:18658-19345   -            230 1030907at2759        -            285   4.3e-52  170.2   0.8   1   1   4.8e-52   4.8e-52  170.0   0.8    34   252     2   230     1   230 0.93 -
1030907at2759_9798_0:0048ce|NODE_65_length_38452_cov_67.054827:18694-19366    -            225 1030907at2759        -            285   1.2e-51  168.8   0.5   1   1   1.3e-51   1.3e-51  168.6   0.5    45   258     1   224     1   225 0.93 -
1030907at2759_9974_0:001501|NODE_65_length_38452_cov_67.054827:18811-19456    -            216 1030907at2759        -            285   8.8e-47  152.8   0.1   1   1     1e-46     1e-46  152.5   0.1    83   275     3   202     1   208 0.92 -
1030907at2759_259920_0:003bfb|NODE_65_length_38452_cov_67.054827:18817-19456  -            214 1030907at2759        -            285   1.6e-46  151.9   0.1   1   1   1.9e-46   1.9e-46  151.7   0.1    84   275     2   200     1   206 0.92 -
1030907at2759_419612_0:0002d1|NODE_65_length_38452_cov_67.054827:18820-19477  -            220 1030907at2759        -            285   2.2e-46  151.5   0.1   1   1   2.6e-46   2.6e-46  151.2   0.1    84   275     1   199     1   206 0.92 -
1030907at2759_6850_0:005444|NODE_65_length_38452_cov_67.054827:18937-19510    -            191 1030907at2759        -            285   2.9e-43  141.2   0.1   1   1   3.5e-43   3.5e-43  141.0   0.1   126   275     1   160     1   167 0.92 -
1030907at2759_30521_0:004ad2|NODE_65_length_38452_cov_67.054827:18718-19285   -            190 1030907at2759        -            285   3.4e-39  127.9   0.7   1   1   3.7e-39   3.7e-39  127.7   0.7    54   233     2   190     1   190 0.92 -
1030907at2759_132908_0:00386e|NODE_65_length_38452_cov_67.054827:19054-19477  -            142 1030907at2759        -            285   8.1e-37  120.1   0.1   1   1   9.6e-37   9.6e-37  119.8   0.1   162   275     1   121     1   128 0.92 -
1030907at2759_9361_0:004ed7|NODE_65_length_38452_cov_67.054827:19054-19477    -            142 1030907at2759        -            285   8.1e-37  120.1   0.1   1   1   9.6e-37   9.6e-37  119.8   0.1   162   275     1   121     1   128 0.92 -
1030907at2759_8208_0:001435|NODE_65_length_38452_cov_67.054827:19096-19366    -             91 1030907at2759        -            285   1.4e-25   83.2   0.1   1   1   1.5e-25   1.5e-25   83.1   0.1   176   259     1    91     1    91 0.97 -
#
# Program:         hmmsearch
# Version:         3.1b2 (February 2015)
# Pipeline mode:   SEARCH
# Query file:      mb_downloads/eukaryota_odb10/hmms/1030907at2759.hmm
# Target file:     -
# Option settings: /opt/conda/envs/compleasm/bin/hmmsearch --domtblout compleasm/eukaryota_odb10/hmmer_output/1030907at2759.out --cpu 1 mb_downloads/eukaryota_odb10/hmms/1030907at2759.hmm - 
# Current dir:     /in
# Date:            Tue Oct 22 12:38:53 2024
# [ok]
