#                                                                                                                                      --- full sequence --- -------------- this domain -------------   hmm coord   ali coord   env coord
# target name                                                                  accession   tlen query name           accession   qlen   E-value  score  bias   #  of  c-Evalue  i-Evalue  score  bias  from    to  from    to  from    to  acc description of target
#                                                          ------------------- ---------- ----- -------------------- ---------- ----- --------- ------ ----- --- --- --------- --------- ------ ----- ----- ----- ----- ----- ----- ----- ---- ---------------------
1087488at2759_6198_0:0003cc|NODE_745_length_16838_cov_77.734741:11501-12985    -            413 1087488at2759        -            286   1.2e-40  129.2  11.6   1   2   1.9e-06     2e-06   16.9   0.1     1    46    15    60    15    73 0.77 -
1087488at2759_6198_0:0003cc|NODE_745_length_16838_cov_77.734741:11501-12985    -            413 1087488at2759        -            286   1.2e-40  129.2  11.6   2   2   1.7e-35   1.8e-35  112.2   7.3    13   285    72   412    68   413 0.77 -
1087488at2759_6210_0:002896|NODE_745_length_16838_cov_77.734741:11522-12985    -            428 1087488at2759        -            286   1.3e-39  125.8  12.4   1   3   2.1e-06   2.2e-06   16.7   0.1     1    45     8    52     8    62 0.76 -
1087488at2759_6210_0:002896|NODE_745_length_16838_cov_77.734741:11522-12985    -            428 1087488at2759        -            286   1.3e-39  125.8  12.4   2   3      0.13      0.14    1.0   0.3    32    67    63    97    43   106 0.76 -
1087488at2759_6210_0:002896|NODE_745_length_16838_cov_77.734741:11522-12985    -            428 1087488at2759        -            286   1.3e-39  125.8  12.4   3   3   6.1e-35   6.5e-35  110.3   4.0    52   285   132   427   101   428 0.77 -
1087488at2759_1220926_1:00077e|NODE_745_length_16838_cov_77.734741:11603-12985 -            370 1087488at2759        -            286   1.9e-37  118.6   8.4   1   2   0.00098    0.0011    7.9   0.3    10    51     1    39     1    70 0.61 -
1087488at2759_1220926_1:00077e|NODE_745_length_16838_cov_77.734741:11603-12985 -            370 1087488at2759        -            286   1.9e-37  118.6   8.4   2   2   2.6e-35   2.8e-35  111.5   2.8    53   285    75   369    70   370 0.77 -
1087488at2759_9402_0:002f94|NODE_745_length_16838_cov_77.734741:11603-12985    -            370 1087488at2759        -            286   1.9e-37  118.6   8.4   1   2   0.00098    0.0011    7.9   0.3    10    51     1    39     1    70 0.61 -
1087488at2759_9402_0:002f94|NODE_745_length_16838_cov_77.734741:11603-12985    -            370 1087488at2759        -            286   1.9e-37  118.6   8.4   2   2   2.6e-35   2.8e-35  111.5   2.8    53   285    75   369    70   370 0.77 -
1087488at2759_6185_0:002092|NODE_745_length_16838_cov_77.734741:11957-12985    -            306 1087488at2759        -            286   1.4e-36  115.8   2.8   1   1   1.4e-35   1.5e-35  112.5   2.8    53   285    11   305     6   306 0.77 -
1087488at2759_763407_1:0024d3|NODE_745_length_16838_cov_77.734741:11957-12985  -            306 1087488at2759        -            286   1.4e-36  115.8   2.8   1   1   1.4e-35   1.5e-35  112.5   2.8    53   285    11   305     6   306 0.77 -
1087488at2759_101127_1:00002b|NODE_745_length_16838_cov_77.734741:12032-12985  -            281 1087488at2759        -            286   3.3e-36  114.6   2.1   1   1   3.2e-35   3.5e-35  111.2   2.1    67   285     4   280     1   281 0.79 -
1087488at2759_101091_1:001496|NODE_745_length_16838_cov_77.734741:11824-12985  -            350 1087488at2759        -            286   3.7e-36  114.4   4.3   1   1   3.2e-35   3.5e-35  111.2   4.3    51   285    53   349    10   350 0.77 -
1087488at2759_35722_1:001033|NODE_745_length_16838_cov_77.734741:11824-12985   -            350 1087488at2759        -            286   3.7e-36  114.4   4.3   1   1   3.2e-35   3.5e-35  111.2   4.3    51   285    53   349    10   350 0.77 -
1087488at2759_1263082_1:0004d4|NODE_745_length_16838_cov_77.734741:12047-12985 -            276 1087488at2759        -            286   7.7e-36  113.4   2.1   1   1   7.8e-35   8.4e-35  110.0   2.1    70   285     2   275     1   276 0.78 -
1087488at2759_91626_1:000776|NODE_745_length_16838_cov_77.734741:12149-12982   -            242 1087488at2759        -            286     2e-33  105.5   3.9   1   1   2.3e-32   2.5e-32  101.9   3.9    96   285     1   241     1   242 0.79 -
1087488at2759_6183_0:00043a|NODE_745_length_16838_cov_77.734741:11501-12889    -            404 1087488at2759        -            286   3.8e-32  101.2  14.5   1   2   2.9e-06   3.1e-06   16.2   1.6     1    47    15    61    15   113 0.78 -
1087488at2759_6183_0:00043a|NODE_745_length_16838_cov_77.734741:11501-12889    -            404 1087488at2759        -            286   3.8e-32  101.2  14.5   2   2   1.8e-27   1.9e-27   85.8   5.9    52   258   139   403   106   404 0.78 -
1087488at2759_37653_0:002067|NODE_745_length_16838_cov_77.734741:12649-12985   -            112 1087488at2759        -            286   1.6e-19   59.8   1.7   1   1   8.5e-19   9.1e-19   57.3   1.7   202   285     2   111     1   112 0.82 -
#
# Program:         hmmsearch
# Version:         3.1b2 (February 2015)
# Pipeline mode:   SEARCH
# Query file:      mb_downloads/eukaryota_odb10/hmms/1087488at2759.hmm
# Target file:     -
# Option settings: /opt/conda/envs/compleasm/bin/hmmsearch --domtblout compleasm/eukaryota_odb10/hmmer_output/1087488at2759.out --cpu 1 mb_downloads/eukaryota_odb10/hmms/1087488at2759.hmm - 
# Current dir:     /in
# Date:            Tue Oct 22 12:39:31 2024
# [ok]
