#                                                                                                                                       --- full sequence --- -------------- this domain -------------   hmm coord   ali coord   env coord
# target name                                                                   accession   tlen query name           accession   qlen   E-value  score  bias   #  of  c-Evalue  i-Evalue  score  bias  from    to  from    to  from    to  acc description of target
#                                                           ------------------- ---------- ----- -------------------- ---------- ----- --------- ------ ----- --- --- --------- --------- ------ ----- ----- ----- ----- ----- ----- ----- ---- ---------------------
1094121at2759_10029_0:0023dc|NODE_1128_length_14200_cov_66.098704:10057-10593   -            169 1094121at2759        -            136   3.7e-31   99.1   1.5   1   1   8.5e-31   9.8e-31   97.7   1.5     3   136     4   168     2   168 0.75 -
1094121at2759_10090_0:003ab9|NODE_1128_length_14200_cov_66.098704:10057-10593   -            169 1094121at2759        -            136   3.7e-31   99.1   1.5   1   1   8.5e-31   9.8e-31   97.7   1.5     3   136     4   168     2   168 0.75 -
1094121at2759_13616_0:001591|NODE_1128_length_14200_cov_66.098704:10057-10593   -            169 1094121at2759        -            136   3.7e-31   99.1   1.5   1   1   8.5e-31   9.8e-31   97.7   1.5     3   136     4   168     2   168 0.75 -
1094121at2759_30521_0:0026ec|NODE_1128_length_14200_cov_66.098704:10057-10593   -            169 1094121at2759        -            136   3.7e-31   99.1   1.5   1   1   8.5e-31   9.8e-31   97.7   1.5     3   136     4   168     2   168 0.75 -
1094121at2759_30608_0:0034c3|NODE_1128_length_14200_cov_66.098704:10057-10593   -            169 1094121at2759        -            136   3.7e-31   99.1   1.5   1   1   8.5e-31   9.8e-31   97.7   1.5     3   136     4   168     2   168 0.75 -
1094121at2759_482537_0:0016a9|NODE_1128_length_14200_cov_66.098704:10057-10593  -            169 1094121at2759        -            136   3.7e-31   99.1   1.5   1   1   8.5e-31   9.8e-31   97.7   1.5     3   136     4   168     2   168 0.75 -
1094121at2759_89462_0:002325|NODE_1128_length_14200_cov_66.098704:10057-10593   -            169 1094121at2759        -            136   3.7e-31   99.1   1.5   1   1   8.5e-31   9.8e-31   97.7   1.5     3   136     4   168     2   168 0.75 -
1094121at2759_9978_0:001174|NODE_1128_length_14200_cov_66.098704:10057-10593    -            169 1094121at2759        -            136   3.7e-31   99.1   1.5   1   1   8.5e-31   9.8e-31   97.7   1.5     3   136     4   168     2   168 0.75 -
1094121at2759_6185_0:00067c|NODE_1128_length_14200_cov_66.098704:10057-10596    -            170 1094121at2759        -            136   3.7e-31   99.1   1.5   1   1   8.5e-31   9.8e-31   97.7   1.5     3   136     4   168     2   168 0.75 -
1094121at2759_1415176_0:000a39|NODE_1128_length_14200_cov_66.098704:10039-10596 -            176 1094121at2759        -            136   4.3e-31   98.9   1.5   1   1   9.7e-31   1.1e-30   97.5   1.5     3   136    10   174     8   174 0.75 -
1094121at2759_38123_0:000cfc|NODE_1128_length_14200_cov_66.098704:10057-10587   -            167 1094121at2759        -            136   6.7e-31   98.3   1.2   1   1   1.5e-30   1.7e-30   96.9   1.2     3   131     4   157     2   167 0.76 -
1094121at2759_1754190_1:0034ba|NODE_1128_length_14200_cov_66.098704:10069-10599 -            166 1094121at2759        -            136   9.1e-31   97.8   1.0   1   1   2.1e-30   2.4e-30   96.4   1.0     4   136     1   164     1   164 0.75 -
1094121at2759_89399_0:0028cb|NODE_1128_length_14200_cov_66.098704:10057-10581   -            165 1094121at2759        -            136   1.2e-30   97.5   1.4   1   1   2.9e-30   3.3e-30   96.0   1.4     3   130     4   156     2   159 0.77 -
1094121at2759_1047168_1:000a10|NODE_1128_length_14200_cov_66.098704:10042-10593 -            184 1094121at2759        -            136   1.2e-30   97.4   2.2   1   1     2e-27   2.3e-27   86.8   2.2     3   136     9   183     7   183 0.75 -
1094121at2759_1277687_1:00041c|NODE_1128_length_14200_cov_66.098704:10069-10593 -            175 1094121at2759        -            136   1.3e-30   97.3   1.9   1   2     5e-16   5.8e-16   49.9   1.5     4    85     1    90     1    98 0.79 -
1094121at2759_1277687_1:00041c|NODE_1128_length_14200_cov_66.098704:10069-10593 -            175 1094121at2759        -            136   1.3e-30   97.3   1.9   2   2   6.8e-15   7.8e-15   46.2   0.0    68   136    95   174    91   174 0.81 -
1094121at2759_48709_0:002c51|NODE_1128_length_14200_cov_66.098704:10069-10593   -            175 1094121at2759        -            136   1.7e-30   96.9   1.8   1   2   6.9e-16   7.9e-16   49.4   1.4     4    85     1    90     1    98 0.78 -
1094121at2759_48709_0:002c51|NODE_1128_length_14200_cov_66.098704:10069-10593   -            175 1094121at2759        -            136   1.7e-30   96.9   1.8   2   2   6.2e-15   7.1e-15   46.4   0.0    68   136    95   174    89   174 0.81 -
1094121at2759_454130_1:0008bd|NODE_1128_length_14200_cov_66.098704:10066-10593  -            176 1094121at2759        -            136   3.2e-30   96.1   2.1   1   2   1.8e-15   2.1e-15   48.1   1.4     3    67     1    77     1    87 0.74 -
1094121at2759_454130_1:0008bd|NODE_1128_length_14200_cov_66.098704:10066-10593  -            176 1094121at2759        -            136   3.2e-30   96.1   2.1   2   2   4.7e-15   5.4e-15   46.7   0.0    67   136    95   175    76   175 0.82 -
1094121at2759_879819_1:001a8a|NODE_1128_length_14200_cov_66.098704:10069-10593  -            175 1094121at2759        -            136   3.3e-30   96.0   2.1   1   2   1.6e-15   1.8e-15   48.3   1.4     4    77     1    82     1    93 0.71 -
1094121at2759_879819_1:001a8a|NODE_1128_length_14200_cov_66.098704:10069-10593  -            175 1094121at2759        -            136   3.3e-30   96.0   2.1   2   2   5.9e-15   6.7e-15   46.4   0.0    67   136    94   174    88   174 0.81 -
1094121at2759_1460663_1:000374|NODE_1128_length_14200_cov_66.098704:10069-10593 -            175 1094121at2759        -            136   4.9e-30   95.4   1.8   1   2   2.7e-15   3.2e-15   47.5   1.1     4    69     1    75     1    90 0.81 -
1094121at2759_1460663_1:000374|NODE_1128_length_14200_cov_66.098704:10069-10593 -            175 1094121at2759        -            136   4.9e-30   95.4   1.8   2   2   4.9e-15   5.6e-15   46.7   0.0    67   136    94   174    78   174 0.82 -
1094121at2759_1296119_1:0000f8|NODE_1128_length_14200_cov_66.098704:10069-10593 -            175 1094121at2759        -            136   9.3e-30   94.6   1.6   1   2   5.4e-15   6.3e-15   46.5   1.0     4    63     1    69     1    93 0.77 -
1094121at2759_1296119_1:0000f8|NODE_1128_length_14200_cov_66.098704:10069-10593 -            175 1094121at2759        -            136   9.3e-30   94.6   1.6   2   2   4.6e-15   5.3e-15   46.8   0.0    67   136    94   174    77   174 0.82 -
1094121at2759_1296123_1:0007f9|NODE_1128_length_14200_cov_66.098704:10069-10593 -            175 1094121at2759        -            136   9.3e-30   94.6   1.6   1   2   5.4e-15   6.3e-15   46.5   1.0     4    63     1    69     1    93 0.77 -
1094121at2759_1296123_1:0007f9|NODE_1128_length_14200_cov_66.098704:10069-10593 -            175 1094121at2759        -            136   9.3e-30   94.6   1.6   2   2   4.6e-15   5.3e-15   46.8   0.0    67   136    94   174    77   174 0.82 -
1094121at2759_1296121_1:00060e|NODE_1128_length_14200_cov_66.098704:10069-10596 -            176 1094121at2759        -            136   9.3e-30   94.5   1.5   1   2   5.5e-15   6.3e-15   46.5   0.9     4    63     1    69     1    93 0.77 -
1094121at2759_1296121_1:00060e|NODE_1128_length_14200_cov_66.098704:10069-10596 -            176 1094121at2759        -            136   9.3e-30   94.5   1.5   2   2   4.7e-15   5.4e-15   46.7   0.0    67   136    94   174    77   174 0.82 -
1094121at2759_117179_1:000bec|NODE_1128_length_14200_cov_66.098704:10069-10593  -            175 1094121at2759        -            136   9.5e-30   94.5   1.6   1   2   5.9e-15   6.8e-15   46.4   1.1     4    63     1    69     1    90 0.77 -
1094121at2759_117179_1:000bec|NODE_1128_length_14200_cov_66.098704:10069-10593  -            175 1094121at2759        -            136   9.5e-30   94.5   1.6   2   2   5.7e-15   6.5e-15   46.5   0.0    67   136    94   174    87   174 0.81 -
1094121at2759_4999_1:0009e3|NODE_1128_length_14200_cov_66.098704:10069-10593    -            175 1094121at2759        -            136   9.5e-30   94.5   1.6   1   2   5.9e-15   6.8e-15   46.4   1.1     4    63     1    69     1    90 0.77 -
1094121at2759_4999_1:0009e3|NODE_1128_length_14200_cov_66.098704:10069-10593    -            175 1094121at2759        -            136   9.5e-30   94.5   1.6   2   2   5.7e-15   6.5e-15   46.5   0.0    67   136    94   174    87   174 0.81 -
1094121at2759_990650_1:00062b|NODE_1128_length_14200_cov_66.098704:10072-10593  -            174 1094121at2759        -            136   1.1e-29   94.4   2.1   1   2   3.9e-15   4.5e-15   47.0   1.5     5    85     1    89     1    97 0.79 -
1094121at2759_990650_1:00062b|NODE_1128_length_14200_cov_66.098704:10072-10593  -            174 1094121at2759        -            136   1.1e-29   94.4   2.1   2   2   6.4e-15   7.4e-15   46.3   0.0    68   136    94   173    89   173 0.81 -
1094121at2759_225400_0:003b14|NODE_1128_length_14200_cov_66.098704:10057-10533  -            149 1094121at2759        -            136   1.7e-29   93.7   1.5   1   1   4.1e-29   4.7e-29   92.3   1.5     3   123     4   148     2   149 0.76 -
1094121at2759_1295531_1:0013ff|NODE_1128_length_14200_cov_66.098704:10069-10584 -            172 1094121at2759        -            136   1.9e-29   93.6   1.7   1   2   3.5e-15     4e-15   47.1   1.3     4    67     1    76     1    89 0.74 -
1094121at2759_1295531_1:0013ff|NODE_1128_length_14200_cov_66.098704:10069-10584 -            172 1094121at2759        -            136   1.9e-29   93.6   1.7   2   2   2.1e-14   2.4e-14   44.6   0.0    67   131    94   163    86   166 0.86 -
1094121at2759_1296100_1:001089|NODE_1128_length_14200_cov_66.098704:10069-10593 -            139 1094121at2759        -            136   3.1e-27   86.4   2.0   1   1   8.9e-25     1e-24   78.2   2.0     4   136     1   138     1   138 0.78 -
1094121at2759_43179_0:0010c4|NODE_1128_length_14200_cov_66.098704:10057-10488   -            134 1094121at2759        -            136   5.2e-26   82.4   3.5   1   1   1.5e-25   1.7e-25   80.8   3.5     3   108     4   131     2   133 0.75 -
1094121at2759_291302_0:00157c|NODE_1128_length_14200_cov_66.098704:10057-10413  -            109 1094121at2759        -            136   2.3e-20   64.1   5.9   1   1   6.7e-20   7.8e-20   62.4   5.9     3    88     4   109     2   109 0.74 -
1094121at2759_412030_1:006a83|NODE_1128_length_14200_cov_66.098704:10060-10312  -             85 1094121at2759        -            136   1.7e-16   51.6   1.9   1   1   2.4e-16   2.7e-16   50.9   1.9     3    68     3    76     1    85 0.74 -
1094121at2759_1737458_0:003f4d|NODE_1128_length_14200_cov_66.098704:10057-10240 -             62 1094121at2759        -            136   5.8e-14   43.4   2.2   1   1     9e-14     1e-13   42.6   2.2     3    52     4    62     2    62 0.78 -
1094121at2759_9258_0:000a23|NODE_1128_length_14200_cov_66.098704:10057-10240    -             62 1094121at2759        -            136   5.8e-14   43.4   2.2   1   1     9e-14     1e-13   42.6   2.2     3    52     4    62     2    62 0.78 -
#
# Program:         hmmsearch
# Version:         3.1b2 (February 2015)
# Pipeline mode:   SEARCH
# Query file:      mb_downloads/eukaryota_odb10/hmms/1094121at2759.hmm
# Target file:     -
# Option settings: /opt/conda/envs/compleasm/bin/hmmsearch --domtblout compleasm/eukaryota_odb10/hmmer_output/1094121at2759.out --cpu 1 mb_downloads/eukaryota_odb10/hmms/1094121at2759.hmm - 
# Current dir:     /in
# Date:            Tue Oct 22 12:37:37 2024
# [ok]
