#                                                                                                                                     --- full sequence --- -------------- this domain -------------   hmm coord   ali coord   env coord
# target name                                                                 accession   tlen query name           accession   qlen   E-value  score  bias   #  of  c-Evalue  i-Evalue  score  bias  from    to  from    to  from    to  acc description of target
#                                                         ------------------- ---------- ----- -------------------- ---------- ----- --------- ------ ----- --- --- --------- --------- ------ ----- ----- ----- ----- ----- ----- ----- ---- ---------------------
1112002at2759_46433_1:00194c|NODE_1362_length_13205_cov_73.974482:10660-11760 -            240 1112002at2759        -            550   1.9e-40  129.5   6.3   1   2   8.2e-20   9.7e-20   61.1   0.3   290   413     1   130     1   131 0.90 -
1112002at2759_46433_1:00194c|NODE_1362_length_13205_cov_73.974482:10660-11760 -            240 1112002at2759        -            550   1.9e-40  129.5   6.3   2   2   5.1e-25   6.1e-25   78.3   1.1   289   429    83   239    75   240 0.83 -
1112002at2759_46433_1:003b20|NODE_1362_length_13205_cov_73.974482:10660-11760 -            240 1112002at2759        -            550   1.9e-40  129.5   6.3   1   2   8.2e-20   9.7e-20   61.1   0.3   290   413     1   130     1   131 0.90 -
1112002at2759_46433_1:003b20|NODE_1362_length_13205_cov_73.974482:10660-11760 -            240 1112002at2759        -            550   1.9e-40  129.5   6.3   2   2   5.1e-25   6.1e-25   78.3   1.1   289   429    83   239    75   240 0.83 -
1112002at2759_5963_1:0036a2|NODE_96_length_34233_cov_85.717883:15521-16297    -            199 1112002at2759        -            550   3.3e-33  105.5   3.8   1   3   1.5e-11   1.8e-11   33.8   0.3   343   420    12    90     8    90 0.94 -
1112002at2759_5963_1:0036a2|NODE_96_length_34233_cov_85.717883:15521-16297    -            199 1112002at2759        -            550   3.3e-33  105.5   3.8   2   3   6.6e-20   7.9e-20   61.4   0.1   323   414    76   168    73   169 0.94 -
1112002at2759_5963_1:0036a2|NODE_96_length_34233_cov_85.717883:15521-16297    -            199 1112002at2759        -            550   3.3e-33  105.5   3.8   3   3   1.6e-07   1.9e-07   20.5   0.0   327   360   164   197   159   199 0.65 -
1112002at2759_46433_1:007527|NODE_96_length_34233_cov_85.717883:15554-16300   -            189 1112002at2759        -            550   5.4e-33  104.9   4.1   1   3   9.5e-10   1.1e-09   27.9   0.2   344   406     2    65     1    70 0.91 -
1112002at2759_46433_1:007527|NODE_96_length_34233_cov_85.717883:15554-16300   -            189 1112002at2759        -            550   5.4e-33  104.9   4.1   2   3   6.1e-20   7.2e-20   61.5   0.1   323   414    65   157    63   158 0.94 -
1112002at2759_46433_1:007527|NODE_96_length_34233_cov_85.717883:15554-16300   -            189 1112002at2759        -            550   5.4e-33  104.9   4.1   3   3   1.4e-07   1.7e-07   20.7   0.0   327   360   153   186   147   188 0.66 -
1112002at2759_1035309_1:0008e7|NODE_96_length_34233_cov_85.717883:15524-16291 -            196 1112002at2759        -            550   7.5e-33  104.4   4.2   1   3   6.5e-10   7.7e-10   28.4   0.2   343   405    11    74     7    79 0.91 -
1112002at2759_1035309_1:0008e7|NODE_96_length_34233_cov_85.717883:15524-16291 -            196 1112002at2759        -            550   7.5e-33  104.4   4.2   2   3   3.2e-21   3.9e-21   65.7   0.3   323   421    75   174    72   176 0.95 -
1112002at2759_1035309_1:0008e7|NODE_96_length_34233_cov_85.717883:15524-16291 -            196 1112002at2759        -            550   7.5e-33  104.4   4.2   3   3   3.6e-07   4.3e-07   19.4   0.0   289   321   163   195   160   196 0.57 -
1112002at2759_117179_1:000260|NODE_96_length_34233_cov_85.717883:15518-16288  -            208 1112002at2759        -            550   7.5e-33  104.4   4.5   1   3   7.3e-10   8.7e-10   28.3   0.2   343   405    13    76    10    83 0.90 -
1112002at2759_117179_1:000260|NODE_96_length_34233_cov_85.717883:15518-16288  -            208 1112002at2759        -            550   7.5e-33  104.4   4.5   2   3   4.7e-20   5.6e-20   61.9   0.2   321   414    86   180    78   181 0.93 -
1112002at2759_117179_1:000260|NODE_96_length_34233_cov_85.717883:15518-16288  -            208 1112002at2759        -            550   7.5e-33  104.4   4.5   3   3   6.3e-07   7.5e-07   18.6   0.0   289   320   176   207   173   208 0.73 -
1112002at2759_13290_1:000057|NODE_96_length_34233_cov_85.717883:15464-16288   -            226 1112002at2759        -            550     1e-32  103.9   4.3   1   3   8.1e-10   9.7e-10   28.1   0.2   343   405    31    94    26   101 0.91 -
1112002at2759_13290_1:000057|NODE_96_length_34233_cov_85.717883:15464-16288   -            226 1112002at2759        -            550     1e-32  103.9   4.3   2   3   4.7e-20   5.6e-20   61.9   0.2   321   414   104   198    96   200 0.93 -
1112002at2759_13290_1:000057|NODE_96_length_34233_cov_85.717883:15464-16288   -            226 1112002at2759        -            550     1e-32  103.9   4.3   3   3   6.7e-07   7.9e-07   18.5   0.0   289   320   194   225   190   226 0.73 -
1112002at2759_988480_1:0005a3|NODE_96_length_34233_cov_85.717883:15521-16312  -            162 1112002at2759        -            550   1.9e-28   89.9   0.7   1   2   9.4e-23   1.1e-22   70.8   0.2   304   414    11   126     2   127 0.91 -
1112002at2759_988480_1:0005a3|NODE_96_length_34233_cov_85.717883:15521-16312  -            162 1112002at2759        -            550   1.9e-28   89.9   0.7   2   2   9.2e-08   1.1e-07   21.3   0.0   327   361   122   156   117   160 0.67 -
1112002at2759_10228_0:001bf9|NODE_96_length_34233_cov_85.717883:15796-16312   -            124 1112002at2759        -            550   3.9e-25   78.9   0.5   1   2   2.8e-19   3.3e-19   59.4   0.1   328   414     1    88     1    89 0.96 -
1112002at2759_10228_0:001bf9|NODE_96_length_34233_cov_85.717883:15796-16312   -            124 1112002at2759        -            550   3.9e-25   78.9   0.5   2   2   5.6e-08   6.7e-08   22.0   0.0   327   361    84   118    79   122 0.68 -
1112002at2759_46433_1:006c6c|NODE_1362_length_13205_cov_73.974482:11013-11703 -            177 1112002at2759        -            550   4.1e-25   78.8   3.1   1   1   2.5e-24     3e-24   76.0   2.9   274   415    15   175    10   177 0.83 -
1112002at2759_37621_0:0022e4|NODE_96_length_34233_cov_85.717883:15802-16312   -            122 1112002at2759        -            550   3.5e-24   75.8   0.3   1   2   1.3e-18   1.5e-18   57.2   0.1   330   416     1    88     1    89 0.94 -
1112002at2759_37621_0:0022e4|NODE_96_length_34233_cov_85.717883:15802-16312   -            122 1112002at2759        -            550   3.5e-24   75.8   0.3   2   2   5.5e-08   6.5e-08   22.1   0.0   327   361    82   116    77   120 0.68 -
1112002at2759_133434_0:00201f|NODE_96_length_34233_cov_85.717883:15802-16309  -            121 1112002at2759        -            550   3.6e-24   75.7   0.3   1   2   1.3e-18   1.5e-18   57.2   0.1   330   416     1    88     1    89 0.94 -
1112002at2759_133434_0:00201f|NODE_96_length_34233_cov_85.717883:15802-16309  -            121 1112002at2759        -            550   3.6e-24   75.7   0.3   2   2   6.4e-08   7.6e-08   21.9   0.0   327   360    82   115    78   119 0.65 -
1112002at2759_29159_0:000a76|NODE_96_length_34233_cov_85.717883:15802-16309   -            121 1112002at2759        -            550   3.6e-24   75.7   0.3   1   2   1.3e-18   1.5e-18   57.2   0.1   330   416     1    88     1    89 0.94 -
1112002at2759_29159_0:000a76|NODE_96_length_34233_cov_85.717883:15802-16309   -            121 1112002at2759        -            550   3.6e-24   75.7   0.3   2   2   6.4e-08   7.6e-08   21.9   0.0   327   360    82   115    78   119 0.65 -
1112002at2759_1720309_0:001b1c|NODE_96_length_34233_cov_85.717883:15802-16318 -            124 1112002at2759        -            550   3.6e-24   75.7   0.3   1   2   2.9e-18   3.5e-18   56.0   0.1   330   414     1    86     1    87 0.94 -
1112002at2759_1720309_0:001b1c|NODE_96_length_34233_cov_85.717883:15802-16318 -            124 1112002at2759        -            550   3.6e-24   75.7   0.3   2   2   5.4e-08   6.4e-08   22.1   0.0   327   361    82   116    77   121 0.67 -
1112002at2759_45351_0:001da6|NODE_96_length_34233_cov_85.717883:15802-16294   -            116 1112002at2759        -            550   5.1e-24   75.2   0.3   1   2   2.4e-18   2.8e-18   56.3   0.1   330   414     1    86     1    87 0.94 -
1112002at2759_45351_0:001da6|NODE_96_length_34233_cov_85.717883:15802-16294   -            116 1112002at2759        -            550   5.1e-24   75.2   0.3   2   2   8.4e-08     1e-07   21.5   0.0   327   360    82   115    77   116 0.59 -
1112002at2759_50429_0:002275|NODE_96_length_34233_cov_85.717883:15802-16294   -            116 1112002at2759        -            550   5.1e-24   75.2   0.3   1   2   2.4e-18   2.8e-18   56.3   0.1   330   414     1    86     1    87 0.94 -
1112002at2759_50429_0:002275|NODE_96_length_34233_cov_85.717883:15802-16294   -            116 1112002at2759        -            550   5.1e-24   75.2   0.3   2   2   8.4e-08     1e-07   21.5   0.0   327   360    82   115    77   116 0.59 -
1112002at2759_1043002_1:001530|NODE_96_length_34233_cov_85.717883:15551-16312 -            127 1112002at2759        -            550   5.1e-22   68.6   0.5   1   2   4.3e-07   5.1e-07   19.1   0.1   344   391     3    51     1    55 0.91 -
1112002at2759_1043002_1:001530|NODE_96_length_34233_cov_85.717883:15551-16312 -            127 1112002at2759        -            550   5.1e-22   68.6   0.5   2   2   3.4e-16     4e-16   49.2   0.0   334   406    52   125    50   127 0.82 -
1112002at2759_1043003_1:000c16|NODE_96_length_34233_cov_85.717883:15551-16312 -            127 1112002at2759        -            550   5.1e-22   68.6   0.5   1   2   4.3e-07   5.1e-07   19.1   0.1   344   391     3    51     1    55 0.91 -
1112002at2759_1043003_1:000c16|NODE_96_length_34233_cov_85.717883:15551-16312 -            127 1112002at2759        -            550   5.1e-22   68.6   0.5   2   2   3.4e-16     4e-16   49.2   0.0   334   406    52   125    50   127 0.82 -
1112002at2759_1043005_1:002190|NODE_96_length_34233_cov_85.717883:15551-16312 -            127 1112002at2759        -            550   5.1e-22   68.6   0.5   1   2   4.3e-07   5.1e-07   19.1   0.1   344   391     3    51     1    55 0.91 -
1112002at2759_1043005_1:002190|NODE_96_length_34233_cov_85.717883:15551-16312 -            127 1112002at2759        -            550   5.1e-22   68.6   0.5   2   2   3.4e-16     4e-16   49.2   0.0   334   406    52   125    50   127 0.82 -
1112002at2759_46433_1:006300|NODE_1362_length_13205_cov_73.974482:11031-11520 -            110 1112002at2759        -            550     2e-14   43.6   1.5   1   1   1.3e-13   1.5e-13   40.7   1.3   275   360    10   110     5   110 0.57 -
1112002at2759_486041_1:0008b7|NODE_358_length_22000_cov_77.031291:945-2427    -            410 1112002at2759        -            550   6.3e-11   32.0   8.4   1   3   4.9e-05   5.8e-05   12.3   4.1   312   438    20   162     2   176 0.73 -
1112002at2759_486041_1:0008b7|NODE_358_length_22000_cov_77.031291:945-2427    -            410 1112002at2759        -            550   6.3e-11   32.0   8.4   2   3     2e-05   2.3e-05   13.6   0.0   295   383   221   316   196   321 0.75 -
1112002at2759_486041_1:0008b7|NODE_358_length_22000_cov_77.031291:945-2427    -            410 1112002at2759        -            550   6.3e-11   32.0   8.4   3   3    0.0043    0.0052    5.9   0.0   345   399   350   409   339   410 0.70 -
#
# Program:         hmmsearch
# Version:         3.1b2 (February 2015)
# Pipeline mode:   SEARCH
# Query file:      mb_downloads/eukaryota_odb10/hmms/1112002at2759.hmm
# Target file:     -
# Option settings: /opt/conda/envs/compleasm/bin/hmmsearch --domtblout compleasm/eukaryota_odb10/hmmer_output/1112002at2759.out --cpu 1 mb_downloads/eukaryota_odb10/hmms/1112002at2759.hmm - 
# Current dir:     /in
# Date:            Tue Oct 22 12:40:19 2024
# [ok]
