#                                                                                                                                    --- full sequence --- -------------- this domain -------------   hmm coord   ali coord   env coord
# target name                                                                accession   tlen query name           accession   qlen   E-value  score  bias   #  of  c-Evalue  i-Evalue  score  bias  from    to  from    to  from    to  acc description of target
#                                                        ------------------- ---------- ----- -------------------- ---------- ----- --------- ------ ----- --- --- --------- --------- ------ ----- ----- ----- ----- ----- ----- ----- ---- ---------------------
1161199at2759_93934_0:00376c|NODE_6691_length_7544_cov_71.743538:6072-7065   -            305 1161199at2759        -            181   1.2e-22   73.5   1.9   1   2       0.3      0.32    3.7   0.1    19    58    35    83     8    86 0.76 -
1161199at2759_93934_0:00376c|NODE_6691_length_7544_cov_71.743538:6072-7065   -            305 1161199at2759        -            181   1.2e-22   73.5   1.9   2   2   3.5e-21   3.7e-21   68.6   0.3    62   165   142   259   120   267 0.84 -
1161199at2759_202946_0:002504|NODE_6691_length_7544_cov_71.743538:6193-6945  -            237 1161199at2759        -            181     2e-22   72.8   1.4   1   2      0.83      0.87    2.3   0.0    19    50     7    47     3    57 0.65 -
1161199at2759_202946_0:002504|NODE_6691_length_7544_cov_71.743538:6193-6945  -            237 1161199at2759        -            181     2e-22   72.8   1.4   2   2   2.2e-21   2.3e-21   69.3   0.3    62   165   114   231    90   236 0.84 -
1161199at2759_43179_0:002ff6|NODE_6691_length_7544_cov_71.743538:6072-7065   -            305 1161199at2759        -            181   2.1e-22   72.7   1.3   1   2      0.84      0.88    2.3   0.0    19    50    35    75     8    85 0.72 -
1161199at2759_43179_0:002ff6|NODE_6691_length_7544_cov_71.743538:6072-7065   -            305 1161199at2759        -            181   2.1e-22   72.7   1.3   2   2   3.5e-21   3.7e-21   68.6   0.3    62   165   142   259   120   267 0.84 -
1161199at2759_198806_0:00012c|NODE_6691_length_7544_cov_71.743538:6066-7065  -            307 1161199at2759        -            181   2.4e-22   72.5   2.9   1   2      0.34      0.36    3.5   0.1    19    58    37    85    20    88 0.73 -
1161199at2759_198806_0:00012c|NODE_6691_length_7544_cov_71.743538:6066-7065  -            307 1161199at2759        -            181   2.4e-22   72.5   2.9   2   2   3.6e-21   3.8e-21   68.6   0.3    62   165   144   261   122   269 0.84 -
1161199at2759_8469_0:00435d|NODE_6691_length_7544_cov_71.743538:6217-7065    -            207 1161199at2759        -            181   2.4e-22   72.5   1.3   1   1   2.5e-22   2.6e-22   72.4   0.2    22   165     2   161     1   170 0.76 -
1161199at2759_9258_0:00121d|NODE_6691_length_7544_cov_71.743538:6066-7065    -            307 1161199at2759        -            181   2.6e-22   72.4   1.5   1   2      0.85       0.9    2.2   0.1    19    50    37    77    10    87 0.72 -
1161199at2759_9258_0:00121d|NODE_6691_length_7544_cov_71.743538:6066-7065    -            307 1161199at2759        -            181   2.6e-22   72.4   1.5   2   2   3.6e-21   3.8e-21   68.6   0.3    62   165   144   261   122   269 0.84 -
1161199at2759_7719_0:0033aa|NODE_6691_length_7544_cov_71.743538:6054-7062    -            310 1161199at2759        -            181   2.7e-22   72.4   1.5   1   2      0.87      0.91    2.2   0.1    19    50    41    81    14    91 0.72 -
1161199at2759_7719_0:0033aa|NODE_6691_length_7544_cov_71.743538:6054-7062    -            310 1161199at2759        -            181   2.7e-22   72.4   1.5   2   2   3.7e-21   3.9e-21   68.6   0.3    62   165   148   265   126   273 0.84 -
1161199at2759_7897_0:004197|NODE_6691_length_7544_cov_71.743538:6054-7065    -            311 1161199at2759        -            181   2.7e-22   72.4   1.5   1   2      0.87      0.91    2.2   0.1    19    50    41    81    14    91 0.72 -
1161199at2759_7897_0:004197|NODE_6691_length_7544_cov_71.743538:6054-7065    -            311 1161199at2759        -            181   2.7e-22   72.4   1.5   2   2   3.7e-21   3.9e-21   68.6   0.3    62   165   148   265   126   273 0.84 -
1161199at2759_37653_0:002ff8|NODE_6691_length_7544_cov_71.743538:6057-7071   -            311 1161199at2759        -            181   2.7e-22   72.4   1.5   1   2      0.87      0.91    2.2   0.1    19    50    40    80    13    90 0.72 -
1161199at2759_37653_0:002ff8|NODE_6691_length_7544_cov_71.743538:6057-7071   -            311 1161199at2759        -            181   2.7e-22   72.4   1.5   2   2   3.7e-21   3.9e-21   68.6   0.3    62   165   147   264   125   272 0.84 -
1161199at2759_6185_0:001e6e|NODE_6691_length_7544_cov_71.743538:6060-6945    -            206 1161199at2759        -            181     3e-22   72.2   2.2   1   1   5.9e-22   6.2e-22   71.2   1.3    19   165    39   200    30   205 0.77 -
1161199at2759_8478_0:001d31|NODE_6691_length_7544_cov_71.743538:6066-7065    -            307 1161199at2759        -            181   3.1e-22   72.1   2.5   1   2      0.58      0.61    2.8   0.1    19    58    37    85    19    88 0.70 -
1161199at2759_8478_0:001d31|NODE_6691_length_7544_cov_71.743538:6066-7065    -            307 1161199at2759        -            181   3.1e-22   72.1   2.5   2   2   3.6e-21   3.8e-21   68.6   0.3    62   165   144   261   122   269 0.84 -
1161199at2759_125878_0:003289|NODE_6691_length_7544_cov_71.743538:6051-7065  -            312 1161199at2759        -            181   3.8e-22   71.9   2.0   1   2         1         1    2.0   0.0    19    50    42    82    30    92 0.68 -
1161199at2759_125878_0:003289|NODE_6691_length_7544_cov_71.743538:6051-7065  -            312 1161199at2759        -            181   3.8e-22   71.9   2.0   2   2   4.1e-21   4.3e-21   68.4   0.4    62   165   149   266   128   274 0.84 -
1161199at2759_8355_0:0006e2|NODE_6691_length_7544_cov_71.743538:6051-7065    -            312 1161199at2759        -            181   3.8e-22   71.9   2.0   1   2         1         1    2.0   0.0    19    50    42    82    30    92 0.68 -
1161199at2759_8355_0:0006e2|NODE_6691_length_7544_cov_71.743538:6051-7065    -            312 1161199at2759        -            181   3.8e-22   71.9   2.0   2   2   4.1e-21   4.3e-21   68.4   0.4    62   165   149   266   128   274 0.84 -
1161199at2759_6945_0:004689|NODE_6691_length_7544_cov_71.743538:6030-7059    -            305 1161199at2759        -            181   3.8e-22   71.9   1.7   1   2       1.5       1.6    1.4   0.0    19    49    49    88    43    92 0.62 -
1161199at2759_6945_0:004689|NODE_6691_length_7544_cov_71.743538:6030-7059    -            305 1161199at2759        -            181   3.8e-22   71.9   1.7   2   2   3.5e-21   3.7e-21   68.6   0.3    62   165   144   261   122   269 0.84 -
1161199at2759_29159_0:00264f|NODE_6691_length_7544_cov_71.743538:6051-7071   -            313 1161199at2759        -            181   3.8e-22   71.9   2.0   1   2         1       1.1    2.0   0.0    19    50    42    82    30    92 0.68 -
1161199at2759_29159_0:00264f|NODE_6691_length_7544_cov_71.743538:6051-7071   -            313 1161199at2759        -            181   3.8e-22   71.9   2.0   2   2   4.1e-21   4.3e-21   68.4   0.4    62   165   149   266   128   274 0.84 -
1161199at2759_6565_0:0072fb|NODE_6691_length_7544_cov_71.743538:6051-7071    -            313 1161199at2759        -            181   3.8e-22   71.9   2.0   1   2         1       1.1    2.0   0.0    19    50    42    82    30    92 0.68 -
1161199at2759_6565_0:0072fb|NODE_6691_length_7544_cov_71.743538:6051-7071    -            313 1161199at2759        -            181   3.8e-22   71.9   2.0   2   2   4.1e-21   4.3e-21   68.4   0.4    62   165   149   266   128   274 0.84 -
1161199at2759_146911_0:003018|NODE_6691_length_7544_cov_71.743538:6039-7065  -            316 1161199at2759        -            181     4e-22   71.8   2.0   1   2         1       1.1    2.0   0.0    19    50    46    86    34    96 0.68 -
1161199at2759_146911_0:003018|NODE_6691_length_7544_cov_71.743538:6039-7065  -            316 1161199at2759        -            181     4e-22   71.8   2.0   2   2   4.2e-21   4.4e-21   68.4   0.4    62   165   153   270   132   278 0.84 -
1161199at2759_7739_0:006aed|NODE_6691_length_7544_cov_71.743538:6051-7062    -            311 1161199at2759        -            181   4.3e-22   71.7   2.6   1   2      0.81      0.85    2.3   0.1    19    52    42    84    30    92 0.67 -
1161199at2759_7739_0:006aed|NODE_6691_length_7544_cov_71.743538:6051-7062    -            311 1161199at2759        -            181   4.3e-22   71.7   2.6   2   2   3.7e-21   3.9e-21   68.6   0.3    62   165   149   266   127   274 0.84 -
1161199at2759_59894_0:0033dc|NODE_6691_length_7544_cov_71.743538:6217-6951   -            231 1161199at2759        -            181   6.9e-22   71.0   1.7   1   2       2.9         3    0.5   0.0    22    52     2    41     1    49 0.55 -
1161199at2759_59894_0:0033dc|NODE_6691_length_7544_cov_71.743538:6217-6951   -            231 1161199at2759        -            181   6.9e-22   71.0   1.7   2   2   1.9e-21     2e-21   69.5   0.3    62   165   106   223    82   229 0.84 -
1161199at2759_59463_0:003104|NODE_6691_length_7544_cov_71.743538:6217-6945   -            229 1161199at2759        -            181   6.9e-22   71.0   1.6   1   2       2.9         3    0.5   0.0    22    52     2    41     1    49 0.55 -
1161199at2759_59463_0:003104|NODE_6691_length_7544_cov_71.743538:6217-6945   -            229 1161199at2759        -            181   6.9e-22   71.0   1.6   2   2     2e-21   2.1e-21   69.5   0.3    62   165   106   223    81   228 0.84 -
1161199at2759_181119_0:00328a|NODE_6691_length_7544_cov_71.743538:6033-7065  -            318 1161199at2759        -            181   7.1e-22   71.0   3.2   1   2      0.84      0.88    2.2   0.1    19    52    48    90    36    98 0.67 -
1161199at2759_181119_0:00328a|NODE_6691_length_7544_cov_71.743538:6033-7065  -            318 1161199at2759        -            181   7.1e-22   71.0   3.2   2   2   4.3e-21   4.5e-21   68.4   0.4    62   165   155   272   134   280 0.84 -
1161199at2759_279965_0:0029cd|NODE_6691_length_7544_cov_71.743538:6187-7065  -            279 1161199at2759        -            181   7.5e-22   70.9   4.6   1   2      0.34      0.36    3.5   0.1    19    58     9    57     4    60 0.70 -
1161199at2759_279965_0:0029cd|NODE_6691_length_7544_cov_71.743538:6187-7065  -            279 1161199at2759        -            181   7.5e-22   70.9   4.6   2   2     3e-21   3.1e-21   68.9   0.3    62   165   116   233    93   241 0.84 -
1161199at2759_57397_0:0012ff|NODE_6691_length_7544_cov_71.743538:6187-7065   -            279 1161199at2759        -            181   7.5e-22   70.9   4.6   1   2      0.34      0.36    3.5   0.1    19    58     9    57     4    60 0.70 -
1161199at2759_57397_0:0012ff|NODE_6691_length_7544_cov_71.743538:6187-7065   -            279 1161199at2759        -            181   7.5e-22   70.9   4.6   2   2     3e-21   3.1e-21   68.9   0.3    62   165   116   233    93   241 0.84 -
1161199at2759_188379_0:0027a2|NODE_6691_length_7544_cov_71.743538:6193-7065  -            277 1161199at2759        -            181   7.6e-22   70.9   4.6   1   2      0.36      0.37    3.5   0.1    19    58     7    55     3    58 0.69 -
1161199at2759_188379_0:0027a2|NODE_6691_length_7544_cov_71.743538:6193-7065  -            277 1161199at2759        -            181   7.6e-22   70.9   4.6   2   2   2.9e-21   3.1e-21   68.9   0.3    62   165   114   231    91   239 0.84 -
1161199at2759_240206_0:0009ec|NODE_6691_length_7544_cov_71.743538:6193-7065  -            277 1161199at2759        -            181   7.6e-22   70.9   4.6   1   2      0.36      0.37    3.5   0.1    19    58     7    55     3    58 0.69 -
1161199at2759_240206_0:0009ec|NODE_6691_length_7544_cov_71.743538:6193-7065  -            277 1161199at2759        -            181   7.6e-22   70.9   4.6   2   2   2.9e-21   3.1e-21   68.9   0.3    62   165   114   231    91   239 0.84 -
1161199at2759_50402_0:0025a5|NODE_6691_length_7544_cov_71.743538:6193-7065   -            277 1161199at2759        -            181   7.6e-22   70.9   4.6   1   2      0.36      0.37    3.5   0.1    19    58     7    55     3    58 0.69 -
1161199at2759_50402_0:0025a5|NODE_6691_length_7544_cov_71.743538:6193-7065   -            277 1161199at2759        -            181   7.6e-22   70.9   4.6   2   2   2.9e-21   3.1e-21   68.9   0.3    62   165   114   231    91   239 0.84 -
1161199at2759_85066_0:000b5d|NODE_6691_length_7544_cov_71.743538:6196-7065   -            276 1161199at2759        -            181   7.8e-22   70.9   4.6   1   2      0.35      0.37    3.5   0.1    19    58     6    54     2    57 0.69 -
1161199at2759_85066_0:000b5d|NODE_6691_length_7544_cov_71.743538:6196-7065   -            276 1161199at2759        -            181   7.8e-22   70.9   4.6   2   2   2.9e-21     3e-21   68.9   0.3    62   165   113   230    90   238 0.84 -
1161199at2759_51337_0:0032be|NODE_6691_length_7544_cov_71.743538:6196-7065   -            276 1161199at2759        -            181     8e-22   70.8   3.2   1   2       1.1       1.1    1.9   0.0    19    50     6    46     3    56 0.64 -
1161199at2759_51337_0:0032be|NODE_6691_length_7544_cov_71.743538:6196-7065   -            276 1161199at2759        -            181     8e-22   70.8   3.2   2   2   2.9e-21     3e-21   68.9   0.3    62   165   113   230    90   238 0.84 -
1161199at2759_6500_0:002b67|NODE_6691_length_7544_cov_71.743538:6196-7071    -            277 1161199at2759        -            181   8.1e-22   70.8   3.2   1   2       1.1       1.1    1.9   0.0    19    50     6    46     3    56 0.64 -
1161199at2759_6500_0:002b67|NODE_6691_length_7544_cov_71.743538:6196-7071    -            277 1161199at2759        -            181   8.1e-22   70.8   3.2   2   2   2.9e-21   3.1e-21   68.9   0.3    62   165   113   230    90   238 0.84 -
1161199at2759_7574_0:001876|NODE_6691_length_7544_cov_71.743538:6199-7071    -            276 1161199at2759        -            181   8.4e-22   70.7   3.2   1   2       1.1       1.1    1.9   0.0    19    50     5    45     2    55 0.64 -
1161199at2759_7574_0:001876|NODE_6691_length_7544_cov_71.743538:6199-7071    -            276 1161199at2759        -            181   8.4e-22   70.7   3.2   2   2   2.9e-21     3e-21   68.9   0.3    62   165   112   229    89   237 0.84 -
1161199at2759_225164_0:0013c4|NODE_6691_length_7544_cov_71.743538:6190-7071  -            279 1161199at2759        -            181   9.1e-22   70.6   3.4   1   2      0.96         1    2.1   0.0    19    50     8    48     3    58 0.65 -
1161199at2759_225164_0:0013c4|NODE_6691_length_7544_cov_71.743538:6190-7071  -            279 1161199at2759        -            181   9.1e-22   70.6   3.4   2   2     3e-21   3.1e-21   68.9   0.3    62   165   115   232    92   240 0.84 -
1161199at2759_9402_0:0001b7|NODE_6691_length_7544_cov_71.743538:6217-7020    -            254 1161199at2759        -            181   9.2e-22   70.6   1.7   1   2       3.3       3.5    0.3   0.0    22    52     2    41     1    49 0.55 -
1161199at2759_9402_0:0001b7|NODE_6691_length_7544_cov_71.743538:6217-7020    -            254 1161199at2759        -            181   9.2e-22   70.6   1.7   2   2   2.4e-21   2.5e-21   69.2   0.3    62   165   106   223    82   231 0.84 -
1161199at2759_321398_0:003658|NODE_6691_length_7544_cov_71.743538:6033-7065  -            255 1161199at2759        -            181     1e-21   70.5   1.4   1   1   9.8e-22     1e-21   70.5   1.4    19   165    48   209    30   216 0.77 -
1161199at2759_6526_0:0006ad|NODE_6691_length_7544_cov_71.743538:6199-7071    -            276 1161199at2759        -            181   1.1e-21   70.4   4.2   1   2      0.67      0.71    2.6   0.0    19    58     5    53     2    56 0.65 -
1161199at2759_6526_0:0006ad|NODE_6691_length_7544_cov_71.743538:6199-7071    -            276 1161199at2759        -            181   1.1e-21   70.4   4.2   2   2   2.9e-21     3e-21   68.9   0.3    62   165   112   229    89   237 0.84 -
1161199at2759_176057_0:001bc2|NODE_6691_length_7544_cov_71.743538:6187-7065  -            267 1161199at2759        -            181   1.2e-21   70.2   3.6   1   2       1.3       1.4    1.6   0.0    19    49     9    48     4    52 0.62 -
1161199at2759_176057_0:001bc2|NODE_6691_length_7544_cov_71.743538:6187-7065  -            267 1161199at2759        -            181   1.2e-21   70.2   3.6   2   2   2.7e-21   2.8e-21   69.0   0.3    62   165   104   221    81   229 0.84 -
1161199at2759_57068_0:001d86|NODE_6691_length_7544_cov_71.743538:6187-7065   -            267 1161199at2759        -            181   1.2e-21   70.2   3.6   1   2       1.3       1.4    1.6   0.0    19    49     9    48     4    52 0.62 -
1161199at2759_57068_0:001d86|NODE_6691_length_7544_cov_71.743538:6187-7065   -            267 1161199at2759        -            181   1.2e-21   70.2   3.6   2   2   2.7e-21   2.8e-21   69.0   0.3    62   165   104   221    81   229 0.84 -
1161199at2759_61853_0:002008|NODE_6691_length_7544_cov_71.743538:6217-6945   -            242 1161199at2759        -            181   1.6e-21   69.9   0.7   1   2         4       4.2    0.0   0.0    22    51     2    40     1    49 0.56 -
1161199at2759_61853_0:002008|NODE_6691_length_7544_cov_71.743538:6217-6945   -            242 1161199at2759        -            181   1.6e-21   69.9   0.7   2   2     7e-21   7.3e-21   67.7   0.2    66   165   123   236   116   241 0.85 -
1161199at2759_9837_0:0046f8|NODE_6691_length_7544_cov_71.743538:6072-7065    -            293 1161199at2759        -            181   1.8e-21   69.7   4.0   1   2       1.5       1.5    1.5   0.0    19    49    35    74    29    78 0.62 -
1161199at2759_9837_0:0046f8|NODE_6691_length_7544_cov_71.743538:6072-7065    -            293 1161199at2759        -            181   1.8e-21   69.7   4.0   2   2   3.2e-21   3.4e-21   68.8   0.3    62   165   130   247   108   255 0.84 -
1161199at2759_10141_0:0012af|NODE_6691_length_7544_cov_71.743538:6057-7065   -            298 1161199at2759        -            181   1.9e-21   69.6   4.1   1   2       1.5       1.6    1.4   0.0    19    49    40    79    34    83 0.62 -
1161199at2759_10141_0:0012af|NODE_6691_length_7544_cov_71.743538:6057-7065   -            298 1161199at2759        -            181   1.9e-21   69.6   4.1   2   2   3.4e-21   3.5e-21   68.7   0.3    62   165   135   252   113   260 0.84 -
1161199at2759_1257118_1:000e54|NODE_6691_length_7544_cov_71.743538:6060-7071 -            298 1161199at2759        -            181     2e-21   69.5   4.2   1   2       1.5       1.6    1.4   0.0    19    49    39    78    33    82 0.62 -
1161199at2759_1257118_1:000e54|NODE_6691_length_7544_cov_71.743538:6060-7071 -            298 1161199at2759        -            181     2e-21   69.5   4.2   2   2   3.4e-21   3.5e-21   68.7   0.3    62   165   134   251   112   259 0.84 -
1161199at2759_6183_0:000f9f|NODE_6691_length_7544_cov_71.743538:6060-7071    -            298 1161199at2759        -            181     2e-21   69.5   4.2   1   2       1.5       1.6    1.4   0.0    19    49    39    78    33    82 0.62 -
1161199at2759_6183_0:000f9f|NODE_6691_length_7544_cov_71.743538:6060-7071    -            298 1161199at2759        -            181     2e-21   69.5   4.2   2   2   3.4e-21   3.5e-21   68.7   0.3    62   165   134   251   112   259 0.84 -
1161199at2759_7200_0:000207|NODE_6691_length_7544_cov_71.743538:6190-7056    -            273 1161199at2759        -            181     2e-21   69.5   3.2   1   2      0.93      0.98    2.1   0.0    19    50     8    48     3    58 0.65 -
1161199at2759_7200_0:000207|NODE_6691_length_7544_cov_71.743538:6190-7056    -            273 1161199at2759        -            181     2e-21   69.5   3.2   2   2   7.5e-21   7.9e-21   67.6   0.3    66   165   117   230    99   238 0.86 -
1161199at2759_13616_0:0023d0|NODE_6691_length_7544_cov_71.743538:6217-7065   -            269 1161199at2759        -            181   2.4e-21   69.3   4.2   1   2       1.6       1.6    1.4   0.0    23    58     3    47     1    50 0.60 -
1161199at2759_13616_0:0023d0|NODE_6691_length_7544_cov_71.743538:6217-7065   -            269 1161199at2759        -            181   2.4e-21   69.3   4.2   2   2   2.7e-21   2.8e-21   69.0   0.3    62   165   106   223    83   231 0.84 -
1161199at2759_185453_0:00465a|NODE_6691_length_7544_cov_71.743538:6217-7065  -            269 1161199at2759        -            181   2.4e-21   69.3   4.2   1   2       1.6       1.6    1.4   0.0    23    58     3    47     1    50 0.60 -
1161199at2759_185453_0:00465a|NODE_6691_length_7544_cov_71.743538:6217-7065  -            269 1161199at2759        -            181   2.4e-21   69.3   4.2   2   2   2.7e-21   2.8e-21   69.0   0.3    62   165   106   223    83   231 0.84 -
1161199at2759_30419_0:000fb2|NODE_6691_length_7544_cov_71.743538:6217-7065   -            269 1161199at2759        -            181   2.4e-21   69.3   4.2   1   2       1.6       1.6    1.4   0.0    23    58     3    47     1    50 0.60 -
1161199at2759_30419_0:000fb2|NODE_6691_length_7544_cov_71.743538:6217-7065   -            269 1161199at2759        -            181   2.4e-21   69.3   4.2   2   2   2.7e-21   2.8e-21   69.0   0.3    62   165   106   223    83   231 0.84 -
1161199at2759_381198_0:003258|NODE_6691_length_7544_cov_71.743538:6217-7065  -            269 1161199at2759        -            181   2.4e-21   69.3   4.2   1   2       1.6       1.6    1.4   0.0    23    58     3    47     1    50 0.60 -
1161199at2759_381198_0:003258|NODE_6691_length_7544_cov_71.743538:6217-7065  -            269 1161199at2759        -            181   2.4e-21   69.3   4.2   2   2   2.7e-21   2.8e-21   69.0   0.3    62   165   106   223    83   231 0.84 -
1161199at2759_55661_0:0033bb|NODE_6691_length_7544_cov_71.743538:6217-7065   -            269 1161199at2759        -            181   2.4e-21   69.3   4.2   1   2       1.6       1.6    1.4   0.0    23    58     3    47     1    50 0.60 -
1161199at2759_55661_0:0033bb|NODE_6691_length_7544_cov_71.743538:6217-7065   -            269 1161199at2759        -            181   2.4e-21   69.3   4.2   2   2   2.7e-21   2.8e-21   69.0   0.3    62   165   106   223    83   231 0.84 -
1161199at2759_8496_0:000e60|NODE_6691_length_7544_cov_71.743538:6217-7065    -            269 1161199at2759        -            181   2.4e-21   69.3   4.2   1   2       1.6       1.6    1.4   0.0    23    58     3    47     1    50 0.60 -
1161199at2759_8496_0:000e60|NODE_6691_length_7544_cov_71.743538:6217-7065    -            269 1161199at2759        -            181   2.4e-21   69.3   4.2   2   2   2.7e-21   2.8e-21   69.0   0.3    62   165   106   223    83   231 0.84 -
1161199at2759_8897_0:00118c|NODE_6691_length_7544_cov_71.743538:6217-7065    -            269 1161199at2759        -            181   2.4e-21   69.3   4.2   1   2       1.6       1.6    1.4   0.0    23    58     3    47     1    50 0.60 -
1161199at2759_8897_0:00118c|NODE_6691_length_7544_cov_71.743538:6217-7065    -            269 1161199at2759        -            181   2.4e-21   69.3   4.2   2   2   2.7e-21   2.8e-21   69.0   0.3    62   165   106   223    83   231 0.84 -
1161199at2759_9244_0:002d86|NODE_6691_length_7544_cov_71.743538:6217-7065    -            269 1161199at2759        -            181   2.4e-21   69.3   4.2   1   2       1.6       1.6    1.4   0.0    23    58     3    47     1    50 0.60 -
1161199at2759_9244_0:002d86|NODE_6691_length_7544_cov_71.743538:6217-7065    -            269 1161199at2759        -            181   2.4e-21   69.3   4.2   2   2   2.7e-21   2.8e-21   69.0   0.3    62   165   106   223    83   231 0.84 -
1161199at2759_932674_0:00069d|NODE_6691_length_7544_cov_71.743538:6217-7065  -            269 1161199at2759        -            181   2.4e-21   69.3   4.2   1   2       1.6       1.6    1.4   0.0    23    58     3    47     1    50 0.60 -
1161199at2759_932674_0:00069d|NODE_6691_length_7544_cov_71.743538:6217-7065  -            269 1161199at2759        -            181   2.4e-21   69.3   4.2   2   2   2.7e-21   2.8e-21   69.0   0.3    62   165   106   223    83   231 0.84 -
1161199at2759_6850_0:00277b|NODE_6691_length_7544_cov_71.743538:6217-7065    -            257 1161199at2759        -            181   2.6e-21   69.2   0.3   1   2         7       7.4   -0.8   0.0    22    49     2    38     1    41 0.51 -
1161199at2759_6850_0:00277b|NODE_6691_length_7544_cov_71.743538:6217-7065    -            257 1161199at2759        -            181   2.6e-21   69.2   0.3   2   2   2.4e-21   2.6e-21   69.2   0.3    62   165    94   211    70   219 0.84 -
1161199at2759_1868482_0:000990|NODE_6691_length_7544_cov_71.743538:6247-7065 -            259 1161199at2759        -            181   2.6e-21   69.2   0.3   1   1   2.5e-21   2.6e-21   69.2   0.3    62   165    96   213    73   221 0.84 -
1161199at2759_121530_0:00286a|NODE_6691_length_7544_cov_71.743538:6244-7065  -            260 1161199at2759        -            181   2.6e-21   69.1   0.3   1   2         5       5.3   -0.3   0.0    36    59    16    39     7    41 0.80 -
1161199at2759_121530_0:00286a|NODE_6691_length_7544_cov_71.743538:6244-7065  -            260 1161199at2759        -            181   2.6e-21   69.1   0.3   2   2   2.5e-21   2.6e-21   69.1   0.3    62   165    97   214    74   222 0.84 -
1161199at2759_103695_0:00091e|NODE_6691_length_7544_cov_71.743538:6217-7056  -            266 1161199at2759        -            181   2.7e-21   69.1   3.1   1   2       4.6       4.8   -0.2   0.0    22    51     2    40     1    49 0.56 -
1161199at2759_103695_0:00091e|NODE_6691_length_7544_cov_71.743538:6217-7056  -            266 1161199at2759        -            181   2.7e-21   69.1   3.1   2   2   2.6e-21   2.8e-21   69.1   0.3    62   165   106   223    83   231 0.84 -
1161199at2759_379532_0:003020|NODE_6691_length_7544_cov_71.743538:6217-7056  -            266 1161199at2759        -            181   2.7e-21   69.1   3.1   1   2       4.6       4.8   -0.2   0.0    22    51     2    40     1    49 0.56 -
1161199at2759_379532_0:003020|NODE_6691_length_7544_cov_71.743538:6217-7056  -            266 1161199at2759        -            181   2.7e-21   69.1   3.1   2   2   2.6e-21   2.8e-21   69.1   0.3    62   165   106   223    83   231 0.84 -
1161199at2759_103944_0:000d6a|NODE_6691_length_7544_cov_71.743538:6217-7056  -            266 1161199at2759        -            181   2.8e-21   69.1   0.3   1   2       3.6       3.8    0.2   0.0    22    52     2    41     1    49 0.55 -
1161199at2759_103944_0:000d6a|NODE_6691_length_7544_cov_71.743538:6217-7056  -            266 1161199at2759        -            181   2.8e-21   69.1   0.3   2   2   2.6e-21   2.8e-21   69.1   0.3    62   165   106   223    83   231 0.84 -
1161199at2759_176946_0:0031b0|NODE_6691_length_7544_cov_71.743538:6217-7056  -            266 1161199at2759        -            181   2.8e-21   69.1   0.3   1   2       3.6       3.8    0.2   0.0    22    52     2    41     1    49 0.55 -
1161199at2759_176946_0:0031b0|NODE_6691_length_7544_cov_71.743538:6217-7056  -            266 1161199at2759        -            181   2.8e-21   69.1   0.3   2   2   2.6e-21   2.8e-21   69.1   0.3    62   165   106   223    83   231 0.84 -
1161199at2759_13735_0:003910|NODE_6691_length_7544_cov_71.743538:6217-7065   -            206 1161199at2759        -            181   2.8e-21   69.0   1.4   1   1   2.7e-21   2.8e-21   69.0   1.4    64   165    45   160     1   169 0.73 -
1161199at2759_30521_0:002439|NODE_6691_length_7544_cov_71.743538:6217-7065   -            206 1161199at2759        -            181   2.8e-21   69.0   1.4   1   1   2.7e-21   2.8e-21   69.0   1.4    64   165    45   160     1   169 0.73 -
1161199at2759_10029_0:000f5a|NODE_6691_length_7544_cov_71.743538:6217-7065   -            269 1161199at2759        -            181   2.8e-21   69.0   3.1   1   2       4.6       4.9   -0.2   0.0    22    51     2    40     1    49 0.56 -
1161199at2759_10029_0:000f5a|NODE_6691_length_7544_cov_71.743538:6217-7065   -            269 1161199at2759        -            181   2.8e-21   69.0   3.1   2   2   2.7e-21   2.8e-21   69.0   0.3    62   165   106   223    83   231 0.84 -
1161199at2759_10116_0:004bd0|NODE_6691_length_7544_cov_71.743538:6217-7065   -            269 1161199at2759        -            181   2.8e-21   69.0   3.1   1   2       4.6       4.9   -0.2   0.0    22    51     2    40     1    49 0.56 -
1161199at2759_10116_0:004bd0|NODE_6691_length_7544_cov_71.743538:6217-7065   -            269 1161199at2759        -            181   2.8e-21   69.0   3.1   2   2   2.7e-21   2.8e-21   69.0   0.3    62   165   106   223    83   231 0.84 -
1161199at2759_10160_0:004a25|NODE_6691_length_7544_cov_71.743538:6217-7065   -            269 1161199at2759        -            181   2.8e-21   69.0   3.1   1   2       4.6       4.9   -0.2   0.0    22    51     2    40     1    49 0.56 -
1161199at2759_10160_0:004a25|NODE_6691_length_7544_cov_71.743538:6217-7065   -            269 1161199at2759        -            181   2.8e-21   69.0   3.1   2   2   2.7e-21   2.8e-21   69.0   0.3    62   165   106   223    83   231 0.84 -
1161199at2759_10181_0:004a85|NODE_6691_length_7544_cov_71.743538:6217-7065   -            269 1161199at2759        -            181   2.8e-21   69.0   3.1   1   2       4.6       4.9   -0.2   0.0    22    51     2    40     1    49 0.56 -
1161199at2759_10181_0:004a85|NODE_6691_length_7544_cov_71.743538:6217-7065   -            269 1161199at2759        -            181   2.8e-21   69.0   3.1   2   2   2.7e-21   2.8e-21   69.0   0.3    62   165   106   223    83   231 0.84 -
1161199at2759_1737458_0:003442|NODE_6691_length_7544_cov_71.743538:6217-7065 -            269 1161199at2759        -            181   2.8e-21   69.0   3.1   1   2       4.6       4.9   -0.2   0.0    22    51     2    40     1    49 0.56 -
1161199at2759_1737458_0:003442|NODE_6691_length_7544_cov_71.743538:6217-7065 -            269 1161199at2759        -            181   2.8e-21   69.0   3.1   2   2   2.7e-21   2.8e-21   69.0   0.3    62   165   106   223    83   231 0.84 -
1161199at2759_30611_0:00341b|NODE_6691_length_7544_cov_71.743538:6217-7065   -            269 1161199at2759        -            181   2.8e-21   69.0   3.1   1   2       4.6       4.9   -0.2   0.0    22    51     2    40     1    49 0.56 -
1161199at2759_30611_0:00341b|NODE_6691_length_7544_cov_71.743538:6217-7065   -            269 1161199at2759        -            181   2.8e-21   69.0   3.1   2   2   2.7e-21   2.8e-21   69.0   0.3    62   165   106   223    83   231 0.84 -
1161199at2759_482537_0:0029a9|NODE_6691_length_7544_cov_71.743538:6217-7065  -            269 1161199at2759        -            181   2.8e-21   69.0   3.1   1   2       4.6       4.9   -0.2   0.0    22    51     2    40     1    49 0.56 -
1161199at2759_482537_0:0029a9|NODE_6691_length_7544_cov_71.743538:6217-7065  -            269 1161199at2759        -            181   2.8e-21   69.0   3.1   2   2   2.7e-21   2.8e-21   69.0   0.3    62   165   106   223    83   231 0.84 -
1161199at2759_51338_0:00146d|NODE_6691_length_7544_cov_71.743538:6217-7065   -            269 1161199at2759        -            181   2.8e-21   69.0   3.1   1   2       4.6       4.9   -0.2   0.0    22    51     2    40     1    49 0.56 -
1161199at2759_51338_0:00146d|NODE_6691_length_7544_cov_71.743538:6217-7065   -            269 1161199at2759        -            181   2.8e-21   69.0   3.1   2   2   2.7e-21   2.8e-21   69.0   0.3    62   165   106   223    83   231 0.84 -
1161199at2759_591936_0:002e4e|NODE_6691_length_7544_cov_71.743538:6217-7065  -            269 1161199at2759        -            181   2.8e-21   69.0   3.1   1   2       4.6       4.9   -0.2   0.0    22    51     2    40     1    49 0.56 -
1161199at2759_591936_0:002e4e|NODE_6691_length_7544_cov_71.743538:6217-7065  -            269 1161199at2759        -            181   2.8e-21   69.0   3.1   2   2   2.7e-21   2.8e-21   69.0   0.3    62   165   106   223    83   231 0.84 -
1161199at2759_8502_0:001894|NODE_6691_length_7544_cov_71.743538:6217-7065    -            269 1161199at2759        -            181   2.8e-21   69.0   3.1   1   2       4.6       4.9   -0.2   0.0    22    51     2    40     1    49 0.56 -
1161199at2759_8502_0:001894|NODE_6691_length_7544_cov_71.743538:6217-7065    -            269 1161199at2759        -            181   2.8e-21   69.0   3.1   2   2   2.7e-21   2.8e-21   69.0   0.3    62   165   106   223    83   231 0.84 -
1161199at2759_885580_0:003ce0|NODE_6691_length_7544_cov_71.743538:6217-7065  -            269 1161199at2759        -            181   2.8e-21   69.0   3.1   1   2       4.6       4.9   -0.2   0.0    22    51     2    40     1    49 0.56 -
1161199at2759_885580_0:003ce0|NODE_6691_length_7544_cov_71.743538:6217-7065  -            269 1161199at2759        -            181   2.8e-21   69.0   3.1   2   2   2.7e-21   2.8e-21   69.0   0.3    62   165   106   223    83   231 0.84 -
1161199at2759_8932_0:0018d8|NODE_6691_length_7544_cov_71.743538:6217-7065    -            269 1161199at2759        -            181   2.8e-21   69.0   3.1   1   2       4.6       4.9   -0.2   0.0    22    51     2    40     1    49 0.56 -
1161199at2759_8932_0:0018d8|NODE_6691_length_7544_cov_71.743538:6217-7065    -            269 1161199at2759        -            181   2.8e-21   69.0   3.1   2   2   2.7e-21   2.8e-21   69.0   0.3    62   165   106   223    83   231 0.84 -
1161199at2759_9713_0:003eeb|NODE_6691_length_7544_cov_71.743538:6217-7065    -            269 1161199at2759        -            181   2.8e-21   69.0   3.1   1   2       4.6       4.9   -0.2   0.0    22    51     2    40     1    49 0.56 -
1161199at2759_9713_0:003eeb|NODE_6691_length_7544_cov_71.743538:6217-7065    -            269 1161199at2759        -            181   2.8e-21   69.0   3.1   2   2   2.7e-21   2.8e-21   69.0   0.3    62   165   106   223    83   231 0.84 -
1161199at2759_9940_0:001c2f|NODE_6691_length_7544_cov_71.743538:6217-7065    -            269 1161199at2759        -            181   2.8e-21   69.0   3.1   1   2       4.6       4.9   -0.2   0.0    22    51     2    40     1    49 0.56 -
1161199at2759_9940_0:001c2f|NODE_6691_length_7544_cov_71.743538:6217-7065    -            269 1161199at2759        -            181   2.8e-21   69.0   3.1   2   2   2.7e-21   2.8e-21   69.0   0.3    62   165   106   223    83   231 0.84 -
1161199at2759_9978_0:0039ba|NODE_6691_length_7544_cov_71.743538:6217-7065    -            269 1161199at2759        -            181   2.8e-21   69.0   3.1   1   2       4.6       4.9   -0.2   0.0    22    51     2    40     1    49 0.56 -
1161199at2759_9978_0:0039ba|NODE_6691_length_7544_cov_71.743538:6217-7065    -            269 1161199at2759        -            181   2.8e-21   69.0   3.1   2   2   2.7e-21   2.8e-21   69.0   0.3    62   165   106   223    83   231 0.84 -
1161199at2759_1026970_0:004c27|NODE_6691_length_7544_cov_71.743538:6217-7065 -            269 1161199at2759        -            181   2.8e-21   69.0   0.3   1   2       3.6       3.8    0.2   0.0    22    52     2    41     1    49 0.55 -
1161199at2759_1026970_0:004c27|NODE_6691_length_7544_cov_71.743538:6217-7065 -            269 1161199at2759        -            181   2.8e-21   69.0   0.3   2   2   2.7e-21   2.8e-21   69.0   0.3    62   165   106   223    83   231 0.84 -
1161199at2759_109478_0:002533|NODE_6691_length_7544_cov_71.743538:6217-7065  -            269 1161199at2759        -            181   2.8e-21   69.0   0.3   1   2       3.6       3.8    0.2   0.0    22    52     2    41     1    49 0.55 -
1161199at2759_109478_0:002533|NODE_6691_length_7544_cov_71.743538:6217-7065  -            269 1161199at2759        -            181   2.8e-21   69.0   0.3   2   2   2.7e-21   2.8e-21   69.0   0.3    62   165   106   223    83   231 0.84 -
1161199at2759_127582_0:0032fb|NODE_6691_length_7544_cov_71.743538:6217-7065  -            269 1161199at2759        -            181   2.8e-21   69.0   0.3   1   2       4.9       5.1   -0.2   0.0    22    51     2    40     1    49 0.56 -
1161199at2759_127582_0:0032fb|NODE_6691_length_7544_cov_71.743538:6217-7065  -            269 1161199at2759        -            181   2.8e-21   69.0   0.3   2   2   2.7e-21   2.8e-21   69.0   0.3    62   165   106   223    83   231 0.84 -
1161199at2759_132908_0:002060|NODE_6691_length_7544_cov_71.743538:6217-7065  -            269 1161199at2759        -            181   2.8e-21   69.0   0.3   1   2       3.6       3.8    0.2   0.0    22    52     2    41     1    49 0.55 -
1161199at2759_132908_0:002060|NODE_6691_length_7544_cov_71.743538:6217-7065  -            269 1161199at2759        -            181   2.8e-21   69.0   0.3   2   2   2.7e-21   2.8e-21   69.0   0.3    62   165   106   223    83   231 0.84 -
1161199at2759_143302_0:002c3e|NODE_6691_length_7544_cov_71.743538:6217-7065  -            269 1161199at2759        -            181   2.8e-21   69.0   0.3   1   2       3.6       3.8    0.2   0.0    22    52     2    41     1    49 0.55 -
1161199at2759_143302_0:002c3e|NODE_6691_length_7544_cov_71.743538:6217-7065  -            269 1161199at2759        -            181   2.8e-21   69.0   0.3   2   2   2.7e-21   2.8e-21   69.0   0.3    62   165   106   223    83   231 0.84 -
1161199at2759_156563_0:0030f7|NODE_6691_length_7544_cov_71.743538:6217-7065  -            269 1161199at2759        -            181   2.8e-21   69.0   0.3   1   2       3.6       3.8    0.2   0.0    22    52     2    41     1    49 0.55 -
1161199at2759_156563_0:0030f7|NODE_6691_length_7544_cov_71.743538:6217-7065  -            269 1161199at2759        -            181   2.8e-21   69.0   0.3   2   2   2.7e-21   2.8e-21   69.0   0.3    62   165   106   223    83   231 0.84 -
1161199at2759_28737_0:000d61|NODE_6691_length_7544_cov_71.743538:6217-7065   -            269 1161199at2759        -            181   2.8e-21   69.0   0.3   1   2       3.6       3.8    0.2   0.0    22    52     2    41     1    49 0.55 -
1161199at2759_28737_0:000d61|NODE_6691_length_7544_cov_71.743538:6217-7065   -            269 1161199at2759        -            181   2.8e-21   69.0   0.3   2   2   2.7e-21   2.8e-21   69.0   0.3    62   165   106   223    83   231 0.84 -
1161199at2759_28737_0:002850|NODE_6691_length_7544_cov_71.743538:6217-7065   -            269 1161199at2759        -            181   2.8e-21   69.0   0.3   1   2       3.6       3.8    0.2   0.0    22    52     2    41     1    49 0.55 -
1161199at2759_28737_0:002850|NODE_6691_length_7544_cov_71.743538:6217-7065   -            269 1161199at2759        -            181   2.8e-21   69.0   0.3   2   2   2.7e-21   2.8e-21   69.0   0.3    62   165   106   223    83   231 0.84 -
1161199at2759_9172_0:002b74|NODE_6691_length_7544_cov_71.743538:6217-7065    -            269 1161199at2759        -            181   2.8e-21   69.0   0.3   1   2       3.6       3.8    0.2   0.0    22    52     2    41     1    49 0.55 -
1161199at2759_9172_0:002b74|NODE_6691_length_7544_cov_71.743538:6217-7065    -            269 1161199at2759        -            181   2.8e-21   69.0   0.3   2   2   2.7e-21   2.8e-21   69.0   0.3    62   165   106   223    83   231 0.84 -
1161199at2759_9371_0:001ef0|NODE_6691_length_7544_cov_71.743538:6217-7065    -            269 1161199at2759        -            181   2.8e-21   69.0   0.3   1   2       4.9       5.1   -0.2   0.0    22    51     2    40     1    49 0.56 -
1161199at2759_9371_0:001ef0|NODE_6691_length_7544_cov_71.743538:6217-7065    -            269 1161199at2759        -            181   2.8e-21   69.0   0.3   2   2   2.7e-21   2.8e-21   69.0   0.3    62   165   106   223    83   231 0.84 -
1161199at2759_9798_0:003b88|NODE_6691_length_7544_cov_71.743538:6217-7065    -            269 1161199at2759        -            181   2.8e-21   69.0   0.3   1   2       3.6       3.8    0.2   0.0    22    52     2    41     1    49 0.55 -
1161199at2759_9798_0:003b88|NODE_6691_length_7544_cov_71.743538:6217-7065    -            269 1161199at2759        -            181   2.8e-21   69.0   0.3   2   2   2.7e-21   2.8e-21   69.0   0.3    62   165   106   223    83   231 0.84 -
1161199at2759_9974_0:0034b2|NODE_6691_length_7544_cov_71.743538:6217-7065    -            269 1161199at2759        -            181   2.8e-21   69.0   0.3   1   2       3.6       3.8    0.2   0.0    22    52     2    41     1    49 0.55 -
1161199at2759_9974_0:0034b2|NODE_6691_length_7544_cov_71.743538:6217-7065    -            269 1161199at2759        -            181   2.8e-21   69.0   0.3   2   2   2.7e-21   2.8e-21   69.0   0.3    62   165   106   223    83   231 0.84 -
1161199at2759_29031_0:000498|NODE_6691_length_7544_cov_71.743538:6217-7056   -            264 1161199at2759        -            181   5.3e-21   68.1   4.0   1   2       1.5       1.6    1.4   0.0    23    58     3    47     1    50 0.60 -
1161199at2759_29031_0:000498|NODE_6691_length_7544_cov_71.743538:6217-7056   -            264 1161199at2759        -            181   5.3e-21   68.1   4.0   2   2   6.9e-21   7.2e-21   67.7   0.3    66   165   108   221    90   229 0.86 -
1161199at2759_118797_0:002b3a|NODE_6691_length_7544_cov_71.743538:6217-7065  -            282 1161199at2759        -            181   7.8e-21   67.6   2.9   1   2         5       5.2   -0.3   0.0    22    51     2    40     1    49 0.56 -
1161199at2759_118797_0:002b3a|NODE_6691_length_7544_cov_71.743538:6217-7065  -            282 1161199at2759        -            181   7.8e-21   67.6   2.9   2   2   9.1e-21   9.6e-21   67.3   0.3    66   165   123   236   117   244 0.85 -
1161199at2759_9606_0:0046d2|NODE_6691_length_7544_cov_71.743538:6217-7065    -            282 1161199at2759        -            181   7.8e-21   67.6   2.9   1   2         5       5.2   -0.3   0.0    22    51     2    40     1    49 0.56 -
1161199at2759_9606_0:0046d2|NODE_6691_length_7544_cov_71.743538:6217-7065    -            282 1161199at2759        -            181   7.8e-21   67.6   2.9   2   2   9.1e-21   9.6e-21   67.3   0.3    66   165   123   236   117   244 0.85 -
1161199at2759_218467_0:004041|NODE_6691_length_7544_cov_71.743538:6193-6873  -            201 1161199at2759        -            181   5.7e-19   61.5   1.8   1   2      0.91      0.95    2.1   0.0    19    49     7    46     3    50 0.62 -
1161199at2759_218467_0:004041|NODE_6691_length_7544_cov_71.743538:6193-6873  -            201 1161199at2759        -            181   5.7e-19   61.5   1.8   2   2   4.9e-18   5.1e-18   58.4   0.6    62   150   102   200    76   201 0.84 -
1161199at2759_6198_0:003a47|NODE_6691_length_7544_cov_71.743538:6609-7071    -            154 1161199at2759        -            181   3.8e-18   58.8   0.8   1   1   5.2e-18   5.5e-18   58.3   0.1    74   165     2   107     1   116 0.83 -
1161199at2759_9361_0:005274|NODE_6691_length_7544_cov_71.743538:6217-7065    -            162 1161199at2759        -            181   5.9e-12   38.7   1.6   1   2      0.19       0.2    4.3   0.0    21    58     1    43     1    45 0.84 -
1161199at2759_9361_0:005274|NODE_6691_length_7544_cov_71.743538:6217-7065    -            162 1161199at2759        -            181   5.9e-12   38.7   1.6   2   2     2e-11   2.2e-11   36.8   0.1    97   165    35   116    33   125 0.81 -
1161199at2759_202946_0:00157f|NODE_6691_length_7544_cov_71.743538:6193-6717  -            161 1161199at2759        -            181   1.7e-09   30.6   1.2   1   2      0.43      0.45    3.2   0.0    19    50     7    47     3    57 0.65 -
1161199at2759_202946_0:00157f|NODE_6691_length_7544_cov_71.743538:6193-6717  -            161 1161199at2759        -            181   1.7e-09   30.6   1.2   2   2   3.4e-08   3.6e-08   26.3   0.3    62   107   114   160    86   161 0.86 -
1161199at2759_30608_0:0047b0|NODE_6691_length_7544_cov_71.743538:6217-6717   -            153 1161199at2759        -            181   5.1e-09   29.1   0.8   1   2       1.9         2    1.1   0.0    22    51     2    40     1    49 0.56 -
1161199at2759_30608_0:0047b0|NODE_6691_length_7544_cov_71.743538:6217-6717   -            153 1161199at2759        -            181   5.1e-09   29.1   0.8   2   2   3.1e-08   3.2e-08   26.5   0.3    62   107   106   152    78   153 0.86 -
1161199at2759_10020_0:00358d|NODE_6691_length_7544_cov_71.743538:6217-7065   -            216 1161199at2759        -            181   3.5e-07   23.1   0.8   1   3       3.3       3.5    0.3   0.0    22    51     2    40     1    49 0.56 -
1161199at2759_10020_0:00358d|NODE_6691_length_7544_cov_71.743538:6217-7065   -            216 1161199at2759        -            181   3.5e-07   23.1   0.8   2   3   3.4e-07   3.5e-07   23.1   0.8    62   103   106   148    85   151 0.86 -
1161199at2759_10020_0:00358d|NODE_6691_length_7544_cov_71.743538:6217-7065   -            216 1161199at2759        -            181   3.5e-07   23.1   0.8   3   3       1.2       1.3    1.7   0.1   150   165   155   170   148   177 0.85 -
1161199at2759_29073_0:003547|NODE_6691_length_7544_cov_71.743538:6217-7065   -            216 1161199at2759        -            181   3.5e-07   23.1   0.8   1   3       2.6       2.7    0.6   0.0    22    52     2    41     1    49 0.55 -
1161199at2759_29073_0:003547|NODE_6691_length_7544_cov_71.743538:6217-7065   -            216 1161199at2759        -            181   3.5e-07   23.1   0.8   2   3   3.4e-07   3.5e-07   23.1   0.8    62   103   106   148    85   151 0.86 -
1161199at2759_29073_0:003547|NODE_6691_length_7544_cov_71.743538:6217-7065   -            216 1161199at2759        -            181   3.5e-07   23.1   0.8   3   3       1.2       1.3    1.7   0.1   150   165   155   170   148   177 0.85 -
#
# Program:         hmmsearch
# Version:         3.1b2 (February 2015)
# Pipeline mode:   SEARCH
# Query file:      mb_downloads/eukaryota_odb10/hmms/1161199at2759.hmm
# Target file:     -
# Option settings: /opt/conda/envs/compleasm/bin/hmmsearch --domtblout compleasm/eukaryota_odb10/hmmer_output/1161199at2759.out --cpu 1 mb_downloads/eukaryota_odb10/hmms/1161199at2759.hmm - 
# Current dir:     /in
# Date:            Tue Oct 22 12:40:08 2024
# [ok]
