#                                                                                                                                       --- full sequence --- -------------- this domain -------------   hmm coord   ali coord   env coord
# target name                                                                   accession   tlen query name           accession   qlen   E-value  score  bias   #  of  c-Evalue  i-Evalue  score  bias  from    to  from    to  from    to  acc description of target
#                                                           ------------------- ---------- ----- -------------------- ---------- ----- --------- ------ ----- --- --- --------- --------- ------ ----- ----- ----- ----- ----- ----- ----- ---- ---------------------
1178688at2759_35525_0:006ac4|NODE_1185_length_13996_cov_68.076442:9673-10339    -            198 1178688at2759        -            144   3.5e-35  115.6   9.4   1   1   2.9e-31     3e-31  102.9   9.4     4   142    12   196     9   198 0.75 -
1178688at2759_123851_0:0042cc|NODE_1185_length_13996_cov_68.076442:9664-10336   -            199 1178688at2759        -            144   3.6e-35  115.5   9.4   1   1     3e-31     3e-31  102.8   9.4     4   142    11   195     8   197 0.75 -
1178688at2759_13686_0:0009fd|NODE_1185_length_13996_cov_68.076442:9664-10336    -            199 1178688at2759        -            144   3.6e-35  115.5   9.4   1   1     3e-31     3e-31  102.8   9.4     4   142    11   195     8   197 0.75 -
1178688at2759_286306_0:0038a0|NODE_1185_length_13996_cov_68.076442:9664-10336   -            199 1178688at2759        -            144   3.6e-35  115.5   9.4   1   1     3e-31     3e-31  102.8   9.4     4   142    11   195     8   197 0.75 -
1178688at2759_307658_0:00203f|NODE_1185_length_13996_cov_68.076442:9664-10336   -            199 1178688at2759        -            144   3.6e-35  115.5   9.4   1   1     3e-31     3e-31  102.8   9.4     4   142    11   195     8   197 0.75 -
1178688at2759_35525_0:00014d|NODE_1185_length_13996_cov_68.076442:9664-10336    -            199 1178688at2759        -            144   3.6e-35  115.5   9.4   1   1     3e-31     3e-31  102.8   9.4     4   142    11   195     8   197 0.75 -
1178688at2759_411798_0:002c4b|NODE_1185_length_13996_cov_68.076442:9664-10336   -            199 1178688at2759        -            144   3.6e-35  115.5   9.4   1   1     3e-31     3e-31  102.8   9.4     4   142    11   195     8   197 0.75 -
1178688at2759_456900_0:0024cd|NODE_1185_length_13996_cov_68.076442:9664-10336   -            199 1178688at2759        -            144   3.6e-35  115.5   9.4   1   1     3e-31     3e-31  102.8   9.4     4   142    11   195     8   197 0.75 -
1178688at2759_48709_0:000218|NODE_1185_length_13996_cov_68.076442:9664-10336    -            199 1178688at2759        -            144   3.6e-35  115.5   9.4   1   1     3e-31     3e-31  102.8   9.4     4   142    11   195     8   197 0.75 -
1178688at2759_64793_0:001306|NODE_1185_length_13996_cov_68.076442:9664-10336    -            199 1178688at2759        -            144   3.6e-35  115.5   9.4   1   1     3e-31     3e-31  102.8   9.4     4   142    11   195     8   197 0.75 -
1178688at2759_7159_0:002433|NODE_1185_length_13996_cov_68.076442:9664-10336     -            199 1178688at2759        -            144   3.6e-35  115.5   9.4   1   1     3e-31     3e-31  102.8   9.4     4   142    11   195     8   197 0.75 -
1178688at2759_7176_0:000ec7|NODE_1185_length_13996_cov_68.076442:9664-10336     -            199 1178688at2759        -            144   3.6e-35  115.5   9.4   1   1     3e-31     3e-31  102.8   9.4     4   142    11   195     8   197 0.75 -
1178688at2759_104452_0:000b72|NODE_1185_length_13996_cov_68.076442:9664-10339   -            200 1178688at2759        -            144   3.8e-35  115.5   9.4   1   1   3.1e-31   3.1e-31  102.8   9.4     4   142    12   196     9   198 0.75 -
1178688at2759_110193_0:0005ee|NODE_1185_length_13996_cov_68.076442:9664-10339   -            200 1178688at2759        -            144   3.8e-35  115.5   9.4   1   1   3.1e-31   3.1e-31  102.8   9.4     4   142    12   196     9   198 0.75 -
1178688at2759_113334_0:000872|NODE_1185_length_13996_cov_68.076442:9664-10339   -            200 1178688at2759        -            144   3.8e-35  115.5   9.4   1   1   3.1e-31   3.1e-31  102.8   9.4     4   142    12   196     9   198 0.75 -
1178688at2759_116153_0:0013fd|NODE_1185_length_13996_cov_68.076442:9664-10339   -            200 1178688at2759        -            144   3.8e-35  115.5   9.4   1   1   3.1e-31   3.1e-31  102.8   9.4     4   142    12   196     9   198 0.75 -
1178688at2759_132113_0:001b32|NODE_1185_length_13996_cov_68.076442:9664-10339   -            200 1178688at2759        -            144   3.8e-35  115.5   9.4   1   1   3.1e-31   3.1e-31  102.8   9.4     4   142    12   196     9   198 0.75 -
1178688at2759_1629725_0:0016d5|NODE_1185_length_13996_cov_68.076442:9664-10339  -            200 1178688at2759        -            144   3.8e-35  115.5   9.4   1   1   3.1e-31   3.1e-31  102.8   9.4     4   142    12   196     9   198 0.75 -
1178688at2759_166423_0:000d66|NODE_1185_length_13996_cov_68.076442:9664-10339   -            200 1178688at2759        -            144   3.8e-35  115.5   9.4   1   1   3.1e-31   3.1e-31  102.8   9.4     4   142    12   196     9   198 0.75 -
1178688at2759_219809_0:0013ec|NODE_1185_length_13996_cov_68.076442:9664-10339   -            200 1178688at2759        -            144   3.8e-35  115.5   9.4   1   1   3.1e-31   3.1e-31  102.8   9.4     4   142    12   196     9   198 0.75 -
1178688at2759_29058_0:000a67|NODE_1185_length_13996_cov_68.076442:9664-10339    -            200 1178688at2759        -            144   3.8e-35  115.5   9.4   1   1   3.1e-31   3.1e-31  102.8   9.4     4   142    12   196     9   198 0.75 -
1178688at2759_34740_0:001da5|NODE_1185_length_13996_cov_68.076442:9664-10339    -            200 1178688at2759        -            144   3.8e-35  115.5   9.4   1   1   3.1e-31   3.1e-31  102.8   9.4     4   142    12   196     9   198 0.75 -
1178688at2759_418985_0:0004b3|NODE_1185_length_13996_cov_68.076442:9664-10339   -            200 1178688at2759        -            144   3.8e-35  115.5   9.4   1   1   3.1e-31   3.1e-31  102.8   9.4     4   142    12   196     9   198 0.75 -
1178688at2759_45779_0:002fcb|NODE_1185_length_13996_cov_68.076442:9664-10339    -            200 1178688at2759        -            144   3.8e-35  115.5   9.4   1   1   3.1e-31   3.1e-31  102.8   9.4     4   142    12   196     9   198 0.75 -
1178688at2759_51655_0:0010e6|NODE_1185_length_13996_cov_68.076442:9664-10339    -            200 1178688at2759        -            144   3.8e-35  115.5   9.4   1   1   3.1e-31   3.1e-31  102.8   9.4     4   142    12   196     9   198 0.75 -
1178688at2759_516756_0:0005ea|NODE_1185_length_13996_cov_68.076442:9664-10339   -            200 1178688at2759        -            144   3.8e-35  115.5   9.4   1   1   3.1e-31   3.1e-31  102.8   9.4     4   142    12   196     9   198 0.75 -
1178688at2759_6183_0:001681|NODE_1185_length_13996_cov_68.076442:9664-10339     -            200 1178688at2759        -            144   3.8e-35  115.5   9.4   1   1   3.1e-31   3.1e-31  102.8   9.4     4   142    12   196     9   198 0.75 -
1178688at2759_6185_0:000f43|NODE_1185_length_13996_cov_68.076442:9664-10339     -            200 1178688at2759        -            144   3.8e-35  115.5   9.4   1   1   3.1e-31   3.1e-31  102.8   9.4     4   142    12   196     9   198 0.75 -
1178688at2759_62625_0:001d20|NODE_1185_length_13996_cov_68.076442:9664-10339    -            200 1178688at2759        -            144   3.8e-35  115.5   9.4   1   1   3.1e-31   3.1e-31  102.8   9.4     4   142    12   196     9   198 0.75 -
1178688at2759_64459_0:002030|NODE_1185_length_13996_cov_68.076442:9664-10339    -            200 1178688at2759        -            144   3.8e-35  115.5   9.4   1   1   3.1e-31   3.1e-31  102.8   9.4     4   142    12   196     9   198 0.75 -
1178688at2759_680683_0:000337|NODE_1185_length_13996_cov_68.076442:9664-10339   -            200 1178688at2759        -            144   3.8e-35  115.5   9.4   1   1   3.1e-31   3.1e-31  102.8   9.4     4   142    12   196     9   198 0.75 -
1178688at2759_69820_0:002850|NODE_1185_length_13996_cov_68.076442:9664-10339    -            200 1178688at2759        -            144   3.8e-35  115.5   9.4   1   1   3.1e-31   3.1e-31  102.8   9.4     4   142    12   196     9   198 0.75 -
1178688at2759_7038_0:001cd3|NODE_1185_length_13996_cov_68.076442:9664-10339     -            200 1178688at2759        -            144   3.8e-35  115.5   9.4   1   1   3.1e-31   3.1e-31  102.8   9.4     4   142    12   196     9   198 0.75 -
1178688at2759_7091_0:002e2d|NODE_1185_length_13996_cov_68.076442:9664-10339     -            200 1178688at2759        -            144   3.8e-35  115.5   9.4   1   1   3.1e-31   3.1e-31  102.8   9.4     4   142    12   196     9   198 0.75 -
1178688at2759_7130_0:002dc3|NODE_1185_length_13996_cov_68.076442:9664-10339     -            200 1178688at2759        -            144   3.8e-35  115.5   9.4   1   1   3.1e-31   3.1e-31  102.8   9.4     4   142    12   196     9   198 0.75 -
1178688at2759_76194_0:001675|NODE_1185_length_13996_cov_68.076442:9664-10339    -            200 1178688at2759        -            144   3.8e-35  115.5   9.4   1   1   3.1e-31   3.1e-31  102.8   9.4     4   142    12   196     9   198 0.75 -
1178688at2759_294128_0:001c41|NODE_1185_length_13996_cov_68.076442:9664-10345   -            202 1178688at2759        -            144     4e-35  115.4   9.4   1   1   3.2e-31   3.2e-31  102.7   9.4     4   142    14   198    11   200 0.75 -
1178688at2759_108931_0:00189b|NODE_1185_length_13996_cov_68.076442:9664-10348   -            203 1178688at2759        -            144   4.1e-35  115.4   9.4   1   1   3.2e-31   3.2e-31  102.8   9.4     4   142    15   199    12   201 0.75 -
1178688at2759_763665_1:0012de|NODE_1185_length_13996_cov_68.076442:9670-10351   -            203 1178688at2759        -            144   4.1e-35  115.4   9.4   1   1   3.2e-31   3.2e-31  102.8   9.4     4   142    16   200    13   202 0.75 -
1178688at2759_79782_0:001e9c|NODE_1185_length_13996_cov_68.076442:9664-10351    -            204 1178688at2759        -            144   4.2e-35  115.3   9.4   1   1   3.3e-31   3.3e-31  102.7   9.4     4   142    16   200    13   202 0.75 -
1178688at2759_88501_0:00105e|NODE_1185_length_13996_cov_68.076442:9664-10354    -            205 1178688at2759        -            144   4.2e-35  115.3   9.4   1   1   3.2e-31   3.3e-31  102.7   9.4     4   142    17   201    14   203 0.75 -
1178688at2759_37653_0:000ec8|NODE_1185_length_13996_cov_68.076442:9676-10342    -            198 1178688at2759        -            144   4.4e-35  115.3   9.4   1   1   3.7e-31   3.7e-31  102.6   9.4     4   142    13   197    10   198 0.75 -
1178688at2759_74940_0:000de7|NODE_1185_length_13996_cov_68.076442:9676-10342    -            198 1178688at2759        -            144   4.4e-35  115.3   9.4   1   1   3.7e-31   3.7e-31  102.6   9.4     4   142    13   197    10   198 0.75 -
1178688at2759_74940_0:0066b2|NODE_1185_length_13996_cov_68.076442:9676-10342    -            198 1178688at2759        -            144   4.4e-35  115.3   9.4   1   1   3.7e-31   3.7e-31  102.6   9.4     4   142    13   197    10   198 0.75 -
1178688at2759_7950_0:002ec8|NODE_1185_length_13996_cov_68.076442:9676-10342     -            198 1178688at2759        -            144   4.4e-35  115.3   9.4   1   1   3.7e-31   3.7e-31  102.6   9.4     4   142    13   197    10   198 0.75 -
1178688at2759_8010_0:0039ce|NODE_1185_length_13996_cov_68.076442:9676-10342     -            198 1178688at2759        -            144   4.4e-35  115.3   9.4   1   1   3.7e-31   3.7e-31  102.6   9.4     4   142    13   197    10   198 0.75 -
1178688at2759_121845_0:003696|NODE_1185_length_13996_cov_68.076442:9664-10357   -            206 1178688at2759        -            144   4.4e-35  115.3   9.4   1   1   3.3e-31   3.4e-31  102.7   9.4     4   142    18   202    15   204 0.75 -
1178688at2759_6210_0:001f62|NODE_1185_length_13996_cov_68.076442:9664-10357     -            206 1178688at2759        -            144   4.4e-35  115.3   9.4   1   1   3.3e-31   3.4e-31  102.7   9.4     4   142    18   202    15   204 0.75 -
1178688at2759_8208_0:001fe5|NODE_1185_length_13996_cov_68.076442:9667-10357     -            206 1178688at2759        -            144   4.4e-35  115.3   9.4   1   1   3.3e-31   3.4e-31  102.7   9.4     4   142    18   202    15   204 0.75 -
1178688at2759_199890_0:00278d|NODE_1185_length_13996_cov_68.076442:9664-10363   -            208 1178688at2759        -            144   4.8e-35  115.2   9.4   1   1   3.5e-31   3.6e-31  102.6   9.4     4   142    20   204    17   206 0.75 -
1178688at2759_41427_0:002bf4|NODE_1185_length_13996_cov_68.076442:9664-10363    -            208 1178688at2759        -            144   4.8e-35  115.2   9.4   1   1   3.5e-31   3.6e-31  102.6   9.4     4   142    20   204    17   206 0.75 -
1178688at2759_7200_0:00031e|NODE_1185_length_13996_cov_68.076442:9664-10363     -            208 1178688at2759        -            144   4.8e-35  115.2   9.4   1   1   3.5e-31   3.6e-31  102.6   9.4     4   142    20   204    17   206 0.75 -
1178688at2759_106582_0:00319d|NODE_1185_length_13996_cov_68.076442:9667-10366   -            209 1178688at2759        -            144   4.9e-35  115.1   9.4   1   1   3.5e-31   3.6e-31  102.6   9.4     4   142    21   205    18   207 0.75 -
1178688at2759_13037_0:000ee5|NODE_1185_length_13996_cov_68.076442:9664-10366    -            209 1178688at2759        -            144   4.9e-35  115.1   9.4   1   1   3.5e-31   3.6e-31  102.6   9.4     4   142    21   205    18   207 0.75 -
1178688at2759_215358_0:002652|NODE_1185_length_13996_cov_68.076442:9667-10366   -            209 1178688at2759        -            144   4.9e-35  115.1   9.4   1   1   3.5e-31   3.6e-31  102.6   9.4     4   142    21   205    18   207 0.75 -
1178688at2759_30732_0:0029b8|NODE_1185_length_13996_cov_68.076442:9667-10366    -            209 1178688at2759        -            144   4.9e-35  115.1   9.4   1   1   3.5e-31   3.6e-31  102.6   9.4     4   142    21   205    18   207 0.75 -
1178688at2759_43700_0:003d19|NODE_1185_length_13996_cov_68.076442:9667-10366    -            209 1178688at2759        -            144   4.9e-35  115.1   9.4   1   1   3.5e-31   3.6e-31  102.6   9.4     4   142    21   205    18   207 0.75 -
1178688at2759_56723_0:003319|NODE_1185_length_13996_cov_68.076442:9667-10366    -            209 1178688at2759        -            144   4.9e-35  115.1   9.4   1   1   3.5e-31   3.6e-31  102.6   9.4     4   142    21   205    18   207 0.75 -
1178688at2759_80966_0:00467c|NODE_1185_length_13996_cov_68.076442:9667-10366    -            209 1178688at2759        -            144   4.9e-35  115.1   9.4   1   1   3.5e-31   3.6e-31  102.6   9.4     4   142    21   205    18   207 0.75 -
1178688at2759_8187_0:000f12|NODE_1185_length_13996_cov_68.076442:9667-10366     -            209 1178688at2759        -            144   4.9e-35  115.1   9.4   1   1   3.5e-31   3.6e-31  102.6   9.4     4   142    21   205    18   207 0.75 -
1178688at2759_77166_0:000642|NODE_1185_length_13996_cov_68.076442:9664-10372    -            211 1178688at2759        -            144   5.4e-35  115.0   9.5   1   1   3.9e-31   3.9e-31  102.5   9.5     4   142    23   207    20   209 0.75 -
1178688at2759_104421_0:00035b|NODE_1185_length_13996_cov_68.076442:9664-10375   -            212 1178688at2759        -            144   5.7e-35  114.9   9.5   1   1     4e-31   4.1e-31  102.4   9.5     4   142    24   208    21   210 0.75 -
1178688at2759_121225_0:001f4e|NODE_1185_length_13996_cov_68.076442:9664-10375   -            212 1178688at2759        -            144   5.7e-35  114.9   9.5   1   1     4e-31   4.1e-31  102.4   9.5     4   142    24   208    21   210 0.75 -
1178688at2759_13164_0:0025fb|NODE_1185_length_13996_cov_68.076442:9664-10375    -            212 1178688at2759        -            144   5.7e-35  114.9   9.5   1   1     4e-31   4.1e-31  102.4   9.5     4   142    24   208    21   210 0.75 -
1178688at2759_136037_0:00062d|NODE_1185_length_13996_cov_68.076442:9664-10375   -            212 1178688at2759        -            144   5.7e-35  114.9   9.5   1   1     4e-31   4.1e-31  102.4   9.5     4   142    24   208    21   210 0.75 -
1178688at2759_166361_0:0022fb|NODE_1185_length_13996_cov_68.076442:9664-10375   -            212 1178688at2759        -            144   5.7e-35  114.9   9.5   1   1     4e-31   4.1e-31  102.4   9.5     4   142    24   208    21   210 0.75 -
1178688at2759_222816_0:001685|NODE_1185_length_13996_cov_68.076442:9664-10375   -            212 1178688at2759        -            144   5.7e-35  114.9   9.5   1   1     4e-31   4.1e-31  102.4   9.5     4   142    24   208    21   210 0.75 -
1178688at2759_224129_0:001d73|NODE_1185_length_13996_cov_68.076442:9664-10375   -            212 1178688at2759        -            144   5.7e-35  114.9   9.5   1   1     4e-31   4.1e-31  102.4   9.5     4   142    24   208    21   210 0.75 -
1178688at2759_307491_0:003018|NODE_1185_length_13996_cov_68.076442:9664-10375   -            212 1178688at2759        -            144   5.7e-35  114.9   9.5   1   1     4e-31   4.1e-31  102.4   9.5     4   142    24   208    21   210 0.75 -
1178688at2759_438502_0:003b2b|NODE_1185_length_13996_cov_68.076442:9664-10375   -            212 1178688at2759        -            144   5.7e-35  114.9   9.5   1   1     4e-31   4.1e-31  102.4   9.5     4   142    24   208    21   210 0.75 -
1178688at2759_52612_0:000563|NODE_1185_length_13996_cov_68.076442:9664-10375    -            212 1178688at2759        -            144   5.7e-35  114.9   9.5   1   1     4e-31   4.1e-31  102.4   9.5     4   142    24   208    21   210 0.75 -
1178688at2759_6669_0:00253d|NODE_1185_length_13996_cov_68.076442:9664-10375     -            212 1178688at2759        -            144   5.7e-35  114.9   9.5   1   1     4e-31   4.1e-31  102.4   9.5     4   142    24   208    21   210 0.75 -
1178688at2759_6850_0:000453|NODE_1185_length_13996_cov_68.076442:9664-10375     -            212 1178688at2759        -            144   5.7e-35  114.9   9.5   1   1     4e-31   4.1e-31  102.4   9.5     4   142    24   208    21   210 0.75 -
1178688at2759_69319_0:0003ed|NODE_1185_length_13996_cov_68.076442:9664-10375    -            212 1178688at2759        -            144   5.7e-35  114.9   9.5   1   1     4e-31   4.1e-31  102.4   9.5     4   142    24   208    21   210 0.75 -
1178688at2759_7004_0:002ece|NODE_1185_length_13996_cov_68.076442:9664-10375     -            212 1178688at2759        -            144   5.7e-35  114.9   9.5   1   1     4e-31   4.1e-31  102.4   9.5     4   142    24   208    21   210 0.75 -
1178688at2759_7029_0:006529|NODE_1185_length_13996_cov_68.076442:9664-10375     -            212 1178688at2759        -            144   5.7e-35  114.9   9.5   1   1     4e-31   4.1e-31  102.4   9.5     4   142    24   208    21   210 0.75 -
1178688at2759_112268_0:001d29|NODE_1185_length_13996_cov_68.076442:9664-10378   -            213 1178688at2759        -            144   5.9e-35  114.9   9.5   1   1   4.1e-31   4.2e-31  102.4   9.5     4   142    25   209    22   211 0.75 -
1178688at2759_43041_0:001461|NODE_1185_length_13996_cov_68.076442:9664-10378    -            213 1178688at2759        -            144   5.9e-35  114.9   9.5   1   1   4.1e-31   4.2e-31  102.4   9.5     4   142    25   209    22   211 0.75 -
1178688at2759_7165_0:001580|NODE_1185_length_13996_cov_68.076442:9664-10378     -            213 1178688at2759        -            144   5.9e-35  114.9   9.5   1   1   4.1e-31   4.2e-31  102.4   9.5     4   142    25   209    22   211 0.75 -
1178688at2759_74873_0:0004f9|NODE_1185_length_13996_cov_68.076442:9664-10378    -            213 1178688at2759        -            144   5.9e-35  114.9   9.5   1   1   4.1e-31   4.2e-31  102.4   9.5     4   142    25   209    22   211 0.75 -
1178688at2759_105023_0:0002a4|NODE_1185_length_13996_cov_68.076442:9676-10366   -            206 1178688at2759        -            144   5.9e-35  114.9   9.5   1   1   4.5e-31   4.5e-31  102.3   9.5     4   142    21   205    18   206 0.75 -
1178688at2759_150288_0:001a0e|NODE_1185_length_13996_cov_68.076442:9676-10366   -            206 1178688at2759        -            144   5.9e-35  114.9   9.5   1   1   4.5e-31   4.5e-31  102.3   9.5     4   142    21   205    18   206 0.75 -
1178688at2759_1230840_0:001ae3|NODE_1185_length_13996_cov_68.076442:9676-10375  -            209 1178688at2759        -            144   6.5e-35  114.7   9.5   1   1   4.7e-31   4.8e-31  102.2   9.5     4   142    24   208    21   209 0.75 -
1178688at2759_1868482_0:004a9e|NODE_1185_length_13996_cov_68.076442:9676-10375  -            209 1178688at2759        -            144   6.5e-35  114.7   9.5   1   1   4.7e-31   4.8e-31  102.2   9.5     4   142    24   208    21   209 0.75 -
1178688at2759_246437_0:0023a1|NODE_1185_length_13996_cov_68.076442:9676-10375   -            209 1178688at2759        -            144   6.5e-35  114.7   9.5   1   1   4.7e-31   4.8e-31  102.2   9.5     4   142    24   208    21   209 0.75 -
1178688at2759_28737_0:0019b2|NODE_1185_length_13996_cov_68.076442:9676-10375    -            209 1178688at2759        -            144   6.5e-35  114.7   9.5   1   1   4.7e-31   4.8e-31  102.2   9.5     4   142    24   208    21   209 0.75 -
1178688at2759_885580_0:00408d|NODE_1185_length_13996_cov_68.076442:9676-10375   -            209 1178688at2759        -            144   6.5e-35  114.7   9.5   1   1   4.7e-31   4.8e-31  102.2   9.5     4   142    24   208    21   209 0.75 -
1178688at2759_9974_0:003fa1|NODE_1185_length_13996_cov_68.076442:9676-10375     -            209 1178688at2759        -            144   6.5e-35  114.7   9.5   1   1   4.7e-31   4.8e-31  102.2   9.5     4   142    24   208    21   209 0.75 -
1178688at2759_127582_0:003bd1|NODE_1185_length_13996_cov_68.076442:9664-10408   -            223 1178688at2759        -            144   7.8e-35  114.5   9.5   1   1   4.8e-31   4.9e-31  102.2   9.5     4   142    35   219    32   221 0.75 -
1178688at2759_588596_1:000941|NODE_1185_length_13996_cov_68.076442:9676-10926   -            216 1178688at2759        -            144   8.3e-35  114.4   9.6   1   1   5.5e-31   5.6e-31  102.0   9.6     4   142    31   215    28   216 0.75 -
1178688at2759_225164_0:004176|NODE_1185_length_13996_cov_68.076442:9676-10257   -            182 1178688at2759        -            144   5.8e-34  111.7   8.7   1   1     6e-30     6e-30   98.6   8.7     8   142     1   181     1   182 0.75 -
1178688at2759_52670_0:0001aa|NODE_1185_length_13996_cov_68.076442:9676-10257    -            182 1178688at2759        -            144   5.8e-34  111.7   8.7   1   1     6e-30     6e-30   98.6   8.7     8   142     1   181     1   182 0.75 -
1178688at2759_7574_0:001422|NODE_1185_length_13996_cov_68.076442:9676-10257     -            182 1178688at2759        -            144   5.8e-34  111.7   8.7   1   1     6e-30     6e-30   98.6   8.7     8   142     1   181     1   182 0.75 -
1178688at2759_407821_0:0035c0|NODE_1185_length_13996_cov_68.076442:9676-10375   -            221 1178688at2759        -            144   6.5e-34  111.5   8.4   1   2   2.5e-14   2.5e-14   48.0   0.4     4    68    24    96    21   100 0.80 -
1178688at2759_407821_0:0035c0|NODE_1185_length_13996_cov_68.076442:9676-10375   -            221 1178688at2759        -            144   6.5e-34  111.5   8.4   2   2   1.1e-18   1.1e-18   62.1   2.3    64   142   120   220   105   221 0.76 -
1178688at2759_381198_0:002661|NODE_1185_length_13996_cov_68.076442:9697-10342   -            191 1178688at2759        -            144   6.6e-34  111.5   9.9   1   1   6.2e-30   6.3e-30   98.6   9.9     4   135    13   190    10   191 0.74 -
1178688at2759_8932_0:002d1a|NODE_1185_length_13996_cov_68.076442:9697-10342     -            191 1178688at2759        -            144   6.6e-34  111.5   9.9   1   1   6.2e-30   6.3e-30   98.6   9.9     4   135    13   190    10   191 0.74 -
1178688at2759_932674_0:001ed3|NODE_1185_length_13996_cov_68.076442:9697-10342   -            191 1178688at2759        -            144   6.6e-34  111.5   9.9   1   1   6.2e-30   6.3e-30   98.6   9.9     4   135    13   190    10   191 0.74 -
1178688at2759_93934_0:000774|NODE_1185_length_13996_cov_68.076442:9697-10342    -            191 1178688at2759        -            144   6.6e-34  111.5   9.9   1   1   6.2e-30   6.3e-30   98.6   9.9     4   135    13   190    10   191 0.74 -
1178688at2759_101091_1:0002a9|NODE_1185_length_13996_cov_68.076442:9664-10257   -            185 1178688at2759        -            144   7.5e-34  111.3   9.2   1   2   5.5e-13   5.6e-13   43.6   0.3     8    68     1    69     1    76 0.81 -
1178688at2759_101091_1:0002a9|NODE_1185_length_13996_cov_68.076442:9664-10257   -            185 1178688at2759        -            144   7.5e-34  111.3   9.2   2   2   9.4e-20   9.5e-20   65.6   3.4    61   142    78   181    74   183 0.79 -
1178688at2759_1049336_0:004554|NODE_1185_length_13996_cov_68.076442:9664-10257  -            185 1178688at2759        -            144   7.5e-34  111.3   9.2   1   2   5.5e-13   5.6e-13   43.6   0.3     8    68     1    69     1    76 0.81 -
1178688at2759_1049336_0:004554|NODE_1185_length_13996_cov_68.076442:9664-10257  -            185 1178688at2759        -            144   7.5e-34  111.3   9.2   2   2   9.4e-20   9.5e-20   65.6   3.4    61   142    78   181    74   183 0.79 -
1178688at2759_1155016_0:00019e|NODE_1185_length_13996_cov_68.076442:9664-10257  -            185 1178688at2759        -            144   7.5e-34  111.3   9.2   1   2   5.5e-13   5.6e-13   43.6   0.3     8    68     1    69     1    76 0.81 -
1178688at2759_1155016_0:00019e|NODE_1185_length_13996_cov_68.076442:9664-10257  -            185 1178688at2759        -            144   7.5e-34  111.3   9.2   2   2   9.4e-20   9.5e-20   65.6   3.4    61   142    78   181    74   183 0.79 -
1178688at2759_1340429_1:0015ef|NODE_1185_length_13996_cov_68.076442:9664-10257  -            185 1178688at2759        -            144   7.5e-34  111.3   9.2   1   2   5.5e-13   5.6e-13   43.6   0.3     8    68     1    69     1    76 0.81 -
1178688at2759_1340429_1:0015ef|NODE_1185_length_13996_cov_68.076442:9664-10257  -            185 1178688at2759        -            144   7.5e-34  111.3   9.2   2   2   9.4e-20   9.5e-20   65.6   3.4    61   142    78   181    74   183 0.79 -
1178688at2759_51031_0:004379|NODE_1185_length_13996_cov_68.076442:9664-10257    -            185 1178688at2759        -            144   7.5e-34  111.3   9.2   1   2   5.5e-13   5.6e-13   43.6   0.3     8    68     1    69     1    76 0.81 -
1178688at2759_51031_0:004379|NODE_1185_length_13996_cov_68.076442:9664-10257    -            185 1178688at2759        -            144   7.5e-34  111.3   9.2   2   2   9.4e-20   9.5e-20   65.6   3.4    61   142    78   181    74   183 0.79 -
1178688at2759_578462_1:001002|NODE_1185_length_13996_cov_68.076442:9664-10257   -            185 1178688at2759        -            144   7.5e-34  111.3   9.2   1   2   5.5e-13   5.6e-13   43.6   0.3     8    68     1    69     1    76 0.81 -
1178688at2759_578462_1:001002|NODE_1185_length_13996_cov_68.076442:9664-10257   -            185 1178688at2759        -            144   7.5e-34  111.3   9.2   2   2   9.4e-20   9.5e-20   65.6   3.4    61   142    78   181    74   183 0.79 -
1178688at2759_6526_0:004395|NODE_1185_length_13996_cov_68.076442:9664-10257     -            185 1178688at2759        -            144   7.5e-34  111.3   9.2   1   2   5.5e-13   5.6e-13   43.6   0.3     8    68     1    69     1    76 0.81 -
1178688at2759_6526_0:004395|NODE_1185_length_13996_cov_68.076442:9664-10257     -            185 1178688at2759        -            144   7.5e-34  111.3   9.2   2   2   9.4e-20   9.5e-20   65.6   3.4    61   142    78   181    74   183 0.79 -
1178688at2759_7209_0:001c5c|NODE_1185_length_13996_cov_68.076442:9664-10257     -            185 1178688at2759        -            144   7.5e-34  111.3   9.2   1   2   5.5e-13   5.6e-13   43.6   0.3     8    68     1    69     1    76 0.81 -
1178688at2759_7209_0:001c5c|NODE_1185_length_13996_cov_68.076442:9664-10257     -            185 1178688at2759        -            144   7.5e-34  111.3   9.2   2   2   9.4e-20   9.5e-20   65.6   3.4    61   142    78   181    74   183 0.79 -
1178688at2759_765915_1:0011eb|NODE_1185_length_13996_cov_68.076442:9664-10257   -            185 1178688at2759        -            144   7.5e-34  111.3   9.2   1   2   5.5e-13   5.6e-13   43.6   0.3     8    68     1    69     1    76 0.81 -
1178688at2759_765915_1:0011eb|NODE_1185_length_13996_cov_68.076442:9664-10257   -            185 1178688at2759        -            144   7.5e-34  111.3   9.2   2   2   9.4e-20   9.5e-20   65.6   3.4    61   142    78   181    74   183 0.79 -
1178688at2759_7739_0:00271b|NODE_1185_length_13996_cov_68.076442:9664-10257     -            185 1178688at2759        -            144   7.5e-34  111.3   9.2   1   2   5.5e-13   5.6e-13   43.6   0.3     8    68     1    69     1    76 0.81 -
1178688at2759_7739_0:00271b|NODE_1185_length_13996_cov_68.076442:9664-10257     -            185 1178688at2759        -            144   7.5e-34  111.3   9.2   2   2   9.4e-20   9.5e-20   65.6   3.4    61   142    78   181    74   183 0.79 -
1178688at2759_7741_0:00449d|NODE_1185_length_13996_cov_68.076442:9664-10257     -            185 1178688at2759        -            144   7.5e-34  111.3   9.2   1   2   5.5e-13   5.6e-13   43.6   0.3     8    68     1    69     1    76 0.81 -
1178688at2759_7741_0:00449d|NODE_1185_length_13996_cov_68.076442:9664-10257     -            185 1178688at2759        -            144   7.5e-34  111.3   9.2   2   2   9.4e-20   9.5e-20   65.6   3.4    61   142    78   181    74   183 0.79 -
1178688at2759_1676925_0:0024a7|NODE_1185_length_13996_cov_68.076442:9694-10366  -            200 1178688at2759        -            144   7.7e-34  111.2  10.0   1   1   6.4e-30   6.5e-30   98.5  10.0     4   136    21   199    18   200 0.75 -
1178688at2759_202946_0:003121|NODE_1185_length_13996_cov_68.076442:9697-10366   -            199 1178688at2759        -            144   9.1e-34  111.0  10.0   1   1   7.6e-30   7.7e-30   98.3  10.0     4   135    21   198    18   199 0.74 -
1178688at2759_8469_0:0025c0|NODE_1185_length_13996_cov_68.076442:9697-10366     -            199 1178688at2759        -            144   9.1e-34  111.0  10.0   1   1   7.6e-30   7.7e-30   98.3  10.0     4   135    21   198    18   199 0.74 -
1178688at2759_9785_0:001a32|NODE_1185_length_13996_cov_68.076442:9697-10375     -            202 1178688at2759        -            144     1e-33  110.9  10.0   1   1   8.1e-30   8.2e-30   98.2  10.0     4   135    24   201    21   202 0.74 -
1178688at2759_246812_0:001191|NODE_1185_length_13996_cov_68.076442:9673-10339   -            183 1178688at2759        -            144     1e-33  110.8   4.7   1   1   2.3e-32   2.3e-32  106.4   4.7     4   142    12   181     9   183 0.77 -
1178688at2759_113540_0:005596|NODE_1185_length_13996_cov_68.076442:9694-10384   -            206 1178688at2759        -            144   1.1e-33  110.7  10.2   1   1   8.6e-30   8.7e-30   98.1  10.2     4   136    27   205    24   206 0.75 -
1178688at2759_104259_1:0004ce|NODE_1185_length_13996_cov_68.076442:9673-10254   -            182 1178688at2759        -            144   2.3e-33  109.7   9.6   1   1   2.4e-29   2.4e-29   96.7   9.6     9   142     1   180     1   182 0.75 -
1178688at2759_1073090_1:001222|NODE_1185_length_13996_cov_68.076442:9673-10254  -            182 1178688at2759        -            144   2.3e-33  109.7   9.6   1   1   2.4e-29   2.4e-29   96.7   9.6     9   142     1   180     1   182 0.75 -
1178688at2759_156304_0:0003d2|NODE_1185_length_13996_cov_68.076442:9673-10254   -            182 1178688at2759        -            144   2.3e-33  109.7   9.6   1   1   2.4e-29   2.4e-29   96.7   9.6     9   142     1   180     1   182 0.75 -
1178688at2759_69771_1:000b6a|NODE_1185_length_13996_cov_68.076442:9673-10254    -            182 1178688at2759        -            144   2.3e-33  109.7   9.6   1   1   2.4e-29   2.4e-29   96.7   9.6     9   142     1   180     1   182 0.75 -
1178688at2759_64571_1:001b76|NODE_1185_length_13996_cov_68.076442:9670-10254    -            183 1178688at2759        -            144   2.3e-33  109.7   9.6   1   1   2.4e-29   2.4e-29   96.7   9.6     9   142     1   180     1   182 0.75 -
1178688at2759_103372_0:002ad5|NODE_1185_length_13996_cov_68.076442:9664-10254   -            184 1178688at2759        -            144   2.4e-33  109.6   9.6   1   1   2.4e-29   2.5e-29   96.6   9.6     9   142     1   180     1   182 0.75 -
1178688at2759_103695_0:002122|NODE_1185_length_13996_cov_68.076442:9664-10254   -            184 1178688at2759        -            144   2.4e-33  109.6   9.6   1   1   2.4e-29   2.5e-29   96.6   9.6     9   142     1   180     1   182 0.75 -
1178688at2759_1041015_0:00316a|NODE_1185_length_13996_cov_68.076442:9664-10254  -            184 1178688at2759        -            144   2.4e-33  109.6   9.6   1   1   2.4e-29   2.5e-29   96.6   9.6     9   142     1   180     1   182 0.75 -
1178688at2759_104452_0:0006be|NODE_1185_length_13996_cov_68.076442:9664-10254   -            184 1178688at2759        -            144   2.4e-33  109.6   9.6   1   1   2.4e-29   2.5e-29   96.6   9.6     9   142     1   180     1   182 0.75 -
1178688at2759_104688_0:0016ea|NODE_1185_length_13996_cov_68.076442:9664-10254   -            184 1178688at2759        -            144   2.4e-33  109.6   9.6   1   1   2.4e-29   2.5e-29   96.6   9.6     9   142     1   180     1   182 0.75 -
1178688at2759_125945_0:002a1c|NODE_1185_length_13996_cov_68.076442:9664-10254   -            184 1178688at2759        -            144   2.4e-33  109.6   9.6   1   1   2.4e-29   2.5e-29   96.6   9.6     9   142     1   180     1   182 0.75 -
1178688at2759_128390_0:0033d9|NODE_1185_length_13996_cov_68.076442:9664-10254   -            184 1178688at2759        -            144   2.4e-33  109.6   9.6   1   1   2.4e-29   2.5e-29   96.6   9.6     9   142     1   180     1   182 0.75 -
1178688at2759_13146_0:002b87|NODE_1185_length_13996_cov_68.076442:9664-10254    -            184 1178688at2759        -            144   2.4e-33  109.6   9.6   1   1   2.4e-29   2.5e-29   96.6   9.6     9   142     1   180     1   182 0.75 -
1178688at2759_13249_0:002986|NODE_1185_length_13996_cov_68.076442:9664-10254    -            184 1178688at2759        -            144   2.4e-33  109.6   9.6   1   1   2.4e-29   2.5e-29   96.6   9.6     9   142     1   180     1   182 0.75 -
1178688at2759_13333_0:00171b|NODE_1185_length_13996_cov_68.076442:9667-10254    -            184 1178688at2759        -            144   2.4e-33  109.6   9.6   1   1   2.4e-29   2.5e-29   96.6   9.6     9   142     1   180     1   182 0.75 -
1178688at2759_133901_0:000a73|NODE_1185_length_13996_cov_68.076442:9664-10254   -            184 1178688at2759        -            144   2.4e-33  109.6   9.6   1   1   2.4e-29   2.5e-29   96.6   9.6     9   142     1   180     1   182 0.75 -
1178688at2759_1357716_1:001513|NODE_1185_length_13996_cov_68.076442:9664-10254  -            184 1178688at2759        -            144   2.4e-33  109.6   9.6   1   1   2.4e-29   2.5e-29   96.6   9.6     9   142     1   180     1   182 0.75 -
1178688at2759_13735_0:0028d8|NODE_1185_length_13996_cov_68.076442:9664-10254    -            184 1178688at2759        -            144   2.4e-33  109.6   9.6   1   1   2.4e-29   2.5e-29   96.6   9.6     9   142     1   180     1   182 0.75 -
1178688at2759_143995_0:000a0c|NODE_1185_length_13996_cov_68.076442:9664-10254   -            184 1178688at2759        -            144   2.4e-33  109.6   9.6   1   1   2.4e-29   2.5e-29   96.6   9.6     9   142     1   180     1   182 0.75 -
1178688at2759_144034_0:002b61|NODE_1185_length_13996_cov_68.076442:9664-10254   -            184 1178688at2759        -            144   2.4e-33  109.6   9.6   1   1   2.4e-29   2.5e-29   96.6   9.6     9   142     1   180     1   182 0.75 -
1178688at2759_1507135_0:0014cd|NODE_1185_length_13996_cov_68.076442:9667-10254  -            184 1178688at2759        -            144   2.4e-33  109.6   9.6   1   1   2.4e-29   2.5e-29   96.6   9.6     9   142     1   180     1   182 0.75 -
1178688at2759_168631_0:000da1|NODE_1185_length_13996_cov_68.076442:9664-10254   -            184 1178688at2759        -            144   2.4e-33  109.6   9.6   1   1   2.4e-29   2.5e-29   96.6   9.6     9   142     1   180     1   182 0.75 -
1178688at2759_178035_0:00022a|NODE_1185_length_13996_cov_68.076442:9664-10254   -            184 1178688at2759        -            144   2.4e-33  109.6   9.6   1   1   2.4e-29   2.5e-29   96.6   9.6     9   142     1   180     1   182 0.75 -
1178688at2759_2015173_0:002277|NODE_1185_length_13996_cov_68.076442:9664-10254  -            184 1178688at2759        -            144   2.4e-33  109.6   9.6   1   1   2.4e-29   2.5e-29   96.6   9.6     9   142     1   180     1   182 0.75 -
1178688at2759_211228_0:000618|NODE_1185_length_13996_cov_68.076442:9664-10254   -            184 1178688at2759        -            144   2.4e-33  109.6   9.6   1   1   2.4e-29   2.5e-29   96.6   9.6     9   142     1   180     1   182 0.75 -
1178688at2759_217634_0:001c42|NODE_1185_length_13996_cov_68.076442:9664-10254   -            184 1178688at2759        -            144   2.4e-33  109.6   9.6   1   1   2.4e-29   2.5e-29   96.6   9.6     9   142     1   180     1   182 0.75 -
1178688at2759_28612_0:004797|NODE_1185_length_13996_cov_68.076442:9664-10254    -            184 1178688at2759        -            144   2.4e-33  109.6   9.6   1   1   2.4e-29   2.5e-29   96.6   9.6     9   142     1   180     1   182 0.75 -
1178688at2759_28612_0:0053bc|NODE_1185_length_13996_cov_68.076442:9664-10254    -            184 1178688at2759        -            144   2.4e-33  109.6   9.6   1   1   2.4e-29   2.5e-29   96.6   9.6     9   142     1   180     1   182 0.75 -
1178688at2759_286706_0:003363|NODE_1185_length_13996_cov_68.076442:9664-10254   -            184 1178688at2759        -            144   2.4e-33  109.6   9.6   1   1   2.4e-29   2.5e-29   96.6   9.6     9   142     1   180     1   182 0.75 -
1178688at2759_29031_0:000d77|NODE_1185_length_13996_cov_68.076442:9664-10254    -            184 1178688at2759        -            144   2.4e-33  109.6   9.6   1   1   2.4e-29   2.5e-29   96.6   9.6     9   142     1   180     1   182 0.75 -
1178688at2759_29053_0:0017d7|NODE_1185_length_13996_cov_68.076442:9664-10254    -            184 1178688at2759        -            144   2.4e-33  109.6   9.6   1   1   2.4e-29   2.5e-29   96.6   9.6     9   142     1   180     1   182 0.75 -
1178688at2759_30019_0:002b8a|NODE_1185_length_13996_cov_68.076442:9664-10254    -            184 1178688at2759        -            144   2.4e-33  109.6   9.6   1   1   2.4e-29   2.5e-29   96.6   9.6     9   142     1   180     1   182 0.75 -
1178688at2759_31033_0:00273e|NODE_1185_length_13996_cov_68.076442:9667-10254    -            184 1178688at2759        -            144   2.4e-33  109.6   9.6   1   1   2.4e-29   2.5e-29   96.6   9.6     9   142     1   180     1   182 0.75 -
1178688at2759_319348_0:002542|NODE_1185_length_13996_cov_68.076442:9664-10254   -            184 1178688at2759        -            144   2.4e-33  109.6   9.6   1   1   2.4e-29   2.5e-29   96.6   9.6     9   142     1   180     1   182 0.75 -
1178688at2759_326594_0:001d49|NODE_1185_length_13996_cov_68.076442:9664-10254   -            184 1178688at2759        -            144   2.4e-33  109.6   9.6   1   1   2.4e-29   2.5e-29   96.6   9.6     9   142     1   180     1   182 0.75 -
1178688at2759_34720_0:001421|NODE_1185_length_13996_cov_68.076442:9664-10254    -            184 1178688at2759        -            144   2.4e-33  109.6   9.6   1   1   2.4e-29   2.5e-29   96.6   9.6     9   142     1   180     1   182 0.75 -
1178688at2759_35570_0:000e92|NODE_1185_length_13996_cov_68.076442:9664-10254    -            184 1178688at2759        -            144   2.4e-33  109.6   9.6   1   1   2.4e-29   2.5e-29   96.6   9.6     9   142     1   180     1   182 0.75 -
1178688at2759_37001_0:0037b7|NODE_1185_length_13996_cov_68.076442:9664-10254    -            184 1178688at2759        -            144   2.4e-33  109.6   9.6   1   1   2.4e-29   2.5e-29   96.6   9.6     9   142     1   180     1   182 0.75 -
1178688at2759_37344_0:001028|NODE_1185_length_13996_cov_68.076442:9664-10254    -            184 1178688at2759        -            144   2.4e-33  109.6   9.6   1   1   2.4e-29   2.5e-29   96.6   9.6     9   142     1   180     1   182 0.75 -
1178688at2759_378494_0:00337a|NODE_1185_length_13996_cov_68.076442:9664-10254   -            184 1178688at2759        -            144   2.4e-33  109.6   9.6   1   1   2.4e-29   2.5e-29   96.6   9.6     9   142     1   180     1   182 0.75 -
1178688at2759_39758_0:0020e8|NODE_1185_length_13996_cov_68.076442:9664-10254    -            184 1178688at2759        -            144   2.4e-33  109.6   9.6   1   1   2.4e-29   2.5e-29   96.6   9.6     9   142     1   180     1   182 0.75 -
1178688at2759_42026_0:0014ea|NODE_1185_length_13996_cov_68.076442:9664-10254    -            184 1178688at2759        -            144   2.4e-33  109.6   9.6   1   1   2.4e-29   2.5e-29   96.6   9.6     9   142     1   180     1   182 0.75 -
1178688at2759_42514_0:002850|NODE_1185_length_13996_cov_68.076442:9667-10254    -            184 1178688at2759        -            144   2.4e-33  109.6   9.6   1   1   2.4e-29   2.5e-29   96.6   9.6     9   142     1   180     1   182 0.75 -
1178688at2759_438503_0:0012a0|NODE_1185_length_13996_cov_68.076442:9664-10254   -            184 1178688at2759        -            144   2.4e-33  109.6   9.6   1   1   2.4e-29   2.5e-29   96.6   9.6     9   142     1   180     1   182 0.75 -
1178688at2759_441921_0:00126a|NODE_1185_length_13996_cov_68.076442:9664-10254   -            184 1178688at2759        -            144   2.4e-33  109.6   9.6   1   1   2.4e-29   2.5e-29   96.6   9.6     9   142     1   180     1   182 0.75 -
1178688at2759_454923_0:002463|NODE_1185_length_13996_cov_68.076442:9664-10254   -            184 1178688at2759        -            144   2.4e-33  109.6   9.6   1   1   2.4e-29   2.5e-29   96.6   9.6     9   142     1   180     1   182 0.75 -
1178688at2759_50429_0:000577|NODE_1185_length_13996_cov_68.076442:9664-10254    -            184 1178688at2759        -            144   2.4e-33  109.6   9.6   1   1   2.4e-29   2.5e-29   96.6   9.6     9   142     1   180     1   182 0.75 -
1178688at2759_51655_0:000639|NODE_1185_length_13996_cov_68.076442:9664-10254    -            184 1178688at2759        -            144   2.4e-33  109.6   9.6   1   1   2.4e-29   2.5e-29   96.6   9.6     9   142     1   180     1   182 0.75 -
1178688at2759_520822_0:0011e2|NODE_1185_length_13996_cov_68.076442:9664-10254   -            184 1178688at2759        -            144   2.4e-33  109.6   9.6   1   1   2.4e-29   2.5e-29   96.6   9.6     9   142     1   180     1   182 0.75 -
1178688at2759_54969_0:001d42|NODE_1185_length_13996_cov_68.076442:9664-10254    -            184 1178688at2759        -            144   2.4e-33  109.6   9.6   1   1   2.4e-29   2.5e-29   96.6   9.6     9   142     1   180     1   182 0.75 -
1178688at2759_56086_0:004139|NODE_1185_length_13996_cov_68.076442:9664-10254    -            184 1178688at2759        -            144   2.4e-33  109.6   9.6   1   1   2.4e-29   2.5e-29   96.6   9.6     9   142     1   180     1   182 0.75 -
1178688at2759_597456_0:0024e0|NODE_1185_length_13996_cov_68.076442:9664-10254   -            184 1178688at2759        -            144   2.4e-33  109.6   9.6   1   1   2.4e-29   2.5e-29   96.6   9.6     9   142     1   180     1   182 0.75 -
1178688at2759_609295_0:000622|NODE_1185_length_13996_cov_68.076442:9664-10254   -            184 1178688at2759        -            144   2.4e-33  109.6   9.6   1   1   2.4e-29   2.5e-29   96.6   9.6     9   142     1   180     1   182 0.75 -
1178688at2759_610380_0:0010eb|NODE_1185_length_13996_cov_68.076442:9664-10254   -            184 1178688at2759        -            144   2.4e-33  109.6   9.6   1   1   2.4e-29   2.5e-29   96.6   9.6     9   142     1   180     1   182 0.75 -
1178688at2759_6238_0:0003c5|NODE_1185_length_13996_cov_68.076442:9664-10254     -            184 1178688at2759        -            144   2.4e-33  109.6   9.6   1   1   2.4e-29   2.5e-29   96.6   9.6     9   142     1   180     1   182 0.75 -
1178688at2759_6239_0:000840|NODE_1185_length_13996_cov_68.076442:9664-10254     -            184 1178688at2759        -            144   2.4e-33  109.6   9.6   1   1   2.4e-29   2.5e-29   96.6   9.6     9   142     1   180     1   182 0.75 -
1178688at2759_64838_0:0005db|NODE_1185_length_13996_cov_68.076442:9664-10254    -            184 1178688at2759        -            144   2.4e-33  109.6   9.6   1   1   2.4e-29   2.5e-29   96.6   9.6     9   142     1   180     1   182 0.75 -
1178688at2759_6500_0:001f2d|NODE_1185_length_13996_cov_68.076442:9664-10254     -            184 1178688at2759        -            144   2.4e-33  109.6   9.6   1   1   2.4e-29   2.5e-29   96.6   9.6     9   142     1   180     1   182 0.75 -
1178688at2759_6573_0:0027e3|NODE_1185_length_13996_cov_68.076442:9664-10254     -            184 1178688at2759        -            144   2.4e-33  109.6   9.6   1   1   2.4e-29   2.5e-29   96.6   9.6     9   142     1   180     1   182 0.75 -
1178688at2759_680683_0:000526|NODE_1185_length_13996_cov_68.076442:9664-10254   -            184 1178688at2759        -            144   2.4e-33  109.6   9.6   1   1   2.4e-29   2.5e-29   96.6   9.6     9   142     1   180     1   182 0.75 -
1178688at2759_6832_0:002208|NODE_1185_length_13996_cov_68.076442:9664-10254     -            184 1178688at2759        -            144   2.4e-33  109.6   9.6   1   1   2.4e-29   2.5e-29   96.6   9.6     9   142     1   180     1   182 0.75 -
1178688at2759_6958_0:003229|NODE_1185_length_13996_cov_68.076442:9664-10254     -            184 1178688at2759        -            144   2.4e-33  109.6   9.6   1   1   2.4e-29   2.5e-29   96.6   9.6     9   142     1   180     1   182 0.75 -
1178688at2759_6973_0:0038d2|NODE_1185_length_13996_cov_68.076442:9664-10254     -            184 1178688at2759        -            144   2.4e-33  109.6   9.6   1   1   2.4e-29   2.5e-29   96.6   9.6     9   142     1   180     1   182 0.75 -
1178688at2759_7070_0:0004e0|NODE_1185_length_13996_cov_68.076442:9664-10254     -            184 1178688at2759        -            144   2.4e-33  109.6   9.6   1   1   2.4e-29   2.5e-29   96.6   9.6     9   142     1   180     1   182 0.75 -
1178688at2759_72036_0:001878|NODE_1185_length_13996_cov_68.076442:9664-10254    -            184 1178688at2759        -            144   2.4e-33  109.6   9.6   1   1   2.4e-29   2.5e-29   96.6   9.6     9   142     1   180     1   182 0.75 -
1178688at2759_7217_0:0013a0|NODE_1185_length_13996_cov_68.076442:9664-10254     -            184 1178688at2759        -            144   2.4e-33  109.6   9.6   1   1   2.4e-29   2.5e-29   96.6   9.6     9   142     1   180     1   182 0.75 -
1178688at2759_7222_0:00081c|NODE_1185_length_13996_cov_68.076442:9664-10254     -            184 1178688at2759        -            144   2.4e-33  109.6   9.6   1   1   2.4e-29   2.5e-29   96.6   9.6     9   142     1   180     1   182 0.75 -
1178688at2759_7224_0:002d7f|NODE_1185_length_13996_cov_68.076442:9664-10254     -            184 1178688at2759        -            144   2.4e-33  109.6   9.6   1   1   2.4e-29   2.5e-29   96.6   9.6     9   142     1   180     1   182 0.75 -
1178688at2759_7237_0:000c68|NODE_1185_length_13996_cov_68.076442:9664-10254     -            184 1178688at2759        -            144   2.4e-33  109.6   9.6   1   1   2.4e-29   2.5e-29   96.6   9.6     9   142     1   180     1   182 0.75 -
1178688at2759_7244_0:002518|NODE_1185_length_13996_cov_68.076442:9664-10254     -            184 1178688at2759        -            144   2.4e-33  109.6   9.6   1   1   2.4e-29   2.5e-29   96.6   9.6     9   142     1   180     1   182 0.75 -
1178688at2759_7274_0:003187|NODE_1185_length_13996_cov_68.076442:9664-10254     -            184 1178688at2759        -            144   2.4e-33  109.6   9.6   1   1   2.4e-29   2.5e-29   96.6   9.6     9   142     1   180     1   182 0.75 -
1178688at2759_7282_0:000c59|NODE_1185_length_13996_cov_68.076442:9664-10254     -            184 1178688at2759        -            144   2.4e-33  109.6   9.6   1   1   2.4e-29   2.5e-29   96.6   9.6     9   142     1   180     1   182 0.75 -
1178688at2759_7370_0:000bed|NODE_1185_length_13996_cov_68.076442:9664-10254     -            184 1178688at2759        -            144   2.4e-33  109.6   9.6   1   1   2.4e-29   2.5e-29   96.6   9.6     9   142     1   180     1   182 0.75 -
1178688at2759_7375_0:001bfc|NODE_1185_length_13996_cov_68.076442:9664-10254     -            184 1178688at2759        -            144   2.4e-33  109.6   9.6   1   1   2.4e-29   2.5e-29   96.6   9.6     9   142     1   180     1   182 0.75 -
1178688at2759_7425_0:001b1e|NODE_1185_length_13996_cov_68.076442:9664-10254     -            184 1178688at2759        -            144   2.4e-33  109.6   9.6   1   1   2.4e-29   2.5e-29   96.6   9.6     9   142     1   180     1   182 0.75 -
1178688at2759_7460_0:00068d|NODE_1185_length_13996_cov_68.076442:9664-10254     -            184 1178688at2759        -            144   2.4e-33  109.6   9.6   1   1   2.4e-29   2.5e-29   96.6   9.6     9   142     1   180     1   182 0.75 -
1178688at2759_7536_0:004701|NODE_1185_length_13996_cov_68.076442:9664-10254     -            184 1178688at2759        -            144   2.4e-33  109.6   9.6   1   1   2.4e-29   2.5e-29   96.6   9.6     9   142     1   180     1   182 0.75 -
1178688at2759_7539_0:0013d3|NODE_1185_length_13996_cov_68.076442:9664-10254     -            184 1178688at2759        -            144   2.4e-33  109.6   9.6   1   1   2.4e-29   2.5e-29   96.6   9.6     9   142     1   180     1   182 0.75 -
1178688at2759_7868_0:002e43|NODE_1185_length_13996_cov_68.076442:9664-10254     -            184 1178688at2759        -            144   2.4e-33  109.6   9.6   1   1   2.4e-29   2.5e-29   96.6   9.6     9   142     1   180     1   182 0.75 -
1178688at2759_8090_0:0026a0|NODE_1185_length_13996_cov_68.076442:9667-10254     -            184 1178688at2759        -            144   2.4e-33  109.6   9.6   1   1   2.4e-29   2.5e-29   96.6   9.6     9   142     1   180     1   182 0.75 -
1178688at2759_83485_0:0001f9|NODE_1185_length_13996_cov_68.076442:9664-10254    -            184 1178688at2759        -            144   2.4e-33  109.6   9.6   1   1   2.4e-29   2.5e-29   96.6   9.6     9   142     1   180     1   182 0.75 -
1178688at2759_88015_0:001ec3|NODE_1185_length_13996_cov_68.076442:9664-10254    -            184 1178688at2759        -            144   2.4e-33  109.6   9.6   1   1   2.4e-29   2.5e-29   96.6   9.6     9   142     1   180     1   182 0.75 -
1178688at2759_91411_0:00260a|NODE_1185_length_13996_cov_68.076442:9664-10254    -            184 1178688at2759        -            144   2.4e-33  109.6   9.6   1   1   2.4e-29   2.5e-29   96.6   9.6     9   142     1   180     1   182 0.75 -
1178688at2759_9365_0:0014b2|NODE_1185_length_13996_cov_68.076442:9664-10254     -            184 1178688at2759        -            144   2.4e-33  109.6   9.6   1   1   2.4e-29   2.5e-29   96.6   9.6     9   142     1   180     1   182 0.75 -
1178688at2759_9601_0:0049fb|NODE_1185_length_13996_cov_68.076442:9664-10254     -            184 1178688at2759        -            144   2.4e-33  109.6   9.6   1   1   2.4e-29   2.5e-29   96.6   9.6     9   142     1   180     1   182 0.75 -
1178688at2759_10020_0:0033a7|NODE_1185_length_13996_cov_68.076442:9676-10254    -            181 1178688at2759        -            144   2.8e-33  109.4   9.7   1   1     3e-29     3e-29   96.4   9.7     9   142     1   180     1   181 0.75 -
1178688at2759_10029_0:000250|NODE_1185_length_13996_cov_68.076442:9676-10254    -            181 1178688at2759        -            144   2.8e-33  109.4   9.7   1   1     3e-29     3e-29   96.4   9.7     9   142     1   180     1   181 0.75 -
1178688at2759_10036_0:001fc0|NODE_1185_length_13996_cov_68.076442:9676-10254    -            181 1178688at2759        -            144   2.8e-33  109.4   9.7   1   1     3e-29     3e-29   96.4   9.7     9   142     1   180     1   181 0.75 -
1178688at2759_10047_0:000789|NODE_1185_length_13996_cov_68.076442:9676-10254    -            181 1178688at2759        -            144   2.8e-33  109.4   9.7   1   1     3e-29     3e-29   96.4   9.7     9   142     1   180     1   181 0.75 -
1178688at2759_10089_0:004274|NODE_1185_length_13996_cov_68.076442:9676-10254    -            181 1178688at2759        -            144   2.8e-33  109.4   9.7   1   1     3e-29     3e-29   96.4   9.7     9   142     1   180     1   181 0.75 -
1178688at2759_10116_0:003e9a|NODE_1185_length_13996_cov_68.076442:9676-10254    -            181 1178688at2759        -            144   2.8e-33  109.4   9.7   1   1     3e-29     3e-29   96.4   9.7     9   142     1   180     1   181 0.75 -
1178688at2759_10141_0:0006c9|NODE_1185_length_13996_cov_68.076442:9676-10254    -            181 1178688at2759        -            144   2.8e-33  109.4   9.7   1   1     3e-29     3e-29   96.4   9.7     9   142     1   180     1   181 0.75 -
1178688at2759_10160_0:004530|NODE_1185_length_13996_cov_68.076442:9676-10254    -            181 1178688at2759        -            144   2.8e-33  109.4   9.7   1   1     3e-29     3e-29   96.4   9.7     9   142     1   180     1   181 0.75 -
1178688at2759_10181_0:000fbe|NODE_1185_length_13996_cov_68.076442:9676-10254    -            181 1178688at2759        -            144   2.8e-33  109.4   9.7   1   1     3e-29     3e-29   96.4   9.7     9   142     1   180     1   181 0.75 -
1178688at2759_1026970_0:001bdd|NODE_1185_length_13996_cov_68.076442:9676-10254  -            181 1178688at2759        -            144   2.8e-33  109.4   9.7   1   1     3e-29     3e-29   96.4   9.7     9   142     1   180     1   181 0.75 -
1178688at2759_103944_0:0032e2|NODE_1185_length_13996_cov_68.076442:9676-10254   -            181 1178688at2759        -            144   2.8e-33  109.4   9.7   1   1     3e-29     3e-29   96.4   9.7     9   142     1   180     1   181 0.75 -
1178688at2759_1069443_1:0000d1|NODE_1185_length_13996_cov_68.076442:9676-10254  -            181 1178688at2759        -            144   2.8e-33  109.4   9.7   1   1     3e-29     3e-29   96.4   9.7     9   142     1   180     1   181 0.75 -
1178688at2759_1069443_1:001342|NODE_1185_length_13996_cov_68.076442:9676-10254  -            181 1178688at2759        -            144   2.8e-33  109.4   9.7   1   1     3e-29     3e-29   96.4   9.7     9   142     1   180     1   181 0.75 -
1178688at2759_109478_0:000d27|NODE_1185_length_13996_cov_68.076442:9676-10254   -            181 1178688at2759        -            144   2.8e-33  109.4   9.7   1   1     3e-29     3e-29   96.4   9.7     9   142     1   180     1   181 0.75 -
1178688at2759_114398_0:00310a|NODE_1185_length_13996_cov_68.076442:9676-10254   -            181 1178688at2759        -            144   2.8e-33  109.4   9.7   1   1     3e-29     3e-29   96.4   9.7     9   142     1   180     1   181 0.75 -
1178688at2759_1165861_1:002951|NODE_1185_length_13996_cov_68.076442:9676-10254  -            181 1178688at2759        -            144   2.8e-33  109.4   9.7   1   1     3e-29     3e-29   96.4   9.7     9   142     1   180     1   181 0.75 -
1178688at2759_118797_0:0002aa|NODE_1185_length_13996_cov_68.076442:9676-10254   -            181 1178688at2759        -            144   2.8e-33  109.4   9.7   1   1     3e-29     3e-29   96.4   9.7     9   142     1   180     1   181 0.75 -
1178688at2759_1314771_1:0012d5|NODE_1185_length_13996_cov_68.076442:9676-10254  -            181 1178688at2759        -            144   2.8e-33  109.4   9.7   1   1     3e-29     3e-29   96.4   9.7     9   142     1   180     1   181 0.75 -
1178688at2759_1314771_1:00282d|NODE_1185_length_13996_cov_68.076442:9676-10254  -            181 1178688at2759        -            144   2.8e-33  109.4   9.7   1   1     3e-29     3e-29   96.4   9.7     9   142     1   180     1   181 0.75 -
1178688at2759_1314790_1:001d85|NODE_1185_length_13996_cov_68.076442:9676-10254  -            181 1178688at2759        -            144   2.8e-33  109.4   9.7   1   1     3e-29     3e-29   96.4   9.7     9   142     1   180     1   181 0.75 -
1178688at2759_13616_0:002b09|NODE_1185_length_13996_cov_68.076442:9676-10254    -            181 1178688at2759        -            144   2.8e-33  109.4   9.7   1   1     3e-29     3e-29   96.4   9.7     9   142     1   180     1   181 0.75 -
1178688at2759_146911_0:0040f2|NODE_1185_length_13996_cov_68.076442:9676-10254   -            181 1178688at2759        -            144   2.8e-33  109.4   9.7   1   1     3e-29     3e-29   96.4   9.7     9   142     1   180     1   181 0.75 -
1178688at2759_1608454_0:002509|NODE_1185_length_13996_cov_68.076442:9676-10254  -            181 1178688at2759        -            144   2.8e-33  109.4   9.7   1   1     3e-29     3e-29   96.4   9.7     9   142     1   180     1   181 0.75 -
1178688at2759_1608454_0:008b1e|NODE_1185_length_13996_cov_68.076442:9676-10254  -            181 1178688at2759        -            144   2.8e-33  109.4   9.7   1   1     3e-29     3e-29   96.4   9.7     9   142     1   180     1   181 0.75 -
1178688at2759_1737458_0:0007c0|NODE_1185_length_13996_cov_68.076442:9676-10254  -            181 1178688at2759        -            144   2.8e-33  109.4   9.7   1   1     3e-29     3e-29   96.4   9.7     9   142     1   180     1   181 0.75 -
1178688at2759_1737458_0:000dbc|NODE_1185_length_13996_cov_68.076442:9676-10254  -            181 1178688at2759        -            144   2.8e-33  109.4   9.7   1   1     3e-29     3e-29   96.4   9.7     9   142     1   180     1   181 0.75 -
1178688at2759_175836_0:001933|NODE_1185_length_13996_cov_68.076442:9676-10254   -            181 1178688at2759        -            144   2.8e-33  109.4   9.7   1   1     3e-29     3e-29   96.4   9.7     9   142     1   180     1   181 0.75 -
1178688at2759_176946_0:00010f|NODE_1185_length_13996_cov_68.076442:9676-10254   -            181 1178688at2759        -            144   2.8e-33  109.4   9.7   1   1     3e-29     3e-29   96.4   9.7     9   142     1   180     1   181 0.75 -
1178688at2759_1841481_0:001727|NODE_1185_length_13996_cov_68.076442:9676-10254  -            181 1178688at2759        -            144   2.8e-33  109.4   9.7   1   1     3e-29     3e-29   96.4   9.7     9   142     1   180     1   181 0.75 -
1178688at2759_187382_0:0022b8|NODE_1185_length_13996_cov_68.076442:9676-10254   -            181 1178688at2759        -            144   2.8e-33  109.4   9.7   1   1     3e-29     3e-29   96.4   9.7     9   142     1   180     1   181 0.75 -
1178688at2759_244447_0:003860|NODE_1185_length_13996_cov_68.076442:9676-10254   -            181 1178688at2759        -            144   2.8e-33  109.4   9.7   1   1     3e-29     3e-29   96.4   9.7     9   142     1   180     1   181 0.75 -
1178688at2759_28743_0:000786|NODE_1185_length_13996_cov_68.076442:9676-10254    -            181 1178688at2759        -            144   2.8e-33  109.4   9.7   1   1     3e-29     3e-29   96.4   9.7     9   142     1   180     1   181 0.75 -
1178688at2759_29073_0:00309e|NODE_1185_length_13996_cov_68.076442:9676-10254    -            181 1178688at2759        -            144   2.8e-33  109.4   9.7   1   1     3e-29     3e-29   96.4   9.7     9   142     1   180     1   181 0.75 -
1178688at2759_29078_0:001bd4|NODE_1185_length_13996_cov_68.076442:9676-10254    -            181 1178688at2759        -            144   2.8e-33  109.4   9.7   1   1     3e-29     3e-29   96.4   9.7     9   142     1   180     1   181 0.75 -
1178688at2759_29088_0:0008fb|NODE_1185_length_13996_cov_68.076442:9676-10254    -            181 1178688at2759        -            144   2.8e-33  109.4   9.7   1   1     3e-29     3e-29   96.4   9.7     9   142     1   180     1   181 0.75 -
1178688at2759_291302_0:0038b6|NODE_1185_length_13996_cov_68.076442:9676-10254   -            181 1178688at2759        -            144   2.8e-33  109.4   9.7   1   1     3e-29     3e-29   96.4   9.7     9   142     1   180     1   181 0.75 -
1178688at2759_30521_0:001514|NODE_1185_length_13996_cov_68.076442:9676-10254    -            181 1178688at2759        -            144   2.8e-33  109.4   9.7   1   1     3e-29     3e-29   96.4   9.7     9   142     1   180     1   181 0.75 -
1178688at2759_30538_0:000ffc|NODE_1185_length_13996_cov_68.076442:9676-10254    -            181 1178688at2759        -            144   2.8e-33  109.4   9.7   1   1     3e-29     3e-29   96.4   9.7     9   142     1   180     1   181 0.75 -
1178688at2759_30608_0:004b91|NODE_1185_length_13996_cov_68.076442:9676-10254    -            181 1178688at2759        -            144   2.8e-33  109.4   9.7   1   1     3e-29     3e-29   96.4   9.7     9   142     1   180     1   181 0.75 -
1178688at2759_30611_0:003577|NODE_1185_length_13996_cov_68.076442:9676-10254    -            181 1178688at2759        -            144   2.8e-33  109.4   9.7   1   1     3e-29     3e-29   96.4   9.7     9   142     1   180     1   181 0.75 -
1178688at2759_307959_0:00323d|NODE_1185_length_13996_cov_68.076442:9676-10254   -            181 1178688at2759        -            144   2.8e-33  109.4   9.7   1   1     3e-29     3e-29   96.4   9.7     9   142     1   180     1   181 0.75 -
1178688at2759_310752_0:0029db|NODE_1185_length_13996_cov_68.076442:9676-10254   -            181 1178688at2759        -            144   2.8e-33  109.4   9.7   1   1     3e-29     3e-29   96.4   9.7     9   142     1   180     1   181 0.75 -
1178688at2759_32536_0:000a87|NODE_1185_length_13996_cov_68.076442:9676-10254    -            181 1178688at2759        -            144   2.8e-33  109.4   9.7   1   1     3e-29     3e-29   96.4   9.7     9   142     1   180     1   181 0.75 -
1178688at2759_329046_1:001b2e|NODE_1185_length_13996_cov_68.076442:9676-10254   -            181 1178688at2759        -            144   2.8e-33  109.4   9.7   1   1     3e-29     3e-29   96.4   9.7     9   142     1   180     1   181 0.75 -
1178688at2759_336983_0:0026c4|NODE_1185_length_13996_cov_68.076442:9676-10254   -            181 1178688at2759        -            144   2.8e-33  109.4   9.7   1   1     3e-29     3e-29   96.4   9.7     9   142     1   180     1   181 0.75 -
1178688at2759_34839_0:000619|NODE_1185_length_13996_cov_68.076442:9676-10254    -            181 1178688at2759        -            144   2.8e-33  109.4   9.7   1   1     3e-29     3e-29   96.4   9.7     9   142     1   180     1   181 0.75 -
1178688at2759_35019_0:003708|NODE_1185_length_13996_cov_68.076442:9676-10254    -            181 1178688at2759        -            144   2.8e-33  109.4   9.7   1   1     3e-29     3e-29   96.4   9.7     9   142     1   180     1   181 0.75 -
1178688at2759_37003_0:002c8d|NODE_1185_length_13996_cov_68.076442:9676-10254    -            181 1178688at2759        -            144   2.8e-33  109.4   9.7   1   1     3e-29     3e-29   96.4   9.7     9   142     1   180     1   181 0.75 -
1178688at2759_37293_0:004fc3|NODE_1185_length_13996_cov_68.076442:9676-10254    -            181 1178688at2759        -            144   2.8e-33  109.4   9.7   1   1     3e-29     3e-29   96.4   9.7     9   142     1   180     1   181 0.75 -
1178688at2759_379532_0:00388a|NODE_1185_length_13996_cov_68.076442:9676-10254   -            181 1178688at2759        -            144   2.8e-33  109.4   9.7   1   1     3e-29     3e-29   96.4   9.7     9   142     1   180     1   181 0.75 -
1178688at2759_38626_0:001e12|NODE_1185_length_13996_cov_68.076442:9676-10254    -            181 1178688at2759        -            144   2.8e-33  109.4   9.7   1   1     3e-29     3e-29   96.4   9.7     9   142     1   180     1   181 0.75 -
1178688at2759_38654_0:001ea9|NODE_1185_length_13996_cov_68.076442:9676-10254    -            181 1178688at2759        -            144   2.8e-33  109.4   9.7   1   1     3e-29     3e-29   96.4   9.7     9   142     1   180     1   181 0.75 -
1178688at2759_39432_0:002ff1|NODE_1185_length_13996_cov_68.076442:9676-10254    -            181 1178688at2759        -            144   2.8e-33  109.4   9.7   1   1     3e-29     3e-29   96.4   9.7     9   142     1   180     1   181 0.75 -
1178688at2759_42254_0:0042d4|NODE_1185_length_13996_cov_68.076442:9676-10254    -            181 1178688at2759        -            144   2.8e-33  109.4   9.7   1   1     3e-29     3e-29   96.4   9.7     9   142     1   180     1   181 0.75 -
1178688at2759_43179_0:00157e|NODE_1185_length_13996_cov_68.076442:9676-10254    -            181 1178688at2759        -            144   2.8e-33  109.4   9.7   1   1     3e-29     3e-29   96.4   9.7     9   142     1   180     1   181 0.75 -
1178688at2759_482537_0:00145a|NODE_1185_length_13996_cov_68.076442:9676-10254   -            181 1178688at2759        -            144   2.8e-33  109.4   9.7   1   1     3e-29     3e-29   96.4   9.7     9   142     1   180     1   181 0.75 -
1178688at2759_48498_0:00475f|NODE_1185_length_13996_cov_68.076442:9676-10254    -            181 1178688at2759        -            144   2.8e-33  109.4   9.7   1   1     3e-29     3e-29   96.4   9.7     9   142     1   180     1   181 0.75 -
1178688at2759_48698_0:0010b8|NODE_1185_length_13996_cov_68.076442:9676-10254    -            181 1178688at2759        -            144   2.8e-33  109.4   9.7   1   1     3e-29     3e-29   96.4   9.7     9   142     1   180     1   181 0.75 -
1178688at2759_51337_0:001055|NODE_1185_length_13996_cov_68.076442:9676-10254    -            181 1178688at2759        -            144   2.8e-33  109.4   9.7   1   1     3e-29     3e-29   96.4   9.7     9   142     1   180     1   181 0.75 -
1178688at2759_51338_0:00024b|NODE_1185_length_13996_cov_68.076442:9676-10254    -            181 1178688at2759        -            144   2.8e-33  109.4   9.7   1   1     3e-29     3e-29   96.4   9.7     9   142     1   180     1   181 0.75 -
1178688at2759_51338_0:003368|NODE_1185_length_13996_cov_68.076442:9676-10254    -            181 1178688at2759        -            144   2.8e-33  109.4   9.7   1   1     3e-29     3e-29   96.4   9.7     9   142     1   180     1   181 0.75 -
1178688at2759_62698_0:0029e2|NODE_1185_length_13996_cov_68.076442:9676-10254    -            181 1178688at2759        -            144   2.8e-33  109.4   9.7   1   1     3e-29     3e-29   96.4   9.7     9   142     1   180     1   181 0.75 -
1178688at2759_645134_1:0010fe|NODE_1185_length_13996_cov_68.076442:9676-10254   -            181 1178688at2759        -            144   2.8e-33  109.4   9.7   1   1     3e-29     3e-29   96.4   9.7     9   142     1   180     1   181 0.75 -
1178688at2759_73337_0:00214f|NODE_1185_length_13996_cov_68.076442:9676-10254    -            181 1178688at2759        -            144   2.8e-33  109.4   9.7   1   1     3e-29     3e-29   96.4   9.7     9   142     1   180     1   181 0.75 -
1178688at2759_7955_0:0027fc|NODE_1185_length_13996_cov_68.076442:9676-10254     -            181 1178688at2759        -            144   2.8e-33  109.4   9.7   1   1     3e-29     3e-29   96.4   9.7     9   142     1   180     1   181 0.75 -
1178688at2759_79684_0:0003ff|NODE_1185_length_13996_cov_68.076442:9676-10254    -            181 1178688at2759        -            144   2.8e-33  109.4   9.7   1   1     3e-29     3e-29   96.4   9.7     9   142     1   180     1   181 0.75 -
1178688at2759_796925_1:000868|NODE_1185_length_13996_cov_68.076442:9676-10254   -            181 1178688at2759        -            144   2.8e-33  109.4   9.7   1   1     3e-29     3e-29   96.4   9.7     9   142     1   180     1   181 0.75 -
1178688at2759_7994_0:005785|NODE_1185_length_13996_cov_68.076442:9676-10254     -            181 1178688at2759        -            144   2.8e-33  109.4   9.7   1   1     3e-29     3e-29   96.4   9.7     9   142     1   180     1   181 0.75 -
1178688at2759_7998_0:001463|NODE_1185_length_13996_cov_68.076442:9676-10254     -            181 1178688at2759        -            144   2.8e-33  109.4   9.7   1   1     3e-29     3e-29   96.4   9.7     9   142     1   180     1   181 0.75 -
1178688at2759_9258_0:0011c4|NODE_1185_length_13996_cov_68.076442:9676-10254     -            181 1178688at2759        -            144   2.8e-33  109.4   9.7   1   1     3e-29     3e-29   96.4   9.7     9   142     1   180     1   181 0.75 -
1178688at2759_9305_0:0020c4|NODE_1185_length_13996_cov_68.076442:9676-10254     -            181 1178688at2759        -            144   2.8e-33  109.4   9.7   1   1     3e-29     3e-29   96.4   9.7     9   142     1   180     1   181 0.75 -
1178688at2759_9361_0:003e0e|NODE_1185_length_13996_cov_68.076442:9676-10254     -            181 1178688at2759        -            144   2.8e-33  109.4   9.7   1   1     3e-29     3e-29   96.4   9.7     9   142     1   180     1   181 0.75 -
1178688at2759_9371_0:000334|NODE_1185_length_13996_cov_68.076442:9676-10254     -            181 1178688at2759        -            144   2.8e-33  109.4   9.7   1   1     3e-29     3e-29   96.4   9.7     9   142     1   180     1   181 0.75 -
1178688at2759_9531_0:003627|NODE_1185_length_13996_cov_68.076442:9676-10254     -            181 1178688at2759        -            144   2.8e-33  109.4   9.7   1   1     3e-29     3e-29   96.4   9.7     9   142     1   180     1   181 0.75 -
1178688at2759_9615_0:0043de|NODE_1185_length_13996_cov_68.076442:9676-10254     -            181 1178688at2759        -            144   2.8e-33  109.4   9.7   1   1     3e-29     3e-29   96.4   9.7     9   142     1   180     1   181 0.75 -
1178688at2759_9713_0:0038df|NODE_1185_length_13996_cov_68.076442:9676-10254     -            181 1178688at2759        -            144   2.8e-33  109.4   9.7   1   1     3e-29     3e-29   96.4   9.7     9   142     1   180     1   181 0.75 -
1178688at2759_9755_0:000e6c|NODE_1185_length_13996_cov_68.076442:9676-10254     -            181 1178688at2759        -            144   2.8e-33  109.4   9.7   1   1     3e-29     3e-29   96.4   9.7     9   142     1   180     1   181 0.75 -
1178688at2759_9793_0:00150a|NODE_1185_length_13996_cov_68.076442:9676-10254     -            181 1178688at2759        -            144   2.8e-33  109.4   9.7   1   1     3e-29     3e-29   96.4   9.7     9   142     1   180     1   181 0.75 -
1178688at2759_9823_0:003a62|NODE_1185_length_13996_cov_68.076442:9676-10254     -            181 1178688at2759        -            144   2.8e-33  109.4   9.7   1   1     3e-29     3e-29   96.4   9.7     9   142     1   180     1   181 0.75 -
1178688at2759_9940_0:0000b9|NODE_1185_length_13996_cov_68.076442:9676-10254     -            181 1178688at2759        -            144   2.8e-33  109.4   9.7   1   1     3e-29     3e-29   96.4   9.7     9   142     1   180     1   181 0.75 -
1178688at2759_9978_0:0034e1|NODE_1185_length_13996_cov_68.076442:9676-10254     -            181 1178688at2759        -            144   2.8e-33  109.4   9.7   1   1     3e-29     3e-29   96.4   9.7     9   142     1   180     1   181 0.75 -
1178688at2759_9986_0:003c2d|NODE_1185_length_13996_cov_68.076442:9676-10254     -            181 1178688at2759        -            144   2.8e-33  109.4   9.7   1   1     3e-29     3e-29   96.4   9.7     9   142     1   180     1   181 0.75 -
1178688at2759_9994_0:000ac7|NODE_1185_length_13996_cov_68.076442:9676-10254     -            181 1178688at2759        -            144   2.8e-33  109.4   9.7   1   1     3e-29     3e-29   96.4   9.7     9   142     1   180     1   181 0.75 -
1178688at2759_144197_0:001f0d|NODE_1185_length_13996_cov_68.076442:9679-10254   -            180 1178688at2759        -            144   3.4e-33  109.2   9.4   1   2   1.5e-12   1.5e-12   42.2   0.4     9    68     1    68     1    72 0.80 -
1178688at2759_144197_0:001f0d|NODE_1185_length_13996_cov_68.076442:9679-10254   -            180 1178688at2759        -            144   3.4e-33  109.2   9.4   2   2   1.5e-19   1.5e-19   64.9   3.3    61   141    77   179    72   180 0.78 -
1178688at2759_8078_0:0000a8|NODE_1185_length_13996_cov_68.076442:9679-10254     -            180 1178688at2759        -            144   3.4e-33  109.2   9.4   1   2   1.5e-12   1.5e-12   42.2   0.4     9    68     1    68     1    72 0.80 -
1178688at2759_8078_0:0000a8|NODE_1185_length_13996_cov_68.076442:9679-10254     -            180 1178688at2759        -            144   3.4e-33  109.2   9.4   2   2   1.5e-19   1.5e-19   64.9   3.3    61   141    77   179    72   180 0.78 -
1178688at2759_6412_0:003a84|NODE_1185_length_13996_cov_68.076442:9664-10257     -            197 1178688at2759        -            144   5.2e-33  108.6   7.5   1   2   6.6e-13   6.6e-13   43.4   0.3     8    68     1    69     1    73 0.80 -
1178688at2759_6412_0:003a84|NODE_1185_length_13996_cov_68.076442:9664-10257     -            197 1178688at2759        -            144   5.2e-33  108.6   7.5   2   2   6.4e-19   6.5e-19   62.9   2.2    64   142    93   193    78   195 0.77 -
1178688at2759_1130832_1:001a9a|NODE_1185_length_13996_cov_68.076442:9682-10254  -            179 1178688at2759        -            144   7.2e-33  108.1   9.6   1   1   7.8e-29   7.9e-29   95.0   9.6     9   140     1   178     1   179 0.74 -
1178688at2759_1220926_1:0022a0|NODE_1185_length_13996_cov_68.076442:9697-10257  -            175 1178688at2759        -            144   8.2e-33  107.9   9.2   1   1   9.6e-29   9.7e-29   94.7   9.2     8   135     1   174     1   175 0.74 -
1178688at2759_246409_1:000a8f|NODE_1185_length_13996_cov_68.076442:9697-10257   -            175 1178688at2759        -            144   8.2e-33  107.9   9.2   1   1   9.6e-29   9.7e-29   94.7   9.2     8   135     1   174     1   175 0.74 -
1178688at2759_328815_0:0039f9|NODE_1185_length_13996_cov_68.076442:9697-10257   -            175 1178688at2759        -            144   8.2e-33  107.9   9.2   1   1   9.6e-29   9.7e-29   94.7   9.2     8   135     1   174     1   175 0.74 -
1178688at2759_90262_1:000048|NODE_1185_length_13996_cov_68.076442:9697-10257    -            175 1178688at2759        -            144   8.2e-33  107.9   9.2   1   1   9.6e-29   9.7e-29   94.7   9.2     8   135     1   174     1   175 0.74 -
1178688at2759_31234_0:00612d|NODE_1185_length_13996_cov_68.076442:9664-10254    -            196 1178688at2759        -            144   2.7e-32  106.2   8.9   1   2   1.9e-12   1.9e-12   41.9   0.4     9    68     1    68     1    72 0.80 -
1178688at2759_31234_0:00612d|NODE_1185_length_13996_cov_68.076442:9664-10254    -            196 1178688at2759        -            144   2.7e-32  106.2   8.9   2   2   7.2e-19   7.3e-19   62.7   2.7    63   142    91   192    72   194 0.76 -
1178688at2759_109280_0:001504|NODE_1185_length_13996_cov_68.076442:9694-10254   -            175 1178688at2759        -            144   2.9e-32  106.1   9.9   1   1   3.4e-28   3.5e-28   92.9   9.9     9   136     1   174     1   175 0.74 -
1178688at2759_321398_0:002e40|NODE_1185_length_13996_cov_68.076442:9694-10254   -            175 1178688at2759        -            144   2.9e-32  106.1   9.9   1   1   3.4e-28   3.5e-28   92.9   9.9     9   136     1   174     1   175 0.74 -
1178688at2759_441894_0:000d56|NODE_1185_length_13996_cov_68.076442:9694-10254   -            175 1178688at2759        -            144   2.9e-32  106.1   9.9   1   1   3.4e-28   3.5e-28   92.9   9.9     9   136     1   174     1   175 0.74 -
1178688at2759_7918_0:0035ad|NODE_1185_length_13996_cov_68.076442:9694-10254     -            175 1178688at2759        -            144   2.9e-32  106.1   9.9   1   1   3.4e-28   3.5e-28   92.9   9.9     9   136     1   174     1   175 0.74 -
1178688at2759_8478_0:00500d|NODE_1185_length_13996_cov_68.076442:9694-10254     -            175 1178688at2759        -            144   2.9e-32  106.1   9.9   1   1   3.4e-28   3.5e-28   92.9   9.9     9   136     1   174     1   175 0.74 -
1178688at2759_8969_0:002b29|NODE_1185_length_13996_cov_68.076442:9694-10254     -            175 1178688at2759        -            144   2.9e-32  106.1   9.9   1   1   3.4e-28   3.5e-28   92.9   9.9     9   136     1   174     1   175 0.74 -
1178688at2759_66420_0:002714|NODE_1185_length_13996_cov_68.076442:9664-10248    -            182 1178688at2759        -            144   3.2e-32  106.0  10.4   1   1   3.4e-28   3.4e-28   93.0  10.4    11   142     1   178     1   180 0.74 -
1178688at2759_7493_0:002c58|NODE_1185_length_13996_cov_68.076442:9664-10248     -            182 1178688at2759        -            144   3.2e-32  106.0  10.4   1   1   3.4e-28   3.4e-28   93.0  10.4    11   142     1   178     1   180 0.74 -
1178688at2759_100784_0:002be9|NODE_1185_length_13996_cov_68.076442:9697-10254   -            174 1178688at2759        -            144   4.2e-32  105.6  10.2   1   1     5e-28   5.1e-28   92.4  10.2     9   135     1   173     1   174 0.74 -
1178688at2759_118200_0:002f98|NODE_1185_length_13996_cov_68.076442:9697-10254   -            174 1178688at2759        -            144   4.2e-32  105.6  10.2   1   1     5e-28   5.1e-28   92.4  10.2     9   135     1   173     1   174 0.74 -
1178688at2759_121530_0:001ba3|NODE_1185_length_13996_cov_68.076442:9697-10254   -            174 1178688at2759        -            144   4.2e-32  105.6  10.2   1   1     5e-28   5.1e-28   92.4  10.2     9   135     1   173     1   174 0.74 -
1178688at2759_125878_0:0010d5|NODE_1185_length_13996_cov_68.076442:9697-10254   -            174 1178688at2759        -            144   4.2e-32  105.6  10.2   1   1     5e-28   5.1e-28   92.4  10.2     9   135     1   173     1   174 0.74 -
1178688at2759_1263082_1:001129|NODE_1185_length_13996_cov_68.076442:9697-10254  -            174 1178688at2759        -            144   4.2e-32  105.6  10.2   1   1     5e-28   5.1e-28   92.4  10.2     9   135     1   173     1   174 0.74 -
1178688at2759_1314790_1:001291|NODE_1185_length_13996_cov_68.076442:9697-10254  -            174 1178688at2759        -            144   4.2e-32  105.6  10.2   1   1     5e-28   5.1e-28   92.4  10.2     9   135     1   173     1   174 0.74 -
1178688at2759_132908_0:001e0c|NODE_1185_length_13996_cov_68.076442:9697-10254   -            174 1178688at2759        -            144   4.2e-32  105.6  10.2   1   1     5e-28   5.1e-28   92.4  10.2     9   135     1   173     1   174 0.74 -
1178688at2759_13706_1:0026a1|NODE_1185_length_13996_cov_68.076442:9697-10254    -            174 1178688at2759        -            144   4.2e-32  105.6  10.2   1   1     5e-28   5.1e-28   92.4  10.2     9   135     1   173     1   174 0.74 -
1178688at2759_1415176_0:0011b8|NODE_1185_length_13996_cov_68.076442:9697-10254  -            174 1178688at2759        -            144   4.2e-32  105.6  10.2   1   1     5e-28   5.1e-28   92.4  10.2     9   135     1   173     1   174 0.74 -
1178688at2759_143302_0:000583|NODE_1185_length_13996_cov_68.076442:9697-10254   -            174 1178688at2759        -            144   4.2e-32  105.6  10.2   1   1     5e-28   5.1e-28   92.4  10.2     9   135     1   173     1   174 0.74 -
1178688at2759_156563_0:00020a|NODE_1185_length_13996_cov_68.076442:9697-10254   -            174 1178688at2759        -            144   4.2e-32  105.6  10.2   1   1     5e-28   5.1e-28   92.4  10.2     9   135     1   173     1   174 0.74 -
1178688at2759_181119_0:0021a1|NODE_1185_length_13996_cov_68.076442:9697-10254   -            174 1178688at2759        -            144   4.2e-32  105.6  10.2   1   1     5e-28   5.1e-28   92.4  10.2     9   135     1   173     1   174 0.74 -
1178688at2759_185453_0:001bd6|NODE_1185_length_13996_cov_68.076442:9697-10254   -            174 1178688at2759        -            144   4.2e-32  105.6  10.2   1   1     5e-28   5.1e-28   92.4  10.2     9   135     1   173     1   174 0.74 -
1178688at2759_186990_0:003c37|NODE_1185_length_13996_cov_68.076442:9697-10254   -            174 1178688at2759        -            144   4.2e-32  105.6  10.2   1   1     5e-28   5.1e-28   92.4  10.2     9   135     1   173     1   174 0.74 -
1178688at2759_198806_0:000b20|NODE_1185_length_13996_cov_68.076442:9697-10254   -            174 1178688at2759        -            144   4.2e-32  105.6  10.2   1   1     5e-28   5.1e-28   92.4  10.2     9   135     1   173     1   174 0.74 -
1178688at2759_200324_1:003752|NODE_1185_length_13996_cov_68.076442:9697-10254   -            174 1178688at2759        -            144   4.2e-32  105.6  10.2   1   1     5e-28   5.1e-28   92.4  10.2     9   135     1   173     1   174 0.74 -
1178688at2759_216574_0:0024c8|NODE_1185_length_13996_cov_68.076442:9697-10254   -            174 1178688at2759        -            144   4.2e-32  105.6  10.2   1   1     5e-28   5.1e-28   92.4  10.2     9   135     1   173     1   174 0.74 -
1178688at2759_230844_0:002582|NODE_1185_length_13996_cov_68.076442:9697-10254   -            174 1178688at2759        -            144   4.2e-32  105.6  10.2   1   1     5e-28   5.1e-28   92.4  10.2     9   135     1   173     1   174 0.74 -
1178688at2759_240206_0:00359a|NODE_1185_length_13996_cov_68.076442:9697-10254   -            174 1178688at2759        -            144   4.2e-32  105.6  10.2   1   1     5e-28   5.1e-28   92.4  10.2     9   135     1   173     1   174 0.74 -
1178688at2759_27349_1:0047bb|NODE_1185_length_13996_cov_68.076442:9697-10254    -            174 1178688at2759        -            144   4.2e-32  105.6  10.2   1   1     5e-28   5.1e-28   92.4  10.2     9   135     1   173     1   174 0.74 -
1178688at2759_28377_0:00108b|NODE_1185_length_13996_cov_68.076442:9697-10254    -            174 1178688at2759        -            144   4.2e-32  105.6  10.2   1   1     5e-28   5.1e-28   92.4  10.2     9   135     1   173     1   174 0.74 -
1178688at2759_299123_0:002b54|NODE_1185_length_13996_cov_68.076442:9697-10254   -            174 1178688at2759        -            144   4.2e-32  105.6  10.2   1   1     5e-28   5.1e-28   92.4  10.2     9   135     1   173     1   174 0.74 -
1178688at2759_30455_0:002753|NODE_1185_length_13996_cov_68.076442:9697-10254    -            174 1178688at2759        -            144   4.2e-32  105.6  10.2   1   1     5e-28   5.1e-28   92.4  10.2     9   135     1   173     1   174 0.74 -
1178688at2759_36300_0:001a62|NODE_1185_length_13996_cov_68.076442:9697-10254    -            174 1178688at2759        -            144   4.2e-32  105.6  10.2   1   1     5e-28   5.1e-28   92.4  10.2     9   135     1   173     1   174 0.74 -
1178688at2759_418459_1:001815|NODE_1185_length_13996_cov_68.076442:9697-10254   -            174 1178688at2759        -            144   4.2e-32  105.6  10.2   1   1     5e-28   5.1e-28   92.4  10.2     9   135     1   173     1   174 0.74 -
1178688at2759_441921_0:001270|NODE_1185_length_13996_cov_68.076442:9697-10254   -            174 1178688at2759        -            144   4.2e-32  105.6  10.2   1   1     5e-28   5.1e-28   92.4  10.2     9   135     1   173     1   174 0.74 -
1178688at2759_44394_0:003142|NODE_1185_length_13996_cov_68.076442:9697-10254    -            174 1178688at2759        -            144   4.2e-32  105.6  10.2   1   1     5e-28   5.1e-28   92.4  10.2     9   135     1   173     1   174 0.74 -
1178688at2759_48883_0:002913|NODE_1185_length_13996_cov_68.076442:9697-10254    -            174 1178688at2759        -            144   4.2e-32  105.6  10.2   1   1     5e-28   5.1e-28   92.4  10.2     9   135     1   173     1   174 0.74 -
1178688at2759_52644_0:0031ae|NODE_1185_length_13996_cov_68.076442:9697-10254    -            174 1178688at2759        -            144   4.2e-32  105.6  10.2   1   1     5e-28   5.1e-28   92.4  10.2     9   135     1   173     1   174 0.74 -
1178688at2759_55661_0:003038|NODE_1185_length_13996_cov_68.076442:9697-10254    -            174 1178688at2759        -            144   4.2e-32  105.6  10.2   1   1     5e-28   5.1e-28   92.4  10.2     9   135     1   173     1   174 0.74 -
1178688at2759_59894_0:003b70|NODE_1185_length_13996_cov_68.076442:9697-10254    -            174 1178688at2759        -            144   4.2e-32  105.6  10.2   1   1     5e-28   5.1e-28   92.4  10.2     9   135     1   173     1   174 0.74 -
1178688at2759_688394_1:0025c2|NODE_1185_length_13996_cov_68.076442:9697-10254   -            174 1178688at2759        -            144   4.2e-32  105.6  10.2   1   1     5e-28   5.1e-28   92.4  10.2     9   135     1   173     1   174 0.74 -
1178688at2759_763407_1:001560|NODE_1185_length_13996_cov_68.076442:9697-10254   -            174 1178688at2759        -            144   4.2e-32  105.6  10.2   1   1     5e-28   5.1e-28   92.4  10.2     9   135     1   173     1   174 0.74 -
1178688at2759_7962_0:00222f|NODE_1185_length_13996_cov_68.076442:9697-10254     -            174 1178688at2759        -            144   4.2e-32  105.6  10.2   1   1     5e-28   5.1e-28   92.4  10.2     9   135     1   173     1   174 0.74 -
1178688at2759_8355_0:00118c|NODE_1185_length_13996_cov_68.076442:9697-10254     -            174 1178688at2759        -            144   4.2e-32  105.6  10.2   1   1     5e-28   5.1e-28   92.4  10.2     9   135     1   173     1   174 0.74 -
1178688at2759_8355_0:0017c8|NODE_1185_length_13996_cov_68.076442:9697-10254     -            174 1178688at2759        -            144   4.2e-32  105.6  10.2   1   1     5e-28   5.1e-28   92.4  10.2     9   135     1   173     1   174 0.74 -
1178688at2759_8364_0:000f50|NODE_1185_length_13996_cov_68.076442:9697-10254     -            174 1178688at2759        -            144   4.2e-32  105.6  10.2   1   1     5e-28   5.1e-28   92.4  10.2     9   135     1   173     1   174 0.74 -
1178688at2759_85066_0:00324c|NODE_1185_length_13996_cov_68.076442:9697-10254    -            174 1178688at2759        -            144   4.2e-32  105.6  10.2   1   1     5e-28   5.1e-28   92.4  10.2     9   135     1   173     1   174 0.74 -
1178688at2759_8839_0:000c77|NODE_1185_length_13996_cov_68.076442:9697-10254     -            174 1178688at2759        -            144   4.2e-32  105.6  10.2   1   1     5e-28   5.1e-28   92.4  10.2     9   135     1   173     1   174 0.74 -
1178688at2759_8897_0:002f4e|NODE_1185_length_13996_cov_68.076442:9697-10254     -            174 1178688at2759        -            144   4.2e-32  105.6  10.2   1   1     5e-28   5.1e-28   92.4  10.2     9   135     1   173     1   174 0.74 -
1178688at2759_89399_0:0010a1|NODE_1185_length_13996_cov_68.076442:9697-10254    -            174 1178688at2759        -            144   4.2e-32  105.6  10.2   1   1     5e-28   5.1e-28   92.4  10.2     9   135     1   173     1   174 0.74 -
1178688at2759_89399_0:0026a3|NODE_1185_length_13996_cov_68.076442:9697-10254    -            174 1178688at2759        -            144   4.2e-32  105.6  10.2   1   1     5e-28   5.1e-28   92.4  10.2     9   135     1   173     1   174 0.74 -
1178688at2759_8954_0:001505|NODE_1185_length_13996_cov_68.076442:9697-10254     -            174 1178688at2759        -            144   4.2e-32  105.6  10.2   1   1     5e-28   5.1e-28   92.4  10.2     9   135     1   173     1   174 0.74 -
1178688at2759_8996_0:000321|NODE_1185_length_13996_cov_68.076442:9697-10254     -            174 1178688at2759        -            144   4.2e-32  105.6  10.2   1   1     5e-28   5.1e-28   92.4  10.2     9   135     1   173     1   174 0.74 -
1178688at2759_9031_0:000580|NODE_1185_length_13996_cov_68.076442:9697-10254     -            174 1178688at2759        -            144   4.2e-32  105.6  10.2   1   1     5e-28   5.1e-28   92.4  10.2     9   135     1   173     1   174 0.74 -
1178688at2759_9233_0:0027cd|NODE_1185_length_13996_cov_68.076442:9697-10254     -            174 1178688at2759        -            144   4.2e-32  105.6  10.2   1   1     5e-28   5.1e-28   92.4  10.2     9   135     1   173     1   174 0.74 -
1178688at2759_9238_0:00266a|NODE_1185_length_13996_cov_68.076442:9697-10254     -            174 1178688at2759        -            144   4.2e-32  105.6  10.2   1   1     5e-28   5.1e-28   92.4  10.2     9   135     1   173     1   174 0.74 -
1178688at2759_94827_0:000d31|NODE_1185_length_13996_cov_68.076442:9697-10254    -            174 1178688at2759        -            144   4.2e-32  105.6  10.2   1   1     5e-28   5.1e-28   92.4  10.2     9   135     1   173     1   174 0.74 -
1178688at2759_97097_0:000497|NODE_1185_length_13996_cov_68.076442:9697-10254    -            174 1178688at2759        -            144   4.2e-32  105.6  10.2   1   1     5e-28   5.1e-28   92.4  10.2     9   135     1   173     1   174 0.74 -
1178688at2759_9733_0:0006f8|NODE_1185_length_13996_cov_68.076442:9697-10254     -            174 1178688at2759        -            144   4.2e-32  105.6  10.2   1   1     5e-28   5.1e-28   92.4  10.2     9   135     1   173     1   174 0.74 -
1178688at2759_535359_0:000a57|NODE_1185_length_13996_cov_68.076442:9706-10339   -            198 1178688at2759        -            144   8.7e-32  104.6   9.2   1   2   2.5e-13   2.6e-13   44.7   0.3     7    68    26    95    22   101 0.81 -
1178688at2759_535359_0:000a57|NODE_1185_length_13996_cov_68.076442:9706-10339   -            198 1178688at2759        -            144   8.7e-32  104.6   9.2   2   2   2.8e-17   2.8e-17   57.6   3.6    61   132   104   197   101   198 0.77 -
1178688at2759_1344416_1:000fbf|NODE_1185_length_13996_cov_68.076442:9676-10245  -            178 1178688at2759        -            144   1.2e-31  104.1  10.4   1   2   5.3e-11   5.3e-11   37.2   0.6    12    68     1    65     1    70 0.79 -
1178688at2759_1344416_1:000fbf|NODE_1185_length_13996_cov_68.076442:9676-10245  -            178 1178688at2759        -            144   1.2e-31  104.1  10.4   2   2     1e-19   1.1e-19   65.4   3.4    61   142    74   177    71   178 0.78 -
1178688at2759_34638_0:000811|NODE_1185_length_13996_cov_68.076442:9664-10245    -            181 1178688at2759        -            144   1.3e-31  104.0  10.6   1   1   1.4e-27   1.4e-27   90.9  10.6    12   142     1   177     1   179 0.74 -
1178688at2759_143948_0:000870|NODE_1185_length_13996_cov_68.076442:9664-10375   -            176 1178688at2759        -            144   4.1e-30   99.2   3.9   1   1   3.2e-29   3.3e-29   96.2   3.9     4   142    24   172    21   174 0.84 -
1178688at2759_578458_1:0022ab|NODE_1185_length_13996_cov_68.076442:9664-10236   -            178 1178688at2759        -            144   1.2e-29   97.7  11.9   1   1   1.3e-25   1.3e-25   84.6  11.9    15   142     1   174     1   176 0.74 -
1178688at2759_9531_0:00355d|NODE_1185_length_13996_cov_68.076442:9676-10254     -            145 1178688at2759        -            144   2.1e-28   93.6   4.0   1   1     2e-27     2e-27   90.5   4.0     9   142     1   144     1   145 0.84 -
1178688at2759_315563_0:0025f2|NODE_1185_length_13996_cov_68.076442:9682-10224   -            169 1178688at2759        -            144   2.9e-27   89.9  11.7   1   1   3.7e-23   3.8e-23   76.6  11.7    19   140     1   168     1   169 0.73 -
1178688at2759_38626_0:000fcb|NODE_1185_length_13996_cov_68.076442:9742-10254    -            159 1178688at2759        -            144   5.7e-27   89.0   7.4   1   1   8.9e-23     9e-23   75.4   7.4     9   122     1   159     1   159 0.72 -
1178688at2759_315563_0:0027e7|NODE_1185_length_13996_cov_68.076442:9664-10221   -            185 1178688at2759        -            144   1.4e-25   84.5  10.4   1   2     6e-06   6.1e-06   20.8   1.2    20    68     1    57     1    61 0.76 -
1178688at2759_315563_0:0027e7|NODE_1185_length_13996_cov_68.076442:9664-10221   -            185 1178688at2759        -            144   1.4e-25   84.5  10.4   2   2     6e-19     6e-19   63.0   2.3    64   142    81   181    68   183 0.77 -
1178688at2759_37621_0:0031e8|NODE_1185_length_13996_cov_68.076442:9664-10176    -            158 1178688at2759        -            144   8.1e-25   82.0   8.0   1   1   3.9e-21     4e-21   70.0   8.0    27   142     1   154     1   156 0.75 -
1178688at2759_6198_0:003a06|NODE_1185_length_13996_cov_68.076442:9664-10161     -            153 1178688at2759        -            144   2.4e-24   80.5   6.0   1   1   1.2e-20   1.2e-20   68.5   6.0    34   142     3   149     1   151 0.74 -
1178688at2759_121845_0:000ad0|NODE_1185_length_13996_cov_68.076442:9664-10146   -            148 1178688at2759        -            144   2.5e-23   77.2   5.1   1   1   5.7e-20   5.7e-20   66.3   5.1    60   142    40   144     1   146 0.72 -
1178688at2759_7668_0:000e34|NODE_1185_length_13996_cov_68.076442:9664-10140     -            146 1178688at2759        -            144     3e-23   76.9   4.2   1   1   3.8e-20   3.8e-20   66.8   4.2    60   142    38   142     1   144 0.76 -
1178688at2759_315563_0:0025f3|NODE_1185_length_13996_cov_68.076442:9664-10254   -             85 1178688at2759        -            144   1.3e-22   74.8   2.4   1   2   1.3e-07   1.3e-07   26.2   0.1     9    31     1    23     1    27 0.91 -
1178688at2759_315563_0:0025f3|NODE_1185_length_13996_cov_68.076442:9664-10254   -             85 1178688at2759        -            144   1.3e-22   74.8   2.4   2   2   7.7e-15   7.8e-15   49.6   0.3    90   142    28    81    23    83 0.87 -
1178688at2759_259920_0:004df0|NODE_1185_length_13996_cov_68.076442:9769-10254   -            150 1178688at2759        -            144     1e-21   71.9   5.9   1   1   1.8e-17   1.8e-17   58.2   5.9     9   113     1   150     1   150 0.69 -
1178688at2759_197043_0:001d42|NODE_1185_length_13996_cov_68.076442:9664-9982    -            106 1178688at2759        -            144   2.7e-21   70.6   2.0   1   1   1.5e-19   1.5e-19   64.9   2.0    65   142     3   102     1   104 0.76 -
1178688at2759_6526_0:001f37|NODE_1185_length_13996_cov_68.076442:9664-9973      -            103 1178688at2759        -            144   5.2e-21   69.6   1.7   1   1   2.5e-19   2.5e-19   64.2   1.7    67   142     2    99     1   101 0.74 -
1178688at2759_218467_0:00181e|NODE_1185_length_13996_cov_68.076442:9772-10254   -            149 1178688at2759        -            144     7e-21   69.2   6.5   1   1   9.7e-17   9.8e-17   55.8   6.5     9   111     1   148     1   149 0.66 -
1178688at2759_59894_0:00034e|NODE_1185_length_13996_cov_68.076442:9772-10254    -            149 1178688at2759        -            144     7e-21   69.2   6.5   1   1   9.7e-17   9.8e-17   55.8   6.5     9   111     1   148     1   149 0.66 -
1178688at2759_7897_0:00120b|NODE_1185_length_13996_cov_68.076442:9772-10254     -            149 1178688at2759        -            144     7e-21   69.2   6.5   1   1   9.7e-17   9.8e-17   55.8   6.5     9   111     1   148     1   149 0.66 -
1178688at2759_6945_0:0036c2|NODE_1185_length_13996_cov_68.076442:9799-10254     -            140 1178688at2759        -            144   1.2e-20   68.5   4.9   1   1   9.1e-17   9.2e-17   55.9   4.9     9   101     1   130     1   134 0.72 -
1178688at2759_9713_0:001c88|NODE_1185_length_13996_cov_68.076442:9829-10254     -            130 1178688at2759        -            144   1.5e-20   68.2   4.8   1   1   1.2e-16   1.2e-16   55.5   4.8     9   100     1   129     1   130 0.72 -
1178688at2759_38123_0:001a55|NODE_1185_length_13996_cov_68.076442:9844-10254    -            125 1178688at2759        -            144   4.4e-20   66.7   4.3   1   1   4.4e-16   4.4e-16   53.7   4.3     9    93     1   122     1   124 0.72 -
1178688at2759_9103_0:00092c|NODE_1185_length_13996_cov_68.076442:9844-10254     -            125 1178688at2759        -            144   4.4e-20   66.7   4.3   1   1   4.4e-16   4.4e-16   53.7   4.3     9    93     1   122     1   124 0.72 -
1178688at2759_166361_0:0026cc|NODE_1185_length_13996_cov_68.076442:9868-10375   -            145 1178688at2759        -            144   2.3e-19   64.3   5.4   1   2   9.2e-15   9.3e-15   49.4   0.4     4    68    24    96    21   101 0.81 -
1178688at2759_166361_0:0026cc|NODE_1185_length_13996_cov_68.076442:9868-10375   -            145 1178688at2759        -            144   2.3e-19   64.3   5.4   2   2    0.0019    0.0019   12.7   0.6    61    86   105   140   101   145 0.69 -
1178688at2759_67767_0:001bad|NODE_1185_length_13996_cov_68.076442:9664-9910     -             82 1178688at2759        -            144   1.5e-18   61.7   0.5   1   1   7.6e-18   7.6e-18   59.4   0.5    77   142     1    78     1    80 0.82 -
1178688at2759_74869_0:0014ef|NODE_1185_length_13996_cov_68.076442:9916-10336    -            116 1178688at2759        -            144   1.7e-18   61.5   3.4   1   1   1.4e-15   1.4e-15   52.1   3.4     4    79    11   110     8   113 0.74 -
1178688at2759_108931_0:00189d|NODE_1185_length_13996_cov_68.076442:9664-9883    -             73 1178688at2759        -            144   2.4e-16   54.5   0.6   1   1   5.6e-16   5.6e-16   53.3   0.6    87   142    13    69     1    71 0.84 -
1178688at2759_168631_0:00183f|NODE_1185_length_13996_cov_68.076442:10047-10339  -             86 1178688at2759        -            144   5.1e-16   53.5   0.5   1   1   2.9e-15     3e-15   51.0   0.5     4    63    12    79     9    85 0.80 -
1178688at2759_93721_0:002b44|NODE_1185_length_13996_cov_68.076442:10011-10375   -            110 1178688at2759        -            144   8.7e-16   52.7   0.4   1   1   4.5e-15   4.5e-15   50.4   0.4     4    68    24    96    21   100 0.81 -
1178688at2759_6279_0:00297f|NODE_1185_length_13996_cov_68.076442:10014-10257    -             82 1178688at2759        -            144   1.1e-14   49.1   0.3   1   1   6.6e-14   6.7e-14   46.6   0.3     8    68     1    69     1    73 0.80 -
1178688at2759_1165861_1:00073a|NODE_1185_length_13996_cov_68.076442:10143-10254 -             38 1178688at2759        -            144   1.1e-11   39.4   0.1   1   1   1.1e-11   1.1e-11   39.4   0.1     9    42     1    35     1    38 0.90 -
1178688at2759_7668_0:001a0a|NODE_1185_length_13996_cov_68.076442:10146-10254    -             37 1178688at2759        -            144   1.2e-11   39.3   0.1   1   1   1.2e-11   1.2e-11   39.3   0.1     9    41     1    34     1    37 0.90 -
#
# Program:         hmmsearch
# Version:         3.1b2 (February 2015)
# Pipeline mode:   SEARCH
# Query file:      mb_downloads/eukaryota_odb10/hmms/1178688at2759.hmm
# Target file:     -
# Option settings: /opt/conda/envs/compleasm/bin/hmmsearch --domtblout compleasm/eukaryota_odb10/hmmer_output/1178688at2759.out --cpu 1 mb_downloads/eukaryota_odb10/hmms/1178688at2759.hmm - 
# Current dir:     /in
# Date:            Tue Oct 22 12:38:02 2024
# [ok]
