#                                                                                                                                      --- full sequence --- -------------- this domain -------------   hmm coord   ali coord   env coord
# target name                                                                  accession   tlen query name           accession   qlen   E-value  score  bias   #  of  c-Evalue  i-Evalue  score  bias  from    to  from    to  from    to  acc description of target
#                                                          ------------------- ---------- ----- -------------------- ---------- ----- --------- ------ ----- --- --- --------- --------- ------ ----- ----- ----- ----- ----- ----- ----- ---- ---------------------
1220881at2759_4829_1:000fbc|NODE_216_length_26714_cov_73.083230:11125-12248    -            286 1220881at2759        -            166   7.2e-31   98.7  19.5   1   4   5.9e-06   7.8e-06   17.3   0.1    10    40    22    52    20    57 0.90 -
1220881at2759_4829_1:000fbc|NODE_216_length_26714_cov_73.083230:11125-12248    -            286 1220881at2759        -            166   7.2e-31   98.7  19.5   2   4   4.3e-10   5.7e-10   30.8   0.6    50   108    90   161    81   167 0.72 -
1220881at2759_4829_1:000fbc|NODE_216_length_26714_cov_73.083230:11125-12248    -            286 1220881at2759        -            166   7.2e-31   98.7  19.5   3   4   3.4e-06   4.5e-06   18.1   0.1   109   144   191   230   187   239 0.86 -
1220881at2759_4829_1:000fbc|NODE_216_length_26714_cov_73.083230:11125-12248    -            286 1220881at2759        -            166   7.2e-31   98.7  19.5   4   4   2.1e-13   2.7e-13   41.6   4.7   136   166   243   273   235   273 0.94 -
1220881at2759_90262_1:000c5a|NODE_216_length_26714_cov_73.083230:11125-12248   -            286 1220881at2759        -            166   7.2e-31   98.7  19.5   1   4   5.9e-06   7.8e-06   17.3   0.1    10    40    22    52    20    57 0.90 -
1220881at2759_90262_1:000c5a|NODE_216_length_26714_cov_73.083230:11125-12248   -            286 1220881at2759        -            166   7.2e-31   98.7  19.5   2   4   4.3e-10   5.7e-10   30.8   0.6    50   108    90   161    81   167 0.72 -
1220881at2759_90262_1:000c5a|NODE_216_length_26714_cov_73.083230:11125-12248   -            286 1220881at2759        -            166   7.2e-31   98.7  19.5   3   4   3.4e-06   4.5e-06   18.1   0.1   109   144   191   230   187   239 0.86 -
1220881at2759_90262_1:000c5a|NODE_216_length_26714_cov_73.083230:11125-12248   -            286 1220881at2759        -            166   7.2e-31   98.7  19.5   4   4   2.1e-13   2.7e-13   41.6   4.7   136   166   243   273   235   273 0.94 -
1220881at2759_857566_1:00054c|NODE_216_length_26714_cov_73.083230:11089-12266  -            347 1220881at2759        -            166   7.2e-30   95.5  15.9   1   4   7.7e-06     1e-05   16.9   0.1    10    40    34    64    32    69 0.90 -
1220881at2759_857566_1:00054c|NODE_216_length_26714_cov_73.083230:11089-12266  -            347 1220881at2759        -            166   7.2e-30   95.5  15.9   2   4   2.3e-08   3.1e-08   25.1   0.1    72   108   176   216   169   222 0.87 -
1220881at2759_857566_1:00054c|NODE_216_length_26714_cov_73.083230:11089-12266  -            347 1220881at2759        -            166   7.2e-30   95.5  15.9   3   4   4.5e-06   5.9e-06   17.7   0.1   109   144   246   285   242   294 0.86 -
1220881at2759_857566_1:00054c|NODE_216_length_26714_cov_73.083230:11089-12266  -            347 1220881at2759        -            166   7.2e-30   95.5  15.9   4   4   2.7e-13   3.6e-13   41.2   4.7   136   166   298   328   290   328 0.94 -
1220881at2759_50429_0:002a6f|NODE_216_length_26714_cov_73.083230:11107-12260   -            323 1220881at2759        -            166   9.6e-30   95.1  17.6   1   4     7e-06   9.2e-06   17.1   0.1    10    40    28    58    26    63 0.90 -
1220881at2759_50429_0:002a6f|NODE_216_length_26714_cov_73.083230:11107-12260   -            323 1220881at2759        -            166   9.6e-30   95.1  17.6   2   4   1.3e-08   1.7e-08   26.0   0.2    71   108   153   194   136   200 0.86 -
1220881at2759_50429_0:002a6f|NODE_216_length_26714_cov_73.083230:11107-12260   -            323 1220881at2759        -            166   9.6e-30   95.1  17.6   3   4     4e-06   5.3e-06   17.8   0.1   109   144   224   263   220   272 0.86 -
1220881at2759_50429_0:002a6f|NODE_216_length_26714_cov_73.083230:11107-12260   -            323 1220881at2759        -            166   9.6e-30   95.1  17.6   4   4   2.5e-13   3.3e-13   41.3   4.7   136   166   276   306   268   306 0.94 -
1220881at2759_37621_0:003127|NODE_216_length_26714_cov_73.083230:11107-12251   -            315 1220881at2759        -            166   1.1e-29   94.9  17.7   1   4   6.7e-06   8.9e-06   17.1   0.1    10    40    28    58    26    63 0.90 -
1220881at2759_37621_0:003127|NODE_216_length_26714_cov_73.083230:11107-12251   -            315 1220881at2759        -            166   1.1e-29   94.9  17.7   2   4   1.3e-08   1.7e-08   26.0   0.2    71   108   148   189   135   195 0.85 -
1220881at2759_37621_0:003127|NODE_216_length_26714_cov_73.083230:11107-12251   -            315 1220881at2759        -            166   1.1e-29   94.9  17.7   3   4   3.9e-06   5.2e-06   17.9   0.1   109   144   219   258   215   267 0.86 -
1220881at2759_37621_0:003127|NODE_216_length_26714_cov_73.083230:11107-12251   -            315 1220881at2759        -            166   1.1e-29   94.9  17.7   4   4   2.4e-13   3.2e-13   41.4   4.7   136   166   271   301   263   301 0.94 -
1220881at2759_1720309_0:004aef|NODE_216_length_26714_cov_73.083230:11107-12260 -            308 1220881at2759        -            166   1.5e-29   94.4  20.4   1   4   6.5e-06   8.6e-06   17.2   0.1    10    40    28    58    26    63 0.90 -
1220881at2759_1720309_0:004aef|NODE_216_length_26714_cov_73.083230:11107-12260 -            308 1220881at2759        -            166   1.5e-29   94.4  20.4   2   4   6.3e-09   8.3e-09   27.0   0.9    69   108   136   179   100   185 0.75 -
1220881at2759_1720309_0:004aef|NODE_216_length_26714_cov_73.083230:11107-12260 -            308 1220881at2759        -            166   1.5e-29   94.4  20.4   3   4   3.8e-06     5e-06   17.9   0.1   109   144   209   248   205   257 0.86 -
1220881at2759_1720309_0:004aef|NODE_216_length_26714_cov_73.083230:11107-12260 -            308 1220881at2759        -            166   1.5e-29   94.4  20.4   4   4   2.3e-13     3e-13   41.4   4.7   136   166   261   291   253   291 0.94 -
1220881at2759_478820_1:0003a2|NODE_216_length_26714_cov_73.083230:11095-12224  -            295 1220881at2759        -            166   1.6e-29   94.3  20.5   1   4   6.2e-06   8.2e-06   17.2   0.1    10    40    32    62    30    67 0.90 -
1220881at2759_478820_1:0003a2|NODE_216_length_26714_cov_73.083230:11095-12224  -            295 1220881at2759        -            166   1.6e-29   94.3  20.5   2   4   7.3e-09   9.6e-09   26.8   0.9    66   108   133   178    92   184 0.76 -
1220881at2759_478820_1:0003a2|NODE_216_length_26714_cov_73.083230:11095-12224  -            295 1220881at2759        -            166   1.6e-29   94.3  20.5   3   4   3.5e-06   4.7e-06   18.0   0.1   109   144   208   247   204   256 0.86 -
1220881at2759_478820_1:0003a2|NODE_216_length_26714_cov_73.083230:11095-12224  -            295 1220881at2759        -            166   1.6e-29   94.3  20.5   4   4   2.2e-13   2.8e-13   41.5   4.7   136   166   260   290   252   290 0.94 -
1220881at2759_34638_0:000e9e|NODE_216_length_26714_cov_73.083230:11122-12245   -            293 1220881at2759        -            166   1.7e-29   94.3  20.5   1   4   6.1e-06   8.1e-06   17.3   0.1    10    40    23    53    21    58 0.90 -
1220881at2759_34638_0:000e9e|NODE_216_length_26714_cov_73.083230:11122-12245   -            293 1220881at2759        -            166   1.7e-29   94.3  20.5   2   4   7.2e-09   9.5e-09   26.8   0.9    66   108   124   169    83   175 0.76 -
1220881at2759_34638_0:000e9e|NODE_216_length_26714_cov_73.083230:11122-12245   -            293 1220881at2759        -            166   1.7e-29   94.3  20.5   3   4   3.5e-06   4.6e-06   18.0   0.1   109   144   199   238   195   247 0.86 -
1220881at2759_34638_0:000e9e|NODE_216_length_26714_cov_73.083230:11122-12245   -            293 1220881at2759        -            166   1.7e-29   94.3  20.5   4   4   2.1e-13   2.8e-13   41.5   4.7   136   166   251   281   243   281 0.94 -
1220881at2759_101091_1:0017ec|NODE_216_length_26714_cov_73.083230:11125-12248  -            293 1220881at2759        -            166   1.7e-29   94.3  20.5   1   4   6.1e-06   8.1e-06   17.3   0.1    10    40    22    52    20    57 0.90 -
1220881at2759_101091_1:0017ec|NODE_216_length_26714_cov_73.083230:11125-12248  -            293 1220881at2759        -            166   1.7e-29   94.3  20.5   2   4   7.2e-09   9.5e-09   26.8   0.9    66   108   123   168    82   174 0.76 -
1220881at2759_101091_1:0017ec|NODE_216_length_26714_cov_73.083230:11125-12248  -            293 1220881at2759        -            166   1.7e-29   94.3  20.5   3   4   3.5e-06   4.6e-06   18.0   0.1   109   144   198   237   194   246 0.86 -
1220881at2759_101091_1:0017ec|NODE_216_length_26714_cov_73.083230:11125-12248  -            293 1220881at2759        -            166   1.7e-29   94.3  20.5   4   4   2.1e-13   2.8e-13   41.5   4.7   136   166   250   280   242   280 0.94 -
1220881at2759_944288_1:000fc1|NODE_216_length_26714_cov_73.083230:11134-12260  -            294 1220881at2759        -            166   1.7e-29   94.2  20.5   1   4   6.1e-06   8.1e-06   17.2   0.1    10    40    19    49    17    54 0.90 -
1220881at2759_944288_1:000fc1|NODE_216_length_26714_cov_73.083230:11134-12260  -            294 1220881at2759        -            166   1.7e-29   94.2  20.5   2   4   7.2e-09   9.5e-09   26.8   0.9    66   108   120   165    79   171 0.76 -
1220881at2759_944288_1:000fc1|NODE_216_length_26714_cov_73.083230:11134-12260  -            294 1220881at2759        -            166   1.7e-29   94.2  20.5   3   4   3.5e-06   4.7e-06   18.0   0.1   109   144   195   234   191   243 0.86 -
1220881at2759_944288_1:000fc1|NODE_216_length_26714_cov_73.083230:11134-12260  -            294 1220881at2759        -            166   1.7e-29   94.2  20.5   4   4   2.1e-13   2.8e-13   41.5   4.7   136   166   247   277   239   277 0.94 -
1220881at2759_688394_1:00198b|NODE_216_length_26714_cov_73.083230:11125-12263  -            298 1220881at2759        -            166   1.8e-29   94.2  20.4   1   4   6.3e-06   8.3e-06   17.2   0.1    10    40    22    52    20    57 0.90 -
1220881at2759_688394_1:00198b|NODE_216_length_26714_cov_73.083230:11125-12263  -            298 1220881at2759        -            166   1.8e-29   94.2  20.4   2   4   7.3e-09   9.6e-09   26.8   0.9    66   108   123   168    82   174 0.76 -
1220881at2759_688394_1:00198b|NODE_216_length_26714_cov_73.083230:11125-12263  -            298 1220881at2759        -            166   1.8e-29   94.2  20.4   3   4   3.6e-06   4.8e-06   18.0   0.1   109   144   198   237   194   246 0.86 -
1220881at2759_688394_1:00198b|NODE_216_length_26714_cov_73.083230:11125-12263  -            298 1220881at2759        -            166   1.8e-29   94.2  20.4   4   4   2.2e-13   2.9e-13   41.5   4.7   136   166   250   280   242   280 0.94 -
1220881at2759_418985_0:00050c|NODE_216_length_26714_cov_73.083230:11128-12269  -            298 1220881at2759        -            166   1.8e-29   94.2  20.4   1   4   6.3e-06   8.3e-06   17.2   0.1    10    40    21    51    19    56 0.90 -
1220881at2759_418985_0:00050c|NODE_216_length_26714_cov_73.083230:11128-12269  -            298 1220881at2759        -            166   1.8e-29   94.2  20.4   2   4   7.3e-09   9.6e-09   26.8   0.9    66   108   122   167    81   173 0.76 -
1220881at2759_418985_0:00050c|NODE_216_length_26714_cov_73.083230:11128-12269  -            298 1220881at2759        -            166   1.8e-29   94.2  20.4   3   4   3.6e-06   4.8e-06   18.0   0.1   109   144   197   236   193   245 0.86 -
1220881at2759_418985_0:00050c|NODE_216_length_26714_cov_73.083230:11128-12269  -            298 1220881at2759        -            166   1.8e-29   94.2  20.4   4   4   2.2e-13   2.9e-13   41.5   4.7   136   166   249   279   241   279 0.94 -
1220881at2759_62625_0:000ace|NODE_216_length_26714_cov_73.083230:11128-12269   -            298 1220881at2759        -            166   1.8e-29   94.2  20.4   1   4   6.3e-06   8.3e-06   17.2   0.1    10    40    21    51    19    56 0.90 -
1220881at2759_62625_0:000ace|NODE_216_length_26714_cov_73.083230:11128-12269   -            298 1220881at2759        -            166   1.8e-29   94.2  20.4   2   4   7.3e-09   9.6e-09   26.8   0.9    66   108   122   167    81   173 0.76 -
1220881at2759_62625_0:000ace|NODE_216_length_26714_cov_73.083230:11128-12269   -            298 1220881at2759        -            166   1.8e-29   94.2  20.4   3   4   3.6e-06   4.8e-06   18.0   0.1   109   144   197   236   193   245 0.86 -
1220881at2759_62625_0:000ace|NODE_216_length_26714_cov_73.083230:11128-12269   -            298 1220881at2759        -            166   1.8e-29   94.2  20.4   4   4   2.2e-13   2.9e-13   41.5   4.7   136   166   249   279   241   279 0.94 -
1220881at2759_1168221_1:0001ca|NODE_216_length_26714_cov_73.083230:11131-12263 -            311 1220881at2759        -            166   1.8e-29   94.2  20.0   1   5   6.6e-06   8.8e-06   17.1   0.1    10    40    20    50    18    55 0.90 -
1220881at2759_1168221_1:0001ca|NODE_216_length_26714_cov_73.083230:11131-12263 -            311 1220881at2759        -            166   1.8e-29   94.2  20.0   2   5       3.6       4.8   -1.5   0.0    47    66    85   104    80   127 0.62 -
1220881at2759_1168221_1:0001ca|NODE_216_length_26714_cov_73.083230:11131-12263 -            311 1220881at2759        -            166   1.8e-29   94.2  20.0   3   5     1e-08   1.3e-08   26.3   0.6    71   108   140   181   100   187 0.82 -
1220881at2759_1168221_1:0001ca|NODE_216_length_26714_cov_73.083230:11131-12263 -            311 1220881at2759        -            166   1.8e-29   94.2  20.0   4   5   3.8e-06   5.1e-06   17.9   0.1   109   144   211   250   207   259 0.86 -
1220881at2759_1168221_1:0001ca|NODE_216_length_26714_cov_73.083230:11131-12263 -            311 1220881at2759        -            166   1.8e-29   94.2  20.0   5   5   2.3e-13   3.1e-13   41.4   4.7   136   166   263   293   255   293 0.94 -
1220881at2759_1314672_1:001174|NODE_216_length_26714_cov_73.083230:11134-12263 -            310 1220881at2759        -            166   1.8e-29   94.2  20.0   1   5   6.6e-06   8.7e-06   17.1   0.1    10    40    19    49    17    54 0.90 -
1220881at2759_1314672_1:001174|NODE_216_length_26714_cov_73.083230:11134-12263 -            310 1220881at2759        -            166   1.8e-29   94.2  20.0   2   5       3.6       4.7   -1.5   0.0    47    66    84   103    79   126 0.62 -
1220881at2759_1314672_1:001174|NODE_216_length_26714_cov_73.083230:11134-12263 -            310 1220881at2759        -            166   1.8e-29   94.2  20.0   3   5     1e-08   1.3e-08   26.3   0.6    71   108   139   180    99   186 0.82 -
1220881at2759_1314672_1:001174|NODE_216_length_26714_cov_73.083230:11134-12263 -            310 1220881at2759        -            166   1.8e-29   94.2  20.0   4   5   3.8e-06     5e-06   17.9   0.1   109   144   210   249   206   258 0.86 -
1220881at2759_1314672_1:001174|NODE_216_length_26714_cov_73.083230:11134-12263 -            310 1220881at2759        -            166   1.8e-29   94.2  20.0   5   5   2.3e-13     3e-13   41.4   4.7   136   166   262   292   254   292 0.94 -
1220881at2759_6185_0:0024c9|NODE_216_length_26714_cov_73.083230:11107-12269    -            320 1220881at2759        -            166   2.1e-29   94.0  19.9   1   5   6.9e-06   9.1e-06   17.1   0.1    10    40    28    58    26    63 0.90 -
1220881at2759_6185_0:0024c9|NODE_216_length_26714_cov_73.083230:11107-12269    -            320 1220881at2759        -            166   2.1e-29   94.0  19.9   2   5       3.7         5   -1.6   0.0    47    66    93   112    88   135 0.62 -
1220881at2759_6185_0:0024c9|NODE_216_length_26714_cov_73.083230:11107-12269    -            320 1220881at2759        -            166   2.1e-29   94.0  19.9   3   5   1.1e-08   1.4e-08   26.2   0.6    71   108   148   189   108   195 0.82 -
1220881at2759_6185_0:0024c9|NODE_216_length_26714_cov_73.083230:11107-12269    -            320 1220881at2759        -            166   2.1e-29   94.0  19.9   4   5     4e-06   5.3e-06   17.9   0.1   109   144   219   258   215   267 0.86 -
1220881at2759_6185_0:0024c9|NODE_216_length_26714_cov_73.083230:11107-12269    -            320 1220881at2759        -            166   2.1e-29   94.0  19.9   5   5   2.4e-13   3.2e-13   41.3   4.7   136   166   271   301   263   301 0.94 -
1220881at2759_574566_0:0005ac|NODE_216_length_26714_cov_73.083230:11188-12257  -            295 1220881at2759        -            166   2.7e-29   93.6  19.7   1   5     8e-06   1.1e-05   16.9   0.1    12    40     3    31     1    36 0.90 -
1220881at2759_574566_0:0005ac|NODE_216_length_26714_cov_73.083230:11188-12257  -            295 1220881at2759        -            166   2.7e-29   93.6  19.7   2   5       5.4       7.1   -2.1   0.0    47    66    66    85    62   118 0.77 -
1220881at2759_574566_0:0005ac|NODE_216_length_26714_cov_73.083230:11188-12257  -            295 1220881at2759        -            166   2.7e-29   93.6  19.7   3   5   1.4e-08   1.9e-08   25.8   0.3    71   108   126   167   118   172 0.85 -
1220881at2759_574566_0:0005ac|NODE_216_length_26714_cov_73.083230:11188-12257  -            295 1220881at2759        -            166   2.7e-29   93.6  19.7   4   5   3.5e-06   4.7e-06   18.0   0.1   109   144   197   236   193   245 0.86 -
1220881at2759_574566_0:0005ac|NODE_216_length_26714_cov_73.083230:11188-12257  -            295 1220881at2759        -            166   2.7e-29   93.6  19.7   5   5   2.2e-13   2.8e-13   41.5   4.7   136   166   249   279   241   279 0.94 -
1220881at2759_745531_1:002c2d|NODE_216_length_26714_cov_73.083230:11134-12260  -            296 1220881at2759        -            166   3.8e-29   93.2  19.0   1   4   6.2e-06   8.2e-06   17.2   0.1    10    40    19    49    17    54 0.90 -
1220881at2759_745531_1:002c2d|NODE_216_length_26714_cov_73.083230:11134-12260  -            296 1220881at2759        -            166   3.8e-29   93.2  19.0   2   4   3.8e-08     5e-08   24.4   0.4    74   108   129   167    79   173 0.86 -
1220881at2759_745531_1:002c2d|NODE_216_length_26714_cov_73.083230:11134-12260  -            296 1220881at2759        -            166   3.8e-29   93.2  19.0   3   4   3.6e-06   4.7e-06   18.0   0.1   109   144   197   236   193   245 0.86 -
1220881at2759_745531_1:002c2d|NODE_216_length_26714_cov_73.083230:11134-12260  -            296 1220881at2759        -            166   3.8e-29   93.2  19.0   4   4   2.2e-13   2.9e-13   41.5   4.7   136   166   249   279   241   279 0.94 -
1220881at2759_7719_0:000d65|NODE_216_length_26714_cov_73.083230:11107-12269    -            307 1220881at2759        -            166   4.3e-29   93.0  19.0   1   4   6.5e-06   8.6e-06   17.2   0.1    10    40    28    58    26    63 0.90 -
1220881at2759_7719_0:000d65|NODE_216_length_26714_cov_73.083230:11107-12269    -            307 1220881at2759        -            166   4.3e-29   93.0  19.0   2   4     4e-08   5.3e-08   24.4   0.4    74   108   138   176    88   182 0.86 -
1220881at2759_7719_0:000d65|NODE_216_length_26714_cov_73.083230:11107-12269    -            307 1220881at2759        -            166   4.3e-29   93.0  19.0   3   4   3.8e-06     5e-06   17.9   0.1   109   144   206   245   202   254 0.86 -
1220881at2759_7719_0:000d65|NODE_216_length_26714_cov_73.083230:11107-12269    -            307 1220881at2759        -            166   4.3e-29   93.0  19.0   4   4   2.3e-13     3e-13   41.4   4.7   136   166   258   288   250   288 0.94 -
1220881at2759_675120_1:002392|NODE_216_length_26714_cov_73.083230:11131-12233  -            306 1220881at2759        -            166   4.5e-29   92.9  20.6   1   5   6.5e-06   8.6e-06   17.2   0.1    10    40    20    50    18    55 0.90 -
1220881at2759_675120_1:002392|NODE_216_length_26714_cov_73.083230:11131-12233  -            306 1220881at2759        -            166   4.5e-29   92.9  20.6   2   5       8.1        11   -2.7   0.0    47    66    85   104    81   115 0.81 -
1220881at2759_675120_1:002392|NODE_216_length_26714_cov_73.083230:11131-12233  -            306 1220881at2759        -            166   4.5e-29   92.9  20.6   3   5   1.1e-08   1.5e-08   26.2   0.2    71   108   145   186   120   192 0.87 -
1220881at2759_675120_1:002392|NODE_216_length_26714_cov_73.083230:11131-12233  -            306 1220881at2759        -            166   4.5e-29   92.9  20.6   4   5   3.7e-06   4.9e-06   17.9   0.1   109   144   216   255   212   264 0.86 -
1220881at2759_675120_1:002392|NODE_216_length_26714_cov_73.083230:11131-12233  -            306 1220881at2759        -            166   4.5e-29   92.9  20.6   5   5   2.3e-13     3e-13   41.4   4.7   136   166   268   298   260   298 0.94 -
1220881at2759_48498_0:002c13|NODE_216_length_26714_cov_73.083230:11107-12197   -            287 1220881at2759        -            166   1.5e-28   91.2  15.9   1   4   5.9e-06   7.9e-06   17.3   0.1    10    40    28    58    26    63 0.90 -
1220881at2759_48498_0:002c13|NODE_216_length_26714_cov_73.083230:11107-12197   -            287 1220881at2759        -            166   1.5e-28   91.2  15.9   2   4   6.5e-09   8.7e-09   26.9   0.2    70   108   137   179   107   185 0.85 -
1220881at2759_48498_0:002c13|NODE_216_length_26714_cov_73.083230:11107-12197   -            287 1220881at2759        -            166   1.5e-28   91.2  15.9   3   4   3.6e-06   4.7e-06   18.0   0.1   109   144   209   248   205   255 0.86 -
1220881at2759_48498_0:002c13|NODE_216_length_26714_cov_73.083230:11107-12197   -            287 1220881at2759        -            166   1.5e-28   91.2  15.9   4   4   8.5e-12   1.1e-11   36.3   3.2   136   162   261   287   252   287 0.94 -
1220881at2759_595528_0:000a86|NODE_216_length_26714_cov_73.083230:11203-12254  -            285 1220881at2759        -            166   1.9e-28   90.9  19.5   1   5   8.1e-05   0.00011   13.6   0.1    16    40     2    26     1    31 0.90 -
1220881at2759_595528_0:000a86|NODE_216_length_26714_cov_73.083230:11203-12254  -            285 1220881at2759        -            166   1.9e-28   90.9  19.5   2   5       4.5         6   -1.8   0.0    47    66    61    80    57   112 0.73 -
1220881at2759_595528_0:000a86|NODE_216_length_26714_cov_73.083230:11203-12254  -            285 1220881at2759        -            166   1.9e-28   90.9  19.5   3   5   1.2e-08   1.6e-08   26.0   0.3    71   108   117   158   105   163 0.85 -
1220881at2759_595528_0:000a86|NODE_216_length_26714_cov_73.083230:11203-12254  -            285 1220881at2759        -            166   1.9e-28   90.9  19.5   4   5   3.4e-06   4.5e-06   18.1   0.1   109   144   188   227   184   236 0.86 -
1220881at2759_595528_0:000a86|NODE_216_length_26714_cov_73.083230:11203-12254  -            285 1220881at2759        -            166   1.9e-28   90.9  19.5   5   5   2.1e-13   2.7e-13   41.6   4.7   136   166   240   270   232   270 0.94 -
1220881at2759_329046_1:002b60|NODE_216_length_26714_cov_73.083230:11750-12233  -            162 1220881at2759        -            166   3.2e-26   83.6  13.1   1   3     9e-09   1.2e-08   26.5   0.1    73   108     3    42     1    48 0.86 -
1220881at2759_329046_1:002b60|NODE_216_length_26714_cov_73.083230:11750-12233  -            162 1220881at2759        -            166   3.2e-26   83.6  13.1   2   3   1.3e-06   1.7e-06   19.4   0.1   109   145    72   112    68   120 0.86 -
1220881at2759_329046_1:002b60|NODE_216_length_26714_cov_73.083230:11750-12233  -            162 1220881at2759        -            166   3.2e-26   83.6  13.1   3   3   8.8e-14   1.2e-13   42.8   4.7   136   166   124   154   116   154 0.94 -
1220881at2759_6239_0:001c94|NODE_216_length_26714_cov_73.083230:11747-12260    -            172 1220881at2759        -            166   3.3e-26   83.6  12.9   1   3   8.2e-09   1.1e-08   26.6   0.1    72   108     3    43     1    49 0.86 -
1220881at2759_6239_0:001c94|NODE_216_length_26714_cov_73.083230:11747-12260    -            172 1220881at2759        -            166   3.3e-26   83.6  12.9   2   3   1.5e-06   1.9e-06   19.3   0.1   109   145    73   113    69   121 0.86 -
1220881at2759_6239_0:001c94|NODE_216_length_26714_cov_73.083230:11747-12260    -            172 1220881at2759        -            166   3.3e-26   83.6  12.9   3   3   9.7e-14   1.3e-13   42.6   4.7   136   166   125   155   117   155 0.94 -
1220881at2759_6238_0:001817|NODE_216_length_26714_cov_73.083230:11747-12269    -            174 1220881at2759        -            166   3.4e-26   83.5  12.9   1   3   8.4e-09   1.1e-08   26.6   0.1    72   108     3    43     1    49 0.86 -
1220881at2759_6238_0:001817|NODE_216_length_26714_cov_73.083230:11747-12269    -            174 1220881at2759        -            166   3.4e-26   83.5  12.9   2   3   1.5e-06     2e-06   19.2   0.1   109   145    73   113    69   121 0.86 -
1220881at2759_6238_0:001817|NODE_216_length_26714_cov_73.083230:11747-12269    -            174 1220881at2759        -            166   3.4e-26   83.5  12.9   3   3   9.9e-14   1.3e-13   42.6   4.7   136   166   125   155   117   155 0.94 -
1220881at2759_31234_0:0066bb|NODE_216_length_26714_cov_73.083230:11729-12269   -            180 1220881at2759        -            166     5e-26   83.0  13.9   1   3   6.5e-09   8.6e-09   26.9   0.2    71   108     8    49     2    55 0.86 -
1220881at2759_31234_0:0066bb|NODE_216_length_26714_cov_73.083230:11729-12269   -            180 1220881at2759        -            166     5e-26   83.0  13.9   2   3   1.6e-06   2.1e-06   19.1   0.1   109   145    79   119    75   127 0.86 -
1220881at2759_31234_0:0066bb|NODE_216_length_26714_cov_73.083230:11729-12269   -            180 1220881at2759        -            166     5e-26   83.0  13.9   3   3     1e-13   1.4e-13   42.5   4.7   136   166   131   161   123   161 0.94 -
1220881at2759_999809_1:0003ff|NODE_216_length_26714_cov_73.083230:11759-12245  -            163 1220881at2759        -            166     6e-26   82.7  12.6   1   3   2.3e-08     3e-08   25.2   0.1    74   108     1    39     1    45 0.87 -
1220881at2759_999809_1:0003ff|NODE_216_length_26714_cov_73.083230:11759-12245  -            163 1220881at2759        -            166     6e-26   82.7  12.6   2   3   1.3e-06   1.8e-06   19.4   0.1   109   145    69   109    65   117 0.86 -
1220881at2759_999809_1:0003ff|NODE_216_length_26714_cov_73.083230:11759-12245  -            163 1220881at2759        -            166     6e-26   82.7  12.6   3   3   8.9e-14   1.2e-13   42.7   4.7   136   166   121   151   113   151 0.94 -
1220881at2759_51031_0:004a08|NODE_216_length_26714_cov_73.083230:11765-12269   -            168 1220881at2759        -            166   4.4e-25   79.9  12.7   1   3   1.4e-07   1.8e-07   22.6   0.1    76   108     1    37     1    43 0.87 -
1220881at2759_51031_0:004a08|NODE_216_length_26714_cov_73.083230:11765-12269   -            168 1220881at2759        -            166   4.4e-25   79.9  12.7   2   3   1.4e-06   1.9e-06   19.3   0.1   109   145    67   107    63   115 0.86 -
1220881at2759_51031_0:004a08|NODE_216_length_26714_cov_73.083230:11765-12269   -            168 1220881at2759        -            166   4.4e-25   79.9  12.7   3   3   9.4e-14   1.2e-13   42.7   4.7   136   166   119   149   111   149 0.94 -
#
# Program:         hmmsearch
# Version:         3.1b2 (February 2015)
# Pipeline mode:   SEARCH
# Query file:      mb_downloads/eukaryota_odb10/hmms/1220881at2759.hmm
# Target file:     -
# Option settings: /opt/conda/envs/compleasm/bin/hmmsearch --domtblout compleasm/eukaryota_odb10/hmmer_output/1220881at2759.out --cpu 1 mb_downloads/eukaryota_odb10/hmms/1220881at2759.hmm - 
# Current dir:     /in
# Date:            Tue Oct 22 12:40:30 2024
# [ok]
