#                                                                                                                                    --- full sequence --- -------------- this domain -------------   hmm coord   ali coord   env coord
# target name                                                                accession   tlen query name           accession   qlen   E-value  score  bias   #  of  c-Evalue  i-Evalue  score  bias  from    to  from    to  from    to  acc description of target
#                                                        ------------------- ---------- ----- -------------------- ---------- ----- --------- ------ ----- --- --- --------- --------- ------ ----- ----- ----- ----- ----- ----- ----- ---- ---------------------
1258856at2759_6183_0:000db4|NODE_121_length_32037_cov_71.518210:25312-28459  -            916 1258856at2759        -            625   2.9e-70  225.7  18.6   1   6   6.9e-13   1.2e-12   35.4   0.0     9   118    31   163    24   199 0.77 -
1258856at2759_6183_0:000db4|NODE_121_length_32037_cov_71.518210:25312-28459  -            916 1258856at2759        -            625   2.9e-70  225.7  18.6   2   6   2.5e-32   4.4e-32   99.6   0.1   168   354   267   479   219   485 0.81 -
1258856at2759_6183_0:000db4|NODE_121_length_32037_cov_71.518210:25312-28459  -            916 1258856at2759        -            625   2.9e-70  225.7  18.6   3   6   6.8e-05   0.00012    9.0   0.0   359   390   510   541   501   545 0.87 -
1258856at2759_6183_0:000db4|NODE_121_length_32037_cov_71.518210:25312-28459  -            916 1258856at2759        -            625   2.9e-70  225.7  18.6   4   6   4.6e-25     8e-25   75.6   7.2   368   482   554   670   552   749 0.79 -
1258856at2759_6183_0:000db4|NODE_121_length_32037_cov_71.518210:25312-28459  -            916 1258856at2759        -            625   2.9e-70  225.7  18.6   5   6     0.034      0.06    0.1   0.2   495   521   732   758   715   775 0.86 -
1258856at2759_6183_0:000db4|NODE_121_length_32037_cov_71.518210:25312-28459  -            916 1258856at2759        -            625   2.9e-70  225.7  18.6   6   6   0.00014   0.00024    8.0   0.2   506   586   787   884   762   902 0.70 -
1258856at2759_6185_0:0001a4|NODE_121_length_32037_cov_71.518210:25303-28459  -            945 1258856at2759        -            625     1e-66  214.0  21.2   1   7     1e-11   1.8e-11   31.5   0.0     9   118    31   161    24   197 0.75 -
1258856at2759_6185_0:0001a4|NODE_121_length_32037_cov_71.518210:25303-28459  -            945 1258856at2759        -            625     1e-66  214.0  21.2   2   7   3.8e-20   6.6e-20   59.4   0.1   168   296   265   408   217   418 0.80 -
1258856at2759_6185_0:0001a4|NODE_121_length_32037_cov_71.518210:25303-28459  -            945 1258856at2759        -            625     1e-66  214.0  21.2   3   7   2.6e-12   4.5e-12   33.5   0.1   301   354   451   505   446   511 0.90 -
1258856at2759_6185_0:0001a4|NODE_121_length_32037_cov_71.518210:25303-28459  -            945 1258856at2759        -            625     1e-66  214.0  21.2   4   7     7e-05   0.00012    8.9   0.0   359   390   536   567   527   571 0.87 -
1258856at2759_6185_0:0001a4|NODE_121_length_32037_cov_71.518210:25303-28459  -            945 1258856at2759        -            625     1e-66  214.0  21.2   5   7   1.4e-25   2.4e-25   77.3   5.0   368   480   580   694   578   762 0.85 -
1258856at2759_6185_0:0001a4|NODE_121_length_32037_cov_71.518210:25303-28459  -            945 1258856at2759        -            625     1e-66  214.0  21.2   6   7     0.034      0.06    0.1   0.4   495   520   758   783   714   797 0.86 -
1258856at2759_6185_0:0001a4|NODE_121_length_32037_cov_71.518210:25303-28459  -            945 1258856at2759        -            625     1e-66  214.0  21.2   7   7   0.00015   0.00026    7.9   0.2   506   586   813   910   788   927 0.70 -
1258856at2759_35525_0:004c2a|NODE_121_length_32037_cov_71.518210:25327-28199 -            832 1258856at2759        -            625   1.4e-65  210.3  17.8   1   6   1.7e-05   2.9e-05   11.0   0.0    52   118     7    91     4   127 0.74 -
1258856at2759_35525_0:004c2a|NODE_121_length_32037_cov_71.518210:25327-28199 -            832 1258856at2759        -            625   1.4e-65  210.3  17.8   2   6   1.2e-34   2.2e-34  107.2   0.1   168   354   195   400   147   406 0.82 -
1258856at2759_35525_0:004c2a|NODE_121_length_32037_cov_71.518210:25327-28199 -            832 1258856at2759        -            625   1.4e-65  210.3  17.8   3   6   6.1e-05   0.00011    9.2   0.0   359   390   431   462   422   466 0.87 -
1258856at2759_35525_0:004c2a|NODE_121_length_32037_cov_71.518210:25327-28199 -            832 1258856at2759        -            625   1.4e-65  210.3  17.8   4   6   1.1e-25     2e-25   77.6   5.2   368   481   475   590   473   661 0.82 -
1258856at2759_35525_0:004c2a|NODE_121_length_32037_cov_71.518210:25327-28199 -            832 1258856at2759        -            625   1.4e-65  210.3  17.8   5   6     0.031     0.054    0.2   0.3   495   520   653   678   622   687 0.85 -
1258856at2759_35525_0:004c2a|NODE_121_length_32037_cov_71.518210:25327-28199 -            832 1258856at2759        -            625   1.4e-65  210.3  17.8   6   6   0.00012    0.0002    8.2   0.2   506   586   708   805   682   823 0.70 -
1258856at2759_6198_0:000c16|NODE_121_length_32037_cov_71.518210:25402-28199  -            835 1258856at2759        -            625   7.6e-59  188.0  24.9   1   7   0.00033   0.00057    6.7   0.0    52    85     7    39     4    53 0.78 -
1258856at2759_6198_0:000c16|NODE_121_length_32037_cov_71.518210:25402-28199  -            835 1258856at2759        -            625   7.6e-59  188.0  24.9   2   7     0.031     0.055    0.2   0.0    76   118    57   102    53   119 0.76 -
1258856at2759_6198_0:000c16|NODE_121_length_32037_cov_71.518210:25402-28199  -            835 1258856at2759        -            625   7.6e-59  188.0  24.9   3   7   3.2e-20   5.6e-20   59.6   0.1   168   296   206   349   158   357 0.80 -
1258856at2759_6198_0:000c16|NODE_121_length_32037_cov_71.518210:25402-28199  -            835 1258856at2759        -            625   7.6e-59  188.0  24.9   4   7     2e-12   3.5e-12   33.9   0.1   301   354   374   428   367   434 0.90 -
1258856at2759_6198_0:000c16|NODE_121_length_32037_cov_71.518210:25402-28199  -            835 1258856at2759        -            625   7.6e-59  188.0  24.9   5   7   6.1e-05   0.00011    9.1   0.0   359   390   459   490   450   494 0.87 -
1258856at2759_6198_0:000c16|NODE_121_length_32037_cov_71.518210:25402-28199  -            835 1258856at2759        -            625   7.6e-59  188.0  24.9   6   7   7.5e-25   1.3e-24   74.9   8.4   368   498   503   635   501   708 0.76 -
1258856at2759_6198_0:000c16|NODE_121_length_32037_cov_71.518210:25402-28199  -            835 1258856at2759        -            625   7.6e-59  188.0  24.9   7   7   0.00023    0.0004    7.2   0.1   506   584   736   831   710   835 0.68 -
#
# Program:         hmmsearch
# Version:         3.1b2 (February 2015)
# Pipeline mode:   SEARCH
# Query file:      mb_downloads/eukaryota_odb10/hmms/1258856at2759.hmm
# Target file:     -
# Option settings: /opt/conda/envs/compleasm/bin/hmmsearch --domtblout compleasm/eukaryota_odb10/hmmer_output/1258856at2759.out --cpu 1 mb_downloads/eukaryota_odb10/hmms/1258856at2759.hmm - 
# Current dir:     /in
# Date:            Tue Oct 22 12:39:58 2024
# [ok]
