#                                                                                                                                      --- full sequence --- -------------- this domain -------------   hmm coord   ali coord   env coord
# target name                                                                  accession   tlen query name           accession   qlen   E-value  score  bias   #  of  c-Evalue  i-Evalue  score  bias  from    to  from    to  from    to  acc description of target
#                                                          ------------------- ---------- ----- -------------------- ---------- ----- --------- ------ ----- --- --- --------- --------- ------ ----- ----- ----- ----- ----- ----- ----- ---- ---------------------
1269244at2759_1064592_1:000659|NODE_224_length_26310_cov_77.091831:11277-11889 -            205 1269244at2759        -            121   2.5e-18   57.9  15.7   1   3     0.012      0.02    6.5   0.2     6    36     8    38     4    42 0.87 -
1269244at2759_1064592_1:000659|NODE_224_length_26310_cov_77.091831:11277-11889 -            205 1269244at2759        -            121   2.5e-18   57.9  15.7   2   3   4.9e-10   8.5e-10   30.4   9.0    30   109    50   165    40   178 0.63 -
1269244at2759_1064592_1:000659|NODE_224_length_26310_cov_77.091831:11277-11889 -            205 1269244at2759        -            121   2.5e-18   57.9  15.7   3   3      0.02     0.035    5.8   0.0   105   120   180   195   175   196 0.85 -
1269244at2759_1266660_1:000dca|NODE_224_length_26310_cov_77.091831:11277-11925 -            217 1269244at2759        -            121   3.5e-18   57.4  15.6   1   4    0.0028    0.0048    8.6   1.0    29    49    49    70     4    82 0.65 -
1269244at2759_1266660_1:000dca|NODE_224_length_26310_cov_77.091831:11277-11925 -            217 1269244at2759        -            121   3.5e-18   57.4  15.6   2   4   3.2e-05   5.5e-05   14.8   0.1    48    81    86   119    77   129 0.87 -
1269244at2759_1266660_1:000dca|NODE_224_length_26310_cov_77.091831:11277-11925 -            217 1269244at2759        -            121   3.5e-18   57.4  15.6   3   4   1.9e-09   3.3e-09   28.5   3.3    72   109   128   165   119   178 0.80 -
1269244at2759_1266660_1:000dca|NODE_224_length_26310_cov_77.091831:11277-11925 -            217 1269244at2759        -            121   3.5e-18   57.4  15.6   4   4     0.021     0.037    5.7   0.0   105   120   180   195   174   196 0.85 -
1269244at2759_436907_1:001384|NODE_224_length_26310_cov_77.091831:11277-11925  -            217 1269244at2759        -            121   3.5e-18   57.4  15.6   1   4    0.0028    0.0048    8.6   1.0    29    49    49    70     4    82 0.65 -
1269244at2759_436907_1:001384|NODE_224_length_26310_cov_77.091831:11277-11925  -            217 1269244at2759        -            121   3.5e-18   57.4  15.6   2   4   3.2e-05   5.5e-05   14.8   0.1    48    81    86   119    77   129 0.87 -
1269244at2759_436907_1:001384|NODE_224_length_26310_cov_77.091831:11277-11925  -            217 1269244at2759        -            121   3.5e-18   57.4  15.6   3   4   1.9e-09   3.3e-09   28.5   3.3    72   109   128   165   119   178 0.80 -
1269244at2759_436907_1:001384|NODE_224_length_26310_cov_77.091831:11277-11925  -            217 1269244at2759        -            121   3.5e-18   57.4  15.6   4   4     0.021     0.037    5.7   0.0   105   120   180   195   174   196 0.85 -
1269244at2759_1071382_1:0004f4|NODE_224_length_26310_cov_77.091831:11277-11931 -            219 1269244at2759        -            121   3.7e-18   57.4  15.6   1   4    0.0028    0.0048    8.6   1.0    29    49    49    70     4    82 0.65 -
1269244at2759_1071382_1:0004f4|NODE_224_length_26310_cov_77.091831:11277-11931 -            219 1269244at2759        -            121   3.7e-18   57.4  15.6   2   4   3.3e-05   5.7e-05   14.8   0.1    48    81    86   119    78   129 0.87 -
1269244at2759_1071382_1:0004f4|NODE_224_length_26310_cov_77.091831:11277-11931 -            219 1269244at2759        -            121   3.7e-18   57.4  15.6   3   4   1.9e-09   3.3e-09   28.5   3.3    72   109   128   165   119   178 0.80 -
1269244at2759_1071382_1:0004f4|NODE_224_length_26310_cov_77.091831:11277-11931 -            219 1269244at2759        -            121   3.7e-18   57.4  15.6   4   4     0.022     0.037    5.7   0.0   105   120   180   195   174   196 0.85 -
1269244at2759_1080349_1:000053|NODE_224_length_26310_cov_77.091831:11277-11940 -            222 1269244at2759        -            121   4.1e-18   57.2  15.6   1   4    0.0029     0.005    8.5   1.0    29    49    49    70     4    82 0.65 -
1269244at2759_1080349_1:000053|NODE_224_length_26310_cov_77.091831:11277-11940 -            222 1269244at2759        -            121   4.1e-18   57.2  15.6   2   4   3.3e-05   5.7e-05   14.8   0.1    48    81    86   119    77   129 0.87 -
1269244at2759_1080349_1:000053|NODE_224_length_26310_cov_77.091831:11277-11940 -            222 1269244at2759        -            121   4.1e-18   57.2  15.6   3   4     2e-09   3.4e-09   28.4   3.3    72   109   128   165   119   178 0.80 -
1269244at2759_1080349_1:000053|NODE_224_length_26310_cov_77.091831:11277-11940 -            222 1269244at2759        -            121   4.1e-18   57.2  15.6   4   4     0.022     0.038    5.7   0.0   105   120   180   195   174   196 0.85 -
1269244at2759_1294385_1:00031f|NODE_224_length_26310_cov_77.091831:11277-11943 -            223 1269244at2759        -            121   4.3e-18   57.2  15.7   1   4    0.0029     0.005    8.5   1.0    29    49    49    70     4    82 0.65 -
1269244at2759_1294385_1:00031f|NODE_224_length_26310_cov_77.091831:11277-11943 -            223 1269244at2759        -            121   4.3e-18   57.2  15.7   2   4   3.3e-05   5.7e-05   14.8   0.1    48    81    86   119    77   129 0.87 -
1269244at2759_1294385_1:00031f|NODE_224_length_26310_cov_77.091831:11277-11943 -            223 1269244at2759        -            121   4.3e-18   57.2  15.7   3   4     2e-09   3.4e-09   28.4   3.3    72   109   128   165   119   178 0.80 -
1269244at2759_1294385_1:00031f|NODE_224_length_26310_cov_77.091831:11277-11943 -            223 1269244at2759        -            121   4.3e-18   57.2  15.7   4   4     0.022     0.038    5.7   0.0   105   120   180   195   174   196 0.85 -
1269244at2759_5478_1:000440|NODE_224_length_26310_cov_77.091831:11277-11943    -            223 1269244at2759        -            121   4.3e-18   57.2  15.7   1   4    0.0029     0.005    8.5   1.0    29    49    49    70     4    82 0.65 -
1269244at2759_5478_1:000440|NODE_224_length_26310_cov_77.091831:11277-11943    -            223 1269244at2759        -            121   4.3e-18   57.2  15.7   2   4   3.3e-05   5.7e-05   14.8   0.1    48    81    86   119    77   129 0.87 -
1269244at2759_5478_1:000440|NODE_224_length_26310_cov_77.091831:11277-11943    -            223 1269244at2759        -            121   4.3e-18   57.2  15.7   3   4     2e-09   3.4e-09   28.4   3.3    72   109   128   165   119   178 0.80 -
1269244at2759_5478_1:000440|NODE_224_length_26310_cov_77.091831:11277-11943    -            223 1269244at2759        -            121   4.3e-18   57.2  15.7   4   4     0.022     0.038    5.7   0.0   105   120   180   195   174   196 0.85 -
1269244at2759_1629725_0:00037a|NODE_224_length_26310_cov_77.091831:11277-11970 -            232 1269244at2759        -            121   6.8e-18   56.5  15.9   1   3     0.014     0.024    6.3   0.2     6    36     8    38     4    43 0.88 -
1269244at2759_1629725_0:00037a|NODE_224_length_26310_cov_77.091831:11277-11970 -            232 1269244at2759        -            121   6.8e-18   56.5  15.9   2   3   7.2e-10   1.2e-09   29.8   9.0    31   109    51   165    42   178 0.63 -
1269244at2759_1629725_0:00037a|NODE_224_length_26310_cov_77.091831:11277-11970 -            232 1269244at2759        -            121   6.8e-18   56.5  15.9   3   3     0.024     0.041    5.6   0.0   105   120   180   195   175   196 0.85 -
1269244at2759_166361_0:001610|NODE_224_length_26310_cov_77.091831:11277-11970  -            232 1269244at2759        -            121   6.8e-18   56.5  15.9   1   3     0.014     0.024    6.3   0.2     6    36     8    38     4    43 0.88 -
1269244at2759_166361_0:001610|NODE_224_length_26310_cov_77.091831:11277-11970  -            232 1269244at2759        -            121   6.8e-18   56.5  15.9   2   3   7.2e-10   1.2e-09   29.8   9.0    31   109    51   165    42   178 0.63 -
1269244at2759_166361_0:001610|NODE_224_length_26310_cov_77.091831:11277-11970  -            232 1269244at2759        -            121   6.8e-18   56.5  15.9   3   3     0.024     0.041    5.6   0.0   105   120   180   195   175   196 0.85 -
1269244at2759_7209_0:0009c4|NODE_224_length_26310_cov_77.091831:11277-11970    -            232 1269244at2759        -            121   6.8e-18   56.5  15.9   1   3     0.014     0.024    6.3   0.2     6    36     8    38     4    43 0.88 -
1269244at2759_7209_0:0009c4|NODE_224_length_26310_cov_77.091831:11277-11970    -            232 1269244at2759        -            121   6.8e-18   56.5  15.9   2   3   7.2e-10   1.2e-09   29.8   9.0    31   109    51   165    42   178 0.63 -
1269244at2759_7209_0:0009c4|NODE_224_length_26310_cov_77.091831:11277-11970    -            232 1269244at2759        -            121   6.8e-18   56.5  15.9   3   3     0.024     0.041    5.6   0.0   105   120   180   195   175   196 0.85 -
1269244at2759_6210_0:00293f|NODE_224_length_26310_cov_77.091831:11274-11976    -            235 1269244at2759        -            121   7.7e-18   56.3  16.0   1   3   4.5e-05   7.8e-05   14.3   3.3    30    81    51   120     5   128 0.67 -
1269244at2759_6210_0:00293f|NODE_224_length_26310_cov_77.091831:11274-11976    -            235 1269244at2759        -            121   7.7e-18   56.3  16.0   2   3   1.9e-09   3.2e-09   28.5   3.2    72   109   129   166   118   179 0.80 -
1269244at2759_6210_0:00293f|NODE_224_length_26310_cov_77.091831:11274-11976    -            235 1269244at2759        -            121   7.7e-18   56.3  16.0   3   3     0.024     0.041    5.5   0.0   105   120   181   196   176   197 0.85 -
1269244at2759_7574_0:00264b|NODE_224_length_26310_cov_77.091831:11274-11979    -            236 1269244at2759        -            121     8e-18   56.3  16.0   1   3   4.6e-05   7.9e-05   14.3   3.3    30    81    51   120     5   128 0.67 -
1269244at2759_7574_0:00264b|NODE_224_length_26310_cov_77.091831:11274-11979    -            236 1269244at2759        -            121     8e-18   56.3  16.0   2   3   1.9e-09   3.2e-09   28.5   3.2    72   109   129   166   118   179 0.80 -
1269244at2759_7574_0:00264b|NODE_224_length_26310_cov_77.091831:11274-11979    -            236 1269244at2759        -            121     8e-18   56.3  16.0   3   3     0.024     0.042    5.5   0.0   105   120   181   196   176   197 0.85 -
1269244at2759_54969_0:001de6|NODE_224_length_26310_cov_77.091831:11298-11988   -            231 1269244at2759        -            121   8.5e-18   56.2  15.3   1   5     0.024     0.042    5.5   0.1     7    36     2    31     1    38 0.89 -
1269244at2759_54969_0:001de6|NODE_224_length_26310_cov_77.091831:11298-11988   -            231 1269244at2759        -            121   8.5e-18   56.2  15.3   2   5    0.0041    0.0071    8.0   0.0    30    50    43    64    34    71 0.83 -
1269244at2759_54969_0:001de6|NODE_224_length_26310_cov_77.091831:11298-11988   -            231 1269244at2759        -            121   8.5e-18   56.2  15.3   3   5   3.7e-05   6.3e-05   14.6   0.1    48    81    79   112    71   121 0.87 -
1269244at2759_54969_0:001de6|NODE_224_length_26310_cov_77.091831:11298-11988   -            231 1269244at2759        -            121   8.5e-18   56.2  15.3   4   5   2.7e-09   4.6e-09   28.0   3.5    73   109   122   158   114   171 0.80 -
1269244at2759_54969_0:001de6|NODE_224_length_26310_cov_77.091831:11298-11988   -            231 1269244at2759        -            121   8.5e-18   56.2  15.3   5   5     0.024     0.041    5.6   0.0   105   120   173   188   168   189 0.85 -
1269244at2759_6412_0:000eb2|NODE_224_length_26310_cov_77.091831:11274-11991    -            239 1269244at2759        -            121   8.7e-18   56.2  16.0   1   3   4.7e-05   8.1e-05   14.3   3.3    30    81    51   120     5   128 0.67 -
1269244at2759_6412_0:000eb2|NODE_224_length_26310_cov_77.091831:11274-11991    -            239 1269244at2759        -            121   8.7e-18   56.2  16.0   2   3   1.9e-09   3.3e-09   28.5   3.2    72   109   129   166   118   179 0.80 -
1269244at2759_6412_0:000eb2|NODE_224_length_26310_cov_77.091831:11274-11991    -            239 1269244at2759        -            121   8.7e-18   56.2  16.0   3   3     0.025     0.042    5.5   0.0   105   120   181   196   176   197 0.85 -
1269244at2759_29031_0:001184|NODE_224_length_26310_cov_77.091831:11301-11961   -            221 1269244at2759        -            121   9.2e-18   56.1  14.9   1   3     0.043     0.074    4.7   0.1     8    36     2    30     1    36 0.89 -
1269244at2759_29031_0:001184|NODE_224_length_26310_cov_77.091831:11301-11961   -            221 1269244at2759        -            121   9.2e-18   56.1  14.9   2   3   5.5e-10   9.5e-10   30.2   8.8    31   109    43   157    34   170 0.63 -
1269244at2759_29031_0:001184|NODE_224_length_26310_cov_77.091831:11301-11961   -            221 1269244at2759        -            121   9.2e-18   56.1  14.9   3   3     0.022     0.038    5.7   0.0   105   120   172   187   167   188 0.85 -
1269244at2759_29053_0:000d84|NODE_224_length_26310_cov_77.091831:11301-11970   -            224 1269244at2759        -            121     1e-17   55.9  15.0   1   4     0.043     0.075    4.7   0.1     8    36     2    30     1    36 0.89 -
1269244at2759_29053_0:000d84|NODE_224_length_26310_cov_77.091831:11301-11970   -            224 1269244at2759        -            121     1e-17   55.9  15.0   2   4   9.4e-06   1.6e-05   16.6   0.4    31    81    43   111    35   120 0.63 -
1269244at2759_29053_0:000d84|NODE_224_length_26310_cov_77.091831:11301-11970   -            224 1269244at2759        -            121     1e-17   55.9  15.0   3   4   2.6e-09   4.5e-09   28.0   3.6    72   109   120   157   112   170 0.80 -
1269244at2759_29053_0:000d84|NODE_224_length_26310_cov_77.091831:11301-11970   -            224 1269244at2759        -            121     1e-17   55.9  15.0   4   4     0.023     0.039    5.6   0.0   105   120   172   187   167   188 0.85 -
1269244at2759_29058_0:0005ef|NODE_224_length_26310_cov_77.091831:11301-11970   -            224 1269244at2759        -            121     1e-17   55.9  15.0   1   4     0.043     0.075    4.7   0.1     8    36     2    30     1    36 0.89 -
1269244at2759_29058_0:0005ef|NODE_224_length_26310_cov_77.091831:11301-11970   -            224 1269244at2759        -            121     1e-17   55.9  15.0   2   4   9.4e-06   1.6e-05   16.6   0.4    31    81    43   111    35   120 0.63 -
1269244at2759_29058_0:0005ef|NODE_224_length_26310_cov_77.091831:11301-11970   -            224 1269244at2759        -            121     1e-17   55.9  15.0   3   4   2.6e-09   4.5e-09   28.0   3.6    72   109   120   157   112   170 0.80 -
1269244at2759_29058_0:0005ef|NODE_224_length_26310_cov_77.091831:11301-11970   -            224 1269244at2759        -            121     1e-17   55.9  15.0   4   4     0.023     0.039    5.6   0.0   105   120   172   187   167   188 0.85 -
1269244at2759_64459_0:0015d9|NODE_224_length_26310_cov_77.091831:11301-11970   -            224 1269244at2759        -            121     1e-17   55.9  15.0   1   4     0.043     0.075    4.7   0.1     8    36     2    30     1    36 0.89 -
1269244at2759_64459_0:0015d9|NODE_224_length_26310_cov_77.091831:11301-11970   -            224 1269244at2759        -            121     1e-17   55.9  15.0   2   4   9.4e-06   1.6e-05   16.6   0.4    31    81    43   111    35   120 0.63 -
1269244at2759_64459_0:0015d9|NODE_224_length_26310_cov_77.091831:11301-11970   -            224 1269244at2759        -            121     1e-17   55.9  15.0   3   4   2.6e-09   4.5e-09   28.0   3.6    72   109   120   157   112   170 0.80 -
1269244at2759_64459_0:0015d9|NODE_224_length_26310_cov_77.091831:11301-11970   -            224 1269244at2759        -            121     1e-17   55.9  15.0   4   4     0.023     0.039    5.6   0.0   105   120   172   187   167   188 0.85 -
1269244at2759_66420_0:0012e6|NODE_224_length_26310_cov_77.091831:11301-11970   -            224 1269244at2759        -            121     1e-17   55.9  15.0   1   4     0.043     0.075    4.7   0.1     8    36     2    30     1    36 0.89 -
1269244at2759_66420_0:0012e6|NODE_224_length_26310_cov_77.091831:11301-11970   -            224 1269244at2759        -            121     1e-17   55.9  15.0   2   4   9.4e-06   1.6e-05   16.6   0.4    31    81    43   111    35   120 0.63 -
1269244at2759_66420_0:0012e6|NODE_224_length_26310_cov_77.091831:11301-11970   -            224 1269244at2759        -            121     1e-17   55.9  15.0   3   4   2.6e-09   4.5e-09   28.0   3.6    72   109   120   157   112   170 0.80 -
1269244at2759_66420_0:0012e6|NODE_224_length_26310_cov_77.091831:11301-11970   -            224 1269244at2759        -            121     1e-17   55.9  15.0   4   4     0.023     0.039    5.6   0.0   105   120   172   187   167   188 0.85 -
1269244at2759_76194_0:001826|NODE_224_length_26310_cov_77.091831:11301-11970   -            224 1269244at2759        -            121     1e-17   55.9  15.0   1   4     0.043     0.075    4.7   0.1     8    36     2    30     1    36 0.89 -
1269244at2759_76194_0:001826|NODE_224_length_26310_cov_77.091831:11301-11970   -            224 1269244at2759        -            121     1e-17   55.9  15.0   2   4   9.4e-06   1.6e-05   16.6   0.4    31    81    43   111    35   120 0.63 -
1269244at2759_76194_0:001826|NODE_224_length_26310_cov_77.091831:11301-11970   -            224 1269244at2759        -            121     1e-17   55.9  15.0   3   4   2.6e-09   4.5e-09   28.0   3.6    72   109   120   157   112   170 0.80 -
1269244at2759_76194_0:001826|NODE_224_length_26310_cov_77.091831:11301-11970   -            224 1269244at2759        -            121     1e-17   55.9  15.0   4   4     0.023     0.039    5.6   0.0   105   120   172   187   167   188 0.85 -
1269244at2759_174628_0:001d9b|NODE_224_length_26310_cov_77.091831:11301-11988  -            230 1269244at2759        -            121   1.2e-17   55.7  14.9   1   3     3e-05   5.2e-05   14.9   2.7    30    81    42   111     1   120 0.68 -
1269244at2759_174628_0:001d9b|NODE_224_length_26310_cov_77.091831:11301-11988  -            230 1269244at2759        -            121   1.2e-17   55.7  14.9   2   3   2.6e-09   4.5e-09   28.0   3.6    72   109   120   157   112   170 0.80 -
1269244at2759_174628_0:001d9b|NODE_224_length_26310_cov_77.091831:11301-11988  -            230 1269244at2759        -            121   1.2e-17   55.7  14.9   3   3     0.023      0.04    5.6   0.0   105   120   172   187   167   188 0.85 -
1269244at2759_28588_0:0015eb|NODE_224_length_26310_cov_77.091831:11301-11988   -            230 1269244at2759        -            121   1.2e-17   55.7  14.9   1   3     3e-05   5.2e-05   14.9   2.7    30    81    42   111     1   120 0.68 -
1269244at2759_28588_0:0015eb|NODE_224_length_26310_cov_77.091831:11301-11988   -            230 1269244at2759        -            121   1.2e-17   55.7  14.9   2   3   2.6e-09   4.5e-09   28.0   3.6    72   109   120   157   112   170 0.80 -
1269244at2759_28588_0:0015eb|NODE_224_length_26310_cov_77.091831:11301-11988   -            230 1269244at2759        -            121   1.2e-17   55.7  14.9   3   3     0.023      0.04    5.6   0.0   105   120   172   187   167   188 0.85 -
1269244at2759_28612_0:002ccb|NODE_224_length_26310_cov_77.091831:11301-11988   -            230 1269244at2759        -            121   1.2e-17   55.7  14.9   1   3     3e-05   5.2e-05   14.9   2.7    30    81    42   111     1   120 0.68 -
1269244at2759_28612_0:002ccb|NODE_224_length_26310_cov_77.091831:11301-11988   -            230 1269244at2759        -            121   1.2e-17   55.7  14.9   2   3   2.6e-09   4.5e-09   28.0   3.6    72   109   120   157   112   170 0.80 -
1269244at2759_28612_0:002ccb|NODE_224_length_26310_cov_77.091831:11301-11988   -            230 1269244at2759        -            121   1.2e-17   55.7  14.9   3   3     0.023      0.04    5.6   0.0   105   120   172   187   167   188 0.85 -
1269244at2759_39758_0:0030dc|NODE_224_length_26310_cov_77.091831:11301-11991   -            230 1269244at2759        -            121   1.2e-17   55.7  14.9   1   3     3e-05   5.2e-05   14.9   2.7    30    81    42   111     1   120 0.68 -
1269244at2759_39758_0:0030dc|NODE_224_length_26310_cov_77.091831:11301-11991   -            230 1269244at2759        -            121   1.2e-17   55.7  14.9   2   3   2.6e-09   4.5e-09   28.0   3.6    72   109   120   157   112   170 0.80 -
1269244at2759_39758_0:0030dc|NODE_224_length_26310_cov_77.091831:11301-11991   -            230 1269244at2759        -            121   1.2e-17   55.7  14.9   3   3     0.023      0.04    5.6   0.0   105   120   172   187   167   188 0.85 -
1269244at2759_45779_0:000fdf|NODE_224_length_26310_cov_77.091831:11301-11991   -            230 1269244at2759        -            121   1.2e-17   55.7  14.9   1   3     3e-05   5.2e-05   14.9   2.7    30    81    42   111     1   120 0.68 -
1269244at2759_45779_0:000fdf|NODE_224_length_26310_cov_77.091831:11301-11991   -            230 1269244at2759        -            121   1.2e-17   55.7  14.9   2   3   2.6e-09   4.5e-09   28.0   3.6    72   109   120   157   112   170 0.80 -
1269244at2759_45779_0:000fdf|NODE_224_length_26310_cov_77.091831:11301-11991   -            230 1269244at2759        -            121   1.2e-17   55.7  14.9   3   3     0.023      0.04    5.6   0.0   105   120   172   187   167   188 0.85 -
1269244at2759_1266667_1:000ca4|NODE_224_length_26310_cov_77.091831:11277-11850 -            192 1269244at2759        -            121   2.1e-17   55.0  16.1   1   4    0.0099     0.017    6.8   0.2     6    36     8    38     4    45 0.88 -
1269244at2759_1266667_1:000ca4|NODE_224_length_26310_cov_77.091831:11277-11850 -            192 1269244at2759        -            121   2.1e-17   55.0  16.1   2   4    0.0031    0.0053    8.4   0.0    30    50    50    71    42    80 0.83 -
1269244at2759_1266667_1:000ca4|NODE_224_length_26310_cov_77.091831:11277-11850 -            192 1269244at2759        -            121   2.1e-17   55.0  16.1   3   4   2.6e-10   4.5e-10   31.3   6.0    48   109    86   165    81   178 0.73 -
1269244at2759_1266667_1:000ca4|NODE_224_length_26310_cov_77.091831:11277-11850 -            192 1269244at2759        -            121   2.1e-17   55.0  16.1   4   4      0.22      0.37    2.5   0.0   105   116   180   191   176   192 0.85 -
1269244at2759_1230905_1:0012e0|NODE_224_length_26310_cov_77.091831:11523-11850 -            110 1269244at2759        -            121   2.5e-15   48.2   7.7   1   3   1.5e-05   2.5e-05   15.9   0.0    48    81     4    37     2    45 0.87 -
1269244at2759_1230905_1:0012e0|NODE_224_length_26310_cov_77.091831:11523-11850 -            110 1269244at2759        -            121   2.5e-15   48.2   7.7   2   3   7.1e-10   1.2e-09   29.9   3.7    72   109    46    83    39    96 0.79 -
1269244at2759_1230905_1:0012e0|NODE_224_length_26310_cov_77.091831:11523-11850 -            110 1269244at2759        -            121   2.5e-15   48.2   7.7   3   3     0.098      0.17    3.6   0.0   105   116    98   109    93   110 0.85 -
1269244at2759_69820_0:0021ae|NODE_224_length_26310_cov_77.091831:11568-11970   -            135 1269244at2759        -            121   4.8e-13   40.8   7.7   1   3     0.016     0.027    6.1   0.0    61    81     2    22     1    30 0.85 -
1269244at2759_69820_0:0021ae|NODE_224_length_26310_cov_77.091831:11568-11970   -            135 1269244at2759        -            121   4.8e-13   40.8   7.7   2   3   7.9e-10   1.4e-09   29.7   3.3    72   109    31    68    22    81 0.80 -
1269244at2759_69820_0:0021ae|NODE_224_length_26310_cov_77.091831:11568-11970   -            135 1269244at2759        -            121   4.8e-13   40.8   7.7   3   3     0.012     0.021    6.5   0.0   105   120    83    98    79    99 0.85 -
1269244at2759_101020_0:00289a|NODE_23006_length_4806_cov_51.231761:1090-1231   -             48 1269244at2759        -            121   5.7e-05   14.8   0.1   1   1   3.3e-05   5.7e-05   14.8   0.1    86   107    24    45     3    48 0.75 -
#
# Program:         hmmsearch
# Version:         3.1b2 (February 2015)
# Pipeline mode:   SEARCH
# Query file:      mb_downloads/eukaryota_odb10/hmms/1269244at2759.hmm
# Target file:     -
# Option settings: /opt/conda/envs/compleasm/bin/hmmsearch --domtblout compleasm/eukaryota_odb10/hmmer_output/1269244at2759.out --cpu 1 mb_downloads/eukaryota_odb10/hmms/1269244at2759.hmm - 
# Current dir:     /in
# Date:            Tue Oct 22 12:38:39 2024
# [ok]
