#                                                                                                                                 --- full sequence --- -------------- this domain -------------   hmm coord   ali coord   env coord
# target name                                                             accession   tlen query name           accession   qlen   E-value  score  bias   #  of  c-Evalue  i-Evalue  score  bias  from    to  from    to  from    to  acc description of target
#                                                     ------------------- ---------- ----- -------------------- ---------- ----- --------- ------ ----- --- --- --------- --------- ------ ----- ----- ----- ----- ----- ----- ----- ---- ---------------------
1314980at2759_456900_0:001eb4|NODE_271_length_24607_cov_64.550999:17-3391 -            676 1314980at2759        -            513   9.1e-51  161.5   0.0   1   2   8.9e-46   1.5e-45  144.2   0.0     9   304     5   341     2   354 0.84 -
1314980at2759_456900_0:001eb4|NODE_271_length_24607_cov_64.550999:17-3391 -            676 1314980at2759        -            513   9.1e-51  161.5   0.0   2   2   1.7e-06     3e-06   14.6   0.0   362   405   366   409   355   429 0.85 -
1314980at2759_520822_0:001a23|NODE_271_length_24607_cov_64.550999:17-3391 -            676 1314980at2759        -            513   9.1e-51  161.5   0.0   1   2   8.9e-46   1.5e-45  144.2   0.0     9   304     5   341     2   354 0.84 -
1314980at2759_520822_0:001a23|NODE_271_length_24607_cov_64.550999:17-3391 -            676 1314980at2759        -            513   9.1e-51  161.5   0.0   2   2   1.7e-06     3e-06   14.6   0.0   362   405   366   409   355   429 0.85 -
1314980at2759_83485_0:000a1e|NODE_271_length_24607_cov_64.550999:17-3391  -            676 1314980at2759        -            513   9.1e-51  161.5   0.0   1   2   8.9e-46   1.5e-45  144.2   0.0     9   304     5   341     2   354 0.84 -
1314980at2759_83485_0:000a1e|NODE_271_length_24607_cov_64.550999:17-3391  -            676 1314980at2759        -            513   9.1e-51  161.5   0.0   2   2   1.7e-06     3e-06   14.6   0.0   362   405   366   409   355   429 0.85 -
1314980at2759_91411_0:0013f5|NODE_271_length_24607_cov_64.550999:17-3391  -            676 1314980at2759        -            513   9.1e-51  161.5   0.0   1   2   8.9e-46   1.5e-45  144.2   0.0     9   304     5   341     2   354 0.84 -
1314980at2759_91411_0:0013f5|NODE_271_length_24607_cov_64.550999:17-3391  -            676 1314980at2759        -            513   9.1e-51  161.5   0.0   2   2   1.7e-06     3e-06   14.6   0.0   362   405   366   409   355   429 0.85 -
#
# Program:         hmmsearch
# Version:         3.1b2 (February 2015)
# Pipeline mode:   SEARCH
# Query file:      mb_downloads/eukaryota_odb10/hmms/1314980at2759.hmm
# Target file:     -
# Option settings: /opt/conda/envs/compleasm/bin/hmmsearch --domtblout compleasm/eukaryota_odb10/hmmer_output/1314980at2759.out --cpu 1 mb_downloads/eukaryota_odb10/hmms/1314980at2759.hmm - 
# Current dir:     /in
# Date:            Tue Oct 22 12:38:29 2024
# [ok]
