#                                                                                                                                    --- full sequence --- -------------- this domain -------------   hmm coord   ali coord   env coord
# target name                                                                accession   tlen query name           accession   qlen   E-value  score  bias   #  of  c-Evalue  i-Evalue  score  bias  from    to  from    to  from    to  acc description of target
#                                                        ------------------- ---------- ----- -------------------- ---------- ----- --------- ------ ----- --- --- --------- --------- ------ ----- ----- ----- ----- ----- ----- ----- ---- ---------------------
1339553at2759_72036_0:0016bf|NODE_9184_length_6782_cov_63.954512:3982-4796   -            246 1339553at2759        -            252   4.6e-32  102.8  35.3   1   2   0.00014   0.00014   12.7   7.4    56   113    11    80     2    90 0.75 -
1339553at2759_72036_0:0016bf|NODE_9184_length_6782_cov_63.954512:3982-4796   -            246 1339553at2759        -            252   4.6e-32  102.8  35.3   2   2   7.8e-29     8e-29   92.1  21.9   102   242    94   245    81   246 0.77 -
1339553at2759_2020962_1:00029f|NODE_9184_length_6782_cov_63.954512:4024-4826 -            242 1339553at2759        -            252   5.7e-32  102.5  35.3   1   2   0.00091   0.00093   10.0   7.3    60   113     1    66     1    82 0.75 -
1339553at2759_2020962_1:00029f|NODE_9184_length_6782_cov_63.954512:4024-4826 -            242 1339553at2759        -            252   5.7e-32  102.5  35.3   2   2   2.5e-29   2.6e-29   93.7  23.1   102   248    80   237    67   241 0.77 -
1339553at2759_50429_0:00398c|NODE_9184_length_6782_cov_63.954512:4024-4832   -            244 1339553at2759        -            252   5.9e-32  102.4  35.3   1   2   0.00093   0.00095   10.0   7.3    60   113     1    66     1    82 0.75 -
1339553at2759_50429_0:00398c|NODE_9184_length_6782_cov_63.954512:4024-4832   -            244 1339553at2759        -            252   5.9e-32  102.4  35.3   2   2   2.6e-29   2.7e-29   93.7  23.1   102   248    80   237    67   241 0.77 -
1339553at2759_109280_0:004ee0|NODE_9184_length_6782_cov_63.954512:4012-4995  -            279 1339553at2759        -            252   5.9e-32  102.4  36.3   1   2   0.00055   0.00056   10.7   8.0    58   113     3    70     1    84 0.75 -
1339553at2759_109280_0:004ee0|NODE_9184_length_6782_cov_63.954512:4012-4995  -            279 1339553at2759        -            252   5.9e-32  102.4  36.3   2   2   3.4e-29   3.5e-29   93.3  22.9   102   248    84   241    71   245 0.77 -
1339553at2759_7574_0:002618|NODE_9184_length_6782_cov_63.954512:4021-4808    -            237 1339553at2759        -            252   6.3e-32  102.3  34.9   1   2   0.00039   0.00041   11.2   6.6    60   113     2    67     1    80 0.75 -
1339553at2759_7574_0:002618|NODE_9184_length_6782_cov_63.954512:4021-4808    -            237 1339553at2759        -            252   6.3e-32  102.3  34.9   2   2   3.3e-29   3.4e-29   93.4  22.4   102   245    81   235    67   237 0.77 -
1339553at2759_1720309_0:000f0b|NODE_9184_length_6782_cov_63.954512:4024-4808 -            236 1339553at2759        -            252   8.8e-32  101.8  34.8   1   2    0.0012    0.0012    9.6   7.8    60   113     1    66     1    85 0.75 -
1339553at2759_1720309_0:000f0b|NODE_9184_length_6782_cov_63.954512:4024-4808 -            236 1339553at2759        -            252   8.8e-32  101.8  34.8   2   2   3.7e-29   3.8e-29   93.2  22.6   102   245    80   234    66   236 0.77 -
1339553at2759_45351_0:003fa2|NODE_9184_length_6782_cov_63.954512:4024-4808   -            236 1339553at2759        -            252   8.8e-32  101.8  34.8   1   2    0.0012    0.0012    9.6   7.8    60   113     1    66     1    85 0.75 -
1339553at2759_45351_0:003fa2|NODE_9184_length_6782_cov_63.954512:4024-4808   -            236 1339553at2759        -            252   8.8e-32  101.8  34.8   2   2   3.7e-29   3.8e-29   93.2  22.6   102   245    80   234    66   236 0.77 -
1339553at2759_7741_0:003f1c|NODE_9184_length_6782_cov_63.954512:4021-5001    -            277 1339553at2759        -            252   9.2e-32  101.8  35.6   1   2   0.00073   0.00076   10.3   7.3    60   113     2    67     1    85 0.75 -
1339553at2759_7741_0:003f1c|NODE_9184_length_6782_cov_63.954512:4021-5001    -            277 1339553at2759        -            252   9.2e-32  101.8  35.6   2   2   3.8e-29   3.9e-29   93.2  23.2   102   248    81   238    67   242 0.77 -
1339553at2759_6500_0:0006ad|NODE_9184_length_6782_cov_63.954512:4024-4992    -            274 1339553at2759        -            252   1.1e-31  101.6  35.3   1   2   0.00092   0.00094   10.0   7.0    60   113     1    66     1    84 0.75 -
1339553at2759_6500_0:0006ad|NODE_9184_length_6782_cov_63.954512:4024-4992    -            274 1339553at2759        -            252   1.1e-31  101.6  35.3   2   2   3.5e-29   3.6e-29   93.3  23.1   102   248    80   237    66   241 0.77 -
1339553at2759_6573_0:0006ba|NODE_9184_length_6782_cov_63.954512:4021-4796    -            233 1339553at2759        -            252   1.1e-31  101.5  34.4   1   2   0.00039    0.0004   11.2   6.5    60   113     2    67     1    78 0.76 -
1339553at2759_6573_0:0006ba|NODE_9184_length_6782_cov_63.954512:4021-4796    -            233 1339553at2759        -            252   1.1e-31  101.5  34.4   2   2   5.9e-29   6.1e-29   92.5  21.8   102   242    81   232    67   233 0.77 -
1339553at2759_6832_0:002847|NODE_9184_length_6782_cov_63.954512:4021-4796    -            233 1339553at2759        -            252   1.1e-31  101.5  34.4   1   2   0.00039    0.0004   11.2   6.5    60   113     2    67     1    78 0.76 -
1339553at2759_6832_0:002847|NODE_9184_length_6782_cov_63.954512:4021-4796    -            233 1339553at2759        -            252   1.1e-31  101.5  34.4   2   2   5.9e-29   6.1e-29   92.5  21.8   102   242    81   232    67   233 0.77 -
1339553at2759_225164_0:005948|NODE_9184_length_6782_cov_63.954512:4030-4796  -            230 1339553at2759        -            252   3.1e-31  100.0  32.8   1   2    0.0011    0.0011    9.8   5.0    62   113     1    64     1    77 0.74 -
1339553at2759_225164_0:005948|NODE_9184_length_6782_cov_63.954512:4030-4796  -            230 1339553at2759        -            252   3.1e-31  100.0  32.8   2   2   6.4e-29   6.6e-29   92.4  21.9   102   242    78   229    65   230 0.77 -
1339553at2759_70779_0:0034ae|NODE_9184_length_6782_cov_63.954512:4099-4832   -            219 1339553at2759        -            252   3.6e-31   99.8  29.0   1   2    0.0019    0.0019    9.0   0.9    83   113    11    41     3    52 0.86 -
1339553at2759_70779_0:0034ae|NODE_9184_length_6782_cov_63.954512:4099-4832   -            219 1339553at2759        -            252   3.6e-31   99.8  29.0   2   2   1.8e-29   1.9e-29   94.2  23.2   101   248    54   212    40   216 0.76 -
1339553at2759_37653_0:000777|NODE_9184_length_6782_cov_63.954512:4033-4805   -            232 1339553at2759        -            252   5.7e-31   99.2  32.5   1   2    0.0028    0.0029    8.4   4.2    63   113     1    63     1    74 0.70 -
1339553at2759_37653_0:000777|NODE_9184_length_6782_cov_63.954512:4033-4805   -            232 1339553at2759        -            252   5.7e-31   99.2  32.5   2   2   3.8e-29   3.9e-29   93.2  22.3   102   244    77   230    64   232 0.77 -
1339553at2759_7668_0:001cd5|NODE_9184_length_6782_cov_63.954512:4120-5001    -            244 1339553at2759        -            252   8.1e-31   98.7  29.1   1   2     0.003    0.0031    8.3   0.9    83   113     4    34     3    46 0.86 -
1339553at2759_7668_0:001cd5|NODE_9184_length_6782_cov_63.954512:4120-5001    -            244 1339553at2759        -            252   8.1e-31   98.7  29.1   2   2   2.6e-29   2.7e-29   93.7  23.2   102   248    48   205    34   209 0.77 -
1339553at2759_1277687_1:0000cc|NODE_9184_length_6782_cov_63.954512:3997-4817 -            262 1339553at2759        -            252   4.8e-29   92.9  34.4   1   2   0.00041   0.00042   11.1   8.8    57   113     7    75     3   100 0.74 -
1339553at2759_1277687_1:0000cc|NODE_9184_length_6782_cov_63.954512:3997-4817 -            262 1339553at2759        -            252   4.8e-29   92.9  34.4   2   2   3.8e-26   3.9e-26   83.4  20.6   113   246   114   258    73   262 0.72 -
1339553at2759_1230383_1:000174|NODE_9184_length_6782_cov_63.954512:4316-4826 -            159 1339553at2759        -            252   3.2e-28   90.2  15.2   1   1   3.8e-28   3.9e-28   89.9  15.2   117   248    12   154     5   158 0.78 -
1339553at2759_29159_0:0026c6|NODE_9184_length_6782_cov_63.954512:4021-4796   -            247 1339553at2759        -            252   3.7e-28   90.0  35.1   1   2    0.0034    0.0035    8.2  10.3    60   114     2    68     1   104 0.74 -
1339553at2759_29159_0:0026c6|NODE_9184_length_6782_cov_63.954512:4021-4796   -            247 1339553at2759        -            252   3.7e-28   90.0  35.1   2   2     1e-25     1e-25   82.0  22.0    79   242    76   246    65   247 0.68 -
1339553at2759_6565_0:003daa|NODE_9184_length_6782_cov_63.954512:4021-4796    -            247 1339553at2759        -            252   3.7e-28   90.0  35.1   1   2    0.0034    0.0035    8.2  10.3    60   114     2    68     1   104 0.74 -
1339553at2759_6565_0:003daa|NODE_9184_length_6782_cov_63.954512:4021-4796    -            247 1339553at2759        -            252   3.7e-28   90.0  35.1   2   2     1e-25     1e-25   82.0  22.0    79   242    76   246    65   247 0.68 -
1339553at2759_6334_0:0031bd|NODE_9184_length_6782_cov_63.954512:4316-4814    -            155 1339553at2759        -            252   3.9e-28   89.9  15.0   1   1   4.5e-28   4.7e-28   89.6  15.0   117   246    12   152     5   155 0.78 -
1339553at2759_6412_0:005293|NODE_9184_length_6782_cov_63.954512:4009-4793    -            250 1339553at2759        -            252   5.4e-28   89.4  36.5   1   2    0.0014    0.0014    9.4  10.4    58   113     4    71     1    96 0.73 -
1339553at2759_6412_0:005293|NODE_9184_length_6782_cov_63.954512:4009-4793    -            250 1339553at2759        -            252   5.4e-28   89.4  36.5   2   2   1.9e-25     2e-25   81.0  22.4    78   242    79   250    67   250 0.68 -
1339553at2759_6185_0:001ae8|NODE_9184_length_6782_cov_63.954512:3670-6369    -            654 1339553at2759        -            252   9.8e-28   88.6  38.0   1   3      0.52      0.54    1.0   0.1    23    49     4    35     2    45 0.70 -
1339553at2759_6185_0:001ae8|NODE_9184_length_6782_cov_63.954512:3670-6369    -            654 1339553at2759        -            252   9.8e-28   88.6  38.0   2   3   0.00047   0.00048   11.0   8.6    50   113    57   133    43   161 0.71 -
1339553at2759_6185_0:001ae8|NODE_9184_length_6782_cov_63.954512:3670-6369    -            654 1339553at2759        -            252   9.8e-28   88.6  38.0   3   3   2.7e-25   2.8e-25   80.6  20.4   115   248   174   318   132   322 0.75 -
1339553at2759_77020_1:000052|NODE_9184_length_6782_cov_63.954512:4325-4796   -            146 1339553at2759        -            252   1.2e-27   88.3  14.7   1   1   1.4e-27   1.4e-27   88.0  14.7   117   242     9   145     4   146 0.78 -
1339553at2759_407821_0:001bb1|NODE_9184_length_6782_cov_63.954512:4075-4995  -            272 1339553at2759        -            252   1.2e-27   88.3  27.4   1   2     0.003    0.0031    8.3   2.0    83   114    19    50     9    75 0.80 -
1339553at2759_407821_0:001bb1|NODE_9184_length_6782_cov_63.954512:4075-4995  -            272 1339553at2759        -            252   1.2e-27   88.3  27.4   2   2   6.7e-26   6.9e-26   82.5  21.6   114   248    89   234    49   238 0.73 -
1339553at2759_6183_0:0025d7|NODE_9184_length_6782_cov_63.954512:4024-6324    -            572 1339553at2759        -            252   4.4e-27   86.4  35.6   1   2    0.0058    0.0059    7.4   8.3    60   113     1    66     1    92 0.73 -
1339553at2759_6183_0:0025d7|NODE_9184_length_6782_cov_63.954512:4024-6324    -            572 1339553at2759        -            252   4.4e-27   86.4  35.6   2   2   1.8e-25   1.9e-25   81.1  22.7    83   248    73   251    63   255 0.68 -
1339553at2759_1151754_1:000946|NODE_9184_length_6782_cov_63.954512:4385-4817 -            133 1339553at2759        -            252   1.5e-25   81.4  17.1   1   1   1.7e-25   1.7e-25   81.2  17.1   129   246     1   129     1   133 0.78 -
1339553at2759_1305764_1:001abb|NODE_9184_length_6782_cov_63.954512:4385-4817 -            133 1339553at2759        -            252   1.5e-25   81.4  17.1   1   1   1.7e-25   1.7e-25   81.2  17.1   129   246     1   129     1   133 0.78 -
1339553at2759_1365824_1:000fc0|NODE_9184_length_6782_cov_63.954512:4385-4817 -            133 1339553at2759        -            252   1.5e-25   81.4  17.1   1   1   1.7e-25   1.7e-25   81.2  17.1   129   246     1   129     1   133 0.78 -
1339553at2759_237631_1:000100|NODE_9184_length_6782_cov_63.954512:4385-4817  -            133 1339553at2759        -            252   1.5e-25   81.4  17.1   1   1   1.7e-25   1.7e-25   81.2  17.1   129   246     1   129     1   133 0.78 -
1339553at2759_49012_1:00160e|NODE_9184_length_6782_cov_63.954512:4385-4817   -            133 1339553at2759        -            252   1.5e-25   81.4  17.1   1   1   1.7e-25   1.7e-25   81.2  17.1   129   246     1   129     1   133 0.78 -
1339553at2759_84753_1:00188f|NODE_9184_length_6782_cov_63.954512:4385-4817   -            133 1339553at2759        -            252   1.5e-25   81.4  17.1   1   1   1.7e-25   1.7e-25   81.2  17.1   129   246     1   129     1   133 0.78 -
1339553at2759_999809_1:000022|NODE_9184_length_6782_cov_63.954512:4385-4817  -            133 1339553at2759        -            252   1.5e-25   81.4  17.1   1   1   1.7e-25   1.7e-25   81.2  17.1   129   246     1   129     1   133 0.78 -
1339553at2759_7739_0:0067e3|NODE_9184_length_6782_cov_63.954512:4592-4796    -             69 1339553at2759        -            252   7.6e-15   46.3   5.1   1   1   8.4e-15   8.7e-15   46.2   5.1   181   242     2    68     1    69 0.79 -
#
# Program:         hmmsearch
# Version:         3.1b2 (February 2015)
# Pipeline mode:   SEARCH
# Query file:      mb_downloads/eukaryota_odb10/hmms/1339553at2759.hmm
# Target file:     -
# Option settings: /opt/conda/envs/compleasm/bin/hmmsearch --domtblout compleasm/eukaryota_odb10/hmmer_output/1339553at2759.out --cpu 1 mb_downloads/eukaryota_odb10/hmms/1339553at2759.hmm - 
# Current dir:     /in
# Date:            Tue Oct 22 12:39:59 2024
# [ok]
