#                                                                                                                                    --- full sequence --- -------------- this domain -------------   hmm coord   ali coord   env coord
# target name                                                                accession   tlen query name           accession   qlen   E-value  score  bias   #  of  c-Evalue  i-Evalue  score  bias  from    to  from    to  from    to  acc description of target
#                                                        ------------------- ---------- ----- -------------------- ---------- ----- --------- ------ ----- --- --- --------- --------- ------ ----- ----- ----- ----- ----- ----- ----- ---- ---------------------
1342242at2759_670386_1:00260f|NODE_20_length_76873_cov_5.638132:11269-11869  -            201 1342242at2759        -            196   8.2e-34  109.0   0.0   1   1   1.3e-31   1.4e-31  101.8   0.0     1   155     3   195     3   198 0.80 -
1342242at2759_117179_1:000aa3|NODE_20_length_76873_cov_5.638132:11260-11863  -            202 1342242at2759        -            196   8.7e-34  109.0   0.0   1   1   1.5e-31   1.5e-31  101.6   0.0     1   155     6   198     6   200 0.80 -
1342242at2759_1284197_1:001a72|NODE_20_length_76873_cov_5.638132:11272-11974 -            235 1342242at2759        -            196   8.8e-34  108.9   0.0   1   1   1.2e-31   1.3e-31  101.9   0.0     1   156     2   195     2   230 0.79 -
1342242at2759_1447875_1:001460|NODE_20_length_76873_cov_5.638132:11263-11962 -            234 1342242at2759        -            196     9e-34  108.9   0.0   1   2   8.3e-13   8.6e-13   40.4   0.0     1    75     5    91     5   120 0.82 -
1342242at2759_1447875_1:001460|NODE_20_length_76873_cov_5.638132:11263-11962 -            234 1342242at2759        -            196     9e-34  108.9   0.0   2   2   7.6e-21   7.9e-21   66.7   0.0    91   156   133   198   122   232 0.88 -
1342242at2759_1230383_1:0006a8|NODE_20_length_76873_cov_5.638132:11260-11971 -            238 1342242at2759        -            196   9.3e-34  108.9   0.0   1   1   1.3e-31   1.3e-31  101.8   0.0     1   156     6   199     6   234 0.79 -
1342242at2759_1447883_1:001b9a|NODE_20_length_76873_cov_5.638132:11275-11992 -            240 1342242at2759        -            196   9.5e-34  108.8   0.0   1   1   1.3e-31   1.4e-31  101.8   0.0     1   156     1   194     1   229 0.79 -
1342242at2759_1754190_1:00355b|NODE_20_length_76873_cov_5.638132:11263-11854 -            198 1342242at2759        -            196     1e-33  108.7   0.0   1   1   1.6e-31   1.7e-31  101.5   0.0     1   155     5   197     5   198 0.80 -
1342242at2759_1754191_1:0009cd|NODE_20_length_76873_cov_5.638132:11263-11854 -            198 1342242at2759        -            196     1e-33  108.7   0.0   1   1   1.6e-31   1.7e-31  101.5   0.0     1   155     5   197     5   198 0.80 -
1342242at2759_1213859_1:0009e8|NODE_20_length_76873_cov_5.638132:11269-11935 -            223 1342242at2759        -            196     1e-33  108.7   0.0   1   1   1.7e-31   1.8e-31  101.4   0.0     1   156     3   196     3   206 0.81 -
1342242at2759_121759_1:001314|NODE_20_length_76873_cov_5.638132:11230-11962  -            245 1342242at2759        -            196   1.1e-33  108.6   0.0   1   2   8.8e-13   9.2e-13   40.4   0.0     1    75    16   102    16   135 0.82 -
1342242at2759_121759_1:001314|NODE_20_length_76873_cov_5.638132:11230-11962  -            245 1342242at2759        -            196   1.1e-33  108.6   0.0   2   2   8.4e-21   8.8e-21   66.5   0.0    91   156   144   209   133   243 0.88 -
1342242at2759_1163406_1:0000c9|NODE_20_length_76873_cov_5.638132:11260-11935 -            226 1342242at2759        -            196   1.1e-33  108.6   0.0   1   1   1.8e-31   1.9e-31  101.4   0.0     1   156     6   199     6   209 0.81 -
1342242at2759_413071_1:0006c1|NODE_20_length_76873_cov_5.638132:11260-11935  -            226 1342242at2759        -            196   1.1e-33  108.6   0.0   1   1   1.8e-31   1.9e-31  101.4   0.0     1   156     6   199     6   209 0.81 -
1342242at2759_452589_1:000b76|NODE_20_length_76873_cov_5.638132:11260-11935  -            226 1342242at2759        -            196   1.1e-33  108.6   0.0   1   1   1.8e-31   1.9e-31  101.4   0.0     1   156     6   199     6   209 0.81 -
1342242at2759_5544_2:001369|NODE_20_length_76873_cov_5.638132:11260-11935    -            226 1342242at2759        -            196   1.1e-33  108.6   0.0   1   1   1.8e-31   1.9e-31  101.4   0.0     1   156     6   199     6   209 0.81 -
1342242at2759_438503_0:000e61|NODE_20_length_76873_cov_5.638132:11269-12022  -            252 1342242at2759        -            196   1.2e-33  108.6   0.0   1   1   1.6e-31   1.6e-31  101.5   0.0     1   156     3   196     3   231 0.79 -
1342242at2759_88015_0:000a12|NODE_20_length_76873_cov_5.638132:11269-12034   -            256 1342242at2759        -            196   1.2e-33  108.5   0.0   1   1   1.7e-31   1.7e-31  101.4   0.0     1   156     3   196     3   231 0.79 -
1342242at2759_1081107_1:0014af|NODE_20_length_76873_cov_5.638132:7546-11869  -            223 1342242at2759        -            196   1.3e-33  108.4   0.0   1   1     2e-31   2.1e-31  101.2   0.0     1   155    25   217    25   220 0.80 -
1342242at2759_7395_0:003db3|NODE_20_length_76873_cov_5.638132:11260-12034    -            259 1342242at2759        -            196   1.3e-33  108.4   0.0   1   1   1.7e-31   1.8e-31  101.4   0.0     1   156     6   199     6   234 0.79 -
1342242at2759_7397_0:002558|NODE_20_length_76873_cov_5.638132:11260-12034    -            259 1342242at2759        -            196   1.3e-33  108.4   0.0   1   1   1.7e-31   1.8e-31  101.4   0.0     1   156     6   199     6   234 0.79 -
1342242at2759_54969_0:0002c2|NODE_20_length_76873_cov_5.638132:11275-12049   -            259 1342242at2759        -            196   1.3e-33  108.4   0.0   1   1   1.7e-31   1.8e-31  101.4   0.0     1   156     1   194     1   229 0.79 -
1342242at2759_1344414_1:000526|NODE_20_length_76873_cov_5.638132:11230-11935 -            236 1342242at2759        -            196   1.3e-33  108.4   0.0   1   1   1.9e-31     2e-31  101.3   0.0     1   156    16   209    16   227 0.81 -
1342242at2759_59538_0:0042fa|NODE_20_length_76873_cov_5.638132:11242-12028   -            263 1342242at2759        -            196   1.4e-33  108.3   0.0   1   1   1.8e-31   1.9e-31  101.3   0.0     1   156    12   205    12   240 0.79 -
1342242at2759_1081104_1:002401|NODE_20_length_76873_cov_5.638132:11191-11872 -            228 1342242at2759        -            196   1.4e-33  108.3   0.0   1   1   2.1e-31   2.2e-31  101.1   0.0     1   155    29   221    29   224 0.80 -
1342242at2759_857340_1:00003b|NODE_20_length_76873_cov_5.638132:11188-11866  -            227 1342242at2759        -            196   1.4e-33  108.3   0.0   1   1   2.1e-31   2.2e-31  101.1   0.0     1   155    30   222    30   225 0.80 -
1342242at2759_59538_0:003ed9|NODE_20_length_76873_cov_5.638132:11239-12037   -            267 1342242at2759        -            196   1.5e-33  108.2   0.0   1   2   1.1e-12   1.1e-12   40.1   0.0     1    75    13    99    13   129 0.82 -
1342242at2759_59538_0:003ed9|NODE_20_length_76873_cov_5.638132:11239-12037   -            267 1342242at2759        -            196   1.5e-33  108.2   0.0   2   2   9.6e-21     1e-20   66.3   0.0    92   156   142   206   130   241 0.88 -
1342242at2759_37001_0:000670|NODE_20_length_76873_cov_5.638132:11236-12034   -            267 1342242at2759        -            196   1.5e-33  108.2   0.0   1   2   1.1e-12   1.1e-12   40.1   0.0     1    75    14   100    14   130 0.82 -
1342242at2759_37001_0:000670|NODE_20_length_76873_cov_5.638132:11236-12034   -            267 1342242at2759        -            196   1.5e-33  108.2   0.0   2   2   9.6e-21     1e-20   66.3   0.0    92   156   143   207   131   242 0.88 -
1342242at2759_983644_1:000294|NODE_20_length_76873_cov_5.638132:7546-11869   -            236 1342242at2759        -            196   1.6e-33  108.1   0.0   1   1   2.4e-31   2.5e-31  100.9   0.0     1   155    38   230    38   233 0.80 -
1342242at2759_708187_1:00102a|NODE_20_length_76873_cov_5.638132:11182-11935  -            252 1342242at2759        -            196   1.7e-33  108.0   0.0   1   1   2.6e-31   2.7e-31  100.8   0.0     1   156    32   225    32   235 0.81 -
1342242at2759_176275_1:000dcc|NODE_20_length_76873_cov_5.638132:4887-11869   -            251 1342242at2759        -            196   2.1e-33  107.7   0.0   1   1     3e-31   3.1e-31  100.6   0.0     1   155    53   245    53   248 0.80 -
1342242at2759_1081108_1:00153a|NODE_20_length_76873_cov_5.638132:8179-11872  -            258 1342242at2759        -            196   2.3e-33  107.6   0.0   1   1   3.3e-31   3.4e-31  100.5   0.0     1   155    59   251    59   254 0.80 -
1342242at2759_94208_1:0018d4|NODE_20_length_76873_cov_5.638132:11260-15265   -            308 1342242at2759        -            196   2.4e-33  107.5   0.0   1   2   1.5e-12   1.5e-12   39.6   0.0     1    75     6    92     6   122 0.82 -
1342242at2759_94208_1:0018d4|NODE_20_length_76873_cov_5.638132:11260-15265   -            308 1342242at2759        -            196   2.4e-33  107.5   0.0   2   2   1.3e-20   1.3e-20   65.9   0.0    92   156   135   199   123   234 0.88 -
1342242at2759_1237896_1:0026b8|NODE_20_length_76873_cov_5.638132:7516-11935  -            275 1342242at2759        -            196   2.4e-33  107.5   0.0   1   2   1.2e-12   1.2e-12   40.0   0.0     1    75    55   141    55   171 0.82 -
1342242at2759_1237896_1:0026b8|NODE_20_length_76873_cov_5.638132:7516-11935  -            275 1342242at2759        -            196   2.4e-33  107.5   0.0   2   2   1.5e-20   1.6e-20   65.7   0.0    92   156   184   248   172   266 0.94 -
1342242at2759_1081105_1:00107a|NODE_20_length_76873_cov_5.638132:7534-11869  -            234 1342242at2759        -            196   2.7e-33  107.3   0.0   1   1   4.1e-31   4.3e-31  100.2   0.0     2   155    37   228    36   231 0.80 -
1342242at2759_756982_1:0000d5|NODE_20_length_76873_cov_5.638132:11275-11848  -            192 1342242at2759        -            196     3e-33  107.2   0.0   1   1   4.7e-31   4.9e-31  100.0   0.0     1   153     1   191     1   192 0.80 -
1342242at2759_1159556_1:001e2a|NODE_20_length_76873_cov_5.638132:11182-12159 -            326 1342242at2759        -            196   3.1e-33  107.2   0.0   1   2   1.6e-12   1.7e-12   39.5   0.0     1    75    32   118    32   148 0.82 -
1342242at2759_1159556_1:001e2a|NODE_20_length_76873_cov_5.638132:11182-12159 -            326 1342242at2759        -            196   3.1e-33  107.2   0.0   2   2   1.4e-20   1.5e-20   65.8   0.0    92   156   161   225   149   260 0.88 -
1342242at2759_1754192_1:001167|NODE_20_length_76873_cov_5.638132:11263-11848 -            196 1342242at2759        -            196   3.3e-33  107.1   0.0   1   1   5.1e-31   5.3e-31   99.9   0.0     1   153     5   195     5   196 0.80 -
1342242at2759_261658_1:000172|NODE_20_length_76873_cov_5.638132:11260-11848  -            197 1342242at2759        -            196   3.3e-33  107.1   0.0   1   1   5.2e-31   5.4e-31   99.8   0.0     1   153     6   196     6   197 0.80 -
1342242at2759_352472_1:0022bf|NODE_20_length_76873_cov_5.638132:11260-11848  -            197 1342242at2759        -            196   3.3e-33  107.1   0.0   1   1   5.2e-31   5.4e-31   99.8   0.0     1   153     6   196     6   197 0.80 -
1342242at2759_361077_1:000cde|NODE_20_length_76873_cov_5.638132:11260-11848  -            197 1342242at2759        -            196   3.3e-33  107.1   0.0   1   1   5.2e-31   5.4e-31   99.8   0.0     1   153     6   196     6   197 0.80 -
1342242at2759_5786_1:000f22|NODE_20_length_76873_cov_5.638132:11260-11848    -            197 1342242at2759        -            196   3.3e-33  107.1   0.0   1   1   5.2e-31   5.4e-31   99.8   0.0     1   153     6   196     6   197 0.80 -
1342242at2759_150374_1:0007a1|NODE_20_length_76873_cov_5.638132:7516-11935   -            262 1342242at2759        -            196   3.5e-33  107.0   0.0   1   1   4.8e-31     5e-31  100.0   0.0     2   156    43   235    42   253 0.81 -
1342242at2759_1410327_1:0024d4|NODE_20_length_76873_cov_5.638132:11251-11848 -            200 1342242at2759        -            196   3.6e-33  107.0   0.0   1   1   5.5e-31   5.8e-31   99.7   0.0     1   153     9   199     9   200 0.80 -
1342242at2759_45235_1:001494|NODE_20_length_76873_cov_5.638132:8731-12198    -            343 1342242at2759        -            196   3.7e-33  106.9   0.0   1   2   1.8e-12   1.9e-12   39.3   0.0     1    75    36   122    36   152 0.82 -
1342242at2759_45235_1:001494|NODE_20_length_76873_cov_5.638132:8731-12198    -            343 1342242at2759        -            196   3.7e-33  106.9   0.0   2   2   1.5e-20   1.6e-20   65.7   0.0    92   156   165   229   153   264 0.88 -
1342242at2759_645133_1:00089b|NODE_20_length_76873_cov_5.638132:11212-12159  -            316 1342242at2759        -            196     4e-33  106.8   0.0   1   2   1.5e-12   1.6e-12   39.6   0.0     1    75    22   108    22   138 0.82 -
1342242at2759_645133_1:00089b|NODE_20_length_76873_cov_5.638132:11212-12159  -            316 1342242at2759        -            196     4e-33  106.8   0.0   2   2     2e-20   2.1e-20   65.3   0.0    92   156   151   215   139   233 0.94 -
1342242at2759_1089451_1:001421|NODE_20_length_76873_cov_5.638132:11269-11845 -            193 1342242at2759        -            196   4.6e-33  106.6   0.0   1   1   7.4e-31   7.7e-31   99.3   0.0     1   153     3   193     3   193 0.80 -
1342242at2759_334819_1:001180|NODE_20_length_76873_cov_5.638132:11269-11845  -            193 1342242at2759        -            196   4.6e-33  106.6   0.0   1   1   7.4e-31   7.7e-31   99.3   0.0     1   153     3   193     3   193 0.80 -
1342242at2759_1442369_1:00090e|NODE_20_length_76873_cov_5.638132:11266-11845 -            194 1342242at2759        -            196   4.8e-33  106.6   0.0   1   1   7.5e-31   7.8e-31   99.3   0.0     1   153     4   194     4   194 0.80 -
1342242at2759_1209926_1:00248d|NODE_20_length_76873_cov_5.638132:11263-11845 -            195 1342242at2759        -            196   4.9e-33  106.5   0.0   1   1   7.7e-31     8e-31   99.3   0.0     1   153     5   195     5   195 0.80 -
1342242at2759_179993_1:001fd9|NODE_20_length_76873_cov_5.638132:11263-11845  -            195 1342242at2759        -            196   4.9e-33  106.5   0.0   1   1   7.7e-31     8e-31   99.3   0.0     1   153     5   195     5   195 0.80 -
1342242at2759_703756_1:00227a|NODE_20_length_76873_cov_5.638132:11263-11845  -            195 1342242at2759        -            196   4.9e-33  106.5   0.0   1   1   7.7e-31     8e-31   99.3   0.0     1   153     5   195     5   195 0.80 -
1342242at2759_100816_1:002071|NODE_20_length_76873_cov_5.638132:11260-11845  -            196 1342242at2759        -            196     5e-33  106.5   0.0   1   1   7.8e-31   8.2e-31   99.3   0.0     1   153     6   196     6   196 0.80 -
1342242at2759_1081109_1:001b6c|NODE_20_length_76873_cov_5.638132:11260-11845 -            196 1342242at2759        -            196     5e-33  106.5   0.0   1   1   7.8e-31   8.2e-31   99.3   0.0     1   153     6   196     6   196 0.80 -
1342242at2759_1262450_1:00023f|NODE_20_length_76873_cov_5.638132:11260-11845 -            196 1342242at2759        -            196     5e-33  106.5   0.0   1   1   7.8e-31   8.2e-31   99.3   0.0     1   153     6   196     6   196 0.80 -
1342242at2759_1276143_1:00188d|NODE_20_length_76873_cov_5.638132:11260-11845 -            196 1342242at2759        -            196     5e-33  106.5   0.0   1   1   7.8e-31   8.2e-31   99.3   0.0     1   153     6   196     6   196 0.80 -
1342242at2759_1280523_1:000d92|NODE_20_length_76873_cov_5.638132:11260-11845 -            196 1342242at2759        -            196     5e-33  106.5   0.0   1   1   7.8e-31   8.2e-31   99.3   0.0     1   153     6   196     6   196 0.80 -
1342242at2759_1380566_1:000c90|NODE_20_length_76873_cov_5.638132:11260-11845 -            196 1342242at2759        -            196     5e-33  106.5   0.0   1   1   7.8e-31   8.2e-31   99.3   0.0     1   153     6   196     6   196 0.80 -
1342242at2759_1573173_1:001ef0|NODE_20_length_76873_cov_5.638132:11224-11845 -            208 1342242at2759        -            196   6.5e-33  106.1   0.0   1   1   9.9e-31     1e-30   98.9   0.0     1   153    18   208    18   208 0.80 -
1342242at2759_40199_1:001f42|NODE_20_length_76873_cov_5.638132:11224-11845   -            208 1342242at2759        -            196   6.5e-33  106.1   0.0   1   1   9.9e-31     1e-30   98.9   0.0     1   153    18   208    18   208 0.80 -
1342242at2759_759273_1:000b14|NODE_20_length_76873_cov_5.638132:11224-11845  -            208 1342242at2759        -            196   6.5e-33  106.1   0.0   1   1   9.9e-31     1e-30   98.9   0.0     1   153    18   208    18   208 0.80 -
1342242at2759_1664694_1:002207|NODE_20_length_76873_cov_5.638132:11278-11848 -            191 1342242at2759        -            196   6.6e-33  106.1   0.0   1   1   1.1e-30   1.1e-30   98.8   0.0     2   153     1   190     1   191 0.80 -
1342242at2759_1173701_1:001af4|NODE_20_length_76873_cov_5.638132:11212-11845 -            212 1342242at2759        -            196     7e-33  106.0   0.0   1   1   1.1e-30   1.1e-30   98.8   0.0     1   153    22   212    22   212 0.80 -
1342242at2759_655863_1:0004c0|NODE_20_length_76873_cov_5.638132:11209-11845  -            213 1342242at2759        -            196   7.2e-33  106.0   0.0   1   1   1.1e-30   1.1e-30   98.8   0.0     1   153    23   213    23   213 0.80 -
1342242at2759_36050_1:002bfd|NODE_20_length_76873_cov_5.638132:11179-11845   -            223 1342242at2759        -            196   8.7e-33  105.7   0.0   1   1   1.3e-30   1.3e-30   98.6   0.0     1   153    33   223    33   223 0.80 -
1342242at2759_5518_1:0005bc|NODE_20_length_76873_cov_5.638132:11179-11845    -            223 1342242at2759        -            196   8.7e-33  105.7   0.0   1   1   1.3e-30   1.3e-30   98.6   0.0     1   153    33   223    33   223 0.80 -
1342242at2759_33203_1:0016e1|NODE_20_length_76873_cov_5.638132:8737-11845    -            224 1342242at2759        -            196   8.9e-33  105.7   0.0   1   1   1.3e-30   1.3e-30   98.5   0.0     1   153    34   224    34   224 0.80 -
1342242at2759_1213857_1:002cf8|NODE_20_length_76873_cov_5.638132:6395-11845  -            236 1342242at2759        -            196   1.1e-32  105.4   0.0   1   1   1.6e-30   1.6e-30   98.3   0.0     1   153    46   236    46   236 0.80 -
1342242at2759_1043627_1:002117|NODE_20_length_76873_cov_5.638132:8404-11845  -            250 1342242at2759        -            196   1.4e-32  105.0   0.0   1   1   1.9e-30     2e-30   98.0   0.0     1   153    60   250    60   250 0.80 -
1342242at2759_1408157_1:000a75|NODE_20_length_76873_cov_5.638132:9724-11845  -            252 1342242at2759        -            196   1.4e-32  105.0   0.0   1   1   1.9e-30     2e-30   98.0   0.0     1   153    62   252    62   252 0.80 -
1342242at2759_1391915_1:000e1e|NODE_20_length_76873_cov_5.638132:5379-11845  -            261 1342242at2759        -            196   1.5e-32  104.9   0.0   1   1   2.2e-30   2.3e-30   97.8   0.0     1   153    71   261    71   261 0.80 -
1342242at2759_655827_1:000e8d|NODE_20_length_76873_cov_5.638132:7534-11845   -            226 1342242at2759        -            196   1.6e-32  104.8   0.0   1   1   2.3e-30   2.4e-30   97.7   0.0     2   153    37   226    36   226 0.80 -
1342242at2759_1209931_1:00081a|NODE_20_length_76873_cov_5.638132:11299-11845 -            183 1342242at2759        -            196     7e-30   96.2   0.0   1   1   1.1e-27   1.2e-27   88.9   0.0     9   153     1   183     1   183 0.79 -
1342242at2759_88501_0:003255|NODE_20_length_76873_cov_5.638132:11260-11821   -            188 1342242at2759        -            196   1.9e-29   94.8   0.0   1   1   3.1e-27   3.3e-27   87.5   0.0     1   144     6   187     6   188 0.79 -
#
# Program:         hmmsearch
# Version:         3.1b2 (February 2015)
# Pipeline mode:   SEARCH
# Query file:      mb_downloads/eukaryota_odb10/hmms/1342242at2759.hmm
# Target file:     -
# Option settings: /opt/conda/envs/compleasm/bin/hmmsearch --domtblout compleasm/eukaryota_odb10/hmmer_output/1342242at2759.out --cpu 1 mb_downloads/eukaryota_odb10/hmms/1342242at2759.hmm - 
# Current dir:     /in
# Date:            Tue Oct 22 12:38:01 2024
# [ok]
