#                                                                                                                                     --- full sequence --- -------------- this domain -------------   hmm coord   ali coord   env coord
# target name                                                                 accession   tlen query name           accession   qlen   E-value  score  bias   #  of  c-Evalue  i-Evalue  score  bias  from    to  from    to  from    to  acc description of target
#                                                         ------------------- ---------- ----- -------------------- ---------- ----- --------- ------ ----- --- --- --------- --------- ------ ----- ----- ----- ----- ----- ----- ----- ---- ---------------------
1370304at2759_40932_0:00089f|NODE_1622_length_12253_cov_75.026445:5492-7662   -            607 1370304at2759        -            482   2.4e-45  145.1   8.6   1   3   7.3e-32   1.2e-31   99.9   0.0     1   130     3   156     3   162 0.82 -
1370304at2759_40932_0:00089f|NODE_1622_length_12253_cov_75.026445:5492-7662   -            607 1370304at2759        -            482   2.4e-45  145.1   8.6   2   3   4.6e-05   7.4e-05   11.5   0.0   165   236   299   368   293   390 0.78 -
1370304at2759_40932_0:00089f|NODE_1622_length_12253_cov_75.026445:5492-7662   -            607 1370304at2759        -            482   2.4e-45  145.1   8.6   3   3   4.6e-11   7.4e-11   31.3   4.2   229   345   441   572   425   580 0.75 -
1370304at2759_13164_0:0015e2|NODE_1622_length_12253_cov_75.026445:5498-7698   -            617 1370304at2759        -            482   2.9e-45  144.8   8.7   1   3   7.5e-32   1.2e-31   99.9   0.0     1   130    15   168    15   174 0.82 -
1370304at2759_13164_0:0015e2|NODE_1622_length_12253_cov_75.026445:5498-7698   -            617 1370304at2759        -            482   2.9e-45  144.8   8.7   2   3   4.7e-05   7.6e-05   11.5   0.0   165   236   311   380   305   402 0.78 -
1370304at2759_13164_0:0015e2|NODE_1622_length_12253_cov_75.026445:5498-7698   -            617 1370304at2759        -            482   2.9e-45  144.8   8.7   3   3   5.1e-11   8.1e-11   31.2   4.3   229   345   453   584   437   593 0.75 -
1370304at2759_69319_0:00298a|NODE_1622_length_12253_cov_75.026445:4988-7662   -            775 1370304at2759        -            482   4.4e-45  144.2   9.1   1   3   1.1e-31   1.8e-31   99.3   0.0     1   130     3   156     3   162 0.82 -
1370304at2759_69319_0:00298a|NODE_1622_length_12253_cov_75.026445:4988-7662   -            775 1370304at2759        -            482   4.4e-45  144.2   9.1   2   3   6.4e-05    0.0001   11.1   0.0   165   230   299   361   293   390 0.78 -
1370304at2759_69319_0:00298a|NODE_1622_length_12253_cov_75.026445:4988-7662   -            775 1370304at2759        -            482   4.4e-45  144.2   9.1   3   3   3.2e-11   5.1e-11   31.9   4.8   229   383   441   603   425   649 0.69 -
1370304at2759_6183_0:00035a|NODE_1622_length_12253_cov_75.026445:4844-7662    -            823 1370304at2759        -            482   4.7e-45  144.1   9.0   1   3   1.2e-31   1.9e-31   99.2   0.0     1   130     3   156     3   162 0.82 -
1370304at2759_6183_0:00035a|NODE_1622_length_12253_cov_75.026445:4844-7662    -            823 1370304at2759        -            482   4.7e-45  144.1   9.0   2   3     7e-05   0.00011   11.0   0.0   165   230   299   361   293   390 0.78 -
1370304at2759_6183_0:00035a|NODE_1622_length_12253_cov_75.026445:4844-7662    -            823 1370304at2759        -            482   4.7e-45  144.1   9.0   3   3   3.2e-11     5e-11   31.9   4.6   229   383   441   603   425   649 0.69 -
1370304at2759_6185_0:000d31|NODE_1622_length_12253_cov_75.026445:4844-7653    -            820 1370304at2759        -            482     1e-44  143.0   9.0   1   3   2.8e-31   4.5e-31   98.0   0.0     2   130     1   153     1   159 0.82 -
1370304at2759_6185_0:000d31|NODE_1622_length_12253_cov_75.026445:4844-7653    -            820 1370304at2759        -            482     1e-44  143.0   9.0   2   3   6.9e-05   0.00011   11.0   0.0   165   230   296   358   290   387 0.78 -
1370304at2759_6185_0:000d31|NODE_1622_length_12253_cov_75.026445:4844-7653    -            820 1370304at2759        -            482     1e-44  143.0   9.0   3   3   3.1e-11     5e-11   31.9   4.6   229   383   438   600   422   646 0.69 -
1370304at2759_6198_0:001425|NODE_1622_length_12253_cov_75.026445:4850-7653    -            795 1370304at2759        -            482   9.3e-42  133.2   8.7   1   3   2.7e-31   4.2e-31   98.1   0.0     2   130     1   153     1   159 0.82 -
1370304at2759_6198_0:001425|NODE_1622_length_12253_cov_75.026445:4850-7653    -            795 1370304at2759        -            482   9.3e-42  133.2   8.7   2   3   6.7e-05   0.00011   11.0   0.0   165   230   296   358   290   387 0.78 -
1370304at2759_6198_0:001425|NODE_1622_length_12253_cov_75.026445:4850-7653    -            795 1370304at2759        -            482   9.3e-42  133.2   8.7   3   3   3.4e-08   5.4e-08   21.9   4.4   260   383   446   577   443   623 0.63 -
1370304at2759_6087_0:002d2b|NODE_1622_length_12253_cov_75.026445:6522-7695    -            392 1370304at2759        -            482     2e-36  115.7   0.1   1   2   3.1e-32   4.9e-32  101.2   0.0     1   130    14   167    14   173 0.82 -
1370304at2759_6087_0:002d2b|NODE_1622_length_12253_cov_75.026445:6522-7695    -            392 1370304at2759        -            482     2e-36  115.7   0.1   2   2     3e-05   4.8e-05   12.2   0.0   165   230   310   372   303   389 0.77 -
1370304at2759_1720309_0:00252e|NODE_1622_length_12253_cov_75.026445:7185-7662 -            160 1370304at2759        -            482   3.3e-33  105.0   0.1   1   1   2.6e-33   4.2e-33  104.7   0.1     1   130     3   156     3   159 0.82 -
1370304at2759_105231_0:003724|NODE_1622_length_12253_cov_75.026445:7194-7662  -            157 1370304at2759        -            482     4e-33  104.8   0.1   1   1     3e-33   4.8e-33  104.5   0.1     1   130     3   156     3   157 0.82 -
1370304at2759_418867_1:000040|NODE_1622_length_12253_cov_75.026445:7308-7656  -            117 1370304at2759        -            482   9.6e-27   83.7   0.1   1   1   7.1e-27   1.1e-26   83.5   0.1     1    94     1   111     1   117 0.82 -
#
# Program:         hmmsearch
# Version:         3.1b2 (February 2015)
# Pipeline mode:   SEARCH
# Query file:      mb_downloads/eukaryota_odb10/hmms/1370304at2759.hmm
# Target file:     -
# Option settings: /opt/conda/envs/compleasm/bin/hmmsearch --domtblout compleasm/eukaryota_odb10/hmmer_output/1370304at2759.out --cpu 1 mb_downloads/eukaryota_odb10/hmms/1370304at2759.hmm - 
# Current dir:     /in
# Date:            Tue Oct 22 12:39:36 2024
# [ok]
