#                                                                                                                                    --- full sequence --- -------------- this domain -------------   hmm coord   ali coord   env coord
# target name                                                                accession   tlen query name           accession   qlen   E-value  score  bias   #  of  c-Evalue  i-Evalue  score  bias  from    to  from    to  from    to  acc description of target
#                                                        ------------------- ---------- ----- -------------------- ---------- ----- --------- ------ ----- --- --- --------- --------- ------ ----- ----- ----- ----- ----- ----- ----- ---- ---------------------
1370285at2759_109280_0:003f9e|NODE_36_length_46386_cov_71.350364:36213-39525 -            674 1370285at2759        -            439   2.1e-51  163.5  25.7   1   3   7.6e-41   1.3e-40  127.9  15.9     1   261     2   300     2   304 0.81 -
1370285at2759_109280_0:003f9e|NODE_36_length_46386_cov_71.350364:36213-39525 -            674 1370285at2759        -            439   2.1e-51  163.5  25.7   2   3     1e-12   1.8e-12   35.2   0.1   263   309   323   369   320   373 0.96 -
1370285at2759_109280_0:003f9e|NODE_36_length_46386_cov_71.350364:36213-39525 -            674 1370285at2759        -            439   2.1e-51  163.5  25.7   3   3    0.0077     0.013    2.7   0.3   371   411   509   550   442   557 0.73 -
1370285at2759_10228_0:002b58|NODE_36_length_46386_cov_71.350364:36210-39525  -            675 1370285at2759        -            439   2.1e-51  163.5  25.7   1   3   7.7e-41   1.3e-40  127.9  15.9     1   261     3   301     3   305 0.81 -
1370285at2759_10228_0:002b58|NODE_36_length_46386_cov_71.350364:36210-39525  -            675 1370285at2759        -            439   2.1e-51  163.5  25.7   2   3     1e-12   1.8e-12   35.2   0.1   263   309   324   370   321   374 0.96 -
1370285at2759_10228_0:002b58|NODE_36_length_46386_cov_71.350364:36210-39525  -            675 1370285at2759        -            439   2.1e-51  163.5  25.7   3   3    0.0077     0.013    2.7   0.3   371   411   510   551   443   558 0.73 -
1370285at2759_352472_1:002fee|NODE_36_length_46386_cov_71.350364:36210-39468 -            660 1370285at2759        -            439   1.6e-50  160.7  26.2   1   3   6.1e-40   1.1e-39  125.0  16.3     1   261     3   304     3   307 0.80 -
1370285at2759_352472_1:002fee|NODE_36_length_46386_cov_71.350364:36210-39468 -            660 1370285at2759        -            439   1.6e-50  160.7  26.2   2   3     1e-12   1.8e-12   35.3   0.1   263   309   327   373   324   377 0.96 -
1370285at2759_352472_1:002fee|NODE_36_length_46386_cov_71.350364:36210-39468 -            660 1370285at2759        -            439   1.6e-50  160.7  26.2   3   3    0.0075     0.013    2.7   0.3   371   411   513   554   446   561 0.73 -
1370285at2759_5786_1:002d0f|NODE_36_length_46386_cov_71.350364:38180-39468   -            419 1370285at2759        -            439   2.4e-37  117.2   5.0   1   3     2e-25   3.4e-25   77.1   0.0   199   261     1    63     1    67 0.97 -
1370285at2759_5786_1:002d0f|NODE_36_length_46386_cov_71.350364:38180-39468   -            419 1370285at2759        -            439   2.4e-37  117.2   5.0   2   3   5.6e-13   9.7e-13   36.1   0.1   263   309    86   132    83   136 0.96 -
1370285at2759_5786_1:002d0f|NODE_36_length_46386_cov_71.350364:38180-39468   -            419 1370285at2759        -            439   2.4e-37  117.2   5.0   3   3    0.0044    0.0076    3.5   0.5   371   411   272   313   210   321 0.73 -
#
# Program:         hmmsearch
# Version:         3.1b2 (February 2015)
# Pipeline mode:   SEARCH
# Query file:      mb_downloads/eukaryota_odb10/hmms/1370285at2759.hmm
# Target file:     -
# Option settings: /opt/conda/envs/compleasm/bin/hmmsearch --domtblout compleasm/eukaryota_odb10/hmmer_output/1370285at2759.out --cpu 1 mb_downloads/eukaryota_odb10/hmms/1370285at2759.hmm - 
# Current dir:     /in
# Date:            Tue Oct 22 12:40:30 2024
# [ok]
