#                                                                                                                                    --- full sequence --- -------------- this domain -------------   hmm coord   ali coord   env coord
# target name                                                                accession   tlen query name           accession   qlen   E-value  score  bias   #  of  c-Evalue  i-Evalue  score  bias  from    to  from    to  from    to  acc description of target
#                                                        ------------------- ---------- ----- -------------------- ---------- ----- --------- ------ ----- --- --- --------- --------- ------ ----- ----- ----- ----- ----- ----- ----- ---- ---------------------
1377237at2759_6945_0:00017d|NODE_4713_length_8505_cov_63.720218:3908-4557    -            205 1377237at2759        -            154   5.8e-40  130.2   2.0   1   1   1.4e-38   1.4e-38  125.7   2.0     5   141     5   183     1   195 0.77 -
1377237at2759_103695_0:000f63|NODE_4713_length_8505_cov_63.720218:3908-4500  -            186 1377237at2759        -            154     8e-40  129.7   2.5   1   1     2e-38     2e-38  125.1   2.5     5   137     5   174     1   186 0.78 -
1377237at2759_113540_0:003a57|NODE_4713_length_8505_cov_63.720218:3908-4500  -            186 1377237at2759        -            154     8e-40  129.7   2.5   1   1     2e-38     2e-38  125.1   2.5     5   137     5   174     1   186 0.78 -
1377237at2759_146911_0:0049ae|NODE_4713_length_8505_cov_63.720218:3908-4500  -            186 1377237at2759        -            154     8e-40  129.7   2.5   1   1     2e-38     2e-38  125.1   2.5     5   137     5   174     1   186 0.78 -
1377237at2759_150288_0:003890|NODE_4713_length_8505_cov_63.720218:3908-4500  -            186 1377237at2759        -            154     8e-40  129.7   2.5   1   1     2e-38     2e-38  125.1   2.5     5   137     5   174     1   186 0.78 -
1377237at2759_2015173_0:0022ec|NODE_4713_length_8505_cov_63.720218:3908-4500 -            186 1377237at2759        -            154     8e-40  129.7   2.5   1   1     2e-38     2e-38  125.1   2.5     5   137     5   174     1   186 0.78 -
1377237at2759_218467_0:0003e2|NODE_4713_length_8505_cov_63.720218:3908-4500  -            186 1377237at2759        -            154     8e-40  129.7   2.5   1   1     2e-38     2e-38  125.1   2.5     5   137     5   174     1   186 0.78 -
1377237at2759_28377_0:0010a3|NODE_4713_length_8505_cov_63.720218:3908-4500   -            186 1377237at2759        -            154     8e-40  129.7   2.5   1   1     2e-38     2e-38  125.1   2.5     5   137     5   174     1   186 0.78 -
1377237at2759_381198_0:0002bf|NODE_4713_length_8505_cov_63.720218:3908-4500  -            186 1377237at2759        -            154     8e-40  129.7   2.5   1   1     2e-38     2e-38  125.1   2.5     5   137     5   174     1   186 0.78 -
1377237at2759_400682_0:00107a|NODE_4713_length_8505_cov_63.720218:3908-4500  -            186 1377237at2759        -            154     8e-40  129.7   2.5   1   1     2e-38     2e-38  125.1   2.5     5   137     5   174     1   186 0.78 -
1377237at2759_42514_0:000bbd|NODE_4713_length_8505_cov_63.720218:3908-4500   -            186 1377237at2759        -            154     8e-40  129.7   2.5   1   1     2e-38     2e-38  125.1   2.5     5   137     5   174     1   186 0.78 -
1377237at2759_57068_0:0023b9|NODE_4713_length_8505_cov_63.720218:3908-4500   -            186 1377237at2759        -            154     8e-40  129.7   2.5   1   1     2e-38     2e-38  125.1   2.5     5   137     5   174     1   186 0.78 -
1377237at2759_6239_0:001f56|NODE_4713_length_8505_cov_63.720218:3908-4500    -            186 1377237at2759        -            154     8e-40  129.7   2.5   1   1     2e-38     2e-38  125.1   2.5     5   137     5   174     1   186 0.78 -
1377237at2759_79782_0:002462|NODE_4713_length_8505_cov_63.720218:3908-4500   -            186 1377237at2759        -            154     8e-40  129.7   2.5   1   1     2e-38     2e-38  125.1   2.5     5   137     5   174     1   186 0.78 -
1377237at2759_7994_0:00376e|NODE_4713_length_8505_cov_63.720218:3908-4500    -            186 1377237at2759        -            154     8e-40  129.7   2.5   1   1     2e-38     2e-38  125.1   2.5     5   137     5   174     1   186 0.78 -
1377237at2759_8496_0:003da2|NODE_4713_length_8505_cov_63.720218:3908-4500    -            186 1377237at2759        -            154     8e-40  129.7   2.5   1   1     2e-38     2e-38  125.1   2.5     5   137     5   174     1   186 0.78 -
1377237at2759_8897_0:002539|NODE_4713_length_8505_cov_63.720218:3908-4500    -            186 1377237at2759        -            154     8e-40  129.7   2.5   1   1     2e-38     2e-38  125.1   2.5     5   137     5   174     1   186 0.78 -
1377237at2759_8996_0:000107|NODE_4713_length_8505_cov_63.720218:3908-4500    -            186 1377237at2759        -            154     8e-40  129.7   2.5   1   1     2e-38     2e-38  125.1   2.5     5   137     5   174     1   186 0.78 -
1377237at2759_9103_0:0000ff|NODE_4713_length_8505_cov_63.720218:3908-4500    -            186 1377237at2759        -            154     8e-40  129.7   2.5   1   1     2e-38     2e-38  125.1   2.5     5   137     5   174     1   186 0.78 -
1377237at2759_116153_0:002cfa|NODE_4713_length_8505_cov_63.720218:3908-4596  -            217 1377237at2759        -            154   8.2e-40  129.7   2.2   1   1   1.9e-38   1.9e-38  125.3   2.2     5   141     5   183     1   195 0.77 -
1377237at2759_121845_0:0011c2|NODE_4713_length_8505_cov_63.720218:3908-4596  -            217 1377237at2759        -            154   8.2e-40  129.7   2.2   1   1   1.9e-38   1.9e-38  125.3   2.2     5   141     5   183     1   195 0.77 -
1377237at2759_32264_0:002923|NODE_4713_length_8505_cov_63.720218:3908-4596   -            217 1377237at2759        -            154   8.2e-40  129.7   2.2   1   1   1.9e-38   1.9e-38  125.3   2.2     5   141     5   183     1   195 0.77 -
1377237at2759_38123_0:00303f|NODE_4713_length_8505_cov_63.720218:3908-4596   -            217 1377237at2759        -            154   8.2e-40  129.7   2.2   1   1   1.9e-38   1.9e-38  125.3   2.2     5   141     5   183     1   195 0.77 -
1377237at2759_69319_0:000c4a|NODE_4713_length_8505_cov_63.720218:3908-4596   -            217 1377237at2759        -            154   8.2e-40  129.7   2.2   1   1   1.9e-38   1.9e-38  125.3   2.2     5   141     5   183     1   195 0.77 -
1377237at2759_13037_0:00066f|NODE_4713_length_8505_cov_63.720218:3917-4554   -            201 1377237at2759        -            154   8.5e-40  129.6   2.2   1   1   2.1e-38   2.1e-38  125.1   2.2     5   141     2   180     1   192 0.77 -
1377237at2759_69820_0:002a0d|NODE_4713_length_8505_cov_63.720218:3917-4554   -            201 1377237at2759        -            154   8.5e-40  129.6   2.2   1   1   2.1e-38   2.1e-38  125.1   2.2     5   141     2   180     1   192 0.77 -
1377237at2759_77166_0:0019ee|NODE_4713_length_8505_cov_63.720218:3911-4503   -            186 1377237at2759        -            154     9e-40  129.5   2.6   1   1   2.8e-38   2.8e-38  124.7   2.6     5   137     4   173     2   185 0.78 -
1377237at2759_118200_0:0004fe|NODE_4713_length_8505_cov_63.720218:3908-4497  -            185 1377237at2759        -            154   9.3e-40  129.5   2.4   1   1   2.4e-38   2.4e-38  124.9   2.4     5   137     5   174     1   185 0.78 -
1377237at2759_126957_0:001f51|NODE_4713_length_8505_cov_63.720218:3908-4497  -            185 1377237at2759        -            154   9.3e-40  129.5   2.4   1   1   2.4e-38   2.4e-38  124.9   2.4     5   137     5   174     1   185 0.78 -
1377237at2759_28612_0:004546|NODE_4713_length_8505_cov_63.720218:3908-4497   -            185 1377237at2759        -            154   9.3e-40  129.5   2.4   1   1   2.4e-38   2.4e-38  124.9   2.4     5   137     5   174     1   185 0.78 -
1377237at2759_64459_0:000d14|NODE_4713_length_8505_cov_63.720218:3911-4587   -            214 1377237at2759        -            154   9.5e-40  129.5   2.3   1   1   2.4e-38   2.4e-38  124.9   2.3     5   141     4   182     2   194 0.77 -
1377237at2759_104421_0:002a60|NODE_4713_length_8505_cov_63.720218:3911-4500  -            185 1377237at2759        -            154   9.7e-40  129.4   2.6   1   1   2.8e-38   2.8e-38  124.7   2.6     5   137     4   173     2   185 0.78 -
1377237at2759_1049336_0:00145f|NODE_4713_length_8505_cov_63.720218:3911-4500 -            185 1377237at2759        -            154   9.7e-40  129.4   2.6   1   1   2.8e-38   2.8e-38  124.7   2.6     5   137     4   173     2   185 0.78 -
1377237at2759_121225_0:000b60|NODE_4713_length_8505_cov_63.720218:3911-4500  -            185 1377237at2759        -            154   9.7e-40  129.4   2.6   1   1   2.8e-38   2.8e-38  124.7   2.6     5   137     4   173     2   185 0.78 -
1377237at2759_132113_0:00275f|NODE_4713_length_8505_cov_63.720218:3911-4500  -            185 1377237at2759        -            154   9.7e-40  129.4   2.6   1   1   2.8e-38   2.8e-38  124.7   2.6     5   137     4   173     2   185 0.78 -
1377237at2759_133901_0:00084c|NODE_4713_length_8505_cov_63.720218:3911-4500  -            185 1377237at2759        -            154   9.7e-40  129.4   2.6   1   1   2.8e-38   2.8e-38  124.7   2.6     5   137     4   173     2   185 0.78 -
1377237at2759_143995_0:001a97|NODE_4713_length_8505_cov_63.720218:3911-4500  -            185 1377237at2759        -            154   9.7e-40  129.4   2.6   1   1   2.8e-38   2.8e-38  124.7   2.6     5   137     4   173     2   185 0.78 -
1377237at2759_144034_0:002721|NODE_4713_length_8505_cov_63.720218:3911-4500  -            185 1377237at2759        -            154   9.7e-40  129.4   2.6   1   1   2.8e-38   2.8e-38  124.7   2.6     5   137     4   173     2   185 0.78 -
1377237at2759_1507135_0:0023f2|NODE_4713_length_8505_cov_63.720218:3911-4500 -            185 1377237at2759        -            154   9.7e-40  129.4   2.6   1   1   2.8e-38   2.8e-38  124.7   2.6     5   137     4   173     2   185 0.78 -
1377237at2759_156304_0:002368|NODE_4713_length_8505_cov_63.720218:3911-4500  -            185 1377237at2759        -            154   9.7e-40  129.4   2.6   1   1   2.8e-38   2.8e-38  124.7   2.6     5   137     4   173     2   185 0.78 -
1377237at2759_166423_0:001e77|NODE_4713_length_8505_cov_63.720218:3911-4500  -            185 1377237at2759        -            154   9.7e-40  129.4   2.6   1   1   2.8e-38   2.8e-38  124.7   2.6     5   137     4   173     2   185 0.78 -
1377237at2759_176057_0:002913|NODE_4713_length_8505_cov_63.720218:3911-4500  -            185 1377237at2759        -            154   9.7e-40  129.4   2.6   1   1   2.8e-38   2.8e-38  124.7   2.6     5   137     4   173     2   185 0.78 -
1377237at2759_178035_0:000ae1|NODE_4713_length_8505_cov_63.720218:3911-4500  -            185 1377237at2759        -            154   9.7e-40  129.4   2.6   1   1   2.8e-38   2.8e-38  124.7   2.6     5   137     4   173     2   185 0.78 -
1377237at2759_211228_0:001754|NODE_4713_length_8505_cov_63.720218:3911-4500  -            185 1377237at2759        -            154   9.7e-40  129.4   2.6   1   1   2.8e-38   2.8e-38  124.7   2.6     5   137     4   173     2   185 0.78 -
1377237at2759_219809_0:00050a|NODE_4713_length_8505_cov_63.720218:3911-4500  -            185 1377237at2759        -            154   9.7e-40  129.4   2.6   1   1   2.8e-38   2.8e-38  124.7   2.6     5   137     4   173     2   185 0.78 -
1377237at2759_222816_0:001e6b|NODE_4713_length_8505_cov_63.720218:3911-4500  -            185 1377237at2759        -            154   9.7e-40  129.4   2.6   1   1   2.8e-38   2.8e-38  124.7   2.6     5   137     4   173     2   185 0.78 -
1377237at2759_286306_0:001b25|NODE_4713_length_8505_cov_63.720218:3911-4500  -            185 1377237at2759        -            154   9.7e-40  129.4   2.6   1   1   2.8e-38   2.8e-38  124.7   2.6     5   137     4   173     2   185 0.78 -
1377237at2759_29031_0:001632|NODE_4713_length_8505_cov_63.720218:3911-4500   -            185 1377237at2759        -            154   9.7e-40  129.4   2.6   1   1   2.8e-38   2.8e-38  124.7   2.6     5   137     4   173     2   185 0.78 -
1377237at2759_307658_0:001aad|NODE_4713_length_8505_cov_63.720218:3911-4500  -            185 1377237at2759        -            154   9.7e-40  129.4   2.6   1   1   2.8e-38   2.8e-38  124.7   2.6     5   137     4   173     2   185 0.78 -
1377237at2759_34720_0:0018ec|NODE_4713_length_8505_cov_63.720218:3911-4500   -            185 1377237at2759        -            154   9.7e-40  129.4   2.6   1   1   2.8e-38   2.8e-38  124.7   2.6     5   137     4   173     2   185 0.78 -
1377237at2759_37344_0:002476|NODE_4713_length_8505_cov_63.720218:3911-4500   -            185 1377237at2759        -            154   9.7e-40  129.4   2.6   1   1   2.8e-38   2.8e-38  124.7   2.6     5   137     4   173     2   185 0.78 -
1377237at2759_378494_0:002a61|NODE_4713_length_8505_cov_63.720218:3911-4500  -            185 1377237at2759        -            154   9.7e-40  129.4   2.6   1   1   2.8e-38   2.8e-38  124.7   2.6     5   137     4   173     2   185 0.78 -
1377237at2759_441921_0:001e59|NODE_4713_length_8505_cov_63.720218:3911-4500  -            185 1377237at2759        -            154   9.7e-40  129.4   2.6   1   1   2.8e-38   2.8e-38  124.7   2.6     5   137     4   173     2   185 0.78 -
1377237at2759_454923_0:0024d2|NODE_4713_length_8505_cov_63.720218:3911-4500  -            185 1377237at2759        -            154   9.7e-40  129.4   2.6   1   1   2.8e-38   2.8e-38  124.7   2.6     5   137     4   173     2   185 0.78 -
1377237at2759_456900_0:001aa1|NODE_4713_length_8505_cov_63.720218:3911-4500  -            185 1377237at2759        -            154   9.7e-40  129.4   2.6   1   1   2.8e-38   2.8e-38  124.7   2.6     5   137     4   173     2   185 0.78 -
1377237at2759_51031_0:0044bd|NODE_4713_length_8505_cov_63.720218:3911-4500   -            185 1377237at2759        -            154   9.7e-40  129.4   2.6   1   1   2.8e-38   2.8e-38  124.7   2.6     5   137     4   173     2   185 0.78 -
1377237at2759_535359_0:0009f6|NODE_4713_length_8505_cov_63.720218:3911-4500  -            185 1377237at2759        -            154   9.7e-40  129.4   2.6   1   1   2.8e-38   2.8e-38  124.7   2.6     5   137     4   173     2   185 0.78 -
1377237at2759_56086_0:00135c|NODE_4713_length_8505_cov_63.720218:3911-4500   -            185 1377237at2759        -            154   9.7e-40  129.4   2.6   1   1   2.8e-38   2.8e-38  124.7   2.6     5   137     4   173     2   185 0.78 -
1377237at2759_597456_0:000778|NODE_4713_length_8505_cov_63.720218:3911-4500  -            185 1377237at2759        -            154   9.7e-40  129.4   2.6   1   1   2.8e-38   2.8e-38  124.7   2.6     5   137     4   173     2   185 0.78 -
1377237at2759_609295_0:00246c|NODE_4713_length_8505_cov_63.720218:3911-4500  -            185 1377237at2759        -            154   9.7e-40  129.4   2.6   1   1   2.8e-38   2.8e-38  124.7   2.6     5   137     4   173     2   185 0.78 -
1377237at2759_609295_0:00264c|NODE_4713_length_8505_cov_63.720218:3911-4500  -            185 1377237at2759        -            154   9.7e-40  129.4   2.6   1   1   2.8e-38   2.8e-38  124.7   2.6     5   137     4   173     2   185 0.78 -
1377237at2759_610380_0:000f4f|NODE_4713_length_8505_cov_63.720218:3911-4500  -            185 1377237at2759        -            154   9.7e-40  129.4   2.6   1   1   2.8e-38   2.8e-38  124.7   2.6     5   137     4   173     2   185 0.78 -
1377237at2759_64793_0:00115e|NODE_4713_length_8505_cov_63.720218:3911-4500   -            185 1377237at2759        -            154   9.7e-40  129.4   2.6   1   1   2.8e-38   2.8e-38  124.7   2.6     5   137     4   173     2   185 0.78 -
1377237at2759_6973_0:006112|NODE_4713_length_8505_cov_63.720218:3911-4500    -            185 1377237at2759        -            154   9.7e-40  129.4   2.6   1   1   2.8e-38   2.8e-38  124.7   2.6     5   137     4   173     2   185 0.78 -
1377237at2759_7038_0:000bd3|NODE_4713_length_8505_cov_63.720218:3911-4500    -            185 1377237at2759        -            154   9.7e-40  129.4   2.6   1   1   2.8e-38   2.8e-38  124.7   2.6     5   137     4   173     2   185 0.78 -
1377237at2759_7160_0:0042d4|NODE_4713_length_8505_cov_63.720218:3911-4500    -            185 1377237at2759        -            154   9.7e-40  129.4   2.6   1   1   2.8e-38   2.8e-38  124.7   2.6     5   137     4   173     2   185 0.78 -
1377237at2759_7200_0:0007a0|NODE_4713_length_8505_cov_63.720218:3911-4500    -            185 1377237at2759        -            154   9.7e-40  129.4   2.6   1   1   2.8e-38   2.8e-38  124.7   2.6     5   137     4   173     2   185 0.78 -
1377237at2759_7425_0:001874|NODE_4713_length_8505_cov_63.720218:3911-4500    -            185 1377237at2759        -            154   9.7e-40  129.4   2.6   1   1   2.8e-38   2.8e-38  124.7   2.6     5   137     4   173     2   185 0.78 -
1377237at2759_7460_0:0024e0|NODE_4713_length_8505_cov_63.720218:3911-4500    -            185 1377237at2759        -            154   9.7e-40  129.4   2.6   1   1   2.8e-38   2.8e-38  124.7   2.6     5   137     4   173     2   185 0.78 -
1377237at2759_7493_0:002c85|NODE_4713_length_8505_cov_63.720218:3911-4500    -            185 1377237at2759        -            154   9.7e-40  129.4   2.6   1   1   2.8e-38   2.8e-38  124.7   2.6     5   137     4   173     2   185 0.78 -
1377237at2759_83485_0:000e09|NODE_4713_length_8505_cov_63.720218:3911-4500   -            185 1377237at2759        -            154   9.7e-40  129.4   2.6   1   1   2.8e-38   2.8e-38  124.7   2.6     5   137     4   173     2   185 0.78 -
1377237at2759_88501_0:000bef|NODE_4713_length_8505_cov_63.720218:3911-4500   -            185 1377237at2759        -            154   9.7e-40  129.4   2.6   1   1   2.8e-38   2.8e-38  124.7   2.6     5   137     4   173     2   185 0.78 -
1377237at2759_91411_0:00053b|NODE_4713_length_8505_cov_63.720218:3911-4500   -            185 1377237at2759        -            154   9.7e-40  129.4   2.6   1   1   2.8e-38   2.8e-38  124.7   2.6     5   137     4   173     2   185 0.78 -
1377237at2759_1041015_0:002caa|NODE_4713_length_8505_cov_63.720218:3911-4596 -            216 1377237at2759        -            154   9.9e-40  129.4   2.3   1   1   2.5e-38   2.5e-38  124.8   2.3     5   141     4   182     2   194 0.77 -
1377237at2759_125945_0:0014ff|NODE_4713_length_8505_cov_63.720218:3911-4596  -            216 1377237at2759        -            154   9.9e-40  129.4   2.3   1   1   2.5e-38   2.5e-38  124.8   2.3     5   141     4   182     2   194 0.77 -
1377237at2759_29029_0:001231|NODE_4713_length_8505_cov_63.720218:3911-4596   -            216 1377237at2759        -            154   9.9e-40  129.4   2.3   1   1   2.5e-38   2.5e-38  124.8   2.3     5   141     4   182     2   194 0.77 -
1377237at2759_29030_0:001388|NODE_4713_length_8505_cov_63.720218:3911-4596   -            216 1377237at2759        -            154   9.9e-40  129.4   2.3   1   1   2.5e-38   2.5e-38  124.8   2.3     5   141     4   182     2   194 0.77 -
1377237at2759_30019_0:00158a|NODE_4713_length_8505_cov_63.720218:3911-4596   -            216 1377237at2759        -            154   9.9e-40  129.4   2.3   1   1   2.5e-38   2.5e-38  124.8   2.3     5   141     4   182     2   194 0.77 -
1377237at2759_30025_0:0010c9|NODE_4713_length_8505_cov_63.720218:3911-4596   -            216 1377237at2759        -            154   9.9e-40  129.4   2.3   1   1   2.5e-38   2.5e-38  124.8   2.3     5   141     4   182     2   194 0.77 -
1377237at2759_39758_0:000b70|NODE_4713_length_8505_cov_63.720218:3911-4593   -            216 1377237at2759        -            154   9.9e-40  129.4   2.3   1   1   2.5e-38   2.5e-38  124.8   2.3     5   141     4   182     2   194 0.77 -
1377237at2759_39758_0:001895|NODE_4713_length_8505_cov_63.720218:3911-4593   -            216 1377237at2759        -            154   9.9e-40  129.4   2.3   1   1   2.5e-38   2.5e-38  124.8   2.3     5   141     4   182     2   194 0.77 -
1377237at2759_42026_0:0027c6|NODE_4713_length_8505_cov_63.720218:3911-4596   -            216 1377237at2759        -            154   9.9e-40  129.4   2.3   1   1   2.5e-38   2.5e-38  124.8   2.3     5   141     4   182     2   194 0.77 -
1377237at2759_7220_0:0005b0|NODE_4713_length_8505_cov_63.720218:3911-4596    -            216 1377237at2759        -            154   9.9e-40  129.4   2.3   1   1   2.5e-38   2.5e-38  124.8   2.3     5   141     4   182     2   194 0.77 -
1377237at2759_7222_0:0022b0|NODE_4713_length_8505_cov_63.720218:3911-4596    -            216 1377237at2759        -            154   9.9e-40  129.4   2.3   1   1   2.5e-38   2.5e-38  124.8   2.3     5   141     4   182     2   194 0.77 -
1377237at2759_7224_0:000e15|NODE_4713_length_8505_cov_63.720218:3911-4596    -            216 1377237at2759        -            154   9.9e-40  129.4   2.3   1   1   2.5e-38   2.5e-38  124.8   2.3     5   141     4   182     2   194 0.77 -
1377237at2759_7227_0:003442|NODE_4713_length_8505_cov_63.720218:3911-4596    -            216 1377237at2759        -            154   9.9e-40  129.4   2.3   1   1   2.5e-38   2.5e-38  124.8   2.3     5   141     4   182     2   194 0.77 -
1377237at2759_7230_0:0000e5|NODE_4713_length_8505_cov_63.720218:3911-4596    -            216 1377237at2759        -            154   9.9e-40  129.4   2.3   1   1   2.5e-38   2.5e-38  124.8   2.3     5   141     4   182     2   194 0.77 -
1377237at2759_7244_0:0020a7|NODE_4713_length_8505_cov_63.720218:3911-4596    -            216 1377237at2759        -            154   9.9e-40  129.4   2.3   1   1   2.5e-38   2.5e-38  124.8   2.3     5   141     4   182     2   194 0.77 -
1377237at2759_7260_0:002735|NODE_4713_length_8505_cov_63.720218:3911-4596    -            216 1377237at2759        -            154   9.9e-40  129.4   2.3   1   1   2.5e-38   2.5e-38  124.8   2.3     5   141     4   182     2   194 0.77 -
1377237at2759_7274_0:0022fb|NODE_4713_length_8505_cov_63.720218:3911-4596    -            216 1377237at2759        -            154   9.9e-40  129.4   2.3   1   1   2.5e-38   2.5e-38  124.8   2.3     5   141     4   182     2   194 0.77 -
1377237at2759_7282_0:002d44|NODE_4713_length_8505_cov_63.720218:3911-4596    -            216 1377237at2759        -            154   9.9e-40  129.4   2.3   1   1   2.5e-38   2.5e-38  124.8   2.3     5   141     4   182     2   194 0.77 -
1377237at2759_6210_0:0019a0|NODE_4713_length_8505_cov_63.720218:3656-4596    -            249 1377237at2759        -            154   1.1e-39  129.2   1.8   1   1   2.4e-38   2.4e-38  124.9   1.8     5   141    37   215    33   227 0.77 -
1377237at2759_110193_0:000ceb|NODE_4713_length_8505_cov_63.720218:3911-4497  -            184 1377237at2759        -            154   1.2e-39  129.1   2.7   1   1   3.5e-38   3.5e-38  124.4   2.7     5   137     4   173     2   184 0.78 -
1377237at2759_224129_0:0006f0|NODE_4713_length_8505_cov_63.720218:3911-4497  -            184 1377237at2759        -            154   1.2e-39  129.1   2.7   1   1   3.5e-38   3.5e-38  124.4   2.7     5   137     4   173     2   184 0.78 -
1377237at2759_37001_0:00037e|NODE_4713_length_8505_cov_63.720218:3911-4497   -            184 1377237at2759        -            154   1.2e-39  129.1   2.7   1   1   3.5e-38   3.5e-38  124.4   2.7     5   137     4   173     2   184 0.78 -
1377237at2759_7397_0:0041e8|NODE_4713_length_8505_cov_63.720218:3911-4497    -            184 1377237at2759        -            154   1.2e-39  129.1   2.7   1   1   3.5e-38   3.5e-38  124.4   2.7     5   137     4   173     2   184 0.78 -
1377237at2759_1754191_1:000d1d|NODE_4713_length_8505_cov_63.720218:3920-4527 -            191 1377237at2759        -            154   1.3e-39  129.0   2.5   1   1   3.5e-38   3.5e-38  124.4   2.5     6   138     2   171     1   188 0.77 -
1377237at2759_123851_0:000170|NODE_4713_length_8505_cov_63.720218:3908-4479  -            179 1377237at2759        -            154   1.6e-39  128.8   2.8   1   1   4.6e-38   4.6e-38  124.0   2.8     5   133     5   170     1   178 0.80 -
1377237at2759_764103_1:000e63|NODE_4713_length_8505_cov_63.720218:3908-4479  -            179 1377237at2759        -            154   1.6e-39  128.8   2.8   1   1   4.6e-38   4.6e-38  124.0   2.8     5   133     5   170     1   178 0.80 -
1377237at2759_217634_0:001d96|NODE_4713_length_8505_cov_63.720218:3911-4479  -            178 1377237at2759        -            154   1.6e-39  128.7   2.7   1   1   5.2e-38   5.2e-38  123.8   2.7     5   133     4   169     2   177 0.80 -
1377237at2759_35570_0:001ac6|NODE_4713_length_8505_cov_63.720218:3911-4479   -            178 1377237at2759        -            154   1.6e-39  128.7   2.7   1   1   5.2e-38   5.2e-38  123.8   2.7     5   133     4   169     2   177 0.80 -
1377237at2759_7004_0:004475|NODE_4713_length_8505_cov_63.720218:3911-4479    -            178 1377237at2759        -            154   1.6e-39  128.7   2.7   1   1   5.2e-38   5.2e-38  123.8   2.7     5   133     4   169     2   177 0.80 -
1377237at2759_7070_0:001058|NODE_4713_length_8505_cov_63.720218:3911-4479    -            178 1377237at2759        -            154   1.6e-39  128.7   2.7   1   1   5.2e-38   5.2e-38  123.8   2.7     5   133     4   169     2   177 0.80 -
1377237at2759_7370_0:0037cc|NODE_4713_length_8505_cov_63.720218:3911-4479    -            178 1377237at2759        -            154   1.6e-39  128.7   2.7   1   1   5.2e-38   5.2e-38  123.8   2.7     5   133     4   169     2   177 0.80 -
1377237at2759_7539_0:00135b|NODE_4713_length_8505_cov_63.720218:3911-4479    -            178 1377237at2759        -            154   1.6e-39  128.7   2.7   1   1   5.2e-38   5.2e-38  123.8   2.7     5   133     4   169     2   177 0.80 -
1377237at2759_128390_0:001f1e|NODE_4713_length_8505_cov_63.720218:3920-4500  -            182 1377237at2759        -            154   1.9e-39  128.5   2.8   1   1     5e-38     5e-38  123.9   2.8     6   137     2   170     1   182 0.78 -
1377237at2759_13735_0:002552|NODE_4713_length_8505_cov_63.720218:3920-4500   -            182 1377237at2759        -            154   1.9e-39  128.5   2.8   1   1     5e-38     5e-38  123.9   2.8     6   137     2   170     1   182 0.78 -
1377237at2759_1415176_0:00201c|NODE_4713_length_8505_cov_63.720218:3920-4500 -            182 1377237at2759        -            154   1.9e-39  128.5   2.8   1   1     5e-38     5e-38  123.9   2.8     6   137     2   170     1   182 0.78 -
1377237at2759_156563_0:0004ec|NODE_4713_length_8505_cov_63.720218:3920-4500  -            182 1377237at2759        -            154   1.9e-39  128.5   2.8   1   1     5e-38     5e-38  123.9   2.8     6   137     2   170     1   182 0.78 -
1377237at2759_1676925_0:002def|NODE_4713_length_8505_cov_63.720218:3920-4500 -            182 1377237at2759        -            154   1.9e-39  128.5   2.8   1   1     5e-38     5e-38  123.9   2.8     6   137     2   170     1   182 0.78 -
1377237at2759_187382_0:002c09|NODE_4713_length_8505_cov_63.720218:3920-4500  -            182 1377237at2759        -            154   1.9e-39  128.5   2.8   1   1     5e-38     5e-38  123.9   2.8     6   137     2   170     1   182 0.78 -
1377237at2759_188379_0:001a8f|NODE_4713_length_8505_cov_63.720218:3920-4500  -            182 1377237at2759        -            154   1.9e-39  128.5   2.8   1   1     5e-38     5e-38  123.9   2.8     6   137     2   170     1   182 0.78 -
1377237at2759_299123_0:003092|NODE_4713_length_8505_cov_63.720218:3920-4500  -            182 1377237at2759        -            154   1.9e-39  128.5   2.8   1   1     5e-38     5e-38  123.9   2.8     6   137     2   170     1   182 0.78 -
1377237at2759_30732_0:000a38|NODE_4713_length_8505_cov_63.720218:3920-4500   -            182 1377237at2759        -            154   1.9e-39  128.5   2.8   1   1     5e-38     5e-38  123.9   2.8     6   137     2   170     1   182 0.78 -
1377237at2759_345164_0:00059e|NODE_4713_length_8505_cov_63.720218:3920-4500  -            182 1377237at2759        -            154   1.9e-39  128.5   2.8   1   1     5e-38     5e-38  123.9   2.8     6   137     2   170     1   182 0.78 -
1377237at2759_441894_0:001c13|NODE_4713_length_8505_cov_63.720218:3920-4500  -            182 1377237at2759        -            154   1.9e-39  128.5   2.8   1   1     5e-38     5e-38  123.9   2.8     6   137     2   170     1   182 0.78 -
1377237at2759_44394_0:002989|NODE_4713_length_8505_cov_63.720218:3920-4500   -            182 1377237at2759        -            154   1.9e-39  128.5   2.8   1   1     5e-38     5e-38  123.9   2.8     6   137     2   170     1   182 0.78 -
1377237at2759_48883_0:000f46|NODE_4713_length_8505_cov_63.720218:3920-4500   -            182 1377237at2759        -            154   1.9e-39  128.5   2.8   1   1     5e-38     5e-38  123.9   2.8     6   137     2   170     1   182 0.78 -
1377237at2759_50402_0:00311d|NODE_4713_length_8505_cov_63.720218:3920-4500   -            182 1377237at2759        -            154   1.9e-39  128.5   2.8   1   1     5e-38     5e-38  123.9   2.8     6   137     2   170     1   182 0.78 -
1377237at2759_54383_0:001d05|NODE_4713_length_8505_cov_63.720218:3920-4500   -            182 1377237at2759        -            154   1.9e-39  128.5   2.8   1   1     5e-38     5e-38  123.9   2.8     6   137     2   170     1   182 0.78 -
1377237at2759_6669_0:001f99|NODE_4713_length_8505_cov_63.720218:3920-4500    -            182 1377237at2759        -            154   1.9e-39  128.5   2.8   1   1     5e-38     5e-38  123.9   2.8     6   137     2   170     1   182 0.78 -
1377237at2759_7918_0:000ea6|NODE_4713_length_8505_cov_63.720218:3920-4500    -            182 1377237at2759        -            154   1.9e-39  128.5   2.8   1   1     5e-38     5e-38  123.9   2.8     6   137     2   170     1   182 0.78 -
1377237at2759_8469_0:001ef1|NODE_4713_length_8505_cov_63.720218:3920-4500    -            182 1377237at2759        -            154   1.9e-39  128.5   2.8   1   1     5e-38     5e-38  123.9   2.8     6   137     2   170     1   182 0.78 -
1377237at2759_9238_0:00047b|NODE_4713_length_8505_cov_63.720218:3920-4500    -            182 1377237at2759        -            154   1.9e-39  128.5   2.8   1   1     5e-38     5e-38  123.9   2.8     6   137     2   170     1   182 0.78 -
1377237at2759_94827_0:002de1|NODE_4713_length_8505_cov_63.720218:3920-4500   -            182 1377237at2759        -            154   1.9e-39  128.5   2.8   1   1     5e-38     5e-38  123.9   2.8     6   137     2   170     1   182 0.78 -
1377237at2759_51655_0:002ed3|NODE_4713_length_8505_cov_63.720218:3917-4479   -            176 1377237at2759        -            154     2e-39  128.4   2.7   1   1   6.2e-38   6.2e-38  123.6   2.7     5   133     2   167     1   175 0.80 -
1377237at2759_37621_0:003820|NODE_4713_length_8505_cov_63.720218:3923-4509   -            184 1377237at2759        -            154   2.2e-39  128.3   2.7   1   1   6.3e-38   6.3e-38  123.5   2.7     7   137     2   169     1   183 0.77 -
1377237at2759_104688_0:00207d|NODE_4713_length_8505_cov_63.720218:3923-4596  -            212 1377237at2759        -            154   2.3e-39  128.2   2.1   1   1   5.3e-38   5.3e-38  123.8   2.1     7   141     2   178     1   190 0.77 -
1377237at2759_28612_0:005138|NODE_4713_length_8505_cov_63.720218:3923-4596   -            212 1377237at2759        -            154   2.3e-39  128.2   2.1   1   1   5.3e-38   5.3e-38  123.8   2.1     7   141     2   178     1   190 0.77 -
1377237at2759_35525_0:00208c|NODE_4713_length_8505_cov_63.720218:3923-4593   -            212 1377237at2759        -            154   2.3e-39  128.2   2.1   1   1   5.3e-38   5.3e-38  123.8   2.1     7   141     2   178     1   190 0.77 -
1377237at2759_6565_0:00463b|NODE_4713_length_8505_cov_63.720218:3695-4479    -            198 1377237at2759        -            154   2.3e-39  128.2   2.6   1   1     6e-38     6e-38  123.6   2.6     5   133    24   189    20   197 0.80 -
1377237at2759_29159_0:004677|NODE_4713_length_8505_cov_63.720218:3593-4479   -            232 1377237at2759        -            154   2.7e-39  128.0   2.1   1   1   7.3e-38   7.3e-38  123.3   2.1     5   133    58   223    54   231 0.80 -
1377237at2759_112268_0:00064f|NODE_4713_length_8505_cov_63.720218:3923-4500  -            181 1377237at2759        -            154   2.8e-39  128.0   2.8   1   1   7.3e-38   7.3e-38  123.3   2.8     7   137     2   169     1   181 0.77 -
1377237at2759_13686_0:001273|NODE_4713_length_8505_cov_63.720218:3923-4500   -            181 1377237at2759        -            154   2.8e-39  128.0   2.8   1   1   7.3e-38   7.3e-38  123.3   2.8     7   137     2   169     1   181 0.77 -
1377237at2759_411798_0:0035d2|NODE_4713_length_8505_cov_63.720218:3923-4500  -            181 1377237at2759        -            154   2.8e-39  128.0   2.8   1   1   7.3e-38   7.3e-38  123.3   2.8     7   137     2   169     1   181 0.77 -
1377237at2759_41427_0:0022de|NODE_4713_length_8505_cov_63.720218:3923-4500   -            181 1377237at2759        -            154   2.8e-39  128.0   2.8   1   1   7.3e-38   7.3e-38  123.3   2.8     7   137     2   169     1   181 0.77 -
1377237at2759_64838_0:000002|NODE_4713_length_8505_cov_63.720218:3923-4500   -            181 1377237at2759        -            154   2.8e-39  128.0   2.8   1   1   7.3e-38   7.3e-38  123.3   2.8     7   137     2   169     1   181 0.77 -
1377237at2759_7159_0:000894|NODE_4713_length_8505_cov_63.720218:3923-4500    -            181 1377237at2759        -            154   2.8e-39  128.0   2.8   1   1   7.3e-38   7.3e-38  123.3   2.8     7   137     2   169     1   181 0.77 -
1377237at2759_74873_0:000948|NODE_4713_length_8505_cov_63.720218:3923-4500   -            181 1377237at2759        -            154   2.8e-39  128.0   2.8   1   1   7.3e-38   7.3e-38  123.3   2.8     7   137     2   169     1   181 0.77 -
1377237at2759_1314771_1:003199|NODE_4713_length_8505_cov_63.720218:3920-4479 -            175 1377237at2759        -            154   2.8e-39  127.9   2.7   1   1   8.7e-38   8.7e-38  123.1   2.7     6   133     2   166     1   174 0.79 -
1377237at2759_37653_0:001cec|NODE_4713_length_8505_cov_63.720218:3635-4479   -            218 1377237at2759        -            154   3.1e-39  127.8   2.6   1   1   8.3e-38   8.4e-38  123.1   2.6     5   133    44   209    40   217 0.80 -
1377237at2759_166361_0:001ebc|NODE_4713_length_8505_cov_63.720218:3923-4497  -            180 1377237at2759        -            154   3.4e-39  127.7   2.8   1   1     9e-38   9.1e-38  123.0   2.8     7   137     2   169     1   180 0.78 -
1377237at2759_7213_0:00296e|NODE_4713_length_8505_cov_63.720218:3923-4497    -            180 1377237at2759        -            154   3.4e-39  127.7   2.8   1   1     9e-38   9.1e-38  123.0   2.8     7   137     2   169     1   180 0.78 -
1377237at2759_103944_0:0002ed|NODE_4713_length_8505_cov_63.720218:3908-4500  -            198 1377237at2759        -            154   3.9e-39  127.5   4.3   1   2     0.044     0.045    7.1   0.1     5    21     5    21     1    27 0.85 -
1377237at2759_103944_0:0002ed|NODE_4713_length_8505_cov_63.720218:3908-4500  -            198 1377237at2759        -            154   3.9e-39  127.5   4.3   2   2   1.6e-36   1.6e-36  119.0   1.6     4   137    25   186    22   198 0.74 -
1377237at2759_35019_0:003697|NODE_4713_length_8505_cov_63.720218:3908-4500   -            198 1377237at2759        -            154   3.9e-39  127.5   4.3   1   2     0.044     0.045    7.1   0.1     5    21     5    21     1    27 0.85 -
1377237at2759_35019_0:003697|NODE_4713_length_8505_cov_63.720218:3908-4500   -            198 1377237at2759        -            154   3.9e-39  127.5   4.3   2   2   1.6e-36   1.6e-36  119.0   1.6     4   137    25   186    22   198 0.74 -
1377237at2759_31234_0:001330|NODE_4713_length_8505_cov_63.720218:3908-4500   -            198 1377237at2759        -            154   4.1e-39  127.4   4.0   1   2     0.056     0.056    6.8   0.1     5    21     5    21     1    25 0.88 -
1377237at2759_31234_0:001330|NODE_4713_length_8505_cov_63.720218:3908-4500   -            198 1377237at2759        -            154   4.1e-39  127.4   4.0   2   2   1.7e-36   1.7e-36  118.9   1.4    19   137    42   186    22   198 0.74 -
1377237at2759_319348_0:00383a|NODE_4713_length_8505_cov_63.720218:3923-4479  -            174 1377237at2759        -            154   4.8e-39  127.2   2.9   1   1   1.5e-37   1.5e-37  122.4   2.9     7   133     2   165     1   173 0.79 -
1377237at2759_54969_0:002739|NODE_4713_length_8505_cov_63.720218:3923-4479   -            174 1377237at2759        -            154   4.8e-39  127.2   2.9   1   1   1.5e-37   1.5e-37  122.4   2.9     7   133     2   165     1   173 0.79 -
1377237at2759_7176_0:0027ea|NODE_4713_length_8505_cov_63.720218:3923-4479    -            174 1377237at2759        -            154   4.8e-39  127.2   2.9   1   1   1.5e-37   1.5e-37  122.4   2.9     7   133     2   165     1   173 0.79 -
1377237at2759_259920_0:003bc1|NODE_4713_length_8505_cov_63.720218:3908-4497  -            197 1377237at2759        -            154     5e-39  127.1   3.7   1   2     0.045     0.045    7.1   0.1     5    21     5    21     1    28 0.86 -
1377237at2759_259920_0:003bc1|NODE_4713_length_8505_cov_63.720218:3908-4497  -            197 1377237at2759        -            154     5e-39  127.1   3.7   2   2   2.6e-36   2.6e-36  118.3   1.2    20   137    43   186    22   197 0.77 -
1377237at2759_983644_1:000db4|NODE_4713_length_8505_cov_63.720218:3602-4596  -            279 1377237at2759        -            154   5.8e-39  126.9   2.5   1   2     0.073     0.073    6.4   0.1     5    21    55    71    51    77 0.86 -
1377237at2759_983644_1:000db4|NODE_4713_length_8505_cov_63.720218:3602-4596  -            279 1377237at2759        -            154   5.8e-39  126.9   2.5   2   2   3.4e-36   3.5e-36  117.9   0.6    20   140    93   244    77   256 0.77 -
1377237at2759_133434_0:0019b6|NODE_4713_length_8505_cov_63.720218:3908-4479  -            191 1377237at2759        -            154   6.7e-39  126.7   3.5   1   2     0.045     0.045    7.1   0.1     5    21     5    21     1    27 0.86 -
1377237at2759_133434_0:0019b6|NODE_4713_length_8505_cov_63.720218:3908-4479  -            191 1377237at2759        -            154   6.7e-39  126.7   3.5   2   2   4.5e-36   4.5e-36  117.5   1.1    20   133    43   182    23   190 0.80 -
1377237at2759_199890_0:000d10|NODE_4713_length_8505_cov_63.720218:3929-4587  -            208 1377237at2759        -            154   6.8e-39  126.7   2.3   1   1   1.6e-37   1.6e-37  122.2   2.3     9   141     2   176     1   188 0.76 -
1377237at2759_5477_1:00072a|NODE_4713_length_8505_cov_63.720218:3914-4494    -            194 1377237at2759        -            154     7e-39  126.6   4.2   1   2     0.065     0.065    6.6   0.1     5    21     3    19     1    24 0.88 -
1377237at2759_5477_1:00072a|NODE_4713_length_8505_cov_63.720218:3914-4494    -            194 1377237at2759        -            154     7e-39  126.6   4.2   2   2   2.4e-36   2.4e-36  118.4   1.4    19   137    40   184    20   193 0.75 -
1377237at2759_6412_0:0003bd|NODE_4713_length_8505_cov_63.720218:3629-4500    -            239 1377237at2759        -            154   7.5e-39  126.6   3.2   1   2      0.06      0.06    6.7   0.1     5    21    46    62    42    68 0.86 -
1377237at2759_6412_0:0003bd|NODE_4713_length_8505_cov_63.720218:3629-4500    -            239 1377237at2759        -            154   7.5e-39  126.6   3.2   2   2   3.7e-36   3.7e-36  117.8   0.9    20   137    84   227    63   239 0.77 -
1377237at2759_30069_0:001415|NODE_4713_length_8505_cov_63.720218:3929-4500   -            179 1377237at2759        -            154   8.1e-39  126.4   2.8   1   1   2.2e-37   2.2e-37  121.8   2.8     9   137     2   167     1   179 0.77 -
1377237at2759_326594_0:0019b3|NODE_4713_length_8505_cov_63.720218:3929-4500  -            179 1377237at2759        -            154   8.1e-39  126.4   2.8   1   1   2.2e-37   2.2e-37  121.8   2.8     9   137     2   167     1   179 0.77 -
1377237at2759_43041_0:001152|NODE_4713_length_8505_cov_63.720218:3929-4500   -            179 1377237at2759        -            154   8.1e-39  126.4   2.8   1   1   2.2e-37   2.2e-37  121.8   2.8     9   137     2   167     1   179 0.77 -
1377237at2759_57421_0:002707|NODE_4713_length_8505_cov_63.720218:3929-4500   -            179 1377237at2759        -            154   8.1e-39  126.4   2.8   1   1   2.2e-37   2.2e-37  121.8   2.8     9   137     2   167     1   179 0.77 -
1377237at2759_69004_0:0023d7|NODE_4713_length_8505_cov_63.720218:3929-4500   -            179 1377237at2759        -            154   8.1e-39  126.4   2.8   1   1   2.2e-37   2.2e-37  121.8   2.8     9   137     2   167     1   179 0.77 -
1377237at2759_7165_0:0011b8|NODE_4713_length_8505_cov_63.720218:3929-4500    -            179 1377237at2759        -            154   8.1e-39  126.4   2.8   1   1   2.2e-37   2.2e-37  121.8   2.8     9   137     2   167     1   179 0.77 -
1377237at2759_7168_0:001e89|NODE_4713_length_8505_cov_63.720218:3929-4500    -            179 1377237at2759        -            154   8.1e-39  126.4   2.8   1   1   2.2e-37   2.2e-37  121.8   2.8     9   137     2   167     1   179 0.77 -
1377237at2759_74869_0:002096|NODE_4713_length_8505_cov_63.720218:3929-4500   -            179 1377237at2759        -            154   8.1e-39  126.4   2.8   1   1   2.2e-37   2.2e-37  121.8   2.8     9   137     2   167     1   179 0.77 -
1377237at2759_225164_0:0050cf|NODE_4713_length_8505_cov_63.720218:3632-4479  -            231 1377237at2759        -            154   1.3e-38  125.8   3.4   1   2     0.056     0.056    6.8   0.1     5    21    45    61    41    68 0.86 -
1377237at2759_225164_0:0050cf|NODE_4713_length_8505_cov_63.720218:3632-4479  -            231 1377237at2759        -            154   1.3e-38  125.8   3.4   2   2   6.6e-36   6.6e-36  117.0   1.0    20   133    83   222    62   230 0.78 -
1377237at2759_6573_0:00150f|NODE_4713_length_8505_cov_63.720218:3629-4479    -            232 1377237at2759        -            154   1.3e-38  125.8   3.4   1   2     0.056     0.057    6.8   0.1     5    21    46    62    42    69 0.86 -
1377237at2759_6573_0:00150f|NODE_4713_length_8505_cov_63.720218:3629-4479    -            232 1377237at2759        -            154   1.3e-38  125.8   3.4   2   2   6.7e-36   6.7e-36  117.0   1.0    20   133    84   223    63   231 0.78 -
1377237at2759_67767_0:0016b7|NODE_4713_length_8505_cov_63.720218:3938-4500   -            176 1377237at2759        -            154   2.2e-38  125.0   2.1   1   1   5.5e-37   5.6e-37  120.5   2.1    12   137     2   164     1   176 0.76 -
1377237at2759_763665_1:0016eb|NODE_4713_length_8505_cov_63.720218:3935-4479  -            170 1377237at2759        -            154   2.7e-38  124.8   2.3   1   1     8e-37     8e-37  120.0   2.3    11   133     2   161     1   169 0.78 -
1377237at2759_1198029_1:001302|NODE_4713_length_8505_cov_63.720218:3941-4494 -            173 1377237at2759        -            154     6e-38  123.6   2.2   1   1   1.5e-36   1.5e-36  119.0   2.2    12   137     1   163     1   172 0.77 -
1377237at2759_1202772_1:001fa7|NODE_4713_length_8505_cov_63.720218:3941-4518 -            193 1377237at2759        -            154   7.1e-38  123.4   2.0   1   2       4.6       4.7    0.6   0.0    12    21     1    10     1    16 0.88 -
1377237at2759_1202772_1:001fa7|NODE_4713_length_8505_cov_63.720218:3941-4518 -            193 1377237at2759        -            154   7.1e-38  123.4   2.0   2   2   1.3e-36   1.3e-36  119.3   0.8    20   138    32   176    11   190 0.76 -
1377237at2759_4781_1:0020ef|NODE_4713_length_8505_cov_63.720218:3941-4518    -            193 1377237at2759        -            154   7.2e-38  123.4   2.0   1   2       4.6       4.7    0.6   0.0    12    21     1    10     1    16 0.88 -
1377237at2759_4781_1:0020ef|NODE_4713_length_8505_cov_63.720218:3941-4518    -            193 1377237at2759        -            154   7.2e-38  123.4   2.0   2   2   1.6e-36   1.6e-36  119.0   0.8    20   138    32   176    17   190 0.77 -
1377237at2759_611791_1:0010a8|NODE_4713_length_8505_cov_63.720218:3941-4500  -            187 1377237at2759        -            154   8.7e-38  123.1   2.0   1   2       4.2       4.2    0.7   0.0    12    21     1    10     1    20 0.89 -
1377237at2759_611791_1:0010a8|NODE_4713_length_8505_cov_63.720218:3941-4500  -            187 1377237at2759        -            154   8.7e-38  123.1   2.0   2   2   1.7e-36   1.7e-36  118.9   0.9    20   137    32   175    12   187 0.78 -
1377237at2759_106004_1:00155f|NODE_4713_length_8505_cov_63.720218:4005-4527  -            175 1377237at2759        -            154   1.1e-37  122.7   0.6   1   1     1e-36   1.1e-36  119.6   0.6    20   140    11   162     4   173 0.77 -
1377237at2759_1173061_1:00066a|NODE_4713_length_8505_cov_63.720218:4023-4527 -            169 1377237at2759        -            154   1.1e-37  122.7   0.5   1   1   1.1e-36   1.1e-36  119.5   0.5    21   140     6   156     2   167 0.77 -
1377237at2759_1284197_1:001ebe|NODE_4713_length_8505_cov_63.720218:4023-4560 -            180 1377237at2759        -            154   1.3e-37  122.5   0.5   1   1   1.2e-36   1.2e-36  119.4   0.5    21   142     6   158     2   169 0.77 -
1377237at2759_4922_1:0001a9|NODE_4713_length_8505_cov_63.720218:3978-4557    -            194 1377237at2759        -            154   1.3e-37  122.5   0.7   1   1   1.1e-36   1.1e-36  119.5   0.7    20   141    20   172     4   184 0.77 -
1377237at2759_136037_0:001604|NODE_4713_length_8505_cov_63.720218:4005-4500  -            166 1377237at2759        -            154   1.4e-37  122.4   0.6   1   1   1.3e-36   1.3e-36  119.3   0.6    20   137    11   154     4   166 0.77 -
1377237at2759_114742_1:00114c|NODE_4713_length_8505_cov_63.720218:4014-4500  -            163 1377237at2759        -            154   1.4e-37  122.4   0.7   1   1   1.3e-36   1.3e-36  119.2   0.7    21   137     9   151     3   163 0.77 -
1377237at2759_5763_1:000dfe|NODE_4713_length_8505_cov_63.720218:4008-4506    -            167 1377237at2759        -            154   1.4e-37  122.4   0.8   1   1   1.4e-36   1.4e-36  119.1   0.8    20   137    10   153     4   166 0.77 -
1377237at2759_108931_0:00136d|NODE_4713_length_8505_cov_63.720218:3984-4500  -            173 1377237at2759        -            154   1.5e-37  122.3   0.8   1   1   1.3e-36   1.3e-36  119.2   0.8    20   137    18   161     4   173 0.77 -
1377237at2759_158441_0:0019d6|NODE_4713_length_8505_cov_63.720218:3978-4569  -            198 1377237at2759        -            154   1.6e-37  122.3   0.9   1   1   1.3e-36   1.3e-36  119.2   0.9    20   141    20   172     4   184 0.77 -
1377237at2759_1069443_1:001121|NODE_4713_length_8505_cov_63.720218:4029-4509 -            161 1377237at2759        -            154   1.6e-37  122.2   0.8   1   1   1.6e-36   1.6e-36  119.0   0.8    22   137     5   146     1   160 0.77 -
1377237at2759_595528_0:001689|NODE_4713_length_8505_cov_63.720218:4029-4500  -            158 1377237at2759        -            154   1.9e-37  122.0   0.7   1   1   1.6e-36   1.6e-36  118.9   0.7    22   137     5   146     1   158 0.78 -
1377237at2759_65357_1:00299f|NODE_4713_length_8505_cov_63.720218:4014-4497   -            162 1377237at2759        -            154     2e-37  121.9   0.9   1   1   1.9e-36   1.9e-36  118.7   0.9    21   137     9   151     3   162 0.78 -
1377237at2759_981350_1:000c5e|NODE_4713_length_8505_cov_63.720218:3978-4497  -            174 1377237at2759        -            154   2.2e-37  121.8   1.1   1   1   1.9e-36   1.9e-36  118.7   1.1    20   137    20   163     4   174 0.78 -
1377237at2759_988480_1:000756|NODE_4713_length_8505_cov_63.720218:3978-4497  -            174 1377237at2759        -            154   2.2e-37  121.8   1.1   1   1   1.9e-36   1.9e-36  118.7   1.1    20   137    20   163     4   174 0.78 -
1377237at2759_45607_1:000786|NODE_4713_length_8505_cov_63.720218:3978-4494   -            173 1377237at2759        -            154   2.4e-37  121.7   1.1   1   1   2.3e-36   2.3e-36  118.5   1.1    20   137    20   163     4   172 0.79 -
1377237at2759_578459_1:000182|NODE_4713_length_8505_cov_63.720218:4005-4482  -            160 1377237at2759        -            154   2.4e-37  121.7   0.8   1   1   2.4e-36   2.4e-36  118.4   0.8    20   133    11   150     4   159 0.79 -
1377237at2759_763406_1:0010e8|NODE_4713_length_8505_cov_63.720218:4026-4479  -            152 1377237at2759        -            154   2.7e-37  121.5   0.7   1   1   2.7e-36   2.7e-36  118.3   0.7    21   133     5   143     1   151 0.80 -
1377237at2759_1257118_1:00060e|NODE_4713_length_8505_cov_63.720218:3984-4479 -            166 1377237at2759        -            154   2.7e-37  121.5   1.0   1   1   2.7e-36   2.7e-36  118.3   1.0    20   133    18   157     4   165 0.79 -
1377237at2759_1305733_1:000332|NODE_4713_length_8505_cov_63.720218:4026-4482 -            153 1377237at2759        -            154   2.8e-37  121.5   0.8   1   1   2.6e-36   2.7e-36  118.3   0.8    21   133     5   143     1   152 0.79 -
1377237at2759_1314790_1:001796|NODE_4713_length_8505_cov_63.720218:4041-4545 -            169 1377237at2759        -            154   2.8e-37  121.4   0.7   1   1   2.5e-36   2.6e-36  118.3   0.7    23   142     2   152     1   163 0.77 -
1377237at2759_588596_1:0020cd|NODE_4713_length_8505_cov_63.720218:4026-4470  -            149 1377237at2759        -            154   3.4e-37  121.2   0.7   1   1   3.3e-36   3.3e-36  118.0   0.7    21   132     5   142     1   148 0.80 -
1377237at2759_1130832_1:001611|NODE_4713_length_8505_cov_63.720218:4029-4482 -            152 1377237at2759        -            154   3.6e-37  121.1   1.0   1   1   3.4e-36   3.5e-36  117.9   1.0    22   133     5   142     1   151 0.80 -
1377237at2759_269621_1:000a89|NODE_4713_length_8505_cov_63.720218:4029-4467  -            147 1377237at2759        -            154   4.5e-37  120.8   0.9   1   1   4.7e-36   4.7e-36  117.5   0.9    22   132     5   141     1   146 0.80 -
1377237at2759_29053_0:00148a|NODE_4713_length_8505_cov_63.720218:4044-4500   -            153 1377237at2759        -            154   5.4e-37  120.5   0.7   1   1     5e-36     5e-36  117.4   0.7    23   137     1   141     1   153 0.77 -
1377237at2759_756982_1:0008d1|NODE_4713_length_8505_cov_63.720218:4044-4596  -            184 1377237at2759        -            154   6.7e-37  120.2   0.7   1   1   5.9e-36     6e-36  117.1   0.7    23   142     1   151     1   162 0.76 -
1377237at2759_1423351_1:000601|NODE_4713_length_8505_cov_63.720218:4041-4464 -            142 1377237at2759        -            154   7.4e-37  120.1   0.8   1   1   7.3e-36   7.3e-36  116.8   0.8    23   132     2   137     1   142 0.80 -
1377237at2759_456999_1:000b13|NODE_4713_length_8505_cov_63.720218:4041-4464  -            142 1377237at2759        -            154   7.4e-37  120.1   0.8   1   1   7.3e-36   7.3e-36  116.8   0.8    23   132     2   137     1   142 0.80 -
1377237at2759_5005_1:0000ba|NODE_4713_length_8505_cov_63.720218:4044-4482    -            147 1377237at2759        -            154     8e-37  120.0   0.6   1   1     8e-36     8e-36  116.7   0.6    23   133     1   137     1   146 0.79 -
1377237at2759_741276_1:00176a|NODE_4713_length_8505_cov_63.720218:4044-4482  -            147 1377237at2759        -            154     8e-37  120.0   0.6   1   1     8e-36     8e-36  116.7   0.6    23   133     1   137     1   146 0.79 -
1377237at2759_683840_1:000514|NODE_4713_length_8505_cov_63.720218:4029-4446  -            140 1377237at2759        -            154   9.5e-37  119.7   0.8   1   1   9.5e-36   9.6e-36  116.5   0.8    22   130     5   139     1   140 0.80 -
1377237at2759_708187_1:001c69|NODE_4713_length_8505_cov_63.720218:4047-4536  -            164 1377237at2759        -            154   1.1e-36  119.5   0.8   1   1   1.1e-35   1.1e-35  116.3   0.8    24   141     1   149     1   160 0.75 -
1377237at2759_1213857_1:002ab8|NODE_4713_length_8505_cov_63.720218:4047-4512 -            156 1377237at2759        -            154   1.1e-36  119.5   0.8   1   1     1e-35     1e-35  116.4   0.8    24   138     1   141     1   155 0.75 -
1377237at2759_675120_1:00188d|NODE_4713_length_8505_cov_63.720218:4047-4500  -            152 1377237at2759        -            154   1.3e-36  119.2   0.8   1   1   1.2e-35   1.2e-35  116.1   0.8    24   137     1   140     1   152 0.76 -
1377237at2759_5477_2:000ab7|NODE_4713_length_8505_cov_63.720218:4047-4494    -            150 1377237at2759        -            154   2.2e-36  118.5   1.1   1   1   2.2e-35   2.2e-35  115.3   1.1    24   137     1   140     1   149 0.78 -
1377237at2759_1173701_1:0002ad|NODE_4713_length_8505_cov_63.720218:4047-4479 -            145 1377237at2759        -            154   2.2e-36  118.5   0.9   1   1   2.3e-35   2.3e-35  115.2   0.9    24   133     1   136     1   144 0.78 -
1377237at2759_1209926_1:0003c7|NODE_4713_length_8505_cov_63.720218:4047-4479 -            145 1377237at2759        -            154   2.2e-36  118.5   0.9   1   1   2.3e-35   2.3e-35  115.2   0.9    24   133     1   136     1   144 0.78 -
1377237at2759_1209931_1:00042c|NODE_4713_length_8505_cov_63.720218:4047-4479 -            145 1377237at2759        -            154   2.2e-36  118.5   0.9   1   1   2.3e-35   2.3e-35  115.2   0.9    24   133     1   136     1   144 0.78 -
1377237at2759_1213859_1:001404|NODE_4713_length_8505_cov_63.720218:4047-4479 -            145 1377237at2759        -            154   2.2e-36  118.5   0.9   1   1   2.3e-35   2.3e-35  115.2   0.9    24   133     1   136     1   144 0.78 -
1377237at2759_1229662_1:002075|NODE_4713_length_8505_cov_63.720218:4047-4479 -            145 1377237at2759        -            154   2.2e-36  118.5   0.9   1   1   2.3e-35   2.3e-35  115.2   0.9    24   133     1   136     1   144 0.78 -
1377237at2759_1573173_1:002a17|NODE_4713_length_8505_cov_63.720218:4047-4479 -            145 1377237at2759        -            154   2.2e-36  118.5   0.9   1   1   2.3e-35   2.3e-35  115.2   0.9    24   133     1   136     1   144 0.78 -
1377237at2759_645133_1:000e2c|NODE_4713_length_8505_cov_63.720218:4047-4479  -            145 1377237at2759        -            154   2.2e-36  118.5   0.9   1   1   2.3e-35   2.3e-35  115.2   0.9    24   133     1   136     1   144 0.78 -
1377237at2759_759273_1:000cb6|NODE_4713_length_8505_cov_63.720218:4047-4479  -            145 1377237at2759        -            154   2.2e-36  118.5   0.9   1   1   2.3e-35   2.3e-35  115.2   0.9    24   133     1   136     1   144 0.78 -
1377237at2759_403677_1:00305f|NODE_4713_length_8505_cov_63.720218:4077-4500  -            142 1377237at2759        -            154   8.4e-36  116.6   1.5   1   1   8.6e-35   8.6e-35  113.4   1.5    33   137     5   130     3   142 0.78 -
1377237at2759_197043_0:003595|NODE_4713_length_8505_cov_63.720218:4074-4479  -            136 1377237at2759        -            154   1.5e-35  115.8   1.7   1   1   1.7e-34   1.7e-34  112.4   1.7    33   133     6   127     3   135 0.81 -
1377237at2759_112090_1:000a78|NODE_4713_length_8505_cov_63.720218:4095-4479  -            129 1377237at2759        -            154   1.1e-34  113.0   2.5   1   1   1.2e-33   1.2e-33  109.6   2.5    36   133     2   120     1   128 0.79 -
1377237at2759_157072_1:00094d|NODE_4713_length_8505_cov_63.720218:4095-4479  -            129 1377237at2759        -            154   1.1e-34  113.0   2.5   1   1   1.2e-33   1.2e-33  109.6   2.5    36   133     2   120     1   128 0.79 -
1377237at2759_1317065_1:0009d0|NODE_4713_length_8505_cov_63.720218:4098-4500 -            135 1377237at2759        -            154   1.5e-34  112.6   2.8   1   1   1.3e-33   1.3e-33  109.5   2.8    39   137     4   123     1   135 0.75 -
1377237at2759_4795_1:00139c|NODE_4713_length_8505_cov_63.720218:4098-4500    -            135 1377237at2759        -            154   1.5e-34  112.6   2.8   1   1   1.3e-33   1.3e-33  109.5   2.8    39   137     4   123     1   135 0.75 -
1377237at2759_67593_1:0050ce|NODE_4713_length_8505_cov_63.720218:4098-4500   -            135 1377237at2759        -            154   1.5e-34  112.6   2.8   1   1   1.3e-33   1.3e-33  109.5   2.8    39   137     4   123     1   135 0.75 -
1377237at2759_578462_1:003188|NODE_4713_length_8505_cov_63.720218:4122-4530  -            137 1377237at2759        -            154   2.4e-34  111.9   2.3   1   1   2.3e-33   2.3e-33  108.7   2.3    44   141     8   124     2   135 0.79 -
1377237at2759_578462_1:002fdf|NODE_4713_length_8505_cov_63.720218:4155-4530  -            126 1377237at2759        -            154   2.7e-33  108.5   3.9   1   1   2.7e-32   2.7e-32  105.3   3.9    49   141     2   113     1   124 0.80 -
1377237at2759_578462_1:002228|NODE_4713_length_8505_cov_63.720218:4155-4554  -            134 1377237at2759        -            154   3.2e-33  108.3   3.8   1   1   3.1e-32   3.1e-32  105.1   3.8    49   142     2   114     1   125 0.80 -
1377237at2759_114398_0:003eab|NODE_4713_length_8505_cov_63.720218:4155-4500  -            116 1377237at2759        -            154   4.3e-33  107.9   4.3   1   1   4.1e-32   4.1e-32  104.7   4.3    49   137     2   104     1   116 0.81 -
1377237at2759_6832_0:00275c|NODE_4713_length_8505_cov_63.720218:4155-4500    -            116 1377237at2759        -            154   4.3e-33  107.9   4.3   1   1   4.1e-32   4.1e-32  104.7   4.3    49   137     2   104     1   116 0.81 -
1377237at2759_1629725_0:0017fb|NODE_4713_length_8505_cov_63.720218:4005-4425 -            141 1377237at2759        -            154   5.7e-33  107.5   0.9   1   1     6e-32   6.1e-32  104.1   0.9    20   124    11   141     4   141 0.79 -
1377237at2759_7375_0:003774|NODE_4713_length_8505_cov_63.720218:4155-4479    -            109 1377237at2759        -            154   7.5e-33  107.1   4.4   1   1   8.2e-32   8.2e-32  103.7   4.4    49   133     2   100     1   108 0.84 -
1377237at2759_990650_1:004dcd|NODE_4713_length_8505_cov_63.720218:4164-4515  -            118 1377237at2759        -            154   1.6e-32  106.0   3.9   1   1   1.6e-31   1.7e-31  102.7   3.9    51   138     1   102     1   116 0.79 -
1377237at2759_29058_0:00215c|NODE_4713_length_8505_cov_63.720218:4164-4554   -            131 1377237at2759        -            154   2.2e-32  105.5   4.0   1   1   2.1e-31   2.2e-31  102.3   4.0    51   142     1   111     1   122 0.80 -
1377237at2759_52612_0:002f72|NODE_4713_length_8505_cov_63.720218:4164-4571   -            135 1377237at2759        -            154   7.5e-32  103.8   4.5   1   1   7.6e-31   7.6e-31  100.6   4.5    51   137     1   101     1   112 0.83 -
1377237at2759_139723_0:001164|NODE_4713_length_8505_cov_63.720218:3929-4221  -             86 1377237at2759        -            154   5.7e-12   39.2   0.3   1   1   4.2e-11   4.2e-11   36.4   0.3     9    64     2    80     1    84 0.75 -
#
# Program:         hmmsearch
# Version:         3.1b2 (February 2015)
# Pipeline mode:   SEARCH
# Query file:      mb_downloads/eukaryota_odb10/hmms/1377237at2759.hmm
# Target file:     -
# Option settings: /opt/conda/envs/compleasm/bin/hmmsearch --domtblout compleasm/eukaryota_odb10/hmmer_output/1377237at2759.out --cpu 1 mb_downloads/eukaryota_odb10/hmms/1377237at2759.hmm - 
# Current dir:     /in
# Date:            Tue Oct 22 12:37:37 2024
# [ok]
