#                                                                                                                                    --- full sequence --- -------------- this domain -------------   hmm coord   ali coord   env coord
# target name                                                                accession   tlen query name           accession   qlen   E-value  score  bias   #  of  c-Evalue  i-Evalue  score  bias  from    to  from    to  from    to  acc description of target
#                                                        ------------------- ---------- ----- -------------------- ---------- ----- --------- ------ ----- --- --- --------- --------- ------ ----- ----- ----- ----- ----- ----- ----- ---- ---------------------
1395649at2759_156304_0:000b86|NODE_4394_length_8726_cov_65.916753:3275-3820  -            172 1395649at2759        -            133   2.2e-23   74.5   4.3   1   1   1.8e-21   1.9e-21   68.3   4.3     2   123     2   158     1   166 0.71 -
1395649at2759_156304_0:0019d3|NODE_4394_length_8726_cov_65.916753:3275-3820  -            172 1395649at2759        -            133   2.2e-23   74.5   4.3   1   1   1.8e-21   1.9e-21   68.3   4.3     2   123     2   158     1   166 0.71 -
1395649at2759_2015173_0:00058a|NODE_4394_length_8726_cov_65.916753:3275-3820 -            172 1395649at2759        -            133   2.2e-23   74.5   4.3   1   1   1.8e-21   1.9e-21   68.3   4.3     2   123     2   158     1   166 0.71 -
1395649at2759_441921_0:002068|NODE_4394_length_8726_cov_65.916753:3275-3820  -            172 1395649at2759        -            133   2.2e-23   74.5   4.3   1   1   1.8e-21   1.9e-21   68.3   4.3     2   123     2   158     1   166 0.71 -
1395649at2759_64838_0:001c1c|NODE_4394_length_8726_cov_65.916753:3275-3820   -            172 1395649at2759        -            133   2.2e-23   74.5   4.3   1   1   1.8e-21   1.9e-21   68.3   4.3     2   123     2   158     1   166 0.71 -
1395649at2759_69319_0:0022e6|NODE_4394_length_8726_cov_65.916753:3275-3820   -            172 1395649at2759        -            133   2.2e-23   74.5   4.3   1   1   1.8e-21   1.9e-21   68.3   4.3     2   123     2   158     1   166 0.71 -
1395649at2759_7539_0:000354|NODE_4394_length_8726_cov_65.916753:3275-3820    -            172 1395649at2759        -            133   2.2e-23   74.5   4.3   1   1   1.8e-21   1.9e-21   68.3   4.3     2   123     2   158     1   166 0.71 -
1395649at2759_218467_0:00268c|NODE_4394_length_8726_cov_65.916753:3266-3808  -            171 1395649at2759        -            133   2.2e-23   74.5   4.3   1   1   1.8e-21   1.9e-21   68.2   4.3     2   123     5   161     4   167 0.70 -
1395649at2759_52612_0:004ad3|NODE_4394_length_8726_cov_65.916753:3266-3808   -            171 1395649at2759        -            133   2.2e-23   74.5   4.3   1   1   1.8e-21   1.9e-21   68.2   4.3     2   123     5   161     4   167 0.70 -
1395649at2759_166361_0:002a2c|NODE_4394_length_8726_cov_65.916753:3272-3808  -            169 1395649at2759        -            133   2.4e-23   74.4   4.6   1   1     2e-21   2.1e-21   68.1   4.6     2   123     3   159     2   165 0.70 -
1395649at2759_407821_0:002c9f|NODE_4394_length_8726_cov_65.916753:3275-3808  -            168 1395649at2759        -            133   2.5e-23   74.3   4.7   1   1   2.1e-21   2.2e-21   68.0   4.7     2   123     2   158     1   164 0.70 -
1395649at2759_132113_0:0007d4|NODE_4394_length_8726_cov_65.916753:3275-3793  -            163 1395649at2759        -            133   2.5e-23   74.3   4.7   1   1   2.2e-21   2.2e-21   68.0   4.7     2   123     2   158     1   162 0.70 -
1395649at2759_83485_0:000a22|NODE_4394_length_8726_cov_65.916753:3275-3793   -            163 1395649at2759        -            133   2.5e-23   74.3   4.7   1   1   2.2e-21   2.2e-21   68.0   4.7     2   123     2   158     1   162 0.70 -
1395649at2759_438503_0:001b39|NODE_4394_length_8726_cov_65.916753:3275-3832  -            176 1395649at2759        -            133   2.6e-23   74.3   4.4   1   1   2.1e-21   2.1e-21   68.1   4.4     2   123     2   158     1   166 0.70 -
1395649at2759_121845_0:0029ac|NODE_4394_length_8726_cov_65.916753:3275-3838  -            178 1395649at2759        -            133   2.9e-23   74.1   4.5   1   1   2.3e-21   2.4e-21   67.9   4.5     2   123     2   158     1   166 0.70 -
1395649at2759_1330018_1:001d79|NODE_4394_length_8726_cov_65.916753:3275-3838 -            178 1395649at2759        -            133   2.9e-23   74.1   4.5   1   1   2.3e-21   2.4e-21   67.9   4.5     2   123     2   158     1   166 0.70 -
1395649at2759_133434_0:002068|NODE_4394_length_8726_cov_65.916753:3275-3841  -            178 1395649at2759        -            133   2.9e-23   74.1   4.5   1   1   2.3e-21   2.4e-21   67.9   4.5     2   123     2   158     1   166 0.70 -
1395649at2759_438502_0:003b5f|NODE_4394_length_8726_cov_65.916753:3275-3838  -            178 1395649at2759        -            133   2.9e-23   74.1   4.5   1   1   2.3e-21   2.4e-21   67.9   4.5     2   123     2   158     1   166 0.70 -
1395649at2759_6850_0:000267|NODE_4394_length_8726_cov_65.916753:3275-3838    -            178 1395649at2759        -            133   2.9e-23   74.1   4.5   1   1   2.3e-21   2.4e-21   67.9   4.5     2   123     2   158     1   166 0.70 -
1395649at2759_7425_0:0022ef|NODE_4394_length_8726_cov_65.916753:3275-3838    -            178 1395649at2759        -            133   2.9e-23   74.1   4.5   1   1   2.3e-21   2.4e-21   67.9   4.5     2   123     2   158     1   166 0.70 -
1395649at2759_88015_0:002b20|NODE_4394_length_8726_cov_65.916753:3275-3841   -            178 1395649at2759        -            133   2.9e-23   74.1   4.5   1   1   2.3e-21   2.4e-21   67.9   4.5     2   123     2   158     1   166 0.70 -
1395649at2759_378494_0:005517|NODE_4394_length_8726_cov_65.916753:3266-3820  -            175 1395649at2759        -            133   2.9e-23   74.1   4.6   1   1   2.4e-21   2.5e-21   67.8   4.6     2   123     5   161     4   168 0.70 -
1395649at2759_7070_0:00142d|NODE_4394_length_8726_cov_65.916753:3266-3820    -            175 1395649at2759        -            133   2.9e-23   74.1   4.6   1   1   2.4e-21   2.5e-21   67.8   4.6     2   123     5   161     4   168 0.70 -
1395649at2759_286306_0:0007a4|NODE_4394_length_8726_cov_65.916753:3260-3820  -            177 1395649at2759        -            133   3.1e-23   74.0   4.6   1   1   2.5e-21   2.6e-21   67.8   4.6     2   123     7   163     6   170 0.70 -
1395649at2759_597456_0:000277|NODE_4394_length_8726_cov_65.916753:3257-3820  -            178 1395649at2759        -            133   3.2e-23   74.0   4.6   1   1   2.5e-21   2.6e-21   67.8   4.6     2   123     8   164     7   171 0.70 -
1395649at2759_7460_0:00198c|NODE_4394_length_8726_cov_65.916753:3257-3820    -            178 1395649at2759        -            133   3.2e-23   74.0   4.6   1   1   2.5e-21   2.6e-21   67.8   4.6     2   123     8   164     7   171 0.70 -
1395649at2759_88501_0:001ac6|NODE_4394_length_8726_cov_65.916753:3257-3820   -            178 1395649at2759        -            133   3.2e-23   74.0   4.6   1   1   2.5e-21   2.6e-21   67.8   4.6     2   123     8   164     7   171 0.70 -
1395649at2759_133901_0:00220b|NODE_4394_length_8726_cov_65.916753:3278-3820  -            171 1395649at2759        -            133   3.3e-23   73.9   4.5   1   1   2.9e-21     3e-21   67.6   4.5     3   123     2   157     1   162 0.70 -
1395649at2759_110193_0:000cb2|NODE_4394_length_8726_cov_65.916753:3266-3838  -            181 1395649at2759        -            133   3.3e-23   73.9   4.6   1   1   2.6e-21   2.7e-21   67.7   4.6     2   123     5   161     4   168 0.70 -
1395649at2759_116153_0:002ae5|NODE_4394_length_8726_cov_65.916753:3266-3838  -            181 1395649at2759        -            133   3.3e-23   73.9   4.6   1   1   2.6e-21   2.7e-21   67.7   4.6     2   123     5   161     4   168 0.70 -
1395649at2759_218467_0:002541|NODE_4394_length_8726_cov_65.916753:3266-3841  -            181 1395649at2759        -            133   3.3e-23   73.9   4.6   1   1   2.6e-21   2.7e-21   67.7   4.6     2   123     5   161     4   168 0.70 -
1395649at2759_7868_0:003cdb|NODE_4394_length_8726_cov_65.916753:3266-3841    -            181 1395649at2759        -            133   3.3e-23   73.9   4.6   1   1   2.6e-21   2.7e-21   67.7   4.6     2   123     5   161     4   168 0.70 -
1395649at2759_307658_0:001b8b|NODE_4394_length_8726_cov_65.916753:3248-3820  -            181 1395649at2759        -            133   3.4e-23   73.9   4.6   1   1   2.6e-21   2.7e-21   67.7   4.6     2   123    11   167    10   174 0.70 -
1395649at2759_609295_0:000b18|NODE_4394_length_8726_cov_65.916753:3248-3820  -            181 1395649at2759        -            133   3.4e-23   73.9   4.6   1   1   2.6e-21   2.7e-21   67.7   4.6     2   123    11   167    10   174 0.70 -
1395649at2759_610380_0:001ef6|NODE_4394_length_8726_cov_65.916753:3248-3820  -            181 1395649at2759        -            133   3.4e-23   73.9   4.6   1   1   2.6e-21   2.7e-21   67.7   4.6     2   123    11   167    10   174 0.70 -
1395649at2759_104421_0:00186d|NODE_4394_length_8726_cov_65.916753:3251-3820  -            180 1395649at2759        -            133   3.4e-23   73.9   4.6   1   1   2.6e-21   2.7e-21   67.7   4.6     2   123    10   166     9   174 0.70 -
1395649at2759_411798_0:003265|NODE_4394_length_8726_cov_65.916753:3242-3793  -            174 1395649at2759        -            133   3.5e-23   73.8   4.7   1   1   2.7e-21   2.8e-21   67.7   4.7     2   123    13   169    12   173 0.70 -
1395649at2759_6945_0:002c3e|NODE_4394_length_8726_cov_65.916753:3263-3838    -            182 1395649at2759        -            133   3.6e-23   73.8   4.6   1   1   2.8e-21   2.9e-21   67.6   4.6     2   123     6   162     5   169 0.70 -
1395649at2759_136037_0:00262e|NODE_4394_length_8726_cov_65.916753:3242-3808  -            179 1395649at2759        -            133   3.6e-23   73.8   4.7   1   1   2.8e-21   2.9e-21   67.6   4.7     2   123    13   169    12   174 0.70 -
1395649at2759_114398_0:002268|NODE_4394_length_8726_cov_65.916753:3260-3838  -            183 1395649at2759        -            133   3.6e-23   73.8   4.6   1   1   2.8e-21   2.9e-21   67.6   4.6     2   123     7   163     6   170 0.70 -
1395649at2759_64793_0:001956|NODE_4394_length_8726_cov_65.916753:3260-3793   -            168 1395649at2759        -            133   3.7e-23   73.8   5.0   1   1     3e-21   3.1e-21   67.5   5.0     2   123     7   163     6   167 0.70 -
1395649at2759_13686_0:001a7b|NODE_4394_length_8726_cov_65.916753:3242-3820   -            183 1395649at2759        -            133   3.7e-23   73.8   4.6   1   1   2.8e-21   2.9e-21   67.6   4.6     2   123    13   169    12   176 0.70 -
1395649at2759_144034_0:002791|NODE_4394_length_8726_cov_65.916753:3257-3793  -            169 1395649at2759        -            133   3.7e-23   73.8   5.0   1   1     3e-21   3.1e-21   67.5   5.0     2   123     8   164     7   168 0.70 -
1395649at2759_143995_0:00024c|NODE_4394_length_8726_cov_65.916753:3257-3838  -            184 1395649at2759        -            133   3.7e-23   73.7   4.6   1   1   2.9e-21     3e-21   67.6   4.6     2   123     8   164     7   171 0.70 -
1395649at2759_35525_0:0010ab|NODE_4394_length_8726_cov_65.916753:3257-3841   -            184 1395649at2759        -            133   3.7e-23   73.7   4.6   1   1   2.9e-21     3e-21   67.6   4.6     2   123     8   164     7   171 0.70 -
1395649at2759_6669_0:003209|NODE_4394_length_8726_cov_65.916753:3257-3841    -            184 1395649at2759        -            133   3.7e-23   73.7   4.6   1   1   2.9e-21     3e-21   67.6   4.6     2   123     8   164     7   171 0.70 -
1395649at2759_108931_0:0028ad|NODE_4394_length_8726_cov_65.916753:3239-3820  -            184 1395649at2759        -            133   3.8e-23   73.7   4.6   1   1   2.9e-21     3e-21   67.6   4.6     2   123    14   170    13   177 0.70 -
1395649at2759_286706_0:00129f|NODE_4394_length_8726_cov_65.916753:3239-3820  -            184 1395649at2759        -            133   3.8e-23   73.7   4.6   1   1   2.9e-21     3e-21   67.6   4.6     2   123    14   170    13   177 0.70 -
1395649at2759_211228_0:002821|NODE_4394_length_8726_cov_65.916753:3218-3820  -            191 1395649at2759        -            133   4.3e-23   73.5   4.6   1   1   3.1e-21   3.2e-21   67.5   4.6     2   123    21   177    20   185 0.70 -
1395649at2759_48709_0:000f49|NODE_4394_length_8726_cov_65.916753:3278-3841   -            177 1395649at2759        -            133   4.4e-23   73.5   4.6   1   1   3.4e-21   3.5e-21   67.4   4.6     3   123     2   157     1   166 0.70 -
1395649at2759_6973_0:005eaa|NODE_4394_length_8726_cov_65.916753:3233-3838    -            192 1395649at2759        -            133   4.6e-23   73.4   4.6   1   1   3.3e-21   3.4e-21   67.4   4.6     2   123    16   172    15   179 0.70 -
1395649at2759_219809_0:000bbc|NODE_4394_length_8726_cov_65.916753:3206-3838  -            201 1395649at2759        -            133   5.2e-23   73.3   4.5   1   1   3.5e-21   3.6e-21   67.3   4.5     2   123    25   181    24   189 0.70 -
1395649at2759_37344_0:00140c|NODE_4394_length_8726_cov_65.916753:3275-3769   -            155 1395649at2759        -            133   2.1e-22   71.3   5.0   1   1   6.3e-21   6.5e-21   66.5   5.0     2    94     2   108     1   155 0.73 -
1395649at2759_454923_0:000afa|NODE_4394_length_8726_cov_65.916753:3275-3769  -            155 1395649at2759        -            133   2.1e-22   71.3   5.0   1   1   6.3e-21   6.5e-21   66.5   5.0     2    94     2   108     1   155 0.73 -
1395649at2759_91411_0:001e62|NODE_4394_length_8726_cov_65.916753:3275-3769   -            155 1395649at2759        -            133   2.1e-22   71.3   5.0   1   1   6.3e-21   6.5e-21   66.5   5.0     2    94     2   108     1   155 0.73 -
1395649at2759_1629725_0:001c6d|NODE_4394_length_8726_cov_65.916753:3275-3640 -            112 1395649at2759        -            133   2.2e-22   71.2   0.8   1   1   3.8e-22   3.9e-22   70.4   0.8     2    94     2   108     1   111 0.81 -
1395649at2759_1858805_1:00114a|NODE_4394_length_8726_cov_65.916753:3263-3769 -            159 1395649at2759        -            133   2.5e-22   71.1   5.1   1   1   7.1e-21   7.3e-21   66.3   5.1     2    94     6   112     5   159 0.73 -
1395649at2759_56086_0:001592|NODE_4394_length_8726_cov_65.916753:3257-3673   -            129 1395649at2759        -            133   3.4e-22   70.6   0.8   1   1   6.1e-22   6.3e-22   69.8   0.8     2    94     8   114     7   119 0.81 -
1395649at2759_7395_0:0046b0|NODE_4394_length_8726_cov_65.916753:3239-3673    -            135 1395649at2759        -            133   4.1e-22   70.4   0.9   1   1   7.6e-22   7.8e-22   69.5   0.9     2    94    14   120    13   124 0.81 -
1395649at2759_1353952_1:00082a|NODE_4394_length_8726_cov_65.916753:3275-3601 -             99 1395649at2759        -            133   3.8e-20   64.0   3.7   1   1   6.6e-20   6.8e-20   63.2   3.7     2    84     2    98     1    99 0.81 -
1395649at2759_197043_0:0048c2|NODE_4394_length_8726_cov_65.916753:3275-3841  -            108 1395649at2759        -            133   9.4e-06   17.4   5.0   1   3    0.0013    0.0013   10.5   0.6     2    20     2    21     1    25 0.80 -
1395649at2759_197043_0:0048c2|NODE_4394_length_8726_cov_65.916753:3275-3841  -            108 1395649at2759        -            133   9.4e-06   17.4   5.0   2   3       2.5       2.6   -0.2   0.0    76    94    20    38    19    42 0.82 -
1395649at2759_197043_0:0048c2|NODE_4394_length_8726_cov_65.916753:3275-3841  -            108 1395649at2759        -            133   9.4e-06   17.4   5.0   3   3      0.01      0.01    7.6   0.2    89   124    45    89    39    97 0.72 -
#
# Program:         hmmsearch
# Version:         3.1b2 (February 2015)
# Pipeline mode:   SEARCH
# Query file:      mb_downloads/eukaryota_odb10/hmms/1395649at2759.hmm
# Target file:     -
# Option settings: /opt/conda/envs/compleasm/bin/hmmsearch --domtblout compleasm/eukaryota_odb10/hmmer_output/1395649at2759.out --cpu 1 mb_downloads/eukaryota_odb10/hmms/1395649at2759.hmm - 
# Current dir:     /in
# Date:            Tue Oct 22 12:38:25 2024
# [ok]
