#                                                                                                                                      --- full sequence --- -------------- this domain -------------   hmm coord   ali coord   env coord
# target name                                                                  accession   tlen query name           accession   qlen   E-value  score  bias   #  of  c-Evalue  i-Evalue  score  bias  from    to  from    to  from    to  acc description of target
#                                                          ------------------- ---------- ----- -------------------- ---------- ----- --------- ------ ----- --- --- --------- --------- ------ ----- ----- ----- ----- ----- ----- ----- ---- ---------------------
1405073at2759_905079_1:0040b6|NODE_701_length_17255_cov_86.409186:13242-13810  -            178 1405073at2759        -            159   2.1e-57  187.9   0.0   1   1   2.4e-57   2.4e-57  187.7   0.0     1   158     1   177     1   178 0.87 -
1405073at2759_10020_0:00116e|NODE_701_length_17255_cov_86.409186:13242-13816   -            179 1405073at2759        -            159   2.1e-57  187.9   0.0   1   1   2.4e-57   2.4e-57  187.7   0.0     1   158     1   177     1   178 0.87 -
1405073at2759_10029_0:00284e|NODE_701_length_17255_cov_86.409186:13242-13816   -            179 1405073at2759        -            159   2.1e-57  187.9   0.0   1   1   2.4e-57   2.4e-57  187.7   0.0     1   158     1   177     1   178 0.87 -
1405073at2759_10224_0:00050b|NODE_701_length_17255_cov_86.409186:13242-13816   -            179 1405073at2759        -            159   2.1e-57  187.9   0.0   1   1   2.4e-57   2.4e-57  187.7   0.0     1   158     1   177     1   178 0.87 -
1405073at2759_10228_0:0015a9|NODE_701_length_17255_cov_86.409186:13242-13816   -            179 1405073at2759        -            159   2.1e-57  187.9   0.0   1   1   2.4e-57   2.4e-57  187.7   0.0     1   158     1   177     1   178 0.87 -
1405073at2759_103372_0:001df0|NODE_701_length_17255_cov_86.409186:13242-13816  -            179 1405073at2759        -            159   2.1e-57  187.9   0.0   1   1   2.4e-57   2.4e-57  187.7   0.0     1   158     1   177     1   178 0.87 -
1405073at2759_103695_0:0014c4|NODE_701_length_17255_cov_86.409186:13242-13816  -            179 1405073at2759        -            159   2.1e-57  187.9   0.0   1   1   2.4e-57   2.4e-57  187.7   0.0     1   158     1   177     1   178 0.87 -
1405073at2759_103944_0:000fd0|NODE_701_length_17255_cov_86.409186:13242-13816  -            179 1405073at2759        -            159   2.1e-57  187.9   0.0   1   1   2.4e-57   2.4e-57  187.7   0.0     1   158     1   177     1   178 0.87 -
1405073at2759_104421_0:000d10|NODE_701_length_17255_cov_86.409186:13242-13816  -            179 1405073at2759        -            159   2.1e-57  187.9   0.0   1   1   2.4e-57   2.4e-57  187.7   0.0     1   158     1   177     1   178 0.87 -
1405073at2759_105023_0:001f1f|NODE_701_length_17255_cov_86.409186:13242-13816  -            179 1405073at2759        -            159   2.1e-57  187.9   0.0   1   1   2.4e-57   2.4e-57  187.7   0.0     1   158     1   177     1   178 0.87 -
1405073at2759_106582_0:00005b|NODE_701_length_17255_cov_86.409186:13242-13816  -            179 1405073at2759        -            159   2.1e-57  187.9   0.0   1   1   2.4e-57   2.4e-57  187.7   0.0     1   158     1   177     1   178 0.87 -
1405073at2759_1069680_1:000a07|NODE_701_length_17255_cov_86.409186:13242-13816 -            179 1405073at2759        -            159   2.1e-57  187.9   0.0   1   1   2.4e-57   2.4e-57  187.7   0.0     1   158     1   177     1   178 0.87 -
1405073at2759_108931_0:001c5c|NODE_701_length_17255_cov_86.409186:13242-13816  -            179 1405073at2759        -            159   2.1e-57  187.9   0.0   1   1   2.4e-57   2.4e-57  187.7   0.0     1   158     1   177     1   178 0.87 -
1405073at2759_109280_0:0005eb|NODE_701_length_17255_cov_86.409186:13242-13816  -            179 1405073at2759        -            159   2.1e-57  187.9   0.0   1   1   2.4e-57   2.4e-57  187.7   0.0     1   158     1   177     1   178 0.87 -
1405073at2759_109478_0:004046|NODE_701_length_17255_cov_86.409186:13242-13816  -            179 1405073at2759        -            159   2.1e-57  187.9   0.0   1   1   2.4e-57   2.4e-57  187.7   0.0     1   158     1   177     1   178 0.87 -
1405073at2759_113540_0:004901|NODE_701_length_17255_cov_86.409186:13242-13816  -            179 1405073at2759        -            159   2.1e-57  187.9   0.0   1   1   2.4e-57   2.4e-57  187.7   0.0     1   158     1   177     1   178 0.87 -
1405073at2759_114398_0:000523|NODE_701_length_17255_cov_86.409186:13242-13816  -            179 1405073at2759        -            159   2.1e-57  187.9   0.0   1   1   2.4e-57   2.4e-57  187.7   0.0     1   158     1   177     1   178 0.87 -
1405073at2759_114742_1:0029b5|NODE_701_length_17255_cov_86.409186:13242-13816  -            179 1405073at2759        -            159   2.1e-57  187.9   0.0   1   1   2.4e-57   2.4e-57  187.7   0.0     1   158     1   177     1   178 0.87 -
1405073at2759_1151754_1:0017e3|NODE_701_length_17255_cov_86.409186:13242-13816 -            179 1405073at2759        -            159   2.1e-57  187.9   0.0   1   1   2.4e-57   2.4e-57  187.7   0.0     1   158     1   177     1   178 0.87 -
1405073at2759_116153_0:000a6e|NODE_701_length_17255_cov_86.409186:13242-13816  -            179 1405073at2759        -            159   2.1e-57  187.9   0.0   1   1   2.4e-57   2.4e-57  187.7   0.0     1   158     1   177     1   178 0.87 -
1405073at2759_1172189_1:0020c2|NODE_701_length_17255_cov_86.409186:13242-13813 -            179 1405073at2759        -            159   2.1e-57  187.9   0.0   1   1   2.4e-57   2.4e-57  187.7   0.0     1   158     1   177     1   178 0.87 -
1405073at2759_118200_0:00268e|NODE_701_length_17255_cov_86.409186:13242-13816  -            179 1405073at2759        -            159   2.1e-57  187.9   0.0   1   1   2.4e-57   2.4e-57  187.7   0.0     1   158     1   177     1   178 0.87 -
1405073at2759_1198029_1:000e64|NODE_701_length_17255_cov_86.409186:13242-13816 -            179 1405073at2759        -            159   2.1e-57  187.9   0.0   1   1   2.4e-57   2.4e-57  187.7   0.0     1   158     1   177     1   178 0.87 -
1405073at2759_121845_0:001946|NODE_701_length_17255_cov_86.409186:13242-13816  -            179 1405073at2759        -            159   2.1e-57  187.9   0.0   1   1   2.4e-57   2.4e-57  187.7   0.0     1   158     1   177     1   178 0.87 -
1405073at2759_125878_0:00390e|NODE_701_length_17255_cov_86.409186:13242-13816  -            179 1405073at2759        -            159   2.1e-57  187.9   0.0   1   1   2.4e-57   2.4e-57  187.7   0.0     1   158     1   177     1   178 0.87 -
1405073at2759_126957_0:000239|NODE_701_length_17255_cov_86.409186:13242-13816  -            179 1405073at2759        -            159   2.1e-57  187.9   0.0   1   1   2.4e-57   2.4e-57  187.7   0.0     1   158     1   177     1   178 0.87 -
1405073at2759_127582_0:003208|NODE_701_length_17255_cov_86.409186:13242-13816  -            179 1405073at2759        -            159   2.1e-57  187.9   0.0   1   1   2.4e-57   2.4e-57  187.7   0.0     1   158     1   177     1   178 0.87 -
1405073at2759_1295528_1:000fb7|NODE_701_length_17255_cov_86.409186:13242-13816 -            179 1405073at2759        -            159   2.1e-57  187.9   0.0   1   1   2.4e-57   2.4e-57  187.7   0.0     1   158     1   177     1   178 0.87 -
1405073at2759_1295531_1:0011bc|NODE_701_length_17255_cov_86.409186:13242-13816 -            179 1405073at2759        -            159   2.1e-57  187.9   0.0   1   1   2.4e-57   2.4e-57  187.7   0.0     1   158     1   177     1   178 0.87 -
1405073at2759_1296096_1:0005da|NODE_701_length_17255_cov_86.409186:13242-13816 -            179 1405073at2759        -            159   2.1e-57  187.9   0.0   1   1   2.4e-57   2.4e-57  187.7   0.0     1   158     1   177     1   178 0.87 -
1405073at2759_12968_1:000098|NODE_701_length_17255_cov_86.409186:13242-13816   -            179 1405073at2759        -            159   2.1e-57  187.9   0.0   1   1   2.4e-57   2.4e-57  187.7   0.0     1   158     1   177     1   178 0.87 -
1405073at2759_13037_0:0021bd|NODE_701_length_17255_cov_86.409186:13242-13816   -            179 1405073at2759        -            159   2.1e-57  187.9   0.0   1   1   2.4e-57   2.4e-57  187.7   0.0     1   158     1   177     1   178 0.87 -
1405073at2759_1314672_1:0008e6|NODE_701_length_17255_cov_86.409186:13242-13816 -            179 1405073at2759        -            159   2.1e-57  187.9   0.0   1   1   2.4e-57   2.4e-57  187.7   0.0     1   158     1   177     1   178 0.87 -
1405073at2759_1314777_1:000cb2|NODE_701_length_17255_cov_86.409186:13242-13816 -            179 1405073at2759        -            159   2.1e-57  187.9   0.0   1   1   2.4e-57   2.4e-57  187.7   0.0     1   158     1   177     1   178 0.87 -
1405073at2759_133434_0:002ae8|NODE_701_length_17255_cov_86.409186:13242-13816  -            179 1405073at2759        -            159   2.1e-57  187.9   0.0   1   1   2.4e-57   2.4e-57  187.7   0.0     1   158     1   177     1   178 0.87 -
1405073at2759_1340429_1:000803|NODE_701_length_17255_cov_86.409186:13242-13816 -            179 1405073at2759        -            159   2.1e-57  187.9   0.0   1   1   2.4e-57   2.4e-57  187.7   0.0     1   158     1   177     1   178 0.87 -
1405073at2759_1357716_1:001706|NODE_701_length_17255_cov_86.409186:13242-13816 -            179 1405073at2759        -            159   2.1e-57  187.9   0.0   1   1   2.4e-57   2.4e-57  187.7   0.0     1   158     1   177     1   178 0.87 -
1405073at2759_13616_0:000ce5|NODE_701_length_17255_cov_86.409186:13242-13816   -            179 1405073at2759        -            159   2.1e-57  187.9   0.0   1   1   2.4e-57   2.4e-57  187.7   0.0     1   158     1   177     1   178 0.87 -
1405073at2759_1365824_1:0007be|NODE_701_length_17255_cov_86.409186:13242-13816 -            179 1405073at2759        -            159   2.1e-57  187.9   0.0   1   1   2.4e-57   2.4e-57  187.7   0.0     1   158     1   177     1   178 0.87 -
1405073at2759_13686_0:000961|NODE_701_length_17255_cov_86.409186:13242-13816   -            179 1405073at2759        -            159   2.1e-57  187.9   0.0   1   1   2.4e-57   2.4e-57  187.7   0.0     1   158     1   177     1   178 0.87 -
1405073at2759_1382522_1:000c65|NODE_701_length_17255_cov_86.409186:13242-13813 -            179 1405073at2759        -            159   2.1e-57  187.9   0.0   1   1   2.4e-57   2.4e-57  187.7   0.0     1   158     1   177     1   178 0.87 -
1405073at2759_1410327_1:001dab|NODE_701_length_17255_cov_86.409186:13242-13813 -            179 1405073at2759        -            159   2.1e-57  187.9   0.0   1   1   2.4e-57   2.4e-57  187.7   0.0     1   158     1   177     1   178 0.87 -
1405073at2759_144034_0:0010d3|NODE_701_length_17255_cov_86.409186:13242-13816  -            179 1405073at2759        -            159   2.1e-57  187.9   0.0   1   1   2.4e-57   2.4e-57  187.7   0.0     1   158     1   177     1   178 0.87 -
1405073at2759_145388_0:002bbc|NODE_701_length_17255_cov_86.409186:13242-13813  -            179 1405073at2759        -            159   2.1e-57  187.9   0.0   1   1   2.4e-57   2.4e-57  187.7   0.0     1   158     1   177     1   178 0.87 -
1405073at2759_146911_0:000dce|NODE_701_length_17255_cov_86.409186:13242-13816  -            179 1405073at2759        -            159   2.1e-57  187.9   0.0   1   1   2.4e-57   2.4e-57  187.7   0.0     1   158     1   177     1   178 0.87 -
1405073at2759_150288_0:000957|NODE_701_length_17255_cov_86.409186:13242-13816  -            179 1405073at2759        -            159   2.1e-57  187.9   0.0   1   1   2.4e-57   2.4e-57  187.7   0.0     1   158     1   177     1   178 0.87 -
1405073at2759_158441_0:0010db|NODE_701_length_17255_cov_86.409186:13242-13816  -            179 1405073at2759        -            159   2.1e-57  187.9   0.0   1   1   2.4e-57   2.4e-57  187.7   0.0     1   158     1   177     1   178 0.87 -
1405073at2759_1720309_0:0055b5|NODE_701_length_17255_cov_86.409186:13242-13816 -            179 1405073at2759        -            159   2.1e-57  187.9   0.0   1   1   2.4e-57   2.4e-57  187.7   0.0     1   158     1   177     1   178 0.87 -
1405073at2759_1754190_1:002364|NODE_701_length_17255_cov_86.409186:13242-13816 -            179 1405073at2759        -            159   2.1e-57  187.9   0.0   1   1   2.4e-57   2.4e-57  187.7   0.0     1   158     1   177     1   178 0.87 -
1405073at2759_1841481_0:002afd|NODE_701_length_17255_cov_86.409186:13242-13816 -            179 1405073at2759        -            159   2.1e-57  187.9   0.0   1   1   2.4e-57   2.4e-57  187.7   0.0     1   158     1   177     1   178 0.87 -
1405073at2759_185453_0:000a35|NODE_701_length_17255_cov_86.409186:13242-13816  -            179 1405073at2759        -            159   2.1e-57  187.9   0.0   1   1   2.4e-57   2.4e-57  187.7   0.0     1   158     1   177     1   178 0.87 -
1405073at2759_1868482_0:004219|NODE_701_length_17255_cov_86.409186:13242-13816 -            179 1405073at2759        -            159   2.1e-57  187.9   0.0   1   1   2.4e-57   2.4e-57  187.7   0.0     1   158     1   177     1   178 0.87 -
1405073at2759_197043_0:000c14|NODE_701_length_17255_cov_86.409186:13242-13816  -            179 1405073at2759        -            159   2.1e-57  187.9   0.0   1   1   2.4e-57   2.4e-57  187.7   0.0     1   158     1   177     1   178 0.87 -
1405073at2759_2015173_0:0015d8|NODE_701_length_17255_cov_86.409186:13242-13816 -            179 1405073at2759        -            159   2.1e-57  187.9   0.0   1   1   2.4e-57   2.4e-57  187.7   0.0     1   158     1   177     1   178 0.87 -
1405073at2759_215358_0:001c0d|NODE_701_length_17255_cov_86.409186:13242-13816  -            179 1405073at2759        -            159   2.1e-57  187.9   0.0   1   1   2.4e-57   2.4e-57  187.7   0.0     1   158     1   177     1   178 0.87 -
1405073at2759_217634_0:0033e2|NODE_701_length_17255_cov_86.409186:13242-13816  -            179 1405073at2759        -            159   2.1e-57  187.9   0.0   1   1   2.4e-57   2.4e-57  187.7   0.0     1   158     1   177     1   178 0.87 -
1405073at2759_218467_0:004009|NODE_701_length_17255_cov_86.409186:13242-13816  -            179 1405073at2759        -            159   2.1e-57  187.9   0.0   1   1   2.4e-57   2.4e-57  187.7   0.0     1   158     1   177     1   178 0.87 -
1405073at2759_219809_0:000cf4|NODE_701_length_17255_cov_86.409186:13242-13816  -            179 1405073at2759        -            159   2.1e-57  187.9   0.0   1   1   2.4e-57   2.4e-57  187.7   0.0     1   158     1   177     1   178 0.87 -
1405073at2759_222816_0:001f8b|NODE_701_length_17255_cov_86.409186:13242-13816  -            179 1405073at2759        -            159   2.1e-57  187.9   0.0   1   1   2.4e-57   2.4e-57  187.7   0.0     1   158     1   177     1   178 0.87 -
1405073at2759_224129_0:001dc3|NODE_701_length_17255_cov_86.409186:13242-13816  -            179 1405073at2759        -            159   2.1e-57  187.9   0.0   1   1   2.4e-57   2.4e-57  187.7   0.0     1   158     1   177     1   178 0.87 -
1405073at2759_225164_0:005648|NODE_701_length_17255_cov_86.409186:13242-13816  -            179 1405073at2759        -            159   2.1e-57  187.9   0.0   1   1   2.4e-57   2.4e-57  187.7   0.0     1   158     1   177     1   178 0.87 -
1405073at2759_225400_0:001593|NODE_701_length_17255_cov_86.409186:13242-13816  -            179 1405073at2759        -            159   2.1e-57  187.9   0.0   1   1   2.4e-57   2.4e-57  187.7   0.0     1   158     1   177     1   178 0.87 -
1405073at2759_259920_0:000104|NODE_701_length_17255_cov_86.409186:13242-13816  -            179 1405073at2759        -            159   2.1e-57  187.9   0.0   1   1   2.4e-57   2.4e-57  187.7   0.0     1   158     1   177     1   178 0.87 -
1405073at2759_261658_1:001f0f|NODE_701_length_17255_cov_86.409186:13242-13816  -            179 1405073at2759        -            159   2.1e-57  187.9   0.0   1   1   2.4e-57   2.4e-57  187.7   0.0     1   158     1   177     1   178 0.87 -
1405073at2759_28377_0:003c60|NODE_701_length_17255_cov_86.409186:13242-13816   -            179 1405073at2759        -            159   2.1e-57  187.9   0.0   1   1   2.4e-57   2.4e-57  187.7   0.0     1   158     1   177     1   178 0.87 -
1405073at2759_2880_1:00017a|NODE_701_length_17255_cov_86.409186:13242-13816    -            179 1405073at2759        -            159   2.1e-57  187.9   0.0   1   1   2.4e-57   2.4e-57  187.7   0.0     1   158     1   177     1   178 0.87 -
1405073at2759_29058_0:000e51|NODE_701_length_17255_cov_86.409186:13242-13816   -            179 1405073at2759        -            159   2.1e-57  187.9   0.0   1   1   2.4e-57   2.4e-57  187.7   0.0     1   158     1   177     1   178 0.87 -
1405073at2759_29159_0:005ce6|NODE_701_length_17255_cov_86.409186:13242-13816   -            179 1405073at2759        -            159   2.1e-57  187.9   0.0   1   1   2.4e-57   2.4e-57  187.7   0.0     1   158     1   177     1   178 0.87 -
1405073at2759_294128_0:0042c0|NODE_701_length_17255_cov_86.409186:13242-13816  -            179 1405073at2759        -            159   2.1e-57  187.9   0.0   1   1   2.4e-57   2.4e-57  187.7   0.0     1   158     1   177     1   178 0.87 -
1405073at2759_299123_0:000a8b|NODE_701_length_17255_cov_86.409186:13242-13816  -            179 1405073at2759        -            159   2.1e-57  187.9   0.0   1   1   2.4e-57   2.4e-57  187.7   0.0     1   158     1   177     1   178 0.87 -
1405073at2759_30019_0:002466|NODE_701_length_17255_cov_86.409186:13242-13816   -            179 1405073at2759        -            159   2.1e-57  187.9   0.0   1   1   2.4e-57   2.4e-57  187.7   0.0     1   158     1   177     1   178 0.87 -
1405073at2759_3055_0:0013b8|NODE_701_length_17255_cov_86.409186:13242-13813    -            179 1405073at2759        -            159   2.1e-57  187.9   0.0   1   1   2.4e-57   2.4e-57  187.7   0.0     1   158     1   177     1   178 0.87 -
1405073at2759_3068_0:001ec5|NODE_701_length_17255_cov_86.409186:13242-13813    -            179 1405073at2759        -            159   2.1e-57  187.9   0.0   1   1   2.4e-57   2.4e-57  187.7   0.0     1   158     1   177     1   178 0.87 -
1405073at2759_3075_0:0003a1|NODE_701_length_17255_cov_86.409186:13242-13813    -            179 1405073at2759        -            159   2.1e-57  187.9   0.0   1   1   2.4e-57   2.4e-57  187.7   0.0     1   158     1   177     1   178 0.87 -
1405073at2759_307658_0:000580|NODE_701_length_17255_cov_86.409186:13242-13816  -            179 1405073at2759        -            159   2.1e-57  187.9   0.0   1   1   2.4e-57   2.4e-57  187.7   0.0     1   158     1   177     1   178 0.87 -
1405073at2759_31033_0:004602|NODE_701_length_17255_cov_86.409186:13242-13816   -            179 1405073at2759        -            159   2.1e-57  187.9   0.0   1   1   2.4e-57   2.4e-57  187.7   0.0     1   158     1   177     1   178 0.87 -
1405073at2759_310752_0:0038af|NODE_701_length_17255_cov_86.409186:13242-13816  -            179 1405073at2759        -            159   2.1e-57  187.9   0.0   1   1   2.4e-57   2.4e-57  187.7   0.0     1   158     1   177     1   178 0.87 -
1405073at2759_319348_0:002c82|NODE_701_length_17255_cov_86.409186:13242-13816  -            179 1405073at2759        -            159   2.1e-57  187.9   0.0   1   1   2.4e-57   2.4e-57  187.7   0.0     1   158     1   177     1   178 0.87 -
1405073at2759_32264_0:00169a|NODE_701_length_17255_cov_86.409186:13242-13813   -            179 1405073at2759        -            159   2.1e-57  187.9   0.0   1   1   2.4e-57   2.4e-57  187.7   0.0     1   158     1   177     1   178 0.87 -
1405073at2759_326594_0:000d9a|NODE_701_length_17255_cov_86.409186:13242-13816  -            179 1405073at2759        -            159   2.1e-57  187.9   0.0   1   1   2.4e-57   2.4e-57  187.7   0.0     1   158     1   177     1   178 0.87 -
1405073at2759_329046_1:00385d|NODE_701_length_17255_cov_86.409186:13242-13816  -            179 1405073at2759        -            159   2.1e-57  187.9   0.0   1   1   2.4e-57   2.4e-57  187.7   0.0     1   158     1   177     1   178 0.87 -
1405073at2759_33097_0:0010d8|NODE_701_length_17255_cov_86.409186:13242-13813   -            179 1405073at2759        -            159   2.1e-57  187.9   0.0   1   1   2.4e-57   2.4e-57  187.7   0.0     1   158     1   177     1   178 0.87 -
1405073at2759_34638_0:001653|NODE_701_length_17255_cov_86.409186:13242-13816   -            179 1405073at2759        -            159   2.1e-57  187.9   0.0   1   1   2.4e-57   2.4e-57  187.7   0.0     1   158     1   177     1   178 0.87 -
1405073at2759_34740_0:003b4c|NODE_701_length_17255_cov_86.409186:13242-13816   -            179 1405073at2759        -            159   2.1e-57  187.9   0.0   1   1   2.4e-57   2.4e-57  187.7   0.0     1   158     1   177     1   178 0.87 -
1405073at2759_34839_0:0038a9|NODE_701_length_17255_cov_86.409186:13242-13816   -            179 1405073at2759        -            159   2.1e-57  187.9   0.0   1   1   2.4e-57   2.4e-57  187.7   0.0     1   158     1   177     1   178 0.87 -
1405073at2759_352472_1:000a35|NODE_701_length_17255_cov_86.409186:13242-13813  -            179 1405073at2759        -            159   2.1e-57  187.9   0.0   1   1   2.4e-57   2.4e-57  187.7   0.0     1   158     1   177     1   178 0.87 -
1405073at2759_361077_1:001a8b|NODE_701_length_17255_cov_86.409186:13242-13816  -            179 1405073at2759        -            159   2.1e-57  187.9   0.0   1   1   2.4e-57   2.4e-57  187.7   0.0     1   158     1   177     1   178 0.87 -
1405073at2759_37344_0:000ac9|NODE_701_length_17255_cov_86.409186:13242-13816   -            179 1405073at2759        -            159   2.1e-57  187.9   0.0   1   1   2.4e-57   2.4e-57  187.7   0.0     1   158     1   177     1   178 0.87 -
1405073at2759_37360_1:000151|NODE_701_length_17255_cov_86.409186:13242-13816   -            179 1405073at2759        -            159   2.1e-57  187.9   0.0   1   1   2.4e-57   2.4e-57  187.7   0.0     1   158     1   177     1   178 0.87 -
1405073at2759_37621_0:001f6c|NODE_701_length_17255_cov_86.409186:13242-13816   -            179 1405073at2759        -            159   2.1e-57  187.9   0.0   1   1   2.4e-57   2.4e-57  187.7   0.0     1   158     1   177     1   178 0.87 -
1405073at2759_38123_0:001155|NODE_701_length_17255_cov_86.409186:13242-13816   -            179 1405073at2759        -            159   2.1e-57  187.9   0.0   1   1   2.4e-57   2.4e-57  187.7   0.0     1   158     1   177     1   178 0.87 -
1405073at2759_403677_1:00154c|NODE_701_length_17255_cov_86.409186:13242-13816  -            179 1405073at2759        -            159   2.1e-57  187.9   0.0   1   1   2.4e-57   2.4e-57  187.7   0.0     1   158     1   177     1   178 0.87 -
1405073at2759_411798_0:001ee5|NODE_701_length_17255_cov_86.409186:13242-13816  -            179 1405073at2759        -            159   2.1e-57  187.9   0.0   1   1   2.4e-57   2.4e-57  187.7   0.0     1   158     1   177     1   178 0.87 -
1405073at2759_418985_0:001e9d|NODE_701_length_17255_cov_86.409186:13242-13816  -            179 1405073at2759        -            159   2.1e-57  187.9   0.0   1   1   2.4e-57   2.4e-57  187.7   0.0     1   158     1   177     1   178 0.87 -
1405073at2759_423536_1:0027bf|NODE_701_length_17255_cov_86.409186:13242-13816  -            179 1405073at2759        -            159   2.1e-57  187.9   0.0   1   1   2.4e-57   2.4e-57  187.7   0.0     1   158     1   177     1   178 0.87 -
1405073at2759_42514_0:000108|NODE_701_length_17255_cov_86.409186:13242-13816   -            179 1405073at2759        -            159   2.1e-57  187.9   0.0   1   1   2.4e-57   2.4e-57  187.7   0.0     1   158     1   177     1   178 0.87 -
1405073at2759_43041_0:0015d1|NODE_701_length_17255_cov_86.409186:13242-13816   -            179 1405073at2759        -            159   2.1e-57  187.9   0.0   1   1   2.4e-57   2.4e-57  187.7   0.0     1   158     1   177     1   178 0.87 -
1405073at2759_43151_0:0023f4|NODE_701_length_17255_cov_86.409186:13242-13816   -            179 1405073at2759        -            159   2.1e-57  187.9   0.0   1   1   2.4e-57   2.4e-57  187.7   0.0     1   158     1   177     1   178 0.87 -
1405073at2759_431895_0:00025f|NODE_701_length_17255_cov_86.409186:13242-13813  -            179 1405073at2759        -            159   2.1e-57  187.9   0.0   1   1   2.4e-57   2.4e-57  187.7   0.0     1   158     1   177     1   178 0.87 -
1405073at2759_43700_0:000856|NODE_701_length_17255_cov_86.409186:13242-13816   -            179 1405073at2759        -            159   2.1e-57  187.9   0.0   1   1   2.4e-57   2.4e-57  187.7   0.0     1   158     1   177     1   178 0.87 -
1405073at2759_438503_0:000243|NODE_701_length_17255_cov_86.409186:13242-13813  -            179 1405073at2759        -            159   2.1e-57  187.9   0.0   1   1   2.4e-57   2.4e-57  187.7   0.0     1   158     1   177     1   178 0.87 -
1405073at2759_45351_0:002f84|NODE_701_length_17255_cov_86.409186:13242-13816   -            179 1405073at2759        -            159   2.1e-57  187.9   0.0   1   1   2.4e-57   2.4e-57  187.7   0.0     1   158     1   177     1   178 0.87 -
1405073at2759_454923_0:001b1f|NODE_701_length_17255_cov_86.409186:13242-13816  -            179 1405073at2759        -            159   2.1e-57  187.9   0.0   1   1   2.4e-57   2.4e-57  187.7   0.0     1   158     1   177     1   178 0.87 -
1405073at2759_456900_0:001c15|NODE_701_length_17255_cov_86.409186:13242-13816  -            179 1405073at2759        -            159   2.1e-57  187.9   0.0   1   1   2.4e-57   2.4e-57  187.7   0.0     1   158     1   177     1   178 0.87 -
1405073at2759_45779_0:00395b|NODE_701_length_17255_cov_86.409186:13242-13816   -            179 1405073at2759        -            159   2.1e-57  187.9   0.0   1   1   2.4e-57   2.4e-57  187.7   0.0     1   158     1   177     1   178 0.87 -
1405073at2759_47790_0:00011f|NODE_701_length_17255_cov_86.409186:13242-13813   -            179 1405073at2759        -            159   2.1e-57  187.9   0.0   1   1   2.4e-57   2.4e-57  187.7   0.0     1   158     1   177     1   178 0.87 -
1405073at2759_478820_1:000f67|NODE_701_length_17255_cov_86.409186:13242-13816  -            179 1405073at2759        -            159   2.1e-57  187.9   0.0   1   1   2.4e-57   2.4e-57  187.7   0.0     1   158     1   177     1   178 0.87 -
1405073at2759_48498_0:005b49|NODE_701_length_17255_cov_86.409186:13242-13816   -            179 1405073at2759        -            159   2.1e-57  187.9   0.0   1   1   2.4e-57   2.4e-57  187.7   0.0     1   158     1   177     1   178 0.87 -
1405073at2759_48709_0:0028aa|NODE_701_length_17255_cov_86.409186:13242-13816   -            179 1405073at2759        -            159   2.1e-57  187.9   0.0   1   1   2.4e-57   2.4e-57  187.7   0.0     1   158     1   177     1   178 0.87 -
1405073at2759_4999_1:000f3d|NODE_701_length_17255_cov_86.409186:13242-13816    -            179 1405073at2759        -            159   2.1e-57  187.9   0.0   1   1   2.4e-57   2.4e-57  187.7   0.0     1   158     1   177     1   178 0.87 -
1405073at2759_50429_0:002f21|NODE_701_length_17255_cov_86.409186:13242-13816   -            179 1405073at2759        -            159   2.1e-57  187.9   0.0   1   1   2.4e-57   2.4e-57  187.7   0.0     1   158     1   177     1   178 0.87 -
1405073at2759_51655_0:002f03|NODE_701_length_17255_cov_86.409186:13242-13816   -            179 1405073at2759        -            159   2.1e-57  187.9   0.0   1   1   2.4e-57   2.4e-57  187.7   0.0     1   158     1   177     1   178 0.87 -
1405073at2759_52612_0:001295|NODE_701_length_17255_cov_86.409186:13242-13816   -            179 1405073at2759        -            159   2.1e-57  187.9   0.0   1   1   2.4e-57   2.4e-57  187.7   0.0     1   158     1   177     1   178 0.87 -
1405073at2759_535359_0:001650|NODE_701_length_17255_cov_86.409186:13242-13816  -            179 1405073at2759        -            159   2.1e-57  187.9   0.0   1   1   2.4e-57   2.4e-57  187.7   0.0     1   158     1   177     1   178 0.87 -
1405073at2759_54969_0:00421c|NODE_701_length_17255_cov_86.409186:13242-13816   -            179 1405073at2759        -            159   2.1e-57  187.9   0.0   1   1   2.4e-57   2.4e-57  187.7   0.0     1   158     1   177     1   178 0.87 -
1405073at2759_55661_0:000dfa|NODE_701_length_17255_cov_86.409186:13242-13816   -            179 1405073at2759        -            159   2.1e-57  187.9   0.0   1   1   2.4e-57   2.4e-57  187.7   0.0     1   158     1   177     1   178 0.87 -
1405073at2759_568069_0:00070b|NODE_701_length_17255_cov_86.409186:13242-13816  -            179 1405073at2759        -            159   2.1e-57  187.9   0.0   1   1   2.4e-57   2.4e-57  187.7   0.0     1   158     1   177     1   178 0.87 -
1405073at2759_574566_0:000abb|NODE_701_length_17255_cov_86.409186:13242-13813  -            179 1405073at2759        -            159   2.1e-57  187.9   0.0   1   1   2.4e-57   2.4e-57  187.7   0.0     1   158     1   177     1   178 0.87 -
1405073at2759_5786_1:002840|NODE_701_length_17255_cov_86.409186:13242-13816    -            179 1405073at2759        -            159   2.1e-57  187.9   0.0   1   1   2.4e-57   2.4e-57  187.7   0.0     1   158     1   177     1   178 0.87 -
1405073at2759_588596_1:0006aa|NODE_701_length_17255_cov_86.409186:13242-13816  -            179 1405073at2759        -            159   2.1e-57  187.9   0.0   1   1   2.4e-57   2.4e-57  187.7   0.0     1   158     1   177     1   178 0.87 -
1405073at2759_6087_0:004562|NODE_701_length_17255_cov_86.409186:13242-13816    -            179 1405073at2759        -            159   2.1e-57  187.9   0.0   1   1   2.4e-57   2.4e-57  187.7   0.0     1   158     1   177     1   178 0.87 -
1405073at2759_609295_0:0006a6|NODE_701_length_17255_cov_86.409186:13242-13816  -            179 1405073at2759        -            159   2.1e-57  187.9   0.0   1   1   2.4e-57   2.4e-57  187.7   0.0     1   158     1   177     1   178 0.87 -
1405073at2759_610380_0:001fbf|NODE_701_length_17255_cov_86.409186:13242-13816  -            179 1405073at2759        -            159   2.1e-57  187.9   0.0   1   1   2.4e-57   2.4e-57  187.7   0.0     1   158     1   177     1   178 0.87 -
1405073at2759_61621_0:004d1c|NODE_701_length_17255_cov_86.409186:13242-13816   -            179 1405073at2759        -            159   2.1e-57  187.9   0.0   1   1   2.4e-57   2.4e-57  187.7   0.0     1   158     1   177     1   178 0.87 -
1405073at2759_6183_0:000a93|NODE_701_length_17255_cov_86.409186:13242-13816    -            179 1405073at2759        -            159   2.1e-57  187.9   0.0   1   1   2.4e-57   2.4e-57  187.7   0.0     1   158     1   177     1   178 0.87 -
1405073at2759_61853_0:0006f8|NODE_701_length_17255_cov_86.409186:13242-13816   -            179 1405073at2759        -            159   2.1e-57  187.9   0.0   1   1   2.4e-57   2.4e-57  187.7   0.0     1   158     1   177     1   178 0.87 -
1405073at2759_61853_0:001bd0|NODE_701_length_17255_cov_86.409186:13242-13816   -            179 1405073at2759        -            159   2.1e-57  187.9   0.0   1   1   2.4e-57   2.4e-57  187.7   0.0     1   158     1   177     1   178 0.87 -
1405073at2759_6210_0:0026db|NODE_701_length_17255_cov_86.409186:13242-13816    -            179 1405073at2759        -            159   2.1e-57  187.9   0.0   1   1   2.4e-57   2.4e-57  187.7   0.0     1   158     1   177     1   178 0.87 -
1405073at2759_62625_0:001f2e|NODE_701_length_17255_cov_86.409186:13242-13816   -            179 1405073at2759        -            159   2.1e-57  187.9   0.0   1   1   2.4e-57   2.4e-57  187.7   0.0     1   158     1   177     1   178 0.87 -
1405073at2759_6412_0:000cf9|NODE_701_length_17255_cov_86.409186:13242-13816    -            179 1405073at2759        -            159   2.1e-57  187.9   0.0   1   1   2.4e-57   2.4e-57  187.7   0.0     1   158     1   177     1   178 0.87 -
1405073at2759_64459_0:00075c|NODE_701_length_17255_cov_86.409186:13242-13816   -            179 1405073at2759        -            159   2.1e-57  187.9   0.0   1   1   2.4e-57   2.4e-57  187.7   0.0     1   158     1   177     1   178 0.87 -
1405073at2759_645134_1:002205|NODE_701_length_17255_cov_86.409186:13242-13816  -            179 1405073at2759        -            159   2.1e-57  187.9   0.0   1   1   2.4e-57   2.4e-57  187.7   0.0     1   158     1   177     1   178 0.87 -
1405073at2759_6500_0:000ea7|NODE_701_length_17255_cov_86.409186:13242-13816    -            179 1405073at2759        -            159   2.1e-57  187.9   0.0   1   1   2.4e-57   2.4e-57  187.7   0.0     1   158     1   177     1   178 0.87 -
1405073at2759_6526_0:003a4a|NODE_701_length_17255_cov_86.409186:13242-13816    -            179 1405073at2759        -            159   2.1e-57  187.9   0.0   1   1   2.4e-57   2.4e-57  187.7   0.0     1   158     1   177     1   178 0.87 -
1405073at2759_6573_0:004504|NODE_701_length_17255_cov_86.409186:13242-13816    -            179 1405073at2759        -            159   2.1e-57  187.9   0.0   1   1   2.4e-57   2.4e-57  187.7   0.0     1   158     1   177     1   178 0.87 -
1405073at2759_6669_0:0013f9|NODE_701_length_17255_cov_86.409186:13242-13813    -            179 1405073at2759        -            159   2.1e-57  187.9   0.0   1   1   2.4e-57   2.4e-57  187.7   0.0     1   158     1   177     1   178 0.87 -
1405073at2759_680683_0:00359f|NODE_701_length_17255_cov_86.409186:13242-13816  -            179 1405073at2759        -            159   2.1e-57  187.9   0.0   1   1   2.4e-57   2.4e-57  187.7   0.0     1   158     1   177     1   178 0.87 -
1405073at2759_6832_0:0017c7|NODE_701_length_17255_cov_86.409186:13242-13816    -            179 1405073at2759        -            159   2.1e-57  187.9   0.0   1   1   2.4e-57   2.4e-57  187.7   0.0     1   158     1   177     1   178 0.87 -
1405073at2759_684364_1:000058|NODE_701_length_17255_cov_86.409186:13242-13816  -            179 1405073at2759        -            159   2.1e-57  187.9   0.0   1   1   2.4e-57   2.4e-57  187.7   0.0     1   158     1   177     1   178 0.87 -
1405073at2759_6850_0:002da0|NODE_701_length_17255_cov_86.409186:13242-13816    -            179 1405073at2759        -            159   2.1e-57  187.9   0.0   1   1   2.4e-57   2.4e-57  187.7   0.0     1   158     1   177     1   178 0.87 -
1405073at2759_691883_0:000d00|NODE_701_length_17255_cov_86.409186:13242-13816  -            179 1405073at2759        -            159   2.1e-57  187.9   0.0   1   1   2.4e-57   2.4e-57  187.7   0.0     1   158     1   177     1   178 0.87 -
1405073at2759_69319_0:000713|NODE_701_length_17255_cov_86.409186:13242-13816   -            179 1405073at2759        -            159   2.1e-57  187.9   0.0   1   1   2.4e-57   2.4e-57  187.7   0.0     1   158     1   177     1   178 0.87 -
1405073at2759_7004_0:0013ab|NODE_701_length_17255_cov_86.409186:13242-13816    -            179 1405073at2759        -            159   2.1e-57  187.9   0.0   1   1   2.4e-57   2.4e-57  187.7   0.0     1   158     1   177     1   178 0.87 -
1405073at2759_7070_0:002fa2|NODE_701_length_17255_cov_86.409186:13242-13816    -            179 1405073at2759        -            159   2.1e-57  187.9   0.0   1   1   2.4e-57   2.4e-57  187.7   0.0     1   158     1   177     1   178 0.87 -
1405073at2759_70779_0:002fc4|NODE_701_length_17255_cov_86.409186:13242-13816   -            179 1405073at2759        -            159   2.1e-57  187.9   0.0   1   1   2.4e-57   2.4e-57  187.7   0.0     1   158     1   177     1   178 0.87 -
1405073at2759_7091_0:0006b9|NODE_701_length_17255_cov_86.409186:13242-13816    -            179 1405073at2759        -            159   2.1e-57  187.9   0.0   1   1   2.4e-57   2.4e-57  187.7   0.0     1   158     1   177     1   178 0.87 -
1405073at2759_7130_0:0032af|NODE_701_length_17255_cov_86.409186:13242-13816    -            179 1405073at2759        -            159   2.1e-57  187.9   0.0   1   1   2.4e-57   2.4e-57  187.7   0.0     1   158     1   177     1   178 0.87 -
1405073at2759_7159_0:0006c2|NODE_701_length_17255_cov_86.409186:13242-13816    -            179 1405073at2759        -            159   2.1e-57  187.9   0.0   1   1   2.4e-57   2.4e-57  187.7   0.0     1   158     1   177     1   178 0.87 -
1405073at2759_7176_0:00453c|NODE_701_length_17255_cov_86.409186:13242-13816    -            179 1405073at2759        -            159   2.1e-57  187.9   0.0   1   1   2.4e-57   2.4e-57  187.7   0.0     1   158     1   177     1   178 0.87 -
1405073at2759_7200_0:00159b|NODE_701_length_17255_cov_86.409186:13242-13816    -            179 1405073at2759        -            159   2.1e-57  187.9   0.0   1   1   2.4e-57   2.4e-57  187.7   0.0     1   158     1   177     1   178 0.87 -
1405073at2759_72036_0:00302c|NODE_701_length_17255_cov_86.409186:13242-13813   -            179 1405073at2759        -            159   2.1e-57  187.9   0.0   1   1   2.4e-57   2.4e-57  187.7   0.0     1   158     1   177     1   178 0.87 -
1405073at2759_7260_0:002949|NODE_701_length_17255_cov_86.409186:13242-13816    -            179 1405073at2759        -            159   2.1e-57  187.9   0.0   1   1   2.4e-57   2.4e-57  187.7   0.0     1   158     1   177     1   178 0.87 -
1405073at2759_7375_0:000410|NODE_701_length_17255_cov_86.409186:13242-13816    -            179 1405073at2759        -            159   2.1e-57  187.9   0.0   1   1   2.4e-57   2.4e-57  187.7   0.0     1   158     1   177     1   178 0.87 -
1405073at2759_74873_0:002a60|NODE_701_length_17255_cov_86.409186:13242-13816   -            179 1405073at2759        -            159   2.1e-57  187.9   0.0   1   1   2.4e-57   2.4e-57  187.7   0.0     1   158     1   177     1   178 0.87 -
1405073at2759_74940_0:009375|NODE_701_length_17255_cov_86.409186:13242-13816   -            179 1405073at2759        -            159   2.1e-57  187.9   0.0   1   1   2.4e-57   2.4e-57  187.7   0.0     1   158     1   177     1   178 0.87 -
1405073at2759_7539_0:00235e|NODE_701_length_17255_cov_86.409186:13242-13816    -            179 1405073at2759        -            159   2.1e-57  187.9   0.0   1   1   2.4e-57   2.4e-57  187.7   0.0     1   158     1   177     1   178 0.87 -
1405073at2759_7574_0:000514|NODE_701_length_17255_cov_86.409186:13242-13816    -            179 1405073at2759        -            159   2.1e-57  187.9   0.0   1   1   2.4e-57   2.4e-57  187.7   0.0     1   158     1   177     1   178 0.87 -
1405073at2759_7668_0:001a27|NODE_701_length_17255_cov_86.409186:13242-13816    -            179 1405073at2759        -            159   2.1e-57  187.9   0.0   1   1   2.4e-57   2.4e-57  187.7   0.0     1   158     1   177     1   178 0.87 -
1405073at2759_7719_0:001a00|NODE_701_length_17255_cov_86.409186:13242-13816    -            179 1405073at2759        -            159   2.1e-57  187.9   0.0   1   1   2.4e-57   2.4e-57  187.7   0.0     1   158     1   177     1   178 0.87 -
1405073at2759_7741_0:004156|NODE_701_length_17255_cov_86.409186:13242-13816    -            179 1405073at2759        -            159   2.1e-57  187.9   0.0   1   1   2.4e-57   2.4e-57  187.7   0.0     1   158     1   177     1   178 0.87 -
1405073at2759_7868_0:000c00|NODE_701_length_17255_cov_86.409186:13242-13816    -            179 1405073at2759        -            159   2.1e-57  187.9   0.0   1   1   2.4e-57   2.4e-57  187.7   0.0     1   158     1   177     1   178 0.87 -
1405073at2759_7897_0:0037ff|NODE_701_length_17255_cov_86.409186:13242-13816    -            179 1405073at2759        -            159   2.1e-57  187.9   0.0   1   1   2.4e-57   2.4e-57  187.7   0.0     1   158     1   177     1   178 0.87 -
1405073at2759_7918_0:003efb|NODE_701_length_17255_cov_86.409186:13242-13816    -            179 1405073at2759        -            159   2.1e-57  187.9   0.0   1   1   2.4e-57   2.4e-57  187.7   0.0     1   158     1   177     1   178 0.87 -
1405073at2759_7950_0:0046ac|NODE_701_length_17255_cov_86.409186:13242-13816    -            179 1405073at2759        -            159   2.1e-57  187.9   0.0   1   1   2.4e-57   2.4e-57  187.7   0.0     1   158     1   177     1   178 0.87 -
1405073at2759_7955_0:004a98|NODE_701_length_17255_cov_86.409186:13242-13816    -            179 1405073at2759        -            159   2.1e-57  187.9   0.0   1   1   2.4e-57   2.4e-57  187.7   0.0     1   158     1   177     1   178 0.87 -
1405073at2759_79782_0:0014b3|NODE_701_length_17255_cov_86.409186:13242-13816   -            179 1405073at2759        -            159   2.1e-57  187.9   0.0   1   1   2.4e-57   2.4e-57  187.7   0.0     1   158     1   177     1   178 0.87 -
1405073at2759_7998_0:000dd6|NODE_701_length_17255_cov_86.409186:13242-13816    -            179 1405073at2759        -            159   2.1e-57  187.9   0.0   1   1   2.4e-57   2.4e-57  187.7   0.0     1   158     1   177     1   178 0.87 -
1405073at2759_8010_0:003d66|NODE_701_length_17255_cov_86.409186:13242-13816    -            179 1405073at2759        -            159   2.1e-57  187.9   0.0   1   1   2.4e-57   2.4e-57  187.7   0.0     1   158     1   177     1   178 0.87 -
1405073at2759_8208_0:005c37|NODE_701_length_17255_cov_86.409186:13242-13816    -            179 1405073at2759        -            159   2.1e-57  187.9   0.0   1   1   2.4e-57   2.4e-57  187.7   0.0     1   158     1   177     1   178 0.87 -
1405073at2759_83485_0:00243d|NODE_701_length_17255_cov_86.409186:13242-13816   -            179 1405073at2759        -            159   2.1e-57  187.9   0.0   1   1   2.4e-57   2.4e-57  187.7   0.0     1   158     1   177     1   178 0.87 -
1405073at2759_8355_0:003029|NODE_701_length_17255_cov_86.409186:13242-13816    -            179 1405073at2759        -            159   2.1e-57  187.9   0.0   1   1   2.4e-57   2.4e-57  187.7   0.0     1   158     1   177     1   178 0.87 -
1405073at2759_8478_0:004c2e|NODE_701_length_17255_cov_86.409186:13242-13816    -            179 1405073at2759        -            159   2.1e-57  187.9   0.0   1   1   2.4e-57   2.4e-57  187.7   0.0     1   158     1   177     1   178 0.87 -
1405073at2759_8496_0:001895|NODE_701_length_17255_cov_86.409186:13242-13816    -            179 1405073at2759        -            159   2.1e-57  187.9   0.0   1   1   2.4e-57   2.4e-57  187.7   0.0     1   158     1   177     1   178 0.87 -
1405073at2759_857566_1:0004e1|NODE_701_length_17255_cov_86.409186:13242-13813  -            179 1405073at2759        -            159   2.1e-57  187.9   0.0   1   1   2.4e-57   2.4e-57  187.7   0.0     1   158     1   177     1   178 0.87 -
1405073at2759_88015_0:002acf|NODE_701_length_17255_cov_86.409186:13242-13816   -            179 1405073at2759        -            159   2.1e-57  187.9   0.0   1   1   2.4e-57   2.4e-57  187.7   0.0     1   158     1   177     1   178 0.87 -
1405073at2759_88501_0:000ed7|NODE_701_length_17255_cov_86.409186:13242-13816   -            179 1405073at2759        -            159   2.1e-57  187.9   0.0   1   1   2.4e-57   2.4e-57  187.7   0.0     1   158     1   177     1   178 0.87 -
1405073at2759_89399_0:000559|NODE_701_length_17255_cov_86.409186:13242-13816   -            179 1405073at2759        -            159   2.1e-57  187.9   0.0   1   1   2.4e-57   2.4e-57  187.7   0.0     1   158     1   177     1   178 0.87 -
1405073at2759_8996_0:00242d|NODE_701_length_17255_cov_86.409186:13242-13816    -            179 1405073at2759        -            159   2.1e-57  187.9   0.0   1   1   2.4e-57   2.4e-57  187.7   0.0     1   158     1   177     1   178 0.87 -
1405073at2759_91411_0:0011a4|NODE_701_length_17255_cov_86.409186:13242-13816   -            179 1405073at2759        -            159   2.1e-57  187.9   0.0   1   1   2.4e-57   2.4e-57  187.7   0.0     1   158     1   177     1   178 0.87 -
1405073at2759_9244_0:0001a2|NODE_701_length_17255_cov_86.409186:13242-13816    -            179 1405073at2759        -            159   2.1e-57  187.9   0.0   1   1   2.4e-57   2.4e-57  187.7   0.0     1   158     1   177     1   178 0.87 -
1405073at2759_944170_1:00015b|NODE_701_length_17255_cov_86.409186:13242-13816  -            179 1405073at2759        -            159   2.1e-57  187.9   0.0   1   1   2.4e-57   2.4e-57  187.7   0.0     1   158     1   177     1   178 0.87 -
1405073at2759_946362_0:001f32|NODE_701_length_17255_cov_86.409186:13242-13816  -            179 1405073at2759        -            159   2.1e-57  187.9   0.0   1   1   2.4e-57   2.4e-57  187.7   0.0     1   158     1   177     1   178 0.87 -
1405073at2759_9796_0:000a9a|NODE_701_length_17255_cov_86.409186:13242-13816    -            179 1405073at2759        -            159   2.1e-57  187.9   0.0   1   1   2.4e-57   2.4e-57  187.7   0.0     1   158     1   177     1   178 0.87 -
1405073at2759_999809_1:0013e8|NODE_701_length_17255_cov_86.409186:13242-13816  -            179 1405073at2759        -            159   2.1e-57  187.9   0.0   1   1   2.4e-57   2.4e-57  187.7   0.0     1   158     1   177     1   178 0.87 -
1405073at2759_1676925_0:003e15|NODE_701_length_17255_cov_86.409186:13239-13816 -            180 1405073at2759        -            159   2.2e-57  187.8   0.0   1   1   2.5e-57   2.5e-57  187.6   0.0     1   158     2   178     2   179 0.87 -
1405073at2759_554065_0:001f39|NODE_701_length_17255_cov_86.409186:13236-13813  -            181 1405073at2759        -            159   2.2e-57  187.8   0.0   1   1   2.5e-57   2.5e-57  187.6   0.0     1   158     3   179     3   180 0.87 -
1405073at2759_8019_0:008786|NODE_701_length_17255_cov_86.409186:13242-13804    -            176 1405073at2759        -            159   5.9e-57  186.4   0.0   1   1   6.8e-57   6.8e-57  186.2   0.0     1   157     1   176     1   176 0.87 -
1405073at2759_1519565_1:000495|NODE_701_length_17255_cov_86.409186:13242-13798 -            174 1405073at2759        -            159   6.4e-56  183.0   0.0   1   1   7.4e-56   7.4e-56  182.8   0.0     1   155     1   174     1   174 0.87 -
1405073at2759_296543_1:00047e|NODE_701_length_17255_cov_86.409186:13242-13798  -            174 1405073at2759        -            159   6.4e-56  183.0   0.0   1   1   7.4e-56   7.4e-56  182.8   0.0     1   155     1   174     1   174 0.87 -
1405073at2759_35525_0:003b17|NODE_701_length_17255_cov_86.409186:13242-13798   -            174 1405073at2759        -            159   6.4e-56  183.0   0.0   1   1   7.4e-56   7.4e-56  182.8   0.0     1   155     1   174     1   174 0.87 -
1405073at2759_556484_1:0014f2|NODE_701_length_17255_cov_86.409186:13242-13798  -            174 1405073at2759        -            159   6.4e-56  183.0   0.0   1   1   7.4e-56   7.4e-56  182.8   0.0     1   155     1   174     1   174 0.87 -
1405073at2759_5949_1:004c9a|NODE_701_length_17255_cov_86.409186:13242-13798    -            174 1405073at2759        -            159   6.4e-56  183.0   0.0   1   1   7.4e-56   7.4e-56  182.8   0.0     1   155     1   174     1   174 0.87 -
1405073at2759_635003_1:001775|NODE_701_length_17255_cov_86.409186:13242-13798  -            174 1405073at2759        -            159   6.4e-56  183.0   0.0   1   1   7.4e-56   7.4e-56  182.8   0.0     1   155     1   174     1   174 0.87 -
1405073at2759_61621_0:0039d0|NODE_701_length_17255_cov_86.409186:13242-13789   -            171 1405073at2759        -            159   4.6e-54  177.0   0.0   1   1   5.2e-54   5.2e-54  176.8   0.0     1   152     1   171     1   171 0.87 -
1405073at2759_7962_0:004501|NODE_701_length_17255_cov_86.409186:13242-13816    -            191 1405073at2759        -            159     3e-53  174.4   0.1   1   1   7.4e-53   7.4e-53  173.1   0.1    23   158    34   189     1   190 0.78 -
1405073at2759_10141_0:002ddf|NODE_701_length_17255_cov_86.409186:13242-13816   -            191 1405073at2759        -            159     4e-53  173.9   0.1   1   1   8.8e-53   8.8e-53  172.8   0.1    24   158    35   189     1   190 0.79 -
1405073at2759_1296119_1:001577|NODE_701_length_17255_cov_86.409186:13242-13816 -            191 1405073at2759        -            159   4.5e-53  173.8   0.1   1   1   9.5e-53   9.5e-53  172.7   0.1    29   158    44   189     1   190 0.80 -
1405073at2759_1507870_1:00243f|NODE_701_length_17255_cov_86.409186:13242-13813 -            191 1405073at2759        -            159   4.5e-53  173.8   0.1   1   1   9.5e-53   9.5e-53  172.7   0.1    29   158    44   189     1   190 0.80 -
1405073at2759_245562_1:00142f|NODE_701_length_17255_cov_86.409186:13242-13813  -            191 1405073at2759        -            159   4.5e-53  173.8   0.1   1   1   9.5e-53   9.5e-53  172.7   0.1    29   158    44   189     1   190 0.80 -
1405073at2759_321146_1:002656|NODE_701_length_17255_cov_86.409186:13242-13813  -            191 1405073at2759        -            159   4.5e-53  173.8   0.1   1   1   9.5e-53   9.5e-53  172.7   0.1    29   158    44   189     1   190 0.80 -
1405073at2759_675120_1:001376|NODE_701_length_17255_cov_86.409186:13242-13813  -            191 1405073at2759        -            159   4.5e-53  173.8   0.1   1   1   9.5e-53   9.5e-53  172.7   0.1    29   158    44   189     1   190 0.80 -
1405073at2759_6198_0:002a1d|NODE_701_length_17255_cov_86.409186:13336-13816    -            160 1405073at2759        -            159     1e-52  172.6   0.0   1   1   1.2e-52   1.2e-52  172.4   0.0    29   158    13   158     2   159 0.87 -
1405073at2759_9785_0:003540|NODE_701_length_17255_cov_86.409186:13327-13816    -            163 1405073at2759        -            159     1e-52  172.6   0.0   1   1   1.2e-52   1.2e-52  172.4   0.0    29   158    16   161     4   162 0.86 -
1405073at2759_1317065_1:002907|NODE_701_length_17255_cov_86.409186:13339-13816 -            159 1405073at2759        -            159   1.1e-52  172.6   0.0   1   1   1.3e-52   1.3e-52  172.3   0.0    29   158    12   157     2   158 0.87 -
1405073at2759_13735_0:001f54|NODE_701_length_17255_cov_86.409186:13339-13816   -            159 1405073at2759        -            159   1.1e-52  172.6   0.0   1   1   1.3e-52   1.3e-52  172.3   0.0    29   158    12   157     2   158 0.87 -
1405073at2759_1415176_0:003dd4|NODE_701_length_17255_cov_86.409186:13339-13816 -            159 1405073at2759        -            159   1.1e-52  172.6   0.0   1   1   1.3e-52   1.3e-52  172.3   0.0    29   158    12   157     2   158 0.87 -
1405073at2759_216574_0:00230a|NODE_701_length_17255_cov_86.409186:13339-13816  -            159 1405073at2759        -            159   1.1e-52  172.6   0.0   1   1   1.3e-52   1.3e-52  172.3   0.0    29   158    12   157     2   158 0.87 -
1405073at2759_286706_0:0021c2|NODE_701_length_17255_cov_86.409186:13339-13816  -            159 1405073at2759        -            159   1.1e-52  172.6   0.0   1   1   1.3e-52   1.3e-52  172.3   0.0    29   158    12   157     2   158 0.87 -
1405073at2759_32536_0:000257|NODE_701_length_17255_cov_86.409186:13339-13816   -            159 1405073at2759        -            159   1.1e-52  172.6   0.0   1   1   1.3e-52   1.3e-52  172.3   0.0    29   158    12   157     2   158 0.87 -
1405073at2759_441894_0:0033c1|NODE_701_length_17255_cov_86.409186:13339-13816  -            159 1405073at2759        -            159   1.1e-52  172.6   0.0   1   1   1.3e-52   1.3e-52  172.3   0.0    29   158    12   157     2   158 0.87 -
1405073at2759_50402_0:0005e1|NODE_701_length_17255_cov_86.409186:13339-13816   -            159 1405073at2759        -            159   1.1e-52  172.6   0.0   1   1   1.3e-52   1.3e-52  172.3   0.0    29   158    12   157     2   158 0.87 -
1405073at2759_59894_0:002276|NODE_701_length_17255_cov_86.409186:13339-13816   -            159 1405073at2759        -            159   1.1e-52  172.6   0.0   1   1   1.3e-52   1.3e-52  172.3   0.0    29   158    12   157     2   158 0.87 -
1405073at2759_7038_0:001d5a|NODE_701_length_17255_cov_86.409186:13339-13816    -            159 1405073at2759        -            159   1.1e-52  172.6   0.0   1   1   1.3e-52   1.3e-52  172.3   0.0    29   158    12   157     2   158 0.87 -
1405073at2759_7994_0:0030b8|NODE_701_length_17255_cov_86.409186:13339-13816    -            159 1405073at2759        -            159   1.1e-52  172.6   0.0   1   1   1.3e-52   1.3e-52  172.3   0.0    29   158    12   157     2   158 0.87 -
1405073at2759_9103_0:002943|NODE_701_length_17255_cov_86.409186:13339-13816    -            159 1405073at2759        -            159   1.1e-52  172.6   0.0   1   1   1.3e-52   1.3e-52  172.3   0.0    29   158    12   157     2   158 0.87 -
1405073at2759_9135_0:001a98|NODE_701_length_17255_cov_86.409186:13339-13816    -            159 1405073at2759        -            159   1.1e-52  172.6   0.0   1   1   1.3e-52   1.3e-52  172.3   0.0    29   158    12   157     2   158 0.87 -
1405073at2759_9483_0:00443c|NODE_701_length_17255_cov_86.409186:13339-13816    -            159 1405073at2759        -            159   1.1e-52  172.6   0.0   1   1   1.3e-52   1.3e-52  172.3   0.0    29   158    12   157     2   158 0.87 -
1405073at2759_9925_0:001d5c|NODE_701_length_17255_cov_86.409186:13339-13813    -            159 1405073at2759        -            159   1.1e-52  172.6   0.0   1   1   1.3e-52   1.3e-52  172.3   0.0    29   158    12   157     2   158 0.87 -
1405073at2759_1041015_0:0028dc|NODE_701_length_17255_cov_86.409186:13342-13816 -            158 1405073at2759        -            159   1.1e-52  172.5   0.0   1   1   1.3e-52   1.3e-52  172.3   0.0    29   158    11   156     2   157 0.87 -
1405073at2759_104688_0:0015fe|NODE_701_length_17255_cov_86.409186:13342-13816  -            158 1405073at2759        -            159   1.1e-52  172.5   0.0   1   1   1.3e-52   1.3e-52  172.3   0.0    29   158    11   156     2   157 0.87 -
1405073at2759_1049336_0:0035fb|NODE_701_length_17255_cov_86.409186:13342-13816 -            158 1405073at2759        -            159   1.1e-52  172.5   0.0   1   1   1.3e-52   1.3e-52  172.3   0.0    29   158    11   156     2   157 0.87 -
1405073at2759_110193_0:001acf|NODE_701_length_17255_cov_86.409186:13342-13816  -            158 1405073at2759        -            159   1.1e-52  172.5   0.0   1   1   1.3e-52   1.3e-52  172.3   0.0    29   158    11   156     2   157 0.87 -
1405073at2759_1155016_0:002482|NODE_701_length_17255_cov_86.409186:13342-13816 -            158 1405073at2759        -            159   1.1e-52  172.5   0.0   1   1   1.3e-52   1.3e-52  172.3   0.0    29   158    11   156     2   157 0.87 -
1405073at2759_13146_0:0009bd|NODE_701_length_17255_cov_86.409186:13342-13816   -            158 1405073at2759        -            159   1.1e-52  172.5   0.0   1   1   1.3e-52   1.3e-52  172.3   0.0    29   158    11   156     2   157 0.87 -
1405073at2759_132113_0:001555|NODE_701_length_17255_cov_86.409186:13342-13816  -            158 1405073at2759        -            159   1.1e-52  172.5   0.0   1   1   1.3e-52   1.3e-52  172.3   0.0    29   158    11   156     2   157 0.87 -
1405073at2759_13249_0:000b8f|NODE_701_length_17255_cov_86.409186:13342-13816   -            158 1405073at2759        -            159   1.1e-52  172.5   0.0   1   1   1.3e-52   1.3e-52  172.3   0.0    29   158    11   156     2   157 0.87 -
1405073at2759_133901_0:000740|NODE_701_length_17255_cov_86.409186:13342-13816  -            158 1405073at2759        -            159   1.1e-52  172.5   0.0   1   1   1.3e-52   1.3e-52  172.3   0.0    29   158    11   156     2   157 0.87 -
1405073at2759_136037_0:002537|NODE_701_length_17255_cov_86.409186:13342-13816  -            158 1405073at2759        -            159   1.1e-52  172.5   0.0   1   1   1.3e-52   1.3e-52  172.3   0.0    29   158    11   156     2   157 0.87 -
1405073at2759_139723_0:001b26|NODE_701_length_17255_cov_86.409186:13342-13816  -            158 1405073at2759        -            159   1.1e-52  172.5   0.0   1   1   1.3e-52   1.3e-52  172.3   0.0    29   158    11   156     2   157 0.87 -
1405073at2759_143995_0:002411|NODE_701_length_17255_cov_86.409186:13342-13816  -            158 1405073at2759        -            159   1.1e-52  172.5   0.0   1   1   1.3e-52   1.3e-52  172.3   0.0    29   158    11   156     2   157 0.87 -
1405073at2759_156304_0:002333|NODE_701_length_17255_cov_86.409186:13342-13816  -            158 1405073at2759        -            159   1.1e-52  172.5   0.0   1   1   1.3e-52   1.3e-52  172.3   0.0    29   158    11   156     2   157 0.87 -
1405073at2759_181874_1:00335e|NODE_701_length_17255_cov_86.409186:13342-13816  -            158 1405073at2759        -            159   1.1e-52  172.5   0.0   1   1   1.3e-52   1.3e-52  172.3   0.0    29   158    11   156     2   157 0.87 -
1405073at2759_211228_0:0024fb|NODE_701_length_17255_cov_86.409186:13342-13816  -            158 1405073at2759        -            159   1.1e-52  172.5   0.0   1   1   1.3e-52   1.3e-52  172.3   0.0    29   158    11   156     2   157 0.87 -
1405073at2759_246812_0:000a38|NODE_701_length_17255_cov_86.409186:13342-13816  -            158 1405073at2759        -            159   1.1e-52  172.5   0.0   1   1   1.3e-52   1.3e-52  172.3   0.0    29   158    11   156     2   157 0.87 -
1405073at2759_286306_0:001f34|NODE_701_length_17255_cov_86.409186:13342-13816  -            158 1405073at2759        -            159   1.1e-52  172.5   0.0   1   1   1.3e-52   1.3e-52  172.3   0.0    29   158    11   156     2   157 0.87 -
1405073at2759_30538_0:004ab1|NODE_701_length_17255_cov_86.409186:13342-13816   -            158 1405073at2759        -            159   1.1e-52  172.5   0.0   1   1   1.3e-52   1.3e-52  172.3   0.0    29   158    11   156     2   157 0.87 -
1405073at2759_31234_0:0045be|NODE_701_length_17255_cov_86.409186:13342-13816   -            158 1405073at2759        -            159   1.1e-52  172.5   0.0   1   1   1.3e-52   1.3e-52  172.3   0.0    29   158    11   156     2   157 0.87 -
1405073at2759_35570_0:000c91|NODE_701_length_17255_cov_86.409186:13342-13816   -            158 1405073at2759        -            159   1.1e-52  172.5   0.0   1   1   1.3e-52   1.3e-52  172.3   0.0    29   158    11   156     2   157 0.87 -
1405073at2759_37653_0:000b19|NODE_701_length_17255_cov_86.409186:13342-13816   -            158 1405073at2759        -            159   1.1e-52  172.5   0.0   1   1   1.3e-52   1.3e-52  172.3   0.0    29   158    11   156     2   157 0.87 -
1405073at2759_378494_0:0067ae|NODE_701_length_17255_cov_86.409186:13342-13816  -            158 1405073at2759        -            159   1.1e-52  172.5   0.0   1   1   1.3e-52   1.3e-52  172.3   0.0    29   158    11   156     2   157 0.87 -
1405073at2759_441921_0:00120e|NODE_701_length_17255_cov_86.409186:13342-13816  -            158 1405073at2759        -            159   1.1e-52  172.5   0.0   1   1   1.3e-52   1.3e-52  172.3   0.0    29   158    11   156     2   157 0.87 -
1405073at2759_51031_0:000d51|NODE_701_length_17255_cov_86.409186:13342-13816   -            158 1405073at2759        -            159   1.1e-52  172.5   0.0   1   1   1.3e-52   1.3e-52  172.3   0.0    29   158    11   156     2   157 0.87 -
1405073at2759_6279_0:0010de|NODE_701_length_17255_cov_86.409186:13342-13816    -            158 1405073at2759        -            159   1.1e-52  172.5   0.0   1   1   1.3e-52   1.3e-52  172.3   0.0    29   158    11   156     2   157 0.87 -
1405073at2759_64838_0:0011d9|NODE_701_length_17255_cov_86.409186:13342-13816   -            158 1405073at2759        -            159   1.1e-52  172.5   0.0   1   1   1.3e-52   1.3e-52  172.3   0.0    29   158    11   156     2   157 0.87 -
1405073at2759_6973_0:003ea1|NODE_701_length_17255_cov_86.409186:13342-13816    -            158 1405073at2759        -            159   1.1e-52  172.5   0.0   1   1   1.3e-52   1.3e-52  172.3   0.0    29   158    11   156     2   157 0.87 -
1405073at2759_7222_0:000d20|NODE_701_length_17255_cov_86.409186:13342-13816    -            158 1405073at2759        -            159   1.1e-52  172.5   0.0   1   1   1.3e-52   1.3e-52  172.3   0.0    29   158    11   156     2   157 0.87 -
1405073at2759_7230_0:001ef0|NODE_701_length_17255_cov_86.409186:13342-13816    -            158 1405073at2759        -            159   1.1e-52  172.5   0.0   1   1   1.3e-52   1.3e-52  172.3   0.0    29   158    11   156     2   157 0.87 -
1405073at2759_7237_0:000006|NODE_701_length_17255_cov_86.409186:13342-13816    -            158 1405073at2759        -            159   1.1e-52  172.5   0.0   1   1   1.3e-52   1.3e-52  172.3   0.0    29   158    11   156     2   157 0.87 -
1405073at2759_7274_0:002f93|NODE_701_length_17255_cov_86.409186:13342-13816    -            158 1405073at2759        -            159   1.1e-52  172.5   0.0   1   1   1.3e-52   1.3e-52  172.3   0.0    29   158    11   156     2   157 0.87 -
1405073at2759_7425_0:000d4d|NODE_701_length_17255_cov_86.409186:13342-13816    -            158 1405073at2759        -            159   1.1e-52  172.5   0.0   1   1   1.3e-52   1.3e-52  172.3   0.0    29   158    11   156     2   157 0.87 -
1405073at2759_74869_0:00179d|NODE_701_length_17255_cov_86.409186:13342-13816   -            158 1405073at2759        -            159   1.1e-52  172.5   0.0   1   1   1.3e-52   1.3e-52  172.3   0.0    29   158    11   156     2   157 0.87 -
1405073at2759_7536_0:003eb5|NODE_701_length_17255_cov_86.409186:13342-13816    -            158 1405073at2759        -            159   1.1e-52  172.5   0.0   1   1   1.3e-52   1.3e-52  172.3   0.0    29   158    11   156     2   157 0.87 -
1405073at2759_166361_0:0036a6|NODE_701_length_17255_cov_86.409186:13291-13816  -            175 1405073at2759        -            159   1.1e-52  172.5   0.0   1   1   1.3e-52   1.3e-52  172.2   0.0    29   158    28   173     9   174 0.86 -
1405073at2759_7493_0:00227a|NODE_701_length_17255_cov_86.409186:13345-13816    -            157 1405073at2759        -            159   1.2e-52  172.4   0.0   1   1   1.4e-52   1.4e-52  172.2   0.0    29   158    10   155     3   156 0.87 -
1405073at2759_1036808_1:001276|NODE_701_length_17255_cov_86.409186:13354-13816 -            154 1405073at2759        -            159   1.2e-52  172.4   0.0   1   1   1.5e-52   1.5e-52  172.1   0.0    29   158     7   152     3   153 0.87 -
1405073at2759_1037660_1:000f8f|NODE_701_length_17255_cov_86.409186:13354-13816 -            154 1405073at2759        -            159   1.2e-52  172.4   0.0   1   1   1.5e-52   1.5e-52  172.1   0.0    29   158     7   152     3   153 0.87 -
1405073at2759_1051891_1:002d7b|NODE_701_length_17255_cov_86.409186:13354-13816 -            154 1405073at2759        -            159   1.2e-52  172.4   0.0   1   1   1.5e-52   1.5e-52  172.1   0.0    29   158     7   152     3   153 0.87 -
1405073at2759_1077348_1:0015ed|NODE_701_length_17255_cov_86.409186:13354-13816 -            154 1405073at2759        -            159   1.2e-52  172.4   0.0   1   1   1.5e-52   1.5e-52  172.1   0.0    29   158     7   152     3   153 0.87 -
1405073at2759_108892_1:000d11|NODE_701_length_17255_cov_86.409186:13354-13816  -            154 1405073at2759        -            159   1.2e-52  172.4   0.0   1   1   1.5e-52   1.5e-52  172.1   0.0    29   158     7   152     3   153 0.87 -
1405073at2759_1109443_1:0027f1|NODE_701_length_17255_cov_86.409186:13354-13816 -            154 1405073at2759        -            159   1.2e-52  172.4   0.0   1   1   1.5e-52   1.5e-52  172.1   0.0    29   158     7   152     3   153 0.87 -
1405073at2759_1165861_1:00070e|NODE_701_length_17255_cov_86.409186:13354-13816 -            154 1405073at2759        -            159   1.2e-52  172.4   0.0   1   1   1.5e-52   1.5e-52  172.1   0.0    29   158     7   152     3   153 0.87 -
1405073at2759_1314674_1:000d8a|NODE_701_length_17255_cov_86.409186:13354-13816 -            154 1405073at2759        -            159   1.2e-52  172.4   0.0   1   1   1.5e-52   1.5e-52  172.1   0.0    29   158     7   152     3   153 0.87 -
1405073at2759_1314783_1:0000ac|NODE_701_length_17255_cov_86.409186:13354-13816 -            154 1405073at2759        -            159   1.2e-52  172.4   0.0   1   1   1.5e-52   1.5e-52  172.1   0.0    29   158     7   152     3   153 0.87 -
1405073at2759_1423351_1:00063c|NODE_701_length_17255_cov_86.409186:13354-13816 -            154 1405073at2759        -            159   1.2e-52  172.4   0.0   1   1   1.5e-52   1.5e-52  172.1   0.0    29   158     7   152     3   153 0.87 -
1405073at2759_1460289_1:003ff0|NODE_701_length_17255_cov_86.409186:13354-13816 -            154 1405073at2759        -            159   1.2e-52  172.4   0.0   1   1   1.5e-52   1.5e-52  172.1   0.0    29   158     7   152     3   153 0.87 -
1405073at2759_27342_1:001ab5|NODE_701_length_17255_cov_86.409186:13354-13816   -            154 1405073at2759        -            159   1.2e-52  172.4   0.0   1   1   1.5e-52   1.5e-52  172.1   0.0    29   158     7   152     3   153 0.87 -
1405073at2759_27349_1:001d2e|NODE_701_length_17255_cov_86.409186:13354-13816   -            154 1405073at2759        -            159   1.2e-52  172.4   0.0   1   1   1.5e-52   1.5e-52  172.1   0.0    29   158     7   152     3   153 0.87 -
1405073at2759_418867_1:000ac4|NODE_701_length_17255_cov_86.409186:13354-13816  -            154 1405073at2759        -            159   1.2e-52  172.4   0.0   1   1   1.5e-52   1.5e-52  172.1   0.0    29   158     7   152     3   153 0.87 -
1405073at2759_630390_1:000aa4|NODE_701_length_17255_cov_86.409186:13354-13816  -            154 1405073at2759        -            159   1.2e-52  172.4   0.0   1   1   1.5e-52   1.5e-52  172.1   0.0    29   158     7   152     3   153 0.87 -
1405073at2759_670483_1:000274|NODE_701_length_17255_cov_86.409186:13354-13816  -            154 1405073at2759        -            159   1.2e-52  172.4   0.0   1   1   1.5e-52   1.5e-52  172.1   0.0    29   158     7   152     3   153 0.87 -
1405073at2759_694068_1:000ffc|NODE_701_length_17255_cov_86.409186:13354-13816  -            154 1405073at2759        -            159   1.2e-52  172.4   0.0   1   1   1.5e-52   1.5e-52  172.1   0.0    29   158     7   152     3   153 0.87 -
1405073at2759_703135_1:00006b|NODE_701_length_17255_cov_86.409186:13354-13816  -            154 1405073at2759        -            159   1.2e-52  172.4   0.0   1   1   1.5e-52   1.5e-52  172.1   0.0    29   158     7   152     3   153 0.87 -
1405073at2759_7209_0:001276|NODE_701_length_17255_cov_86.409186:13354-13816    -            154 1405073at2759        -            159   1.2e-52  172.4   0.0   1   1   1.5e-52   1.5e-52  172.1   0.0    29   158     7   152     3   153 0.87 -
1405073at2759_721885_1:000299|NODE_701_length_17255_cov_86.409186:13354-13816  -            154 1405073at2759        -            159   1.2e-52  172.4   0.0   1   1   1.5e-52   1.5e-52  172.1   0.0    29   158     7   152     3   153 0.87 -
1405073at2759_747525_1:0002b2|NODE_701_length_17255_cov_86.409186:13354-13816  -            154 1405073at2759        -            159   1.2e-52  172.4   0.0   1   1   1.5e-52   1.5e-52  172.1   0.0    29   158     7   152     3   153 0.87 -
1405073at2759_765257_1:000423|NODE_701_length_17255_cov_86.409186:13354-13816  -            154 1405073at2759        -            159   1.2e-52  172.4   0.0   1   1   1.5e-52   1.5e-52  172.1   0.0    29   158     7   152     3   153 0.87 -
1405073at2759_870435_1:001a9b|NODE_701_length_17255_cov_86.409186:13354-13816  -            154 1405073at2759        -            159   1.2e-52  172.4   0.0   1   1   1.5e-52   1.5e-52  172.1   0.0    29   158     7   152     3   153 0.87 -
1405073at2759_930990_1:002374|NODE_701_length_17255_cov_86.409186:13354-13816  -            154 1405073at2759        -            159   1.2e-52  172.4   0.0   1   1   1.5e-52   1.5e-52  172.1   0.0    29   158     7   152     3   153 0.87 -
1405073at2759_933084_1:000586|NODE_701_length_17255_cov_86.409186:13354-13816  -            154 1405073at2759        -            159   1.2e-52  172.4   0.0   1   1   1.5e-52   1.5e-52  172.1   0.0    29   158     7   152     3   153 0.87 -
1405073at2759_990650_1:0062ce|NODE_701_length_17255_cov_86.409186:13354-13816  -            154 1405073at2759        -            159   1.2e-52  172.4   0.0   1   1   1.5e-52   1.5e-52  172.1   0.0    29   158     7   152     3   153 0.87 -
1405073at2759_185453_0:0034ed|NODE_701_length_17255_cov_86.409186:13357-13816  -            153 1405073at2759        -            159   1.2e-52  172.4   0.0   1   1   1.5e-52   1.5e-52  172.1   0.0    29   158     6   151     3   152 0.87 -
1405073at2759_1157616_1:0018ba|NODE_701_length_17255_cov_86.409186:13363-13813 -            151 1405073at2759        -            159   1.3e-52  172.3   0.0   1   1   1.5e-52   1.5e-52  172.1   0.0    29   158     4   149     3   150 0.87 -
1405073at2759_121225_0:0021bf|NODE_701_length_17255_cov_86.409186:13363-13816  -            151 1405073at2759        -            159   1.3e-52  172.3   0.0   1   1   1.5e-52   1.5e-52  172.1   0.0    29   158     4   149     3   150 0.87 -
1405073at2759_1047168_1:0002f4|NODE_701_length_17255_cov_86.409186:13372-13813 -            148 1405073at2759        -            159   1.4e-52  172.2   0.0   1   1   1.6e-52   1.6e-52  172.0   0.0    29   158     1   146     1   147 0.87 -
1405073at2759_58331_0:006f53|NODE_701_length_17255_cov_86.409186:13372-13813   -            148 1405073at2759        -            159   1.4e-52  172.2   0.0   1   1   1.6e-52   1.6e-52  172.0   0.0    29   158     1   146     1   147 0.87 -
1405073at2759_692275_1:001218|NODE_701_length_17255_cov_86.409186:13372-13813  -            148 1405073at2759        -            159   1.4e-52  172.2   0.0   1   1   1.6e-52   1.6e-52  172.0   0.0    29   158     1   146     1   147 0.87 -
1405073at2759_2711_0:004ae3|NODE_701_length_17255_cov_86.409186:13375-13813    -            147 1405073at2759        -            159   3.1e-52  171.0   0.0   1   1   3.6e-52   3.6e-52  170.9   0.0    30   158     1   145     1   146 0.87 -
1405073at2759_29655_0:0005e2|NODE_701_length_17255_cov_86.409186:13375-13813   -            147 1405073at2759        -            159   3.1e-52  171.0   0.0   1   1   3.6e-52   3.6e-52  170.9   0.0    30   158     1   145     1   146 0.87 -
1405073at2759_946122_1:000190|NODE_701_length_17255_cov_86.409186:13354-13804  -            151 1405073at2759        -            159   3.4e-52  170.9   0.0   1   1   4.2e-52   4.2e-52  170.6   0.0    29   157     7   151     3   151 0.88 -
1405073at2759_637379_1:002114|NODE_701_length_17255_cov_86.409186:13339-13798  -            154 1405073at2759        -            159   3.2e-51  167.8   0.0   1   1   3.8e-51   3.8e-51  167.5   0.0    29   155    12   154     2   154 0.87 -
1405073at2759_29031_0:002b59|NODE_701_length_17255_cov_86.409186:13342-13792   -            151 1405073at2759        -            159   6.1e-50  163.6   0.0   1   1   7.1e-50   7.1e-50  163.4   0.0    29   153    11   151     2   151 0.87 -
1405073at2759_199890_0:00072d|NODE_701_length_17255_cov_86.409186:13242-13765  -            163 1405073at2759        -            159   4.9e-48  157.4   0.0   1   1   5.7e-48   5.7e-48  157.2   0.0     1   144     1   163     1   163 0.85 -
1405073at2759_176946_0:003311|NODE_701_length_17255_cov_86.409186:13399-13816  -            139 1405073at2759        -            159   9.6e-48  156.5   0.0   1   1   1.1e-47   1.1e-47  156.3   0.0    38   158     1   137     1   138 0.87 -
1405073at2759_6185_0:00187f|NODE_701_length_17255_cov_86.409186:13354-13886    -            153 1405073at2759        -            159   3.7e-47  154.6   0.0   1   1   4.9e-47   4.9e-47  154.2   0.0    29   150     7   144     3   148 0.87 -
1405073at2759_3076_0:0001e8|NODE_701_length_17255_cov_86.409186:13339-13780    -            148 1405073at2759        -            159   5.9e-47  153.9   0.0   1   1     7e-47     7e-47  153.7   0.0    29   149    12   148     2   148 0.86 -
1405073at2759_595528_0:0007a7|NODE_701_length_17255_cov_86.409186:13242-13750  -            158 1405073at2759        -            159   9.7e-47  153.2   0.0   1   1   1.1e-46   1.1e-46  153.0   0.0     1   138     1   154     1   158 0.86 -
1405073at2759_1714833_1:0022b8|NODE_701_length_17255_cov_86.409186:13354-13777 -            142 1405073at2759        -            159   1.4e-46  152.7   0.0   1   1   1.8e-46   1.8e-46  152.4   0.0    29   148     7   142     3   142 0.87 -
1405073at2759_10181_0:0010e0|NODE_701_length_17255_cov_86.409186:13242-13741   -            155 1405073at2759        -            159   1.5e-46  152.6   0.1   1   1   1.7e-46   1.7e-46  152.4   0.1     1   136     1   152     1   155 0.86 -
1405073at2759_246409_1:001009|NODE_701_length_17255_cov_86.409186:13242-13816  -            150 1405073at2759        -            159   2.1e-46  152.1   0.0   1   1   3.8e-46   3.8e-46  151.3   0.0    46   158    23   148     4   149 0.82 -
1405073at2759_885580_0:0046c0|NODE_701_length_17255_cov_86.409186:13242-13735  -            153 1405073at2759        -            159   2.2e-46  152.0   0.1   1   1   2.6e-46   2.6e-46  151.8   0.1     1   135     1   151     1   153 0.86 -
1405073at2759_156563_0:0020ed|NODE_701_length_17255_cov_86.409186:13411-13816  -            135 1405073at2759        -            159   6.4e-46  150.5   0.0   1   1   7.4e-46   7.4e-46  150.3   0.0    49   158    14   133     2   134 0.88 -
1405073at2759_345164_0:0001e8|NODE_701_length_17255_cov_86.409186:13420-13816  -            132 1405073at2759        -            159   6.8e-46  150.5   0.0   1   1     8e-46     8e-46  150.2   0.0    49   158    11   130     3   131 0.88 -
1405073at2759_381198_0:002eaa|NODE_701_length_17255_cov_86.409186:13420-13816  -            132 1405073at2759        -            159   6.8e-46  150.5   0.0   1   1     8e-46     8e-46  150.2   0.0    49   158    11   130     3   131 0.88 -
1405073at2759_58291_1:0046cc|NODE_701_length_17255_cov_86.409186:13420-13816   -            132 1405073at2759        -            159   6.8e-46  150.5   0.0   1   1     8e-46     8e-46  150.2   0.0    49   158    11   130     3   131 0.88 -
1405073at2759_1157962_0:000881|NODE_701_length_17255_cov_86.409186:13429-13813 -            129 1405073at2759        -            159   7.3e-46  150.3   0.0   1   1   7.9e-46   7.9e-46  150.2   0.0    49   158     8   127     1   128 0.89 -
1405073at2759_30419_0:0019be|NODE_701_length_17255_cov_86.409186:13432-13816   -            128 1405073at2759        -            159   8.1e-46  150.2   0.0   1   1   8.7e-46   8.7e-46  150.1   0.0    49   158     7   126     1   127 0.89 -
1405073at2759_166423_0:000237|NODE_701_length_17255_cov_86.409186:13444-13816  -            124 1405073at2759        -            159   1.2e-45  149.6   0.0   1   1   1.3e-45   1.3e-45  149.5   0.0    51   158     5   122     1   123 0.90 -
1405073at2759_128390_0:000b58|NODE_701_length_17255_cov_86.409186:13453-13816  -            121 1405073at2759        -            159   1.9e-45  149.0   0.0   1   1   2.1e-45   2.1e-45  148.9   0.0    52   158     3   119     1   120 0.91 -
1405073at2759_61853_0:00085b|NODE_701_length_17255_cov_86.409186:13339-13790   -            151 1405073at2759        -            159   4.3e-43  141.4   0.0   1   1   5.5e-43   5.5e-43  141.0   0.0    29   144    12   143     2   148 0.85 -
1405073at2759_9685_0:0040d9|NODE_701_length_17255_cov_86.409186:13242-13702    -            142 1405073at2759        -            159   1.4e-42  139.7   0.1   1   1   1.6e-42   1.6e-42  139.5   0.1     1   126     1   142     1   142 0.86 -
1405073at2759_419612_0:001b5d|NODE_701_length_17255_cov_86.409186:13242-13699  -            141 1405073at2759        -            159   1.3e-41  136.5   0.1   1   1   1.6e-41   1.6e-41  136.3   0.1     1   125     1   141     1   141 0.86 -
1405073at2759_43346_0:003091|NODE_701_length_17255_cov_86.409186:13242-13699   -            141 1405073at2759        -            159   1.3e-41  136.5   0.1   1   1   1.6e-41   1.6e-41  136.3   0.1     1   125     1   141     1   141 0.86 -
1405073at2759_56086_0:000861|NODE_701_length_17255_cov_86.409186:13242-13699   -            141 1405073at2759        -            159   1.3e-41  136.5   0.1   1   1   1.6e-41   1.6e-41  136.3   0.1     1   125     1   141     1   141 0.86 -
1405073at2759_6945_0:0012a6|NODE_701_length_17255_cov_86.409186:13242-13699    -            141 1405073at2759        -            159   1.3e-41  136.5   0.1   1   1   1.6e-41   1.6e-41  136.3   0.1     1   125     1   141     1   141 0.86 -
1405073at2759_9615_0:000d0a|NODE_701_length_17255_cov_86.409186:13242-13699    -            141 1405073at2759        -            159   1.3e-41  136.5   0.1   1   1   1.6e-41   1.6e-41  136.3   0.1     1   125     1   141     1   141 0.86 -
1405073at2759_9691_0:001877|NODE_701_length_17255_cov_86.409186:13242-13699    -            141 1405073at2759        -            159   1.3e-41  136.5   0.1   1   1   1.6e-41   1.6e-41  136.3   0.1     1   125     1   141     1   141 0.86 -
1405073at2759_9974_0:0032c0|NODE_701_length_17255_cov_86.409186:13242-13699    -            141 1405073at2759        -            159   1.3e-41  136.5   0.1   1   1   1.6e-41   1.6e-41  136.3   0.1     1   125     1   141     1   141 0.86 -
1405073at2759_407821_0:002a3c|NODE_701_length_17255_cov_86.409186:13429-13783  -            119 1405073at2759        -            159   7.3e-41  134.1   0.0   1   1   7.9e-41   7.9e-41  134.0   0.0    49   150     8   119     1   119 0.88 -
1405073at2759_8030_0:00b624|NODE_701_length_17255_cov_86.409186:13492-13816    -            108 1405073at2759        -            159   1.8e-40  132.8   0.0   1   1     2e-40     2e-40  132.7   0.0    63   158     1   106     1   107 0.90 -
1405073at2759_126957_0:0035f3|NODE_701_length_17255_cov_86.409186:13242-13816  -            135 1405073at2759        -            159     6e-38  124.6   0.5   1   2   0.00026   0.00026   15.3   0.3     1    39     1    42     1    43 0.84 -
1405073at2759_126957_0:0035f3|NODE_701_length_17255_cov_86.409186:13242-13816  -            135 1405073at2759        -            159     6e-38  124.6   0.5   2   2     5e-33     5e-33  108.6   0.0    77   158    42   133    41   134 0.88 -
1405073at2759_597456_0:0015b7|NODE_701_length_17255_cov_86.409186:13342-13699  -            120 1405073at2759        -            159   7.2e-37  121.1   0.0   1   1   8.3e-37   8.3e-37  120.9   0.0    29   125    11   120     2   120 0.87 -
1405073at2759_43346_0:002773|NODE_701_length_17255_cov_86.409186:13339-13813   -            123 1405073at2759        -            159   2.4e-36  119.4   0.3   1   2   5.6e-21   5.6e-21   69.5   0.2    29    88    12    77     2    78 0.86 -
1405073at2759_43346_0:002773|NODE_701_length_17255_cov_86.409186:13339-13813   -            123 1405073at2759        -            159   2.4e-36  119.4   0.3   2   2   1.5e-14   1.5e-14   48.6   0.0   118   158    78   121    78   122 0.89 -
1405073at2759_113334_0:002be6|NODE_701_length_17255_cov_86.409186:13242-13624  -            116 1405073at2759        -            159   1.7e-33  110.2   0.2   1   1     2e-33     2e-33  110.0   0.2     1   104     1   116     1   116 0.85 -
1405073at2759_168631_0:000c7c|NODE_701_length_17255_cov_86.409186:13242-13624  -            116 1405073at2759        -            159   1.7e-33  110.2   0.2   1   1     2e-33     2e-33  110.0   0.2     1   104     1   116     1   116 0.85 -
1405073at2759_1169474_1:005fae|NODE_701_length_17255_cov_86.409186:13242-13621 -            115 1405073at2759        -            159   4.4e-33  108.8   0.3   1   1   5.1e-33   5.1e-33  108.6   0.3     1   103     1   115     1   115 0.85 -
1405073at2759_932674_0:000e46|NODE_701_length_17255_cov_86.409186:13549-13816  -             89 1405073at2759        -            159   4.1e-31  102.4   0.0   1   1   4.5e-31   4.5e-31  102.3   0.0    82   158     1    87     1    88 0.88 -
1405073at2759_438502_0:005365|NODE_701_length_17255_cov_86.409186:13555-13816  -             87 1405073at2759        -            159   1.2e-29   97.7   0.0   1   1   1.3e-29   1.3e-29   97.6   0.0    84   158     1    85     1    86 0.88 -
1405073at2759_1218281_0:0030fa|NODE_701_length_17255_cov_86.409186:13351-13624 -             92 1405073at2759        -            159   9.4e-29   94.7   0.2   1   1   1.1e-28   1.1e-28   94.5   0.2    29   104     8    92     3    92 0.86 -
1405073at2759_10036_0:001eed|NODE_701_length_17255_cov_86.409186:13242-13558   -             94 1405073at2759        -            159   8.7e-24   78.6   0.4   1   1     1e-23     1e-23   78.4   0.4     1    85     1    94     1    94 0.85 -
1405073at2759_9258_0:004a52|NODE_701_length_17255_cov_86.409186:13242-13558    -             94 1405073at2759        -            159   8.7e-24   78.6   0.4   1   1     1e-23     1e-23   78.4   0.4     1    85     1    94     1    94 0.85 -
1405073at2759_407821_0:004679|NODE_701_length_17255_cov_86.409186:13351-13576  -             76 1405073at2759        -            159   1.4e-23   77.9   0.1   1   1   1.6e-23   1.6e-23   77.7   0.1    29    91     8    76     3    76 0.87 -
#
# Program:         hmmsearch
# Version:         3.1b2 (February 2015)
# Pipeline mode:   SEARCH
# Query file:      mb_downloads/eukaryota_odb10/hmms/1405073at2759.hmm
# Target file:     -
# Option settings: /opt/conda/envs/compleasm/bin/hmmsearch --domtblout compleasm/eukaryota_odb10/hmmer_output/1405073at2759.out --cpu 1 mb_downloads/eukaryota_odb10/hmms/1405073at2759.hmm - 
# Current dir:     /in
# Date:            Tue Oct 22 12:38:38 2024
# [ok]
