#                                                                                                                                   --- full sequence --- -------------- this domain -------------   hmm coord   ali coord   env coord
# target name                                                               accession   tlen query name           accession   qlen   E-value  score  bias   #  of  c-Evalue  i-Evalue  score  bias  from    to  from    to  from    to  acc description of target
#                                                       ------------------- ---------- ----- -------------------- ---------- ----- --------- ------ ----- --- --- --------- --------- ------ ----- ----- ----- ----- ----- ----- ----- ---- ---------------------
1423847at2759_857276_1:000a06|NODE_473_length_19743_cov_86.165921:5797-6925 -            376 1423847at2759        -            275   2.4e-55  177.3   0.2   1   3   1.7e-45   3.2e-45  144.1   0.4     3   192     4   247     2   260 0.84 -
1423847at2759_857276_1:000a06|NODE_473_length_19743_cov_86.165921:5797-6925 -            376 1423847at2759        -            275   2.4e-55  177.3   0.2   2   3   1.7e-09   3.1e-09   26.1   0.0   198   258   273   337   266   342 0.87 -
1423847at2759_857276_1:000a06|NODE_473_length_19743_cov_86.165921:5797-6925 -            376 1423847at2759        -            275   2.4e-55  177.3   0.2   3   3      0.63       1.2   -2.0   0.0   259   274   359   374   357   375 0.88 -
1423847at2759_237895_1:000635|NODE_473_length_19743_cov_86.165921:5797-6916 -            373 1423847at2759        -            275   3.9e-55  176.6   0.2   1   3     3e-45   5.6e-45  143.3   0.4     5   192     3   244     1   256 0.84 -
1423847at2759_237895_1:000635|NODE_473_length_19743_cov_86.165921:5797-6916 -            373 1423847at2759        -            275   3.9e-55  176.6   0.2   2   3   1.7e-09   3.1e-09   26.1   0.0   198   258   270   334   264   339 0.87 -
1423847at2759_237895_1:000635|NODE_473_length_19743_cov_86.165921:5797-6916 -            373 1423847at2759        -            275   3.9e-55  176.6   0.2   3   3      0.63       1.2   -2.0   0.0   259   274   356   371   354   372 0.88 -
1423847at2759_6198_0:001984|NODE_473_length_19743_cov_86.165921:5797-6916   -            373 1423847at2759        -            275   3.9e-55  176.6   0.2   1   3     3e-45   5.6e-45  143.3   0.4     5   192     3   244     1   256 0.84 -
1423847at2759_6198_0:001984|NODE_473_length_19743_cov_86.165921:5797-6916   -            373 1423847at2759        -            275   3.9e-55  176.6   0.2   2   3   1.7e-09   3.1e-09   26.1   0.0   198   258   270   334   264   339 0.87 -
1423847at2759_6198_0:001984|NODE_473_length_19743_cov_86.165921:5797-6916   -            373 1423847at2759        -            275   3.9e-55  176.6   0.2   3   3      0.63       1.2   -2.0   0.0   259   274   356   371   354   372 0.88 -
1423847at2759_93969_1:000b30|NODE_473_length_19743_cov_86.165921:5797-6916  -            373 1423847at2759        -            275   3.9e-55  176.6   0.2   1   3     3e-45   5.6e-45  143.3   0.4     5   192     3   244     1   256 0.84 -
1423847at2759_93969_1:000b30|NODE_473_length_19743_cov_86.165921:5797-6916  -            373 1423847at2759        -            275   3.9e-55  176.6   0.2   2   3   1.7e-09   3.1e-09   26.1   0.0   198   258   270   334   264   339 0.87 -
1423847at2759_93969_1:000b30|NODE_473_length_19743_cov_86.165921:5797-6916  -            373 1423847at2759        -            275   3.9e-55  176.6   0.2   3   3      0.63       1.2   -2.0   0.0   259   274   356   371   354   372 0.88 -
1423847at2759_407821_0:00053a|NODE_473_length_19743_cov_86.165921:5803-6910 -            370 1423847at2759        -            275   6.2e-55  176.0   0.1   1   3   4.6e-45   8.6e-45  142.7   0.3     5   192     1   242     1   255 0.84 -
1423847at2759_407821_0:00053a|NODE_473_length_19743_cov_86.165921:5803-6910 -            370 1423847at2759        -            275   6.2e-55  176.0   0.1   2   3   1.7e-09   3.1e-09   26.1   0.0   198   258   268   332   262   337 0.87 -
1423847at2759_407821_0:00053a|NODE_473_length_19743_cov_86.165921:5803-6910 -            370 1423847at2759        -            275   6.2e-55  176.0   0.1   3   3      0.62       1.2   -2.0   0.0   259   274   354   369   352   370 0.88 -
1423847at2759_6183_0:001ccf|NODE_473_length_19743_cov_86.165921:5797-6910   -            371 1423847at2759        -            275   6.3e-55  176.0   0.1   1   3   4.7e-45   8.7e-45  142.7   0.3     5   192     1   242     1   255 0.84 -
1423847at2759_6183_0:001ccf|NODE_473_length_19743_cov_86.165921:5797-6910   -            371 1423847at2759        -            275   6.3e-55  176.0   0.1   2   3   1.7e-09   3.1e-09   26.1   0.0   198   258   268   332   262   337 0.87 -
1423847at2759_6183_0:001ccf|NODE_473_length_19743_cov_86.165921:5797-6910   -            371 1423847at2759        -            275   6.3e-55  176.0   0.1   3   3      0.62       1.2   -2.0   0.0   259   274   354   369   352   370 0.88 -
1423847at2759_6210_0:00246c|NODE_473_length_19743_cov_86.165921:5797-6910   -            371 1423847at2759        -            275   6.3e-55  176.0   0.1   1   3   4.7e-45   8.7e-45  142.7   0.3     5   192     1   242     1   255 0.84 -
1423847at2759_6210_0:00246c|NODE_473_length_19743_cov_86.165921:5797-6910   -            371 1423847at2759        -            275   6.3e-55  176.0   0.1   2   3   1.7e-09   3.1e-09   26.1   0.0   198   258   268   332   262   337 0.87 -
1423847at2759_6210_0:00246c|NODE_473_length_19743_cov_86.165921:5797-6910   -            371 1423847at2759        -            275   6.3e-55  176.0   0.1   3   3      0.62       1.2   -2.0   0.0   259   274   354   369   352   370 0.88 -
#
# Program:         hmmsearch
# Version:         3.1b2 (February 2015)
# Pipeline mode:   SEARCH
# Query file:      mb_downloads/eukaryota_odb10/hmms/1423847at2759.hmm
# Target file:     -
# Option settings: /opt/conda/envs/compleasm/bin/hmmsearch --domtblout compleasm/eukaryota_odb10/hmmer_output/1423847at2759.out --cpu 1 mb_downloads/eukaryota_odb10/hmms/1423847at2759.hmm - 
# Current dir:     /in
# Date:            Tue Oct 22 12:40:31 2024
# [ok]
