#                                                                                                                                     --- full sequence --- -------------- this domain -------------   hmm coord   ali coord   env coord
# target name                                                                 accession   tlen query name           accession   qlen   E-value  score  bias   #  of  c-Evalue  i-Evalue  score  bias  from    to  from    to  from    to  acc description of target
#                                                         ------------------- ---------- ----- -------------------- ---------- ----- --------- ------ ----- --- --- --------- --------- ------ ----- ----- ----- ----- ----- ----- ----- ---- ---------------------
1428265at2759_118200_0:002a65|NODE_2139_length_11137_cov_66.216094:2223-7015  -            203 1428265at2759        -            232   7.6e-42  134.0   0.5   1   1   6.7e-42   8.9e-42  133.8   0.5    57   229    22   202     3   203 0.87 -
1428265at2759_13735_0:0003ff|NODE_2139_length_11137_cov_66.216094:2223-7015   -            203 1428265at2759        -            232   7.6e-42  134.0   0.5   1   1   6.7e-42   8.9e-42  133.8   0.5    57   229    22   202     3   203 0.87 -
1428265at2759_8469_0:0004ec|NODE_2139_length_11137_cov_66.216094:2223-7015    -            203 1428265at2759        -            232   7.6e-42  134.0   0.5   1   1   6.7e-42   8.9e-42  133.8   0.5    57   229    22   202     3   203 0.87 -
1428265at2759_6210_0:0007b6|NODE_2139_length_11137_cov_66.216094:2145-2811    -            223 1428265at2759        -            232   1.1e-41  133.5   0.0   1   1   1.1e-41   1.4e-41  133.2   0.0    68   229    27   196     3   198 0.87 -
1428265at2759_79782_0:000bec|NODE_2139_length_11137_cov_66.216094:2253-2826   -            192 1428265at2759        -            232   4.4e-40  128.3   0.2   1   1   3.9e-40   5.1e-40  128.1   0.2    68   219    32   191     6   192 0.86 -
1428265at2759_4909_1:000045|NODE_2139_length_11137_cov_66.216094:2223-2664    -            148 1428265at2759        -            232   3.1e-37  118.9   1.3   1   1   2.6e-37   3.5e-37  118.8   1.3    93   229     3   147     1   148 0.89 -
1428265at2759_669874_1:000574|NODE_2139_length_11137_cov_66.216094:2175-2658  -            162 1428265at2759        -            232   5.7e-37  118.1   0.8   1   1   5.2e-37   6.8e-37  117.8   0.8    94   229     2   145     1   147 0.89 -
1428265at2759_1071383_1:0008f5|NODE_2139_length_11137_cov_66.216094:2226-2658 -            145 1428265at2759        -            232   8.7e-37  117.5   1.3   1   1   7.5e-37   9.8e-37  117.3   1.3    94   229     2   145     1   145 0.89 -
1428265at2759_5477_1:0015d4|NODE_2139_length_11137_cov_66.216094:2229-2664    -            146 1428265at2759        -            232   1.2e-36  117.0   1.6   1   1   1.1e-36   1.4e-36  116.8   1.6    93   227     3   145     1   146 0.88 -
1428265at2759_763406_1:00136d|NODE_2139_length_11137_cov_66.216094:2229-2664  -            146 1428265at2759        -            232   1.2e-36  117.0   1.6   1   1   1.1e-36   1.4e-36  116.8   1.6    93   227     3   145     1   146 0.88 -
1428265at2759_871575_1:001054|NODE_2139_length_11137_cov_66.216094:2229-2664  -            146 1428265at2759        -            232   1.2e-36  117.0   1.6   1   1   1.1e-36   1.4e-36  116.8   1.6    93   227     3   145     1   146 0.88 -
1428265at2759_1344418_1:000057|NODE_2139_length_11137_cov_66.216094:2229-2658 -            144 1428265at2759        -            232   1.8e-36  116.4   1.2   1   1   1.5e-36     2e-36  116.3   1.2    94   227     2   143     1   144 0.89 -
1428265at2759_4922_1:0010f6|NODE_2139_length_11137_cov_66.216094:2229-2658    -            144 1428265at2759        -            232   1.8e-36  116.4   1.2   1   1   1.5e-36     2e-36  116.3   1.2    94   227     2   143     1   144 0.89 -
1428265at2759_981350_1:000b6f|NODE_2139_length_11137_cov_66.216094:2229-2658  -            144 1428265at2759        -            232   1.8e-36  116.4   1.2   1   1   1.5e-36     2e-36  116.3   1.2    94   227     2   143     1   144 0.89 -
1428265at2759_1173061_1:000692|NODE_2139_length_11137_cov_66.216094:2229-2652 -            142 1428265at2759        -            232   5.4e-36  114.9   1.3   1   1   4.7e-36   6.1e-36  114.7   1.3    95   227     1   141     1   142 0.89 -
1428265at2759_45607_1:000b92|NODE_2139_length_11137_cov_66.216094:2229-2652   -            142 1428265at2759        -            232   5.4e-36  114.9   1.3   1   1   4.7e-36   6.1e-36  114.7   1.3    95   227     1   141     1   142 0.89 -
#
# Program:         hmmsearch
# Version:         3.1b2 (February 2015)
# Pipeline mode:   SEARCH
# Query file:      mb_downloads/eukaryota_odb10/hmms/1428265at2759.hmm
# Target file:     -
# Option settings: /opt/conda/envs/compleasm/bin/hmmsearch --domtblout compleasm/eukaryota_odb10/hmmer_output/1428265at2759.out --cpu 1 mb_downloads/eukaryota_odb10/hmms/1428265at2759.hmm - 
# Current dir:     /in
# Date:            Tue Oct 22 12:38:25 2024
# [ok]
