#                                                                                                                                     --- full sequence --- -------------- this domain -------------   hmm coord   ali coord   env coord
# target name                                                                 accession   tlen query name           accession   qlen   E-value  score  bias   #  of  c-Evalue  i-Evalue  score  bias  from    to  from    to  from    to  acc description of target
#                                                         ------------------- ---------- ----- -------------------- ---------- ----- --------- ------ ----- --- --- --------- --------- ------ ----- ----- ----- ----- ----- ----- ----- ---- ---------------------
1428854at2759_4829_1:002ea1|NODE_41_length_45154_cov_64.877321:39241-40841    -            484 1428854at2759        -            355   5.4e-76  247.5   0.5   1   3   4.6e-24   5.5e-24   76.5   0.0    11    94     7    92     1   111 0.92 -
1428854at2759_4829_1:002ea1|NODE_41_length_45154_cov_64.877321:39241-40841    -            484 1428854at2759        -            355   5.4e-76  247.5   0.5   2   3   7.7e-27   9.3e-27   85.6   0.3    91   240   125   312   103   360 0.77 -
1428854at2759_4829_1:002ea1|NODE_41_length_45154_cov_64.877321:39241-40841    -            484 1428854at2759        -            355   5.4e-76  247.5   0.5   3   3   3.2e-24   3.8e-24   77.0   0.0   277   354   395   475   362   476 0.87 -
1428854at2759_1754192_1:001239|NODE_41_length_45154_cov_64.877321:39166-40826 -            505 1428854at2759        -            355   5.6e-76  247.5   0.4   1   3   4.6e-24   5.6e-24   76.5   0.0    10    94    31   117    24   132 0.92 -
1428854at2759_1754192_1:001239|NODE_41_length_45154_cov_64.877321:39166-40826 -            505 1428854at2759        -            355   5.6e-76  247.5   0.4   2   3   8.3e-27     1e-26   85.5   0.2    91   240   150   337   127   384 0.78 -
1428854at2759_1754192_1:001239|NODE_41_length_45154_cov_64.877321:39166-40826 -            505 1428854at2759        -            355   5.6e-76  247.5   0.4   3   3   3.2e-24   3.9e-24   77.0   0.0   277   354   420   500   379   501 0.87 -
1428854at2759_90262_1:001753|NODE_41_length_45154_cov_64.877321:39247-40841   -            482 1428854at2759        -            355   6.4e-76  247.3   0.4   1   3   6.2e-24   7.4e-24   76.1   0.0    11    94     5    90     1   105 0.93 -
1428854at2759_90262_1:001753|NODE_41_length_45154_cov_64.877321:39247-40841   -            482 1428854at2759        -            355   6.4e-76  247.3   0.4   2   3     7e-27   8.5e-27   85.7   0.2    91   240   123   310    98   358 0.77 -
1428854at2759_90262_1:001753|NODE_41_length_45154_cov_64.877321:39247-40841   -            482 1428854at2759        -            355   6.4e-76  247.3   0.4   3   3   3.1e-24   3.7e-24   77.0   0.0   277   354   393   473   358   474 0.87 -
1428854at2759_988480_1:000c78|NODE_41_length_45154_cov_64.877321:39214-40826  -            504 1428854at2759        -            355   8.2e-76  247.0   0.3   1   3   4.7e-24   5.6e-24   76.5   0.0    10    94    15   101     8   115 0.92 -
1428854at2759_988480_1:000c78|NODE_41_length_45154_cov_64.877321:39214-40826  -            504 1428854at2759        -            355   8.2e-76  247.0   0.3   2   3   7.6e-27   9.2e-27   85.6   0.2    91   240   134   321   107   368 0.78 -
1428854at2759_988480_1:000c78|NODE_41_length_45154_cov_64.877321:39214-40826  -            504 1428854at2759        -            355   8.2e-76  247.0   0.3   3   3   5.4e-24   6.5e-24   76.3   0.0   278   354   420   499   405   500 0.93 -
1428854at2759_1720309_0:003465|NODE_41_length_45154_cov_64.877321:39235-40835 -            500 1428854at2759        -            355   8.3e-76  246.9   0.3   1   3   4.5e-24   5.4e-24   76.5   0.0    11    94     9    94     2   116 0.92 -
1428854at2759_1720309_0:003465|NODE_41_length_45154_cov_64.877321:39235-40835 -            500 1428854at2759        -            355   8.3e-76  246.9   0.3   2   3   7.6e-27   9.2e-27   85.6   0.2    91   240   127   314   101   361 0.78 -
1428854at2759_1720309_0:003465|NODE_41_length_45154_cov_64.877321:39235-40835 -            500 1428854at2759        -            355   8.3e-76  246.9   0.3   3   3   5.3e-24   6.4e-24   76.3   0.0   278   354   413   492   398   493 0.93 -
1428854at2759_1287680_1:0014e3|NODE_41_length_45154_cov_64.877321:39190-40826 -            512 1428854at2759        -            355   8.9e-76  246.8   0.3   1   3   4.4e-24   5.3e-24   76.5   0.0    10    94    23   109    16   128 0.92 -
1428854at2759_1287680_1:0014e3|NODE_41_length_45154_cov_64.877321:39190-40826 -            512 1428854at2759        -            355   8.9e-76  246.8   0.3   2   3   7.9e-27   9.5e-27   85.6   0.2    91   240   142   329   115   376 0.78 -
1428854at2759_1287680_1:0014e3|NODE_41_length_45154_cov_64.877321:39190-40826 -            512 1428854at2759        -            355   8.9e-76  246.8   0.3   3   3   5.5e-24   6.6e-24   76.2   0.0   278   354   428   507   413   508 0.93 -
1428854at2759_10093_0:0048b6|NODE_41_length_45154_cov_64.877321:39238-40826   -            495 1428854at2759        -            355   9.2e-76  246.8   0.4   1   3     5e-24   6.1e-24   76.3   0.0    11    94     8    93     2   109 0.92 -
1428854at2759_10093_0:0048b6|NODE_41_length_45154_cov_64.877321:39238-40826   -            495 1428854at2759        -            355   9.2e-76  246.8   0.4   2   3   7.9e-27   9.5e-27   85.6   0.2    91   240   126   313   104   360 0.78 -
1428854at2759_10093_0:0048b6|NODE_41_length_45154_cov_64.877321:39238-40826   -            495 1428854at2759        -            355   9.2e-76  246.8   0.4   3   3   5.5e-24   6.6e-24   76.2   0.0   278   354   411   490   401   491 0.93 -
1428854at2759_10036_0:002ed2|NODE_41_length_45154_cov_64.877321:39208-40826   -            505 1428854at2759        -            355   9.4e-76  246.8   0.5   1   3   4.7e-24   5.7e-24   76.4   0.0    10    94    17   103    10   117 0.92 -
1428854at2759_10036_0:002ed2|NODE_41_length_45154_cov_64.877321:39208-40826   -            505 1428854at2759        -            355   9.4e-76  246.8   0.5   2   3   7.7e-27   9.2e-27   85.6   0.2    91   240   136   323   109   370 0.78 -
1428854at2759_10036_0:002ed2|NODE_41_length_45154_cov_64.877321:39208-40826   -            505 1428854at2759        -            355   9.4e-76  246.8   0.5   3   3   5.7e-24   6.8e-24   76.2   0.0   278   354   421   500   411   501 0.93 -
1428854at2759_230844_0:00023a|NODE_41_length_45154_cov_64.877321:39208-40826  -            505 1428854at2759        -            355   9.4e-76  246.8   0.5   1   3   4.7e-24   5.7e-24   76.4   0.0    10    94    17   103    10   117 0.92 -
1428854at2759_230844_0:00023a|NODE_41_length_45154_cov_64.877321:39208-40826  -            505 1428854at2759        -            355   9.4e-76  246.8   0.5   2   3   7.7e-27   9.2e-27   85.6   0.2    91   240   136   323   109   370 0.78 -
1428854at2759_230844_0:00023a|NODE_41_length_45154_cov_64.877321:39208-40826  -            505 1428854at2759        -            355   9.4e-76  246.8   0.5   3   3   5.7e-24   6.8e-24   76.2   0.0   278   354   421   500   411   501 0.93 -
1428854at2759_688394_1:000a6f|NODE_41_length_45154_cov_64.877321:39202-40832  -            509 1428854at2759        -            355   9.8e-76  246.7   0.5   1   3   4.4e-24   5.3e-24   76.5   0.0    10    94    19   105    12   124 0.92 -
1428854at2759_688394_1:000a6f|NODE_41_length_45154_cov_64.877321:39202-40832  -            509 1428854at2759        -            355   9.8e-76  246.7   0.5   2   3   7.8e-27   9.4e-27   85.6   0.2    91   240   138   325   111   372 0.78 -
1428854at2759_688394_1:000a6f|NODE_41_length_45154_cov_64.877321:39202-40832  -            509 1428854at2759        -            355   9.8e-76  246.7   0.5   3   3   5.7e-24   6.9e-24   76.2   0.0   278   354   423   502   413   503 0.93 -
1428854at2759_694068_1:000d35|NODE_41_length_45154_cov_64.877321:39166-40826  -            520 1428854at2759        -            355     1e-75  246.7   0.3   1   3   4.6e-24   5.5e-24   76.5   0.0    10    94    31   117    24   136 0.92 -
1428854at2759_694068_1:000d35|NODE_41_length_45154_cov_64.877321:39166-40826  -            520 1428854at2759        -            355     1e-75  246.7   0.3   2   3   9.9e-27   1.2e-26   85.3   0.2    92   240   151   337   134   384 0.78 -
1428854at2759_694068_1:000d35|NODE_41_length_45154_cov_64.877321:39166-40826  -            520 1428854at2759        -            355     1e-75  246.7   0.3   3   3   5.6e-24   6.8e-24   76.2   0.0   278   354   436   515   421   516 0.93 -
1428854at2759_1314771_1:001a98|NODE_41_length_45154_cov_64.877321:39244-40835 -            497 1428854at2759        -            355     1e-75  246.6   0.3   1   3     7e-24   8.4e-24   75.9   0.0    11    93     6    90     1    97 0.94 -
1428854at2759_1314771_1:001a98|NODE_41_length_45154_cov_64.877321:39244-40835 -            497 1428854at2759        -            355     1e-75  246.6   0.3   2   3   1.1e-26   1.3e-26   85.1   0.2    91   240   124   311   103   322 0.76 -
1428854at2759_1314771_1:001a98|NODE_41_length_45154_cov_64.877321:39244-40835 -            497 1428854at2759        -            355     1e-75  246.6   0.3   3   3   5.3e-24   6.3e-24   76.3   0.0   278   354   410   489   395   490 0.93 -
1428854at2759_423536_1:000c10|NODE_41_length_45154_cov_64.877321:39190-40823  -            513 1428854at2759        -            355     1e-75  246.6   0.5   1   3   4.5e-24   5.4e-24   76.5   0.0    10    94    23   109    16   128 0.92 -
1428854at2759_423536_1:000c10|NODE_41_length_45154_cov_64.877321:39190-40823  -            513 1428854at2759        -            355     1e-75  246.6   0.5   2   3     8e-27   9.6e-27   85.6   0.2    91   240   142   329   115   376 0.78 -
1428854at2759_423536_1:000c10|NODE_41_length_45154_cov_64.877321:39190-40823  -            513 1428854at2759        -            355     1e-75  246.6   0.5   3   3   5.9e-24   7.1e-24   76.1   0.0   278   354   430   509   421   510 0.93 -
1428854at2759_914234_1:001bd7|NODE_41_length_45154_cov_64.877321:39160-40841  -            526 1428854at2759        -            355   1.1e-75  246.6   0.3   1   3   4.6e-24   5.6e-24   76.5   0.0    10    94    33   119    26   138 0.92 -
1428854at2759_914234_1:001bd7|NODE_41_length_45154_cov_64.877321:39160-40841  -            526 1428854at2759        -            355   1.1e-75  246.6   0.3   2   3   8.4e-27     1e-26   85.5   0.2    91   240   152   339   125   386 0.78 -
1428854at2759_914234_1:001bd7|NODE_41_length_45154_cov_64.877321:39160-40841  -            526 1428854at2759        -            355   1.1e-75  246.6   0.3   3   3   5.7e-24   6.9e-24   76.2   0.0   278   354   438   517   423   518 0.93 -
1428854at2759_4686_0:005c6c|NODE_41_length_45154_cov_64.877321:39187-40841    -            506 1428854at2759        -            355   1.1e-75  246.5   0.6   1   3   4.4e-24   5.2e-24   76.6   0.0    10    94    24   110    17   129 0.92 -
1428854at2759_4686_0:005c6c|NODE_41_length_45154_cov_64.877321:39187-40841    -            506 1428854at2759        -            355   1.1e-75  246.5   0.6   2   3   7.7e-27   9.3e-27   85.6   0.2    91   240   143   330   116   377 0.78 -
1428854at2759_4686_0:005c6c|NODE_41_length_45154_cov_64.877321:39187-40841    -            506 1428854at2759        -            355   1.1e-75  246.5   0.6   3   3     6e-24   7.2e-24   76.1   0.0   279   354   419   497   412   498 0.93 -
1428854at2759_418867_1:002268|NODE_41_length_45154_cov_64.877321:39160-40826  -            521 1428854at2759        -            355   1.1e-75  246.5   0.4   1   3   4.6e-24   5.5e-24   76.5   0.0    10    94    33   119    26   138 0.92 -
1428854at2759_418867_1:002268|NODE_41_length_45154_cov_64.877321:39160-40826  -            521 1428854at2759        -            355   1.1e-75  246.5   0.4   2   3   9.8e-27   1.2e-26   85.3   0.2    92   240   153   339   136   386 0.78 -
1428854at2759_418867_1:002268|NODE_41_length_45154_cov_64.877321:39160-40826  -            521 1428854at2759        -            355   1.1e-75  246.5   0.4   3   3   5.9e-24   7.1e-24   76.1   0.0   278   354   437   516   427   517 0.93 -
1428854at2759_1603295_1:00105a|NODE_41_length_45154_cov_64.877321:39253-40826 -            477 1428854at2759        -            355   1.2e-75  246.4   0.4   1   3   8.6e-24     1e-23   75.6   0.0    11    94     3    88     2   105 0.93 -
1428854at2759_1603295_1:00105a|NODE_41_length_45154_cov_64.877321:39253-40826 -            477 1428854at2759        -            355   1.2e-75  246.4   0.4   2   3   7.3e-27   8.8e-27   85.7   0.2    91   240   121   308    98   355 0.78 -
1428854at2759_1603295_1:00105a|NODE_41_length_45154_cov_64.877321:39253-40826 -            477 1428854at2759        -            355   1.2e-75  246.4   0.4   3   3   4.8e-24   5.8e-24   76.4   0.0   278   354   393   472   374   473 0.93 -
1428854at2759_1754191_1:0017fc|NODE_41_length_45154_cov_64.877321:39124-40826 -            533 1428854at2759        -            355   1.3e-75  246.3   0.4   1   3   4.7e-24   5.7e-24   76.4   0.0    10    94    45   131    38   150 0.92 -
1428854at2759_1754191_1:0017fc|NODE_41_length_45154_cov_64.877321:39124-40826 -            533 1428854at2759        -            355   1.3e-75  246.3   0.4   2   3     1e-26   1.2e-26   85.2   0.2    92   240   165   351   148   398 0.78 -
1428854at2759_1754191_1:0017fc|NODE_41_length_45154_cov_64.877321:39124-40826 -            533 1428854at2759        -            355   1.3e-75  246.3   0.4   3   3   6.1e-24   7.4e-24   76.1   0.0   278   354   449   528   439   529 0.93 -
1428854at2759_70779_0:001b47|NODE_41_length_45154_cov_64.877321:39013-40826   -            571 1428854at2759        -            355   1.7e-75  245.9   0.3   1   3   5.8e-24     7e-24   76.2   0.0    10    94    82   168    75   181 0.92 -
1428854at2759_70779_0:001b47|NODE_41_length_45154_cov_64.877321:39013-40826   -            571 1428854at2759        -            355   1.7e-75  245.9   0.3   2   3   1.2e-26   1.4e-26   85.0   0.2    92   240   202   388   185   435 0.78 -
1428854at2759_70779_0:001b47|NODE_41_length_45154_cov_64.877321:39013-40826   -            571 1428854at2759        -            355   1.7e-75  245.9   0.3   3   3   6.5e-24   7.9e-24   76.0   0.0   278   354   487   566   473   567 0.93 -
1428854at2759_6832_0:001f75|NODE_41_length_45154_cov_64.877321:39019-40826    -            568 1428854at2759        -            355   1.9e-75  245.8   0.4   1   3   5.7e-24   6.9e-24   76.2   0.0    10    94    80   166    73   179 0.92 -
1428854at2759_6832_0:001f75|NODE_41_length_45154_cov_64.877321:39019-40826    -            568 1428854at2759        -            355   1.9e-75  245.8   0.4   2   3   1.2e-26   1.4e-26   85.0   0.2    92   240   200   386   183   433 0.78 -
1428854at2759_6832_0:001f75|NODE_41_length_45154_cov_64.877321:39019-40826    -            568 1428854at2759        -            355   1.9e-75  245.8   0.4   3   3   6.7e-24   8.1e-24   75.9   0.0   278   354   484   563   474   564 0.93 -
1428854at2759_10029_0:0003b2|NODE_41_length_45154_cov_64.877321:39013-40826   -            570 1428854at2759        -            355   1.9e-75  245.7   0.4   1   3   5.8e-24     7e-24   76.2   0.0    10    94    82   168    75   181 0.92 -
1428854at2759_10029_0:0003b2|NODE_41_length_45154_cov_64.877321:39013-40826   -            570 1428854at2759        -            355   1.9e-75  245.7   0.4   2   3   1.2e-26   1.4e-26   85.0   0.2    92   240   202   388   185   435 0.78 -
1428854at2759_10029_0:0003b2|NODE_41_length_45154_cov_64.877321:39013-40826   -            570 1428854at2759        -            355   1.9e-75  245.7   0.4   3   3   6.8e-24   8.2e-24   75.9   0.0   278   354   486   565   476   566 0.93 -
1428854at2759_10047_0:000c75|NODE_41_length_45154_cov_64.877321:39013-40826   -            570 1428854at2759        -            355   1.9e-75  245.7   0.4   1   3   5.8e-24     7e-24   76.2   0.0    10    94    82   168    75   181 0.92 -
1428854at2759_10047_0:000c75|NODE_41_length_45154_cov_64.877321:39013-40826   -            570 1428854at2759        -            355   1.9e-75  245.7   0.4   2   3   1.2e-26   1.4e-26   85.0   0.2    92   240   202   388   185   435 0.78 -
1428854at2759_10047_0:000c75|NODE_41_length_45154_cov_64.877321:39013-40826   -            570 1428854at2759        -            355   1.9e-75  245.7   0.4   3   3   6.8e-24   8.2e-24   75.9   0.0   278   354   486   565   476   566 0.93 -
1428854at2759_10116_0:004135|NODE_41_length_45154_cov_64.877321:39013-40826   -            570 1428854at2759        -            355   1.9e-75  245.7   0.4   1   3   5.8e-24     7e-24   76.2   0.0    10    94    82   168    75   181 0.92 -
1428854at2759_10116_0:004135|NODE_41_length_45154_cov_64.877321:39013-40826   -            570 1428854at2759        -            355   1.9e-75  245.7   0.4   2   3   1.2e-26   1.4e-26   85.0   0.2    92   240   202   388   185   435 0.78 -
1428854at2759_10116_0:004135|NODE_41_length_45154_cov_64.877321:39013-40826   -            570 1428854at2759        -            355   1.9e-75  245.7   0.4   3   3   6.8e-24   8.2e-24   75.9   0.0   278   354   486   565   476   566 0.93 -
1428854at2759_1026970_0:003393|NODE_41_length_45154_cov_64.877321:39013-40826 -            570 1428854at2759        -            355   1.9e-75  245.7   0.4   1   3   5.8e-24     7e-24   76.2   0.0    10    94    82   168    75   181 0.92 -
1428854at2759_1026970_0:003393|NODE_41_length_45154_cov_64.877321:39013-40826 -            570 1428854at2759        -            355   1.9e-75  245.7   0.4   2   3   1.2e-26   1.4e-26   85.0   0.2    92   240   202   388   185   435 0.78 -
1428854at2759_1026970_0:003393|NODE_41_length_45154_cov_64.877321:39013-40826 -            570 1428854at2759        -            355   1.9e-75  245.7   0.4   3   3   6.8e-24   8.2e-24   75.9   0.0   278   354   486   565   476   566 0.93 -
1428854at2759_110193_0:000f83|NODE_41_length_45154_cov_64.877321:39013-40826  -            570 1428854at2759        -            355   1.9e-75  245.7   0.4   1   3   5.8e-24     7e-24   76.2   0.0    10    94    82   168    75   181 0.92 -
1428854at2759_110193_0:000f83|NODE_41_length_45154_cov_64.877321:39013-40826  -            570 1428854at2759        -            355   1.9e-75  245.7   0.4   2   3   1.2e-26   1.4e-26   85.0   0.2    92   240   202   388   185   435 0.78 -
1428854at2759_110193_0:000f83|NODE_41_length_45154_cov_64.877321:39013-40826  -            570 1428854at2759        -            355   1.9e-75  245.7   0.4   3   3   6.8e-24   8.2e-24   75.9   0.0   278   354   486   565   476   566 0.93 -
1428854at2759_6087_0:000982|NODE_41_length_45154_cov_64.877321:39013-40826    -            570 1428854at2759        -            355   1.9e-75  245.7   0.4   1   3   5.8e-24     7e-24   76.2   0.0    10    94    82   168    75   181 0.92 -
1428854at2759_6087_0:000982|NODE_41_length_45154_cov_64.877321:39013-40826    -            570 1428854at2759        -            355   1.9e-75  245.7   0.4   2   3   1.2e-26   1.4e-26   85.0   0.2    92   240   202   388   185   435 0.78 -
1428854at2759_6087_0:000982|NODE_41_length_45154_cov_64.877321:39013-40826    -            570 1428854at2759        -            355   1.9e-75  245.7   0.4   3   3   6.8e-24   8.2e-24   75.9   0.0   278   354   486   565   476   566 0.93 -
1428854at2759_72036_0:0012f0|NODE_41_length_45154_cov_64.877321:39016-40841   -            573 1428854at2759        -            355     2e-75  245.7   0.4   1   3   5.8e-24     7e-24   76.1   0.0    10    94    81   167    74   180 0.92 -
1428854at2759_72036_0:0012f0|NODE_41_length_45154_cov_64.877321:39016-40841   -            573 1428854at2759        -            355     2e-75  245.7   0.4   2   3   1.2e-26   1.4e-26   85.0   0.1    92   240   201   387   184   434 0.78 -
1428854at2759_72036_0:0012f0|NODE_41_length_45154_cov_64.877321:39016-40841   -            573 1428854at2759        -            355     2e-75  245.7   0.4   3   3   6.8e-24   8.2e-24   75.9   0.0   278   354   485   564   475   565 0.93 -
1428854at2759_37360_1:00167d|NODE_41_length_45154_cov_64.877321:39265-40841   -            476 1428854at2759        -            355     2e-75  245.7   0.4   1   3     2e-23   2.4e-23   74.4   0.0    13    94     1    84     1   103 0.93 -
1428854at2759_37360_1:00167d|NODE_41_length_45154_cov_64.877321:39265-40841   -            476 1428854at2759        -            355     2e-75  245.7   0.4   2   3   6.4e-27   7.8e-27   85.9   0.2    91   240   117   304    88   353 0.77 -
1428854at2759_37360_1:00167d|NODE_41_length_45154_cov_64.877321:39265-40841   -            476 1428854at2759        -            355     2e-75  245.7   0.4   3   3   3.1e-24   3.8e-24   77.0   0.0   277   354   387   467   355   468 0.87 -
1428854at2759_178035_0:002522|NODE_41_length_45154_cov_64.877321:39013-40826  -            581 1428854at2759        -            355   2.3e-75  245.5   0.7   1   3   5.9e-24   7.2e-24   76.1   0.0    10    94    82   168    75   181 0.92 -
1428854at2759_178035_0:002522|NODE_41_length_45154_cov_64.877321:39013-40826  -            581 1428854at2759        -            355   2.3e-75  245.5   0.7   2   3   1.2e-26   1.4e-26   85.0   0.2    91   240   201   388   180   435 0.78 -
1428854at2759_178035_0:002522|NODE_41_length_45154_cov_64.877321:39013-40826  -            581 1428854at2759        -            355   2.3e-75  245.5   0.7   3   3   6.3e-24   7.5e-24   76.0   0.0   278   354   497   576   468   577 0.93 -
1428854at2759_1314790_1:00047a|NODE_41_length_45154_cov_64.877321:39262-40841 -            491 1428854at2759        -            355   3.4e-75  244.9   0.4   1   3   1.9e-23   2.3e-23   74.4   0.0    13    94     2    85     1    99 0.94 -
1428854at2759_1314790_1:00047a|NODE_41_length_45154_cov_64.877321:39262-40841 -            491 1428854at2759        -            355   3.4e-75  244.9   0.4   2   3   7.6e-27   9.2e-27   85.6   0.2    91   240   118   305    94   352 0.78 -
1428854at2759_1314790_1:00047a|NODE_41_length_45154_cov_64.877321:39262-40841 -            491 1428854at2759        -            355   3.4e-75  244.9   0.4   3   3   5.4e-24   6.5e-24   76.2   0.0   278   354   403   482   393   483 0.93 -
1428854at2759_1263082_1:000731|NODE_41_length_45154_cov_64.877321:39265-40832 -            488 1428854at2759        -            355   3.7e-75  244.8   0.3   1   3   2.5e-23     3e-23   74.1   0.0    13    94     1    84     1    94 0.94 -
1428854at2759_1263082_1:000731|NODE_41_length_45154_cov_64.877321:39265-40832 -            488 1428854at2759        -            355   3.7e-75  244.8   0.3   2   3   7.4e-27   8.9e-27   85.7   0.2    91   240   117   304    94   351 0.78 -
1428854at2759_1263082_1:000731|NODE_41_length_45154_cov_64.877321:39265-40832 -            488 1428854at2759        -            355   3.7e-75  244.8   0.3   3   3   5.4e-24   6.5e-24   76.3   0.0   278   354   402   481   392   482 0.93 -
1428854at2759_1410327_1:000f61|NODE_41_length_45154_cov_64.877321:39271-40841 -            488 1428854at2759        -            355   1.5e-74  242.8   0.4   1   3   8.3e-23     1e-22   72.3   0.0    15    94     1    82     1    97 0.94 -
1428854at2759_1410327_1:000f61|NODE_41_length_45154_cov_64.877321:39271-40841 -            488 1428854at2759        -            355   1.5e-74  242.8   0.4   2   3   7.5e-27   9.1e-27   85.6   0.2    91   240   115   302    91   349 0.78 -
1428854at2759_1410327_1:000f61|NODE_41_length_45154_cov_64.877321:39271-40841 -            488 1428854at2759        -            355   1.5e-74  242.8   0.4   3   3   5.4e-24   6.5e-24   76.3   0.0   278   354   400   479   390   480 0.93 -
1428854at2759_39416_1:000341|NODE_41_length_45154_cov_64.877321:39190-40826   -            508 1428854at2759        -            355   7.2e-71  230.7   1.4   1   3   4.4e-24   5.3e-24   76.5   0.0    10    94    23   109    16   128 0.92 -
1428854at2759_39416_1:000341|NODE_41_length_45154_cov_64.877321:39190-40826   -            508 1428854at2759        -            355   7.2e-71  230.7   1.4   2   3   1.4e-21   1.7e-21   68.3   0.9    91   240   142   340   119   388 0.75 -
1428854at2759_39416_1:000341|NODE_41_length_45154_cov_64.877321:39190-40826   -            508 1428854at2759        -            355   7.2e-71  230.7   1.4   3   3   3.5e-24   4.2e-24   76.9   0.0   277   354   423   503   391   504 0.87 -
1428854at2759_61395_1:0004d1|NODE_41_length_45154_cov_64.877321:39205-40835   -            521 1428854at2759        -            355   1.3e-70  229.9   1.3   1   3   4.7e-24   5.6e-24   76.5   0.0    10    94    18   104    11   122 0.92 -
1428854at2759_61395_1:0004d1|NODE_41_length_45154_cov_64.877321:39205-40835   -            521 1428854at2759        -            355   1.3e-70  229.9   1.3   2   3   1.5e-21   1.8e-21   68.2   0.9    91   240   137   335   113   382 0.75 -
1428854at2759_61395_1:0004d1|NODE_41_length_45154_cov_64.877321:39205-40835   -            521 1428854at2759        -            355   1.3e-70  229.9   1.3   3   3   5.7e-24   6.8e-24   76.2   0.0   278   354   434   513   419   514 0.93 -
1428854at2759_35722_1:000e54|NODE_41_length_45154_cov_64.877321:39199-40733   -            474 1428854at2759        -            355   6.5e-69  224.3   0.2   1   3   4.1e-24   4.9e-24   76.6   0.0    10    94    20   106    13   123 0.92 -
1428854at2759_35722_1:000e54|NODE_41_length_45154_cov_64.877321:39199-40733   -            474 1428854at2759        -            355   6.5e-69  224.3   0.2   2   3   6.6e-27   7.9e-27   85.8   0.2    91   240   139   326   111   374 0.77 -
1428854at2759_35722_1:000e54|NODE_41_length_45154_cov_64.877321:39199-40733   -            474 1428854at2759        -            355   6.5e-69  224.3   0.2   3   3   6.3e-17   7.5e-17   53.0   0.0   277   337   409   472   378   474 0.83 -
1428854at2759_101091_1:00043a|NODE_41_length_45154_cov_64.877321:39196-40733  -            475 1428854at2759        -            355   6.6e-69  224.3   0.2   1   3   4.1e-24   4.9e-24   76.6   0.0    10    94    21   107    14   124 0.92 -
1428854at2759_101091_1:00043a|NODE_41_length_45154_cov_64.877321:39196-40733  -            475 1428854at2759        -            355   6.6e-69  224.3   0.2   2   3   6.6e-27   7.9e-27   85.8   0.2    91   240   140   327   112   375 0.77 -
1428854at2759_101091_1:00043a|NODE_41_length_45154_cov_64.877321:39196-40733  -            475 1428854at2759        -            355   6.6e-69  224.3   0.2   3   3   6.3e-17   7.6e-17   53.0   0.0   277   337   410   473   379   475 0.83 -
1428854at2759_763407_1:003fc0|NODE_41_length_45154_cov_64.877321:39175-40733  -            482 1428854at2759        -            355   7.3e-69  224.1   0.2   1   3   4.2e-24   5.1e-24   76.6   0.0    10    94    28   114    21   131 0.92 -
1428854at2759_763407_1:003fc0|NODE_41_length_45154_cov_64.877321:39175-40733  -            482 1428854at2759        -            355   7.3e-69  224.1   0.2   2   3   6.9e-27   8.3e-27   85.8   0.3    91   240   147   334   119   382 0.77 -
1428854at2759_763407_1:003fc0|NODE_41_length_45154_cov_64.877321:39175-40733  -            482 1428854at2759        -            355   7.3e-69  224.1   0.2   3   3   6.4e-17   7.7e-17   53.0   0.0   277   337   417   480   386   482 0.83 -
1428854at2759_1220926_1:001153|NODE_41_length_45154_cov_64.877321:39256-40733 -            455 1428854at2759        -            355   1.1e-68  223.5   0.2   1   3   8.1e-24   9.7e-24   75.7   0.0    11    94     2    87     1   103 0.93 -
1428854at2759_1220926_1:001153|NODE_41_length_45154_cov_64.877321:39256-40733 -            455 1428854at2759        -            355   1.1e-68  223.5   0.2   2   3   6.6e-27     8e-27   85.8   0.2    91   240   120   307    99   356 0.77 -
1428854at2759_1220926_1:001153|NODE_41_length_45154_cov_64.877321:39256-40733 -            455 1428854at2759        -            355   1.1e-68  223.5   0.2   3   3   5.7e-17   6.9e-17   53.1   0.0   277   337   390   453   357   455 0.83 -
1428854at2759_91626_1:00085d|NODE_41_length_45154_cov_64.877321:39256-40733   -            455 1428854at2759        -            355   1.1e-68  223.5   0.2   1   3   8.1e-24   9.7e-24   75.7   0.0    11    94     2    87     1   103 0.93 -
1428854at2759_91626_1:00085d|NODE_41_length_45154_cov_64.877321:39256-40733   -            455 1428854at2759        -            355   1.1e-68  223.5   0.2   2   3   6.6e-27     8e-27   85.8   0.2    91   240   120   307    99   356 0.77 -
1428854at2759_91626_1:00085d|NODE_41_length_45154_cov_64.877321:39256-40733   -            455 1428854at2759        -            355   1.1e-68  223.5   0.2   3   3   5.7e-17   6.9e-17   53.1   0.0   277   337   390   453   357   455 0.83 -
1428854at2759_6412_0:002012|NODE_41_length_45154_cov_64.877321:39082-40745    -            531 1428854at2759        -            355   1.5e-68  223.1   0.3   1   3   4.7e-24   5.7e-24   76.4   0.0    10    94    59   145    52   164 0.92 -
1428854at2759_6412_0:002012|NODE_41_length_45154_cov_64.877321:39082-40745    -            531 1428854at2759        -            355   1.5e-68  223.1   0.3   2   3     1e-26   1.2e-26   85.2   0.2    92   240   179   365   162   412 0.78 -
1428854at2759_6412_0:002012|NODE_41_length_45154_cov_64.877321:39082-40745    -            531 1428854at2759        -            355   1.5e-68  223.1   0.3   3   3   8.5e-17     1e-16   52.6   0.0   278   338   463   526   453   530 0.90 -
1428854at2759_58291_1:00325c|NODE_41_length_45154_cov_64.877321:39193-40835   -            362 1428854at2759        -            355     6e-63  204.7   0.0   1   3   3.1e-24   3.8e-24   77.0   0.0    10    93    22   107    15   115 0.93 -
1428854at2759_58291_1:00325c|NODE_41_length_45154_cov_64.877321:39193-40835   -            362 1428854at2759        -            355     6e-63  204.7   0.0   2   3   5.4e-15   6.6e-15   46.6   0.0   178   240   129   191   108   239 0.88 -
1428854at2759_58291_1:00325c|NODE_41_length_45154_cov_64.877321:39193-40835   -            362 1428854at2759        -            355     6e-63  204.7   0.0   3   3     2e-24   2.4e-24   77.7   0.0   277   354   274   354   243   355 0.87 -
1428854at2759_108892_1:001990|NODE_41_length_45154_cov_64.877321:39166-40739  -            416 1428854at2759        -            355   8.4e-63  204.2   1.1   1   3   3.1e-24   3.8e-24   77.0   0.0    10    94    31   117    24   136 0.92 -
1428854at2759_108892_1:001990|NODE_41_length_45154_cov_64.877321:39166-40739  -            416 1428854at2759        -            355   8.4e-63  204.2   1.1   2   3   1.1e-20   1.3e-20   65.4   0.9    91   225   150   321   126   335 0.74 -
1428854at2759_108892_1:001990|NODE_41_length_45154_cov_64.877321:39166-40739  -            416 1428854at2759        -            355   8.4e-63  204.2   1.1   3   3   7.2e-17   8.7e-17   52.8   0.0   278   338   350   413   339   415 0.90 -
1428854at2759_259920_0:001f46|NODE_41_length_45154_cov_64.877321:39244-40143  -            300 1428854at2759        -            355   4.6e-46  149.1   0.4   1   2   2.7e-24   3.3e-24   77.2   0.0    11    94     6    91     1    99 0.93 -
1428854at2759_259920_0:001f46|NODE_41_length_45154_cov_64.877321:39244-40143  -            300 1428854at2759        -            355   4.6e-46  149.1   0.4   2   2   4.1e-20   4.9e-20   63.5   0.5    91   217   124   288   100   292 0.73 -
1428854at2759_4565_0:00e3e8|NODE_364_length_21740_cov_83.537091:5097-6135     -            253 1428854at2759        -            355     1e-20   65.8   0.1   1   2   2.4e-11   2.9e-11   34.6   0.0    16    90    41   116    35   125 0.88 -
1428854at2759_4565_0:00e3e8|NODE_364_length_21740_cov_83.537091:5097-6135     -            253 1428854at2759        -            355     1e-20   65.8   0.1   2   2   1.2e-09   1.5e-09   29.0   0.0    18    86   134   203   118   211 0.87 -
#
# Program:         hmmsearch
# Version:         3.1b2 (February 2015)
# Pipeline mode:   SEARCH
# Query file:      mb_downloads/eukaryota_odb10/hmms/1428854at2759.hmm
# Target file:     -
# Option settings: /opt/conda/envs/compleasm/bin/hmmsearch --domtblout compleasm/eukaryota_odb10/hmmer_output/1428854at2759.out --cpu 1 mb_downloads/eukaryota_odb10/hmms/1428854at2759.hmm - 
# Current dir:     /in
# Date:            Tue Oct 22 12:37:36 2024
# [ok]
