#                                                                                                                                     --- full sequence --- -------------- this domain -------------   hmm coord   ali coord   env coord
# target name                                                                 accession   tlen query name           accession   qlen   E-value  score  bias   #  of  c-Evalue  i-Evalue  score  bias  from    to  from    to  from    to  acc description of target
#                                                         ------------------- ---------- ----- -------------------- ---------- ----- --------- ------ ----- --- --- --------- --------- ------ ----- ----- ----- ----- ----- ----- ----- ---- ---------------------
1445102at2759_27334_1:001235|NODE_12257_length_6121_cov_73.192422:4264-5468   -            274 1445102at2759        -            192   6.7e-13   39.3   0.4   1   2    0.0044    0.0052    7.1   0.0     2    20     3    21     2    27 0.86 -
1445102at2759_27334_1:001235|NODE_12257_length_6121_cov_73.192422:4264-5468   -            274 1445102at2759        -            192   6.7e-13   39.3   0.4   2   2   3.6e-10   4.2e-10   30.2   0.1    25   116    51   149    46   210 0.67 -
1445102at2759_416450_1:002370|NODE_12257_length_6121_cov_73.192422:4255-5486  -            283 1445102at2759        -            192   8.1e-13   39.0   0.5   1   2    0.0046    0.0054    7.0   0.0     2    20     6    24     5    30 0.86 -
1445102at2759_416450_1:002370|NODE_12257_length_6121_cov_73.192422:4255-5486  -            283 1445102at2759        -            192   8.1e-13   39.0   0.5   2   2     4e-10   4.7e-10   30.0   0.1    25   116    54   152    49   212 0.67 -
1445102at2759_1835702_1:00049b|NODE_12257_length_6121_cov_73.192422:4156-5486 -            316 1445102at2759        -            192   1.2e-12   38.5   0.5   1   2    0.0052    0.0062    6.8   0.0     2    20    39    57    38    63 0.86 -
1445102at2759_1835702_1:00049b|NODE_12257_length_6121_cov_73.192422:4156-5486 -            316 1445102at2759        -            192   1.2e-12   38.5   0.5   2   2   5.3e-10   6.3e-10   29.6   0.1    25   116    87   185    82   240 0.67 -
1445102at2759_32264_0:001d83|NODE_12257_length_6121_cov_73.192422:4261-5378   -            241 1445102at2759        -            192   8.3e-12   35.8   0.3   1   2      0.08     0.094    3.0   0.0     2    18     4    20     3    33 0.80 -
1445102at2759_32264_0:001d83|NODE_12257_length_6121_cov_73.192422:4261-5378   -            241 1445102at2759        -            192   8.3e-12   35.8   0.3   2   2   2.8e-10   3.3e-10   30.5   0.1    25   116    48   146    43   201 0.67 -
1445102at2759_40296_1:0011eb|NODE_12257_length_6121_cov_73.192422:4264-5453   -            265 1445102at2759        -            192   1.1e-11   35.3   0.3   1   2      0.09      0.11    2.8   0.0     2    18     3    19     2    32 0.80 -
1445102at2759_40296_1:0011eb|NODE_12257_length_6121_cov_73.192422:4264-5453   -            265 1445102at2759        -            192   1.1e-11   35.3   0.3   2   2   3.6e-10   4.2e-10   30.2   0.1    25   116    47   145    42   200 0.67 -
1445102at2759_38123_0:001e8a|NODE_12257_length_6121_cov_73.192422:4781-5378   -            200 1445102at2759        -            192   1.1e-10   32.1   0.1   1   1   1.8e-10   2.1e-10   31.2   0.1    25   117     7   106     3   159 0.66 -
1445102at2759_1157962_0:000c07|NODE_12257_length_6121_cov_73.192422:4775-5372 -            200 1445102at2759        -            192   1.1e-10   32.1   0.1   1   1   1.7e-10     2e-10   31.2   0.1    25   117     9   108     5   162 0.66 -
1445102at2759_411798_0:003244|NODE_12257_length_6121_cov_73.192422:4760-5372  -            205 1445102at2759        -            192   1.2e-10   32.0   0.1   1   1   1.9e-10   2.2e-10   31.1   0.1    25   117    14   113    10   167 0.66 -
1445102at2759_438503_0:001b59|NODE_12257_length_6121_cov_73.192422:4760-5372  -            205 1445102at2759        -            192   1.2e-10   32.0   0.1   1   1   1.9e-10   2.2e-10   31.1   0.1    25   117    14   113    10   167 0.66 -
1445102at2759_609295_0:001a18|NODE_12257_length_6121_cov_73.192422:4760-5372  -            205 1445102at2759        -            192   1.2e-10   32.0   0.1   1   1   1.9e-10   2.2e-10   31.1   0.1    25   117    14   113    10   167 0.66 -
1445102at2759_610380_0:0010ba|NODE_12257_length_6121_cov_73.192422:4760-5372  -            205 1445102at2759        -            192   1.2e-10   32.0   0.1   1   1   1.9e-10   2.2e-10   31.1   0.1    25   117    14   113    10   167 0.66 -
1445102at2759_91411_0:001567|NODE_12257_length_6121_cov_73.192422:4760-5372   -            205 1445102at2759        -            192   1.2e-10   32.0   0.1   1   1   1.9e-10   2.2e-10   31.1   0.1    25   117    14   113    10   167 0.66 -
1445102at2759_1026970_0:001a31|NODE_12257_length_6121_cov_73.192422:4760-5378 -            207 1445102at2759        -            192   1.2e-10   32.0   0.1   1   1   1.8e-10   2.1e-10   31.2   0.1    25   117    14   113    10   172 0.67 -
1445102at2759_7425_0:001e4b|NODE_12257_length_6121_cov_73.192422:4760-5378    -            207 1445102at2759        -            192   1.2e-10   32.0   0.1   1   1   1.8e-10   2.1e-10   31.2   0.1    25   117    14   113    10   172 0.67 -
1445102at2759_202946_0:001722|NODE_12257_length_6121_cov_73.192422:4790-5378  -            197 1445102at2759        -            192   1.2e-10   31.9   0.1   1   1     2e-10   2.3e-10   31.0   0.1    25   117     4   103     1   155 0.66 -
1445102at2759_32536_0:002f59|NODE_12257_length_6121_cov_73.192422:4793-5378   -            196 1445102at2759        -            192   1.4e-10   31.8   0.1   1   1     2e-10   2.3e-10   31.0   0.1    25   154     3   135     1   161 0.67 -
1445102at2759_7536_0:00382f|NODE_12257_length_6121_cov_73.192422:4790-5363    -            125 1445102at2759        -            192   6.9e-07   19.7   0.1   1   2   1.9e-06   2.2e-06   18.0   0.1    25    65     4    44     1    54 0.88 -
1445102at2759_7536_0:00382f|NODE_12257_length_6121_cov_73.192422:4790-5363    -            125 1445102at2759        -            192   6.9e-07   19.7   0.1   2   2      0.96       1.1   -0.6   0.0   139   165    54    81    48   103 0.55 -
#
# Program:         hmmsearch
# Version:         3.1b2 (February 2015)
# Pipeline mode:   SEARCH
# Query file:      mb_downloads/eukaryota_odb10/hmms/1445102at2759.hmm
# Target file:     -
# Option settings: /opt/conda/envs/compleasm/bin/hmmsearch --domtblout compleasm/eukaryota_odb10/hmmer_output/1445102at2759.out --cpu 1 mb_downloads/eukaryota_odb10/hmms/1445102at2759.hmm - 
# Current dir:     /in
# Date:            Tue Oct 22 12:40:14 2024
# [ok]
