#                                                                                                                                      --- full sequence --- -------------- this domain -------------   hmm coord   ali coord   env coord
# target name                                                                  accession   tlen query name           accession   qlen   E-value  score  bias   #  of  c-Evalue  i-Evalue  score  bias  from    to  from    to  from    to  acc description of target
#                                                          ------------------- ---------- ----- -------------------- ---------- ----- --------- ------ ----- --- --- --------- --------- ------ ----- ----- ----- ----- ----- ----- ----- ---- ---------------------
1450538at2759_62625_0:000467|NODE_200_length_27353_cov_69.057596:20882-21896   -            252 1450538at2759        -            151   5.4e-41  128.8   4.2   1   2   2.2e-29   5.2e-29   89.9   0.9     4   115    15   153    11   157 0.88 -
1450538at2759_62625_0:000467|NODE_200_length_27353_cov_69.057596:20882-21896   -            252 1450538at2759        -            151   5.4e-41  128.8   4.2   2   2   1.5e-11   3.4e-11   32.0   0.1   113   151   212   250   203   250 0.93 -
1450538at2759_1314783_1:00014f|NODE_200_length_27353_cov_69.057596:20882-21869 -            243 1450538at2759        -            151   2.1e-38  120.4   4.6   1   3   2.7e-10   6.4e-10   27.9   0.5     4    40    15    61    11    74 0.80 -
1450538at2759_1314783_1:00014f|NODE_200_length_27353_cov_69.057596:20882-21869 -            243 1450538at2759        -            151   2.1e-38  120.4   4.6   2   3   6.8e-23   1.6e-22   68.8   0.0    39   115    77   153    64   157 0.96 -
1450538at2759_1314783_1:00014f|NODE_200_length_27353_cov_69.057596:20882-21869 -            243 1450538at2759        -            151   2.1e-38  120.4   4.6   3   3   4.9e-09   1.1e-08   23.8   0.2   113   144   212   243   203   243 0.91 -
1450538at2759_743788_1:0008cf|NODE_200_length_27353_cov_69.057596:20873-21740  -            215 1450538at2759        -            151   5.4e-27   83.3   3.1   1   2   4.2e-10   9.7e-10   27.3   0.5     4    40    18    64    14    77 0.80 -
1450538at2759_743788_1:0008cf|NODE_200_length_27353_cov_69.057596:20873-21740  -            215 1450538at2759        -            151   5.4e-27   83.3   3.1   2   2   4.3e-18     1e-17   53.2   0.1    51   115   104   168    67   173 0.76 -
#
# Program:         hmmsearch
# Version:         3.1b2 (February 2015)
# Pipeline mode:   SEARCH
# Query file:      mb_downloads/eukaryota_odb10/hmms/1450538at2759.hmm
# Target file:     -
# Option settings: /opt/conda/envs/compleasm/bin/hmmsearch --domtblout compleasm/eukaryota_odb10/hmmer_output/1450538at2759.out --cpu 1 mb_downloads/eukaryota_odb10/hmms/1450538at2759.hmm - 
# Current dir:     /in
# Date:            Tue Oct 22 12:39:36 2024
# [ok]
