#                                                                                                                                     --- full sequence --- -------------- this domain -------------   hmm coord   ali coord   env coord
# target name                                                                 accession   tlen query name           accession   qlen   E-value  score  bias   #  of  c-Evalue  i-Evalue  score  bias  from    to  from    to  from    to  acc description of target
#                                                         ------------------- ---------- ----- -------------------- ---------- ----- --------- ------ ----- --- --- --------- --------- ------ ----- ----- ----- ----- ----- ----- ----- ---- ---------------------
1454155at2759_168631_0:00096a|NODE_832_length_16037_cov_110.726253:6317-6861  -            141 1454155at2759        -             98     3e-19   61.9   5.4   1   1   3.4e-19   3.9e-19   61.5   5.4     1    75    58   139    58   141 0.92 -
1454155at2759_7962_0:004e8e|NODE_832_length_16037_cov_110.726253:6441-6918    -            132 1454155at2759        -             98   1.3e-18   59.8   8.5   1   1   1.7e-18   1.9e-18   59.3   8.5     1    76    30   112    30   131 0.92 -
1454155at2759_75366_0:0054d4|NODE_832_length_16037_cov_110.726253:6465-6981   -            145 1454155at2759        -             98   1.9e-18   59.3   7.8   1   2   1.6e-18   1.9e-18   59.3   7.8     1    76    22   104    22   109 0.92 -
1454155at2759_75366_0:0054d4|NODE_832_length_16037_cov_110.726253:6465-6981   -            145 1454155at2759        -             98   1.9e-18   59.3   7.8   2   2       2.3       2.7    1.1   1.4    33    63   109   138   106   145 0.54 -
1454155at2759_175836_0:000dc0|NODE_832_length_16037_cov_110.726253:6444-6990  -            155 1454155at2759        -             98   2.1e-18   59.2   7.7   1   2   1.8e-18   2.1e-18   59.2   7.7     1    76    29   111    29   116 0.92 -
1454155at2759_175836_0:000dc0|NODE_832_length_16037_cov_110.726253:6444-6990  -            155 1454155at2759        -             98   2.1e-18   59.2   7.7   2   2       2.3       2.6    1.1   1.7    33    64   116   146   112   154 0.55 -
1454155at2759_55661_0:0027bc|NODE_832_length_16037_cov_110.726253:6441-6990   -            156 1454155at2759        -             98   2.1e-18   59.2   7.7   1   2   1.8e-18   2.1e-18   59.2   7.7     1    76    30   112    30   117 0.92 -
1454155at2759_55661_0:0027bc|NODE_832_length_16037_cov_110.726253:6441-6990   -            156 1454155at2759        -             98   2.1e-18   59.2   7.7   2   2       2.3       2.7    1.1   1.7    33    64   117   147   113   155 0.55 -
1454155at2759_32264_0:002307|NODE_832_length_16037_cov_110.726253:6332-6969   -            172 1454155at2759        -             98   2.5e-18   58.9   7.6   1   2   2.2e-18   2.5e-18   58.9   7.6     1    76    53   135    53   141 0.92 -
1454155at2759_32264_0:002307|NODE_832_length_16037_cov_110.726253:6332-6969   -            172 1454155at2759        -             98   2.5e-18   58.9   7.6   2   2         3       3.5    0.7   0.8    34    61   141   167   137   171 0.49 -
1454155at2759_106582_0:001d40|NODE_832_length_16037_cov_110.726253:6317-6981  -            181 1454155at2759        -             98   2.6e-18   58.9   7.3   1   2   2.2e-18   2.6e-18   58.9   7.3     1    76    58   140    58   143 0.92 -
1454155at2759_106582_0:001d40|NODE_832_length_16037_cov_110.726253:6317-6981  -            181 1454155at2759        -             98   2.6e-18   58.9   7.3   2   2       2.9       3.4    0.8   1.2    33    63   145   174   142   181 0.54 -
1454155at2759_1608454_0:007cc0|NODE_832_length_16037_cov_110.726253:6317-6981 -            181 1454155at2759        -             98   2.6e-18   58.9   7.3   1   2   2.2e-18   2.6e-18   58.9   7.3     1    76    58   140    58   143 0.92 -
1454155at2759_1608454_0:007cc0|NODE_832_length_16037_cov_110.726253:6317-6981 -            181 1454155at2759        -             98   2.6e-18   58.9   7.3   2   2       2.9       3.4    0.8   1.2    33    63   145   174   142   181 0.54 -
1454155at2759_1608454_0:009081|NODE_832_length_16037_cov_110.726253:6317-6981 -            181 1454155at2759        -             98   2.6e-18   58.9   7.3   1   2   2.2e-18   2.6e-18   58.9   7.3     1    76    58   140    58   143 0.92 -
1454155at2759_1608454_0:009081|NODE_832_length_16037_cov_110.726253:6317-6981 -            181 1454155at2759        -             98   2.6e-18   58.9   7.3   2   2       2.9       3.4    0.8   1.2    33    63   145   174   142   181 0.54 -
1454155at2759_215358_0:004bb9|NODE_832_length_16037_cov_110.726253:6317-6981  -            181 1454155at2759        -             98   2.6e-18   58.9   7.3   1   2   2.2e-18   2.6e-18   58.9   7.3     1    76    58   140    58   143 0.92 -
1454155at2759_215358_0:004bb9|NODE_832_length_16037_cov_110.726253:6317-6981  -            181 1454155at2759        -             98   2.6e-18   58.9   7.3   2   2       2.9       3.4    0.8   1.2    33    63   145   174   142   181 0.54 -
1454155at2759_41447_0:002813|NODE_832_length_16037_cov_110.726253:6317-6981   -            181 1454155at2759        -             98   2.6e-18   58.9   7.3   1   2   2.2e-18   2.6e-18   58.9   7.3     1    76    58   140    58   143 0.92 -
1454155at2759_41447_0:002813|NODE_832_length_16037_cov_110.726253:6317-6981   -            181 1454155at2759        -             98   2.6e-18   58.9   7.3   2   2       2.9       3.4    0.8   1.2    33    63   145   174   142   181 0.54 -
1454155at2759_43700_0:000a56|NODE_832_length_16037_cov_110.726253:6317-6981   -            181 1454155at2759        -             98   2.6e-18   58.9   7.3   1   2   2.2e-18   2.6e-18   58.9   7.3     1    76    58   140    58   143 0.92 -
1454155at2759_43700_0:000a56|NODE_832_length_16037_cov_110.726253:6317-6981   -            181 1454155at2759        -             98   2.6e-18   58.9   7.3   2   2       2.9       3.4    0.8   1.2    33    63   145   174   142   181 0.54 -
1454155at2759_48698_0:004eaa|NODE_832_length_16037_cov_110.726253:6317-6981   -            181 1454155at2759        -             98   2.6e-18   58.9   7.3   1   2   2.2e-18   2.6e-18   58.9   7.3     1    76    58   140    58   143 0.92 -
1454155at2759_48698_0:004eaa|NODE_832_length_16037_cov_110.726253:6317-6981   -            181 1454155at2759        -             98   2.6e-18   58.9   7.3   2   2       2.9       3.4    0.8   1.2    33    63   145   174   142   181 0.54 -
1454155at2759_56723_0:003020|NODE_832_length_16037_cov_110.726253:6317-6981   -            181 1454155at2759        -             98   2.6e-18   58.9   7.3   1   2   2.2e-18   2.6e-18   58.9   7.3     1    76    58   140    58   143 0.92 -
1454155at2759_56723_0:003020|NODE_832_length_16037_cov_110.726253:6317-6981   -            181 1454155at2759        -             98   2.6e-18   58.9   7.3   2   2       2.9       3.4    0.8   1.2    33    63   145   174   142   181 0.54 -
1454155at2759_7955_0:003899|NODE_832_length_16037_cov_110.726253:6317-6981    -            181 1454155at2759        -             98   2.6e-18   58.9   7.3   1   2   2.2e-18   2.6e-18   58.9   7.3     1    76    58   140    58   143 0.92 -
1454155at2759_7955_0:003899|NODE_832_length_16037_cov_110.726253:6317-6981    -            181 1454155at2759        -             98   2.6e-18   58.9   7.3   2   2       2.9       3.4    0.8   1.2    33    63   145   174   142   181 0.54 -
1454155at2759_7962_0:00bc69|NODE_832_length_16037_cov_110.726253:6317-6981    -            181 1454155at2759        -             98   2.6e-18   58.9   7.3   1   2   2.2e-18   2.6e-18   58.9   7.3     1    76    58   140    58   143 0.92 -
1454155at2759_7962_0:00bc69|NODE_832_length_16037_cov_110.726253:6317-6981    -            181 1454155at2759        -             98   2.6e-18   58.9   7.3   2   2       2.9       3.4    0.8   1.2    33    63   145   174   142   181 0.54 -
1454155at2759_609295_0:0020b2|NODE_832_length_16037_cov_110.726253:6317-6978  -            180 1454155at2759        -             98   2.6e-18   58.9   7.4   1   2   2.2e-18   2.6e-18   58.9   7.4     1    76    58   140    58   145 0.92 -
1454155at2759_609295_0:0020b2|NODE_832_length_16037_cov_110.726253:6317-6978  -            180 1454155at2759        -             98   2.6e-18   58.9   7.4   2   2         3       3.5    0.7   1.0    33    62   145   173   142   179 0.54 -
1454155at2759_37621_0:00265f|NODE_832_length_16037_cov_110.726253:6332-6990   -            179 1454155at2759        -             98     3e-18   58.6   7.7   1   2   2.6e-18     3e-18   58.6   7.7     1    76    53   135    53   140 0.92 -
1454155at2759_37621_0:00265f|NODE_832_length_16037_cov_110.726253:6332-6990   -            179 1454155at2759        -             98     3e-18   58.6   7.7   2   2         2       2.3    1.3   1.2    33    64   140   170   135   178 0.56 -
1454155at2759_74940_0:0027ec|NODE_832_length_16037_cov_110.726253:6326-6996   -            183 1454155at2759        -             98     3e-18   58.6   7.6   1   2   2.6e-18     3e-18   58.6   7.6     1    76    55   137    55   142 0.92 -
1454155at2759_74940_0:0027ec|NODE_832_length_16037_cov_110.726253:6326-6996   -            183 1454155at2759        -             98     3e-18   58.6   7.6   2   2       3.2       3.8    0.6   2.0    33    64   142   172   139   182 0.55 -
1454155at2759_8036_0:0011a9|NODE_832_length_16037_cov_110.726253:6363-6996    -            184 1454155at2759        -             98   3.1e-18   58.6   7.6   1   2   2.7e-18   3.1e-18   58.6   7.6     1    76    56   138    56   143 0.92 -
1454155at2759_8036_0:0011a9|NODE_832_length_16037_cov_110.726253:6363-6996    -            184 1454155at2759        -             98   3.1e-18   58.6   7.6   2   2         4       4.6    0.3   2.2    33    64   143   173   141   183 0.53 -
1454155at2759_7200_0:00215a|NODE_832_length_16037_cov_110.726253:6317-6987    -            183 1454155at2759        -             98   3.2e-18   58.6   7.7   1   2   2.7e-18   3.2e-18   58.6   7.7     1    76    58   140    58   145 0.92 -
1454155at2759_7200_0:00215a|NODE_832_length_16037_cov_110.726253:6317-6987    -            183 1454155at2759        -             98   3.2e-18   58.6   7.7   2   2       2.1       2.4    1.2   1.3    33    64   145   175   140   183 0.56 -
1454155at2759_7574_0:0062ed|NODE_832_length_16037_cov_110.726253:6317-6987    -            183 1454155at2759        -             98   3.2e-18   58.6   7.7   1   2   2.7e-18   3.2e-18   58.6   7.7     1    76    58   140    58   145 0.92 -
1454155at2759_7574_0:0062ed|NODE_832_length_16037_cov_110.726253:6317-6987    -            183 1454155at2759        -             98   3.2e-18   58.6   7.7   2   2       2.1       2.4    1.2   1.3    33    64   145   175   140   183 0.56 -
1454155at2759_29058_0:002d4c|NODE_832_length_16037_cov_110.726253:6317-6996   -            186 1454155at2759        -             98   3.2e-18   58.6   7.6   1   2   2.8e-18   3.2e-18   58.6   7.6     1    76    58   140    58   145 0.92 -
1454155at2759_29058_0:002d4c|NODE_832_length_16037_cov_110.726253:6317-6996   -            186 1454155at2759        -             98   3.2e-18   58.6   7.6   2   2       4.2       4.8    0.3   2.2    33    64   145   175   143   185 0.53 -
1454155at2759_42514_0:005dc7|NODE_832_length_16037_cov_110.726253:6317-6996   -            186 1454155at2759        -             98   3.2e-18   58.6   7.6   1   2   2.8e-18   3.2e-18   58.6   7.6     1    76    58   140    58   145 0.92 -
1454155at2759_42514_0:005dc7|NODE_832_length_16037_cov_110.726253:6317-6996   -            186 1454155at2759        -             98   3.2e-18   58.6   7.6   2   2       4.2       4.8    0.3   2.2    33    64   145   175   143   185 0.53 -
1454155at2759_52670_0:004696|NODE_832_length_16037_cov_110.726253:6317-6996   -            186 1454155at2759        -             98   3.2e-18   58.6   7.6   1   2   2.8e-18   3.2e-18   58.6   7.6     1    76    58   140    58   145 0.92 -
1454155at2759_52670_0:004696|NODE_832_length_16037_cov_110.726253:6317-6996   -            186 1454155at2759        -             98   3.2e-18   58.6   7.6   2   2       4.2       4.8    0.3   2.2    33    64   145   175   143   185 0.53 -
1454155at2759_7130_0:0020e1|NODE_832_length_16037_cov_110.726253:6317-6996    -            186 1454155at2759        -             98   3.2e-18   58.6   7.6   1   2   2.8e-18   3.2e-18   58.6   7.6     1    76    58   140    58   145 0.92 -
1454155at2759_7130_0:0020e1|NODE_832_length_16037_cov_110.726253:6317-6996    -            186 1454155at2759        -             98   3.2e-18   58.6   7.6   2   2       4.2       4.8    0.3   2.2    33    64   145   175   143   185 0.53 -
1454155at2759_8010_0:0034bf|NODE_832_length_16037_cov_110.726253:6317-6996    -            186 1454155at2759        -             98   3.2e-18   58.6   7.6   1   2   2.8e-18   3.2e-18   58.6   7.6     1    76    58   140    58   145 0.92 -
1454155at2759_8010_0:0034bf|NODE_832_length_16037_cov_110.726253:6317-6996    -            186 1454155at2759        -             98   3.2e-18   58.6   7.6   2   2       4.2       4.8    0.3   2.2    33    64   145   175   143   185 0.53 -
1454155at2759_8078_0:003153|NODE_832_length_16037_cov_110.726253:6317-6996    -            186 1454155at2759        -             98   3.2e-18   58.6   7.6   1   2   2.8e-18   3.2e-18   58.6   7.6     1    76    58   140    58   145 0.92 -
1454155at2759_8078_0:003153|NODE_832_length_16037_cov_110.726253:6317-6996    -            186 1454155at2759        -             98   3.2e-18   58.6   7.6   2   2       4.2       4.8    0.3   2.2    33    64   145   175   143   185 0.53 -
1454155at2759_8090_0:004f9c|NODE_832_length_16037_cov_110.726253:6317-6996    -            186 1454155at2759        -             98   3.2e-18   58.6   7.6   1   2   2.8e-18   3.2e-18   58.6   7.6     1    76    58   140    58   145 0.92 -
1454155at2759_8090_0:004f9c|NODE_832_length_16037_cov_110.726253:6317-6996    -            186 1454155at2759        -             98   3.2e-18   58.6   7.6   2   2       4.2       4.8    0.3   2.2    33    64   145   175   143   185 0.53 -
1454155at2759_104452_0:003762|NODE_832_length_16037_cov_110.726253:6462-7095  -            184 1454155at2759        -             98   3.2e-18   58.6   7.7   1   2   2.8e-18   3.2e-18   58.6   7.7     1    76    23   105    23   110 0.92 -
1454155at2759_104452_0:003762|NODE_832_length_16037_cov_110.726253:6462-7095  -            184 1454155at2759        -             98   3.2e-18   58.6   7.7   2   2       3.7       4.2    0.5   2.9    33    66   110   142   107   174 0.62 -
1454155at2759_400682_0:000f1e|NODE_832_length_16037_cov_110.726253:6332-6984  -            177 1454155at2759        -             98   3.3e-18   58.5   7.8   1   2   2.8e-18   3.3e-18   58.5   7.8     1    76    53   135    53   140 0.92 -
1454155at2759_400682_0:000f1e|NODE_832_length_16037_cov_110.726253:6332-6984  -            177 1454155at2759        -             98   3.3e-18   58.5   7.8   2   2       2.8       3.2    0.8   1.5    33    63   140   169   137   177 0.54 -
1454155at2759_535722_1:001641|NODE_832_length_16037_cov_110.726253:6326-6984  -            179 1454155at2759        -             98   3.3e-18   58.5   7.8   1   2   2.9e-18   3.3e-18   58.5   7.8     1    76    55   137    55   142 0.92 -
1454155at2759_535722_1:001641|NODE_832_length_16037_cov_110.726253:6326-6984  -            179 1454155at2759        -             98   3.3e-18   58.5   7.8   2   2       2.5       2.9    1.0   1.3    33    63   142   171   138   179 0.55 -
1454155at2759_610380_0:00223d|NODE_832_length_16037_cov_110.726253:6317-6984  -            182 1454155at2759        -             98   3.4e-18   58.5   7.8   1   2     3e-18   3.4e-18   58.5   7.8     1    76    58   140    58   145 0.92 -
1454155at2759_610380_0:00223d|NODE_832_length_16037_cov_110.726253:6317-6984  -            182 1454155at2759        -             98   3.4e-18   58.5   7.8   2   2       2.8       3.2    0.8   1.4    33    63   145   174   142   182 0.54 -
1454155at2759_680683_0:0013fe|NODE_832_length_16037_cov_110.726253:6317-6984  -            182 1454155at2759        -             98   3.4e-18   58.5   7.8   1   2     3e-18   3.4e-18   58.5   7.8     1    76    58   140    58   145 0.92 -
1454155at2759_680683_0:0013fe|NODE_832_length_16037_cov_110.726253:6317-6984  -            182 1454155at2759        -             98   3.4e-18   58.5   7.8   2   2       2.8       3.2    0.8   1.4    33    63   145   174   142   182 0.54 -
1454155at2759_7038_0:003039|NODE_832_length_16037_cov_110.726253:6317-6984    -            182 1454155at2759        -             98   3.4e-18   58.5   7.8   1   2     3e-18   3.4e-18   58.5   7.8     1    76    58   140    58   145 0.92 -
1454155at2759_7038_0:003039|NODE_832_length_16037_cov_110.726253:6317-6984    -            182 1454155at2759        -             98   3.4e-18   58.5   7.8   2   2       2.8       3.2    0.8   1.4    33    63   145   174   142   182 0.54 -
1454155at2759_244447_0:00020c|NODE_832_length_16037_cov_110.726253:6317-7056  -            206 1454155at2759        -             98   3.5e-18   58.5   7.3   1   2     3e-18   3.5e-18   58.5   7.3     1    76    58   140    58   144 0.92 -
1454155at2759_244447_0:00020c|NODE_832_length_16037_cov_110.726253:6317-7056  -            206 1454155at2759        -             98   3.5e-18   58.5   7.3   2   2       2.9       3.4    0.8   1.9    33    65   145   176   141   190 0.57 -
1454155at2759_7004_0:000c45|NODE_832_length_16037_cov_110.726253:6317-7056    -            206 1454155at2759        -             98   3.5e-18   58.5   7.3   1   2     3e-18   3.5e-18   58.5   7.3     1    76    58   140    58   144 0.92 -
1454155at2759_7004_0:000c45|NODE_832_length_16037_cov_110.726253:6317-7056    -            206 1454155at2759        -             98   3.5e-18   58.5   7.3   2   2       2.9       3.4    0.8   1.9    33    65   145   176   141   190 0.57 -
1454155at2759_8208_0:004768|NODE_832_length_16037_cov_110.726253:6317-7056    -            206 1454155at2759        -             98   3.5e-18   58.5   7.3   1   2     3e-18   3.5e-18   58.5   7.3     1    76    58   140    58   144 0.92 -
1454155at2759_8208_0:004768|NODE_832_length_16037_cov_110.726253:6317-7056    -            206 1454155at2759        -             98   3.5e-18   58.5   7.3   2   2       2.9       3.4    0.8   1.9    33    65   145   176   141   190 0.57 -
1454155at2759_7536_0:0007c3|NODE_832_length_16037_cov_110.726253:6317-7041    -            201 1454155at2759        -             98   3.5e-18   58.4   7.5   1   2     3e-18   3.5e-18   58.4   7.5     1    76    58   140    58   145 0.92 -
1454155at2759_7536_0:0007c3|NODE_832_length_16037_cov_110.726253:6317-7041    -            201 1454155at2759        -             98   3.5e-18   58.4   7.5   2   2         3       3.5    0.7   2.0    33    65   145   176   142   190 0.57 -
1454155at2759_144197_0:000299|NODE_832_length_16037_cov_110.726253:6317-7023  -            195 1454155at2759        -             98   3.8e-18   58.3   7.6   1   2   3.3e-18   3.8e-18   58.3   7.6     1    76    58   140    58   143 0.92 -
1454155at2759_144197_0:000299|NODE_832_length_16037_cov_110.726253:6317-7023  -            195 1454155at2759        -             98   3.8e-18   58.3   7.6   2   2       3.8       4.4    0.4   2.3    33    64   145   175   142   188 0.56 -
1454155at2759_150288_0:0012d7|NODE_832_length_16037_cov_110.726253:6317-7023  -            195 1454155at2759        -             98   3.8e-18   58.3   7.6   1   2   3.3e-18   3.8e-18   58.3   7.6     1    76    58   140    58   143 0.92 -
1454155at2759_150288_0:0012d7|NODE_832_length_16037_cov_110.726253:6317-7023  -            195 1454155at2759        -             98   3.8e-18   58.3   7.6   2   2       3.8       4.4    0.4   2.3    33    64   145   175   142   188 0.56 -
1454155at2759_30732_0:0000e0|NODE_832_length_16037_cov_110.726253:6317-7023   -            195 1454155at2759        -             98   3.8e-18   58.3   7.6   1   2   3.3e-18   3.8e-18   58.3   7.6     1    76    58   140    58   143 0.92 -
1454155at2759_30732_0:0000e0|NODE_832_length_16037_cov_110.726253:6317-7023   -            195 1454155at2759        -             98   3.8e-18   58.3   7.6   2   2       3.8       4.4    0.4   2.3    33    64   145   175   142   188 0.56 -
1454155at2759_37003_0:000251|NODE_832_length_16037_cov_110.726253:6317-7023   -            195 1454155at2759        -             98   3.8e-18   58.3   7.6   1   2   3.3e-18   3.8e-18   58.3   7.6     1    76    58   140    58   143 0.92 -
1454155at2759_37003_0:000251|NODE_832_length_16037_cov_110.726253:6317-7023   -            195 1454155at2759        -             98   3.8e-18   58.3   7.6   2   2       3.8       4.4    0.4   2.3    33    64   145   175   142   188 0.56 -
1454155at2759_8081_0:004f1a|NODE_832_length_16037_cov_110.726253:6317-7023    -            195 1454155at2759        -             98   3.8e-18   58.3   7.6   1   2   3.3e-18   3.8e-18   58.3   7.6     1    76    58   140    58   143 0.92 -
1454155at2759_8081_0:004f1a|NODE_832_length_16037_cov_110.726253:6317-7023    -            195 1454155at2759        -             98   3.8e-18   58.3   7.6   2   2       3.8       4.4    0.4   2.3    33    64   145   175   142   188 0.56 -
1454155at2759_136037_0:0016f0|NODE_832_length_16037_cov_110.726253:6317-7053  -            205 1454155at2759        -             98   3.8e-18   58.3   7.5   1   2   3.3e-18   3.8e-18   58.3   7.5     1    76    58   140    58   145 0.92 -
1454155at2759_136037_0:0016f0|NODE_832_length_16037_cov_110.726253:6317-7053  -            205 1454155at2759        -             98   3.8e-18   58.3   7.5   2   2       3.1       3.6    0.7   2.0    33    65   145   176   142   191 0.57 -
1454155at2759_7091_0:0007d6|NODE_832_length_16037_cov_110.726253:6317-7053    -            205 1454155at2759        -             98   3.8e-18   58.3   7.5   1   2   3.3e-18   3.8e-18   58.3   7.5     1    76    58   140    58   145 0.92 -
1454155at2759_7091_0:0007d6|NODE_832_length_16037_cov_110.726253:6317-7053    -            205 1454155at2759        -             98   3.8e-18   58.3   7.5   2   2       3.1       3.6    0.7   2.0    33    65   145   176   142   191 0.57 -
1454155at2759_105023_0:0040b7|NODE_832_length_16037_cov_110.726253:6326-7050  -            201 1454155at2759        -             98   3.9e-18   58.3   7.6   1   2   3.4e-18   3.9e-18   58.3   7.6     1    76    55   137    55   142 0.92 -
1454155at2759_105023_0:0040b7|NODE_832_length_16037_cov_110.726253:6326-7050  -            201 1454155at2759        -             98   3.9e-18   58.3   7.6   2   2       3.2       3.8    0.6   2.1    33    65   142   173   139   187 0.57 -
1454155at2759_303698_1:0017d7|NODE_832_length_16037_cov_110.726253:6326-7053  -            202 1454155at2759        -             98   3.9e-18   58.3   7.6   1   2   3.4e-18   3.9e-18   58.3   7.6     1    76    55   137    55   142 0.92 -
1454155at2759_303698_1:0017d7|NODE_832_length_16037_cov_110.726253:6326-7053  -            202 1454155at2759        -             98   3.9e-18   58.3   7.6   2   2       3.2       3.7    0.6   2.0    33    65   142   173   139   187 0.56 -
1454155at2759_28743_0:001218|NODE_832_length_16037_cov_110.726253:6317-7047   -            203 1454155at2759        -             98   4.1e-18   58.2   7.7   1   2   3.5e-18   4.1e-18   58.2   7.7     1    76    58   140    58   145 0.92 -
1454155at2759_28743_0:001218|NODE_832_length_16037_cov_110.726253:6317-7047   -            203 1454155at2759        -             98   4.1e-18   58.2   7.7   2   2       3.5         4    0.5   2.1    33    64   145   175   142   188 0.55 -
1454155at2759_132113_0:0032f6|NODE_832_length_16037_cov_110.726253:6317-7050  -            204 1454155at2759        -             98   4.1e-18   58.2   7.7   1   2   3.6e-18   4.1e-18   58.2   7.7     1    76    58   140    58   145 0.92 -
1454155at2759_132113_0:0032f6|NODE_832_length_16037_cov_110.726253:6317-7050  -            204 1454155at2759        -             98   4.1e-18   58.2   7.7   2   2       3.5         4    0.5   2.1    33    64   145   175   142   188 0.55 -
1454155at2759_156304_0:001e09|NODE_832_length_16037_cov_110.726253:6317-7050  -            204 1454155at2759        -             98   4.1e-18   58.2   7.7   1   2   3.6e-18   4.1e-18   58.2   7.7     1    76    58   140    58   145 0.92 -
1454155at2759_156304_0:001e09|NODE_832_length_16037_cov_110.726253:6317-7050  -            204 1454155at2759        -             98   4.1e-18   58.2   7.7   2   2       3.5         4    0.5   2.1    33    64   145   175   142   188 0.55 -
1454155at2759_166423_0:002bbd|NODE_832_length_16037_cov_110.726253:6314-7047  -            204 1454155at2759        -             98   4.1e-18   58.2   7.7   1   2   3.6e-18   4.1e-18   58.2   7.7     1    76    59   141    59   146 0.92 -
1454155at2759_166423_0:002bbd|NODE_832_length_16037_cov_110.726253:6314-7047  -            204 1454155at2759        -             98   4.1e-18   58.2   7.7   2   2       3.5         4    0.5   2.1    33    64   146   176   143   189 0.55 -
1454155at2759_597456_0:00193e|NODE_832_length_16037_cov_110.726253:6317-7050  -            204 1454155at2759        -             98   4.1e-18   58.2   7.7   1   2   3.6e-18   4.1e-18   58.2   7.7     1    76    58   140    58   145 0.92 -
1454155at2759_597456_0:00193e|NODE_832_length_16037_cov_110.726253:6317-7050  -            204 1454155at2759        -             98   4.1e-18   58.2   7.7   2   2       3.5         4    0.5   2.1    33    64   145   175   142   188 0.55 -
1454155at2759_7460_0:0002bf|NODE_832_length_16037_cov_110.726253:6317-7050    -            204 1454155at2759        -             98   4.1e-18   58.2   7.7   1   2   3.6e-18   4.1e-18   58.2   7.7     1    76    58   140    58   145 0.92 -
1454155at2759_7460_0:0002bf|NODE_832_length_16037_cov_110.726253:6317-7050    -            204 1454155at2759        -             98   4.1e-18   58.2   7.7   2   2       3.5         4    0.5   2.1    33    64   145   175   142   188 0.55 -
1454155at2759_1507135_0:00138c|NODE_832_length_16037_cov_110.726253:6317-7068 -            210 1454155at2759        -             98   4.2e-18   58.2   7.6   1   2   3.6e-18   4.2e-18   58.2   7.6     1    76    58   140    58   145 0.92 -
1454155at2759_1507135_0:00138c|NODE_832_length_16037_cov_110.726253:6317-7068 -            210 1454155at2759        -             98   4.2e-18   58.2   7.6   2   2       3.6       4.2    0.5   2.5    33    65   145   176   141   208 0.63 -
1454155at2759_219809_0:000fca|NODE_832_length_16037_cov_110.726253:6317-7068  -            210 1454155at2759        -             98   4.2e-18   58.2   7.6   1   2   3.6e-18   4.2e-18   58.2   7.6     1    76    58   140    58   145 0.92 -
1454155at2759_219809_0:000fca|NODE_832_length_16037_cov_110.726253:6317-7068  -            210 1454155at2759        -             98   4.2e-18   58.2   7.6   2   2       3.6       4.2    0.5   2.5    33    65   145   176   141   208 0.63 -
1454155at2759_79782_0:000f02|NODE_832_length_16037_cov_110.726253:6317-7068   -            210 1454155at2759        -             98   4.2e-18   58.2   7.6   1   2   3.6e-18   4.2e-18   58.2   7.6     1    76    58   140    58   145 0.92 -
1454155at2759_79782_0:000f02|NODE_832_length_16037_cov_110.726253:6317-7068   -            210 1454155at2759        -             98   4.2e-18   58.2   7.6   2   2       3.6       4.2    0.5   2.5    33    65   145   176   141   208 0.63 -
1454155at2759_91411_0:001caf|NODE_832_length_16037_cov_110.726253:6317-7068   -            210 1454155at2759        -             98   4.2e-18   58.2   7.6   1   2   3.6e-18   4.2e-18   58.2   7.6     1    76    58   140    58   145 0.92 -
1454155at2759_91411_0:001caf|NODE_832_length_16037_cov_110.726253:6317-7068   -            210 1454155at2759        -             98   4.2e-18   58.2   7.6   2   2       3.6       4.2    0.5   2.5    33    65   145   176   141   208 0.63 -
1454155at2759_121225_0:00022a|NODE_832_length_16037_cov_110.726253:6317-7095  -            219 1454155at2759        -             98   4.3e-18   58.2   7.4   1   2   3.7e-18   4.3e-18   58.2   7.4     1    76    58   140    58   144 0.92 -
1454155at2759_121225_0:00022a|NODE_832_length_16037_cov_110.726253:6317-7095  -            219 1454155at2759        -             98   4.3e-18   58.2   7.4   2   2       4.5       5.2    0.2   2.8    33    66   145   177   142   209 0.62 -
1454155at2759_7375_0:0020c9|NODE_832_length_16037_cov_110.726253:6317-7095    -            219 1454155at2759        -             98   4.3e-18   58.2   7.4   1   2   3.7e-18   4.3e-18   58.2   7.4     1    76    58   140    58   144 0.92 -
1454155at2759_7375_0:0020c9|NODE_832_length_16037_cov_110.726253:6317-7095    -            219 1454155at2759        -             98   4.3e-18   58.2   7.4   2   2       4.5       5.2    0.2   2.8    33    66   145   177   142   209 0.62 -
1454155at2759_7370_0:001024|NODE_832_length_16037_cov_110.726253:6317-7101    -            221 1454155at2759        -             98   4.3e-18   58.2   7.4   1   2   3.7e-18   4.3e-18   58.2   7.4     1    76    58   140    58   144 0.92 -
1454155at2759_7370_0:001024|NODE_832_length_16037_cov_110.726253:6317-7101    -            221 1454155at2759        -             98   4.3e-18   58.2   7.4   2   2       4.5       5.2    0.2   2.7    33    66   145   177   142   209 0.62 -
1454155at2759_52612_0:002f96|NODE_832_length_16037_cov_110.726253:6317-6852   -            138 1454155at2759        -             98   4.3e-18   58.1   6.6   1   1   4.9e-18   5.6e-18   57.8   6.6     1    74    58   138    58   138 0.92 -
1454155at2759_83485_0:000b21|NODE_832_length_16037_cov_110.726253:6317-7077   -            213 1454155at2759        -             98   4.7e-18   58.0   7.7   1   2   4.1e-18   4.7e-18   58.0   7.7     1    76    58   140    58   145 0.92 -
1454155at2759_83485_0:000b21|NODE_832_length_16037_cov_110.726253:6317-7077   -            213 1454155at2759        -             98   4.7e-18   58.0   7.7   2   2       4.3         5    0.2   2.8    33    66   145   177   142   209 0.62 -
1454155at2759_6945_0:003474|NODE_832_length_16037_cov_110.726253:6317-7119    -            227 1454155at2759        -             98   4.7e-18   58.0   7.4   1   2   4.1e-18   4.7e-18   58.0   7.4     1    76    58   140    58   143 0.92 -
1454155at2759_6945_0:003474|NODE_832_length_16037_cov_110.726253:6317-7119    -            227 1454155at2759        -             98   4.7e-18   58.0   7.4   2   2       4.4       5.1    0.2   2.6    33    65   145   176   142   208 0.63 -
1454155at2759_113540_0:0053c7|NODE_832_length_16037_cov_110.726253:6317-7080  -            214 1454155at2759        -             98   4.7e-18   58.0   7.7   1   2   4.1e-18   4.7e-18   58.0   7.7     1    76    58   140    58   145 0.92 -
1454155at2759_113540_0:0053c7|NODE_832_length_16037_cov_110.726253:6317-7080  -            214 1454155at2759        -             98   4.7e-18   58.0   7.7   2   2       4.3         5    0.2   2.8    33    66   145   177   142   209 0.62 -
1454155at2759_6850_0:003084|NODE_832_length_16037_cov_110.726253:6317-7080    -            214 1454155at2759        -             98   4.7e-18   58.0   7.7   1   2   4.1e-18   4.7e-18   58.0   7.7     1    76    58   140    58   145 0.92 -
1454155at2759_6850_0:003084|NODE_832_length_16037_cov_110.726253:6317-7080    -            214 1454155at2759        -             98   4.7e-18   58.0   7.7   2   2       4.3         5    0.2   2.8    33    66   145   177   142   209 0.62 -
1454155at2759_28612_0:000907|NODE_832_length_16037_cov_110.726253:6317-7083   -            215 1454155at2759        -             98   4.8e-18   58.0   7.7   1   2   4.1e-18   4.8e-18   58.0   7.7     1    76    58   140    58   145 0.92 -
1454155at2759_28612_0:000907|NODE_832_length_16037_cov_110.726253:6317-7083   -            215 1454155at2759        -             98   4.8e-18   58.0   7.7   2   2       4.4       5.1    0.2   2.8    33    66   145   177   142   209 0.62 -
1454155at2759_28377_0:002b94|NODE_832_length_16037_cov_110.726253:6317-7086   -            216 1454155at2759        -             98   4.8e-18   58.0   7.7   1   2   4.2e-18   4.8e-18   58.0   7.7     1    76    58   140    58   145 0.92 -
1454155at2759_28377_0:002b94|NODE_832_length_16037_cov_110.726253:6317-7086   -            216 1454155at2759        -             98   4.8e-18   58.0   7.7   2   2       4.4       5.1    0.2   2.8    33    66   145   177   142   209 0.62 -
1454155at2759_197043_0:005ac5|NODE_832_length_16037_cov_110.726253:6317-7089  -            217 1454155at2759        -             98   4.9e-18   58.0   7.7   1   2   4.2e-18   4.9e-18   58.0   7.7     1    76    58   140    58   145 0.92 -
1454155at2759_197043_0:005ac5|NODE_832_length_16037_cov_110.726253:6317-7089  -            217 1454155at2759        -             98   4.9e-18   58.0   7.7   2   2       4.5       5.2    0.2   2.8    33    66   145   177   142   209 0.62 -
1454155at2759_30019_0:00131e|NODE_832_length_16037_cov_110.726253:6317-7089   -            217 1454155at2759        -             98   4.9e-18   58.0   7.7   1   2   4.2e-18   4.9e-18   58.0   7.7     1    76    58   140    58   145 0.92 -
1454155at2759_30019_0:00131e|NODE_832_length_16037_cov_110.726253:6317-7089   -            217 1454155at2759        -             98   4.9e-18   58.0   7.7   2   2       4.5       5.2    0.2   2.8    33    66   145   177   142   209 0.62 -
1454155at2759_7222_0:0026ce|NODE_832_length_16037_cov_110.726253:6317-7140    -            234 1454155at2759        -             98     5e-18   58.0   7.4   1   2   4.3e-18     5e-18   58.0   7.4     1    76    58   140    58   143 0.92 -
1454155at2759_7222_0:0026ce|NODE_832_length_16037_cov_110.726253:6317-7140    -            234 1454155at2759        -             98     5e-18   58.0   7.4   2   2       4.5       5.2    0.2   2.5    33    65   145   176   142   208 0.63 -
1454155at2759_133434_0:003872|NODE_832_length_16037_cov_110.726253:6308-7101  -            224 1454155at2759        -             98     5e-18   58.0   7.6   1   2   4.3e-18     5e-18   58.0   7.6     1    76    61   143    61   148 0.92 -
1454155at2759_133434_0:003872|NODE_832_length_16037_cov_110.726253:6308-7101  -            224 1454155at2759        -             98     5e-18   58.0   7.6   2   2       4.7       5.4    0.1   2.7    33    65   148   179   145   211 0.63 -
1454155at2759_29031_0:000cd0|NODE_832_length_16037_cov_110.726253:6317-7149   -            237 1454155at2759        -             98   5.2e-18   57.9   7.6   1   2   4.5e-18   5.2e-18   57.9   7.6     1    76    58   140    58   146 0.92 -
1454155at2759_29031_0:000cd0|NODE_832_length_16037_cov_110.726253:6317-7149   -            237 1454155at2759        -             98   5.2e-18   57.9   7.6   2   2       4.8       5.5    0.1   2.6    33    65   145   176   142   208 0.63 -
1454155at2759_35570_0:0008d3|NODE_832_length_16037_cov_110.726253:6317-7176   -            246 1454155at2759        -             98   5.7e-18   57.8   7.6   1   2   4.9e-18   5.7e-18   57.8   7.6     1    76    58   140    58   146 0.92 -
1454155at2759_35570_0:0008d3|NODE_832_length_16037_cov_110.726253:6317-7176   -            246 1454155at2759        -             98   5.7e-18   57.8   7.6   2   2       4.9       5.7    0.1   2.5    33    65   145   176   142   208 0.63 -
1454155at2759_1041015_0:0034b8|NODE_832_length_16037_cov_110.726253:6317-7179 -            247 1454155at2759        -             98   5.7e-18   57.8   7.6   1   2   4.9e-18   5.7e-18   57.8   7.6     1    76    58   140    58   146 0.92 -
1454155at2759_1041015_0:0034b8|NODE_832_length_16037_cov_110.726253:6317-7179 -            247 1454155at2759        -             98   5.7e-18   57.8   7.6   2   2         5       5.7    0.0   2.5    33    65   145   176   142   208 0.63 -
1454155at2759_30025_0:002a3b|NODE_832_length_16037_cov_110.726253:6317-7179   -            247 1454155at2759        -             98   5.7e-18   57.8   7.6   1   2   4.9e-18   5.7e-18   57.8   7.6     1    76    58   140    58   146 0.92 -
1454155at2759_30025_0:002a3b|NODE_832_length_16037_cov_110.726253:6317-7179   -            247 1454155at2759        -             98   5.7e-18   57.8   7.6   2   2         5       5.7    0.0   2.5    33    65   145   176   142   208 0.63 -
1454155at2759_42026_0:00353b|NODE_832_length_16037_cov_110.726253:6317-7179   -            247 1454155at2759        -             98   5.7e-18   57.8   7.6   1   2   4.9e-18   5.7e-18   57.8   7.6     1    76    58   140    58   146 0.92 -
1454155at2759_42026_0:00353b|NODE_832_length_16037_cov_110.726253:6317-7179   -            247 1454155at2759        -             98   5.7e-18   57.8   7.6   2   2         5       5.7    0.0   2.5    33    65   145   176   142   208 0.63 -
1454155at2759_7217_0:001e27|NODE_832_length_16037_cov_110.726253:6317-7179    -            247 1454155at2759        -             98   5.7e-18   57.8   7.6   1   2   4.9e-18   5.7e-18   57.8   7.6     1    76    58   140    58   146 0.92 -
1454155at2759_7217_0:001e27|NODE_832_length_16037_cov_110.726253:6317-7179    -            247 1454155at2759        -             98   5.7e-18   57.8   7.6   2   2         5       5.7    0.0   2.5    33    65   145   176   142   208 0.63 -
1454155at2759_7220_0:0028e3|NODE_832_length_16037_cov_110.726253:6317-7179    -            247 1454155at2759        -             98   5.7e-18   57.8   7.6   1   2   4.9e-18   5.7e-18   57.8   7.6     1    76    58   140    58   146 0.92 -
1454155at2759_7220_0:0028e3|NODE_832_length_16037_cov_110.726253:6317-7179    -            247 1454155at2759        -             98   5.7e-18   57.8   7.6   2   2         5       5.7    0.0   2.5    33    65   145   176   142   208 0.63 -
1454155at2759_7224_0:00316a|NODE_832_length_16037_cov_110.726253:6317-7179    -            247 1454155at2759        -             98   5.7e-18   57.8   7.6   1   2   4.9e-18   5.7e-18   57.8   7.6     1    76    58   140    58   146 0.92 -
1454155at2759_7224_0:00316a|NODE_832_length_16037_cov_110.726253:6317-7179    -            247 1454155at2759        -             98   5.7e-18   57.8   7.6   2   2         5       5.7    0.0   2.5    33    65   145   176   142   208 0.63 -
1454155at2759_7237_0:001605|NODE_832_length_16037_cov_110.726253:6317-7179    -            247 1454155at2759        -             98   5.7e-18   57.8   7.6   1   2   4.9e-18   5.7e-18   57.8   7.6     1    76    58   140    58   146 0.92 -
1454155at2759_7237_0:001605|NODE_832_length_16037_cov_110.726253:6317-7179    -            247 1454155at2759        -             98   5.7e-18   57.8   7.6   2   2         5       5.7    0.0   2.5    33    65   145   176   142   208 0.63 -
1454155at2759_7244_0:001150|NODE_832_length_16037_cov_110.726253:6317-7179    -            247 1454155at2759        -             98   5.7e-18   57.8   7.6   1   2   4.9e-18   5.7e-18   57.8   7.6     1    76    58   140    58   146 0.92 -
1454155at2759_7244_0:001150|NODE_832_length_16037_cov_110.726253:6317-7179    -            247 1454155at2759        -             98   5.7e-18   57.8   7.6   2   2         5       5.7    0.0   2.5    33    65   145   176   142   208 0.63 -
1454155at2759_7260_0:00077f|NODE_832_length_16037_cov_110.726253:6317-7179    -            247 1454155at2759        -             98   5.7e-18   57.8   7.6   1   2   4.9e-18   5.7e-18   57.8   7.6     1    76    58   140    58   146 0.92 -
1454155at2759_7260_0:00077f|NODE_832_length_16037_cov_110.726253:6317-7179    -            247 1454155at2759        -             98   5.7e-18   57.8   7.6   2   2         5       5.7    0.0   2.5    33    65   145   176   142   208 0.63 -
1454155at2759_7274_0:0034af|NODE_832_length_16037_cov_110.726253:6317-7179    -            247 1454155at2759        -             98   5.7e-18   57.8   7.6   1   2   4.9e-18   5.7e-18   57.8   7.6     1    76    58   140    58   146 0.92 -
1454155at2759_7274_0:0034af|NODE_832_length_16037_cov_110.726253:6317-7179    -            247 1454155at2759        -             98   5.7e-18   57.8   7.6   2   2         5       5.7    0.0   2.5    33    65   145   176   142   208 0.63 -
1454155at2759_37001_0:00301f|NODE_832_length_16037_cov_110.726253:6317-7245   -            269 1454155at2759        -             98   6.6e-18   57.6   7.4   1   2   5.7e-18   6.6e-18   57.6   7.4     1    76    58   140    58   143 0.92 -
1454155at2759_37001_0:00301f|NODE_832_length_16037_cov_110.726253:6317-7245   -            269 1454155at2759        -             98   6.6e-18   57.6   7.4   2   2         6         7   -0.2   2.7    33    65   145   176   141   208 0.64 -
1454155at2759_7213_0:000fe9|NODE_832_length_16037_cov_110.726253:6317-7215    -            259 1454155at2759        -             98   6.7e-18   57.5   7.7   1   2   5.8e-18   6.7e-18   57.5   7.7     1    76    58   140    58   146 0.92 -
1454155at2759_7213_0:000fe9|NODE_832_length_16037_cov_110.726253:6317-7215    -            259 1454155at2759        -             98   6.7e-18   57.5   7.7   2   2       6.6       7.7   -0.4   2.8    34    65   146   176   143   208 0.62 -
1454155at2759_1676925_0:001fcc|NODE_832_length_16037_cov_110.726253:6314-7221 -            262 1454155at2759        -             98   6.8e-18   57.5   7.6   1   2   5.9e-18   6.8e-18   57.5   7.6     1    76    59   141    59   147 0.92 -
1454155at2759_1676925_0:001fcc|NODE_832_length_16037_cov_110.726253:6314-7221 -            262 1454155at2759        -             98   6.8e-18   57.5   7.6   2   2       6.9         8   -0.4   2.8    34    65   147   177   144   209 0.62 -
1454155at2759_104688_0:000bc1|NODE_832_length_16037_cov_110.726253:6317-7302  -            288 1454155at2759        -             98   7.6e-18   57.4   7.4   1   2   6.5e-18   7.6e-18   57.4   7.4     1    76    58   140    58   143 0.92 -
1454155at2759_104688_0:000bc1|NODE_832_length_16037_cov_110.726253:6317-7302  -            288 1454155at2759        -             98   7.6e-18   57.4   7.4   2   2         7       8.1   -0.4   2.7    33    65   145   176   141   208 0.64 -
1454155at2759_7493_0:0023f3|NODE_832_length_16037_cov_110.726253:6317-7302    -            288 1454155at2759        -             98   7.6e-18   57.4   7.4   1   2   6.5e-18   7.6e-18   57.4   7.4     1    76    58   140    58   143 0.92 -
1454155at2759_7493_0:0023f3|NODE_832_length_16037_cov_110.726253:6317-7302    -            288 1454155at2759        -             98   7.6e-18   57.4   7.4   2   2         7       8.1   -0.4   2.7    33    65   145   176   141   208 0.64 -
1454155at2759_218467_0:002f63|NODE_832_length_16037_cov_110.726253:6332-7662  -            302 1454155at2759        -             98   7.9e-18   57.3   7.3   1   2   6.8e-18   7.9e-18   57.3   7.3     1    76    53   135    53   138 0.92 -
1454155at2759_218467_0:002f63|NODE_832_length_16037_cov_110.726253:6332-7662  -            302 1454155at2759        -             98   7.9e-18   57.3   7.3   2   2       6.9         8   -0.4   2.6    33    65   140   171   137   203 0.63 -
1454155at2759_29159_0:0018c6|NODE_832_length_16037_cov_110.726253:6317-6993   -            185 1454155at2759        -             98   1.1e-16   53.7  16.9   1   1   1.6e-15   1.9e-15   49.7  16.9     1    76    58   140    58   184 0.94 -
1454155at2759_6565_0:0038e2|NODE_832_length_16037_cov_110.726253:6317-6993    -            185 1454155at2759        -             98   1.1e-16   53.7  16.9   1   1   1.6e-15   1.9e-15   49.7  16.9     1    76    58   140    58   184 0.94 -
1454155at2759_7998_0:000a99|NODE_832_length_16037_cov_110.726253:6317-6993    -            185 1454155at2759        -             98   1.1e-16   53.7  16.9   1   1   1.6e-15   1.9e-15   49.7  16.9     1    76    58   140    58   184 0.94 -
1454155at2759_8255_0:00169e|NODE_832_length_16037_cov_110.726253:6311-6993    -            187 1454155at2759        -             98   1.1e-16   53.6  16.9   1   1   1.7e-15   1.9e-15   49.7  16.9     1    76    60   142    60   186 0.94 -
1454155at2759_70779_0:005813|NODE_832_length_16037_cov_110.726253:6314-6990   -            196 1454155at2759        -             98   5.4e-15   48.2  19.5   1   3     9e-13     1e-12   40.9   1.2     1    50    59   111    59   116 0.92 -
1454155at2759_70779_0:005813|NODE_832_length_16037_cov_110.726253:6314-6990   -            196 1454155at2759        -             98   5.4e-15   48.2  19.5   2   3   1.1e-05   1.3e-05   18.2   2.0    44    76   120   152   114   157 0.92 -
1454155at2759_70779_0:005813|NODE_832_length_16037_cov_110.726253:6314-6990   -            196 1454155at2759        -             98   5.4e-15   48.2  19.5   3   3       5.5       6.3   -0.1   2.3    33    63   157   186   155   195 0.52 -
1454155at2759_109280_0:001565|NODE_832_length_16037_cov_110.726253:6317-6993  -            158 1454155at2759        -             98   6.7e-07   22.3  15.2   1   3    0.0011    0.0012   11.8   0.1     1    23    58    82    58    86 0.86 -
1454155at2759_109280_0:001565|NODE_832_length_16037_cov_110.726253:6317-6993  -            158 1454155at2759        -             98   6.7e-07   22.3  15.2   2   3   7.3e-06   8.4e-06   18.7   2.1    44    76    81   113    79   118 0.93 -
1454155at2759_109280_0:001565|NODE_832_length_16037_cov_110.726253:6317-6993  -            158 1454155at2759        -             98   6.7e-07   22.3  15.2   3   3       3.1       3.6    0.7   2.2    33    64   118   148   115   157 0.55 -
#
# Program:         hmmsearch
# Version:         3.1b2 (February 2015)
# Pipeline mode:   SEARCH
# Query file:      mb_downloads/eukaryota_odb10/hmms/1454155at2759.hmm
# Target file:     -
# Option settings: /opt/conda/envs/compleasm/bin/hmmsearch --domtblout compleasm/eukaryota_odb10/hmmer_output/1454155at2759.out --cpu 1 mb_downloads/eukaryota_odb10/hmms/1454155at2759.hmm - 
# Current dir:     /in
# Date:            Tue Oct 22 12:37:35 2024
# [ok]
