#                                                                                                                                    --- full sequence --- -------------- this domain -------------   hmm coord   ali coord   env coord
# target name                                                                accession   tlen query name           accession   qlen   E-value  score  bias   #  of  c-Evalue  i-Evalue  score  bias  from    to  from    to  from    to  acc description of target
#                                                        ------------------- ---------- ----- -------------------- ---------- ----- --------- ------ ----- --- --- --------- --------- ------ ----- ----- ----- ----- ----- ----- ----- ---- ---------------------
1474000at2759_211096_1:000e66|NODE_711_length_17143_cov_80.647193:9330-9639  -            104 1474000at2759        -            147   2.4e-20   64.9   9.1   1   1   2.6e-20     3e-20   64.5   9.1    68   140     8    90     6    97 0.84 -
1474000at2759_29833_1:000650|NODE_711_length_17143_cov_80.647193:9330-9639   -            104 1474000at2759        -            147   2.4e-20   64.9   9.1   1   1   2.6e-20     3e-20   64.5   9.1    68   140     8    90     6    97 0.84 -
1474000at2759_56406_1:000173|NODE_711_length_17143_cov_80.647193:9330-9639   -            104 1474000at2759        -            147   2.4e-20   64.9   9.1   1   1   2.6e-20     3e-20   64.5   9.1    68   140     8    90     6    97 0.84 -
1474000at2759_1178016_1:000422|NODE_711_length_17143_cov_80.647193:9348-9681 -            112 1474000at2759        -            147   2.1e-19   61.8  13.7   1   1   3.1e-19   3.5e-19   61.1  13.7    68   140    22   104     4   111 0.78 -
1474000at2759_1314790_1:0029dd|NODE_711_length_17143_cov_80.647193:9333-9669 -            113 1474000at2759        -            147   2.4e-19   61.6  13.6   1   1   3.3e-19   3.8e-19   61.0  13.6    68   140    18   100     1   107 0.78 -
1474000at2759_907965_1:0003eb|NODE_711_length_17143_cov_80.647193:9333-9669  -            113 1474000at2759        -            147   2.4e-19   61.6  13.6   1   1   3.3e-19   3.8e-19   61.0  13.6    68   140    18   100     1   107 0.78 -
1474000at2759_984487_1:0009f2|NODE_711_length_17143_cov_80.647193:9333-9669  -            113 1474000at2759        -            147   2.4e-19   61.6  13.6   1   1   3.3e-19   3.8e-19   61.0  13.6    68   140    18   100     1   107 0.78 -
1474000at2759_6185_0:002759|NODE_711_length_17143_cov_80.647193:9327-10238   -            290 1474000at2759        -            147   2.4e-19   61.6  11.3   1   1   3.2e-19   3.6e-19   61.0  10.3    68   140   193   275   167   282 0.79 -
1474000at2759_379508_1:000fb3|NODE_711_length_17143_cov_80.647193:9330-9669  -            114 1474000at2759        -            147   2.4e-19   61.6  13.6   1   1   3.3e-19   3.8e-19   60.9  13.6    68   140    18   100     1   107 0.78 -
1474000at2759_5478_1:00096e|NODE_711_length_17143_cov_80.647193:9330-9669    -            114 1474000at2759        -            147   2.4e-19   61.6  13.6   1   1   3.3e-19   3.8e-19   60.9  13.6    68   140    18   100     1   107 0.78 -
1474000at2759_669874_1:0005d6|NODE_711_length_17143_cov_80.647193:9330-9669  -            114 1474000at2759        -            147   2.4e-19   61.6  13.6   1   1   3.3e-19   3.8e-19   60.9  13.6    68   140    18   100     1   107 0.78 -
1474000at2759_6183_0:001904|NODE_711_length_17143_cov_80.647193:9327-10247   -            293 1474000at2759        -            147   2.5e-19   61.5  11.3   1   1   3.2e-19   3.7e-19   61.0  10.3    68   140   196   278   170   285 0.79 -
1474000at2759_6198_0:001b8a|NODE_711_length_17143_cov_80.647193:9324-10247   -            293 1474000at2759        -            147   2.6e-19   61.5  11.4   1   1   3.2e-19   3.7e-19   61.0  10.3    68   140   196   278   170   285 0.79 -
1474000at2759_294747_1:00123d|NODE_711_length_17143_cov_80.647193:9327-9669  -            115 1474000at2759        -            147   2.6e-19   61.5  13.7   1   1   3.5e-19     4e-19   60.9  13.7    68   140    18   100     1   107 0.78 -
1474000at2759_498019_1:0008c0|NODE_711_length_17143_cov_80.647193:9324-9669  -            115 1474000at2759        -            147   2.6e-19   61.5  13.7   1   1   3.5e-19     4e-19   60.9  13.7    68   140    18   100     1   107 0.78 -
1474000at2759_5477_2:00082b|NODE_711_length_17143_cov_80.647193:9324-9669    -            115 1474000at2759        -            147   2.6e-19   61.5  13.7   1   1   3.5e-19     4e-19   60.9  13.7    68   140    18   100     1   107 0.78 -
1474000at2759_58627_1:000969|NODE_711_length_17143_cov_80.647193:9327-9669   -            115 1474000at2759        -            147   2.6e-19   61.5  13.7   1   1   3.5e-19     4e-19   60.9  13.7    68   140    18   100     1   107 0.78 -
1474000at2759_1442370_1:000b0d|NODE_711_length_17143_cov_80.647193:9324-9741 -            139 1474000at2759        -            147   3.2e-19   61.2  13.5   1   1   4.7e-19   5.4e-19   60.5  13.5    67   140    41   124    14   131 0.78 -
1474000at2759_1136231_1:000805|NODE_711_length_17143_cov_80.647193:9324-9732 -            136 1474000at2759        -            147   3.7e-19   61.0  13.8   1   1   5.6e-19   6.5e-19   60.2  13.8    68   140    39   121    14   128 0.78 -
1474000at2759_237561_1:000227|NODE_711_length_17143_cov_80.647193:9324-9732  -            136 1474000at2759        -            147   3.7e-19   61.0  13.8   1   1   5.6e-19   6.5e-19   60.2  13.8    68   140    39   121    14   128 0.78 -
1474000at2759_322104_1:0011ca|NODE_711_length_17143_cov_80.647193:9327-9732  -            136 1474000at2759        -            147   3.7e-19   61.0  13.8   1   1   5.6e-19   6.5e-19   60.2  13.8    68   140    39   121    14   128 0.78 -
1474000at2759_5480_1:001232|NODE_711_length_17143_cov_80.647193:9324-9732    -            136 1474000at2759        -            147   3.7e-19   61.0  13.8   1   1   5.6e-19   6.5e-19   60.2  13.8    68   140    39   121    14   128 0.78 -
1474000at2759_766949_1:00013f|NODE_711_length_17143_cov_80.647193:9369-9615  -             83 1474000at2759        -            147   3.7e-19   61.0  11.1   1   1     4e-19   4.6e-19   60.7  11.1    70   139     2    81     1    82 0.84 -
1474000at2759_1003335_1:00025f|NODE_711_length_17143_cov_80.647193:9369-9669 -            101 1474000at2759        -            147   4.6e-19   60.7  14.3   1   1   6.7e-19   7.6e-19   60.0  14.3    68   139    18    99     1   100 0.79 -
1474000at2759_1064592_1:000b6b|NODE_711_length_17143_cov_80.647193:9369-9669 -            101 1474000at2759        -            147   4.6e-19   60.7  14.3   1   1   6.7e-19   7.6e-19   60.0  14.3    68   139    18    99     1   100 0.79 -
1474000at2759_1071380_1:001261|NODE_711_length_17143_cov_80.647193:9369-9669 -            101 1474000at2759        -            147   4.6e-19   60.7  14.3   1   1   6.7e-19   7.6e-19   60.0  14.3    68   139    18    99     1   100 0.79 -
1474000at2759_1071381_1:000d79|NODE_711_length_17143_cov_80.647193:9369-9669 -            101 1474000at2759        -            147   4.6e-19   60.7  14.3   1   1   6.7e-19   7.6e-19   60.0  14.3    68   139    18    99     1   100 0.79 -
1474000at2759_1071382_1:000aa4|NODE_711_length_17143_cov_80.647193:9369-9669 -            101 1474000at2759        -            147   4.6e-19   60.7  14.3   1   1   6.7e-19   7.6e-19   60.0  14.3    68   139    18    99     1   100 0.79 -
1474000at2759_1230905_1:0007aa|NODE_711_length_17143_cov_80.647193:9369-9669 -            101 1474000at2759        -            147   4.6e-19   60.7  14.3   1   1   6.7e-19   7.6e-19   60.0  14.3    68   139    18    99     1   100 0.79 -
1474000at2759_1245769_1:000848|NODE_711_length_17143_cov_80.647193:9369-9669 -            101 1474000at2759        -            147   4.6e-19   60.7  14.3   1   1   6.7e-19   7.6e-19   60.0  14.3    68   139    18    99     1   100 0.79 -
1474000at2759_1266660_1:0005e6|NODE_711_length_17143_cov_80.647193:9369-9669 -            101 1474000at2759        -            147   4.6e-19   60.7  14.3   1   1   6.7e-19   7.6e-19   60.0  14.3    68   139    18    99     1   100 0.79 -
1474000at2759_1266666_1:000863|NODE_711_length_17143_cov_80.647193:9369-9669 -            101 1474000at2759        -            147   4.6e-19   60.7  14.3   1   1   6.7e-19   7.6e-19   60.0  14.3    68   139    18    99     1   100 0.79 -
1474000at2759_1266667_1:001022|NODE_711_length_17143_cov_80.647193:9369-9669 -            101 1474000at2759        -            147   4.6e-19   60.7  14.3   1   1   6.7e-19   7.6e-19   60.0  14.3    68   139    18    99     1   100 0.79 -
1474000at2759_1427455_1:000d81|NODE_711_length_17143_cov_80.647193:9369-9669 -            101 1474000at2759        -            147   4.6e-19   60.7  14.3   1   1   6.7e-19   7.6e-19   60.0  14.3    68   139    18    99     1   100 0.79 -
1474000at2759_1654605_1:000935|NODE_711_length_17143_cov_80.647193:9369-9669 -            101 1474000at2759        -            147   4.6e-19   60.7  14.3   1   1   6.7e-19   7.6e-19   60.0  14.3    68   139    18    99     1   100 0.79 -
1474000at2759_284592_1:001644|NODE_711_length_17143_cov_80.647193:9369-9669  -            101 1474000at2759        -            147   4.6e-19   60.7  14.3   1   1   6.7e-19   7.6e-19   60.0  14.3    68   139    18    99     1   100 0.79 -
1474000at2759_28985_1:000ec9|NODE_711_length_17143_cov_80.647193:9369-9669   -            101 1474000at2759        -            147   4.6e-19   60.7  14.3   1   1   6.7e-19   7.6e-19   60.0  14.3    68   139    18    99     1   100 0.79 -
1474000at2759_36911_1:0001eb|NODE_711_length_17143_cov_80.647193:9369-9669   -            101 1474000at2759        -            147   4.6e-19   60.7  14.3   1   1   6.7e-19   7.6e-19   60.0  14.3    68   139    18    99     1   100 0.79 -
1474000at2759_433476_1:000b33|NODE_711_length_17143_cov_80.647193:9369-9669  -            101 1474000at2759        -            147   4.6e-19   60.7  14.3   1   1   6.7e-19   7.6e-19   60.0  14.3    68   139    18    99     1   100 0.79 -
1474000at2759_436907_1:0010d7|NODE_711_length_17143_cov_80.647193:9369-9669  -            101 1474000at2759        -            147   4.6e-19   60.7  14.3   1   1   6.7e-19   7.6e-19   60.0  14.3    68   139    18    99     1   100 0.79 -
1474000at2759_45354_1:0013fb|NODE_711_length_17143_cov_80.647193:9369-9669   -            101 1474000at2759        -            147   4.6e-19   60.7  14.3   1   1   6.7e-19   7.6e-19   60.0  14.3    68   139    18    99     1   100 0.79 -
1474000at2759_4829_1:000fb6|NODE_711_length_17143_cov_80.647193:9369-9669    -            101 1474000at2759        -            147   4.6e-19   60.7  14.3   1   1   6.7e-19   7.6e-19   60.0  14.3    68   139    18    99     1   100 0.79 -
1474000at2759_4909_1:000dfc|NODE_711_length_17143_cov_80.647193:9369-9669    -            101 1474000at2759        -            147   4.6e-19   60.7  14.3   1   1   6.7e-19   7.6e-19   60.0  14.3    68   139    18    99     1   100 0.79 -
1474000at2759_4955_1:0010b8|NODE_711_length_17143_cov_80.647193:9369-9669    -            101 1474000at2759        -            147   4.6e-19   60.7  14.3   1   1   6.7e-19   7.6e-19   60.0  14.3    68   139    18    99     1   100 0.79 -
1474000at2759_4956_1:000cea|NODE_711_length_17143_cov_80.647193:9369-9669    -            101 1474000at2759        -            147   4.6e-19   60.7  14.3   1   1   6.7e-19   7.6e-19   60.0  14.3    68   139    18    99     1   100 0.79 -
1474000at2759_5477_1:000229|NODE_711_length_17143_cov_80.647193:9369-9669    -            101 1474000at2759        -            147   4.6e-19   60.7  14.3   1   1   6.7e-19   7.6e-19   60.0  14.3    68   139    18    99     1   100 0.79 -
1474000at2759_559295_1:000ab3|NODE_711_length_17143_cov_80.647193:9369-9669  -            101 1474000at2759        -            147   4.6e-19   60.7  14.3   1   1   6.7e-19   7.6e-19   60.0  14.3    68   139    18    99     1   100 0.79 -
1474000at2759_566037_1:000233|NODE_711_length_17143_cov_80.647193:9369-9669  -            101 1474000at2759        -            147   4.6e-19   60.7  14.3   1   1   6.7e-19   7.6e-19   60.0  14.3    68   139    18    99     1   100 0.79 -
1474000at2759_869754_1:00095e|NODE_711_length_17143_cov_80.647193:9369-9669  -            101 1474000at2759        -            147   4.6e-19   60.7  14.3   1   1   6.7e-19   7.6e-19   60.0  14.3    68   139    18    99     1   100 0.79 -
1474000at2759_90262_1:000bf8|NODE_711_length_17143_cov_80.647193:9369-9669   -            101 1474000at2759        -            147   4.6e-19   60.7  14.3   1   1   6.7e-19   7.6e-19   60.0  14.3    68   139    18    99     1   100 0.79 -
1474000at2759_983967_1:000283|NODE_711_length_17143_cov_80.647193:9369-9669  -            101 1474000at2759        -            147   4.6e-19   60.7  14.3   1   1   6.7e-19   7.6e-19   60.0  14.3    68   139    18    99     1   100 0.79 -
1474000at2759_101091_1:000cb4|NODE_711_length_17143_cov_80.647193:9296-9669  -            125 1474000at2759        -            147   4.8e-19   60.6  13.7   1   1   6.9e-19   7.9e-19   59.9  13.7    68   139    18    99     1   106 0.79 -
1474000at2759_51031_0:000745|NODE_711_length_17143_cov_80.647193:9324-9855   -            177 1474000at2759        -            147   5.9e-19   60.3  13.4   1   1     9e-19     1e-18   59.6  13.4    68   140    80   162    55   169 0.79 -
1474000at2759_984485_1:000a0c|NODE_711_length_17143_cov_80.647193:9330-9831  -            168 1474000at2759        -            147   6.8e-19   60.1  13.8   1   1   9.9e-19   1.1e-18   59.4  13.8    68   140    72   154    45   161 0.79 -
1474000at2759_619300_1:00004b|NODE_711_length_17143_cov_80.647193:9372-9732  -            121 1474000at2759        -            147   8.6e-19   59.8  14.6   1   1   1.3e-18   1.5e-18   59.1  14.6    67   139    38   120    13   121 0.79 -
#
# Program:         hmmsearch
# Version:         3.1b2 (February 2015)
# Pipeline mode:   SEARCH
# Query file:      mb_downloads/eukaryota_odb10/hmms/1474000at2759.hmm
# Target file:     -
# Option settings: /opt/conda/envs/compleasm/bin/hmmsearch --domtblout compleasm/eukaryota_odb10/hmmer_output/1474000at2759.out --cpu 1 mb_downloads/eukaryota_odb10/hmms/1474000at2759.hmm - 
# Current dir:     /in
# Date:            Tue Oct 22 12:39:04 2024
# [ok]
