#                                                                                                                                     --- full sequence --- -------------- this domain -------------   hmm coord   ali coord   env coord
# target name                                                                 accession   tlen query name           accession   qlen   E-value  score  bias   #  of  c-Evalue  i-Evalue  score  bias  from    to  from    to  from    to  acc description of target
#                                                         ------------------- ---------- ----- -------------------- ---------- ----- --------- ------ ----- --- --- --------- --------- ------ ----- ----- ----- ----- ----- ----- ----- ---- ---------------------
1479417at2759_402676_1:000a34|NODE_364_length_21740_cov_83.537091:4919-6837   -            594 1479417at2759        -            177   7.3e-86  277.2   1.4   1   3   2.6e-47   6.2e-47  150.4   0.0     2   172     2   179     1   182 0.93 -
1479417at2759_402676_1:000a34|NODE_364_length_21740_cov_83.537091:4919-6837   -            594 1479417at2759        -            177   7.3e-86  277.2   1.4   2   3     2e-17   4.8e-17   53.1   0.3    84   170   181   268   178   275 0.91 -
1479417at2759_402676_1:000a34|NODE_364_length_21740_cov_83.537091:4919-6837   -            594 1479417at2759        -            177   7.3e-86  277.2   1.4   3   3   4.1e-23   9.7e-23   71.6   0.1    76   171   277   373   270   378 0.89 -
1479417at2759_653667_1:000d95|NODE_364_length_21740_cov_83.537091:4895-6849   -            600 1479417at2759        -            177   7.4e-86  277.2   1.4   1   3   2.7e-47   6.3e-47  150.4   0.0     2   172    10   187     9   190 0.93 -
1479417at2759_653667_1:000d95|NODE_364_length_21740_cov_83.537091:4895-6849   -            600 1479417at2759        -            177   7.4e-86  277.2   1.4   2   3     2e-17   4.8e-17   53.1   0.3    84   170   189   276   186   283 0.91 -
1479417at2759_653667_1:000d95|NODE_364_length_21740_cov_83.537091:4895-6849   -            600 1479417at2759        -            177   7.4e-86  277.2   1.4   3   3   4.2e-23   9.9e-23   71.6   0.1    76   171   285   381   278   386 0.89 -
1479417at2759_483514_1:000150|NODE_364_length_21740_cov_83.537091:4892-6861   -            604 1479417at2759        -            177   7.6e-86  277.2   1.4   1   3   2.7e-47   6.4e-47  150.4   0.0     2   172    11   188    10   191 0.93 -
1479417at2759_483514_1:000150|NODE_364_length_21740_cov_83.537091:4892-6861   -            604 1479417at2759        -            177   7.6e-86  277.2   1.4   2   3   2.1e-17   4.9e-17   53.0   0.3    84   170   190   277   187   284 0.91 -
1479417at2759_483514_1:000150|NODE_364_length_21740_cov_83.537091:4892-6861   -            604 1479417at2759        -            177   7.6e-86  277.2   1.4   3   3   4.2e-23     1e-22   71.6   0.1    76   171   286   382   279   387 0.89 -
1479417at2759_7230_0:0010df|NODE_364_length_21740_cov_83.537091:4919-6840     -            630 1479417at2759        -            177   9.6e-86  276.8   1.4   1   3   2.9e-47   6.9e-47  150.3   0.0     2   172     2   179     1   182 0.93 -
1479417at2759_7230_0:0010df|NODE_364_length_21740_cov_83.537091:4919-6840     -            630 1479417at2759        -            177   9.6e-86  276.8   1.4   2   3   2.2e-17   5.2e-17   53.0   0.3    84   170   181   268   178   275 0.91 -
1479417at2759_7230_0:0010df|NODE_364_length_21740_cov_83.537091:4919-6840     -            630 1479417at2759        -            177   9.6e-86  276.8   1.4   3   3   4.5e-23   1.1e-22   71.5   0.1    76   171   277   373   270   378 0.89 -
1479417at2759_4565_0:00f1d0|NODE_364_length_21740_cov_83.537091:4925-5904     -            316 1479417at2759        -            177   3.5e-74  239.2   0.6   1   3   1.6e-47   3.7e-47  151.2   0.0     3   172     1   177     1   180 0.93 -
1479417at2759_4565_0:00f1d0|NODE_364_length_21740_cov_83.537091:4925-5904     -            316 1479417at2759        -            177   3.5e-74  239.2   0.6   2   3   6.2e-18   1.5e-17   54.8   0.3    84   170   179   266   175   274 0.91 -
1479417at2759_4565_0:00f1d0|NODE_364_length_21740_cov_83.537091:4925-5904     -            316 1479417at2759        -            177   3.5e-74  239.2   0.6   3   3   1.1e-10   2.7e-10   31.1   0.1    76   114   275   313   265   316 0.85 -
1479417at2759_39416_1:001aae|NODE_364_length_21740_cov_83.537091:4886-6317    -            260 1479417at2759        -            177     1e-47  152.9   0.0   1   1   4.8e-46   1.1e-45  146.3   0.0     2   170    13   196    12   204 0.89 -
1479417at2759_29159_0:004d81|NODE_364_length_21740_cov_83.537091:4919-5433    -            161 1479417at2759        -            177   2.4e-46  148.5   0.0   1   1   1.2e-46   2.7e-46  148.3   0.0     2   151     2   158     1   161 0.93 -
1479417at2759_931890_1:000f0f|NODE_364_length_21740_cov_83.537091:5202-6033   -            163 1479417at2759        -            177   1.1e-43  139.8   1.8   1   2   1.9e-24   4.4e-24   76.0   0.2    83   156     6    80     2    86 0.90 -
1479417at2759_931890_1:000f0f|NODE_364_length_21740_cov_83.537091:5202-6033   -            163 1479417at2759        -            177   1.1e-43  139.8   1.8   2   2   8.5e-21     2e-20   64.1   0.1    82   157    85   161    80   163 0.89 -
1479417at2759_45286_1:000086|NODE_364_length_21740_cov_83.537091:5202-6033    -            179 1479417at2759        -            177   7.7e-42  133.8   2.9   1   2   1.4e-21   3.3e-21   66.6   0.5    83   144     6    68     2    98 0.84 -
1479417at2759_45286_1:000086|NODE_364_length_21740_cov_83.537091:5202-6033    -            179 1479417at2759        -            177   7.7e-42  133.8   2.9   2   2   4.3e-22     1e-21   68.3   0.1    76   157    95   177    74   179 0.88 -
1479417at2759_6210_0:000c87|NODE_369_length_21657_cov_125.604310:18429-20027  -            338 1479417at2759        -            177   1.2e-28   90.8   0.0   1   1   8.1e-29   1.9e-28   90.2   0.0     2   172     6   187     5   192 0.88 -
1479417at2759_6183_0:001cc5|NODE_369_length_21657_cov_125.604310:18420-20027  -            363 1479417at2759        -            177   1.5e-28   90.6   0.0   1   1   9.8e-29   2.3e-28   89.9   0.0     2   172     6   187     5   192 0.88 -
1479417at2759_6198_0:002cbe|NODE_369_length_21657_cov_125.604310:18420-20033  -            379 1479417at2759        -            177     6e-25   78.8   0.0   1   1   8.1e-25   1.9e-24   77.2   0.0     2   171     8   198     7   203 0.82 -
1479417at2759_6185_0:001d95|NODE_369_length_21657_cov_125.604310:18420-19953  -            315 1479417at2759        -            177   2.1e-17   54.2   0.0   1   2   1.8e-10   4.3e-10   30.4   0.0    27    85    21    81     1    82 0.83 -
1479417at2759_6185_0:001d95|NODE_369_length_21657_cov_125.604310:18420-19953  -            315 1479417at2759        -            177   2.1e-17   54.2   0.0   2   2   6.3e-08   1.5e-07   22.2   0.0    39    78    81   121    79   129 0.82 -
1479417at2759_426418_1:002da0|NODE_360_length_21877_cov_68.044266:10801-11020 -             74 1479417at2759        -            177   5.2e-14   43.2   0.0   1   1   2.3e-14   5.5e-14   43.1   0.0    86   155     1    72     1    74 0.81 -
#
# Program:         hmmsearch
# Version:         3.1b2 (February 2015)
# Pipeline mode:   SEARCH
# Query file:      mb_downloads/eukaryota_odb10/hmms/1479417at2759.hmm
# Target file:     -
# Option settings: /opt/conda/envs/compleasm/bin/hmmsearch --domtblout compleasm/eukaryota_odb10/hmmer_output/1479417at2759.out --cpu 1 mb_downloads/eukaryota_odb10/hmms/1479417at2759.hmm - 
# Current dir:     /in
# Date:            Tue Oct 22 12:38:53 2024
# [ok]
