#                                                                                                                                      --- full sequence --- -------------- this domain -------------   hmm coord   ali coord   env coord
# target name                                                                  accession   tlen query name           accession   qlen   E-value  score  bias   #  of  c-Evalue  i-Evalue  score  bias  from    to  from    to  from    to  acc description of target
#                                                          ------------------- ---------- ----- -------------------- ---------- ----- --------- ------ ----- --- --- --------- --------- ------ ----- ----- ----- ----- ----- ----- ----- ---- ---------------------
1530008at2759_1291522_0:0014d6|NODE_773_length_16524_cov_98.778075:12685-13417 -            141 1530008at2759        -             90   3.1e-30   98.9   0.1   1   1   2.8e-30     4e-30   98.5   0.1     4    87    25   114    22   117 0.93 -
1530008at2759_168631_0:00180c|NODE_773_length_16524_cov_98.778075:12673-13438  -            146 1530008at2759        -             90   3.4e-30   98.7   0.1   1   1   3.1e-30   4.4e-30   98.4   0.1     4    87    29   118    26   121 0.93 -
1530008at2759_59538_0:005709|NODE_773_length_16524_cov_98.778075:12685-13432   -            146 1530008at2759        -             90   3.4e-30   98.7   0.1   1   1   3.1e-30   4.4e-30   98.4   0.1     4    87    25   114    22   117 0.93 -
1530008at2759_400682_0:000cfc|NODE_773_length_16524_cov_98.778075:12673-13429  -            149 1530008at2759        -             90   3.6e-30   98.6   0.1   1   1   3.3e-30   4.7e-30   98.3   0.1     4    87    29   118    26   121 0.93 -
1530008at2759_9646_0:004284|NODE_773_length_16524_cov_98.778075:12685-13450    -            152 1530008at2759        -             90   3.8e-30   98.6   0.1   1   1   3.5e-30     5e-30   98.2   0.1     4    87    25   114    22   117 0.93 -
1530008at2759_412133_1:0071a9|NODE_773_length_16524_cov_98.778075:12688-13489  -            152 1530008at2759        -             90   3.8e-30   98.6   0.1   1   1   3.5e-30     5e-30   98.2   0.1     4    87    24   113    21   116 0.93 -
1530008at2759_38626_0:00260f|NODE_773_length_16524_cov_98.778075:12685-13462   -            156 1530008at2759        -             90   4.1e-30   98.5   0.1   1   1   3.8e-30   5.4e-30   98.1   0.1     4    87    25   114    22   117 0.93 -
1530008at2759_441894_0:0008b6|NODE_773_length_16524_cov_98.778075:12685-13498  -            156 1530008at2759        -             90   4.1e-30   98.5   0.1   1   1   3.8e-30   5.4e-30   98.1   0.1     4    87    25   114    22   117 0.93 -
1530008at2759_94827_0:0032a4|NODE_773_length_16524_cov_98.778075:12682-13462   -            157 1530008at2759        -             90   4.2e-30   98.4   0.1   1   1   3.8e-30   5.5e-30   98.1   0.1     4    87    26   115    23   118 0.93 -
1530008at2759_58627_1:000fd4|NODE_773_length_16524_cov_98.778075:12694-13474   -            157 1530008at2759        -             90   4.2e-30   98.4   0.1   1   1   3.8e-30   5.5e-30   98.1   0.1     4    87    22   111    19   114 0.93 -
1530008at2759_56406_1:000b81|NODE_773_length_16524_cov_98.778075:12673-13468   -            162 1530008at2759        -             90   4.6e-30   98.3   0.1   1   1   4.2e-30     6e-30   97.9   0.1     4    87    29   118    26   121 0.93 -
1530008at2759_4555_0:0051ca|NODE_773_length_16524_cov_98.778075:12685-13480    -            162 1530008at2759        -             90   4.6e-30   98.3   0.1   1   1   4.2e-30     6e-30   97.9   0.1     4    87    25   114    22   117 0.93 -
1530008at2759_4558_0:00436a|NODE_773_length_16524_cov_98.778075:12685-13480    -            162 1530008at2759        -             90   4.6e-30   98.3   0.1   1   1   4.2e-30     6e-30   97.9   0.1     4    87    25   114    22   117 0.93 -
1530008at2759_554065_0:000ed5|NODE_773_length_16524_cov_98.778075:12724-13528  -            165 1530008at2759        -             90   4.8e-30   98.2   0.1   1   1   4.4e-30   6.3e-30   97.9   0.1     4    87    12   101     9   104 0.93 -
1530008at2759_15368_0:005134|NODE_773_length_16524_cov_98.778075:12679-13492   -            168 1530008at2759        -             90     5e-30   98.2   0.1   1   1   4.6e-30   6.6e-30   97.8   0.1     4    87    27   116    24   119 0.93 -
1530008at2759_51337_0:001c3e|NODE_773_length_16524_cov_98.778075:12685-13498   -            168 1530008at2759        -             90   5.1e-30   98.2   0.1   1   1   4.6e-30   6.6e-30   97.8   0.1     4    87    25   114    22   117 0.93 -
1530008at2759_930991_1:002489|NODE_773_length_16524_cov_98.778075:12700-13516  -            169 1530008at2759        -             90   5.1e-30   98.1   0.1   1   1   4.7e-30   6.7e-30   97.8   0.1     4    87    20   109    17   112 0.93 -
1530008at2759_3562_0:003af4|NODE_773_length_16524_cov_98.778075:12685-13411    -            174 1530008at2759        -             90   5.2e-30   98.1   0.1   1   1   5.1e-30   7.2e-30   97.7   0.1     4    87    25   114    22   117 0.93 -
1530008at2759_121759_1:00098f|NODE_773_length_16524_cov_98.778075:12673-13492  -            170 1530008at2759        -             90   5.2e-30   98.1   0.1   1   1   4.8e-30   6.8e-30   97.8   0.1     4    87    29   118    26   121 0.93 -
1530008at2759_105231_0:00390f|NODE_773_length_16524_cov_98.778075:12679-13516  -            170 1530008at2759        -             90   5.2e-30   98.1   0.1   1   1   4.8e-30   6.8e-30   97.8   0.1     4    87    27   116    24   119 0.93 -
1530008at2759_259920_0:003f90|NODE_773_length_16524_cov_98.778075:12685-13504  -            170 1530008at2759        -             90   5.2e-30   98.1   0.1   1   1   4.8e-30   6.8e-30   97.8   0.1     4    87    25   114    22   117 0.93 -
1530008at2759_75058_1:000850|NODE_773_length_16524_cov_98.778075:12685-13504   -            170 1530008at2759        -             90   5.2e-30   98.1   0.1   1   1   4.8e-30   6.8e-30   97.8   0.1     4    87    25   114    22   117 0.93 -
1530008at2759_63459_0:00977b|NODE_773_length_16524_cov_98.778075:12685-13570   -            171 1530008at2759        -             90   5.3e-30   98.1   0.1   1   1   4.9e-30   6.9e-30   97.7   0.1     4    87    25   114    22   117 0.93 -
1530008at2759_429701_0:001b71|NODE_773_length_16524_cov_98.778075:12682-13504  -            171 1530008at2759        -             90   5.3e-30   98.1   0.1   1   1   4.9e-30   6.9e-30   97.7   0.1     4    87    26   115    23   118 0.93 -
1530008at2759_441921_0:0007ce|NODE_773_length_16524_cov_98.778075:12682-13504  -            171 1530008at2759        -             90   5.3e-30   98.1   0.1   1   1   4.9e-30   6.9e-30   97.7   0.1     4    87    26   115    23   118 0.93 -
1530008at2759_472368_0:0015b6|NODE_773_length_16524_cov_98.778075:12682-13504  -            171 1530008at2759        -             90   5.3e-30   98.1   0.1   1   1   4.9e-30   6.9e-30   97.7   0.1     4    87    26   115    23   118 0.93 -
1530008at2759_4097_0:00da0d|NODE_773_length_16524_cov_98.778075:12682-13570    -            172 1530008at2759        -             90   5.3e-30   98.1   0.1   1   1   4.9e-30     7e-30   97.7   0.1     4    87    26   115    23   118 0.93 -
1530008at2759_412030_1:00019e|NODE_773_length_16524_cov_98.778075:12682-13570  -            172 1530008at2759        -             90   5.3e-30   98.1   0.1   1   1   4.9e-30     7e-30   97.7   0.1     4    87    26   115    23   118 0.93 -
1530008at2759_7130_0:001a3f|NODE_773_length_16524_cov_98.778075:12685-13528    -            172 1530008at2759        -             90   5.4e-30   98.1   0.1   1   1   4.9e-30     7e-30   97.7   0.1     4    87    25   114    22   117 0.93 -
1530008at2759_225164_0:004dd9|NODE_773_length_16524_cov_98.778075:12682-13507  -            172 1530008at2759        -             90   5.4e-30   98.1   0.1   1   1   4.9e-30     7e-30   97.7   0.1     4    87    26   115    23   118 0.93 -
1530008at2759_80966_0:000d80|NODE_773_length_16524_cov_98.778075:12685-13510   -            172 1530008at2759        -             90   5.4e-30   98.1   0.1   1   1   4.9e-30     7e-30   97.7   0.1     4    87    25   114    22   117 0.93 -
1530008at2759_763665_1:000d02|NODE_773_length_16524_cov_98.778075:12703-13528  -            172 1530008at2759        -             90   5.4e-30   98.1   0.1   1   1   4.9e-30     7e-30   97.7   0.1     4    87    19   108    16   111 0.93 -
1530008at2759_3847_0:00af21|NODE_773_length_16524_cov_98.778075:12682-13510    -            173 1530008at2759        -             90   5.5e-30   98.1   0.1   1   1     5e-30   7.1e-30   97.7   0.1     4    87    26   115    23   118 0.93 -
1530008at2759_3555_0:0013f0|NODE_773_length_16524_cov_98.778075:12685-13513    -            173 1530008at2759        -             90   5.5e-30   98.1   0.1   1   1     5e-30   7.1e-30   97.7   0.1     4    87    25   114    22   117 0.93 -
1530008at2759_8469_0:0006aa|NODE_773_length_16524_cov_98.778075:12685-13513    -            173 1530008at2759        -             90   5.5e-30   98.1   0.1   1   1     5e-30   7.1e-30   97.7   0.1     4    87    25   114    22   117 0.93 -
1530008at2759_268505_1:00028e|NODE_773_length_16524_cov_98.778075:12673-13504  -            174 1530008at2759        -             90   5.5e-30   98.0   0.1   1   1   5.1e-30   7.2e-30   97.7   0.1     4    87    29   118    26   121 0.93 -
1530008at2759_3726_0:00601e|NODE_773_length_16524_cov_98.778075:12685-13540    -            174 1530008at2759        -             90   5.5e-30   98.0   0.1   1   1   5.1e-30   7.2e-30   97.7   0.1     4    87    25   114    22   117 0.93 -
1530008at2759_8090_0:00252c|NODE_773_length_16524_cov_98.778075:12688-13519    -            174 1530008at2759        -             90   5.5e-30   98.0   0.1   1   1   5.1e-30   7.2e-30   97.7   0.1     4    87    24   113    21   116 0.93 -
1530008at2759_685588_1:000fac|NODE_773_length_16524_cov_98.778075:12685-13516  -            174 1530008at2759        -             90   5.5e-30   98.0   0.1   1   1   5.1e-30   7.2e-30   97.7   0.1     4    87    25   114    22   117 0.93 -
1530008at2759_1983410_1:001319|NODE_773_length_16524_cov_98.778075:12673-13507 -            175 1530008at2759        -             90   5.6e-30   98.0   0.1   1   1   5.2e-30   7.3e-30   97.6   0.1     4    87    29   118    26   121 0.93 -
1530008at2759_4999_1:0002fa|NODE_773_length_16524_cov_98.778075:12685-13519    -            175 1530008at2759        -             90   5.6e-30   98.0   0.1   1   1   5.2e-30   7.3e-30   97.6   0.1     4    87    25   114    22   117 0.93 -
1530008at2759_74940_0:005a38|NODE_773_length_16524_cov_98.778075:12685-13519   -            175 1530008at2759        -             90   5.6e-30   98.0   0.1   1   1   5.2e-30   7.3e-30   97.6   0.1     4    87    25   114    22   117 0.93 -
1530008at2759_8355_0:000352|NODE_773_length_16524_cov_98.778075:12685-13519    -            175 1530008at2759        -             90   5.6e-30   98.0   0.1   1   1   5.2e-30   7.3e-30   97.6   0.1     4    87    25   114    22   117 0.93 -
1530008at2759_8364_0:000322|NODE_773_length_16524_cov_98.778075:12685-13519    -            175 1530008at2759        -             90   5.6e-30   98.0   0.1   1   1   5.2e-30   7.3e-30   97.6   0.1     4    87    25   114    22   117 0.93 -
1530008at2759_5627_1:001221|NODE_773_length_16524_cov_98.778075:12703-13537    -            175 1530008at2759        -             90   5.6e-30   98.0   0.1   1   1   5.2e-30   7.3e-30   97.6   0.1     4    87    19   108    16   111 0.93 -
1530008at2759_1608454_0:0035a2|NODE_773_length_16524_cov_98.778075:12673-13534 -            176 1530008at2759        -             90   5.7e-30   98.0   0.1   1   1   5.2e-30   7.5e-30   97.6   0.1     4    87    29   118    26   121 0.93 -
1530008at2759_3885_0:000487|NODE_773_length_16524_cov_98.778075:12682-13561    -            176 1530008at2759        -             90   5.7e-30   98.0   0.1   1   1   5.2e-30   7.5e-30   97.6   0.1     4    87    26   115    23   118 0.93 -
1530008at2759_144197_0:001308|NODE_773_length_16524_cov_98.778075:12682-13519  -            176 1530008at2759        -             90   5.7e-30   98.0   0.1   1   1   5.2e-30   7.5e-30   97.6   0.1     4    87    26   115    23   118 0.93 -
1530008at2759_303518_0:001095|NODE_773_length_16524_cov_98.778075:12682-13519  -            176 1530008at2759        -             90   5.7e-30   98.0   0.1   1   1   5.2e-30   7.5e-30   97.6   0.1     4    87    26   115    23   118 0.93 -
1530008at2759_8128_0:000444|NODE_773_length_16524_cov_98.778075:12682-13519    -            176 1530008at2759        -             90   5.7e-30   98.0   0.1   1   1   5.2e-30   7.5e-30   97.6   0.1     4    87    26   115    23   118 0.93 -
1530008at2759_8153_0:000f03|NODE_773_length_16524_cov_98.778075:12682-13519    -            176 1530008at2759        -             90   5.7e-30   98.0   0.1   1   1   5.2e-30   7.5e-30   97.6   0.1     4    87    26   115    23   118 0.93 -
1530008at2759_45351_0:00378f|NODE_773_length_16524_cov_98.778075:12673-13513   -            177 1530008at2759        -             90   5.8e-30   98.0   0.1   1   1   5.3e-30   7.6e-30   97.6   0.1     4    87    29   118    26   121 0.93 -
1530008at2759_42514_0:000f7c|NODE_773_length_16524_cov_98.778075:12679-13519   -            177 1530008at2759        -             90   5.8e-30   98.0   0.1   1   1   5.3e-30   7.6e-30   97.6   0.1     4    87    27   116    24   119 0.93 -
1530008at2759_8036_0:001f02|NODE_773_length_16524_cov_98.778075:12679-13519    -            177 1530008at2759        -             90   5.8e-30   98.0   0.1   1   1   5.3e-30   7.6e-30   97.6   0.1     4    87    27   116    24   119 0.93 -
1530008at2759_8081_0:0028c7|NODE_773_length_16524_cov_98.778075:12679-13519    -            177 1530008at2759        -             90   5.8e-30   98.0   0.1   1   1   5.3e-30   7.6e-30   97.6   0.1     4    87    27   116    24   119 0.93 -
1530008at2759_158383_0:0090e3|NODE_773_length_16524_cov_98.778075:12685-13525  -            177 1530008at2759        -             90   5.8e-30   98.0   0.1   1   1   5.3e-30   7.6e-30   97.6   0.1     4    87    25   114    22   117 0.93 -
1530008at2759_176057_0:000628|NODE_773_length_16524_cov_98.778075:12703-13543  -            177 1530008at2759        -             90   5.8e-30   98.0   0.1   1   1   5.3e-30   7.6e-30   97.6   0.1     4    87    19   108    16   111 0.93 -
1530008at2759_578456_1:00044c|NODE_773_length_16524_cov_98.778075:12703-13543  -            177 1530008at2759        -             90   5.8e-30   98.0   0.1   1   1   5.3e-30   7.6e-30   97.6   0.1     4    87    19   108    16   111 0.93 -
1530008at2759_1295531_1:000126|NODE_773_length_16524_cov_98.778075:12685-13435 -            182 1530008at2759        -             90   5.8e-30   98.0   0.1   1   1   5.7e-30   8.1e-30   97.5   0.1     4    87    25   114    22   117 0.93 -
1530008at2759_1344416_1:00081f|NODE_773_length_16524_cov_98.778075:12685-13570 -            178 1530008at2759        -             90   5.9e-30   98.0   0.1   1   1   5.4e-30   7.7e-30   97.6   0.1     4    87    25   114    22   117 0.93 -
1530008at2759_1603295_1:001f82|NODE_773_length_16524_cov_98.778075:12673-13516 -            178 1530008at2759        -             90   5.9e-30   98.0   0.1   1   1   5.4e-30   7.7e-30   97.6   0.1     4    87    29   118    26   121 0.93 -
1530008at2759_370354_1:00002a|NODE_773_length_16524_cov_98.778075:12673-13516  -            178 1530008at2759        -             90   5.9e-30   98.0   0.1   1   1   5.4e-30   7.7e-30   97.6   0.1     4    87    29   118    26   121 0.93 -
1530008at2759_929439_1:000b70|NODE_773_length_16524_cov_98.778075:12682-13561  -            178 1530008at2759        -             90   5.9e-30   98.0   0.1   1   1   5.4e-30   7.7e-30   97.6   0.1     4    87    26   115    23   118 0.93 -
1530008at2759_4081_0:004f83|NODE_773_length_16524_cov_98.778075:12685-13546    -            178 1530008at2759        -             90   5.9e-30   98.0   0.1   1   1   5.4e-30   7.7e-30   97.6   0.1     4    87    25   114    22   117 0.93 -
1530008at2759_29058_0:002bee|NODE_773_length_16524_cov_98.778075:12685-13528   -            178 1530008at2759        -             90   5.9e-30   98.0   0.1   1   1   5.4e-30   7.7e-30   97.6   0.1     4    87    25   114    22   117 0.93 -
1530008at2759_61395_1:000811|NODE_773_length_16524_cov_98.778075:12685-13528   -            178 1530008at2759        -             90   5.9e-30   98.0   0.1   1   1   5.4e-30   7.7e-30   97.6   0.1     4    87    25   114    22   117 0.93 -
1530008at2759_9365_0:003d5d|NODE_773_length_16524_cov_98.778075:12685-13537    -            179 1530008at2759        -             90   5.9e-30   97.9   0.1   1   1   5.5e-30   7.8e-30   97.6   0.1     4    87    25   114    22   117 0.93 -
1530008at2759_33119_0:001c90|NODE_773_length_16524_cov_98.778075:12682-13570   -            179 1530008at2759        -             90   5.9e-30   97.9   0.1   1   1   5.5e-30   7.8e-30   97.6   0.1     4    87    26   115    23   118 0.93 -
1530008at2759_1676925_0:00431e|NODE_773_length_16524_cov_98.778075:12673-13519 -            179 1530008at2759        -             90     6e-30   97.9   0.1   1   1   5.5e-30   7.8e-30   97.6   0.1     4    87    29   118    26   121 0.93 -
1530008at2759_930090_1:000be1|NODE_773_length_16524_cov_98.778075:12673-13519  -            179 1530008at2759        -             90     6e-30   97.9   0.1   1   1   5.5e-30   7.8e-30   97.6   0.1     4    87    29   118    26   121 0.93 -
1530008at2759_3871_0:0080b3|NODE_773_length_16524_cov_98.778075:12679-13561    -            179 1530008at2759        -             90     6e-30   97.9   0.1   1   1   5.5e-30   7.8e-30   97.6   0.1     4    87    27   116    24   119 0.93 -
1530008at2759_22663_0:00b182|NODE_773_length_16524_cov_98.778075:12682-13546   -            179 1530008at2759        -             90     6e-30   97.9   0.1   1   1   5.5e-30   7.8e-30   97.6   0.1     4    87    26   115    23   118 0.93 -
1530008at2759_29031_0:0008bb|NODE_773_length_16524_cov_98.778075:12679-13525   -            179 1530008at2759        -             90     6e-30   97.9   0.1   1   1   5.5e-30   7.8e-30   97.6   0.1     4    87    27   116    24   119 0.93 -
1530008at2759_13146_0:002170|NODE_773_length_16524_cov_98.778075:12685-13531   -            179 1530008at2759        -             90     6e-30   97.9   0.1   1   1   5.5e-30   7.8e-30   97.6   0.1     4    87    25   114    22   117 0.93 -
1530008at2759_175836_0:0016df|NODE_773_length_16524_cov_98.778075:12685-13531  -            179 1530008at2759        -             90     6e-30   97.9   0.1   1   1   5.5e-30   7.8e-30   97.6   0.1     4    87    25   114    22   117 0.93 -
1530008at2759_185453_0:003077|NODE_773_length_16524_cov_98.778075:12685-13531  -            179 1530008at2759        -             90     6e-30   97.9   0.1   1   1   5.5e-30   7.8e-30   97.6   0.1     4    87    25   114    22   117 0.93 -
1530008at2759_28737_0:00079d|NODE_773_length_16524_cov_98.778075:12685-13531   -            179 1530008at2759        -             90     6e-30   97.9   0.1   1   1   5.5e-30   7.8e-30   97.6   0.1     4    87    25   114    22   117 0.93 -
1530008at2759_50402_0:001e33|NODE_773_length_16524_cov_98.778075:12685-13531   -            179 1530008at2759        -             90     6e-30   97.9   0.1   1   1   5.5e-30   7.8e-30   97.6   0.1     4    87    25   114    22   117 0.93 -
1530008at2759_57412_0:000713|NODE_773_length_16524_cov_98.778075:12685-13531   -            179 1530008at2759        -             90     6e-30   97.9   0.1   1   1   5.5e-30   7.8e-30   97.6   0.1     4    87    25   114    22   117 0.93 -
1530008at2759_688394_1:001246|NODE_773_length_16524_cov_98.778075:12685-13531  -            179 1530008at2759        -             90     6e-30   97.9   0.1   1   1   5.5e-30   7.8e-30   97.6   0.1     4    87    25   114    22   117 0.93 -
1530008at2759_97097_0:0003b6|NODE_773_length_16524_cov_98.778075:12685-13531   -            179 1530008at2759        -             90     6e-30   97.9   0.1   1   1   5.5e-30   7.8e-30   97.6   0.1     4    87    25   114    22   117 0.93 -
1530008at2759_266149_1:0011dc|NODE_773_length_16524_cov_98.778075:12682-13528  -            179 1530008at2759        -             90     6e-30   97.9   0.1   1   1   5.5e-30   7.8e-30   97.6   0.1     4    87    26   115    23   118 0.93 -
1530008at2759_7998_0:001d50|NODE_773_length_16524_cov_98.778075:12670-13519    -            180 1530008at2759        -             90     6e-30   97.9   0.1   1   1   5.6e-30   7.9e-30   97.5   0.1     4    87    30   119    27   122 0.93 -
1530008at2759_100784_0:002b53|NODE_773_length_16524_cov_98.778075:12685-13534  -            180 1530008at2759        -             90   6.1e-30   97.9   0.1   1   1   5.6e-30   7.9e-30   97.5   0.1     4    87    25   114    22   117 0.93 -
1530008at2759_188379_0:0009df|NODE_773_length_16524_cov_98.778075:12685-13534  -            180 1530008at2759        -             90   6.1e-30   97.9   0.1   1   1   5.6e-30   7.9e-30   97.5   0.1     4    87    25   114    22   117 0.93 -
1530008at2759_30455_0:001935|NODE_773_length_16524_cov_98.778075:12685-13534   -            180 1530008at2759        -             90   6.1e-30   97.9   0.1   1   1   5.6e-30   7.9e-30   97.5   0.1     4    87    25   114    22   117 0.93 -
1530008at2759_352472_1:001d3c|NODE_773_length_16524_cov_98.778075:12685-13534  -            180 1530008at2759        -             90   6.1e-30   97.9   0.1   1   1   5.6e-30   7.9e-30   97.5   0.1     4    87    25   114    22   117 0.93 -
1530008at2759_38123_0:0010b2|NODE_773_length_16524_cov_98.778075:12685-13534   -            180 1530008at2759        -             90   6.1e-30   97.9   0.1   1   1   5.6e-30   7.9e-30   97.5   0.1     4    87    25   114    22   117 0.93 -
1530008at2759_54380_0:002a53|NODE_773_length_16524_cov_98.778075:12685-13534   -            180 1530008at2759        -             90   6.1e-30   97.9   0.1   1   1   5.6e-30   7.9e-30   97.5   0.1     4    87    25   114    22   117 0.93 -
1530008at2759_54383_0:00347a|NODE_773_length_16524_cov_98.778075:12685-13534   -            180 1530008at2759        -             90   6.1e-30   97.9   0.1   1   1   5.6e-30   7.9e-30   97.5   0.1     4    87    25   114    22   117 0.93 -
1530008at2759_57397_0:000e75|NODE_773_length_16524_cov_98.778075:12685-13534   -            180 1530008at2759        -             90   6.1e-30   97.9   0.1   1   1   5.6e-30   7.9e-30   97.5   0.1     4    87    25   114    22   117 0.93 -
1530008at2759_9209_0:001aad|NODE_773_length_16524_cov_98.778075:12685-13534    -            180 1530008at2759        -             90   6.1e-30   97.9   0.1   1   1   5.6e-30   7.9e-30   97.5   0.1     4    87    25   114    22   117 0.93 -
1530008at2759_55661_0:0029a5|NODE_773_length_16524_cov_98.778075:12682-13531   -            180 1530008at2759        -             90   6.1e-30   97.9   0.1   1   1   5.6e-30   7.9e-30   97.5   0.1     4    87    26   115    23   118 0.93 -
1530008at2759_30608_0:004a95|NODE_773_length_16524_cov_98.778075:12685-13543   -            181 1530008at2759        -             90   6.1e-30   97.9   0.1   1   1   5.6e-30     8e-30   97.5   0.1     4    87    25   114    22   117 0.93 -
1530008at2759_326594_0:0019d3|NODE_773_length_16524_cov_98.778075:12673-13561  -            181 1530008at2759        -             90   6.1e-30   97.9   0.1   1   1   5.6e-30     8e-30   97.5   0.1     4    87    29   118    26   121 0.93 -
1530008at2759_13735_0:0017ba|NODE_773_length_16524_cov_98.778075:12685-13537   -            181 1530008at2759        -             90   6.1e-30   97.9   0.1   1   1   5.6e-30     8e-30   97.5   0.1     4    87    25   114    22   117 0.93 -
1530008at2759_28377_0:001d69|NODE_773_length_16524_cov_98.778075:12685-13537   -            181 1530008at2759        -             90   6.1e-30   97.9   0.1   1   1   5.6e-30     8e-30   97.5   0.1     4    87    25   114    22   117 0.93 -
1530008at2759_30419_0:000f55|NODE_773_length_16524_cov_98.778075:12685-13537   -            181 1530008at2759        -             90   6.1e-30   97.9   0.1   1   1   5.6e-30     8e-30   97.5   0.1     4    87    25   114    22   117 0.93 -
1530008at2759_8478_0:00177a|NODE_773_length_16524_cov_98.778075:12685-13537    -            181 1530008at2759        -             90   6.1e-30   97.9   0.1   1   1   5.6e-30     8e-30   97.5   0.1     4    87    25   114    22   117 0.93 -
1530008at2759_9785_0:001a6a|NODE_773_length_16524_cov_98.778075:12685-13537    -            181 1530008at2759        -             90   6.1e-30   97.9   0.1   1   1   5.6e-30     8e-30   97.5   0.1     4    87    25   114    22   117 0.93 -
1530008at2759_4795_1:001f63|NODE_773_length_16524_cov_98.778075:12673-13528    -            182 1530008at2759        -             90   6.2e-30   97.9   0.1   1   1   5.7e-30   8.1e-30   97.5   0.1     4    87    29   118    26   121 0.93 -
1530008at2759_7719_0:001bdc|NODE_773_length_16524_cov_98.778075:12679-13558    -            182 1530008at2759        -             90   6.2e-30   97.9   0.1   1   1   5.7e-30   8.1e-30   97.5   0.1     4    87    27   116    24   119 0.93 -
1530008at2759_1157962_0:001245|NODE_773_length_16524_cov_98.778075:12691-13546 -            182 1530008at2759        -             90   6.2e-30   97.9   0.1   1   1   5.7e-30   8.1e-30   97.5   0.1     4    87    23   112    20   115 0.93 -
1530008at2759_246409_1:004273|NODE_773_length_16524_cov_98.778075:12685-13540  -            182 1530008at2759        -             90   6.2e-30   97.9   0.1   1   1   5.7e-30   8.1e-30   97.5   0.1     4    87    25   114    22   117 0.93 -
1530008at2759_3068_0:002957|NODE_773_length_16524_cov_98.778075:12685-13540    -            182 1530008at2759        -             90   6.2e-30   97.9   0.1   1   1   5.7e-30   8.1e-30   97.5   0.1     4    87    25   114    22   117 0.93 -
1530008at2759_438502_0:001e05|NODE_773_length_16524_cov_98.778075:12712-13570  -            183 1530008at2759        -             90   6.3e-30   97.9   0.1   1   1   5.8e-30   8.3e-30   97.5   0.1     4    87    16   105    13   108 0.93 -
1530008at2759_1230905_1:0004f1|NODE_773_length_16524_cov_98.778075:12673-13531 -            183 1530008at2759        -             90   6.3e-30   97.9   0.1   1   1   5.8e-30   8.3e-30   97.5   0.1     4    87    29   118    26   121 0.93 -
1530008at2759_5684_1:001f4f|NODE_773_length_16524_cov_98.778075:12685-13561    -            183 1530008at2759        -             90   6.3e-30   97.9   0.1   1   1   5.8e-30   8.3e-30   97.5   0.1     4    87    25   114    22   117 0.93 -
1530008at2759_10020_0:002ac8|NODE_773_length_16524_cov_98.778075:12685-13543   -            183 1530008at2759        -             90   6.3e-30   97.9   0.1   1   1   5.8e-30   8.3e-30   97.5   0.1     4    87    25   114    22   117 0.93 -
1530008at2759_10047_0:000367|NODE_773_length_16524_cov_98.778075:12685-13543   -            183 1530008at2759        -             90   6.3e-30   97.9   0.1   1   1   5.8e-30   8.3e-30   97.5   0.1     4    87    25   114    22   117 0.93 -
1530008at2759_10160_0:000b9c|NODE_773_length_16524_cov_98.778075:12685-13543   -            183 1530008at2759        -             90   6.3e-30   97.9   0.1   1   1   5.8e-30   8.3e-30   97.5   0.1     4    87    25   114    22   117 0.93 -
1530008at2759_109478_0:002a32|NODE_773_length_16524_cov_98.778075:12685-13543  -            183 1530008at2759        -             90   6.3e-30   97.9   0.1   1   1   5.8e-30   8.3e-30   97.5   0.1     4    87    25   114    22   117 0.93 -
1530008at2759_1295528_1:0015c8|NODE_773_length_16524_cov_98.778075:12685-13543 -            183 1530008at2759        -             90   6.3e-30   97.9   0.1   1   1   5.8e-30   8.3e-30   97.5   0.1     4    87    25   114    22   117 0.93 -
1530008at2759_132908_0:0015c8|NODE_773_length_16524_cov_98.778075:12685-13543  -            183 1530008at2759        -             90   6.3e-30   97.9   0.1   1   1   5.8e-30   8.3e-30   97.5   0.1     4    87    25   114    22   117 0.93 -
1530008at2759_13616_0:00394e|NODE_773_length_16524_cov_98.778075:12685-13543   -            183 1530008at2759        -             90   6.3e-30   97.9   0.1   1   1   5.8e-30   8.3e-30   97.5   0.1     4    87    25   114    22   117 0.93 -
1530008at2759_336983_0:001f12|NODE_773_length_16524_cov_98.778075:12685-13543  -            183 1530008at2759        -             90   6.3e-30   97.9   0.1   1   1   5.8e-30   8.3e-30   97.5   0.1     4    87    25   114    22   117 0.93 -
1530008at2759_36300_0:0028b1|NODE_773_length_16524_cov_98.778075:12685-13543   -            183 1530008at2759        -             90   6.3e-30   97.9   0.1   1   1   5.8e-30   8.3e-30   97.5   0.1     4    87    25   114    22   117 0.93 -
1530008at2759_43179_0:002788|NODE_773_length_16524_cov_98.778075:12685-13543   -            183 1530008at2759        -             90   6.3e-30   97.9   0.1   1   1   5.8e-30   8.3e-30   97.5   0.1     4    87    25   114    22   117 0.93 -
1530008at2759_48709_0:002aa8|NODE_773_length_16524_cov_98.778075:12685-13543   -            183 1530008at2759        -             90   6.3e-30   97.9   0.1   1   1   5.8e-30   8.3e-30   97.5   0.1     4    87    25   114    22   117 0.93 -
1530008at2759_48883_0:00072c|NODE_773_length_16524_cov_98.778075:12685-13543   -            183 1530008at2759        -             90   6.3e-30   97.9   0.1   1   1   5.8e-30   8.3e-30   97.5   0.1     4    87    25   114    22   117 0.93 -
1530008at2759_59538_0:00341f|NODE_773_length_16524_cov_98.778075:12685-13543   -            183 1530008at2759        -             90   6.3e-30   97.9   0.1   1   1   5.8e-30   8.3e-30   97.5   0.1     4    87    25   114    22   117 0.93 -
1530008at2759_79684_0:002784|NODE_773_length_16524_cov_98.778075:12685-13543   -            183 1530008at2759        -             90   6.3e-30   97.9   0.1   1   1   5.8e-30   8.3e-30   97.5   0.1     4    87    25   114    22   117 0.93 -
1530008at2759_8839_0:001b40|NODE_773_length_16524_cov_98.778075:12685-13543    -            183 1530008at2759        -             90   6.3e-30   97.9   0.1   1   1   5.8e-30   8.3e-30   97.5   0.1     4    87    25   114    22   117 0.93 -
1530008at2759_8932_0:003a6f|NODE_773_length_16524_cov_98.778075:12685-13543    -            183 1530008at2759        -             90   6.3e-30   97.9   0.1   1   1   5.8e-30   8.3e-30   97.5   0.1     4    87    25   114    22   117 0.93 -
1530008at2759_8969_0:0030a0|NODE_773_length_16524_cov_98.778075:12685-13543    -            183 1530008at2759        -             90   6.3e-30   97.9   0.1   1   1   5.8e-30   8.3e-30   97.5   0.1     4    87    25   114    22   117 0.93 -
1530008at2759_9031_0:001661|NODE_773_length_16524_cov_98.778075:12685-13543    -            183 1530008at2759        -             90   6.3e-30   97.9   0.1   1   1   5.8e-30   8.3e-30   97.5   0.1     4    87    25   114    22   117 0.93 -
1530008at2759_9258_0:002072|NODE_773_length_16524_cov_98.778075:12685-13543    -            183 1530008at2759        -             90   6.3e-30   97.9   0.1   1   1   5.8e-30   8.3e-30   97.5   0.1     4    87    25   114    22   117 0.93 -
1530008at2759_9361_0:00422d|NODE_773_length_16524_cov_98.778075:12685-13543    -            183 1530008at2759        -             90   6.3e-30   97.9   0.1   1   1   5.8e-30   8.3e-30   97.5   0.1     4    87    25   114    22   117 0.93 -
1530008at2759_9483_0:000afb|NODE_773_length_16524_cov_98.778075:12685-13543    -            183 1530008at2759        -             90   6.3e-30   97.9   0.1   1   1   5.8e-30   8.3e-30   97.5   0.1     4    87    25   114    22   117 0.93 -
1530008at2759_9601_0:00124e|NODE_773_length_16524_cov_98.778075:12685-13543    -            183 1530008at2759        -             90   6.3e-30   97.9   0.1   1   1   5.8e-30   8.3e-30   97.5   0.1     4    87    25   114    22   117 0.93 -
1530008at2759_9685_0:00139f|NODE_773_length_16524_cov_98.778075:12685-13543    -            183 1530008at2759        -             90   6.3e-30   97.9   0.1   1   1   5.8e-30   8.3e-30   97.5   0.1     4    87    25   114    22   117 0.93 -
1530008at2759_37003_0:001fac|NODE_773_length_16524_cov_98.778075:12679-13537   -            183 1530008at2759        -             90   6.3e-30   97.9   0.1   1   1   5.8e-30   8.3e-30   97.5   0.1     4    87    27   116    24   119 0.93 -
1530008at2759_1206056_1:0004a5|NODE_773_length_16524_cov_98.778075:12685-13564 -            184 1530008at2759        -             90   6.4e-30   97.8   0.1   1   1   5.9e-30   8.4e-30   97.5   0.1     4    87    25   114    22   117 0.93 -
1530008at2759_62297_1:00112b|NODE_773_length_16524_cov_98.778075:12685-13564   -            184 1530008at2759        -             90   6.4e-30   97.8   0.1   1   1   5.9e-30   8.4e-30   97.5   0.1     4    87    25   114    22   117 0.93 -
1530008at2759_717982_1:000af6|NODE_773_length_16524_cov_98.778075:12703-13564  -            184 1530008at2759        -             90   6.4e-30   97.8   0.1   1   1   5.9e-30   8.4e-30   97.5   0.1     4    87    19   108    16   111 0.93 -
1530008at2759_1381753_1:000434|NODE_773_length_16524_cov_98.778075:12691-13552 -            184 1530008at2759        -             90   6.4e-30   97.8   0.1   1   1   5.9e-30   8.4e-30   97.5   0.1     4    87    23   112    20   115 0.93 -
1530008at2759_57421_0:00131d|NODE_773_length_16524_cov_98.778075:12685-13546   -            184 1530008at2759        -             90   6.4e-30   97.8   0.1   1   1   5.9e-30   8.4e-30   97.5   0.1     4    87    25   114    22   117 0.93 -
1530008at2759_7955_0:003b55|NODE_773_length_16524_cov_98.778075:12685-13546    -            184 1530008at2759        -             90   6.4e-30   97.8   0.1   1   1   5.9e-30   8.4e-30   97.5   0.1     4    87    25   114    22   117 0.93 -
1530008at2759_174628_0:002aa0|NODE_773_length_16524_cov_98.778075:12679-13540  -            184 1530008at2759        -             90   6.4e-30   97.8   0.1   1   1   5.9e-30   8.4e-30   97.5   0.1     4    87    27   116    24   119 0.93 -
1530008at2759_5663_1:0005d1|NODE_773_length_16524_cov_98.778075:12682-13543    -            184 1530008at2759        -             90   6.4e-30   97.8   0.1   1   1   5.9e-30   8.4e-30   97.5   0.1     4    87    26   115    23   118 0.93 -
1530008at2759_914234_1:001f40|NODE_773_length_16524_cov_98.778075:12673-13537  -            185 1530008at2759        -             90   6.5e-30   97.8   0.1   1   1     6e-30   8.5e-30   97.4   0.1     4    87    29   118    26   121 0.93 -
1530008at2759_93625_1:0022c2|NODE_773_length_16524_cov_98.778075:12673-13537   -            185 1530008at2759        -             90   6.5e-30   97.8   0.1   1   1     6e-30   8.5e-30   97.4   0.1     4    87    29   118    26   121 0.93 -
1530008at2759_8078_0:004dd6|NODE_773_length_16524_cov_98.778075:12676-13540    -            185 1530008at2759        -             90   6.5e-30   97.8   0.1   1   1     6e-30   8.5e-30   97.4   0.1     4    87    28   117    25   120 0.93 -
1530008at2759_118200_0:0027a7|NODE_773_length_16524_cov_98.778075:12685-13549  -            185 1530008at2759        -             90   6.5e-30   97.8   0.1   1   1     6e-30   8.5e-30   97.4   0.1     4    87    25   114    22   117 0.93 -
1530008at2759_136037_0:000585|NODE_773_length_16524_cov_98.778075:12685-13549  -            185 1530008at2759        -             90   6.5e-30   97.8   0.1   1   1     6e-30   8.5e-30   97.4   0.1     4    87    25   114    22   117 0.93 -
1530008at2759_157538_1:0005ef|NODE_773_length_16524_cov_98.778075:12685-13549  -            185 1530008at2759        -             90   6.5e-30   97.8   0.1   1   1     6e-30   8.5e-30   97.4   0.1     4    87    25   114    22   117 0.93 -
1530008at2759_279965_0:00005d|NODE_773_length_16524_cov_98.778075:12685-13549  -            185 1530008at2759        -             90   6.5e-30   97.8   0.1   1   1     6e-30   8.5e-30   97.4   0.1     4    87    25   114    22   117 0.93 -
1530008at2759_37040_0:001271|NODE_773_length_16524_cov_98.778075:12685-13549   -            185 1530008at2759        -             90   6.5e-30   97.8   0.1   1   1     6e-30   8.5e-30   97.4   0.1     4    87    25   114    22   117 0.93 -
1530008at2759_54374_0:0012b7|NODE_773_length_16524_cov_98.778075:12685-13549   -            185 1530008at2759        -             90   6.5e-30   97.8   0.1   1   1     6e-30   8.5e-30   97.4   0.1     4    87    25   114    22   117 0.93 -
1530008at2759_6973_0:0022c7|NODE_773_length_16524_cov_98.778075:12685-13549    -            185 1530008at2759        -             90   6.5e-30   97.8   0.1   1   1     6e-30   8.5e-30   97.4   0.1     4    87    25   114    22   117 0.93 -
1530008at2759_8030_0:002703|NODE_773_length_16524_cov_98.778075:12685-13549    -            185 1530008at2759        -             90   6.5e-30   97.8   0.1   1   1     6e-30   8.5e-30   97.4   0.1     4    87    25   114    22   117 0.93 -
1530008at2759_9974_0:004086|NODE_773_length_16524_cov_98.778075:12679-13543    -            185 1530008at2759        -             90   6.5e-30   97.8   0.1   1   1     6e-30   8.5e-30   97.4   0.1     4    87    27   116    24   119 0.93 -
1530008at2759_3847_0:0092b0|NODE_773_length_16524_cov_98.778075:12682-13546    -            185 1530008at2759        -             90   6.5e-30   97.8   0.1   1   1     6e-30   8.5e-30   97.4   0.1     4    87    26   115    23   118 0.93 -
1530008at2759_403677_1:001140|NODE_773_length_16524_cov_98.778075:12682-13546  -            185 1530008at2759        -             90   6.5e-30   97.8   0.1   1   1     6e-30   8.5e-30   97.4   0.1     4    87    26   115    23   118 0.93 -
1530008at2759_4182_0:00187a|NODE_773_length_16524_cov_98.778075:12682-13546    -            185 1530008at2759        -             90   6.5e-30   97.8   0.1   1   1     6e-30   8.5e-30   97.4   0.1     4    87    26   115    23   118 0.93 -
1530008at2759_212818_1:00022d|NODE_773_length_16524_cov_98.778075:12661-13528  -            186 1530008at2759        -             90   6.5e-30   97.8   0.1   1   1   6.1e-30   8.6e-30   97.4   0.1     4    87    33   122    30   125 0.93 -
1530008at2759_156304_0:00129d|NODE_773_length_16524_cov_98.778075:12673-13540  -            186 1530008at2759        -             90   6.6e-30   97.8   0.1   1   1   6.1e-30   8.6e-30   97.4   0.1     4    87    29   118    26   121 0.93 -
1530008at2759_10089_0:000c36|NODE_773_length_16524_cov_98.778075:12676-13543   -            186 1530008at2759        -             90   6.6e-30   97.8   0.1   1   1   6.1e-30   8.6e-30   97.4   0.1     4    87    28   117    25   120 0.93 -
1530008at2759_1230840_0:001980|NODE_773_length_16524_cov_98.778075:12676-13543 -            186 1530008at2759        -             90   6.6e-30   97.8   0.1   1   1   6.1e-30   8.6e-30   97.4   0.1     4    87    28   117    25   120 0.93 -
1530008at2759_246437_0:00394e|NODE_773_length_16524_cov_98.778075:12676-13543  -            186 1530008at2759        -             90   6.6e-30   97.8   0.1   1   1   6.1e-30   8.6e-30   97.4   0.1     4    87    28   117    25   120 0.93 -
1530008at2759_51338_0:004402|NODE_773_length_16524_cov_98.778075:12676-13543   -            186 1530008at2759        -             90   6.6e-30   97.8   0.1   1   1   6.1e-30   8.6e-30   97.4   0.1     4    87    28   117    25   120 0.93 -
1530008at2759_29655_0:00067a|NODE_773_length_16524_cov_98.778075:12679-13546   -            186 1530008at2759        -             90   6.6e-30   97.8   0.1   1   1   6.1e-30   8.6e-30   97.4   0.1     4    87    27   116    24   119 0.93 -
1530008at2759_3661_0:0054f7|NODE_773_length_16524_cov_98.778075:12679-13546    -            186 1530008at2759        -             90   6.6e-30   97.8   0.1   1   1   6.1e-30   8.6e-30   97.4   0.1     4    87    27   116    24   119 0.93 -
1530008at2759_75702_0:0016ab|NODE_773_length_16524_cov_98.778075:12679-13546   -            186 1530008at2759        -             90   6.6e-30   97.8   0.1   1   1   6.1e-30   8.6e-30   97.4   0.1     4    87    27   116    24   119 0.93 -
1530008at2759_7739_0:00467f|NODE_773_length_16524_cov_98.778075:12685-13552    -            186 1530008at2759        -             90   6.6e-30   97.8   0.1   1   1   6.1e-30   8.6e-30   97.4   0.1     4    87    25   114    22   117 0.93 -
1530008at2759_8255_0:0001aa|NODE_773_length_16524_cov_98.778075:12682-13549    -            186 1530008at2759        -             90   6.6e-30   97.8   0.1   1   1   6.1e-30   8.6e-30   97.4   0.1     4    87    26   115    23   118 0.93 -
1530008at2759_106004_1:00234b|NODE_773_length_16524_cov_98.778075:12670-13540  -            187 1530008at2759        -             90   6.6e-30   97.8   0.1   1   1   6.1e-30   8.7e-30   97.4   0.1     4    87    30   119    27   122 0.93 -
1530008at2759_6945_0:0012f1|NODE_773_length_16524_cov_98.778075:12670-13540    -            187 1530008at2759        -             90   6.6e-30   97.8   0.1   1   1   6.1e-30   8.7e-30   97.4   0.1     4    87    30   119    27   122 0.93 -
1530008at2759_1720309_0:0032e1|NODE_773_length_16524_cov_98.778075:12673-13543 -            187 1530008at2759        -             90   6.6e-30   97.8   0.1   1   1   6.1e-30   8.7e-30   97.4   0.1     4    87    29   118    26   121 0.93 -
1530008at2759_383855_1:002df5|NODE_773_length_16524_cov_98.778075:12673-13543  -            187 1530008at2759        -             90   6.6e-30   97.8   0.1   1   1   6.1e-30   8.7e-30   97.4   0.1     4    87    29   118    26   121 0.93 -
1530008at2759_48498_0:006419|NODE_773_length_16524_cov_98.778075:12673-13543   -            187 1530008at2759        -             90   6.6e-30   97.8   0.1   1   1   6.1e-30   8.7e-30   97.4   0.1     4    87    29   118    26   121 0.93 -
1530008at2759_6669_0:00563d|NODE_773_length_16524_cov_98.778075:12673-13543    -            187 1530008at2759        -             90   6.6e-30   97.8   0.1   1   1   6.1e-30   8.7e-30   97.4   0.1     4    87    29   118    26   121 0.93 -
1530008at2759_294747_1:000e66|NODE_773_length_16524_cov_98.778075:12676-13546  -            187 1530008at2759        -             90   6.7e-30   97.8   0.1   1   1   6.1e-30   8.7e-30   97.4   0.1     4    87    28   117    25   120 0.93 -
1530008at2759_1157962_0:0032eb|NODE_773_length_16524_cov_98.778075:12691-13561 -            187 1530008at2759        -             90   6.7e-30   97.8   0.1   1   1   6.1e-30   8.7e-30   97.4   0.1     4    87    23   112    20   115 0.93 -
1530008at2759_418985_0:00259f|NODE_773_length_16524_cov_98.778075:12691-13561  -            187 1530008at2759        -             90   6.7e-30   97.8   0.1   1   1   6.1e-30   8.7e-30   97.4   0.1     4    87    23   112    20   115 0.93 -
1530008at2759_765915_1:0027fa|NODE_773_length_16524_cov_98.778075:12688-13558  -            187 1530008at2759        -             90   6.7e-30   97.8   0.1   1   1   6.1e-30   8.7e-30   97.4   0.1     4    87    24   113    21   116 0.93 -
1530008at2759_6832_0:0033d4|NODE_773_length_16524_cov_98.778075:12685-13555    -            187 1530008at2759        -             90   6.7e-30   97.8   0.1   1   1   6.1e-30   8.7e-30   97.4   0.1     4    87    25   114    22   117 0.93 -
1530008at2759_1392248_1:00124d|NODE_773_length_16524_cov_98.778075:12703-13576 -            188 1530008at2759        -             90   6.7e-30   97.8   0.1   1   1   6.2e-30   8.8e-30   97.4   0.1     4    87    19   108    16   111 0.93 -
1530008at2759_4781_1:001ea7|NODE_773_length_16524_cov_98.778075:12673-13546    -            188 1530008at2759        -             90   6.7e-30   97.8   0.1   1   1   6.2e-30   8.8e-30   97.4   0.1     4    87    29   118    26   121 0.93 -
1530008at2759_6526_0:001428|NODE_773_length_16524_cov_98.778075:12673-13546    -            188 1530008at2759        -             90   6.7e-30   97.8   0.1   1   1   6.2e-30   8.8e-30   97.4   0.1     4    87    29   118    26   121 0.93 -
1530008at2759_7574_0:001c90|NODE_773_length_16524_cov_98.778075:12673-13546    -            188 1530008at2759        -             90   6.7e-30   97.8   0.1   1   1   6.2e-30   8.8e-30   97.4   0.1     4    87    29   118    26   121 0.93 -
1530008at2759_188344_0:000ab2|NODE_773_length_16524_cov_98.778075:12685-13558  -            188 1530008at2759        -             90   6.8e-30   97.8   0.1   1   1   6.2e-30   8.8e-30   97.4   0.1     4    87    25   114    22   117 0.93 -
1530008at2759_5656_1:0015e1|NODE_773_length_16524_cov_98.778075:12685-13558    -            188 1530008at2759        -             90   6.8e-30   97.8   0.1   1   1   6.2e-30   8.8e-30   97.4   0.1     4    87    25   114    22   117 0.93 -
1530008at2759_5679_1:000b72|NODE_773_length_16524_cov_98.778075:12682-13555    -            188 1530008at2759        -             90   6.8e-30   97.8   0.1   1   1   6.2e-30   8.8e-30   97.4   0.1     4    87    26   115    23   118 0.93 -
1530008at2759_698492_1:00005f|NODE_773_length_16524_cov_98.778075:12661-13561  -            189 1530008at2759        -             90   6.8e-30   97.8   0.1   1   1   6.3e-30     9e-30   97.4   0.1     4    87    33   122    30   125 0.93 -
1530008at2759_3218_0:001526|NODE_773_length_16524_cov_98.778075:12685-13582    -            189 1530008at2759        -             90   6.8e-30   97.8   0.1   1   1   6.3e-30     9e-30   97.4   0.1     4    87    25   114    22   117 0.93 -
1530008at2759_67003_1:000c70|NODE_773_length_16524_cov_98.778075:12682-13576   -            189 1530008at2759        -             90   6.8e-30   97.8   0.1   1   1   6.3e-30     9e-30   97.4   0.1     4    87    26   115    23   118 0.93 -
1530008at2759_1081109_1:0007e8|NODE_773_length_16524_cov_98.778075:12673-13549 -            189 1530008at2759        -             90   6.8e-30   97.7   0.1   1   1   6.3e-30     9e-30   97.4   0.1     4    87    29   118    26   121 0.93 -
1530008at2759_1380566_1:00002a|NODE_773_length_16524_cov_98.778075:12673-13549 -            189 1530008at2759        -             90   6.8e-30   97.7   0.1   1   1   6.3e-30     9e-30   97.4   0.1     4    87    29   118    26   121 0.93 -
1530008at2759_1507870_1:001750|NODE_773_length_16524_cov_98.778075:12673-13549 -            189 1530008at2759        -             90   6.8e-30   97.7   0.1   1   1   6.3e-30     9e-30   97.4   0.1     4    87    29   118    26   121 0.93 -
1530008at2759_370355_1:00147b|NODE_773_length_16524_cov_98.778075:12673-13549  -            189 1530008at2759        -             90   6.8e-30   97.7   0.1   1   1   6.3e-30     9e-30   97.4   0.1     4    87    29   118    26   121 0.93 -
1530008at2759_568069_0:0042e7|NODE_773_length_16524_cov_98.778075:12673-13549  -            189 1530008at2759        -             90   6.8e-30   97.7   0.1   1   1   6.3e-30     9e-30   97.4   0.1     4    87    29   118    26   121 0.93 -
1530008at2759_7200_0:000e01|NODE_773_length_16524_cov_98.778075:12673-13549    -            189 1530008at2759        -             90   6.8e-30   97.7   0.1   1   1   6.3e-30     9e-30   97.4   0.1     4    87    29   118    26   121 0.93 -
1530008at2759_51953_0:00050c|NODE_773_length_16524_cov_98.778075:12682-13486   -            193 1530008at2759        -             90   6.8e-30   97.7   0.1   1   1   6.6e-30   9.4e-30   97.3   0.1     4    87    26   115    23   118 0.93 -
1530008at2759_43041_0:00112e|NODE_773_length_16524_cov_98.778075:12685-13561   -            189 1530008at2759        -             90   6.8e-30   97.7   0.1   1   1   6.3e-30     9e-30   97.4   0.1     4    87    25   114    22   117 0.93 -
1530008at2759_7994_0:003fcb|NODE_773_length_16524_cov_98.778075:12679-13555    -            189 1530008at2759        -             90   6.8e-30   97.7   0.1   1   1   6.3e-30     9e-30   97.4   0.1     4    87    27   116    24   119 0.93 -
1530008at2759_45607_1:001105|NODE_773_length_16524_cov_98.778075:12676-13462   -            194 1530008at2759        -             90   6.9e-30   97.7   0.1   1   1   6.7e-30   9.6e-30   97.3   0.1     4    87    28   117    25   120 0.93 -
1530008at2759_1519565_1:001dbc|NODE_773_length_16524_cov_98.778075:12673-13552 -            190 1530008at2759        -             90   6.9e-30   97.7   0.1   1   1   6.4e-30   9.1e-30   97.4   0.1     4    87    29   118    26   121 0.93 -
1530008at2759_33203_1:001649|NODE_773_length_16524_cov_98.778075:12673-13552   -            190 1530008at2759        -             90   6.9e-30   97.7   0.1   1   1   6.4e-30   9.1e-30   97.4   0.1     4    87    29   118    26   121 0.93 -
1530008at2759_426418_1:00153f|NODE_773_length_16524_cov_98.778075:12673-13552  -            190 1530008at2759        -             90   6.9e-30   97.7   0.1   1   1   6.4e-30   9.1e-30   97.4   0.1     4    87    29   118    26   121 0.93 -
1530008at2759_286706_0:001428|NODE_773_length_16524_cov_98.778075:12676-13555  -            190 1530008at2759        -             90   6.9e-30   97.7   0.1   1   1   6.4e-30   9.1e-30   97.4   0.1     4    87    28   117    25   120 0.93 -
1530008at2759_5689_1:00159c|NODE_773_length_16524_cov_98.778075:12685-13564    -            190 1530008at2759        -             90   6.9e-30   97.7   0.1   1   1   6.4e-30   9.1e-30   97.4   0.1     4    87    25   114    22   117 0.93 -
1530008at2759_215358_0:001e97|NODE_773_length_16524_cov_98.778075:12682-13561  -            190 1530008at2759        -             90   6.9e-30   97.7   0.1   1   1   6.4e-30   9.1e-30   97.4   0.1     4    87    26   115    23   118 0.93 -
1530008at2759_7868_0:001b1f|NODE_773_length_16524_cov_98.778075:12682-13561    -            190 1530008at2759        -             90   6.9e-30   97.7   0.1   1   1   6.4e-30   9.1e-30   97.4   0.1     4    87    26   115    23   118 0.93 -
1530008at2759_7004_0:0046a4|NODE_773_length_16524_cov_98.778075:12673-13582    -            191 1530008at2759        -             90     7e-30   97.7   0.1   1   1   6.5e-30   9.2e-30   97.3   0.1     4    87    29   118    26   121 0.93 -
1530008at2759_1262450_1:001665|NODE_773_length_16524_cov_98.778075:12673-13555 -            191 1530008at2759        -             90     7e-30   97.7   0.1   1   1   6.5e-30   9.2e-30   97.3   0.1     4    87    29   118    26   121 0.93 -
1530008at2759_307959_0:004a5a|NODE_773_length_16524_cov_98.778075:12673-13555  -            191 1530008at2759        -             90     7e-30   97.7   0.1   1   1   6.5e-30   9.2e-30   97.3   0.1     4    87    29   118    26   121 0.93 -
1530008at2759_35525_0:001397|NODE_773_length_16524_cov_98.778075:12682-13564   -            191 1530008at2759        -             90     7e-30   97.7   0.1   1   1   6.5e-30   9.2e-30   97.3   0.1     4    87    26   115    23   118 0.93 -
1530008at2759_5705_1:001bf8|NODE_773_length_16524_cov_98.778075:12682-13564    -            191 1530008at2759        -             90     7e-30   97.7   0.1   1   1   6.5e-30   9.2e-30   97.3   0.1     4    87    26   115    23   118 0.93 -
1530008at2759_3914_0:00191b|NODE_773_length_16524_cov_98.778075:12679-13561    -            191 1530008at2759        -             90     7e-30   97.7   0.1   1   1   6.5e-30   9.2e-30   97.3   0.1     4    87    27   116    24   119 0.93 -
1530008at2759_62625_0:001d6b|NODE_773_length_16524_cov_98.778075:12679-13561   -            191 1530008at2759        -             90     7e-30   97.7   0.1   1   1   6.5e-30   9.2e-30   97.3   0.1     4    87    27   116    24   119 0.93 -
1530008at2759_984486_1:0007b3|NODE_773_length_16524_cov_98.778075:12676-13468  -            196 1530008at2759        -             90     7e-30   97.7   0.1   1   1   6.9e-30   9.8e-30   97.2   0.1     4    87    28   117    25   120 0.93 -
1530008at2759_307491_0:0002aa|NODE_773_length_16524_cov_98.778075:12685-13570  -            192 1530008at2759        -             90   7.1e-30   97.7   0.1   1   1   6.6e-30   9.3e-30   97.3   0.1     4    87    25   114    22   117 0.93 -
1530008at2759_94643_1:000584|NODE_773_length_16524_cov_98.778075:12685-13570   -            192 1530008at2759        -             90   7.1e-30   97.7   0.1   1   1   6.6e-30   9.3e-30   97.3   0.1     4    87    25   114    22   117 0.93 -
1530008at2759_116153_0:0012a7|NODE_773_length_16524_cov_98.778075:12679-13564  -            192 1530008at2759        -             90   7.1e-30   97.7   0.1   1   1   6.6e-30   9.3e-30   97.3   0.1     4    87    27   116    24   119 0.93 -
1530008at2759_294128_0:003377|NODE_773_length_16524_cov_98.778075:12679-13564  -            192 1530008at2759        -             90   7.1e-30   97.7   0.1   1   1   6.6e-30   9.3e-30   97.3   0.1     4    87    27   116    24   119 0.93 -
1530008at2759_6565_0:000db1|NODE_773_length_16524_cov_98.778075:12679-13564    -            192 1530008at2759        -             90   7.1e-30   97.7   0.1   1   1   6.6e-30   9.3e-30   97.3   0.1     4    87    27   116    24   119 0.93 -
1530008at2759_1081104_1:000038|NODE_773_length_16524_cov_98.778075:12673-13561 -            193 1530008at2759        -             90   7.2e-30   97.7   0.1   1   1   6.6e-30   9.4e-30   97.3   0.1     4    87    29   118    26   121 0.93 -
1530008at2759_246812_0:00275f|NODE_773_length_16524_cov_98.778075:12673-13561  -            193 1530008at2759        -             90   7.2e-30   97.7   0.1   1   1   6.6e-30   9.4e-30   97.3   0.1     4    87    29   118    26   121 0.93 -
1530008at2759_29053_0:00182e|NODE_773_length_16524_cov_98.778075:12673-13561   -            193 1530008at2759        -             90   7.2e-30   97.7   0.1   1   1   6.6e-30   9.4e-30   97.3   0.1     4    87    29   118    26   121 0.93 -
1530008at2759_515849_1:0019c2|NODE_773_length_16524_cov_98.778075:12673-13561  -            193 1530008at2759        -             90   7.2e-30   97.7   0.1   1   1   6.6e-30   9.4e-30   97.3   0.1     4    87    29   118    26   121 0.93 -
1530008at2759_7425_0:0016cc|NODE_773_length_16524_cov_98.778075:12673-13561    -            193 1530008at2759        -             90   7.2e-30   97.7   0.1   1   1   6.6e-30   9.4e-30   97.3   0.1     4    87    29   118    26   121 0.93 -
1530008at2759_7493_0:002def|NODE_773_length_16524_cov_98.778075:12673-13561    -            193 1530008at2759        -             90   7.2e-30   97.7   0.1   1   1   6.6e-30   9.4e-30   97.3   0.1     4    87    29   118    26   121 0.93 -
1530008at2759_105487_1:001c58|NODE_773_length_16524_cov_98.778075:12682-13570  -            193 1530008at2759        -             90   7.2e-30   97.7   0.1   1   1   6.6e-30   9.4e-30   97.3   0.1     4    87    26   115    23   118 0.93 -
1530008at2759_211228_0:000e27|NODE_773_length_16524_cov_98.778075:12682-13570  -            193 1530008at2759        -             90   7.2e-30   97.7   0.1   1   1   6.6e-30   9.4e-30   97.3   0.1     4    87    26   115    23   118 0.93 -
1530008at2759_6239_0:002a80|NODE_773_length_16524_cov_98.778075:12682-13570    -            193 1530008at2759        -             90   7.2e-30   97.7   0.1   1   1   6.6e-30   9.4e-30   97.3   0.1     4    87    26   115    23   118 0.93 -
1530008at2759_7159_0:0022e7|NODE_773_length_16524_cov_98.778075:12682-13570    -            193 1530008at2759        -             90   7.2e-30   97.7   0.1   1   1   6.6e-30   9.4e-30   97.3   0.1     4    87    26   115    23   118 0.93 -
1530008at2759_717944_1:0011dd|NODE_773_length_16524_cov_98.778075:12679-13567  -            193 1530008at2759        -             90   7.2e-30   97.7   0.1   1   1   6.6e-30   9.4e-30   97.3   0.1     4    87    27   116    24   119 0.93 -
1530008at2759_128390_0:00381a|NODE_773_length_16524_cov_98.778075:12685-13576  -            194 1530008at2759        -             90   7.3e-30   97.7   0.1   1   1   6.7e-30   9.6e-30   97.3   0.1     4    87    25   114    22   117 0.93 -
1530008at2759_679716_1:000626|NODE_773_length_16524_cov_98.778075:12685-13576  -            194 1530008at2759        -             90   7.3e-30   97.7   0.1   1   1   6.7e-30   9.6e-30   97.3   0.1     4    87    25   114    22   117 0.93 -
1530008at2759_744533_1:0008aa|NODE_773_length_16524_cov_98.778075:12685-13576  -            194 1530008at2759        -             90   7.3e-30   97.7   0.1   1   1   6.7e-30   9.6e-30   97.3   0.1     4    87    25   114    22   117 0.93 -
1530008at2759_10224_0:00462c|NODE_773_length_16524_cov_98.778075:12673-13564   -            194 1530008at2759        -             90   7.3e-30   97.7   0.1   1   1   6.7e-30   9.6e-30   97.3   0.1     4    87    29   118    26   121 0.93 -
1530008at2759_1071378_1:0005f3|NODE_773_length_16524_cov_98.778075:12673-13564 -            194 1530008at2759        -             90   7.3e-30   97.7   0.1   1   1   6.7e-30   9.6e-30   97.3   0.1     4    87    29   118    26   121 0.93 -
1530008at2759_1213859_1:0005df|NODE_773_length_16524_cov_98.778075:12673-13564 -            194 1530008at2759        -             90   7.3e-30   97.7   0.1   1   1   6.7e-30   9.6e-30   97.3   0.1     4    87    29   118    26   121 0.93 -
1530008at2759_1531966_1:0021c7|NODE_773_length_16524_cov_98.778075:12673-13564 -            194 1530008at2759        -             90   7.3e-30   97.7   0.1   1   1   6.7e-30   9.6e-30   97.3   0.1     4    87    29   118    26   121 0.93 -
1530008at2759_34638_0:001d1b|NODE_773_length_16524_cov_98.778075:12673-13564   -            194 1530008at2759        -             90   7.3e-30   97.7   0.1   1   1   6.7e-30   9.6e-30   97.3   0.1     4    87    29   118    26   121 0.93 -
1530008at2759_431895_0:000d87|NODE_773_length_16524_cov_98.778075:12673-13564  -            194 1530008at2759        -             90   7.3e-30   97.7   0.1   1   1   6.7e-30   9.6e-30   97.3   0.1     4    87    29   118    26   121 0.93 -
1530008at2759_708187_1:001b43|NODE_773_length_16524_cov_98.778075:12673-13564  -            194 1530008at2759        -             90   7.3e-30   97.7   0.1   1   1   6.7e-30   9.6e-30   97.3   0.1     4    87    29   118    26   121 0.93 -
1530008at2759_946362_0:001db6|NODE_773_length_16524_cov_98.778075:12673-13564  -            194 1530008at2759        -             90   7.3e-30   97.7   0.1   1   1   6.7e-30   9.6e-30   97.3   0.1     4    87    29   118    26   121 0.93 -
1530008at2759_132113_0:001ec9|NODE_773_length_16524_cov_98.778075:12682-13573  -            194 1530008at2759        -             90   7.3e-30   97.7   0.1   1   1   6.7e-30   9.6e-30   97.3   0.1     4    87    26   115    23   118 0.93 -
1530008at2759_32264_0:00066a|NODE_773_length_16524_cov_98.778075:12682-13573   -            194 1530008at2759        -             90   7.3e-30   97.7   0.1   1   1   6.7e-30   9.6e-30   97.3   0.1     4    87    26   115    23   118 0.93 -
1530008at2759_105023_0:000037|NODE_773_length_16524_cov_98.778075:12679-13570  -            194 1530008at2759        -             90   7.3e-30   97.7   0.1   1   1   6.7e-30   9.6e-30   97.3   0.1     4    87    27   116    24   119 0.93 -
1530008at2759_684364_1:000ba2|NODE_773_length_16524_cov_98.778075:12679-13570  -            194 1530008at2759        -             90   7.3e-30   97.7   0.1   1   1   6.7e-30   9.6e-30   97.3   0.1     4    87    27   116    24   119 0.93 -
1530008at2759_988480_1:00077d|NODE_773_length_16524_cov_98.778075:8033-13540   -            195 1530008at2759        -             90   7.3e-30   97.6   0.1   1   1   6.8e-30   9.7e-30   97.3   0.1     4    87    38   127    35   130 0.93 -
1530008at2759_51031_0:0014c8|NODE_773_length_16524_cov_98.778075:12685-13579   -            195 1530008at2759        -             90   7.4e-30   97.6   0.1   1   1   6.8e-30   9.7e-30   97.3   0.1     4    87    25   114    22   117 0.93 -
1530008at2759_1218281_0:001948|NODE_773_length_16524_cov_98.778075:12682-13576 -            195 1530008at2759        -             90   7.4e-30   97.6   0.1   1   1   6.8e-30   9.7e-30   97.3   0.1     4    87    26   115    23   118 0.93 -
1530008at2759_126957_0:001927|NODE_773_length_16524_cov_98.778075:12682-13576  -            195 1530008at2759        -             90   7.4e-30   97.6   0.1   1   1   6.8e-30   9.7e-30   97.3   0.1     4    87    26   115    23   118 0.93 -
1530008at2759_1303197_1:0000b3|NODE_773_length_16524_cov_98.778075:12682-13576 -            195 1530008at2759        -             90   7.4e-30   97.6   0.1   1   1   6.8e-30   9.7e-30   97.3   0.1     4    87    26   115    23   118 0.93 -
1530008at2759_36911_1:000892|NODE_773_length_16524_cov_98.778075:12682-13576   -            195 1530008at2759        -             90   7.4e-30   97.6   0.1   1   1   6.8e-30   9.7e-30   97.3   0.1     4    87    26   115    23   118 0.93 -
1530008at2759_1071380_1:000035|NODE_773_length_16524_cov_98.778075:12673-13567 -            195 1530008at2759        -             90   7.4e-30   97.6   0.1   1   1   6.8e-30   9.7e-30   97.3   0.1     4    87    29   118    26   121 0.93 -
1530008at2759_1573173_1:0006b6|NODE_773_length_16524_cov_98.778075:12673-13567 -            195 1530008at2759        -             90   7.4e-30   97.6   0.1   1   1   6.8e-30   9.7e-30   97.3   0.1     4    87    29   118    26   121 0.93 -
1530008at2759_1754191_1:0016fd|NODE_773_length_16524_cov_98.778075:12673-13567 -            195 1530008at2759        -             90   7.4e-30   97.6   0.1   1   1   6.8e-30   9.7e-30   97.3   0.1     4    87    29   118    26   121 0.93 -
1530008at2759_330879_1:0014bb|NODE_773_length_16524_cov_98.778075:12673-13567  -            195 1530008at2759        -             90   7.4e-30   97.6   0.1   1   1   6.8e-30   9.7e-30   97.3   0.1     4    87    29   118    26   121 0.93 -
1530008at2759_660122_1:001350|NODE_773_length_16524_cov_98.778075:12673-13567  -            195 1530008at2759        -             90   7.4e-30   97.6   0.1   1   1   6.8e-30   9.7e-30   97.3   0.1     4    87    29   118    26   121 0.93 -
1530008at2759_91492_1:000888|NODE_773_length_16524_cov_98.778075:12673-13567   -            195 1530008at2759        -             90   7.4e-30   97.6   0.1   1   1   6.8e-30   9.7e-30   97.3   0.1     4    87    29   118    26   121 0.93 -
1530008at2759_407821_0:0002e6|NODE_773_length_16524_cov_98.778075:12682-13582  -            196 1530008at2759        -             90   7.4e-30   97.6   0.1   1   1   6.9e-30   9.8e-30   97.2   0.1     4    87    26   115    23   118 0.93 -
1530008at2759_6238_0:002629|NODE_773_length_16524_cov_98.778075:12682-13579    -            196 1530008at2759        -             90   7.4e-30   97.6   0.1   1   1   6.9e-30   9.8e-30   97.2   0.1     4    87    26   115    23   118 0.93 -
1530008at2759_344612_1:000f54|NODE_773_length_16524_cov_98.778075:12673-13570  -            196 1530008at2759        -             90   7.5e-30   97.6   0.1   1   1   6.9e-30   9.8e-30   97.2   0.1     4    87    29   118    26   121 0.93 -
1530008at2759_694573_1:001af5|NODE_773_length_16524_cov_98.778075:12673-13570  -            196 1530008at2759        -             90   7.5e-30   97.6   0.1   1   1   6.9e-30   9.8e-30   97.2   0.1     4    87    29   118    26   121 0.93 -
1530008at2759_7668_0:0069ba|NODE_773_length_16524_cov_98.778075:12673-13570    -            196 1530008at2759        -             90   7.5e-30   97.6   0.1   1   1   6.9e-30   9.8e-30   97.2   0.1     4    87    29   118    26   121 0.93 -
1530008at2759_108931_0:0006b4|NODE_773_length_16524_cov_98.778075:12673-13573  -            197 1530008at2759        -             90   7.5e-30   97.6   0.1   1   1     7e-30   9.9e-30   97.2   0.1     4    87    29   118    26   121 0.93 -
1530008at2759_411798_0:001bc8|NODE_773_length_16524_cov_98.778075:12673-13573  -            197 1530008at2759        -             90   7.5e-30   97.6   0.1   1   1     7e-30   9.9e-30   97.2   0.1     4    87    29   118    26   121 0.93 -
1530008at2759_461836_1:0009ee|NODE_773_length_16524_cov_98.778075:12673-13573  -            197 1530008at2759        -             90   7.5e-30   97.6   0.1   1   1     7e-30   9.9e-30   97.2   0.1     4    87    29   118    26   121 0.93 -
1530008at2759_690307_1:001d97|NODE_773_length_16524_cov_98.778075:12673-13573  -            197 1530008at2759        -             90   7.5e-30   97.6   0.1   1   1     7e-30   9.9e-30   97.2   0.1     4    87    29   118    26   121 0.93 -
1530008at2759_7070_0:000bbb|NODE_773_length_16524_cov_98.778075:12673-13573    -            197 1530008at2759        -             90   7.5e-30   97.6   0.1   1   1     7e-30   9.9e-30   97.2   0.1     4    87    29   118    26   121 0.93 -
1530008at2759_1041015_0:0024f4|NODE_773_length_16524_cov_98.778075:12676-13576 -            197 1530008at2759        -             90   7.5e-30   97.6   0.1   1   1     7e-30   9.9e-30   97.2   0.1     4    87    28   117    25   120 0.93 -
1530008at2759_5480_1:000a2c|NODE_773_length_16524_cov_98.778075:12676-13576    -            197 1530008at2759        -             90   7.5e-30   97.6   0.1   1   1     7e-30   9.9e-30   97.2   0.1     4    87    28   117    25   120 0.93 -
1530008at2759_1137138_1:00261a|NODE_773_length_16524_cov_98.778075:12673-13576 -            198 1530008at2759        -             90   7.6e-30   97.6   0.1   1   1   7.1e-30     1e-29   97.2   0.1     4    87    29   118    26   121 0.93 -
1530008at2759_1157616_1:0000fd|NODE_773_length_16524_cov_98.778075:12673-13576 -            198 1530008at2759        -             90   7.6e-30   97.6   0.1   1   1   7.1e-30     1e-29   97.2   0.1     4    87    29   118    26   121 0.93 -
1530008at2759_37621_0:001dc7|NODE_773_length_16524_cov_98.778075:12673-13576   -            198 1530008at2759        -             90   7.6e-30   97.6   0.1   1   1   7.1e-30     1e-29   97.2   0.1     4    87    29   118    26   121 0.93 -
1530008at2759_64838_0:000347|NODE_773_length_16524_cov_98.778075:12673-13576   -            198 1530008at2759        -             90   7.6e-30   97.6   0.1   1   1   7.1e-30     1e-29   97.2   0.1     4    87    29   118    26   121 0.93 -
1530008at2759_94208_1:00034c|NODE_773_length_16524_cov_98.778075:12673-13576   -            198 1530008at2759        -             90   7.6e-30   97.6   0.1   1   1   7.1e-30     1e-29   97.2   0.1     4    87    29   118    26   121 0.93 -
1530008at2759_1163406_1:0002a2|NODE_773_length_16524_cov_98.778075:12670-13576 -            199 1530008at2759        -             90   7.7e-30   97.6   0.1   1   1   7.2e-30     1e-29   97.2   0.1     4    87    30   119    27   122 0.93 -
1530008at2759_573729_1:001b98|NODE_773_length_16524_cov_98.778075:12661-13567  -            199 1530008at2759        -             90   7.7e-30   97.6   0.1   1   1   7.2e-30     1e-29   97.2   0.1     4    87    33   122    30   125 0.93 -
1530008at2759_1344418_1:0014e6|NODE_773_length_16524_cov_98.778075:12673-13489 -            204 1530008at2759        -             90   7.8e-30   97.6   0.1   1   1   7.6e-30   1.1e-29   97.1   0.1     4    87    29   118    26   121 0.93 -
1530008at2759_1447883_1:0022b9|NODE_773_length_16524_cov_98.778075:12673-13489 -            204 1530008at2759        -             90   7.8e-30   97.6   0.1   1   1   7.6e-30   1.1e-29   97.1   0.1     4    87    29   118    26   121 0.93 -
1530008at2759_315563_0:001f6b|NODE_773_length_16524_cov_98.778075:12673-13489  -            204 1530008at2759        -             90   7.8e-30   97.6   0.1   1   1   7.6e-30   1.1e-29   97.1   0.1     4    87    29   118    26   121 0.93 -
1530008at2759_240206_0:0014da|NODE_773_length_16524_cov_98.778075:12754-13534  -            157 1530008at2759        -             90   7.8e-30   97.6   0.1   1   1   6.9e-30   9.8e-30   97.2   0.1     5    87     3    91     1    94 0.93 -
1530008at2759_101091_1:001312|NODE_773_length_16524_cov_98.778075:12673-13492  -            205 1530008at2759        -             90   7.9e-30   97.6   0.1   1   1   7.7e-30   1.1e-29   97.1   0.1     4    87    29   118    26   121 0.93 -
1530008at2759_114398_0:0030be|NODE_773_length_16524_cov_98.778075:12664-13576  -            201 1530008at2759        -             90   7.9e-30   97.5   0.1   1   1   7.3e-30     1e-29   97.2   0.1     4    87    32   121    29   124 0.93 -
1530008at2759_29030_0:001f06|NODE_773_length_16524_cov_98.778075:12685-13504   -            205 1530008at2759        -             90   7.9e-30   97.5   0.1   1   1   7.7e-30   1.1e-29   97.1   0.1     4    87    25   114    22   117 0.93 -
1530008at2759_381198_0:001ae6|NODE_773_length_16524_cov_98.778075:12685-13507  -            206 1530008at2759        -             90     8e-30   97.5   0.1   1   1   7.8e-30   1.1e-29   97.1   0.1     4    87    25   114    22   117 0.93 -
1530008at2759_56086_0:003603|NODE_773_length_16524_cov_98.778075:12640-13564   -            205 1530008at2759        -             90   8.2e-30   97.5   0.1   1   1   7.7e-30   1.1e-29   97.1   0.1     4    87    40   129    37   132 0.93 -
1530008at2759_4182_0:00230d|NODE_773_length_16524_cov_98.778075:11279-13546    -            204 1530008at2759        -             90   8.2e-30   97.5   0.1   1   1   7.6e-30   1.1e-29   97.1   0.1     4    87    45   134    42   137 0.93 -
1530008at2759_1043005_1:00260f|NODE_773_length_16524_cov_98.778075:12673-13501 -            208 1530008at2759        -             90   8.2e-30   97.5   0.1   1   1     8e-30   1.1e-29   97.0   0.1     4    87    29   118    26   121 0.93 -
1530008at2759_1173061_1:0006d5|NODE_773_length_16524_cov_98.778075:12676-13504 -            208 1530008at2759        -             90   8.2e-30   97.5   0.1   1   1     8e-30   1.1e-29   97.0   0.1     4    87    28   117    25   120 0.93 -
1530008at2759_983967_1:00048c|NODE_773_length_16524_cov_98.778075:12676-13504  -            208 1530008at2759        -             90   8.2e-30   97.5   0.1   1   1     8e-30   1.1e-29   97.0   0.1     4    87    28   117    25   120 0.93 -
1530008at2759_1003335_1:00090e|NODE_773_length_16524_cov_98.778075:12673-13504 -            209 1530008at2759        -             90   8.3e-30   97.5   0.1   1   1   8.1e-30   1.1e-29   97.0   0.1     4    87    29   118    26   121 0.93 -
1530008at2759_125878_0:00056a|NODE_773_length_16524_cov_98.778075:12685-13519  -            210 1530008at2759        -             90   8.4e-30   97.5   0.1   1   1   8.2e-30   1.2e-29   97.0   0.1     4    87    25   114    22   117 0.93 -
1530008at2759_8187_0:001673|NODE_773_length_16524_cov_98.778075:12682-13519    -            211 1530008at2759        -             90   8.5e-30   97.4   0.1   1   1   8.3e-30   1.2e-29   97.0   0.1     4    87    26   115    23   118 0.93 -
1530008at2759_1034331_1:000b1a|NODE_773_length_16524_cov_98.778075:12673-13516 -            213 1530008at2759        -             90   8.6e-30   97.4   0.1   1   1   8.4e-30   1.2e-29   97.0   0.1     4    87    29   118    26   121 0.93 -
1530008at2759_1789683_1:0005ac|NODE_773_length_16524_cov_98.778075:12673-13516 -            213 1530008at2759        -             90   8.6e-30   97.4   0.1   1   1   8.4e-30   1.2e-29   97.0   0.1     4    87    29   118    26   121 0.93 -
1530008at2759_1287681_1:00254d|NODE_773_length_16524_cov_98.778075:12685-13528 -            213 1530008at2759        -             90   8.7e-30   97.4   0.1   1   1   8.4e-30   1.2e-29   97.0   0.1     4    87    25   114    22   117 0.93 -
1530008at2759_90262_1:001fde|NODE_773_length_16524_cov_98.778075:12685-13528   -            213 1530008at2759        -             90   8.7e-30   97.4   0.1   1   1   8.4e-30   1.2e-29   97.0   0.1     4    87    25   114    22   117 0.93 -
1530008at2759_7209_0:000b5b|NODE_773_length_16524_cov_98.778075:12631-13576    -            212 1530008at2759        -             90   8.7e-30   97.4   0.1   1   1   8.4e-30   1.2e-29   97.0   0.1     4    87    43   132    40   135 0.93 -
1530008at2759_1076256_1:0000cc|NODE_773_length_16524_cov_98.778075:12670-13516 -            214 1530008at2759        -             90   8.7e-30   97.4   0.1   1   1   8.5e-30   1.2e-29   96.9   0.1     4    87    30   119    27   122 0.93 -
1530008at2759_1043002_1:0023cf|NODE_773_length_16524_cov_98.778075:12673-13519 -            214 1530008at2759        -             90   8.7e-30   97.4   0.1   1   1   8.5e-30   1.2e-29   96.9   0.1     4    87    29   118    26   121 0.93 -
1530008at2759_765867_1:000992|NODE_773_length_16524_cov_98.778075:12673-13519  -            214 1530008at2759        -             90   8.7e-30   97.4   0.1   1   1   8.5e-30   1.2e-29   96.9   0.1     4    87    29   118    26   121 0.93 -
1530008at2759_7165_0:000d15|NODE_773_length_16524_cov_98.778075:12676-15187    -            213 1530008at2759        -             90     9e-30   97.4   0.1   1   1   8.4e-30   1.2e-29   97.0   0.1     4    87    28   117    25   120 0.93 -
1530008at2759_4829_1:001194|NODE_773_length_16524_cov_98.778075:12673-13528    -            217 1530008at2759        -             90     9e-30   97.4   0.1   1   1   8.8e-30   1.3e-29   96.9   0.1     4    87    29   118    26   121 0.93 -
1530008at2759_84753_1:0007d2|NODE_773_length_16524_cov_98.778075:12673-13528   -            217 1530008at2759        -             90     9e-30   97.4   0.1   1   1   8.8e-30   1.3e-29   96.9   0.1     4    87    29   118    26   121 0.93 -
1530008at2759_1357716_1:0000c1|NODE_773_length_16524_cov_98.778075:12685-13540 -            217 1530008at2759        -             90   9.1e-30   97.4   0.1   1   1   8.8e-30   1.3e-29   96.9   0.1     4    87    25   114    22   117 0.93 -
1530008at2759_1064592_1:00135b|NODE_773_length_16524_cov_98.778075:12673-13531 -            218 1530008at2759        -             90   9.1e-30   97.3   0.1   1   1   8.9e-30   1.3e-29   96.9   0.1     4    87    29   118    26   121 0.93 -
1530008at2759_1071382_1:0009ac|NODE_773_length_16524_cov_98.778075:12673-13534 -            219 1530008at2759        -             90   9.2e-30   97.3   0.1   1   1     9e-30   1.3e-29   96.9   0.1     4    87    29   118    26   121 0.93 -
1530008at2759_1071383_1:00036f|NODE_773_length_16524_cov_98.778075:12673-13534 -            219 1530008at2759        -             90   9.2e-30   97.3   0.1   1   1     9e-30   1.3e-29   96.9   0.1     4    87    29   118    26   121 0.93 -
1530008at2759_1813822_1:001c3c|NODE_773_length_16524_cov_98.778075:12682-13543 -            219 1530008at2759        -             90   9.3e-30   97.3   0.1   1   1     9e-30   1.3e-29   96.9   0.1     4    87    26   115    23   118 0.93 -
1530008at2759_31234_0:000ca5|NODE_773_length_16524_cov_98.778075:12682-15202   -            216 1530008at2759        -             90   9.3e-30   97.3   0.1   1   1   8.7e-30   1.2e-29   96.9   0.1     4    87    26   115    23   118 0.93 -
1530008at2759_5477_1:000c97|NODE_773_length_16524_cov_98.778075:12676-13540    -            220 1530008at2759        -             90   9.3e-30   97.3   0.1   1   1   9.1e-30   1.3e-29   96.9   0.1     4    87    28   117    25   120 0.93 -
1530008at2759_717646_1:0005f9|NODE_773_length_16524_cov_98.778075:12670-13540  -            222 1530008at2759        -             90   9.5e-30   97.3   0.1   1   1   9.3e-30   1.3e-29   96.8   0.1     4    87    30   119    27   122 0.93 -
1530008at2759_50429_0:0020e3|NODE_773_length_16524_cov_98.778075:12673-13543   -            222 1530008at2759        -             90   9.5e-30   97.3   0.1   1   1   9.3e-30   1.3e-29   96.8   0.1     4    87    29   118    26   121 0.93 -
1530008at2759_91626_1:0023d0|NODE_773_length_16524_cov_98.778075:12685-13558   -            223 1530008at2759        -             90   9.6e-30   97.3   0.1   1   1   9.4e-30   1.3e-29   96.8   0.1     4    87    25   114    22   117 0.93 -
1530008at2759_1081105_1:001119|NODE_773_length_16524_cov_98.778075:12673-13549 -            224 1530008at2759        -             90   9.7e-30   97.3   0.1   1   1   9.5e-30   1.4e-29   96.8   0.1     4    87    29   118    26   121 0.93 -
1530008at2759_5478_1:000884|NODE_773_length_16524_cov_98.778075:12673-13549    -            224 1530008at2759        -             90   9.7e-30   97.3   0.1   1   1   9.5e-30   1.4e-29   96.8   0.1     4    87    29   118    26   121 0.93 -
1530008at2759_1460663_1:002970|NODE_773_length_16524_cov_98.778075:12673-13552 -            225 1530008at2759        -             90   9.8e-30   97.2   0.1   1   1   9.6e-30   1.4e-29   96.8   0.1     4    87    29   118    26   121 0.93 -
1530008at2759_1081108_1:0003ec|NODE_773_length_16524_cov_98.778075:12673-13555 -            226 1530008at2759        -             90   9.9e-30   97.2   0.1   1   1   9.7e-30   1.4e-29   96.8   0.1     4    87    29   118    26   121 0.93 -
1530008at2759_158607_1:0002a3|NODE_773_length_16524_cov_98.778075:12673-13561  -            228 1530008at2759        -             90     1e-29   97.2   0.1   1   1   9.9e-30   1.4e-29   96.7   0.1     4    87    29   118    26   121 0.93 -
1530008at2759_27337_1:002235|NODE_773_length_16524_cov_98.778075:12673-13561   -            228 1530008at2759        -             90     1e-29   97.2   0.1   1   1   9.9e-30   1.4e-29   96.7   0.1     4    87    29   118    26   121 0.93 -
1530008at2759_765440_1:002d2a|NODE_773_length_16524_cov_98.778075:12682-13516  -            233 1530008at2759        -             90     1e-29   97.2   0.1   1   1     1e-29   1.5e-29   96.7   0.1     4    87    26   115    23   118 0.93 -
1530008at2759_7536_0:001355|NODE_773_length_16524_cov_98.778075:12760-13555    -            162 1530008at2759        -             90   1.5e-29   96.6   0.1   1   1   1.3e-29   1.9e-29   96.3   0.1     6    87     2    89     1    92 0.93 -
1530008at2759_438503_0:001f46|NODE_773_length_16524_cov_98.778075:12763-13516  -            167 1530008at2759        -             90   2.6e-29   95.9   0.1   1   1   2.4e-29   3.5e-29   95.5   0.1     7    87     2    88     1    91 0.92 -
1530008at2759_42254_0:002910|NODE_773_length_16524_cov_98.778075:12775-13504   -            140 1530008at2759        -             90   4.4e-29   95.2   0.1   1   1   4.3e-29   6.1e-29   94.7   0.1    13    87     5    84     3    87 0.95 -
1530008at2759_9798_0:0041be|NODE_773_length_16524_cov_98.778075:12775-13543    -            153 1530008at2759        -             90   5.6e-29   94.8   0.1   1   1   5.5e-29   7.8e-29   94.4   0.1    13    87     5    84     3    87 0.95 -
1530008at2759_5005_1:000b6d|NODE_773_length_16524_cov_98.778075:12784-13558    -            155 1530008at2759        -             90     7e-29   94.5   0.1   1   1   6.2e-29   8.8e-29   94.2   0.1    13    87     2    81     1    84 0.95 -
1530008at2759_2004952_1:0010a3|NODE_773_length_16524_cov_98.778075:12772-13504 -            176 1530008at2759        -             90   7.2e-29   94.5   0.1   1   1   7.5e-29   1.1e-28   93.9   0.1    13    87     6    85     3    88 0.95 -
1530008at2759_1835702_1:000ad7|NODE_773_length_16524_cov_98.778075:12673-13540 -            213 1530008at2759        -             90   5.9e-28   91.6   0.1   1   1   5.5e-28   7.9e-28   91.1   0.1     4    84    29   115    26   121 0.92 -
1530008at2759_40932_0:0024fc|NODE_773_length_16524_cov_98.778075:12826-13570   -            145 1530008at2759        -             90   3.1e-26   86.0   0.1   1   1   2.6e-26   3.7e-26   85.8   0.1    22    87     2    67     1    70 0.97 -
1530008at2759_123851_0:0031e8|NODE_773_length_16524_cov_98.778075:12679-13561  -            196 1530008at2759        -             90   3.2e-23   76.4   0.1   1   1     3e-23   4.3e-23   75.9   0.1     4    71    27   100    24   116 0.89 -
1530008at2759_3871_0:00755e|NODE_773_length_16524_cov_98.778075:12871-13561    -            115 1530008at2759        -             90   1.8e-18   61.2   0.0   1   1   1.5e-18   2.1e-18   60.9   0.0    36    87     1    52     1    55 0.97 -
1530008at2759_5763_1:001685|NODE_773_length_16524_cov_98.778075:12682-13576    -            209 1530008at2759        -             90   2.3e-18   60.8   0.0   1   1   2.1e-18     3e-18   60.4   0.0     4    61    26    89    23   114 0.86 -
1530008at2759_1415176_0:004bc8|NODE_773_length_16524_cov_98.778075:12685-12913 -             77 1530008at2759        -             90   4.9e-16   53.3   0.2   1   1   4.5e-16   6.3e-16   53.0   0.2     4    50    25    77    22    77 0.89 -
1530008at2759_188379_0:0009e3|NODE_773_length_16524_cov_98.778075:12685-12913  -             77 1530008at2759        -             90   4.9e-16   53.3   0.2   1   1   4.5e-16   6.3e-16   53.0   0.2     4    50    25    77    22    77 0.89 -
1530008at2759_50402_0:001e3b|NODE_773_length_16524_cov_98.778075:12685-12913   -             77 1530008at2759        -             90   4.9e-16   53.3   0.2   1   1   4.5e-16   6.3e-16   53.0   0.2     4    50    25    77    22    77 0.89 -
1530008at2759_3649_0:002455|NODE_773_length_16524_cov_98.778075:12971-13456    -             70 1530008at2759        -             90   6.4e-07   24.1   0.0   1   1   5.2e-07   7.4e-07   23.9   0.0    59    87     2    30     1    33 0.93 -
1530008at2759_70779_0:003757|NODE_773_length_16524_cov_98.778075:12983-13483   -             75 1530008at2759        -             90   1.5e-05   19.8   0.0   1   1   1.2e-05   1.7e-05   19.5   0.0    62    87     1    26     1    29 0.93 -
#
# Program:         hmmsearch
# Version:         3.1b2 (February 2015)
# Pipeline mode:   SEARCH
# Query file:      mb_downloads/eukaryota_odb10/hmms/1530008at2759.hmm
# Target file:     -
# Option settings: /opt/conda/envs/compleasm/bin/hmmsearch --domtblout compleasm/eukaryota_odb10/hmmer_output/1530008at2759.out --cpu 1 mb_downloads/eukaryota_odb10/hmms/1530008at2759.hmm - 
# Current dir:     /in
# Date:            Tue Oct 22 12:39:54 2024
# [ok]
