#                                                                                                                                      --- full sequence --- -------------- this domain -------------   hmm coord   ali coord   env coord
# target name                                                                  accession   tlen query name           accession   qlen   E-value  score  bias   #  of  c-Evalue  i-Evalue  score  bias  from    to  from    to  from    to  acc description of target
#                                                          ------------------- ---------- ----- -------------------- ---------- ----- --------- ------ ----- --- --- --------- --------- ------ ----- ----- ----- ----- ----- ----- ----- ---- ---------------------
1617752at2759_74940_0:009087|NODE_807_length_16212_cov_66.370995:11037-11367   -            110 1617752at2759        -             96   2.6e-43  139.2   0.2   1   1   3.2e-43   3.2e-43  138.9   0.2     1    95     5   107     5   108 0.91 -
1617752at2759_6279_0:001643|NODE_807_length_16212_cov_66.370995:11034-11361    -            110 1617752at2759        -             96   2.6e-43  139.2   0.2   1   1   3.2e-43   3.2e-43  138.9   0.2     1    95     6   108     6   109 0.91 -
1617752at2759_10089_0:0032f0|NODE_807_length_16212_cov_66.370995:11034-11367   -            111 1617752at2759        -             96   2.7e-43  139.1   0.2   1   1   3.3e-43   3.3e-43  138.9   0.2     1    95     6   108     6   109 0.91 -
1617752at2759_1041015_0:000a1b|NODE_807_length_16212_cov_66.370995:11034-11367 -            111 1617752at2759        -             96   2.7e-43  139.1   0.2   1   1   3.3e-43   3.3e-43  138.9   0.2     1    95     6   108     6   109 0.91 -
1617752at2759_104452_0:0033f7|NODE_807_length_16212_cov_66.370995:11034-11367  -            111 1617752at2759        -             96   2.7e-43  139.1   0.2   1   1   3.3e-43   3.3e-43  138.9   0.2     1    95     6   108     6   109 0.91 -
1617752at2759_109478_0:001ecb|NODE_807_length_16212_cov_66.370995:11034-11367  -            111 1617752at2759        -             96   2.7e-43  139.1   0.2   1   1   3.3e-43   3.3e-43  138.9   0.2     1    95     6   108     6   109 0.91 -
1617752at2759_112268_0:0017e9|NODE_807_length_16212_cov_66.370995:11034-11367  -            111 1617752at2759        -             96   2.7e-43  139.1   0.2   1   1   3.3e-43   3.3e-43  138.9   0.2     1    95     6   108     6   109 0.91 -
1617752at2759_116153_0:000711|NODE_807_length_16212_cov_66.370995:11034-11367  -            111 1617752at2759        -             96   2.7e-43  139.1   0.2   1   1   3.3e-43   3.3e-43  138.9   0.2     1    95     6   108     6   109 0.91 -
1617752at2759_126957_0:000018|NODE_807_length_16212_cov_66.370995:11034-11367  -            111 1617752at2759        -             96   2.7e-43  139.1   0.2   1   1   3.3e-43   3.3e-43  138.9   0.2     1    95     6   108     6   109 0.91 -
1617752at2759_13037_0:001dbc|NODE_807_length_16212_cov_66.370995:11034-11367   -            111 1617752at2759        -             96   2.7e-43  139.1   0.2   1   1   3.3e-43   3.3e-43  138.9   0.2     1    95     6   108     6   109 0.91 -
1617752at2759_218467_0:000793|NODE_807_length_16212_cov_66.370995:11034-11367  -            111 1617752at2759        -             96   2.7e-43  139.1   0.2   1   1   3.3e-43   3.3e-43  138.9   0.2     1    95     6   108     6   109 0.91 -
1617752at2759_294128_0:003916|NODE_807_length_16212_cov_66.370995:11034-11367  -            111 1617752at2759        -             96   2.7e-43  139.1   0.2   1   1   3.3e-43   3.3e-43  138.9   0.2     1    95     6   108     6   109 0.91 -
1617752at2759_315563_0:0014a3|NODE_807_length_16212_cov_66.370995:11034-11367  -            111 1617752at2759        -             96   2.7e-43  139.1   0.2   1   1   3.3e-43   3.3e-43  138.9   0.2     1    95     6   108     6   109 0.91 -
1617752at2759_32264_0:000924|NODE_807_length_16212_cov_66.370995:11034-11364   -            111 1617752at2759        -             96   2.7e-43  139.1   0.2   1   1   3.3e-43   3.3e-43  138.9   0.2     1    95     6   108     6   109 0.91 -
1617752at2759_37653_0:000e4d|NODE_807_length_16212_cov_66.370995:11034-11367   -            111 1617752at2759        -             96   2.7e-43  139.1   0.2   1   1   3.3e-43   3.3e-43  138.9   0.2     1    95     6   108     6   109 0.91 -
1617752at2759_41427_0:0006e8|NODE_807_length_16212_cov_66.370995:11034-11367   -            111 1617752at2759        -             96   2.7e-43  139.1   0.2   1   1   3.3e-43   3.3e-43  138.9   0.2     1    95     6   108     6   109 0.91 -
1617752at2759_418985_0:000f52|NODE_807_length_16212_cov_66.370995:11034-11367  -            111 1617752at2759        -             96   2.7e-43  139.1   0.2   1   1   3.3e-43   3.3e-43  138.9   0.2     1    95     6   108     6   109 0.91 -
1617752at2759_42026_0:003431|NODE_807_length_16212_cov_66.370995:11034-11367   -            111 1617752at2759        -             96   2.7e-43  139.1   0.2   1   1   3.3e-43   3.3e-43  138.9   0.2     1    95     6   108     6   109 0.91 -
1617752at2759_43041_0:0013d7|NODE_807_length_16212_cov_66.370995:11034-11367   -            111 1617752at2759        -             96   2.7e-43  139.1   0.2   1   1   3.3e-43   3.3e-43  138.9   0.2     1    95     6   108     6   109 0.91 -
1617752at2759_43151_0:000d76|NODE_807_length_16212_cov_66.370995:11034-11367   -            111 1617752at2759        -             96   2.7e-43  139.1   0.2   1   1   3.3e-43   3.3e-43  138.9   0.2     1    95     6   108     6   109 0.91 -
1617752at2759_54969_0:002d30|NODE_807_length_16212_cov_66.370995:11034-11367   -            111 1617752at2759        -             96   2.7e-43  139.1   0.2   1   1   3.3e-43   3.3e-43  138.9   0.2     1    95     6   108     6   109 0.91 -
1617752at2759_62625_0:001a20|NODE_807_length_16212_cov_66.370995:11034-11364   -            111 1617752at2759        -             96   2.7e-43  139.1   0.2   1   1   3.3e-43   3.3e-43  138.9   0.2     1    95     6   108     6   109 0.91 -
1617752at2759_6850_0:004693|NODE_807_length_16212_cov_66.370995:11034-11367    -            111 1617752at2759        -             96   2.7e-43  139.1   0.2   1   1   3.3e-43   3.3e-43  138.9   0.2     1    95     6   108     6   109 0.91 -
1617752at2759_6945_0:00356a|NODE_807_length_16212_cov_66.370995:11034-11367    -            111 1617752at2759        -             96   2.7e-43  139.1   0.2   1   1   3.3e-43   3.3e-43  138.9   0.2     1    95     6   108     6   109 0.91 -
1617752at2759_7130_0:0000e3|NODE_807_length_16212_cov_66.370995:11034-11367    -            111 1617752at2759        -             96   2.7e-43  139.1   0.2   1   1   3.3e-43   3.3e-43  138.9   0.2     1    95     6   108     6   109 0.91 -
1617752at2759_7159_0:000f42|NODE_807_length_16212_cov_66.370995:11034-11367    -            111 1617752at2759        -             96   2.7e-43  139.1   0.2   1   1   3.3e-43   3.3e-43  138.9   0.2     1    95     6   108     6   109 0.91 -
1617752at2759_7167_0:002155|NODE_807_length_16212_cov_66.370995:11034-11367    -            111 1617752at2759        -             96   2.7e-43  139.1   0.2   1   1   3.3e-43   3.3e-43  138.9   0.2     1    95     6   108     6   109 0.91 -
1617752at2759_7222_0:002647|NODE_807_length_16212_cov_66.370995:11034-11367    -            111 1617752at2759        -             96   2.7e-43  139.1   0.2   1   1   3.3e-43   3.3e-43  138.9   0.2     1    95     6   108     6   109 0.91 -
1617752at2759_7224_0:000e45|NODE_807_length_16212_cov_66.370995:11034-11367    -            111 1617752at2759        -             96   2.7e-43  139.1   0.2   1   1   3.3e-43   3.3e-43  138.9   0.2     1    95     6   108     6   109 0.91 -
1617752at2759_7237_0:000e5c|NODE_807_length_16212_cov_66.370995:11034-11367    -            111 1617752at2759        -             96   2.7e-43  139.1   0.2   1   1   3.3e-43   3.3e-43  138.9   0.2     1    95     6   108     6   109 0.91 -
1617752at2759_7260_0:0002b5|NODE_807_length_16212_cov_66.370995:11034-11367    -            111 1617752at2759        -             96   2.7e-43  139.1   0.2   1   1   3.3e-43   3.3e-43  138.9   0.2     1    95     6   108     6   109 0.91 -
1617752at2759_7274_0:0002ec|NODE_807_length_16212_cov_66.370995:11034-11367    -            111 1617752at2759        -             96   2.7e-43  139.1   0.2   1   1   3.3e-43   3.3e-43  138.9   0.2     1    95     6   108     6   109 0.91 -
1617752at2759_74873_0:001371|NODE_807_length_16212_cov_66.370995:11034-11367   -            111 1617752at2759        -             96   2.7e-43  139.1   0.2   1   1   3.3e-43   3.3e-43  138.9   0.2     1    95     6   108     6   109 0.91 -
1617752at2759_7536_0:00243f|NODE_807_length_16212_cov_66.370995:11034-11367    -            111 1617752at2759        -             96   2.7e-43  139.1   0.2   1   1   3.3e-43   3.3e-43  138.9   0.2     1    95     6   108     6   109 0.91 -
1617752at2759_7539_0:0001f9|NODE_807_length_16212_cov_66.370995:11034-11364    -            111 1617752at2759        -             96   2.7e-43  139.1   0.2   1   1   3.3e-43   3.3e-43  138.9   0.2     1    95     6   108     6   109 0.91 -
1617752at2759_77166_0:0019d4|NODE_807_length_16212_cov_66.370995:11034-11367   -            111 1617752at2759        -             96   2.7e-43  139.1   0.2   1   1   3.3e-43   3.3e-43  138.9   0.2     1    95     6   108     6   109 0.91 -
1617752at2759_7950_0:0023ec|NODE_807_length_16212_cov_66.370995:11034-11364    -            111 1617752at2759        -             96   2.7e-43  139.1   0.2   1   1   3.3e-43   3.3e-43  138.9   0.2     1    95     6   108     6   109 0.91 -
1617752at2759_109478_0:003471|NODE_807_length_16212_cov_66.370995:11031-11367  -            112 1617752at2759        -             96   2.8e-43  139.1   0.2   1   1   3.4e-43   3.4e-43  138.8   0.2     1    95     7   109     7   110 0.91 -
1617752at2759_1608454_0:00012e|NODE_807_length_16212_cov_66.370995:11031-11367 -            112 1617752at2759        -             96   2.8e-43  139.1   0.2   1   1   3.4e-43   3.4e-43  138.8   0.2     1    95     7   109     7   110 0.91 -
1617752at2759_1754190_1:003680|NODE_807_length_16212_cov_66.370995:11031-11367 -            112 1617752at2759        -             96   2.8e-43  139.1   0.2   1   1   3.4e-43   3.4e-43  138.8   0.2     1    95     7   109     7   110 0.91 -
1617752at2759_609295_0:0000eb|NODE_807_length_16212_cov_66.370995:11031-11367  -            112 1617752at2759        -             96   2.8e-43  139.1   0.2   1   1   3.4e-43   3.4e-43  138.8   0.2     1    95     7   109     7   110 0.91 -
1617752at2759_66420_0:001179|NODE_807_length_16212_cov_66.370995:11031-11367   -            112 1617752at2759        -             96   2.8e-43  139.1   0.2   1   1   3.4e-43   3.4e-43  138.8   0.2     1    95     7   109     7   110 0.91 -
1617752at2759_6238_0:001841|NODE_807_length_16212_cov_66.370995:11022-11358    -            113 1617752at2759        -             96   2.9e-43  139.0   0.2   1   1   3.6e-43   3.6e-43  138.8   0.2     1    95    10   112    10   113 0.91 -
1617752at2759_6239_0:002004|NODE_807_length_16212_cov_66.370995:11022-11358    -            113 1617752at2759        -             96   2.9e-43  139.0   0.2   1   1   3.6e-43   3.6e-43  138.8   0.2     1    95    10   112    10   113 0.91 -
1617752at2759_133434_0:002ec4|NODE_807_length_16212_cov_66.370995:11025-11367  -            114 1617752at2759        -             96     3e-43  139.0   0.2   1   1   3.7e-43   3.7e-43  138.7   0.2     1    95     9   111     9   112 0.91 -
1617752at2759_48498_0:0034a9|NODE_807_length_16212_cov_66.370995:11025-11367   -            114 1617752at2759        -             96     3e-43  139.0   0.2   1   1   3.7e-43   3.7e-43  138.7   0.2     1    95     9   111     9   112 0.91 -
1617752at2759_50429_0:002fd1|NODE_807_length_16212_cov_66.370995:11025-11367   -            114 1617752at2759        -             96     3e-43  139.0   0.2   1   1   3.7e-43   3.7e-43  138.7   0.2     1    95     9   111     9   112 0.91 -
1617752at2759_70779_0:00447e|NODE_807_length_16212_cov_66.370995:11025-11367   -            114 1617752at2759        -             96     3e-43  139.0   0.2   1   1   3.7e-43   3.7e-43  138.7   0.2     1    95     9   111     9   112 0.91 -
1617752at2759_31234_0:0035fa|NODE_807_length_16212_cov_66.370995:11022-11367   -            115 1617752at2759        -             96   3.1e-43  139.0   0.2   1   1   3.8e-43   3.8e-43  138.7   0.2     1    95    10   112    10   113 0.91 -
1617752at2759_217634_0:00025e|NODE_807_length_16212_cov_66.370995:11019-11367  -            116 1617752at2759        -             96   3.2e-43  138.9   0.2   1   1   3.9e-43   3.9e-43  138.6   0.2     1    95    11   113    11   114 0.91 -
1617752at2759_224129_0:00037d|NODE_807_length_16212_cov_66.370995:11019-11367  -            116 1617752at2759        -             96   3.2e-43  138.9   0.2   1   1   3.9e-43   3.9e-43  138.6   0.2     1    95    11   113    11   114 0.91 -
1617752at2759_39758_0:0039e6|NODE_807_length_16212_cov_66.370995:11019-11367   -            116 1617752at2759        -             96   3.2e-43  138.9   0.2   1   1   3.9e-43   3.9e-43  138.6   0.2     1    95    11   113    11   114 0.91 -
1617752at2759_7070_0:0023dd|NODE_807_length_16212_cov_66.370995:11019-11367    -            116 1617752at2759        -             96   3.2e-43  138.9   0.2   1   1   3.9e-43   3.9e-43  138.6   0.2     1    95    11   113    11   114 0.91 -
1617752at2759_7176_0:001f23|NODE_807_length_16212_cov_66.370995:11019-11367    -            116 1617752at2759        -             96   3.2e-43  138.9   0.2   1   1   3.9e-43   3.9e-43  138.6   0.2     1    95    11   113    11   114 0.91 -
1617752at2759_7539_0:001b64|NODE_807_length_16212_cov_66.370995:11019-11367    -            116 1617752at2759        -             96   3.2e-43  138.9   0.2   1   1   3.9e-43   3.9e-43  138.6   0.2     1    95    11   113    11   114 0.91 -
1617752at2759_48709_0:0036a6|NODE_807_length_16212_cov_66.370995:11016-11361   -            116 1617752at2759        -             96   3.2e-43  138.9   0.2   1   1   3.9e-43   3.9e-43  138.6   0.2     1    95    12   114    12   115 0.91 -
1617752at2759_110193_0:0022d4|NODE_807_length_16212_cov_66.370995:11016-11367  -            117 1617752at2759        -             96   3.3e-43  138.9   0.2   1   1     4e-43     4e-43  138.6   0.2     1    95    12   114    12   115 0.91 -
1617752at2759_132113_0:000c53|NODE_807_length_16212_cov_66.370995:11016-11367  -            117 1617752at2759        -             96   3.3e-43  138.9   0.2   1   1     4e-43     4e-43  138.6   0.2     1    95    12   114    12   115 0.91 -
1617752at2759_1754192_1:002dde|NODE_807_length_16212_cov_66.370995:11016-11367 -            117 1617752at2759        -             96   3.3e-43  138.9   0.2   1   1     4e-43     4e-43  138.6   0.2     1    95    12   114    12   115 0.91 -
1617752at2759_29053_0:0014c0|NODE_807_length_16212_cov_66.370995:11016-11367   -            117 1617752at2759        -             96   3.3e-43  138.9   0.2   1   1     4e-43     4e-43  138.6   0.2     1    95    12   114    12   115 0.91 -
1617752at2759_454923_0:002ccc|NODE_807_length_16212_cov_66.370995:11016-11367  -            117 1617752at2759        -             96   3.3e-43  138.9   0.2   1   1     4e-43     4e-43  138.6   0.2     1    95    12   114    12   115 0.91 -
1617752at2759_535359_0:001806|NODE_807_length_16212_cov_66.370995:11016-11367  -            117 1617752at2759        -             96   3.3e-43  138.9   0.2   1   1     4e-43     4e-43  138.6   0.2     1    95    12   114    12   115 0.91 -
1617752at2759_6183_0:0006bd|NODE_807_length_16212_cov_66.370995:11016-11367    -            117 1617752at2759        -             96   3.3e-43  138.9   0.2   1   1     4e-43     4e-43  138.6   0.2     1    95    12   114    12   115 0.91 -
1617752at2759_6198_0:001dba|NODE_807_length_16212_cov_66.370995:11016-11367    -            117 1617752at2759        -             96   3.3e-43  138.9   0.2   1   1     4e-43     4e-43  138.6   0.2     1    95    12   114    12   115 0.91 -
1617752at2759_6210_0:00250d|NODE_807_length_16212_cov_66.370995:11016-11367    -            117 1617752at2759        -             96   3.3e-43  138.9   0.2   1   1     4e-43     4e-43  138.6   0.2     1    95    12   114    12   115 0.91 -
1617752at2759_69319_0:00087f|NODE_807_length_16212_cov_66.370995:11016-11367   -            117 1617752at2759        -             96   3.3e-43  138.9   0.2   1   1     4e-43     4e-43  138.6   0.2     1    95    12   114    12   115 0.91 -
1617752at2759_72036_0:002af7|NODE_807_length_16212_cov_66.370995:11016-11367   -            117 1617752at2759        -             96   3.3e-43  138.9   0.2   1   1     4e-43     4e-43  138.6   0.2     1    95    12   114    12   115 0.91 -
1617752at2759_7493_0:000703|NODE_807_length_16212_cov_66.370995:11016-11367    -            117 1617752at2759        -             96   3.3e-43  138.9   0.2   1   1     4e-43     4e-43  138.6   0.2     1    95    12   114    12   115 0.91 -
1617752at2759_7868_0:0019f8|NODE_807_length_16212_cov_66.370995:11016-11367    -            117 1617752at2759        -             96   3.3e-43  138.9   0.2   1   1     4e-43     4e-43  138.6   0.2     1    95    12   114    12   115 0.91 -
1617752at2759_88501_0:0021a3|NODE_807_length_16212_cov_66.370995:11016-11367   -            117 1617752at2759        -             96   3.3e-43  138.9   0.2   1   1     4e-43     4e-43  138.6   0.2     1    95    12   114    12   115 0.91 -
1617752at2759_28612_0:0038da|NODE_807_length_16212_cov_66.370995:11013-11361   -            117 1617752at2759        -             96   3.3e-43  138.9   0.2   1   1     4e-43     4e-43  138.6   0.2     1    95    13   115    13   116 0.91 -
1617752at2759_52283_0:001466|NODE_807_length_16212_cov_66.370995:11010-11361   -            118 1617752at2759        -             96   3.4e-43  138.8   0.2   1   1   4.2e-43   4.2e-43  138.5   0.2     1    95    14   116    14   117 0.91 -
1617752at2759_6958_0:0006ae|NODE_807_length_16212_cov_66.370995:11010-11361    -            118 1617752at2759        -             96   3.4e-43  138.8   0.2   1   1   4.2e-43   4.2e-43  138.5   0.2     1    95    14   116    14   117 0.91 -
1617752at2759_103372_0:0008b3|NODE_807_length_16212_cov_66.370995:11010-11367  -            119 1617752at2759        -             96   3.5e-43  138.8   0.2   1   1   4.3e-43   4.3e-43  138.5   0.2     1    95    14   116    14   117 0.91 -
1617752at2759_103695_0:002e31|NODE_807_length_16212_cov_66.370995:11010-11367  -            119 1617752at2759        -             96   3.5e-43  138.8   0.2   1   1   4.3e-43   4.3e-43  138.5   0.2     1    95    14   116    14   117 0.91 -
1617752at2759_105023_0:003003|NODE_807_length_16212_cov_66.370995:11010-11367  -            119 1617752at2759        -             96   3.5e-43  138.8   0.2   1   1   4.3e-43   4.3e-43  138.5   0.2     1    95    14   116    14   117 0.91 -
1617752at2759_114398_0:003b49|NODE_807_length_16212_cov_66.370995:11010-11367  -            119 1617752at2759        -             96   3.5e-43  138.8   0.2   1   1   4.3e-43   4.3e-43  138.5   0.2     1    95    14   116    14   117 0.91 -
1617752at2759_123851_0:00390f|NODE_807_length_16212_cov_66.370995:11010-11367  -            119 1617752at2759        -             96   3.5e-43  138.8   0.2   1   1   4.3e-43   4.3e-43  138.5   0.2     1    95    14   116    14   117 0.91 -
1617752at2759_125878_0:00369e|NODE_807_length_16212_cov_66.370995:11010-11367  -            119 1617752at2759        -             96   3.5e-43  138.8   0.2   1   1   4.3e-43   4.3e-43  138.5   0.2     1    95    14   116    14   117 0.91 -
1617752at2759_144034_0:00131e|NODE_807_length_16212_cov_66.370995:11010-11367  -            119 1617752at2759        -             96   3.5e-43  138.8   0.2   1   1   4.3e-43   4.3e-43  138.5   0.2     1    95    14   116    14   117 0.91 -
1617752at2759_1754191_1:001cc9|NODE_807_length_16212_cov_66.370995:11010-11367 -            119 1617752at2759        -             96   3.5e-43  138.8   0.2   1   1   4.3e-43   4.3e-43  138.5   0.2     1    95    14   116    14   117 0.91 -
1617752at2759_181119_0:001f7f|NODE_807_length_16212_cov_66.370995:11010-11367  -            119 1617752at2759        -             96   3.5e-43  138.8   0.2   1   1   4.3e-43   4.3e-43  138.5   0.2     1    95    14   116    14   117 0.91 -
1617752at2759_225164_0:000c5f|NODE_807_length_16212_cov_66.370995:11010-11367  -            119 1617752at2759        -             96   3.5e-43  138.8   0.2   1   1   4.3e-43   4.3e-43  138.5   0.2     1    95    14   116    14   117 0.91 -
1617752at2759_29159_0:0007a2|NODE_807_length_16212_cov_66.370995:11010-11367   -            119 1617752at2759        -             96   3.5e-43  138.8   0.2   1   1   4.3e-43   4.3e-43  138.5   0.2     1    95    14   116    14   117 0.91 -
1617752at2759_34882_0:0025bc|NODE_807_length_16212_cov_66.370995:11010-11367   -            119 1617752at2759        -             96   3.5e-43  138.8   0.2   1   1   4.3e-43   4.3e-43  138.5   0.2     1    95    14   116    14   117 0.91 -
1617752at2759_37003_0:001636|NODE_807_length_16212_cov_66.370995:11010-11367   -            119 1617752at2759        -             96   3.5e-43  138.8   0.2   1   1   4.3e-43   4.3e-43  138.5   0.2     1    95    14   116    14   117 0.91 -
1617752at2759_378494_0:006d22|NODE_807_length_16212_cov_66.370995:11010-11367  -            119 1617752at2759        -             96   3.5e-43  138.8   0.2   1   1   4.3e-43   4.3e-43  138.5   0.2     1    95    14   116    14   117 0.91 -
1617752at2759_45351_0:0040c3|NODE_807_length_16212_cov_66.370995:11010-11367   -            119 1617752at2759        -             96   3.5e-43  138.8   0.2   1   1   4.3e-43   4.3e-43  138.5   0.2     1    95    14   116    14   117 0.91 -
1617752at2759_482537_0:001517|NODE_807_length_16212_cov_66.370995:11010-11367  -            119 1617752at2759        -             96   3.5e-43  138.8   0.2   1   1   4.3e-43   4.3e-43  138.5   0.2     1    95    14   116    14   117 0.91 -
1617752at2759_48698_0:000ae9|NODE_807_length_16212_cov_66.370995:11010-11367   -            119 1617752at2759        -             96   3.5e-43  138.8   0.2   1   1   4.3e-43   4.3e-43  138.5   0.2     1    95    14   116    14   117 0.91 -
1617752at2759_52612_0:00314f|NODE_807_length_16212_cov_66.370995:11010-11367   -            119 1617752at2759        -             96   3.5e-43  138.8   0.2   1   1   4.3e-43   4.3e-43  138.5   0.2     1    95    14   116    14   117 0.91 -
1617752at2759_645134_1:001084|NODE_807_length_16212_cov_66.370995:11010-11367  -            119 1617752at2759        -             96   3.5e-43  138.8   0.2   1   1   4.3e-43   4.3e-43  138.5   0.2     1    95    14   116    14   117 0.91 -
1617752at2759_69820_0:0008f5|NODE_807_length_16212_cov_66.370995:11010-11367   -            119 1617752at2759        -             96   3.5e-43  138.8   0.2   1   1   4.3e-43   4.3e-43  138.5   0.2     1    95    14   116    14   117 0.91 -
1617752at2759_7091_0:002c0f|NODE_807_length_16212_cov_66.370995:11010-11367    -            119 1617752at2759        -             96   3.5e-43  138.8   0.2   1   1   4.3e-43   4.3e-43  138.5   0.2     1    95    14   116    14   117 0.91 -
1617752at2759_7897_0:001077|NODE_807_length_16212_cov_66.370995:11010-11367    -            119 1617752at2759        -             96   3.5e-43  138.8   0.2   1   1   4.3e-43   4.3e-43  138.5   0.2     1    95    14   116    14   117 0.91 -
1617752at2759_7918_0:003e42|NODE_807_length_16212_cov_66.370995:11010-11367    -            119 1617752at2759        -             96   3.5e-43  138.8   0.2   1   1   4.3e-43   4.3e-43  138.5   0.2     1    95    14   116    14   117 0.91 -
1617752at2759_7962_0:00b3df|NODE_807_length_16212_cov_66.370995:11010-11367    -            119 1617752at2759        -             96   3.5e-43  138.8   0.2   1   1   4.3e-43   4.3e-43  138.5   0.2     1    95    14   116    14   117 0.91 -
1617752at2759_8469_0:0035b4|NODE_807_length_16212_cov_66.370995:11010-11367    -            119 1617752at2759        -             96   3.5e-43  138.8   0.2   1   1   4.3e-43   4.3e-43  138.5   0.2     1    95    14   116    14   117 0.91 -
1617752at2759_9785_0:0029f4|NODE_807_length_16212_cov_66.370995:11010-11367    -            119 1617752at2759        -             96   3.5e-43  138.8   0.2   1   1   4.3e-43   4.3e-43  138.5   0.2     1    95    14   116    14   117 0.91 -
1617752at2759_104421_0:000280|NODE_807_length_16212_cov_66.370995:11007-11367  -            120 1617752at2759        -             96   3.6e-43  138.8   0.2   1   1   4.4e-43   4.4e-43  138.5   0.2     1    95    15   117    15   118 0.91 -
1617752at2759_61853_0:002e44|NODE_807_length_16212_cov_66.370995:11007-11367   -            120 1617752at2759        -             96   3.6e-43  138.8   0.2   1   1   4.4e-43   4.4e-43  138.5   0.2     1    95    15   117    15   118 0.91 -
1617752at2759_9798_0:000801|NODE_807_length_16212_cov_66.370995:11004-11367    -            121 1617752at2759        -             96   3.7e-43  138.7   0.2   1   1   4.6e-43   4.6e-43  138.4   0.2     1    95    16   118    16   119 0.91 -
1617752at2759_1676925_0:002aa4|NODE_807_length_16212_cov_66.370995:10995-11367 -            124 1617752at2759        -             96   3.9e-43  138.6   0.2   1   1     5e-43     5e-43  138.3   0.2     1    95    19   121    19   122 0.91 -
1617752at2759_62698_0:0011a8|NODE_807_length_16212_cov_66.370995:10992-11367   -            125 1617752at2759        -             96     4e-43  138.6   0.2   1   1   5.1e-43   5.1e-43  138.2   0.2     1    95    20   122    20   123 0.91 -
1617752at2759_9615_0:001a2c|NODE_807_length_16212_cov_66.370995:10992-11367    -            125 1617752at2759        -             96     4e-43  138.6   0.2   1   1   5.1e-43   5.1e-43  138.2   0.2     1    95    20   122    20   123 0.91 -
1617752at2759_6087_0:003895|NODE_807_length_16212_cov_66.370995:11034-11355    -            108 1617752at2759        -             96   4.1e-43  138.6   0.2   1   1   4.9e-43   4.9e-43  138.3   0.2     1    94     6   107     6   108 0.90 -
1617752at2759_62625_0:000f03|NODE_807_length_16212_cov_66.370995:11034-11355   -            108 1617752at2759        -             96   4.1e-43  138.6   0.2   1   1   4.9e-43   4.9e-43  138.3   0.2     1    94     6   107     6   108 0.90 -
1617752at2759_6412_0:002ac2|NODE_807_length_16212_cov_66.370995:11031-11355    -            109 1617752at2759        -             96   4.3e-43  138.5   0.2   1   1   5.1e-43   5.1e-43  138.3   0.2     1    94     7   108     7   109 0.90 -
1617752at2759_6669_0:00496f|NODE_807_length_16212_cov_66.370995:11031-11355    -            109 1617752at2759        -             96   4.3e-43  138.5   0.2   1   1   5.1e-43   5.1e-43  138.3   0.2     1    94     7   108     7   109 0.90 -
1617752at2759_7719_0:001204|NODE_807_length_16212_cov_66.370995:11016-11355    -            114 1617752at2759        -             96     5e-43  138.3   0.2   1   1     6e-43     6e-43  138.0   0.2     1    94    12   113    12   114 0.90 -
1617752at2759_110193_0:00265a|NODE_807_length_16212_cov_66.370995:11010-11355  -            116 1617752at2759        -             96   5.3e-43  138.2   0.2   1   1   6.5e-43   6.5e-43  137.9   0.2     1    94    14   115    14   116 0.90 -
1617752at2759_6500_0:000dc2|NODE_807_length_16212_cov_66.370995:11010-11355    -            116 1617752at2759        -             96   5.3e-43  138.2   0.2   1   1   6.5e-43   6.5e-43  137.9   0.2     1    94    14   115    14   116 0.90 -
1617752at2759_6565_0:004cb1|NODE_807_length_16212_cov_66.370995:11010-11355    -            116 1617752at2759        -             96   5.3e-43  138.2   0.2   1   1   6.5e-43   6.5e-43  137.9   0.2     1    94    14   115    14   116 0.90 -
1617752at2759_7574_0:002fac|NODE_807_length_16212_cov_66.370995:11010-11355    -            116 1617752at2759        -             96   5.3e-43  138.2   0.2   1   1   6.5e-43   6.5e-43  137.9   0.2     1    94    14   115    14   116 0.90 -
1617752at2759_9994_0:003fe7|NODE_807_length_16212_cov_66.370995:11010-11355    -            116 1617752at2759        -             96   5.3e-43  138.2   0.2   1   1   6.5e-43   6.5e-43  137.9   0.2     1    94    14   115    14   116 0.90 -
1617752at2759_431895_0:001c8d|NODE_807_length_16212_cov_66.370995:11037-11331  -             99 1617752at2759        -             96   2.5e-42  136.0   0.2   1   1   2.9e-42   2.9e-42  135.8   0.2     1    84     5    91     5    98 0.93 -
1617752at2759_329046_1:002f47|NODE_807_length_16212_cov_66.370995:11058-11367  -            103 1617752at2759        -             96   5.4e-42  135.0   0.2   1   1   6.6e-42   6.6e-42  134.7   0.2     4    95     1   100     1   101 0.91 -
1617752at2759_7962_0:008ccc|NODE_807_length_16212_cov_66.370995:11010-11304    -             99 1617752at2759        -             96   1.1e-41  134.0   0.2   1   1   1.2e-41   1.2e-41  133.8   0.2     1    82    14    98    14    99 0.96 -
1617752at2759_5963_1:004531|NODE_807_length_16212_cov_66.370995:11025-11301    -             93 1617752at2759        -             96   1.1e-41  133.9   0.2   1   1   1.3e-41   1.3e-41  133.8   0.2     1    82     9    93     9    93 0.96 -
1617752at2759_328815_0:001f53|NODE_807_length_16212_cov_66.370995:11001-11304  -            102 1617752at2759        -             96   1.2e-41  133.9   0.2   1   1   1.4e-41   1.4e-41  133.7   0.2     1    82    17   101    17   102 0.96 -
1617752at2759_8897_0:00217f|NODE_807_length_16212_cov_66.370995:11061-11367    -            102 1617752at2759        -             96   3.5e-41  132.4   0.3   1   1   4.3e-41   4.3e-41  132.1   0.3     5    95     1    99     1   100 0.91 -
1617752at2759_29833_1:000d3d|NODE_807_length_16212_cov_66.370995:11058-11304   -             83 1617752at2759        -             96   1.6e-40  130.3   0.3   1   1   1.7e-40   1.7e-40  130.2   0.3     4    82     1    82     1    83 0.96 -
1617752at2759_45779_0:00272d|NODE_807_length_16212_cov_66.370995:11064-11367   -            101 1617752at2759        -             96   2.2e-40  129.8   0.3   1   1   2.7e-40   2.7e-40  129.5   0.3     6    95     1    98     1    99 0.91 -
1617752at2759_261658_1:000cf5|NODE_807_length_16212_cov_66.370995:11013-11292  -             94 1617752at2759        -             96   5.5e-40  128.5   0.4   1   1   6.3e-40   6.3e-40  128.4   0.4     1    79    13    94    13    94 0.96 -
1617752at2759_1868482_0:002232|NODE_807_length_16212_cov_66.370995:11070-11367 -             99 1617752at2759        -             96   1.3e-38  124.1   0.1   1   1   1.6e-38   1.6e-38  123.9   0.1     8    95     1    96     1    97 0.90 -
1617752at2759_9244_0:0030ab|NODE_807_length_16212_cov_66.370995:11070-11367    -             99 1617752at2759        -             96   1.3e-38  124.1   0.1   1   1   1.6e-38   1.6e-38  123.9   0.1     8    95     1    96     1    97 0.90 -
1617752at2759_103944_0:0020d7|NODE_807_length_16212_cov_66.370995:11076-11367  -             97 1617752at2759        -             96   5.6e-37  118.9   0.1   1   1   6.8e-37   6.8e-37  118.6   0.1    11    95     2    94     1    95 0.90 -
1617752at2759_6832_0:002bb4|NODE_807_length_16212_cov_66.370995:11079-11367    -             96 1617752at2759        -             96   9.4e-37  118.2   0.1   1   1   1.1e-36   1.1e-36  117.9   0.1    11    95     1    93     1    94 0.90 -
1617752at2759_128390_0:0018fe|NODE_807_length_16212_cov_66.370995:11085-11367  -             94 1617752at2759        -             96   1.6e-35  114.2   0.1   1   1   1.9e-35   1.9e-35  114.0   0.1    13    95     1    91     1    92 0.90 -
1617752at2759_202946_0:00349f|NODE_807_length_16212_cov_66.370995:11085-11367  -             94 1617752at2759        -             96   1.6e-35  114.2   0.1   1   1   1.9e-35   1.9e-35  114.0   0.1    13    95     1    91     1    92 0.90 -
1617752at2759_319348_0:00100b|NODE_807_length_16212_cov_66.370995:11085-11367  -             94 1617752at2759        -             96   1.6e-35  114.2   0.1   1   1   1.9e-35   1.9e-35  114.0   0.1    13    95     1    91     1    92 0.90 -
1617752at2759_441894_0:002223|NODE_807_length_16212_cov_66.370995:11085-11367  -             94 1617752at2759        -             96   1.6e-35  114.2   0.1   1   1   1.9e-35   1.9e-35  114.0   0.1    13    95     1    91     1    92 0.90 -
1617752at2759_54383_0:00192d|NODE_807_length_16212_cov_66.370995:11085-11367   -             94 1617752at2759        -             96   1.6e-35  114.2   0.1   1   1   1.9e-35   1.9e-35  114.0   0.1    13    95     1    91     1    92 0.90 -
1617752at2759_7962_0:001513|NODE_807_length_16212_cov_66.370995:11085-11367    -             94 1617752at2759        -             96   1.6e-35  114.2   0.1   1   1   1.9e-35   1.9e-35  114.0   0.1    13    95     1    91     1    92 0.90 -
1617752at2759_9103_0:00345d|NODE_807_length_16212_cov_66.370995:11085-11367    -             94 1617752at2759        -             96   1.6e-35  114.2   0.1   1   1   1.9e-35   1.9e-35  114.0   0.1    13    95     1    91     1    92 0.90 -
1617752at2759_9238_0:0019d1|NODE_807_length_16212_cov_66.370995:11085-11367    -             94 1617752at2759        -             96   1.6e-35  114.2   0.1   1   1   1.9e-35   1.9e-35  114.0   0.1    13    95     1    91     1    92 0.90 -
1617752at2759_94827_0:00007a|NODE_807_length_16212_cov_66.370995:11085-11367   -             94 1617752at2759        -             96   1.6e-35  114.2   0.1   1   1   1.9e-35   1.9e-35  114.0   0.1    13    95     1    91     1    92 0.90 -
1617752at2759_9371_0:002499|NODE_807_length_16212_cov_66.370995:11079-11304    -             76 1617752at2759        -             96   2.6e-35  113.6   0.1   1   1   2.8e-35   2.8e-35  113.4   0.1    11    82     1    75     1    76 0.95 -
1617752at2759_48883_0:001f6b|NODE_807_length_16212_cov_66.370995:11088-11367   -             93 1617752at2759        -             96   4.3e-35  112.8   0.1   1   1   5.2e-35   5.2e-35  112.6   0.1    14    95     1    90     1    91 0.89 -
1617752at2759_35525_0:0043ce|NODE_807_length_16212_cov_66.370995:11088-11355   -             90 1617752at2759        -             96   6.4e-35  112.3   0.1   1   1   7.6e-35   7.6e-35  112.1   0.1    14    94     1    89     1    90 0.88 -
1617752at2759_8036_0:004734|NODE_807_length_16212_cov_66.370995:11088-11301    -             72 1617752at2759        -             96   1.5e-33  107.9   0.1   1   1   1.6e-33   1.6e-33  107.8   0.1    14    82     1    72     1    72 0.95 -
1617752at2759_9258_0:0022ca|NODE_807_length_16212_cov_66.370995:11136-11367    -             77 1617752at2759        -             96   5.6e-26   83.6   0.1   1   1   6.6e-26   6.6e-26   83.4   0.1    33    95     7    74     1    75 0.87 -
1617752at2759_13735_0:002ac7|NODE_807_length_16212_cov_66.370995:11142-11367   -             75 1617752at2759        -             96   7.8e-26   83.2   0.1   1   1   9.1e-26   9.1e-26   83.0   0.1    33    95     5    72     1    73 0.89 -
1617752at2759_1049336_0:0005c2|NODE_807_length_16212_cov_66.370995:11196-11367 -             57 1617752at2759        -             96   3.3e-18   58.7   0.1   1   1   4.1e-18   4.1e-18   58.4   0.1    47    95     1    54     1    55 0.88 -
1617752at2759_74869_0:001abb|NODE_807_length_16212_cov_66.370995:11196-11367   -             57 1617752at2759        -             96   3.3e-18   58.7   0.1   1   1   4.1e-18   4.1e-18   58.4   0.1    47    95     1    54     1    55 0.88 -
1617752at2759_8969_0:002fc7|NODE_807_length_16212_cov_66.370995:11196-11367    -             57 1617752at2759        -             96   3.3e-18   58.7   0.1   1   1   4.1e-18   4.1e-18   58.4   0.1    47    95     1    54     1    55 0.88 -
#
# Program:         hmmsearch
# Version:         3.1b2 (February 2015)
# Pipeline mode:   SEARCH
# Query file:      mb_downloads/eukaryota_odb10/hmms/1617752at2759.hmm
# Target file:     -
# Option settings: /opt/conda/envs/compleasm/bin/hmmsearch --domtblout compleasm/eukaryota_odb10/hmmer_output/1617752at2759.out --cpu 1 mb_downloads/eukaryota_odb10/hmms/1617752at2759.hmm - 
# Current dir:     /in
# Date:            Tue Oct 22 12:37:31 2024
# [ok]
