#                                                                                                                                     --- full sequence --- -------------- this domain -------------   hmm coord   ali coord   env coord
# target name                                                                 accession   tlen query name           accession   qlen   E-value  score  bias   #  of  c-Evalue  i-Evalue  score  bias  from    to  from    to  from    to  acc description of target
#                                                         ------------------- ---------- ----- -------------------- ---------- ----- --------- ------ ----- --- --- --------- --------- ------ ----- ----- ----- ----- ----- ----- ----- ---- ---------------------
1620056at2759_1041015_0:001d74|NODE_23_length_67409_cov_78.812318:45029-45597 -            165 1620056at2759        -             82   1.7e-16   51.4   1.1   1   2   1.1e-12   1.1e-12   39.1   1.2     1    82     7   122     7   122 0.72 -
1620056at2759_1041015_0:001d74|NODE_23_length_67409_cov_78.812318:45029-45597 -            165 1620056at2759        -             82   1.7e-16   51.4   1.1   2   2       5.4       5.6   -1.6   0.0    52    71   129   148   127   151 0.76 -
1620056at2759_28588_0:0025c3|NODE_23_length_67409_cov_78.812318:45029-45597   -            165 1620056at2759        -             82   1.7e-16   51.4   1.1   1   2   1.1e-12   1.1e-12   39.1   1.2     1    82     7   122     7   122 0.72 -
1620056at2759_28588_0:0025c3|NODE_23_length_67409_cov_78.812318:45029-45597   -            165 1620056at2759        -             82   1.7e-16   51.4   1.1   2   2       5.4       5.6   -1.6   0.0    52    71   129   148   127   151 0.76 -
1620056at2759_286706_0:001b36|NODE_23_length_67409_cov_78.812318:45029-45597  -            165 1620056at2759        -             82   1.7e-16   51.4   1.1   1   2   1.1e-12   1.1e-12   39.1   1.2     1    82     7   122     7   122 0.72 -
1620056at2759_286706_0:001b36|NODE_23_length_67409_cov_78.812318:45029-45597  -            165 1620056at2759        -             82   1.7e-16   51.4   1.1   2   2       5.4       5.6   -1.6   0.0    52    71   129   148   127   151 0.76 -
1620056at2759_29029_0:001fb1|NODE_23_length_67409_cov_78.812318:45029-45597   -            165 1620056at2759        -             82   1.7e-16   51.4   1.1   1   2   1.1e-12   1.1e-12   39.1   1.2     1    82     7   122     7   122 0.72 -
1620056at2759_29029_0:001fb1|NODE_23_length_67409_cov_78.812318:45029-45597   -            165 1620056at2759        -             82   1.7e-16   51.4   1.1   2   2       5.4       5.6   -1.6   0.0    52    71   129   148   127   151 0.76 -
1620056at2759_30019_0:000c5e|NODE_23_length_67409_cov_78.812318:45029-45597   -            165 1620056at2759        -             82   1.7e-16   51.4   1.1   1   2   1.1e-12   1.1e-12   39.1   1.2     1    82     7   122     7   122 0.72 -
1620056at2759_30019_0:000c5e|NODE_23_length_67409_cov_78.812318:45029-45597   -            165 1620056at2759        -             82   1.7e-16   51.4   1.1   2   2       5.4       5.6   -1.6   0.0    52    71   129   148   127   151 0.76 -
1620056at2759_30023_0:002693|NODE_23_length_67409_cov_78.812318:45029-45597   -            165 1620056at2759        -             82   1.7e-16   51.4   1.1   1   2   1.1e-12   1.1e-12   39.1   1.2     1    82     7   122     7   122 0.72 -
1620056at2759_30023_0:002693|NODE_23_length_67409_cov_78.812318:45029-45597   -            165 1620056at2759        -             82   1.7e-16   51.4   1.1   2   2       5.4       5.6   -1.6   0.0    52    71   129   148   127   151 0.76 -
1620056at2759_30025_0:000df9|NODE_23_length_67409_cov_78.812318:45029-45597   -            165 1620056at2759        -             82   1.7e-16   51.4   1.1   1   2   1.1e-12   1.1e-12   39.1   1.2     1    82     7   122     7   122 0.72 -
1620056at2759_30025_0:000df9|NODE_23_length_67409_cov_78.812318:45029-45597   -            165 1620056at2759        -             82   1.7e-16   51.4   1.1   2   2       5.4       5.6   -1.6   0.0    52    71   129   148   127   151 0.76 -
1620056at2759_7213_0:0000b2|NODE_23_length_67409_cov_78.812318:45029-45597    -            165 1620056at2759        -             82   1.7e-16   51.4   1.1   1   2   1.1e-12   1.1e-12   39.1   1.2     1    82     7   122     7   122 0.72 -
1620056at2759_7213_0:0000b2|NODE_23_length_67409_cov_78.812318:45029-45597    -            165 1620056at2759        -             82   1.7e-16   51.4   1.1   2   2       5.4       5.6   -1.6   0.0    52    71   129   148   127   151 0.76 -
1620056at2759_7222_0:0028aa|NODE_23_length_67409_cov_78.812318:45029-45597    -            165 1620056at2759        -             82   1.7e-16   51.4   1.1   1   2   1.1e-12   1.1e-12   39.1   1.2     1    82     7   122     7   122 0.72 -
1620056at2759_7222_0:0028aa|NODE_23_length_67409_cov_78.812318:45029-45597    -            165 1620056at2759        -             82   1.7e-16   51.4   1.1   2   2       5.4       5.6   -1.6   0.0    52    71   129   148   127   151 0.76 -
1620056at2759_7224_0:000f0f|NODE_23_length_67409_cov_78.812318:45029-45597    -            165 1620056at2759        -             82   1.7e-16   51.4   1.1   1   2   1.1e-12   1.1e-12   39.1   1.2     1    82     7   122     7   122 0.72 -
1620056at2759_7224_0:000f0f|NODE_23_length_67409_cov_78.812318:45029-45597    -            165 1620056at2759        -             82   1.7e-16   51.4   1.1   2   2       5.4       5.6   -1.6   0.0    52    71   129   148   127   151 0.76 -
1620056at2759_7237_0:0012bc|NODE_23_length_67409_cov_78.812318:45029-45597    -            165 1620056at2759        -             82   1.7e-16   51.4   1.1   1   2   1.1e-12   1.1e-12   39.1   1.2     1    82     7   122     7   122 0.72 -
1620056at2759_7237_0:0012bc|NODE_23_length_67409_cov_78.812318:45029-45597    -            165 1620056at2759        -             82   1.7e-16   51.4   1.1   2   2       5.4       5.6   -1.6   0.0    52    71   129   148   127   151 0.76 -
1620056at2759_7244_0:000aba|NODE_23_length_67409_cov_78.812318:45029-45597    -            165 1620056at2759        -             82   1.7e-16   51.4   1.1   1   2   1.1e-12   1.1e-12   39.1   1.2     1    82     7   122     7   122 0.72 -
1620056at2759_7244_0:000aba|NODE_23_length_67409_cov_78.812318:45029-45597    -            165 1620056at2759        -             82   1.7e-16   51.4   1.1   2   2       5.4       5.6   -1.6   0.0    52    71   129   148   127   151 0.76 -
1620056at2759_7260_0:0032b9|NODE_23_length_67409_cov_78.812318:45029-45597    -            165 1620056at2759        -             82   1.7e-16   51.4   1.1   1   2   1.1e-12   1.1e-12   39.1   1.2     1    82     7   122     7   122 0.72 -
1620056at2759_7260_0:0032b9|NODE_23_length_67409_cov_78.812318:45029-45597    -            165 1620056at2759        -             82   1.7e-16   51.4   1.1   2   2       5.4       5.6   -1.6   0.0    52    71   129   148   127   151 0.76 -
1620056at2759_7274_0:000d2b|NODE_23_length_67409_cov_78.812318:45029-45597    -            165 1620056at2759        -             82   1.7e-16   51.4   1.1   1   2   1.1e-12   1.1e-12   39.1   1.2     1    82     7   122     7   122 0.72 -
1620056at2759_7274_0:000d2b|NODE_23_length_67409_cov_78.812318:45029-45597    -            165 1620056at2759        -             82   1.7e-16   51.4   1.1   2   2       5.4       5.6   -1.6   0.0    52    71   129   148   127   151 0.76 -
1620056at2759_7282_0:002d77|NODE_23_length_67409_cov_78.812318:45029-45597    -            165 1620056at2759        -             82   1.7e-16   51.4   1.1   1   2   1.1e-12   1.1e-12   39.1   1.2     1    82     7   122     7   122 0.72 -
1620056at2759_7282_0:002d77|NODE_23_length_67409_cov_78.812318:45029-45597    -            165 1620056at2759        -             82   1.7e-16   51.4   1.1   2   2       5.4       5.6   -1.6   0.0    52    71   129   148   127   151 0.76 -
1620056at2759_123851_0:0027bc|NODE_23_length_67409_cov_78.812318:45041-45612  -            166 1620056at2759        -             82   1.8e-16   51.3   1.1   1   2   1.1e-12   1.1e-12   39.1   1.2     1    82    12   127    12   127 0.72 -
1620056at2759_123851_0:0027bc|NODE_23_length_67409_cov_78.812318:45041-45612  -            166 1620056at2759        -             82   1.8e-16   51.3   1.1   2   2       5.4       5.6   -1.6   0.0    52    71   134   153   132   156 0.76 -
1620056at2759_1507135_0:001e66|NODE_23_length_67409_cov_78.812318:45029-45603 -            167 1620056at2759        -             82   1.9e-16   51.2   1.2   1   2   1.2e-12   1.2e-12   39.0   1.3     1    82     9   124     9   124 0.72 -
1620056at2759_1507135_0:001e66|NODE_23_length_67409_cov_78.812318:45029-45603 -            167 1620056at2759        -             82   1.9e-16   51.2   1.2   2   2       5.5       5.7   -1.6   0.0    52    71   131   150   129   153 0.76 -
1620056at2759_52612_0:0000b7|NODE_23_length_67409_cov_78.812318:45029-45612   -            170 1620056at2759        -             82   2.1e-16   51.1   1.2   1   2   1.3e-12   1.3e-12   38.9   1.3     1    82    12   127    12   127 0.72 -
1620056at2759_52612_0:0000b7|NODE_23_length_67409_cov_78.812318:45029-45612   -            170 1620056at2759        -             82   2.1e-16   51.1   1.2   2   2       5.6       5.8   -1.6   0.0    52    71   134   153   132   156 0.76 -
1620056at2759_7004_0:00242c|NODE_23_length_67409_cov_78.812318:45029-45612    -            170 1620056at2759        -             82   2.1e-16   51.1   1.2   1   2   1.3e-12   1.3e-12   38.9   1.3     1    82    12   127    12   127 0.72 -
1620056at2759_7004_0:00242c|NODE_23_length_67409_cov_78.812318:45029-45612    -            170 1620056at2759        -             82   2.1e-16   51.1   1.2   2   2       5.6       5.8   -1.6   0.0    52    71   134   153   132   156 0.76 -
1620056at2759_56086_0:002728|NODE_23_length_67409_cov_78.812318:45026-45612   -            171 1620056at2759        -             82   2.1e-16   51.0   1.2   1   2   1.3e-12   1.3e-12   38.9   1.3     1    82    12   127    12   127 0.72 -
1620056at2759_56086_0:002728|NODE_23_length_67409_cov_78.812318:45026-45612   -            171 1620056at2759        -             82   2.1e-16   51.0   1.2   2   2       5.7       5.9   -1.6   0.0    52    71   134   153   132   156 0.76 -
1620056at2759_7493_0:0002c4|NODE_23_length_67409_cov_78.812318:45029-45615    -            171 1620056at2759        -             82   2.2e-16   51.0   1.2   1   2   1.3e-12   1.3e-12   38.9   1.3     1    82    13   128    13   128 0.72 -
1620056at2759_7493_0:0002c4|NODE_23_length_67409_cov_78.812318:45029-45615    -            171 1620056at2759        -             82   2.2e-16   51.0   1.2   2   2       5.7       5.9   -1.6   0.0    52    71   135   154   133   157 0.76 -
1620056at2759_7460_0:0022fd|NODE_23_length_67409_cov_78.812318:45029-45618    -            172 1620056at2759        -             82   2.3e-16   51.0   1.2   1   2   1.3e-12   1.4e-12   38.8   1.3     1    82    14   129    14   129 0.72 -
1620056at2759_7460_0:0022fd|NODE_23_length_67409_cov_78.812318:45029-45618    -            172 1620056at2759        -             82   2.3e-16   51.0   1.2   2   2       5.7       5.9   -1.6   0.0    52    71   136   155   134   158 0.76 -
1620056at2759_29159_0:0000f5|NODE_23_length_67409_cov_78.812318:45125-45630   -            144 1620056at2759        -             82   2.3e-16   50.9   1.4   1   1   7.9e-13   8.2e-13   39.6   1.4     1    82    18   133    18   133 0.72 -
1620056at2759_6565_0:004e84|NODE_23_length_67409_cov_78.812318:45125-45630    -            144 1620056at2759        -             82   2.3e-16   50.9   1.4   1   1   7.9e-13   8.2e-13   39.6   1.4     1    82    18   133    18   133 0.72 -
1620056at2759_132113_0:0015fb|NODE_23_length_67409_cov_78.812318:45029-45621  -            173 1620056at2759        -             82   2.3e-16   50.9   1.2   1   2   1.4e-12   1.4e-12   38.8   1.3     1    82    15   130    15   130 0.72 -
1620056at2759_132113_0:0015fb|NODE_23_length_67409_cov_78.812318:45029-45621  -            173 1620056at2759        -             82   2.3e-16   50.9   1.2   2   2       5.8       5.9   -1.7   0.0    52    70   137   155   135   159 0.76 -
1620056at2759_166423_0:0021f0|NODE_23_length_67409_cov_78.812318:45029-45621  -            173 1620056at2759        -             82   2.3e-16   50.9   1.2   1   2   1.4e-12   1.4e-12   38.8   1.3     1    82    15   130    15   130 0.72 -
1620056at2759_166423_0:0021f0|NODE_23_length_67409_cov_78.812318:45029-45621  -            173 1620056at2759        -             82   2.3e-16   50.9   1.2   2   2       5.8       5.9   -1.7   0.0    52    70   137   155   135   159 0.76 -
1620056at2759_441921_0:000260|NODE_23_length_67409_cov_78.812318:45029-45621  -            173 1620056at2759        -             82   2.3e-16   50.9   1.2   1   2   1.4e-12   1.4e-12   38.8   1.3     1    82    15   130    15   130 0.72 -
1620056at2759_441921_0:000260|NODE_23_length_67409_cov_78.812318:45029-45621  -            173 1620056at2759        -             82   2.3e-16   50.9   1.2   2   2       5.8       5.9   -1.7   0.0    52    70   137   155   135   159 0.76 -
1620056at2759_516756_0:00263b|NODE_23_length_67409_cov_78.812318:45029-45621  -            173 1620056at2759        -             82   2.3e-16   50.9   1.2   1   2   1.4e-12   1.4e-12   38.8   1.3     1    82    15   130    15   130 0.72 -
1620056at2759_516756_0:00263b|NODE_23_length_67409_cov_78.812318:45029-45621  -            173 1620056at2759        -             82   2.3e-16   50.9   1.2   2   2       5.8       5.9   -1.7   0.0    52    70   137   155   135   159 0.76 -
1620056at2759_37344_0:0012ab|NODE_23_length_67409_cov_78.812318:45014-45621   -            178 1620056at2759        -             82   3.3e-16   50.4   1.5   1   2   1.5e-12   1.6e-12   38.6   1.3     1    82    15   130    15   130 0.72 -
1620056at2759_37344_0:0012ab|NODE_23_length_67409_cov_78.812318:45014-45621   -            178 1620056at2759        -             82   3.3e-16   50.4   1.5   2   2       6.6       6.8   -1.8   0.0    52    70   137   155   136   159 0.75 -
1620056at2759_6183_0:0002ee|NODE_23_length_67409_cov_78.812318:45011-45630    -            182 1620056at2759        -             82   3.4e-16   50.4   1.5   1   2   1.6e-12   1.7e-12   38.5   1.3     1    82    18   133    18   133 0.72 -
1620056at2759_6183_0:0002ee|NODE_23_length_67409_cov_78.812318:45011-45630    -            182 1620056at2759        -             82   3.4e-16   50.4   1.5   2   2       6.3       6.5   -1.8   0.0    52    71   140   159   139   163 0.76 -
1620056at2759_1218281_0:0028cf|NODE_23_length_67409_cov_78.812318:45158-45466 -             90 1620056at2759        -             82   1.5e-13   41.9   0.6   1   1   5.8e-10     6e-10   30.4   0.6    24    82     7    90     5    90 0.64 -
1620056at2759_6185_0:0026fd|NODE_23_length_67409_cov_78.812318:45011-45463    -            138 1620056at2759        -             82   3.5e-13   40.7   0.5   1   2   2.3e-09   2.4e-09   28.5   0.6    24    82     6    89     4    89 0.64 -
1620056at2759_6185_0:0026fd|NODE_23_length_67409_cov_78.812318:45011-45463    -            138 1620056at2759        -             82   3.5e-13   40.7   0.5   2   2       3.8         4   -1.1   0.0    52    71    96   115    94   119 0.77 -
#
# Program:         hmmsearch
# Version:         3.1b2 (February 2015)
# Pipeline mode:   SEARCH
# Query file:      mb_downloads/eukaryota_odb10/hmms/1620056at2759.hmm
# Target file:     -
# Option settings: /opt/conda/envs/compleasm/bin/hmmsearch --domtblout compleasm/eukaryota_odb10/hmmer_output/1620056at2759.out --cpu 1 mb_downloads/eukaryota_odb10/hmms/1620056at2759.hmm - 
# Current dir:     /in
# Date:            Tue Oct 22 12:38:44 2024
# [ok]
