#                                                                                                                                     --- full sequence --- -------------- this domain -------------   hmm coord   ali coord   env coord
# target name                                                                 accession   tlen query name           accession   qlen   E-value  score  bias   #  of  c-Evalue  i-Evalue  score  bias  from    to  from    to  from    to  acc description of target
#                                                         ------------------- ---------- ----- -------------------- ---------- ----- --------- ------ ----- --- --- --------- --------- ------ ----- ----- ----- ----- ----- ----- ----- ---- ---------------------
1626636at2759_294128_0:00288b|NODE_24938_length_4645_cov_72.520797:914-1328   -            139 1626636at2759        -            128   2.2e-35  115.9   7.9   1   1   3.4e-34   3.4e-34  112.1   7.9     1   107     1   127     1   139 0.77 -
1626636at2759_291302_0:002f39|NODE_24938_length_4645_cov_72.520797:899-1328   -            144 1626636at2759        -            128   2.7e-35  115.7   8.6   1   1   3.8e-34   3.9e-34  111.9   8.6     1   116     1   136     1   144 0.77 -
1626636at2759_7536_0:000f10|NODE_24938_length_4645_cov_72.520797:899-1331     -            145 1626636at2759        -            128   2.7e-35  115.6   8.6   1   1   3.9e-34     4e-34  111.9   8.6     1   116     2   137     2   145 0.77 -
1626636at2759_535359_0:0008ae|NODE_24938_length_4645_cov_72.520797:899-1334   -            146 1626636at2759        -            128   2.8e-35  115.6   8.6   1   1     4e-34   4.1e-34  111.8   8.6     1   116     3   138     3   146 0.77 -
1626636at2759_143948_0:002947|NODE_24938_length_4645_cov_72.520797:962-1334   -            125 1626636at2759        -            128   1.1e-34  113.7   7.8   1   1   1.8e-33   1.9e-33  109.7   7.8     1   101     3   124     3   125 0.83 -
1626636at2759_407821_0:0054eb|NODE_24938_length_4645_cov_72.520797:857-1328   -            158 1626636at2759        -            128   9.4e-34  110.7  17.4   1   1   2.7e-32   2.8e-32  105.9  17.4     1   118     1   148     1   158 0.71 -
1626636at2759_6087_0:00297f|NODE_24938_length_4645_cov_72.520797:767-1328     -            188 1626636at2759        -            128   3.2e-33  109.0  21.6   1   1   1.5e-31   1.5e-31  103.5  20.9     1   127     1   160     1   161 0.74 -
1626636at2759_6183_0:002287|NODE_24938_length_4645_cov_72.520797:758-1771     -            198 1626636at2759        -            128   4.5e-33  108.5  21.8   1   1   2.4e-31   2.4e-31  102.9  21.3     1   127     8   167     8   171 0.75 -
1626636at2759_74940_0:007133|NODE_24938_length_4645_cov_72.520797:758-2656    -            207 1626636at2759        -            128   4.8e-33  108.4  21.5   1   1   2.4e-31   2.5e-31  102.8  21.2     1   127    17   176    17   180 0.75 -
1626636at2759_946362_0:001aa5|NODE_24938_length_4645_cov_72.520797:830-1331   -            168 1626636at2759        -            128   5.4e-33  108.2  22.7   1   1   3.5e-31   3.5e-31  102.4  22.7     1   127     2   161     2   162 0.74 -
1626636at2759_10228_0:000be4|NODE_24938_length_4645_cov_72.520797:758-1328    -            191 1626636at2759        -            128   7.2e-33  107.8  22.7   1   1   3.1e-31   3.2e-31  102.5  21.9     1   127     1   160     1   161 0.74 -
1626636at2759_103695_0:00266f|NODE_24938_length_4645_cov_72.520797:758-1328   -            191 1626636at2759        -            128   7.2e-33  107.8  22.7   1   1   3.1e-31   3.2e-31  102.5  21.9     1   127     1   160     1   161 0.74 -
1626636at2759_105023_0:004bcf|NODE_24938_length_4645_cov_72.520797:758-1328   -            191 1626636at2759        -            128   7.2e-33  107.8  22.7   1   1   3.1e-31   3.2e-31  102.5  21.9     1   127     1   160     1   161 0.74 -
1626636at2759_109280_0:001b06|NODE_24938_length_4645_cov_72.520797:758-1328   -            191 1626636at2759        -            128   7.2e-33  107.8  22.7   1   1   3.1e-31   3.2e-31  102.5  21.9     1   127     1   160     1   161 0.74 -
1626636at2759_113540_0:00330f|NODE_24938_length_4645_cov_72.520797:758-1328   -            191 1626636at2759        -            128   7.2e-33  107.8  22.7   1   1   3.1e-31   3.2e-31  102.5  21.9     1   127     1   160     1   161 0.74 -
1626636at2759_118200_0:00281e|NODE_24938_length_4645_cov_72.520797:758-1328   -            191 1626636at2759        -            128   7.2e-33  107.8  22.7   1   1   3.1e-31   3.2e-31  102.5  21.9     1   127     1   160     1   161 0.74 -
1626636at2759_121225_0:000667|NODE_24938_length_4645_cov_72.520797:758-1328   -            191 1626636at2759        -            128   7.2e-33  107.8  22.7   1   1   3.1e-31   3.2e-31  102.5  21.9     1   127     1   160     1   161 0.74 -
1626636at2759_125878_0:002276|NODE_24938_length_4645_cov_72.520797:758-1328   -            191 1626636at2759        -            128   7.2e-33  107.8  22.7   1   1   3.1e-31   3.2e-31  102.5  21.9     1   127     1   160     1   161 0.74 -
1626636at2759_13146_0:0014dc|NODE_24938_length_4645_cov_72.520797:758-1328    -            191 1626636at2759        -            128   7.2e-33  107.8  22.7   1   1   3.1e-31   3.2e-31  102.5  21.9     1   127     1   160     1   161 0.74 -
1626636at2759_133901_0:002a66|NODE_24938_length_4645_cov_72.520797:758-1328   -            191 1626636at2759        -            128   7.2e-33  107.8  22.7   1   1   3.1e-31   3.2e-31  102.5  21.9     1   127     1   160     1   161 0.74 -
1626636at2759_136037_0:00027b|NODE_24938_length_4645_cov_72.520797:758-1328   -            191 1626636at2759        -            128   7.2e-33  107.8  22.7   1   1   3.1e-31   3.2e-31  102.5  21.9     1   127     1   160     1   161 0.74 -
1626636at2759_13735_0:004048|NODE_24938_length_4645_cov_72.520797:758-1328    -            191 1626636at2759        -            128   7.2e-33  107.8  22.7   1   1   3.1e-31   3.2e-31  102.5  21.9     1   127     1   160     1   161 0.74 -
1626636at2759_150288_0:00532a|NODE_24938_length_4645_cov_72.520797:758-1328   -            191 1626636at2759        -            128   7.2e-33  107.8  22.7   1   1   3.1e-31   3.2e-31  102.5  21.9     1   127     1   160     1   161 0.74 -
1626636at2759_156563_0:00404d|NODE_24938_length_4645_cov_72.520797:758-1328   -            191 1626636at2759        -            128   7.2e-33  107.8  22.7   1   1   3.1e-31   3.2e-31  102.5  21.9     1   127     1   160     1   161 0.74 -
1626636at2759_158441_0:003af4|NODE_24938_length_4645_cov_72.520797:758-1328   -            191 1626636at2759        -            128   7.2e-33  107.8  22.7   1   1   3.1e-31   3.2e-31  102.5  21.9     1   127     1   160     1   161 0.74 -
1626636at2759_1608454_0:00141d|NODE_24938_length_4645_cov_72.520797:758-1328  -            191 1626636at2759        -            128   7.2e-33  107.8  22.7   1   1   3.1e-31   3.2e-31  102.5  21.9     1   127     1   160     1   161 0.74 -
1626636at2759_188379_0:000492|NODE_24938_length_4645_cov_72.520797:758-1328   -            191 1626636at2759        -            128   7.2e-33  107.8  22.7   1   1   3.1e-31   3.2e-31  102.5  21.9     1   127     1   160     1   161 0.74 -
1626636at2759_215358_0:002845|NODE_24938_length_4645_cov_72.520797:758-1328   -            191 1626636at2759        -            128   7.2e-33  107.8  22.7   1   1   3.1e-31   3.2e-31  102.5  21.9     1   127     1   160     1   161 0.74 -
1626636at2759_244447_0:0044d7|NODE_24938_length_4645_cov_72.520797:758-1328   -            191 1626636at2759        -            128   7.2e-33  107.8  22.7   1   1   3.1e-31   3.2e-31  102.5  21.9     1   127     1   160     1   161 0.74 -
1626636at2759_29088_0:0040c2|NODE_24938_length_4645_cov_72.520797:758-1328    -            191 1626636at2759        -            128   7.2e-33  107.8  22.7   1   1   3.1e-31   3.2e-31  102.5  21.9     1   127     1   160     1   161 0.74 -
1626636at2759_294128_0:00288d|NODE_24938_length_4645_cov_72.520797:758-1328   -            191 1626636at2759        -            128   7.2e-33  107.8  22.7   1   1   3.1e-31   3.2e-31  102.5  21.9     1   127     1   160     1   161 0.74 -
1626636at2759_30419_0:0012e8|NODE_24938_length_4645_cov_72.520797:758-1328    -            191 1626636at2759        -            128   7.2e-33  107.8  22.7   1   1   3.1e-31   3.2e-31  102.5  21.9     1   127     1   160     1   161 0.74 -
1626636at2759_30732_0:005028|NODE_24938_length_4645_cov_72.520797:758-1328    -            191 1626636at2759        -            128   7.2e-33  107.8  22.7   1   1   3.1e-31   3.2e-31  102.5  21.9     1   127     1   160     1   161 0.74 -
1626636at2759_31033_0:00299d|NODE_24938_length_4645_cov_72.520797:758-1328    -            191 1626636at2759        -            128   7.2e-33  107.8  22.7   1   1   3.1e-31   3.2e-31  102.5  21.9     1   127     1   160     1   161 0.74 -
1626636at2759_31234_0:003f55|NODE_24938_length_4645_cov_72.520797:758-1328    -            191 1626636at2759        -            128   7.2e-33  107.8  22.7   1   1   3.1e-31   3.2e-31  102.5  21.9     1   127     1   160     1   161 0.74 -
1626636at2759_345164_0:000b1c|NODE_24938_length_4645_cov_72.520797:758-1328   -            191 1626636at2759        -            128   7.2e-33  107.8  22.7   1   1   3.1e-31   3.2e-31  102.5  21.9     1   127     1   160     1   161 0.74 -
1626636at2759_37621_0:000117|NODE_24938_length_4645_cov_72.520797:758-1328    -            191 1626636at2759        -            128   7.2e-33  107.8  22.7   1   1   3.1e-31   3.2e-31  102.5  21.9     1   127     1   160     1   161 0.74 -
1626636at2759_42514_0:001931|NODE_24938_length_4645_cov_72.520797:758-1328    -            191 1626636at2759        -            128   7.2e-33  107.8  22.7   1   1   3.1e-31   3.2e-31  102.5  21.9     1   127     1   160     1   161 0.74 -
1626636at2759_48709_0:00259d|NODE_24938_length_4645_cov_72.520797:758-1328    -            191 1626636at2759        -            128   7.2e-33  107.8  22.7   1   1   3.1e-31   3.2e-31  102.5  21.9     1   127     1   160     1   161 0.74 -
1626636at2759_50402_0:002e3c|NODE_24938_length_4645_cov_72.520797:758-1328    -            191 1626636at2759        -            128   7.2e-33  107.8  22.7   1   1   3.1e-31   3.2e-31  102.5  21.9     1   127     1   160     1   161 0.74 -
1626636at2759_52644_0:001325|NODE_24938_length_4645_cov_72.520797:758-1328    -            191 1626636at2759        -            128   7.2e-33  107.8  22.7   1   1   3.1e-31   3.2e-31  102.5  21.9     1   127     1   160     1   161 0.74 -
1626636at2759_55661_0:000d77|NODE_24938_length_4645_cov_72.520797:758-1328    -            191 1626636at2759        -            128   7.2e-33  107.8  22.7   1   1   3.1e-31   3.2e-31  102.5  21.9     1   127     1   160     1   161 0.74 -
1626636at2759_59729_0:002603|NODE_24938_length_4645_cov_72.520797:758-1328    -            191 1626636at2759        -            128   7.2e-33  107.8  22.7   1   1   3.1e-31   3.2e-31  102.5  21.9     1   127     1   160     1   161 0.74 -
1626636at2759_59894_0:0039f9|NODE_24938_length_4645_cov_72.520797:758-1328    -            191 1626636at2759        -            128   7.2e-33  107.8  22.7   1   1   3.1e-31   3.2e-31  102.5  21.9     1   127     1   160     1   161 0.74 -
1626636at2759_6238_0:001b4f|NODE_24938_length_4645_cov_72.520797:758-1328     -            191 1626636at2759        -            128   7.2e-33  107.8  22.7   1   1   3.1e-31   3.2e-31  102.5  21.9     1   127     1   160     1   161 0.74 -
1626636at2759_6239_0:001d7a|NODE_24938_length_4645_cov_72.520797:758-1328     -            191 1626636at2759        -            128   7.2e-33  107.8  22.7   1   1   3.1e-31   3.2e-31  102.5  21.9     1   127     1   160     1   161 0.74 -
1626636at2759_6279_0:0021f0|NODE_24938_length_4645_cov_72.520797:758-1328     -            191 1626636at2759        -            128   7.2e-33  107.8  22.7   1   1   3.1e-31   3.2e-31  102.5  21.9     1   127     1   160     1   161 0.74 -
1626636at2759_6526_0:001388|NODE_24938_length_4645_cov_72.520797:758-1328     -            191 1626636at2759        -            128   7.2e-33  107.8  22.7   1   1   3.1e-31   3.2e-31  102.5  21.9     1   127     1   160     1   161 0.74 -
1626636at2759_7004_0:001ebd|NODE_24938_length_4645_cov_72.520797:758-1328     -            191 1626636at2759        -            128   7.2e-33  107.8  22.7   1   1   3.1e-31   3.2e-31  102.5  21.9     1   127     1   160     1   161 0.74 -
1626636at2759_7038_0:002265|NODE_24938_length_4645_cov_72.520797:758-1328     -            191 1626636at2759        -            128   7.2e-33  107.8  22.7   1   1   3.1e-31   3.2e-31  102.5  21.9     1   127     1   160     1   161 0.74 -
1626636at2759_7209_0:001396|NODE_24938_length_4645_cov_72.520797:758-1328     -            191 1626636at2759        -            128   7.2e-33  107.8  22.7   1   1   3.1e-31   3.2e-31  102.5  21.9     1   127     1   160     1   161 0.74 -
1626636at2759_763407_1:0030aa|NODE_24938_length_4645_cov_72.520797:758-1328   -            191 1626636at2759        -            128   7.2e-33  107.8  22.7   1   1   3.1e-31   3.2e-31  102.5  21.9     1   127     1   160     1   161 0.74 -
1626636at2759_7897_0:003a68|NODE_24938_length_4645_cov_72.520797:758-1328     -            191 1626636at2759        -            128   7.2e-33  107.8  22.7   1   1   3.1e-31   3.2e-31  102.5  21.9     1   127     1   160     1   161 0.74 -
1626636at2759_7918_0:001814|NODE_24938_length_4645_cov_72.520797:758-1328     -            191 1626636at2759        -            128   7.2e-33  107.8  22.7   1   1   3.1e-31   3.2e-31  102.5  21.9     1   127     1   160     1   161 0.74 -
1626636at2759_7962_0:000eb8|NODE_24938_length_4645_cov_72.520797:758-1328     -            191 1626636at2759        -            128   7.2e-33  107.8  22.7   1   1   3.1e-31   3.2e-31  102.5  21.9     1   127     1   160     1   161 0.74 -
1626636at2759_7962_0:00a243|NODE_24938_length_4645_cov_72.520797:758-1328     -            191 1626636at2759        -            128   7.2e-33  107.8  22.7   1   1   3.1e-31   3.2e-31  102.5  21.9     1   127     1   160     1   161 0.74 -
1626636at2759_8019_0:006654|NODE_24938_length_4645_cov_72.520797:758-1328     -            191 1626636at2759        -            128   7.2e-33  107.8  22.7   1   1   3.1e-31   3.2e-31  102.5  21.9     1   127     1   160     1   161 0.74 -
1626636at2759_8036_0:004e40|NODE_24938_length_4645_cov_72.520797:758-1328     -            191 1626636at2759        -            128   7.2e-33  107.8  22.7   1   1   3.1e-31   3.2e-31  102.5  21.9     1   127     1   160     1   161 0.74 -
1626636at2759_8090_0:003289|NODE_24938_length_4645_cov_72.520797:758-1328     -            191 1626636at2759        -            128   7.2e-33  107.8  22.7   1   1   3.1e-31   3.2e-31  102.5  21.9     1   127     1   160     1   161 0.74 -
1626636at2759_8839_0:000531|NODE_24938_length_4645_cov_72.520797:758-1328     -            191 1626636at2759        -            128   7.2e-33  107.8  22.7   1   1   3.1e-31   3.2e-31  102.5  21.9     1   127     1   160     1   161 0.74 -
1626636at2759_8954_0:002523|NODE_24938_length_4645_cov_72.520797:758-1328     -            191 1626636at2759        -            128   7.2e-33  107.8  22.7   1   1   3.1e-31   3.2e-31  102.5  21.9     1   127     1   160     1   161 0.74 -
1626636at2759_9238_0:002ab6|NODE_24938_length_4645_cov_72.520797:758-1328     -            191 1626636at2759        -            128   7.2e-33  107.8  22.7   1   1   3.1e-31   3.2e-31  102.5  21.9     1   127     1   160     1   161 0.74 -
1626636at2759_988480_1:0017d8|NODE_24938_length_4645_cov_72.520797:758-1328   -            191 1626636at2759        -            128   7.2e-33  107.8  22.7   1   1   3.1e-31   3.2e-31  102.5  21.9     1   127     1   160     1   161 0.74 -
1626636at2759_113334_0:001254|NODE_24938_length_4645_cov_72.520797:764-1334   -            191 1626636at2759        -            128   7.2e-33  107.8  22.7   1   1   3.1e-31   3.2e-31  102.5  21.9     1   127     3   162     3   163 0.74 -
1626636at2759_48709_0:00355f|NODE_24938_length_4645_cov_72.520797:770-1334    -            189 1626636at2759        -            128   7.5e-33  107.8  22.8   1   1   3.4e-31   3.4e-31  102.4  22.0     1   127     3   162     3   163 0.74 -
1626636at2759_10020_0:002317|NODE_24938_length_4645_cov_72.520797:752-1328    -            192 1626636at2759        -            128   7.7e-33  107.7  22.8   1   1   3.4e-31   3.4e-31  102.4  22.0     1   127     1   160     1   161 0.74 -
1626636at2759_10181_0:000ecf|NODE_24938_length_4645_cov_72.520797:752-1328    -            192 1626636at2759        -            128   7.7e-33  107.7  22.8   1   1   3.4e-31   3.4e-31  102.4  22.0     1   127     1   160     1   161 0.74 -
1626636at2759_108931_0:002c70|NODE_24938_length_4645_cov_72.520797:755-1328   -            192 1626636at2759        -            128   7.7e-33  107.7  22.8   1   1   3.4e-31   3.4e-31  102.4  22.0     1   127     1   160     1   161 0.74 -
1626636at2759_1263082_1:001576|NODE_24938_length_4645_cov_72.520797:755-1328  -            192 1626636at2759        -            128   7.7e-33  107.7  22.8   1   1   3.4e-31   3.4e-31  102.4  22.0     1   127     1   160     1   161 0.74 -
1626636at2759_197043_0:0052e5|NODE_24938_length_4645_cov_72.520797:755-1328   -            192 1626636at2759        -            128   7.7e-33  107.7  22.8   1   1   3.4e-31   3.4e-31  102.4  22.0     1   127     1   160     1   161 0.74 -
1626636at2759_225400_0:003738|NODE_24938_length_4645_cov_72.520797:752-1328   -            192 1626636at2759        -            128   7.7e-33  107.7  22.8   1   1   3.4e-31   3.4e-31  102.4  22.0     1   127     1   160     1   161 0.74 -
1626636at2759_2880_1:002c10|NODE_24938_length_4645_cov_72.520797:755-1328     -            192 1626636at2759        -            128   7.7e-33  107.7  22.8   1   1   3.4e-31   3.4e-31  102.4  22.0     1   127     1   160     1   161 0.74 -
1626636at2759_294128_0:00329b|NODE_24938_length_4645_cov_72.520797:755-1328   -            192 1626636at2759        -            128   7.7e-33  107.7  22.8   1   1   3.4e-31   3.4e-31  102.4  22.0     1   127     1   160     1   161 0.74 -
1626636at2759_30538_0:0018f6|NODE_24938_length_4645_cov_72.520797:752-1328    -            192 1626636at2759        -            128   7.7e-33  107.7  22.8   1   1   3.4e-31   3.4e-31  102.4  22.0     1   127     1   160     1   161 0.74 -
1626636at2759_34882_0:00082d|NODE_24938_length_4645_cov_72.520797:752-1328    -            192 1626636at2759        -            128   7.7e-33  107.7  22.8   1   1   3.4e-31   3.4e-31  102.4  22.0     1   127     1   160     1   161 0.74 -
1626636at2759_37001_0:0002f4|NODE_24938_length_4645_cov_72.520797:752-1328    -            192 1626636at2759        -            128   7.7e-33  107.7  22.8   1   1   3.4e-31   3.4e-31  102.4  22.0     1   127     1   160     1   161 0.74 -
1626636at2759_4829_1:0018f2|NODE_24938_length_4645_cov_72.520797:755-1328     -            192 1626636at2759        -            128   7.7e-33  107.7  22.8   1   1   3.4e-31   3.4e-31  102.4  22.0     1   127     1   160     1   161 0.74 -
1626636at2759_52283_0:001973|NODE_24938_length_4645_cov_72.520797:755-1328    -            192 1626636at2759        -            128   7.7e-33  107.7  22.8   1   1   3.4e-31   3.4e-31  102.4  22.0     1   127     1   160     1   161 0.74 -
1626636at2759_56086_0:001f78|NODE_24938_length_4645_cov_72.520797:755-1328    -            192 1626636at2759        -            128   7.7e-33  107.7  22.8   1   1   3.4e-31   3.4e-31  102.4  22.0     1   127     1   160     1   161 0.74 -
1626636at2759_6500_0:000d3e|NODE_24938_length_4645_cov_72.520797:755-1328     -            192 1626636at2759        -            128   7.7e-33  107.7  22.8   1   1   3.4e-31   3.4e-31  102.4  22.0     1   127     1   160     1   161 0.74 -
1626636at2759_6573_0:000b88|NODE_24938_length_4645_cov_72.520797:752-1328     -            192 1626636at2759        -            128   7.7e-33  107.7  22.8   1   1   3.4e-31   3.4e-31  102.4  22.0     1   127     1   160     1   161 0.74 -
1626636at2759_688394_1:002b12|NODE_24938_length_4645_cov_72.520797:755-1328   -            192 1626636at2759        -            128   7.7e-33  107.7  22.8   1   1   3.4e-31   3.4e-31  102.4  22.0     1   127     1   160     1   161 0.74 -
1626636at2759_73337_0:0006ee|NODE_24938_length_4645_cov_72.520797:752-1328    -            192 1626636at2759        -            128   7.7e-33  107.7  22.8   1   1   3.4e-31   3.4e-31  102.4  22.0     1   127     1   160     1   161 0.74 -
1626636at2759_7668_0:001c56|NODE_24938_length_4645_cov_72.520797:752-1328     -            192 1626636at2759        -            128   7.7e-33  107.7  22.8   1   1   3.4e-31   3.4e-31  102.4  22.0     1   127     1   160     1   161 0.74 -
1626636at2759_7719_0:003170|NODE_24938_length_4645_cov_72.520797:755-1328     -            192 1626636at2759        -            128   7.7e-33  107.7  22.8   1   1   3.4e-31   3.4e-31  102.4  22.0     1   127     1   160     1   161 0.74 -
1626636at2759_7868_0:0025b9|NODE_24938_length_4645_cov_72.520797:752-1328     -            192 1626636at2759        -            128   7.7e-33  107.7  22.8   1   1   3.4e-31   3.4e-31  102.4  22.0     1   127     1   160     1   161 0.74 -
1626636at2759_79684_0:0024af|NODE_24938_length_4645_cov_72.520797:752-1328    -            192 1626636at2759        -            128   7.7e-33  107.7  22.8   1   1   3.4e-31   3.4e-31  102.4  22.0     1   127     1   160     1   161 0.74 -
1626636at2759_9555_0:001a16|NODE_24938_length_4645_cov_72.520797:752-1328     -            192 1626636at2759        -            128   7.7e-33  107.7  22.8   1   1   3.4e-31   3.4e-31  102.4  22.0     1   127     1   160     1   161 0.74 -
1626636at2759_9615_0:0007c4|NODE_24938_length_4645_cov_72.520797:752-1328     -            192 1626636at2759        -            128   7.7e-33  107.7  22.8   1   1   3.4e-31   3.4e-31  102.4  22.0     1   127     1   160     1   161 0.74 -
1626636at2759_9796_0:003244|NODE_24938_length_4645_cov_72.520797:752-1328     -            192 1626636at2759        -            128   7.7e-33  107.7  22.8   1   1   3.4e-31   3.4e-31  102.4  22.0     1   127     1   160     1   161 0.74 -
1626636at2759_37653_0:0004f4|NODE_24938_length_4645_cov_72.520797:758-1331    -            192 1626636at2759        -            128   7.7e-33  107.7  22.8   1   1   3.4e-31   3.4e-31  102.4  22.0     1   127     2   161     2   162 0.74 -
1626636at2759_6210_0:001d55|NODE_24938_length_4645_cov_72.520797:758-1331     -            192 1626636at2759        -            128   7.7e-33  107.7  22.8   1   1   3.4e-31   3.4e-31  102.4  22.0     1   127     2   161     2   162 0.74 -
1626636at2759_79782_0:001c3a|NODE_24938_length_4645_cov_72.520797:758-1331    -            192 1626636at2759        -            128   7.7e-33  107.7  22.8   1   1   3.4e-31   3.4e-31  102.4  22.0     1   127     2   161     2   162 0.74 -
1626636at2759_8355_0:002a93|NODE_24938_length_4645_cov_72.520797:758-1331     -            192 1626636at2759        -            128   7.7e-33  107.7  22.8   1   1   3.4e-31   3.4e-31  102.4  22.0     1   127     2   161     2   162 0.74 -
1626636at2759_52612_0:000a0e|NODE_24938_length_4645_cov_72.520797:761-1334    -            192 1626636at2759        -            128   7.7e-33  107.7  22.8   1   1   3.4e-31   3.4e-31  102.4  22.0     1   127     3   162     3   163 0.74 -
1626636at2759_13249_0:001e64|NODE_24938_length_4645_cov_72.520797:752-1331    -            193 1626636at2759        -            128   8.5e-33  107.6  22.9   1   1   3.7e-31   3.8e-31  102.3  22.1     1   127     2   161     2   162 0.74 -
1626636at2759_286706_0:001115|NODE_24938_length_4645_cov_72.520797:755-1331   -            193 1626636at2759        -            128   8.5e-33  107.6  22.9   1   1   3.7e-31   3.8e-31  102.3  22.1     1   127     2   161     2   162 0.74 -
1626636at2759_10224_0:00320a|NODE_24938_length_4645_cov_72.520797:758-1334    -            193 1626636at2759        -            128   8.5e-33  107.6  22.9   1   1   3.7e-31   3.8e-31  102.3  22.1     1   127     3   162     3   163 0.74 -
1626636at2759_103372_0:001553|NODE_24938_length_4645_cov_72.520797:758-1334   -            193 1626636at2759        -            128   8.5e-33  107.6  22.9   1   1   3.7e-31   3.8e-31  102.3  22.1     1   127     3   162     3   163 0.74 -
1626636at2759_104452_0:000533|NODE_24938_length_4645_cov_72.520797:758-1334   -            193 1626636at2759        -            128   8.5e-33  107.6  22.9   1   1   3.7e-31   3.8e-31  102.3  22.1     1   127     3   162     3   163 0.74 -
1626636at2759_110193_0:0010a3|NODE_24938_length_4645_cov_72.520797:758-1334   -            193 1626636at2759        -            128   8.5e-33  107.6  22.9   1   1   3.7e-31   3.8e-31  102.3  22.1     1   127     3   162     3   163 0.74 -
1626636at2759_114398_0:002cd6|NODE_24938_length_4645_cov_72.520797:758-1334   -            193 1626636at2759        -            128   8.5e-33  107.6  22.9   1   1   3.7e-31   3.8e-31  102.3  22.1     1   127     3   162     3   163 0.74 -
1626636at2759_123851_0:0015aa|NODE_24938_length_4645_cov_72.520797:758-1334   -            193 1626636at2759        -            128   8.5e-33  107.6  22.9   1   1   3.7e-31   3.8e-31  102.3  22.1     1   127     3   162     3   163 0.74 -
1626636at2759_13037_0:001ce4|NODE_24938_length_4645_cov_72.520797:758-1334    -            193 1626636at2759        -            128   8.5e-33  107.6  22.9   1   1   3.7e-31   3.8e-31  102.3  22.1     1   127     3   162     3   163 0.74 -
1626636at2759_13164_0:0022e5|NODE_24938_length_4645_cov_72.520797:758-1334    -            193 1626636at2759        -            128   8.5e-33  107.6  22.9   1   1   3.7e-31   3.8e-31  102.3  22.1     1   127     3   162     3   163 0.74 -
1626636at2759_156304_0:0008c5|NODE_24938_length_4645_cov_72.520797:758-1334   -            193 1626636at2759        -            128   8.5e-33  107.6  22.9   1   1   3.7e-31   3.8e-31  102.3  22.1     1   127     3   162     3   163 0.74 -
1626636at2759_211228_0:001e15|NODE_24938_length_4645_cov_72.520797:758-1334   -            193 1626636at2759        -            128   8.5e-33  107.6  22.9   1   1   3.7e-31   3.8e-31  102.3  22.1     1   127     3   162     3   163 0.74 -
1626636at2759_218467_0:0006db|NODE_24938_length_4645_cov_72.520797:758-1334   -            193 1626636at2759        -            128   8.5e-33  107.6  22.9   1   1   3.7e-31   3.8e-31  102.3  22.1     1   127     3   162     3   163 0.74 -
1626636at2759_219809_0:000709|NODE_24938_length_4645_cov_72.520797:758-1334   -            193 1626636at2759        -            128   8.5e-33  107.6  22.9   1   1   3.7e-31   3.8e-31  102.3  22.1     1   127     3   162     3   163 0.74 -
1626636at2759_222816_0:001e70|NODE_24938_length_4645_cov_72.520797:758-1334   -            193 1626636at2759        -            128   8.5e-33  107.6  22.9   1   1   3.7e-31   3.8e-31  102.3  22.1     1   127     3   162     3   163 0.74 -
1626636at2759_225164_0:002e63|NODE_24938_length_4645_cov_72.520797:758-1334   -            193 1626636at2759        -            128   8.5e-33  107.6  22.9   1   1   3.7e-31   3.8e-31  102.3  22.1     1   127     3   162     3   163 0.74 -
1626636at2759_246812_0:001c12|NODE_24938_length_4645_cov_72.520797:758-1334   -            193 1626636at2759        -            128   8.5e-33  107.6  22.9   1   1   3.7e-31   3.8e-31  102.3  22.1     1   127     3   162     3   163 0.74 -
1626636at2759_29058_0:000672|NODE_24938_length_4645_cov_72.520797:758-1334    -            193 1626636at2759        -            128   8.5e-33  107.6  22.9   1   1   3.7e-31   3.8e-31  102.3  22.1     1   127     3   162     3   163 0.74 -
1626636at2759_315563_0:000e9b|NODE_24938_length_4645_cov_72.520797:758-1334   -            193 1626636at2759        -            128   8.5e-33  107.6  22.9   1   1   3.7e-31   3.8e-31  102.3  22.1     1   127     3   162     3   163 0.74 -
1626636at2759_319348_0:001ce7|NODE_24938_length_4645_cov_72.520797:758-1334   -            193 1626636at2759        -            128   8.5e-33  107.6  22.9   1   1   3.7e-31   3.8e-31  102.3  22.1     1   127     3   162     3   163 0.74 -
1626636at2759_35525_0:00218d|NODE_24938_length_4645_cov_72.520797:758-1334    -            193 1626636at2759        -            128   8.5e-33  107.6  22.9   1   1   3.7e-31   3.8e-31  102.3  22.1     1   127     3   162     3   163 0.74 -
1626636at2759_39758_0:0020d9|NODE_24938_length_4645_cov_72.520797:758-1334    -            193 1626636at2759        -            128   8.5e-33  107.6  22.9   1   1   3.7e-31   3.8e-31  102.3  22.1     1   127     3   162     3   163 0.74 -
1626636at2759_40932_0:0045b7|NODE_24938_length_4645_cov_72.520797:758-1334    -            193 1626636at2759        -            128   8.5e-33  107.6  22.9   1   1   3.7e-31   3.8e-31  102.3  22.1     1   127     3   162     3   163 0.74 -
1626636at2759_438503_0:001f7d|NODE_24938_length_4645_cov_72.520797:758-1334   -            193 1626636at2759        -            128   8.5e-33  107.6  22.9   1   1   3.7e-31   3.8e-31  102.3  22.1     1   127     3   162     3   163 0.74 -
1626636at2759_441921_0:0015ce|NODE_24938_length_4645_cov_72.520797:758-1334   -            193 1626636at2759        -            128   8.5e-33  107.6  22.9   1   1   3.7e-31   3.8e-31  102.3  22.1     1   127     3   162     3   163 0.74 -
1626636at2759_45779_0:0012e5|NODE_24938_length_4645_cov_72.520797:758-1334    -            193 1626636at2759        -            128   8.5e-33  107.6  22.9   1   1   3.7e-31   3.8e-31  102.3  22.1     1   127     3   162     3   163 0.74 -
1626636at2759_54969_0:004109|NODE_24938_length_4645_cov_72.520797:758-1334    -            193 1626636at2759        -            128   8.5e-33  107.6  22.9   1   1   3.7e-31   3.8e-31  102.3  22.1     1   127     3   162     3   163 0.74 -
1626636at2759_609295_0:000243|NODE_24938_length_4645_cov_72.520797:758-1334   -            193 1626636at2759        -            128   8.5e-33  107.6  22.9   1   1   3.7e-31   3.8e-31  102.3  22.1     1   127     3   162     3   163 0.74 -
1626636at2759_64459_0:002089|NODE_24938_length_4645_cov_72.520797:758-1334    -            193 1626636at2759        -            128   8.5e-33  107.6  22.9   1   1   3.7e-31   3.8e-31  102.3  22.1     1   127     3   162     3   163 0.74 -
1626636at2759_66420_0:0031f9|NODE_24938_length_4645_cov_72.520797:758-1334    -            193 1626636at2759        -            128   8.5e-33  107.6  22.9   1   1   3.7e-31   3.8e-31  102.3  22.1     1   127     3   162     3   163 0.74 -
1626636at2759_6669_0:005639|NODE_24938_length_4645_cov_72.520797:758-1334     -            193 1626636at2759        -            128   8.5e-33  107.6  22.9   1   1   3.7e-31   3.8e-31  102.3  22.1     1   127     3   162     3   163 0.74 -
1626636at2759_680683_0:0002e4|NODE_24938_length_4645_cov_72.520797:758-1334   -            193 1626636at2759        -            128   8.5e-33  107.6  22.9   1   1   3.7e-31   3.8e-31  102.3  22.1     1   127     3   162     3   163 0.74 -
1626636at2759_6850_0:004ace|NODE_24938_length_4645_cov_72.520797:758-1334     -            193 1626636at2759        -            128   8.5e-33  107.6  22.9   1   1   3.7e-31   3.8e-31  102.3  22.1     1   127     3   162     3   163 0.74 -
1626636at2759_6945_0:002feb|NODE_24938_length_4645_cov_72.520797:758-1334     -            193 1626636at2759        -            128   8.5e-33  107.6  22.9   1   1   3.7e-31   3.8e-31  102.3  22.1     1   127     3   162     3   163 0.74 -
1626636at2759_7091_0:002ae9|NODE_24938_length_4645_cov_72.520797:758-1334     -            193 1626636at2759        -            128   8.5e-33  107.6  22.9   1   1   3.7e-31   3.8e-31  102.3  22.1     1   127     3   162     3   163 0.74 -
1626636at2759_7130_0:00113c|NODE_24938_length_4645_cov_72.520797:758-1334     -            193 1626636at2759        -            128   8.5e-33  107.6  22.9   1   1   3.7e-31   3.8e-31  102.3  22.1     1   127     3   162     3   163 0.74 -
1626636at2759_7176_0:001cf5|NODE_24938_length_4645_cov_72.520797:758-1334     -            193 1626636at2759        -            128   8.5e-33  107.6  22.9   1   1   3.7e-31   3.8e-31  102.3  22.1     1   127     3   162     3   163 0.74 -
1626636at2759_7200_0:001a80|NODE_24938_length_4645_cov_72.520797:758-1334     -            193 1626636at2759        -            128   8.5e-33  107.6  22.9   1   1   3.7e-31   3.8e-31  102.3  22.1     1   127     3   162     3   163 0.74 -
1626636at2759_7539_0:000f44|NODE_24938_length_4645_cov_72.520797:758-1334     -            193 1626636at2759        -            128   8.5e-33  107.6  22.9   1   1   3.7e-31   3.8e-31  102.3  22.1     1   127     3   162     3   163 0.74 -
1626636at2759_7574_0:0018f9|NODE_24938_length_4645_cov_72.520797:758-1334     -            193 1626636at2759        -            128   8.5e-33  107.6  22.9   1   1   3.7e-31   3.8e-31  102.3  22.1     1   127     3   162     3   163 0.74 -
1626636at2759_76194_0:001ea5|NODE_24938_length_4645_cov_72.520797:758-1334    -            193 1626636at2759        -            128   8.5e-33  107.6  22.9   1   1   3.7e-31   3.8e-31  102.3  22.1     1   127     3   162     3   163 0.74 -
1626636at2759_7741_0:0023de|NODE_24938_length_4645_cov_72.520797:758-1334     -            193 1626636at2759        -            128   8.5e-33  107.6  22.9   1   1   3.7e-31   3.8e-31  102.3  22.1     1   127     3   162     3   163 0.74 -
1626636at2759_88015_0:005007|NODE_24938_length_4645_cov_72.520797:758-1334    -            193 1626636at2759        -            128   8.5e-33  107.6  22.9   1   1   3.7e-31   3.8e-31  102.3  22.1     1   127     3   162     3   163 0.74 -
1626636at2759_91411_0:00230c|NODE_24938_length_4645_cov_72.520797:758-1334    -            193 1626636at2759        -            128   8.5e-33  107.6  22.9   1   1   3.7e-31   3.8e-31  102.3  22.1     1   127     3   162     3   163 0.74 -
1626636at2759_104688_0:002a54|NODE_24938_length_4645_cov_72.520797:752-1334   -            194 1626636at2759        -            128   8.6e-33  107.6  22.8   1   1   3.7e-31   3.8e-31  102.2  22.1     1   127     3   162     3   163 0.74 -
1626636at2759_116153_0:002748|NODE_24938_length_4645_cov_72.520797:755-1334   -            194 1626636at2759        -            128   8.6e-33  107.6  22.8   1   1   3.7e-31   3.8e-31  102.2  22.1     1   127     3   162     3   163 0.74 -
1626636at2759_133434_0:001020|NODE_24938_length_4645_cov_72.520797:755-1334   -            194 1626636at2759        -            128   8.6e-33  107.6  22.8   1   1   3.7e-31   3.8e-31  102.2  22.1     1   127     3   162     3   163 0.74 -
1626636at2759_166361_0:002f35|NODE_24938_length_4645_cov_72.520797:755-1334   -            194 1626636at2759        -            128   8.6e-33  107.6  22.8   1   1   3.7e-31   3.8e-31  102.2  22.1     1   127     3   162     3   163 0.74 -
1626636at2759_217634_0:002b51|NODE_24938_length_4645_cov_72.520797:755-1334   -            194 1626636at2759        -            128   8.6e-33  107.6  22.8   1   1   3.7e-31   3.8e-31  102.2  22.1     1   127     3   162     3   163 0.74 -
1626636at2759_224129_0:000e97|NODE_24938_length_4645_cov_72.520797:755-1334   -            194 1626636at2759        -            128   8.6e-33  107.6  22.8   1   1   3.7e-31   3.8e-31  102.2  22.1     1   127     3   162     3   163 0.74 -
1626636at2759_29053_0:001ebd|NODE_24938_length_4645_cov_72.520797:755-1334    -            194 1626636at2759        -            128   8.6e-33  107.6  22.8   1   1   3.7e-31   3.8e-31  102.2  22.1     1   127     3   162     3   163 0.74 -
1626636at2759_30019_0:001c8e|NODE_24938_length_4645_cov_72.520797:752-1334    -            194 1626636at2759        -            128   8.6e-33  107.6  22.8   1   1   3.7e-31   3.8e-31  102.2  22.1     1   127     3   162     3   163 0.74 -
1626636at2759_326594_0:001ed1|NODE_24938_length_4645_cov_72.520797:755-1334   -            194 1626636at2759        -            128   8.6e-33  107.6  22.8   1   1   3.7e-31   3.8e-31  102.2  22.1     1   127     3   162     3   163 0.74 -
1626636at2759_35570_0:000289|NODE_24938_length_4645_cov_72.520797:752-1334    -            194 1626636at2759        -            128   8.6e-33  107.6  22.8   1   1   3.7e-31   3.8e-31  102.2  22.1     1   127     3   162     3   163 0.74 -
1626636at2759_378494_0:001a42|NODE_24938_length_4645_cov_72.520797:755-1334   -            194 1626636at2759        -            128   8.6e-33  107.6  22.8   1   1   3.7e-31   3.8e-31  102.2  22.1     1   127     3   162     3   163 0.74 -
1626636at2759_6412_0:003858|NODE_24938_length_4645_cov_72.520797:755-1334     -            194 1626636at2759        -            128   8.6e-33  107.6  22.8   1   1   3.7e-31   3.8e-31  102.2  22.1     1   127     3   162     3   163 0.74 -
1626636at2759_64838_0:000089|NODE_24938_length_4645_cov_72.520797:755-1334    -            194 1626636at2759        -            128   8.6e-33  107.6  22.8   1   1   3.7e-31   3.8e-31  102.2  22.1     1   127     3   162     3   163 0.74 -
1626636at2759_69319_0:001a83|NODE_24938_length_4645_cov_72.520797:755-1334    -            194 1626636at2759        -            128   8.6e-33  107.6  22.8   1   1   3.7e-31   3.8e-31  102.2  22.1     1   127     3   162     3   163 0.74 -
1626636at2759_7070_0:002bbd|NODE_24938_length_4645_cov_72.520797:755-1334     -            194 1626636at2759        -            128   8.6e-33  107.6  22.8   1   1   3.7e-31   3.8e-31  102.2  22.1     1   127     3   162     3   163 0.74 -
1626636at2759_7159_0:001580|NODE_24938_length_4645_cov_72.520797:755-1334     -            194 1626636at2759        -            128   8.6e-33  107.6  22.8   1   1   3.7e-31   3.8e-31  102.2  22.1     1   127     3   162     3   163 0.74 -
1626636at2759_72036_0:002d71|NODE_24938_length_4645_cov_72.520797:755-1334    -            194 1626636at2759        -            128   8.6e-33  107.6  22.8   1   1   3.7e-31   3.8e-31  102.2  22.1     1   127     3   162     3   163 0.74 -
1626636at2759_7213_0:001999|NODE_24938_length_4645_cov_72.520797:752-1334     -            194 1626636at2759        -            128   8.6e-33  107.6  22.8   1   1   3.7e-31   3.8e-31  102.2  22.1     1   127     3   162     3   163 0.74 -
1626636at2759_7222_0:0013ae|NODE_24938_length_4645_cov_72.520797:752-1334     -            194 1626636at2759        -            128   8.6e-33  107.6  22.8   1   1   3.7e-31   3.8e-31  102.2  22.1     1   127     3   162     3   163 0.74 -
1626636at2759_7224_0:001b25|NODE_24938_length_4645_cov_72.520797:752-1334     -            194 1626636at2759        -            128   8.6e-33  107.6  22.8   1   1   3.7e-31   3.8e-31  102.2  22.1     1   127     3   162     3   163 0.74 -
1626636at2759_7237_0:003898|NODE_24938_length_4645_cov_72.520797:752-1334     -            194 1626636at2759        -            128   8.6e-33  107.6  22.8   1   1   3.7e-31   3.8e-31  102.2  22.1     1   127     3   162     3   163 0.74 -
1626636at2759_7260_0:00316d|NODE_24938_length_4645_cov_72.520797:752-1334     -            194 1626636at2759        -            128   8.6e-33  107.6  22.8   1   1   3.7e-31   3.8e-31  102.2  22.1     1   127     3   162     3   163 0.74 -
1626636at2759_7274_0:002158|NODE_24938_length_4645_cov_72.520797:752-1334     -            194 1626636at2759        -            128   8.6e-33  107.6  22.8   1   1   3.7e-31   3.8e-31  102.2  22.1     1   127     3   162     3   163 0.74 -
1626636at2759_7370_0:000cf1|NODE_24938_length_4645_cov_72.520797:752-1334     -            194 1626636at2759        -            128   8.6e-33  107.6  22.8   1   1   3.7e-31   3.8e-31  102.2  22.1     1   127     3   162     3   163 0.74 -
1626636at2759_7375_0:003276|NODE_24938_length_4645_cov_72.520797:752-1334     -            194 1626636at2759        -            128   8.6e-33  107.6  22.8   1   1   3.7e-31   3.8e-31  102.2  22.1     1   127     3   162     3   163 0.74 -
1626636at2759_7425_0:0007a7|NODE_24938_length_4645_cov_72.520797:755-1334     -            194 1626636at2759        -            128   8.6e-33  107.6  22.8   1   1   3.7e-31   3.8e-31  102.2  22.1     1   127     3   162     3   163 0.74 -
1626636at2759_7493_0:000a32|NODE_24938_length_4645_cov_72.520797:755-1334     -            194 1626636at2759        -            128   8.6e-33  107.6  22.8   1   1   3.7e-31   3.8e-31  102.2  22.1     1   127     3   162     3   163 0.74 -
1626636at2759_126957_0:003182|NODE_24938_length_4645_cov_72.520797:758-1337   -            194 1626636at2759        -            128   8.7e-33  107.6  22.8   1   1   3.7e-31   3.8e-31  102.2  22.1     1   127     4   163     4   164 0.74 -
1626636at2759_28743_0:002707|NODE_24938_length_4645_cov_72.520797:758-1337    -            194 1626636at2759        -            128   8.7e-33  107.6  22.8   1   1   3.7e-31   3.8e-31  102.2  22.1     1   127     4   163     4   164 0.74 -
1626636at2759_29159_0:006cf3|NODE_24938_length_4645_cov_72.520797:758-1337    -            194 1626636at2759        -            128   8.7e-33  107.6  22.8   1   1   3.7e-31   3.8e-31  102.2  22.1     1   127     4   163     4   164 0.74 -
1626636at2759_34638_0:0028ad|NODE_24938_length_4645_cov_72.520797:758-1337    -            194 1626636at2759        -            128   8.7e-33  107.6  22.8   1   1   3.7e-31   3.8e-31  102.2  22.1     1   127     4   163     4   164 0.74 -
1626636at2759_438502_0:0054f6|NODE_24938_length_4645_cov_72.520797:758-1337   -            194 1626636at2759        -            128   8.7e-33  107.6  22.8   1   1   3.7e-31   3.8e-31  102.2  22.1     1   127     4   163     4   164 0.74 -
1626636at2759_554065_0:0024e7|NODE_24938_length_4645_cov_72.520797:758-1337   -            194 1626636at2759        -            128   8.7e-33  107.6  22.8   1   1   3.7e-31   3.8e-31  102.2  22.1     1   127     4   163     4   164 0.74 -
1626636at2759_6198_0:00137f|NODE_24938_length_4645_cov_72.520797:758-1337     -            194 1626636at2759        -            128   8.7e-33  107.6  22.8   1   1   3.7e-31   3.8e-31  102.2  22.1     1   127     4   163     4   164 0.74 -
1626636at2759_62625_0:000693|NODE_24938_length_4645_cov_72.520797:758-1337    -            194 1626636at2759        -            128   8.7e-33  107.6  22.8   1   1   3.7e-31   3.8e-31  102.2  22.1     1   127     4   163     4   164 0.74 -
1626636at2759_6334_0:00000b|NODE_24938_length_4645_cov_72.520797:758-1337     -            194 1626636at2759        -            128   8.7e-33  107.6  22.8   1   1   3.7e-31   3.8e-31  102.2  22.1     1   127     4   163     4   164 0.74 -
1626636at2759_7950_0:002216|NODE_24938_length_4645_cov_72.520797:758-1337     -            194 1626636at2759        -            128   8.7e-33  107.6  22.8   1   1   3.7e-31   3.8e-31  102.2  22.1     1   127     4   163     4   164 0.74 -
1626636at2759_8255_0:0055fd|NODE_24938_length_4645_cov_72.520797:758-1337     -            194 1626636at2759        -            128   8.7e-33  107.6  22.8   1   1   3.7e-31   3.8e-31  102.2  22.1     1   127     4   163     4   164 0.74 -
1626636at2759_13333_0:00101f|NODE_24938_length_4645_cov_72.520797:755-1325    -            191 1626636at2759        -            128   1.2e-32  107.1  21.9   1   1     8e-31   8.1e-31  101.2  21.8     2   127     1   159     1   164 0.74 -
1626636at2759_3900_0:000223|NODE_24938_length_4645_cov_72.520797:755-1325     -            191 1626636at2759        -            128   1.2e-32  107.1  21.9   1   1     8e-31   8.1e-31  101.2  21.8     2   127     1   159     1   164 0.74 -
1626636at2759_6832_0:001def|NODE_24938_length_4645_cov_72.520797:755-1325     -            191 1626636at2759        -            128   1.2e-32  107.1  21.9   1   1     8e-31   8.1e-31  101.2  21.8     2   127     1   159     1   164 0.74 -
1626636at2759_101020_0:004a2a|NODE_24938_length_4645_cov_72.520797:758-1325   -            190 1626636at2759        -            128   1.3e-32  107.0  22.0   1   1   8.8e-31   8.9e-31  101.1  21.9     2   127     1   159     1   164 0.74 -
1626636at2759_66656_0:00803f|NODE_24938_length_4645_cov_72.520797:851-1322    -            158 1626636at2759        -            128   1.7e-32  106.6  20.1   1   1   7.5e-31   7.6e-31  101.3  20.1     3   125     1   156     1   158 0.70 -
1626636at2759_192259_0:00138f|NODE_24938_length_4645_cov_72.520797:839-1322   -            162 1626636at2759        -            128   1.7e-32  106.6  21.1   1   1   9.2e-31   9.4e-31  101.0  21.1     3   127     1   158     1   159 0.73 -
1626636at2759_77519_1:001183|NODE_24938_length_4645_cov_72.520797:833-1322    -            164 1626636at2759        -            128   1.7e-32  106.6  21.1   1   1   9.7e-31   9.8e-31  100.9  21.1     3   127     1   158     1   159 0.73 -
1626636at2759_1155016_0:002879|NODE_24938_length_4645_cov_72.520797:758-1262  -            169 1626636at2759        -            128   2.3e-32  106.2  14.9   1   1   2.5e-31   2.6e-31  102.8  15.0    20   127    10   138     2   145 0.79 -
1626636at2759_6185_0:001ccd|NODE_24938_length_4645_cov_72.520797:758-1262     -            169 1626636at2759        -            128   2.3e-32  106.2  14.9   1   1   2.5e-31   2.6e-31  102.8  15.0    20   127    10   138     2   145 0.79 -
1626636at2759_296543_1:0027a7|NODE_24938_length_4645_cov_72.520797:758-1271   -            172 1626636at2759        -            128   2.6e-32  106.0  16.1   1   1   1.6e-31   1.6e-31  103.4  15.4    10   127     3   141     1   142 0.78 -
1626636at2759_637379_1:00302c|NODE_24938_length_4645_cov_72.520797:758-1271   -            172 1626636at2759        -            128   2.6e-32  106.0  16.1   1   1   1.6e-31   1.6e-31  103.4  15.4    10   127     3   141     1   142 0.78 -
1626636at2759_3847_0:00acf8|NODE_24938_length_4645_cov_72.520797:773-1322     -            184 1626636at2759        -            128     3e-32  105.8  21.6   1   1   1.8e-30   1.9e-30  100.0  21.5     3   127     1   158     1   163 0.73 -
1626636at2759_105231_0:001959|NODE_24938_length_4645_cov_72.520797:755-1322   -            190 1626636at2759        -            128   3.4e-32  105.6  21.6   1   1   1.7e-30   1.8e-30  100.1  21.2     3   127     1   158     1   162 0.73 -
1626636at2759_130081_0:001566|NODE_24938_length_4645_cov_72.520797:755-1322   -            190 1626636at2759        -            128   3.4e-32  105.6  21.6   1   1   1.7e-30   1.8e-30  100.1  21.2     3   127     1   158     1   162 0.73 -
1626636at2759_1314790_1:0025ea|NODE_24938_length_4645_cov_72.520797:755-1322  -            190 1626636at2759        -            128   3.4e-32  105.6  21.6   1   1   1.7e-30   1.8e-30  100.1  21.2     3   127     1   158     1   162 0.73 -
1626636at2759_142615_0:001f79|NODE_24938_length_4645_cov_72.520797:755-1322   -            190 1626636at2759        -            128   3.4e-32  105.6  21.6   1   1   1.7e-30   1.8e-30  100.1  21.2     3   127     1   158     1   162 0.73 -
1626636at2759_22663_0:000db7|NODE_24938_length_4645_cov_72.520797:755-1322    -            190 1626636at2759        -            128   3.4e-32  105.6  21.6   1   1   1.7e-30   1.8e-30  100.1  21.2     3   127     1   158     1   162 0.73 -
1626636at2759_28532_0:0064cd|NODE_24938_length_4645_cov_72.520797:755-1322    -            190 1626636at2759        -            128   3.4e-32  105.6  21.6   1   1   1.7e-30   1.8e-30  100.1  21.2     3   127     1   158     1   162 0.73 -
1626636at2759_3711_0:004d24|NODE_24938_length_4645_cov_72.520797:755-1322     -            190 1626636at2759        -            128   3.4e-32  105.6  21.6   1   1   1.7e-30   1.8e-30  100.1  21.2     3   127     1   158     1   162 0.73 -
1626636at2759_3726_0:0057ca|NODE_24938_length_4645_cov_72.520797:755-1322     -            190 1626636at2759        -            128   3.4e-32  105.6  21.6   1   1   1.7e-30   1.8e-30  100.1  21.2     3   127     1   158     1   162 0.73 -
1626636at2759_37682_0:000716|NODE_24938_length_4645_cov_72.520797:755-1322    -            190 1626636at2759        -            128   3.4e-32  105.6  21.6   1   1   1.7e-30   1.8e-30  100.1  21.2     3   127     1   158     1   162 0.73 -
1626636at2759_3827_0:0017a8|NODE_24938_length_4645_cov_72.520797:755-1322     -            190 1626636at2759        -            128   3.4e-32  105.6  21.6   1   1   1.7e-30   1.8e-30  100.1  21.2     3   127     1   158     1   162 0.73 -
1626636at2759_3847_0:001b4a|NODE_24938_length_4645_cov_72.520797:755-1322     -            190 1626636at2759        -            128   3.4e-32  105.6  21.6   1   1   1.7e-30   1.8e-30  100.1  21.2     3   127     1   158     1   162 0.73 -
1626636at2759_400682_0:0027f2|NODE_24938_length_4645_cov_72.520797:755-1322   -            190 1626636at2759        -            128   3.4e-32  105.6  21.6   1   1   1.7e-30   1.8e-30  100.1  21.2     3   127     1   158     1   162 0.73 -
1626636at2759_44056_1:0020ab|NODE_24938_length_4645_cov_72.520797:752-1322    -            190 1626636at2759        -            128   3.4e-32  105.6  21.6   1   1   1.7e-30   1.8e-30  100.1  21.2     3   127     1   158     1   162 0.73 -
1626636at2759_4686_0:0052d0|NODE_24938_length_4645_cov_72.520797:755-1322     -            190 1626636at2759        -            128   3.4e-32  105.6  21.6   1   1   1.7e-30   1.8e-30  100.1  21.2     3   127     1   158     1   162 0.73 -
1626636at2759_556484_1:0024f7|NODE_24938_length_4645_cov_72.520797:752-1322   -            190 1626636at2759        -            128   3.4e-32  105.6  21.6   1   1   1.7e-30   1.8e-30  100.1  21.2     3   127     1   158     1   162 0.73 -
1626636at2759_56857_0:004fda|NODE_24938_length_4645_cov_72.520797:752-1322    -            190 1626636at2759        -            128   3.4e-32  105.6  21.6   1   1   1.7e-30   1.8e-30  100.1  21.2     3   127     1   158     1   162 0.73 -
1626636at2759_72664_0:00182a|NODE_24938_length_4645_cov_72.520797:755-1322    -            190 1626636at2759        -            128   3.4e-32  105.6  21.6   1   1   1.7e-30   1.8e-30  100.1  21.2     3   127     1   158     1   162 0.73 -
1626636at2759_81985_0:001f05|NODE_24938_length_4645_cov_72.520797:755-1322    -            190 1626636at2759        -            128   3.4e-32  105.6  21.6   1   1   1.7e-30   1.8e-30  100.1  21.2     3   127     1   158     1   162 0.73 -
1626636at2759_1157962_0:002197|NODE_24938_length_4645_cov_72.520797:761-1322  -            188 1626636at2759        -            128   3.5e-32  105.6  21.7   1   1   1.8e-30   1.8e-30  100.0  21.3     3   127     1   158     1   162 0.73 -
1626636at2759_1754190_1:0028c1|NODE_24938_length_4645_cov_72.520797:761-1322  -            188 1626636at2759        -            128   3.5e-32  105.6  21.7   1   1   1.8e-30   1.8e-30  100.0  21.3     3   127     1   158     1   162 0.73 -
1626636at2759_1754191_1:001b03|NODE_24938_length_4645_cov_72.520797:761-1322  -            188 1626636at2759        -            128   3.5e-32  105.6  21.7   1   1   1.8e-30   1.8e-30  100.0  21.3     3   127     1   158     1   162 0.73 -
1626636at2759_1754192_1:0025ad|NODE_24938_length_4645_cov_72.520797:761-1322  -            188 1626636at2759        -            128   3.5e-32  105.6  21.7   1   1   1.8e-30   1.8e-30  100.0  21.3     3   127     1   158     1   162 0.73 -
1626636at2759_42345_0:002f46|NODE_24938_length_4645_cov_72.520797:761-1322    -            188 1626636at2759        -            128   3.5e-32  105.6  21.7   1   1   1.8e-30   1.8e-30  100.0  21.3     3   127     1   158     1   162 0.73 -
1626636at2759_574566_0:0007c2|NODE_24938_length_4645_cov_72.520797:761-1322   -            188 1626636at2759        -            128   3.5e-32  105.6  21.7   1   1   1.8e-30   1.8e-30  100.0  21.3     3   127     1   158     1   162 0.73 -
1626636at2759_88036_0:004d16|NODE_24938_length_4645_cov_72.520797:761-1322    -            188 1626636at2759        -            128   3.5e-32  105.6  21.7   1   1   1.8e-30   1.8e-30  100.0  21.3     3   127     1   158     1   162 0.73 -
1626636at2759_1088818_0:0037fd|NODE_24938_length_4645_cov_72.520797:758-1322  -            189 1626636at2759        -            128   3.6e-32  105.6  21.7   1   1   1.8e-30   1.8e-30  100.0  21.3     3   127     1   158     1   162 0.73 -
1626636at2759_130453_0:00172d|NODE_24938_length_4645_cov_72.520797:758-1322   -            189 1626636at2759        -            128   3.6e-32  105.6  21.7   1   1   1.8e-30   1.8e-30  100.0  21.3     3   127     1   158     1   162 0.73 -
1626636at2759_1344416_1:0007d5|NODE_24938_length_4645_cov_72.520797:758-1322  -            189 1626636at2759        -            128   3.6e-32  105.6  21.7   1   1   1.8e-30   1.8e-30  100.0  21.3     3   127     1   158     1   162 0.73 -
1626636at2759_1480154_0:000948|NODE_24938_length_4645_cov_72.520797:758-1322  -            189 1626636at2759        -            128   3.6e-32  105.6  21.7   1   1   1.8e-30   1.8e-30  100.0  21.3     3   127     1   158     1   162 0.73 -
1626636at2759_1519565_1:001fad|NODE_24938_length_4645_cov_72.520797:758-1322  -            189 1626636at2759        -            128   3.6e-32  105.6  21.7   1   1   1.8e-30   1.8e-30  100.0  21.3     3   127     1   158     1   162 0.73 -
1626636at2759_15368_0:00151c|NODE_24938_length_4645_cov_72.520797:758-1322    -            189 1626636at2759        -            128   3.6e-32  105.6  21.7   1   1   1.8e-30   1.8e-30  100.0  21.3     3   127     1   158     1   162 0.73 -
1626636at2759_158383_0:0048ce|NODE_24938_length_4645_cov_72.520797:758-1322   -            189 1626636at2759        -            128   3.6e-32  105.6  21.7   1   1   1.8e-30   1.8e-30  100.0  21.3     3   127     1   158     1   162 0.73 -
1626636at2759_1720309_0:003710|NODE_24938_length_4645_cov_72.520797:758-1322  -            189 1626636at2759        -            128   3.6e-32  105.6  21.7   1   1   1.8e-30   1.8e-30  100.0  21.3     3   127     1   158     1   162 0.73 -
1626636at2759_180498_0:0049b6|NODE_24938_length_4645_cov_72.520797:758-1322   -            189 1626636at2759        -            128   3.6e-32  105.6  21.7   1   1   1.8e-30   1.8e-30  100.0  21.3     3   127     1   158     1   162 0.73 -
1626636at2759_206008_0:003479|NODE_24938_length_4645_cov_72.520797:758-1322   -            189 1626636at2759        -            128   3.6e-32  105.6  21.7   1   1   1.8e-30   1.8e-30  100.0  21.3     3   127     1   158     1   162 0.73 -
1626636at2759_210143_0:002327|NODE_24938_length_4645_cov_72.520797:758-1322   -            189 1626636at2759        -            128   3.6e-32  105.6  21.7   1   1   1.8e-30   1.8e-30  100.0  21.3     3   127     1   158     1   162 0.73 -
1626636at2759_214687_0:006f24|NODE_24938_length_4645_cov_72.520797:758-1322   -            189 1626636at2759        -            128   3.6e-32  105.6  21.7   1   1   1.8e-30   1.8e-30  100.0  21.3     3   127     1   158     1   162 0.73 -
1626636at2759_218851_0:000fc5|NODE_24938_length_4645_cov_72.520797:758-1322   -            189 1626636at2759        -            128   3.6e-32  105.6  21.7   1   1   1.8e-30   1.8e-30  100.0  21.3     3   127     1   158     1   162 0.73 -
1626636at2759_269621_1:00054d|NODE_24938_length_4645_cov_72.520797:758-1322   -            189 1626636at2759        -            128   3.6e-32  105.6  21.7   1   1   1.8e-30   1.8e-30  100.0  21.3     3   127     1   158     1   162 0.73 -
1626636at2759_2711_0:001c25|NODE_24938_length_4645_cov_72.520797:758-1322     -            189 1626636at2759        -            128   3.6e-32  105.6  21.7   1   1   1.8e-30   1.8e-30  100.0  21.3     3   127     1   158     1   162 0.73 -
1626636at2759_29655_0:001b1d|NODE_24938_length_4645_cov_72.520797:758-1322    -            189 1626636at2759        -            128   3.6e-32  105.6  21.7   1   1   1.8e-30   1.8e-30  100.0  21.3     3   127     1   158     1   162 0.73 -
1626636at2759_29729_0:001668|NODE_24938_length_4645_cov_72.520797:758-1322    -            189 1626636at2759        -            128   3.6e-32  105.6  21.7   1   1   1.8e-30   1.8e-30  100.0  21.3     3   127     1   158     1   162 0.73 -
1626636at2759_29760_0:004443|NODE_24938_length_4645_cov_72.520797:758-1322    -            189 1626636at2759        -            128   3.6e-32  105.6  21.7   1   1   1.8e-30   1.8e-30  100.0  21.3     3   127     1   158     1   162 0.73 -
1626636at2759_3076_0:0000a8|NODE_24938_length_4645_cov_72.520797:758-1322     -            189 1626636at2759        -            128   3.6e-32  105.6  21.7   1   1   1.8e-30   1.8e-30  100.0  21.3     3   127     1   158     1   162 0.73 -
1626636at2759_3218_0:00120c|NODE_24938_length_4645_cov_72.520797:758-1322     -            189 1626636at2759        -            128   3.6e-32  105.6  21.7   1   1   1.8e-30   1.8e-30  100.0  21.3     3   127     1   158     1   162 0.73 -
1626636at2759_326968_0:000ee5|NODE_24938_length_4645_cov_72.520797:758-1322   -            189 1626636at2759        -            128   3.6e-32  105.6  21.7   1   1   1.8e-30   1.8e-30  100.0  21.3     3   127     1   158     1   162 0.73 -
1626636at2759_33119_0:0063c7|NODE_24938_length_4645_cov_72.520797:758-1322    -            189 1626636at2759        -            128   3.6e-32  105.6  21.7   1   1   1.8e-30   1.8e-30  100.0  21.3     3   127     1   158     1   162 0.73 -
1626636at2759_3476_0:005d62|NODE_24938_length_4645_cov_72.520797:758-1322     -            189 1626636at2759        -            128   3.6e-32  105.6  21.7   1   1   1.8e-30   1.8e-30  100.0  21.3     3   127     1   158     1   162 0.73 -
1626636at2759_3555_0:001fc7|NODE_24938_length_4645_cov_72.520797:758-1322     -            189 1626636at2759        -            128   3.6e-32  105.6  21.7   1   1   1.8e-30   1.8e-30  100.0  21.3     3   127     1   158     1   162 0.73 -
1626636at2759_3562_0:002b07|NODE_24938_length_4645_cov_72.520797:758-1322     -            189 1626636at2759        -            128   3.6e-32  105.6  21.7   1   1   1.8e-30   1.8e-30  100.0  21.3     3   127     1   158     1   162 0.73 -
1626636at2759_35883_0:005f41|NODE_24938_length_4645_cov_72.520797:758-1322    -            189 1626636at2759        -            128   3.6e-32  105.6  21.7   1   1   1.8e-30   1.8e-30  100.0  21.3     3   127     1   158     1   162 0.73 -
1626636at2759_3641_0:002f36|NODE_24938_length_4645_cov_72.520797:758-1322     -            189 1626636at2759        -            128   3.6e-32  105.6  21.7   1   1   1.8e-30   1.8e-30  100.0  21.3     3   127     1   158     1   162 0.73 -
1626636at2759_3649_0:00261d|NODE_24938_length_4645_cov_72.520797:758-1322     -            189 1626636at2759        -            128   3.6e-32  105.6  21.7   1   1   1.8e-30   1.8e-30  100.0  21.3     3   127     1   158     1   162 0.73 -
1626636at2759_3656_0:000579|NODE_24938_length_4645_cov_72.520797:758-1322     -            189 1626636at2759        -            128   3.6e-32  105.6  21.7   1   1   1.8e-30   1.8e-30  100.0  21.3     3   127     1   158     1   162 0.73 -
1626636at2759_3760_0:00437a|NODE_24938_length_4645_cov_72.520797:758-1322     -            189 1626636at2759        -            128   3.6e-32  105.6  21.7   1   1   1.8e-30   1.8e-30  100.0  21.3     3   127     1   158     1   162 0.73 -
1626636at2759_3775_0:002ace|NODE_24938_length_4645_cov_72.520797:758-1322     -            189 1626636at2759        -            128   3.6e-32  105.6  21.7   1   1   1.8e-30   1.8e-30  100.0  21.3     3   127     1   158     1   162 0.73 -
1626636at2759_3871_0:000abb|NODE_24938_length_4645_cov_72.520797:758-1322     -            189 1626636at2759        -            128   3.6e-32  105.6  21.7   1   1   1.8e-30   1.8e-30  100.0  21.3     3   127     1   158     1   162 0.73 -
1626636at2759_3871_0:005e74|NODE_24938_length_4645_cov_72.520797:758-1322     -            189 1626636at2759        -            128   3.6e-32  105.6  21.7   1   1   1.8e-30   1.8e-30  100.0  21.3     3   127     1   158     1   162 0.73 -
1626636at2759_3914_0:001671|NODE_24938_length_4645_cov_72.520797:758-1322     -            189 1626636at2759        -            128   3.6e-32  105.6  21.7   1   1   1.8e-30   1.8e-30  100.0  21.3     3   127     1   158     1   162 0.73 -
1626636at2759_3988_0:0045ff|NODE_24938_length_4645_cov_72.520797:758-1322     -            189 1626636at2759        -            128   3.6e-32  105.6  21.7   1   1   1.8e-30   1.8e-30  100.0  21.3     3   127     1   158     1   162 0.73 -
1626636at2759_39947_0:001d7c|NODE_24938_length_4645_cov_72.520797:758-1322    -            189 1626636at2759        -            128   3.6e-32  105.6  21.7   1   1   1.8e-30   1.8e-30  100.0  21.3     3   127     1   158     1   162 0.73 -
1626636at2759_4039_0:0011f5|NODE_24938_length_4645_cov_72.520797:758-1322     -            189 1626636at2759        -            128   3.6e-32  105.6  21.7   1   1   1.8e-30   1.8e-30  100.0  21.3     3   127     1   158     1   162 0.73 -
1626636at2759_4072_0:004caa|NODE_24938_length_4645_cov_72.520797:758-1322     -            189 1626636at2759        -            128   3.6e-32  105.6  21.7   1   1   1.8e-30   1.8e-30  100.0  21.3     3   127     1   158     1   162 0.73 -
1626636at2759_4081_0:000699|NODE_24938_length_4645_cov_72.520797:758-1322     -            189 1626636at2759        -            128   3.6e-32  105.6  21.7   1   1   1.8e-30   1.8e-30  100.0  21.3     3   127     1   158     1   162 0.73 -
1626636at2759_4097_0:001ac3|NODE_24938_length_4645_cov_72.520797:758-1322     -            189 1626636at2759        -            128   3.6e-32  105.6  21.7   1   1   1.8e-30   1.8e-30  100.0  21.3     3   127     1   158     1   162 0.73 -
1626636at2759_4097_0:005985|NODE_24938_length_4645_cov_72.520797:758-1322     -            189 1626636at2759        -            128   3.6e-32  105.6  21.7   1   1   1.8e-30   1.8e-30  100.0  21.3     3   127     1   158     1   162 0.73 -
1626636at2759_4097_0:0099e5|NODE_24938_length_4645_cov_72.520797:758-1322     -            189 1626636at2759        -            128   3.6e-32  105.6  21.7   1   1   1.8e-30   1.8e-30  100.0  21.3     3   127     1   158     1   162 0.73 -
1626636at2759_4100_0:001020|NODE_24938_length_4645_cov_72.520797:758-1322     -            189 1626636at2759        -            128   3.6e-32  105.6  21.7   1   1   1.8e-30   1.8e-30  100.0  21.3     3   127     1   158     1   162 0.73 -
1626636at2759_4100_0:007d35|NODE_24938_length_4645_cov_72.520797:758-1322     -            189 1626636at2759        -            128   3.6e-32  105.6  21.7   1   1   1.8e-30   1.8e-30  100.0  21.3     3   127     1   158     1   162 0.73 -
1626636at2759_4155_0:001756|NODE_24938_length_4645_cov_72.520797:758-1322     -            189 1626636at2759        -            128   3.6e-32  105.6  21.7   1   1   1.8e-30   1.8e-30  100.0  21.3     3   127     1   158     1   162 0.73 -
1626636at2759_4182_0:00410a|NODE_24938_length_4645_cov_72.520797:758-1322     -            189 1626636at2759        -            128   3.6e-32  105.6  21.7   1   1   1.8e-30   1.8e-30  100.0  21.3     3   127     1   158     1   162 0.73 -
1626636at2759_4232_0:007b24|NODE_24938_length_4645_cov_72.520797:758-1322     -            189 1626636at2759        -            128   3.6e-32  105.6  21.7   1   1   1.8e-30   1.8e-30  100.0  21.3     3   127     1   158     1   162 0.73 -
1626636at2759_42345_0:002fea|NODE_24938_length_4645_cov_72.520797:758-1322    -            189 1626636at2759        -            128   3.6e-32  105.6  21.7   1   1   1.8e-30   1.8e-30  100.0  21.3     3   127     1   158     1   162 0.73 -
1626636at2759_4236_0:002ad2|NODE_24938_length_4645_cov_72.520797:758-1322     -            189 1626636at2759        -            128   3.6e-32  105.6  21.7   1   1   1.8e-30   1.8e-30  100.0  21.3     3   127     1   158     1   162 0.73 -
1626636at2759_4432_0:002134|NODE_24938_length_4645_cov_72.520797:758-1322     -            189 1626636at2759        -            128   3.6e-32  105.6  21.7   1   1   1.8e-30   1.8e-30  100.0  21.3     3   127     1   158     1   162 0.73 -
1626636at2759_45351_0:004280|NODE_24938_length_4645_cov_72.520797:758-1322    -            189 1626636at2759        -            128   3.6e-32  105.6  21.7   1   1   1.8e-30   1.8e-30  100.0  21.3     3   127     1   158     1   162 0.73 -
1626636at2759_4555_0:00251e|NODE_24938_length_4645_cov_72.520797:758-1322     -            189 1626636at2759        -            128   3.6e-32  105.6  21.7   1   1   1.8e-30   1.8e-30  100.0  21.3     3   127     1   158     1   162 0.73 -
1626636at2759_4615_0:003154|NODE_24938_length_4645_cov_72.520797:758-1322     -            189 1626636at2759        -            128   3.6e-32  105.6  21.7   1   1   1.8e-30   1.8e-30  100.0  21.3     3   127     1   158     1   162 0.73 -
1626636at2759_48498_0:0051c1|NODE_24938_length_4645_cov_72.520797:758-1322    -            189 1626636at2759        -            128   3.6e-32  105.6  21.7   1   1   1.8e-30   1.8e-30  100.0  21.3     3   127     1   158     1   162 0.73 -
1626636at2759_50429_0:002db5|NODE_24938_length_4645_cov_72.520797:758-1322    -            189 1626636at2759        -            128   3.6e-32  105.6  21.7   1   1   1.8e-30   1.8e-30  100.0  21.3     3   127     1   158     1   162 0.73 -
1626636at2759_51240_0:0069f8|NODE_24938_length_4645_cov_72.520797:758-1322    -            189 1626636at2759        -            128   3.6e-32  105.6  21.7   1   1   1.8e-30   1.8e-30  100.0  21.3     3   127     1   158     1   162 0.73 -
1626636at2759_51240_0:0073df|NODE_24938_length_4645_cov_72.520797:758-1322    -            189 1626636at2759        -            128   3.6e-32  105.6  21.7   1   1   1.8e-30   1.8e-30  100.0  21.3     3   127     1   158     1   162 0.73 -
1626636at2759_51953_0:00099c|NODE_24938_length_4645_cov_72.520797:758-1322    -            189 1626636at2759        -            128   3.6e-32  105.6  21.7   1   1   1.8e-30   1.8e-30  100.0  21.3     3   127     1   158     1   162 0.73 -
1626636at2759_58331_0:005978|NODE_24938_length_4645_cov_72.520797:758-1322    -            189 1626636at2759        -            128   3.6e-32  105.6  21.7   1   1   1.8e-30   1.8e-30  100.0  21.3     3   127     1   158     1   162 0.73 -
1626636at2759_58331_0:009e9b|NODE_24938_length_4645_cov_72.520797:758-1322    -            189 1626636at2759        -            128   3.6e-32  105.6  21.7   1   1   1.8e-30   1.8e-30  100.0  21.3     3   127     1   158     1   162 0.73 -
1626636at2759_588596_1:000db7|NODE_24938_length_4645_cov_72.520797:758-1322   -            189 1626636at2759        -            128   3.6e-32  105.6  21.7   1   1   1.8e-30   1.8e-30  100.0  21.3     3   127     1   158     1   162 0.73 -
1626636at2759_595528_0:001b71|NODE_24938_length_4645_cov_72.520797:758-1322   -            189 1626636at2759        -            128   3.6e-32  105.6  21.7   1   1   1.8e-30   1.8e-30  100.0  21.3     3   127     1   158     1   162 0.73 -
1626636at2759_63459_0:00a382|NODE_24938_length_4645_cov_72.520797:758-1322    -            189 1626636at2759        -            128   3.6e-32  105.6  21.7   1   1   1.8e-30   1.8e-30  100.0  21.3     3   127     1   158     1   162 0.73 -
1626636at2759_645134_1:001266|NODE_24938_length_4645_cov_72.520797:758-1322   -            189 1626636at2759        -            128   3.6e-32  105.6  21.7   1   1   1.8e-30   1.8e-30  100.0  21.3     3   127     1   158     1   162 0.73 -
1626636at2759_683840_1:0016db|NODE_24938_length_4645_cov_72.520797:758-1322   -            189 1626636at2759        -            128   3.6e-32  105.6  21.7   1   1   1.8e-30   1.8e-30  100.0  21.3     3   127     1   158     1   162 0.73 -
1626636at2759_70779_0:004f74|NODE_24938_length_4645_cov_72.520797:758-1322    -            189 1626636at2759        -            128   3.6e-32  105.6  21.7   1   1   1.8e-30   1.8e-30  100.0  21.3     3   127     1   158     1   162 0.73 -
1626636at2759_71139_0:005468|NODE_24938_length_4645_cov_72.520797:758-1322    -            189 1626636at2759        -            128   3.6e-32  105.6  21.7   1   1   1.8e-30   1.8e-30  100.0  21.3     3   127     1   158     1   162 0.73 -
1626636at2759_75702_0:0070ca|NODE_24938_length_4645_cov_72.520797:758-1322    -            189 1626636at2759        -            128   3.6e-32  105.6  21.7   1   1   1.8e-30   1.8e-30  100.0  21.3     3   127     1   158     1   162 0.73 -
1626636at2759_763665_1:0005f8|NODE_24938_length_4645_cov_72.520797:758-1322   -            189 1626636at2759        -            128   3.6e-32  105.6  21.7   1   1   1.8e-30   1.8e-30  100.0  21.3     3   127     1   158     1   162 0.73 -
1626636at2759_80379_0:008695|NODE_24938_length_4645_cov_72.520797:758-1322    -            189 1626636at2759        -            128   3.6e-32  105.6  21.7   1   1   1.8e-30   1.8e-30  100.0  21.3     3   127     1   158     1   162 0.73 -
1626636at2759_72520_1:0000c5|NODE_24938_length_4645_cov_72.520797:770-1322    -            185 1626636at2759        -            128   3.7e-32  105.5  21.9   1   1   2.3e-30   2.4e-30   99.7  21.8     3   127     1   158     1   163 0.73 -
1626636at2759_1519565_1:003b17|NODE_24938_length_4645_cov_72.520797:758-1226  -            157 1626636at2759        -            128   4.5e-32  105.2  14.0   1   1   5.4e-31   5.4e-31  101.7  14.0    24   127     2   126     1   133 0.80 -
1626636at2759_1218281_0:002196|NODE_24938_length_4645_cov_72.520797:992-1334  -            115 1626636at2759        -            128   5.2e-32  105.0   7.4   1   1   9.7e-31   9.9e-31  100.9   7.4     1    92     3   115     3   115 0.82 -
1626636at2759_168631_0:001c19|NODE_24938_length_4645_cov_72.520797:992-1334   -            115 1626636at2759        -            128   5.2e-32  105.0   7.4   1   1   9.7e-31   9.9e-31  100.9   7.4     1    92     3   115     3   115 0.82 -
1626636at2759_32264_0:001015|NODE_24938_length_4645_cov_72.520797:755-1226    -            158 1626636at2759        -            128   6.1e-32  104.8  14.4   1   1   6.9e-31     7e-31  101.4  14.4    24   127     2   126     1   132 0.80 -
1626636at2759_981085_0:004abb|NODE_24938_length_4645_cov_72.520797:758-1223   -            156 1626636at2759        -            128   6.2e-32  104.8  13.8   1   2   5.6e-31   5.7e-31  101.7  13.5    25   127     2   125     1   129 0.79 -
1626636at2759_981085_0:004abb|NODE_24938_length_4645_cov_72.520797:758-1223   -            156 1626636at2759        -            128   6.2e-32  104.8  13.8   2   2       9.6       9.8    0.7   7.0   107   128   105   126    99   146 0.59 -
1626636at2759_61853_0:000740|NODE_24938_length_4645_cov_72.520797:752-1223    -            157 1626636at2759        -            128   6.9e-32  104.6  13.9   1   1   6.3e-31   6.4e-31  101.5  13.6    25   127     2   125     1   129 0.79 -
1626636at2759_4100_0:00dbda|NODE_24938_length_4645_cov_72.520797:758-1193     -            146 1626636at2759        -            128     3e-28   92.9  13.8   1   1   2.3e-27   2.3e-27   90.0  13.1    35   127     2   115     1   116 0.75 -
1626636at2759_9531_0:0034ac|NODE_24938_length_4645_cov_72.520797:887-1118     -             78 1626636at2759        -            128   1.7e-27   90.5   2.5   1   1   1.8e-27   1.9e-27   90.3   2.5    50   126     1    76     1    78 0.81 -
1626636at2759_981085_0:00500e|NODE_24938_length_4645_cov_72.520797:761-1157   -            133 1626636at2759        -            128   4.5e-27   89.1  14.4   1   1   2.9e-26     3e-26   86.4  13.7    48   127    12   103     3   106 0.77 -
1626636at2759_4572_0:005b16|NODE_24938_length_4645_cov_72.520797:755-1163     -            137 1626636at2759        -            128   4.8e-27   89.0  14.4   1   1   4.6e-26   4.6e-26   85.8  14.3    48   127    14   105     3   110 0.78 -
1626636at2759_57577_0:005093|NODE_24938_length_4645_cov_72.520797:755-1157    -            135 1626636at2759        -            128     5e-27   88.9  14.5   1   1   4.8e-26   4.9e-26   85.7  14.4    48   127    12   103     3   108 0.78 -
1626636at2759_121845_0:003296|NODE_24938_length_4645_cov_72.520797:755-1130   -            126 1626636at2759        -            128   6.1e-27   88.6  14.7   1   2   3.9e-26     4e-26   86.0  13.8    48   127     3    94     2    95 0.76 -
1626636at2759_121845_0:003296|NODE_24938_length_4645_cov_72.520797:755-1130   -            126 1626636at2759        -            128   6.1e-27   88.6  14.7   2   2       9.8       9.9    0.7   7.5   107   128    74    95    68   115 0.58 -
1626636at2759_1049336_0:004210|NODE_24938_length_4645_cov_72.520797:758-1118  -            121 1626636at2759        -            128   5.1e-25   82.4  15.7   1   1   3.1e-24   3.1e-24   79.9  14.7    50   127     1    90     1    91 0.76 -
1626636at2759_6973_0:000fbf|NODE_24938_length_4645_cov_72.520797:758-1118     -            121 1626636at2759        -            128   5.1e-25   82.4  15.7   1   1   3.1e-24   3.1e-24   79.9  14.7    50   127     1    90     1    91 0.76 -
1626636at2759_8081_0:0053dc|NODE_24938_length_4645_cov_72.520797:1040-1328    -             97 1626636at2759        -            128   2.9e-23   76.8   9.3   1   1   6.3e-22   6.4e-22   72.4   9.3     1    76     1    97     1    97 0.79 -
1626636at2759_259920_0:004aa6|NODE_24938_length_4645_cov_72.520797:1040-1331  -             98 1626636at2759        -            128   2.9e-23   76.8   9.2   1   1   6.3e-22   6.4e-22   72.4   9.2     1    76     2    98     2    98 0.79 -
1626636at2759_6334_0:002fa7|NODE_24938_length_4645_cov_72.520797:1040-1337    -            100 1626636at2759        -            128     3e-23   76.7   9.1   1   1   6.4e-22   6.5e-22   72.4   9.1     1    76     4   100     4   100 0.79 -
1626636at2759_57412_0:003603|NODE_24938_length_4645_cov_72.520797:1046-1328   -             95 1626636at2759        -            128   3.8e-22   73.2   9.2   1   1   8.5e-21   8.6e-21   68.8   9.2     1    74     1    95     1    95 0.79 -
1626636at2759_286306_0:001c59|NODE_24938_length_4645_cov_72.520797:1040-1223  -             62 1626636at2759        -            128   6.2e-22   72.5   1.2   1   1   1.1e-21   1.1e-21   71.7   1.2    24    76     1    62     1    62 0.92 -
1626636at2759_1257118_1:002b01|NODE_24938_length_4645_cov_72.520797:1046-1322 -             93 1626636at2759        -            128   1.6e-21   71.1   8.1   1   1   3.3e-20   3.3e-20   66.9   8.1     3    74     1    93     1    93 0.77 -
1626636at2759_9531_0:00269e|NODE_24938_length_4645_cov_72.520797:752-1328     -            139 1626636at2759        -            128   2.5e-17   57.6  17.1   1   1   1.1e-15   1.1e-15   52.2  16.6     1    83     1   104     1   111 0.76 -
1626636at2759_188344_0:0013df|NODE_24938_length_4645_cov_72.520797:758-1043   -             96 1626636at2759        -            128   1.1e-06   23.2  11.9   1   1   1.4e-05   1.5e-05   19.5  11.8    75   127     1    65     1    70 0.68 -
1626636at2759_121530_0:00138f|NODE_24938_length_4645_cov_72.520797:758-1028   -             91 1626636at2759        -            128   0.00053   14.5  12.5   1   1    0.0074    0.0075   10.8  12.4    80   127     1    60     1    65 0.66 -
1626636at2759_8208_0:004cf3|NODE_24938_length_4645_cov_72.520797:758-1028     -             91 1626636at2759        -            128   0.00053   14.5  12.5   1   1    0.0074    0.0075   10.8  12.4    80   127     1    60     1    65 0.66 -
#
# Program:         hmmsearch
# Version:         3.1b2 (February 2015)
# Pipeline mode:   SEARCH
# Query file:      mb_downloads/eukaryota_odb10/hmms/1626636at2759.hmm
# Target file:     -
# Option settings: /opt/conda/envs/compleasm/bin/hmmsearch --domtblout compleasm/eukaryota_odb10/hmmer_output/1626636at2759.out --cpu 1 mb_downloads/eukaryota_odb10/hmms/1626636at2759.hmm - 
# Current dir:     /in
# Date:            Tue Oct 22 12:38:26 2024
# [ok]
