#                                                                                                                                      --- full sequence --- -------------- this domain -------------   hmm coord   ali coord   env coord
# target name                                                                  accession   tlen query name           accession   qlen   E-value  score  bias   #  of  c-Evalue  i-Evalue  score  bias  from    to  from    to  from    to  acc description of target
#                                                          ------------------- ---------- ----- -------------------- ---------- ----- --------- ------ ----- --- --- --------- --------- ------ ----- ----- ----- ----- ----- ----- ----- ---- ---------------------
1633672at2759_101091_1:000945|NODE_196_length_27441_cov_81.877284:24110-24408  -             87 1633672at2759        -             84   1.2e-42  138.4   0.3   1   1   1.3e-42   1.3e-42  138.3   0.3     1    84     1    87     1    87 0.98 -
1633672at2759_10141_0:000ab4|NODE_196_length_27441_cov_81.877284:24110-24408   -             87 1633672at2759        -             84   1.2e-42  138.4   0.3   1   1   1.3e-42   1.3e-42  138.3   0.3     1    84     1    87     1    87 0.98 -
1633672at2759_10224_0:003dc2|NODE_196_length_27441_cov_81.877284:24110-24408   -             87 1633672at2759        -             84   1.2e-42  138.4   0.3   1   1   1.3e-42   1.3e-42  138.3   0.3     1    84     1    87     1    87 0.98 -
1633672at2759_10228_0:001bb9|NODE_196_length_27441_cov_81.877284:24110-24408   -             87 1633672at2759        -             84   1.2e-42  138.4   0.3   1   1   1.3e-42   1.3e-42  138.3   0.3     1    84     1    87     1    87 0.98 -
1633672at2759_104452_0:001728|NODE_196_length_27441_cov_81.877284:24110-24408  -             87 1633672at2759        -             84   1.2e-42  138.4   0.3   1   1   1.3e-42   1.3e-42  138.3   0.3     1    84     1    87     1    87 0.98 -
1633672at2759_105023_0:0027d8|NODE_196_length_27441_cov_81.877284:24110-24408  -             87 1633672at2759        -             84   1.2e-42  138.4   0.3   1   1   1.3e-42   1.3e-42  138.3   0.3     1    84     1    87     1    87 0.98 -
1633672at2759_1069443_1:000ad0|NODE_196_length_27441_cov_81.877284:24110-24408 -             87 1633672at2759        -             84   1.2e-42  138.4   0.3   1   1   1.3e-42   1.3e-42  138.3   0.3     1    84     1    87     1    87 0.98 -
1633672at2759_1069680_1:000da5|NODE_196_length_27441_cov_81.877284:24110-24408 -             87 1633672at2759        -             84   1.2e-42  138.4   0.3   1   1   1.3e-42   1.3e-42  138.3   0.3     1    84     1    87     1    87 0.98 -
1633672at2759_1076256_1:001891|NODE_196_length_27441_cov_81.877284:24110-24408 -             87 1633672at2759        -             84   1.2e-42  138.4   0.3   1   1   1.3e-42   1.3e-42  138.3   0.3     1    84     1    87     1    87 0.98 -
1633672at2759_1077348_1:00019b|NODE_196_length_27441_cov_81.877284:24110-24408 -             87 1633672at2759        -             84   1.2e-42  138.4   0.3   1   1   1.3e-42   1.3e-42  138.3   0.3     1    84     1    87     1    87 0.98 -
1633672at2759_1095629_1:00160b|NODE_196_length_27441_cov_81.877284:24110-24408 -             87 1633672at2759        -             84   1.2e-42  138.4   0.3   1   1   1.3e-42   1.3e-42  138.3   0.3     1    84     1    87     1    87 0.98 -
1633672at2759_1128425_1:00119b|NODE_196_length_27441_cov_81.877284:24110-24408 -             87 1633672at2759        -             84   1.2e-42  138.4   0.3   1   1   1.3e-42   1.3e-42  138.3   0.3     1    84     1    87     1    87 0.98 -
1633672at2759_1137138_1:001626|NODE_196_length_27441_cov_81.877284:24110-24408 -             87 1633672at2759        -             84   1.2e-42  138.4   0.3   1   1   1.3e-42   1.3e-42  138.3   0.3     1    84     1    87     1    87 0.98 -
1633672at2759_114398_0:001fbc|NODE_196_length_27441_cov_81.877284:24110-24408  -             87 1633672at2759        -             84   1.2e-42  138.4   0.3   1   1   1.3e-42   1.3e-42  138.3   0.3     1    84     1    87     1    87 0.98 -
1633672at2759_1155016_0:0032df|NODE_196_length_27441_cov_81.877284:24110-24408 -             87 1633672at2759        -             84   1.2e-42  138.4   0.3   1   1   1.3e-42   1.3e-42  138.3   0.3     1    84     1    87     1    87 0.98 -
1633672at2759_1169540_1:0003e5|NODE_196_length_27441_cov_81.877284:24110-24408 -             87 1633672at2759        -             84   1.2e-42  138.4   0.3   1   1   1.3e-42   1.3e-42  138.3   0.3     1    84     1    87     1    87 0.98 -
1633672at2759_118200_0:000540|NODE_196_length_27441_cov_81.877284:24110-24408  -             87 1633672at2759        -             84   1.2e-42  138.4   0.3   1   1   1.3e-42   1.3e-42  138.3   0.3     1    84     1    87     1    87 0.98 -
1633672at2759_118797_0:001365|NODE_196_length_27441_cov_81.877284:24110-24408  -             87 1633672at2759        -             84   1.2e-42  138.4   0.3   1   1   1.3e-42   1.3e-42  138.3   0.3     1    84     1    87     1    87 0.98 -
1633672at2759_1198029_1:000ba1|NODE_196_length_27441_cov_81.877284:24110-24408 -             87 1633672at2759        -             84   1.2e-42  138.4   0.3   1   1   1.3e-42   1.3e-42  138.3   0.3     1    84     1    87     1    87 0.98 -
1633672at2759_1220926_1:002445|NODE_196_length_27441_cov_81.877284:24110-24408 -             87 1633672at2759        -             84   1.2e-42  138.4   0.3   1   1   1.3e-42   1.3e-42  138.3   0.3     1    84     1    87     1    87 0.98 -
1633672at2759_1263082_1:001392|NODE_196_length_27441_cov_81.877284:24110-24408 -             87 1633672at2759        -             84   1.2e-42  138.4   0.3   1   1   1.3e-42   1.3e-42  138.3   0.3     1    84     1    87     1    87 0.98 -
1633672at2759_126957_0:002fe5|NODE_196_length_27441_cov_81.877284:24110-24408  -             87 1633672at2759        -             84   1.2e-42  138.4   0.3   1   1   1.3e-42   1.3e-42  138.3   0.3     1    84     1    87     1    87 0.98 -
1633672at2759_128390_0:0028f2|NODE_196_length_27441_cov_81.877284:24110-24408  -             87 1633672at2759        -             84   1.2e-42  138.4   0.3   1   1   1.3e-42   1.3e-42  138.3   0.3     1    84     1    87     1    87 0.98 -
1633672at2759_1314674_1:0001b4|NODE_196_length_27441_cov_81.877284:24110-24408 -             87 1633672at2759        -             84   1.2e-42  138.4   0.3   1   1   1.3e-42   1.3e-42  138.3   0.3     1    84     1    87     1    87 0.98 -
1633672at2759_1314771_1:000b8e|NODE_196_length_27441_cov_81.877284:24110-24408 -             87 1633672at2759        -             84   1.2e-42  138.4   0.3   1   1   1.3e-42   1.3e-42  138.3   0.3     1    84     1    87     1    87 0.98 -
1633672at2759_1314777_1:001f85|NODE_196_length_27441_cov_81.877284:24110-24408 -             87 1633672at2759        -             84   1.2e-42  138.4   0.3   1   1   1.3e-42   1.3e-42  138.3   0.3     1    84     1    87     1    87 0.98 -
1633672at2759_1314781_1:001c0a|NODE_196_length_27441_cov_81.877284:24110-24408 -             87 1633672at2759        -             84   1.2e-42  138.4   0.3   1   1   1.3e-42   1.3e-42  138.3   0.3     1    84     1    87     1    87 0.98 -
1633672at2759_1314783_1:0009d1|NODE_196_length_27441_cov_81.877284:24110-24408 -             87 1633672at2759        -             84   1.2e-42  138.4   0.3   1   1   1.3e-42   1.3e-42  138.3   0.3     1    84     1    87     1    87 0.98 -
1633672at2759_1314785_1:0001b5|NODE_196_length_27441_cov_81.877284:24113-24408 -             87 1633672at2759        -             84   1.2e-42  138.4   0.3   1   1   1.3e-42   1.3e-42  138.3   0.3     1    84     1    87     1    87 0.98 -
1633672at2759_1314800_1:00018a|NODE_196_length_27441_cov_81.877284:24110-24408 -             87 1633672at2759        -             84   1.2e-42  138.4   0.3   1   1   1.3e-42   1.3e-42  138.3   0.3     1    84     1    87     1    87 0.98 -
1633672at2759_133434_0:0038ae|NODE_196_length_27441_cov_81.877284:24110-24408  -             87 1633672at2759        -             84   1.2e-42  138.4   0.3   1   1   1.3e-42   1.3e-42  138.3   0.3     1    84     1    87     1    87 0.98 -
1633672at2759_1353009_1:002671|NODE_196_length_27441_cov_81.877284:24110-24408 -             87 1633672at2759        -             84   1.2e-42  138.4   0.3   1   1   1.3e-42   1.3e-42  138.3   0.3     1    84     1    87     1    87 0.98 -
1633672at2759_13706_1:001f46|NODE_196_length_27441_cov_81.877284:24110-24408   -             87 1633672at2759        -             84   1.2e-42  138.4   0.3   1   1   1.3e-42   1.3e-42  138.3   0.3     1    84     1    87     1    87 0.98 -
1633672at2759_1381753_1:000fed|NODE_196_length_27441_cov_81.877284:24110-24408 -             87 1633672at2759        -             84   1.2e-42  138.4   0.3   1   1   1.3e-42   1.3e-42  138.3   0.3     1    84     1    87     1    87 0.98 -
1633672at2759_1408657_1:000d6c|NODE_196_length_27441_cov_81.877284:24110-24408 -             87 1633672at2759        -             84   1.2e-42  138.4   0.3   1   1   1.3e-42   1.3e-42  138.3   0.3     1    84     1    87     1    87 0.98 -
1633672at2759_1410327_1:0011f3|NODE_196_length_27441_cov_81.877284:24110-24408 -             87 1633672at2759        -             84   1.2e-42  138.4   0.3   1   1   1.3e-42   1.3e-42  138.3   0.3     1    84     1    87     1    87 0.98 -
1633672at2759_144197_0:003205|NODE_196_length_27441_cov_81.877284:24110-24408  -             87 1633672at2759        -             84   1.2e-42  138.4   0.3   1   1   1.3e-42   1.3e-42  138.3   0.3     1    84     1    87     1    87 0.98 -
1633672at2759_1519565_1:00027b|NODE_196_length_27441_cov_81.877284:24110-24408 -             87 1633672at2759        -             84   1.2e-42  138.4   0.3   1   1   1.3e-42   1.3e-42  138.3   0.3     1    84     1    87     1    87 0.98 -
1633672at2759_156563_0:0022b7|NODE_196_length_27441_cov_81.877284:24110-24408  -             87 1633672at2759        -             84   1.2e-42  138.4   0.3   1   1   1.3e-42   1.3e-42  138.3   0.3     1    84     1    87     1    87 0.98 -
1633672at2759_1676925_0:004b39|NODE_196_length_27441_cov_81.877284:24110-24408 -             87 1633672at2759        -             84   1.2e-42  138.4   0.3   1   1   1.3e-42   1.3e-42  138.3   0.3     1    84     1    87     1    87 0.98 -
1633672at2759_1720309_0:001cfe|NODE_196_length_27441_cov_81.877284:24110-24408 -             87 1633672at2759        -             84   1.2e-42  138.4   0.3   1   1   1.3e-42   1.3e-42  138.3   0.3     1    84     1    87     1    87 0.98 -
1633672at2759_181874_1:000997|NODE_196_length_27441_cov_81.877284:24110-24408  -             87 1633672at2759        -             84   1.2e-42  138.4   0.3   1   1   1.3e-42   1.3e-42  138.3   0.3     1    84     1    87     1    87 0.98 -
1633672at2759_1983410_1:001cd8|NODE_196_length_27441_cov_81.877284:24110-24408 -             87 1633672at2759        -             84   1.2e-42  138.4   0.3   1   1   1.3e-42   1.3e-42  138.3   0.3     1    84     1    87     1    87 0.98 -
1633672at2759_202946_0:003d5a|NODE_196_length_27441_cov_81.877284:24110-24408  -             87 1633672at2759        -             84   1.2e-42  138.4   0.3   1   1   1.3e-42   1.3e-42  138.3   0.3     1    84     1    87     1    87 0.98 -
1633672at2759_225164_0:0011e0|NODE_196_length_27441_cov_81.877284:24110-24408  -             87 1633672at2759        -             84   1.2e-42  138.4   0.3   1   1   1.3e-42   1.3e-42  138.3   0.3     1    84     1    87     1    87 0.98 -
1633672at2759_231916_1:003b25|NODE_196_length_27441_cov_81.877284:24110-24408  -             87 1633672at2759        -             84   1.2e-42  138.4   0.3   1   1   1.3e-42   1.3e-42  138.3   0.3     1    84     1    87     1    87 0.98 -
1633672at2759_240176_1:0018f5|NODE_196_length_27441_cov_81.877284:24110-24408  -             87 1633672at2759        -             84   1.2e-42  138.4   0.3   1   1   1.3e-42   1.3e-42  138.3   0.3     1    84     1    87     1    87 0.98 -
1633672at2759_246409_1:0026e4|NODE_196_length_27441_cov_81.877284:24110-24408  -             87 1633672at2759        -             84   1.2e-42  138.4   0.3   1   1   1.3e-42   1.3e-42  138.3   0.3     1    84     1    87     1    87 0.98 -
1633672at2759_261658_1:000efd|NODE_196_length_27441_cov_81.877284:24110-24408  -             87 1633672at2759        -             84   1.2e-42  138.4   0.3   1   1   1.3e-42   1.3e-42  138.3   0.3     1    84     1    87     1    87 0.98 -
1633672at2759_27342_1:00302b|NODE_196_length_27441_cov_81.877284:24110-24408   -             87 1633672at2759        -             84   1.2e-42  138.4   0.3   1   1   1.3e-42   1.3e-42  138.3   0.3     1    84     1    87     1    87 0.98 -
1633672at2759_2880_1:000e06|NODE_196_length_27441_cov_81.877284:24110-24408    -             87 1633672at2759        -             84   1.2e-42  138.4   0.3   1   1   1.3e-42   1.3e-42  138.3   0.3     1    84     1    87     1    87 0.98 -
1633672at2759_29159_0:0067a9|NODE_196_length_27441_cov_81.877284:24110-24408   -             87 1633672at2759        -             84   1.2e-42  138.4   0.3   1   1   1.3e-42   1.3e-42  138.3   0.3     1    84     1    87     1    87 0.98 -
1633672at2759_30419_0:0018c8|NODE_196_length_27441_cov_81.877284:24110-24408   -             87 1633672at2759        -             84   1.2e-42  138.4   0.3   1   1   1.3e-42   1.3e-42  138.3   0.3     1    84     1    87     1    87 0.98 -
1633672at2759_3055_0:000fcf|NODE_196_length_27441_cov_81.877284:24110-24408    -             87 1633672at2759        -             84   1.2e-42  138.4   0.3   1   1   1.3e-42   1.3e-42  138.3   0.3     1    84     1    87     1    87 0.98 -
1633672at2759_31234_0:00538c|NODE_196_length_27441_cov_81.877284:24110-24408   -             87 1633672at2759        -             84   1.2e-42  138.4   0.3   1   1   1.3e-42   1.3e-42  138.3   0.3     1    84     1    87     1    87 0.98 -
1633672at2759_32264_0:0000b4|NODE_196_length_27441_cov_81.877284:24110-24408   -             87 1633672at2759        -             84   1.2e-42  138.4   0.3   1   1   1.3e-42   1.3e-42  138.3   0.3     1    84     1    87     1    87 0.98 -
1633672at2759_345164_0:0002ca|NODE_196_length_27441_cov_81.877284:24110-24408  -             87 1633672at2759        -             84   1.2e-42  138.4   0.3   1   1   1.3e-42   1.3e-42  138.3   0.3     1    84     1    87     1    87 0.98 -
1633672at2759_352472_1:001296|NODE_196_length_27441_cov_81.877284:24110-24408  -             87 1633672at2759        -             84   1.2e-42  138.4   0.3   1   1   1.3e-42   1.3e-42  138.3   0.3     1    84     1    87     1    87 0.98 -
1633672at2759_35570_0:00162c|NODE_196_length_27441_cov_81.877284:24110-24408   -             87 1633672at2759        -             84   1.2e-42  138.4   0.3   1   1   1.3e-42   1.3e-42  138.3   0.3     1    84     1    87     1    87 0.98 -
1633672at2759_37293_0:002151|NODE_196_length_27441_cov_81.877284:24110-24408   -             87 1633672at2759        -             84   1.2e-42  138.4   0.3   1   1   1.3e-42   1.3e-42  138.3   0.3     1    84     1    87     1    87 0.98 -
1633672at2759_37621_0:0023e9|NODE_196_length_27441_cov_81.877284:24110-24408   -             87 1633672at2759        -             84   1.2e-42  138.4   0.3   1   1   1.3e-42   1.3e-42  138.3   0.3     1    84     1    87     1    87 0.98 -
1633672at2759_39966_1:002dbd|NODE_196_length_27441_cov_81.877284:24110-24408   -             87 1633672at2759        -             84   1.2e-42  138.4   0.3   1   1   1.3e-42   1.3e-42  138.3   0.3     1    84     1    87     1    87 0.98 -
1633672at2759_407821_0:003f49|NODE_196_length_27441_cov_81.877284:24110-24408  -             87 1633672at2759        -             84   1.2e-42  138.4   0.3   1   1   1.3e-42   1.3e-42  138.3   0.3     1    84     1    87     1    87 0.98 -
1633672at2759_418867_1:000c32|NODE_196_length_27441_cov_81.877284:24110-24408  -             87 1633672at2759        -             84   1.2e-42  138.4   0.3   1   1   1.3e-42   1.3e-42  138.3   0.3     1    84     1    87     1    87 0.98 -
1633672at2759_431895_0:001cca|NODE_196_length_27441_cov_81.877284:24110-24408  -             87 1633672at2759        -             84   1.2e-42  138.4   0.3   1   1   1.3e-42   1.3e-42  138.3   0.3     1    84     1    87     1    87 0.98 -
1633672at2759_436010_1:0027af|NODE_196_length_27441_cov_81.877284:24110-24408  -             87 1633672at2759        -             84   1.2e-42  138.4   0.3   1   1   1.3e-42   1.3e-42  138.3   0.3     1    84     1    87     1    87 0.98 -
1633672at2759_441894_0:001092|NODE_196_length_27441_cov_81.877284:24110-24408  -             87 1633672at2759        -             84   1.2e-42  138.4   0.3   1   1   1.3e-42   1.3e-42  138.3   0.3     1    84     1    87     1    87 0.98 -
1633672at2759_456999_1:0016bc|NODE_196_length_27441_cov_81.877284:24110-24408  -             87 1633672at2759        -             84   1.2e-42  138.4   0.3   1   1   1.3e-42   1.3e-42  138.3   0.3     1    84     1    87     1    87 0.98 -
1633672at2759_4829_1:002fab|NODE_196_length_27441_cov_81.877284:24110-24408    -             87 1633672at2759        -             84   1.2e-42  138.4   0.3   1   1   1.3e-42   1.3e-42  138.3   0.3     1    84     1    87     1    87 0.98 -
1633672at2759_486041_1:003a36|NODE_196_length_27441_cov_81.877284:24110-24408  -             87 1633672at2759        -             84   1.2e-42  138.4   0.3   1   1   1.3e-42   1.3e-42  138.3   0.3     1    84     1    87     1    87 0.98 -
1633672at2759_48709_0:000be7|NODE_196_length_27441_cov_81.877284:24110-24408   -             87 1633672at2759        -             84   1.2e-42  138.4   0.3   1   1   1.3e-42   1.3e-42  138.3   0.3     1    84     1    87     1    87 0.98 -
1633672at2759_48883_0:000e32|NODE_196_length_27441_cov_81.877284:24110-24408   -             87 1633672at2759        -             84   1.2e-42  138.4   0.3   1   1   1.3e-42   1.3e-42  138.3   0.3     1    84     1    87     1    87 0.98 -
1633672at2759_5005_1:000278|NODE_196_length_27441_cov_81.877284:24110-24408    -             87 1633672at2759        -             84   1.2e-42  138.4   0.3   1   1   1.3e-42   1.3e-42  138.3   0.3     1    84     1    87     1    87 0.98 -
1633672at2759_50402_0:002bc0|NODE_196_length_27441_cov_81.877284:24110-24408   -             87 1633672at2759        -             84   1.2e-42  138.4   0.3   1   1   1.3e-42   1.3e-42  138.3   0.3     1    84     1    87     1    87 0.98 -
1633672at2759_51031_0:00157b|NODE_196_length_27441_cov_81.877284:24110-24408   -             87 1633672at2759        -             84   1.2e-42  138.4   0.3   1   1   1.3e-42   1.3e-42  138.3   0.3     1    84     1    87     1    87 0.98 -
1633672at2759_5353_1:000146|NODE_196_length_27441_cov_81.877284:24110-24408    -             87 1633672at2759        -             84   1.2e-42  138.4   0.3   1   1   1.3e-42   1.3e-42  138.3   0.3     1    84     1    87     1    87 0.98 -
1633672at2759_556484_1:0025b9|NODE_196_length_27441_cov_81.877284:24110-24408  -             87 1633672at2759        -             84   1.2e-42  138.4   0.3   1   1   1.3e-42   1.3e-42  138.3   0.3     1    84     1    87     1    87 0.98 -
1633672at2759_56313_0:000928|NODE_196_length_27441_cov_81.877284:24110-24408   -             87 1633672at2759        -             84   1.2e-42  138.4   0.3   1   1   1.3e-42   1.3e-42  138.3   0.3     1    84     1    87     1    87 0.98 -
1633672at2759_5643_1:000cc5|NODE_196_length_27441_cov_81.877284:24110-24408    -             87 1633672at2759        -             84   1.2e-42  138.4   0.3   1   1   1.3e-42   1.3e-42  138.3   0.3     1    84     1    87     1    87 0.98 -
1633672at2759_568069_0:002fbc|NODE_196_length_27441_cov_81.877284:24110-24408  -             87 1633672at2759        -             84   1.2e-42  138.4   0.3   1   1   1.3e-42   1.3e-42  138.3   0.3     1    84     1    87     1    87 0.98 -
1633672at2759_57421_0:001481|NODE_196_length_27441_cov_81.877284:24110-24408   -             87 1633672at2759        -             84   1.2e-42  138.4   0.3   1   1   1.3e-42   1.3e-42  138.3   0.3     1    84     1    87     1    87 0.98 -
1633672at2759_58291_1:003d2b|NODE_196_length_27441_cov_81.877284:24110-24408   -             87 1633672at2759        -             84   1.2e-42  138.4   0.3   1   1   1.3e-42   1.3e-42  138.3   0.3     1    84     1    87     1    87 0.98 -
1633672at2759_595528_0:0009dc|NODE_196_length_27441_cov_81.877284:24110-24408  -             87 1633672at2759        -             84   1.2e-42  138.4   0.3   1   1   1.3e-42   1.3e-42  138.3   0.3     1    84     1    87     1    87 0.98 -
1633672at2759_597362_1:000f53|NODE_196_length_27441_cov_81.877284:24110-24408  -             87 1633672at2759        -             84   1.2e-42  138.4   0.3   1   1   1.3e-42   1.3e-42  138.3   0.3     1    84     1    87     1    87 0.98 -
1633672at2759_599839_1:0019a7|NODE_196_length_27441_cov_81.877284:24110-24408  -             87 1633672at2759        -             84   1.2e-42  138.4   0.3   1   1   1.3e-42   1.3e-42  138.3   0.3     1    84     1    87     1    87 0.98 -
1633672at2759_61395_1:00039a|NODE_196_length_27441_cov_81.877284:24110-24408   -             87 1633672at2759        -             84   1.2e-42  138.4   0.3   1   1   1.3e-42   1.3e-42  138.3   0.3     1    84     1    87     1    87 0.98 -
1633672at2759_6238_0:0027d0|NODE_196_length_27441_cov_81.877284:24110-24408    -             87 1633672at2759        -             84   1.2e-42  138.4   0.3   1   1   1.3e-42   1.3e-42  138.3   0.3     1    84     1    87     1    87 0.98 -
1633672at2759_6279_0:000f07|NODE_196_length_27441_cov_81.877284:24110-24408    -             87 1633672at2759        -             84   1.2e-42  138.4   0.3   1   1   1.3e-42   1.3e-42  138.3   0.3     1    84     1    87     1    87 0.98 -
1633672at2759_635003_1:000b72|NODE_196_length_27441_cov_81.877284:24110-24408  -             87 1633672at2759        -             84   1.2e-42  138.4   0.3   1   1   1.3e-42   1.3e-42  138.3   0.3     1    84     1    87     1    87 0.98 -
1633672at2759_6412_0:0018d0|NODE_196_length_27441_cov_81.877284:24110-24408    -             87 1633672at2759        -             84   1.2e-42  138.4   0.3   1   1   1.3e-42   1.3e-42  138.3   0.3     1    84     1    87     1    87 0.98 -
1633672at2759_64571_1:00189f|NODE_196_length_27441_cov_81.877284:24110-24408   -             87 1633672at2759        -             84   1.2e-42  138.4   0.3   1   1   1.3e-42   1.3e-42  138.3   0.3     1    84     1    87     1    87 0.98 -
1633672at2759_6500_0:000efc|NODE_196_length_27441_cov_81.877284:24110-24408    -             87 1633672at2759        -             84   1.2e-42  138.4   0.3   1   1   1.3e-42   1.3e-42  138.3   0.3     1    84     1    87     1    87 0.98 -
1633672at2759_6526_0:000938|NODE_196_length_27441_cov_81.877284:24110-24408    -             87 1633672at2759        -             84   1.2e-42  138.4   0.3   1   1   1.3e-42   1.3e-42  138.3   0.3     1    84     1    87     1    87 0.98 -
1633672at2759_6573_0:000a4d|NODE_196_length_27441_cov_81.877284:24110-24408    -             87 1633672at2759        -             84   1.2e-42  138.4   0.3   1   1   1.3e-42   1.3e-42  138.3   0.3     1    84     1    87     1    87 0.98 -
1633672at2759_664439_1:000956|NODE_196_length_27441_cov_81.877284:24110-24408  -             87 1633672at2759        -             84   1.2e-42  138.4   0.3   1   1   1.3e-42   1.3e-42  138.3   0.3     1    84     1    87     1    87 0.98 -
1633672at2759_670386_1:002fbf|NODE_196_length_27441_cov_81.877284:24110-24408  -             87 1633672at2759        -             84   1.2e-42  138.4   0.3   1   1   1.3e-42   1.3e-42  138.3   0.3     1    84     1    87     1    87 0.98 -
1633672at2759_670483_1:000a5c|NODE_196_length_27441_cov_81.877284:24110-24408  -             87 1633672at2759        -             84   1.2e-42  138.4   0.3   1   1   1.3e-42   1.3e-42  138.3   0.3     1    84     1    87     1    87 0.98 -
1633672at2759_670580_1:001d2d|NODE_196_length_27441_cov_81.877284:24110-24408  -             87 1633672at2759        -             84   1.2e-42  138.4   0.3   1   1   1.3e-42   1.3e-42  138.3   0.3     1    84     1    87     1    87 0.98 -
1633672at2759_6832_0:001ff3|NODE_196_length_27441_cov_81.877284:24110-24408    -             87 1633672at2759        -             84   1.2e-42  138.4   0.3   1   1   1.3e-42   1.3e-42  138.3   0.3     1    84     1    87     1    87 0.98 -
1633672at2759_6850_0:000f55|NODE_196_length_27441_cov_81.877284:24110-24408    -             87 1633672at2759        -             84   1.2e-42  138.4   0.3   1   1   1.3e-42   1.3e-42  138.3   0.3     1    84     1    87     1    87 0.98 -
1633672at2759_685588_1:0007f8|NODE_196_length_27441_cov_81.877284:24110-24408  -             87 1633672at2759        -             84   1.2e-42  138.4   0.3   1   1   1.3e-42   1.3e-42  138.3   0.3     1    84     1    87     1    87 0.98 -
1633672at2759_686832_1:000e89|NODE_196_length_27441_cov_81.877284:24110-24408  -             87 1633672at2759        -             84   1.2e-42  138.4   0.3   1   1   1.3e-42   1.3e-42  138.3   0.3     1    84     1    87     1    87 0.98 -
1633672at2759_694068_1:001deb|NODE_196_length_27441_cov_81.877284:24110-24408  -             87 1633672at2759        -             84   1.2e-42  138.4   0.3   1   1   1.3e-42   1.3e-42  138.3   0.3     1    84     1    87     1    87 0.98 -
1633672at2759_6945_0:00112e|NODE_196_length_27441_cov_81.877284:24110-24408    -             87 1633672at2759        -             84   1.2e-42  138.4   0.3   1   1   1.3e-42   1.3e-42  138.3   0.3     1    84     1    87     1    87 0.98 -
1633672at2759_703135_1:000d6a|NODE_196_length_27441_cov_81.877284:24110-24408  -             87 1633672at2759        -             84   1.2e-42  138.4   0.3   1   1   1.3e-42   1.3e-42  138.3   0.3     1    84     1    87     1    87 0.98 -
1633672at2759_7038_0:000ea2|NODE_196_length_27441_cov_81.877284:24110-24408    -             87 1633672at2759        -             84   1.2e-42  138.4   0.3   1   1   1.3e-42   1.3e-42  138.3   0.3     1    84     1    87     1    87 0.98 -
1633672at2759_7091_0:002a6a|NODE_196_length_27441_cov_81.877284:24110-24408    -             87 1633672at2759        -             84   1.2e-42  138.4   0.3   1   1   1.3e-42   1.3e-42  138.3   0.3     1    84     1    87     1    87 0.98 -
1633672at2759_717944_1:000c7a|NODE_196_length_27441_cov_81.877284:24110-24408  -             87 1633672at2759        -             84   1.2e-42  138.4   0.3   1   1   1.3e-42   1.3e-42  138.3   0.3     1    84     1    87     1    87 0.98 -
1633672at2759_7209_0:001811|NODE_196_length_27441_cov_81.877284:24110-24408    -             87 1633672at2759        -             84   1.2e-42  138.4   0.3   1   1   1.3e-42   1.3e-42  138.3   0.3     1    84     1    87     1    87 0.98 -
1633672at2759_721885_1:001202|NODE_196_length_27441_cov_81.877284:24110-24408  -             87 1633672at2759        -             84   1.2e-42  138.4   0.3   1   1   1.3e-42   1.3e-42  138.3   0.3     1    84     1    87     1    87 0.98 -
1633672at2759_732165_1:0011d4|NODE_196_length_27441_cov_81.877284:24110-24408  -             87 1633672at2759        -             84   1.2e-42  138.4   0.3   1   1   1.3e-42   1.3e-42  138.3   0.3     1    84     1    87     1    87 0.98 -
1633672at2759_742152_1:001e32|NODE_196_length_27441_cov_81.877284:24110-24408  -             87 1633672at2759        -             84   1.2e-42  138.4   0.3   1   1   1.3e-42   1.3e-42  138.3   0.3     1    84     1    87     1    87 0.98 -
1633672at2759_743788_1:000a4c|NODE_196_length_27441_cov_81.877284:24110-24408  -             87 1633672at2759        -             84   1.2e-42  138.4   0.3   1   1   1.3e-42   1.3e-42  138.3   0.3     1    84     1    87     1    87 0.98 -
1633672at2759_747525_1:000e88|NODE_196_length_27441_cov_81.877284:24110-24408  -             87 1633672at2759        -             84   1.2e-42  138.4   0.3   1   1   1.3e-42   1.3e-42  138.3   0.3     1    84     1    87     1    87 0.98 -
1633672at2759_7574_0:0042aa|NODE_196_length_27441_cov_81.877284:24110-24408    -             87 1633672at2759        -             84   1.2e-42  138.4   0.3   1   1   1.3e-42   1.3e-42  138.3   0.3     1    84     1    87     1    87 0.98 -
1633672at2759_763407_1:001901|NODE_196_length_27441_cov_81.877284:24110-24408  -             87 1633672at2759        -             84   1.2e-42  138.4   0.3   1   1   1.3e-42   1.3e-42  138.3   0.3     1    84     1    87     1    87 0.98 -
1633672at2759_765257_1:000924|NODE_196_length_27441_cov_81.877284:24110-24408  -             87 1633672at2759        -             84   1.2e-42  138.4   0.3   1   1   1.3e-42   1.3e-42  138.3   0.3     1    84     1    87     1    87 0.98 -
1633672at2759_7668_0:00353e|NODE_196_length_27441_cov_81.877284:24110-24408    -             87 1633672at2759        -             84   1.2e-42  138.4   0.3   1   1   1.3e-42   1.3e-42  138.3   0.3     1    84     1    87     1    87 0.98 -
1633672at2759_7719_0:001d3b|NODE_196_length_27441_cov_81.877284:24110-24408    -             87 1633672at2759        -             84   1.2e-42  138.4   0.3   1   1   1.3e-42   1.3e-42  138.3   0.3     1    84     1    87     1    87 0.98 -
1633672at2759_7868_0:000df9|NODE_196_length_27441_cov_81.877284:24110-24408    -             87 1633672at2759        -             84   1.2e-42  138.4   0.3   1   1   1.3e-42   1.3e-42  138.3   0.3     1    84     1    87     1    87 0.98 -
1633672at2759_7950_0:0029e0|NODE_196_length_27441_cov_81.877284:24110-24408    -             87 1633672at2759        -             84   1.2e-42  138.4   0.3   1   1   1.3e-42   1.3e-42  138.3   0.3     1    84     1    87     1    87 0.98 -
1633672at2759_796925_1:0009c6|NODE_196_length_27441_cov_81.877284:24110-24408  -             87 1633672at2759        -             84   1.2e-42  138.4   0.3   1   1   1.3e-42   1.3e-42  138.3   0.3     1    84     1    87     1    87 0.98 -
1633672at2759_8208_0:00166d|NODE_196_length_27441_cov_81.877284:24110-24408    -             87 1633672at2759        -             84   1.2e-42  138.4   0.3   1   1   1.3e-42   1.3e-42  138.3   0.3     1    84     1    87     1    87 0.98 -
1633672at2759_85066_0:001793|NODE_196_length_27441_cov_81.877284:24110-24408   -             87 1633672at2759        -             84   1.2e-42  138.4   0.3   1   1   1.3e-42   1.3e-42  138.3   0.3     1    84     1    87     1    87 0.98 -
1633672at2759_870435_1:000937|NODE_196_length_27441_cov_81.877284:24110-24408  -             87 1633672at2759        -             84   1.2e-42  138.4   0.3   1   1   1.3e-42   1.3e-42  138.3   0.3     1    84     1    87     1    87 0.98 -
1633672at2759_88015_0:002a0e|NODE_196_length_27441_cov_81.877284:24110-24408   -             87 1633672at2759        -             84   1.2e-42  138.4   0.3   1   1   1.3e-42   1.3e-42  138.3   0.3     1    84     1    87     1    87 0.98 -
1633672at2759_8897_0:001e9b|NODE_196_length_27441_cov_81.877284:24110-24408    -             87 1633672at2759        -             84   1.2e-42  138.4   0.3   1   1   1.3e-42   1.3e-42  138.3   0.3     1    84     1    87     1    87 0.98 -
1633672at2759_8932_0:001fe3|NODE_196_length_27441_cov_81.877284:24110-24408    -             87 1633672at2759        -             84   1.2e-42  138.4   0.3   1   1   1.3e-42   1.3e-42  138.3   0.3     1    84     1    87     1    87 0.98 -
1633672at2759_8969_0:00160d|NODE_196_length_27441_cov_81.877284:24110-24408    -             87 1633672at2759        -             84   1.2e-42  138.4   0.3   1   1   1.3e-42   1.3e-42  138.3   0.3     1    84     1    87     1    87 0.98 -
1633672at2759_90262_1:00389d|NODE_196_length_27441_cov_81.877284:24110-24408   -             87 1633672at2759        -             84   1.2e-42  138.4   0.3   1   1   1.3e-42   1.3e-42  138.3   0.3     1    84     1    87     1    87 0.98 -
1633672at2759_905079_1:0021b3|NODE_196_length_27441_cov_81.877284:24110-24408  -             87 1633672at2759        -             84   1.2e-42  138.4   0.3   1   1   1.3e-42   1.3e-42  138.3   0.3     1    84     1    87     1    87 0.98 -
1633672at2759_914234_1:0005f7|NODE_196_length_27441_cov_81.877284:24110-24408  -             87 1633672at2759        -             84   1.2e-42  138.4   0.3   1   1   1.3e-42   1.3e-42  138.3   0.3     1    84     1    87     1    87 0.98 -
1633672at2759_9233_0:002c05|NODE_196_length_27441_cov_81.877284:24110-24408    -             87 1633672at2759        -             84   1.2e-42  138.4   0.3   1   1   1.3e-42   1.3e-42  138.3   0.3     1    84     1    87     1    87 0.98 -
1633672at2759_9238_0:002bb7|NODE_196_length_27441_cov_81.877284:24110-24408    -             87 1633672at2759        -             84   1.2e-42  138.4   0.3   1   1   1.3e-42   1.3e-42  138.3   0.3     1    84     1    87     1    87 0.98 -
1633672at2759_930990_1:0019cc|NODE_196_length_27441_cov_81.877284:24110-24408  -             87 1633672at2759        -             84   1.2e-42  138.4   0.3   1   1   1.3e-42   1.3e-42  138.3   0.3     1    84     1    87     1    87 0.98 -
1633672at2759_930992_1:00187e|NODE_196_length_27441_cov_81.877284:24110-24408  -             87 1633672at2759        -             84   1.2e-42  138.4   0.3   1   1   1.3e-42   1.3e-42  138.3   0.3     1    84     1    87     1    87 0.98 -
1633672at2759_933084_1:000114|NODE_196_length_27441_cov_81.877284:24110-24408  -             87 1633672at2759        -             84   1.2e-42  138.4   0.3   1   1   1.3e-42   1.3e-42  138.3   0.3     1    84     1    87     1    87 0.98 -
1633672at2759_9361_0:003224|NODE_196_length_27441_cov_81.877284:24110-24408    -             87 1633672at2759        -             84   1.2e-42  138.4   0.3   1   1   1.3e-42   1.3e-42  138.3   0.3     1    84     1    87     1    87 0.98 -
1633672at2759_944288_1:0000c7|NODE_196_length_27441_cov_81.877284:24110-24408  -             87 1633672at2759        -             84   1.2e-42  138.4   0.3   1   1   1.3e-42   1.3e-42  138.3   0.3     1    84     1    87     1    87 0.98 -
1633672at2759_944289_1:000e03|NODE_196_length_27441_cov_81.877284:24110-24408  -             87 1633672at2759        -             84   1.2e-42  138.4   0.3   1   1   1.3e-42   1.3e-42  138.3   0.3     1    84     1    87     1    87 0.98 -
1633672at2759_945553_1:000037|NODE_196_length_27441_cov_81.877284:24110-24408  -             87 1633672at2759        -             84   1.2e-42  138.4   0.3   1   1   1.3e-42   1.3e-42  138.3   0.3     1    84     1    87     1    87 0.98 -
1633672at2759_946362_0:0007d0|NODE_196_length_27441_cov_81.877284:24110-24408  -             87 1633672at2759        -             84   1.2e-42  138.4   0.3   1   1   1.3e-42   1.3e-42  138.3   0.3     1    84     1    87     1    87 0.98 -
1633672at2759_990650_1:000307|NODE_196_length_27441_cov_81.877284:24110-24408  -             87 1633672at2759        -             84   1.2e-42  138.4   0.3   1   1   1.3e-42   1.3e-42  138.3   0.3     1    84     1    87     1    87 0.98 -
1633672at2759_994086_1:000083|NODE_196_length_27441_cov_81.877284:24110-24408  -             87 1633672at2759        -             84   1.2e-42  138.4   0.3   1   1   1.3e-42   1.3e-42  138.3   0.3     1    84     1    87     1    87 0.98 -
1633672at2759_9994_0:003076|NODE_196_length_27441_cov_81.877284:24110-24408    -             87 1633672at2759        -             84   1.2e-42  138.4   0.3   1   1   1.3e-42   1.3e-42  138.3   0.3     1    84     1    87     1    87 0.98 -
1633672at2759_130081_0:00074c|NODE_196_length_27441_cov_81.877284:24110-24411  -             88 1633672at2759        -             84   1.2e-42  138.4   0.3   1   1   1.4e-42   1.4e-42  138.2   0.3     1    84     2    88     2    88 0.98 -
1633672at2759_296543_1:002644|NODE_196_length_27441_cov_81.877284:24110-24411  -             88 1633672at2759        -             84   1.2e-42  138.4   0.3   1   1   1.4e-42   1.4e-42  138.2   0.3     1    84     2    88     2    88 0.98 -
1633672at2759_418985_0:000d6a|NODE_196_length_27441_cov_81.877284:24110-24411  -             88 1633672at2759        -             84   1.2e-42  138.4   0.3   1   1   1.4e-42   1.4e-42  138.2   0.3     1    84     2    88     2    88 0.98 -
1633672at2759_108931_0:002362|NODE_196_length_27441_cov_81.877284:24110-24414  -             89 1633672at2759        -             84   1.3e-42  138.3   0.3   1   1   1.4e-42   1.4e-42  138.2   0.3     1    84     3    89     3    89 0.98 -
1633672at2759_108931_0:002af2|NODE_196_length_27441_cov_81.877284:24110-24414  -             89 1633672at2759        -             84   1.3e-42  138.3   0.3   1   1   1.4e-42   1.4e-42  138.2   0.3     1    84     3    89     3    89 0.98 -
1633672at2759_110193_0:002a77|NODE_196_length_27441_cov_81.877284:24110-24414  -             89 1633672at2759        -             84   1.3e-42  138.3   0.3   1   1   1.4e-42   1.4e-42  138.2   0.3     1    84     3    89     3    89 0.98 -
1633672at2759_116153_0:00175f|NODE_196_length_27441_cov_81.877284:24110-24414  -             89 1633672at2759        -             84   1.3e-42  138.3   0.3   1   1   1.4e-42   1.4e-42  138.2   0.3     1    84     3    89     3    89 0.98 -
1633672at2759_121225_0:000abd|NODE_196_length_27441_cov_81.877284:24110-24414  -             89 1633672at2759        -             84   1.3e-42  138.3   0.3   1   1   1.4e-42   1.4e-42  138.2   0.3     1    84     3    89     3    89 0.98 -
1633672at2759_13249_0:0022b3|NODE_196_length_27441_cov_81.877284:24110-24414   -             89 1633672at2759        -             84   1.3e-42  138.3   0.3   1   1   1.4e-42   1.4e-42  138.2   0.3     1    84     3    89     3    89 0.98 -
1633672at2759_133901_0:003afe|NODE_196_length_27441_cov_81.877284:24110-24414  -             89 1633672at2759        -             84   1.3e-42  138.3   0.3   1   1   1.4e-42   1.4e-42  138.2   0.3     1    84     3    89     3    89 0.98 -
1633672at2759_136037_0:00131d|NODE_196_length_27441_cov_81.877284:24110-24414  -             89 1633672at2759        -             84   1.3e-42  138.3   0.3   1   1   1.4e-42   1.4e-42  138.2   0.3     1    84     3    89     3    89 0.98 -
1633672at2759_224129_0:001893|NODE_196_length_27441_cov_81.877284:24110-24414  -             89 1633672at2759        -             84   1.3e-42  138.3   0.3   1   1   1.4e-42   1.4e-42  138.2   0.3     1    84     3    89     3    89 0.98 -
1633672at2759_286706_0:002058|NODE_196_length_27441_cov_81.877284:24110-24414  -             89 1633672at2759        -             84   1.3e-42  138.3   0.3   1   1   1.4e-42   1.4e-42  138.2   0.3     1    84     3    89     3    89 0.98 -
1633672at2759_294128_0:003f1b|NODE_196_length_27441_cov_81.877284:24110-24414  -             89 1633672at2759        -             84   1.3e-42  138.3   0.3   1   1   1.4e-42   1.4e-42  138.2   0.3     1    84     3    89     3    89 0.98 -
1633672at2759_35525_0:002e92|NODE_196_length_27441_cov_81.877284:24110-24414   -             89 1633672at2759        -             84   1.3e-42  138.3   0.3   1   1   1.4e-42   1.4e-42  138.2   0.3     1    84     3    89     3    89 0.98 -
1633672at2759_38123_0:001162|NODE_196_length_27441_cov_81.877284:24110-24414   -             89 1633672at2759        -             84   1.3e-42  138.3   0.3   1   1   1.4e-42   1.4e-42  138.2   0.3     1    84     3    89     3    89 0.98 -
1633672at2759_438502_0:001f2d|NODE_196_length_27441_cov_81.877284:24110-24414  -             89 1633672at2759        -             84   1.3e-42  138.3   0.3   1   1   1.4e-42   1.4e-42  138.2   0.3     1    84     3    89     3    89 0.98 -
1633672at2759_438503_0:0003f0|NODE_196_length_27441_cov_81.877284:24110-24414  -             89 1633672at2759        -             84   1.3e-42  138.3   0.3   1   1   1.4e-42   1.4e-42  138.2   0.3     1    84     3    89     3    89 0.98 -
1633672at2759_52612_0:00171e|NODE_196_length_27441_cov_81.877284:24110-24414   -             89 1633672at2759        -             84   1.3e-42  138.3   0.3   1   1   1.4e-42   1.4e-42  138.2   0.3     1    84     3    89     3    89 0.98 -
1633672at2759_79782_0:0025f5|NODE_196_length_27441_cov_81.877284:24110-24414   -             89 1633672at2759        -             84   1.3e-42  138.3   0.3   1   1   1.4e-42   1.4e-42  138.2   0.3     1    84     3    89     3    89 0.98 -
1633672at2759_981350_1:000040|NODE_196_length_27441_cov_81.877284:24110-24414  -             89 1633672at2759        -             84   1.3e-42  138.3   0.3   1   1   1.4e-42   1.4e-42  138.2   0.3     1    84     3    89     3    89 0.98 -
1633672at2759_1049336_0:002ec7|NODE_196_length_27441_cov_81.877284:24110-24417 -             90 1633672at2759        -             84   1.4e-42  138.2   0.3   1   1   1.5e-42   1.5e-42  138.1   0.3     1    84     4    90     4    90 0.98 -
1633672at2759_1156394_1:0017d1|NODE_196_length_27441_cov_81.877284:24110-24417 -             90 1633672at2759        -             84   1.4e-42  138.2   0.3   1   1   1.5e-42   1.5e-42  138.1   0.3     1    84     4    90     4    90 0.98 -
1633672at2759_1218281_0:003031|NODE_196_length_27441_cov_81.877284:24110-24417 -             90 1633672at2759        -             84   1.4e-42  138.2   0.3   1   1   1.5e-42   1.5e-42  138.1   0.3     1    84     4    90     4    90 0.98 -
1633672at2759_13686_0:001c78|NODE_196_length_27441_cov_81.877284:24113-24417   -             90 1633672at2759        -             84   1.4e-42  138.2   0.3   1   1   1.5e-42   1.5e-42  138.1   0.3     1    84     4    90     4    90 0.98 -
1633672at2759_157072_1:001ee5|NODE_196_length_27441_cov_81.877284:24110-24417  -             90 1633672at2759        -             84   1.4e-42  138.2   0.3   1   1   1.5e-42   1.5e-42  138.1   0.3     1    84     4    90     4    90 0.98 -
1633672at2759_2015173_0:000c94|NODE_196_length_27441_cov_81.877284:24113-24417 -             90 1633672at2759        -             84   1.4e-42  138.2   0.3   1   1   1.5e-42   1.5e-42  138.1   0.3     1    84     4    90     4    90 0.98 -
1633672at2759_34638_0:001924|NODE_196_length_27441_cov_81.877284:24110-24417   -             90 1633672at2759        -             84   1.4e-42  138.2   0.3   1   1   1.5e-42   1.5e-42  138.1   0.3     1    84     4    90     4    90 0.98 -
1633672at2759_45351_0:005486|NODE_196_length_27441_cov_81.877284:24110-24417   -             90 1633672at2759        -             84   1.4e-42  138.2   0.3   1   1   1.5e-42   1.5e-42  138.1   0.3     1    84     4    90     4    90 0.98 -
1633672at2759_52283_0:001d77|NODE_196_length_27441_cov_81.877284:24110-24417   -             90 1633672at2759        -             84   1.4e-42  138.2   0.3   1   1   1.5e-42   1.5e-42  138.1   0.3     1    84     4    90     4    90 0.98 -
1633672at2759_62625_0:00165f|NODE_196_length_27441_cov_81.877284:24110-24417   -             90 1633672at2759        -             84   1.4e-42  138.2   0.3   1   1   1.5e-42   1.5e-42  138.1   0.3     1    84     4    90     4    90 0.98 -
1633672at2759_39758_0:0029ab|NODE_196_length_27441_cov_81.877284:24110-24420   -             91 1633672at2759        -             84   1.4e-42  138.2   0.3   1   1   1.6e-42   1.6e-42  138.0   0.3     1    84     5    91     5    91 0.98 -
1633672at2759_588596_1:000c07|NODE_196_length_27441_cov_81.877284:24110-24420  -             91 1633672at2759        -             84   1.4e-42  138.2   0.3   1   1   1.6e-42   1.6e-42  138.0   0.3     1    84     5    91     5    91 0.98 -
1633672at2759_112268_0:00012e|NODE_196_length_27441_cov_81.877284:24110-24423  -             92 1633672at2759        -             84   1.5e-42  138.1   0.3   1   1   1.6e-42   1.6e-42  138.0   0.3     1    84     6    92     6    92 0.98 -
1633672at2759_13333_0:000b2f|NODE_196_length_27441_cov_81.877284:24110-24423   -             92 1633672at2759        -             84   1.5e-42  138.1   0.3   1   1   1.6e-42   1.6e-42  138.0   0.3     1    84     6    92     6    92 0.98 -
1633672at2759_1357716_1:00236e|NODE_196_length_27441_cov_81.877284:24110-24423 -             92 1633672at2759        -             84   1.5e-42  138.1   0.3   1   1   1.6e-42   1.6e-42  138.0   0.3     1    84     6    92     6    92 0.98 -
1633672at2759_33119_0:000d60|NODE_196_length_27441_cov_81.877284:24110-24423   -             92 1633672at2759        -             84   1.5e-42  138.1   0.3   1   1   1.6e-42   1.6e-42  138.0   0.3     1    84     6    92     6    92 0.98 -
1633672at2759_3750_0:007e20|NODE_196_length_27441_cov_81.877284:24110-24423    -             92 1633672at2759        -             84   1.5e-42  138.1   0.3   1   1   1.6e-42   1.6e-42  138.0   0.3     1    84     6    92     6    92 0.98 -
1633672at2759_37653_0:0001c5|NODE_196_length_27441_cov_81.877284:24110-24423   -             92 1633672at2759        -             84   1.5e-42  138.1   0.3   1   1   1.6e-42   1.6e-42  138.0   0.3     1    84     6    92     6    92 0.98 -
1633672at2759_4039_0:003478|NODE_196_length_27441_cov_81.877284:24110-24423    -             92 1633672at2759        -             84   1.5e-42  138.1   0.3   1   1   1.6e-42   1.6e-42  138.0   0.3     1    84     6    92     6    92 0.98 -
1633672at2759_4533_0:000601|NODE_196_length_27441_cov_81.877284:24110-24423    -             92 1633672at2759        -             84   1.5e-42  138.1   0.3   1   1   1.6e-42   1.6e-42  138.0   0.3     1    84     6    92     6    92 0.98 -
1633672at2759_4565_0:00e2e1|NODE_196_length_27441_cov_81.877284:24110-24423    -             92 1633672at2759        -             84   1.5e-42  138.1   0.3   1   1   1.6e-42   1.6e-42  138.0   0.3     1    84     6    92     6    92 0.98 -
1633672at2759_4577_0:002f1e|NODE_196_length_27441_cov_81.877284:24110-24423    -             92 1633672at2759        -             84   1.5e-42  138.1   0.3   1   1   1.6e-42   1.6e-42  138.0   0.3     1    84     6    92     6    92 0.98 -
1633672at2759_6210_0:0023ea|NODE_196_length_27441_cov_81.877284:24113-24423    -             92 1633672at2759        -             84   1.5e-42  138.1   0.3   1   1   1.6e-42   1.6e-42  138.0   0.3     1    84     6    92     6    92 0.98 -
1633672at2759_66656_0:0032d2|NODE_196_length_27441_cov_81.877284:24110-24423   -             92 1633672at2759        -             84   1.5e-42  138.1   0.3   1   1   1.6e-42   1.6e-42  138.0   0.3     1    84     6    92     6    92 0.98 -
1633672at2759_684364_1:0015db|NODE_196_length_27441_cov_81.877284:24110-24423  -             92 1633672at2759        -             84   1.5e-42  138.1   0.3   1   1   1.6e-42   1.6e-42  138.0   0.3     1    84     6    92     6    92 0.98 -
1633672at2759_6958_0:0011f4|NODE_196_length_27441_cov_81.877284:24110-24423    -             92 1633672at2759        -             84   1.5e-42  138.1   0.3   1   1   1.6e-42   1.6e-42  138.0   0.3     1    84     6    92     6    92 0.98 -
1633672at2759_75702_0:004343|NODE_196_length_27441_cov_81.877284:24110-24423   -             92 1633672at2759        -             84   1.5e-42  138.1   0.3   1   1   1.6e-42   1.6e-42  138.0   0.3     1    84     6    92     6    92 0.98 -
1633672at2759_1133968_1:00027d|NODE_196_length_27441_cov_81.877284:24110-24426 -             93 1633672at2759        -             84   1.5e-42  138.1   0.3   1   1   1.7e-42   1.7e-42  137.9   0.3     1    84     7    93     7    93 0.98 -
1633672at2759_1314790_1:0018b3|NODE_196_length_27441_cov_81.877284:24110-24426 -             93 1633672at2759        -             84   1.5e-42  138.1   0.3   1   1   1.7e-42   1.7e-42  137.9   0.3     1    84     7    93     7    93 0.98 -
1633672at2759_483514_1:00007c|NODE_196_length_27441_cov_81.877284:24110-24426  -             93 1633672at2759        -             84   1.5e-42  138.1   0.3   1   1   1.7e-42   1.7e-42  137.9   0.3     1    84     7    93     7    93 0.98 -
1633672at2759_6183_0:0003b2|NODE_196_length_27441_cov_81.877284:24110-24426    -             93 1633672at2759        -             84   1.5e-42  138.1   0.3   1   1   1.7e-42   1.7e-42  137.9   0.3     1    84     7    93     7    93 0.98 -
1633672at2759_6198_0:002a1c|NODE_196_length_27441_cov_81.877284:24110-24426    -             93 1633672at2759        -             84   1.5e-42  138.1   0.3   1   1   1.7e-42   1.7e-42  137.9   0.3     1    84     7    93     7    93 0.98 -
1633672at2759_650164_1:000741|NODE_196_length_27441_cov_81.877284:24110-24426  -             93 1633672at2759        -             84   1.5e-42  138.1   0.3   1   1   1.7e-42   1.7e-42  137.9   0.3     1    84     7    93     7    93 0.98 -
1633672at2759_653667_1:00078c|NODE_196_length_27441_cov_81.877284:24110-24426  -             93 1633672at2759        -             84   1.5e-42  138.1   0.3   1   1   1.7e-42   1.7e-42  137.9   0.3     1    84     7    93     7    93 0.98 -
1633672at2759_745531_1:001458|NODE_196_length_27441_cov_81.877284:24110-24426  -             93 1633672at2759        -             84   1.5e-42  138.1   0.3   1   1   1.7e-42   1.7e-42  137.9   0.3     1    84     7    93     7    93 0.98 -
1633672at2759_765440_1:000633|NODE_196_length_27441_cov_81.877284:24110-24426  -             93 1633672at2759        -             84   1.5e-42  138.1   0.3   1   1   1.7e-42   1.7e-42  137.9   0.3     1    84     7    93     7    93 0.98 -
1633672at2759_988480_1:000d7c|NODE_196_length_27441_cov_81.877284:24110-24426  -             93 1633672at2759        -             84   1.5e-42  138.1   0.3   1   1   1.7e-42   1.7e-42  137.9   0.3     1    84     7    93     7    93 0.98 -
1633672at2759_1041015_0:0020f8|NODE_196_length_27441_cov_81.877284:24110-24429 -             94 1633672at2759        -             84   1.6e-42  138.0   0.3   1   1   1.8e-42   1.8e-42  137.9   0.3     1    84     8    94     8    94 0.98 -
1633672at2759_29655_0:0041cb|NODE_196_length_27441_cov_81.877284:24110-24429   -             94 1633672at2759        -             84   1.6e-42  138.0   0.3   1   1   1.8e-42   1.8e-42  137.9   0.3     1    84     8    94     8    94 0.98 -
1633672at2759_296587_0:0021c8|NODE_196_length_27441_cov_81.877284:24110-24429  -             94 1633672at2759        -             84   1.6e-42  138.0   0.3   1   1   1.8e-42   1.8e-42  137.9   0.3     1    84     8    94     8    94 0.98 -
1633672at2759_554065_0:001caf|NODE_196_length_27441_cov_81.877284:24110-24429  -             94 1633672at2759        -             84   1.6e-42  138.0   0.3   1   1   1.8e-42   1.8e-42  137.9   0.3     1    84     8    94     8    94 0.98 -
1633672at2759_574566_0:000747|NODE_196_length_27441_cov_81.877284:24110-24429  -             94 1633672at2759        -             84   1.6e-42  138.0   0.3   1   1   1.8e-42   1.8e-42  137.9   0.3     1    84     8    94     8    94 0.98 -
1633672at2759_698492_1:0005d4|NODE_196_length_27441_cov_81.877284:24113-24429  -             94 1633672at2759        -             84   1.6e-42  138.0   0.3   1   1   1.8e-42   1.8e-42  137.9   0.3     1    84     8    94     8    94 0.98 -
1633672at2759_70448_0:0017e8|NODE_196_length_27441_cov_81.877284:24110-24429   -             94 1633672at2759        -             84   1.6e-42  138.0   0.3   1   1   1.8e-42   1.8e-42  137.9   0.3     1    84     8    94     8    94 0.98 -
1633672at2759_7237_0:0024db|NODE_196_length_27441_cov_81.877284:24110-24429    -             94 1633672at2759        -             84   1.6e-42  138.0   0.3   1   1   1.8e-42   1.8e-42  137.9   0.3     1    84     8    94     8    94 0.98 -
1633672at2759_121845_0:0039a2|NODE_196_length_27441_cov_81.877284:24110-24432  -             95 1633672at2759        -             84   1.6e-42  138.0   0.3   1   1   1.9e-42   1.9e-42  137.8   0.3     1    84     9    95     9    95 0.98 -
1633672at2759_1344416_1:002ab8|NODE_196_length_27441_cov_81.877284:24110-24432 -             95 1633672at2759        -             84   1.6e-42  138.0   0.3   1   1   1.9e-42   1.9e-42  137.8   0.3     1    84     9    95     9    95 0.98 -
1633672at2759_142615_0:000380|NODE_196_length_27441_cov_81.877284:24110-24432  -             95 1633672at2759        -             84   1.6e-42  138.0   0.3   1   1   1.9e-42   1.9e-42  137.8   0.3     1    84     9    95     9    95 0.98 -
1633672at2759_1480154_0:00395f|NODE_196_length_27441_cov_81.877284:24110-24432 -             95 1633672at2759        -             84   1.6e-42  138.0   0.3   1   1   1.9e-42   1.9e-42  137.8   0.3     1    84     9    95     9    95 0.98 -
1633672at2759_192259_0:0025b7|NODE_196_length_27441_cov_81.877284:24110-24432  -             95 1633672at2759        -             84   1.6e-42  138.0   0.3   1   1   1.9e-42   1.9e-42  137.8   0.3     1    84     9    95     9    95 0.98 -
1633672at2759_206008_0:0034c4|NODE_196_length_27441_cov_81.877284:24110-24432  -             95 1633672at2759        -             84   1.6e-42  138.0   0.3   1   1   1.9e-42   1.9e-42  137.8   0.3     1    84     9    95     9    95 0.98 -
1633672at2759_214687_0:001bae|NODE_196_length_27441_cov_81.877284:24110-24432  -             95 1633672at2759        -             84   1.6e-42  138.0   0.3   1   1   1.9e-42   1.9e-42  137.8   0.3     1    84     9    95     9    95 0.98 -
1633672at2759_218851_0:00385d|NODE_196_length_27441_cov_81.877284:24110-24432  -             95 1633672at2759        -             84   1.6e-42  138.0   0.3   1   1   1.9e-42   1.9e-42  137.8   0.3     1    84     9    95     9    95 0.98 -
1633672at2759_28532_0:002587|NODE_196_length_27441_cov_81.877284:24110-24432   -             95 1633672at2759        -             84   1.6e-42  138.0   0.3   1   1   1.9e-42   1.9e-42  137.8   0.3     1    84     9    95     9    95 0.98 -
1633672at2759_3075_0:000778|NODE_196_length_27441_cov_81.877284:24110-24432    -             95 1633672at2759        -             84   1.6e-42  138.0   0.3   1   1   1.9e-42   1.9e-42  137.8   0.3     1    84     9    95     9    95 0.98 -
1633672at2759_3218_0:0049ad|NODE_196_length_27441_cov_81.877284:24110-24432    -             95 1633672at2759        -             84   1.6e-42  138.0   0.3   1   1   1.9e-42   1.9e-42  137.8   0.3     1    84     9    95     9    95 0.98 -
1633672at2759_326968_0:001e4d|NODE_196_length_27441_cov_81.877284:24110-24432  -             95 1633672at2759        -             84   1.6e-42  138.0   0.3   1   1   1.9e-42   1.9e-42  137.8   0.3     1    84     9    95     9    95 0.98 -
1633672at2759_3656_0:00127b|NODE_196_length_27441_cov_81.877284:24110-24432    -             95 1633672at2759        -             84   1.6e-42  138.0   0.3   1   1   1.9e-42   1.9e-42  137.8   0.3     1    84     9    95     9    95 0.98 -
1633672at2759_3702_0:00073b|NODE_196_length_27441_cov_81.877284:24110-24432    -             95 1633672at2759        -             84   1.6e-42  138.0   0.3   1   1   1.9e-42   1.9e-42  137.8   0.3     1    84     9    95     9    95 0.98 -
1633672at2759_3711_0:001a13|NODE_196_length_27441_cov_81.877284:24110-24432    -             95 1633672at2759        -             84   1.6e-42  138.0   0.3   1   1   1.9e-42   1.9e-42  137.8   0.3     1    84     9    95     9    95 0.98 -
1633672at2759_3711_0:006346|NODE_196_length_27441_cov_81.877284:24110-24432    -             95 1633672at2759        -             84   1.6e-42  138.0   0.3   1   1   1.9e-42   1.9e-42  137.8   0.3     1    84     9    95     9    95 0.98 -
1633672at2759_3760_0:00553d|NODE_196_length_27441_cov_81.877284:24110-24432    -             95 1633672at2759        -             84   1.6e-42  138.0   0.3   1   1   1.9e-42   1.9e-42  137.8   0.3     1    84     9    95     9    95 0.98 -
1633672at2759_37682_0:0091ac|NODE_196_length_27441_cov_81.877284:24110-24432   -             95 1633672at2759        -             84   1.6e-42  138.0   0.3   1   1   1.9e-42   1.9e-42  137.8   0.3     1    84     9    95     9    95 0.98 -
1633672at2759_3775_0:000120|NODE_196_length_27441_cov_81.877284:24110-24432    -             95 1633672at2759        -             84   1.6e-42  138.0   0.3   1   1   1.9e-42   1.9e-42  137.8   0.3     1    84     9    95     9    95 0.98 -
1633672at2759_3847_0:000b3f|NODE_196_length_27441_cov_81.877284:24110-24432    -             95 1633672at2759        -             84   1.6e-42  138.0   0.3   1   1   1.9e-42   1.9e-42  137.8   0.3     1    84     9    95     9    95 0.98 -
1633672at2759_3885_0:002815|NODE_196_length_27441_cov_81.877284:24110-24432    -             95 1633672at2759        -             84   1.6e-42  138.0   0.3   1   1   1.9e-42   1.9e-42  137.8   0.3     1    84     9    95     9    95 0.98 -
1633672at2759_3981_0:007cd5|NODE_196_length_27441_cov_81.877284:24110-24432    -             95 1633672at2759        -             84   1.6e-42  138.0   0.3   1   1   1.9e-42   1.9e-42  137.8   0.3     1    84     9    95     9    95 0.98 -
1633672at2759_4182_0:0014eb|NODE_196_length_27441_cov_81.877284:24110-24432    -             95 1633672at2759        -             84   1.6e-42  138.0   0.3   1   1   1.9e-42   1.9e-42  137.8   0.3     1    84     9    95     9    95 0.98 -
1633672at2759_4615_0:00021d|NODE_196_length_27441_cov_81.877284:24110-24432    -             95 1633672at2759        -             84   1.6e-42  138.0   0.3   1   1   1.9e-42   1.9e-42  137.8   0.3     1    84     9    95     9    95 0.98 -
1633672at2759_472368_0:00a544|NODE_196_length_27441_cov_81.877284:24110-24432  -             95 1633672at2759        -             84   1.6e-42  138.0   0.3   1   1   1.9e-42   1.9e-42  137.8   0.3     1    84     9    95     9    95 0.98 -
1633672at2759_51240_0:003020|NODE_196_length_27441_cov_81.877284:24110-24432   -             95 1633672at2759        -             84   1.6e-42  138.0   0.3   1   1   1.9e-42   1.9e-42  137.8   0.3     1    84     9    95     9    95 0.98 -
1633672at2759_51953_0:000fc2|NODE_196_length_27441_cov_81.877284:24110-24432   -             95 1633672at2759        -             84   1.6e-42  138.0   0.3   1   1   1.9e-42   1.9e-42  137.8   0.3     1    84     9    95     9    95 0.98 -
1633672at2759_58331_0:000f1a|NODE_196_length_27441_cov_81.877284:24110-24432   -             95 1633672at2759        -             84   1.6e-42  138.0   0.3   1   1   1.9e-42   1.9e-42  137.8   0.3     1    84     9    95     9    95 0.98 -
1633672at2759_77166_0:002d7a|NODE_196_length_27441_cov_81.877284:24110-24432   -             95 1633672at2759        -             84   1.6e-42  138.0   0.3   1   1   1.9e-42   1.9e-42  137.8   0.3     1    84     9    95     9    95 0.98 -
1633672at2759_81972_0:001344|NODE_196_length_27441_cov_81.877284:24110-24432   -             95 1633672at2759        -             84   1.6e-42  138.0   0.3   1   1   1.9e-42   1.9e-42  137.8   0.3     1    84     9    95     9    95 0.98 -
1633672at2759_81985_0:00117d|NODE_196_length_27441_cov_81.877284:24110-24432   -             95 1633672at2759        -             84   1.6e-42  138.0   0.3   1   1   1.9e-42   1.9e-42  137.8   0.3     1    84     9    95     9    95 0.98 -
1633672at2759_88036_0:0045e1|NODE_196_length_27441_cov_81.877284:24110-24432   -             95 1633672at2759        -             84   1.6e-42  138.0   0.3   1   1   1.9e-42   1.9e-42  137.8   0.3     1    84     9    95     9    95 0.98 -
1633672at2759_105231_0:001597|NODE_196_length_27441_cov_81.877284:24110-24435  -             96 1633672at2759        -             84   1.7e-42  137.9   0.3   1   1   1.9e-42   1.9e-42  137.7   0.3     1    84    10    96    10    96 0.98 -
1633672at2759_13037_0:0034d1|NODE_196_length_27441_cov_81.877284:24110-24435   -             96 1633672at2759        -             84   1.7e-42  137.9   0.3   1   1   1.9e-42   1.9e-42  137.7   0.3     1    84    10    96    10    96 0.98 -
1633672at2759_1754190_1:0015de|NODE_196_length_27441_cov_81.877284:24110-24435 -             96 1633672at2759        -             84   1.7e-42  137.9   0.3   1   1   1.9e-42   1.9e-42  137.7   0.3     1    84    10    96    10    96 0.98 -
1633672at2759_206008_0:004b94|NODE_196_length_27441_cov_81.877284:24110-24435  -             96 1633672at2759        -             84   1.7e-42  137.9   0.3   1   1   1.9e-42   1.9e-42  137.7   0.3     1    84    10    96    10    96 0.98 -
1633672at2759_29031_0:00091d|NODE_196_length_27441_cov_81.877284:24110-24435   -             96 1633672at2759        -             84   1.7e-42  137.9   0.3   1   1   1.9e-42   1.9e-42  137.7   0.3     1    84    10    96    10    96 0.98 -
1633672at2759_3562_0:0036ec|NODE_196_length_27441_cov_81.877284:24110-24435    -             96 1633672at2759        -             84   1.7e-42  137.9   0.3   1   1   1.9e-42   1.9e-42  137.7   0.3     1    84    10    96    10    96 0.98 -
1633672at2759_3900_0:009c56|NODE_196_length_27441_cov_81.877284:24110-24435    -             96 1633672at2759        -             84   1.7e-42  137.9   0.3   1   1   1.9e-42   1.9e-42  137.7   0.3     1    84    10    96    10    96 0.98 -
1633672at2759_42514_0:004d42|NODE_196_length_27441_cov_81.877284:24110-24435   -             96 1633672at2759        -             84   1.7e-42  137.9   0.3   1   1   1.9e-42   1.9e-42  137.7   0.3     1    84    10    96    10    96 0.98 -
1633672at2759_436017_0:001bd9|NODE_196_length_27441_cov_81.877284:24110-24435  -             96 1633672at2759        -             84   1.7e-42  137.9   0.3   1   1   1.9e-42   1.9e-42  137.7   0.3     1    84    10    96    10    96 0.98 -
1633672at2759_5763_1:001e10|NODE_196_length_27441_cov_81.877284:24113-24435    -             96 1633672at2759        -             84   1.7e-42  137.9   0.3   1   1   1.9e-42   1.9e-42  137.7   0.3     1    84    10    96    10    96 0.98 -
1633672at2759_63459_0:002927|NODE_196_length_27441_cov_81.877284:24110-24435   -             96 1633672at2759        -             84   1.7e-42  137.9   0.3   1   1   1.9e-42   1.9e-42  137.7   0.3     1    84    10    96    10    96 0.98 -
1633672at2759_70779_0:0023af|NODE_196_length_27441_cov_81.877284:24110-24435   -             96 1633672at2759        -             84   1.7e-42  137.9   0.3   1   1   1.9e-42   1.9e-42  137.7   0.3     1    84    10    96    10    96 0.98 -
1633672at2759_7200_0:000ad1|NODE_196_length_27441_cov_81.877284:24110-24435    -             96 1633672at2759        -             84   1.7e-42  137.9   0.3   1   1   1.9e-42   1.9e-42  137.7   0.3     1    84    10    96    10    96 0.98 -
1633672at2759_7741_0:003868|NODE_196_length_27441_cov_81.877284:24110-24435    -             96 1633672at2759        -             84   1.7e-42  137.9   0.3   1   1   1.9e-42   1.9e-42  137.7   0.3     1    84    10    96    10    96 0.98 -
1633672at2759_54383_0:001a04|NODE_196_length_27441_cov_81.877284:24110-24438   -             97 1633672at2759        -             84   1.8e-42  137.9   0.3   1   1     2e-42     2e-42  137.7   0.3     1    84    11    97    11    97 0.98 -
1633672at2759_9135_0:001b3b|NODE_196_length_27441_cov_81.877284:24110-24441    -             98 1633672at2759        -             84   1.8e-42  137.8   0.3   1   1   2.1e-42   2.1e-42  137.6   0.3     1    84    12    98    12    98 0.98 -
1633672at2759_1415176_0:0028c6|NODE_196_length_27441_cov_81.877284:24110-24447 -            100 1633672at2759        -             84   1.9e-42  137.7   0.3   1   1   2.2e-42   2.2e-42  137.5   0.3     1    84    14   100    14   100 0.98 -
1633672at2759_109280_0:004eda|NODE_196_length_27441_cov_81.877284:24110-24453  -            102 1633672at2759        -             84   2.1e-42  137.7   0.3   1   1   2.4e-42   2.4e-42  137.4   0.3     1    84    16   102    16   102 0.98 -
1633672at2759_188379_0:001ce8|NODE_196_length_27441_cov_81.877284:24110-24456  -            103 1633672at2759        -             84   2.1e-42  137.6   0.3   1   1   2.5e-42   2.5e-42  137.4   0.3     1    84    17   103    17   103 0.98 -
1633672at2759_166361_0:0018cf|NODE_196_length_27441_cov_81.877284:24110-24462  -            105 1633672at2759        -             84   2.2e-42  137.5   0.3   1   1   2.7e-42   2.7e-42  137.3   0.3     1    84    19   105    19   105 0.98 -
1633672at2759_9244_0:00008d|NODE_196_length_27441_cov_81.877284:24110-24468    -            107 1633672at2759        -             84   2.4e-42  137.5   0.3   1   1   2.9e-42   2.9e-42  137.2   0.3     1    84    21   107    21   107 0.98 -
1633672at2759_123851_0:001a6a|NODE_196_length_27441_cov_81.877284:24110-24483  -            112 1633672at2759        -             84   2.6e-42  137.4   0.3   1   1   3.3e-42   3.3e-42  137.0   0.3     1    84    26   112    26   112 0.98 -
1633672at2759_10036_0:001f1e|NODE_196_length_27441_cov_81.877284:24116-24408   -             86 1633672at2759        -             84   2.7e-42  137.3   0.2   1   1     3e-42     3e-42  137.1   0.2     1    83     1    86     1    86 0.98 -
1633672at2759_1169474_1:00421a|NODE_196_length_27441_cov_81.877284:24116-24408 -             86 1633672at2759        -             84   2.7e-42  137.3   0.2   1   1     3e-42     3e-42  137.1   0.2     1    83     1    86     1    86 0.98 -
1633672at2759_29053_0:000ff2|NODE_196_length_27441_cov_81.877284:24116-24408   -             86 1633672at2759        -             84   2.7e-42  137.3   0.2   1   1     3e-42     3e-42  137.1   0.2     1    83     1    86     1    86 0.98 -
1633672at2759_326594_0:000952|NODE_196_length_27441_cov_81.877284:24116-24408  -             86 1633672at2759        -             84   2.7e-42  137.3   0.2   1   1     3e-42     3e-42  137.1   0.2     1    83     1    86     1    86 0.98 -
1633672at2759_535359_0:001c68|NODE_196_length_27441_cov_81.877284:24116-24408  -             86 1633672at2759        -             84   2.7e-42  137.3   0.2   1   1     3e-42     3e-42  137.1   0.2     1    83     1    86     1    86 0.98 -
1633672at2759_597456_0:00242b|NODE_196_length_27441_cov_81.877284:24116-24408  -             86 1633672at2759        -             84   2.7e-42  137.3   0.2   1   1     3e-42     3e-42  137.1   0.2     1    83     1    86     1    86 0.98 -
1633672at2759_64838_0:00139b|NODE_196_length_27441_cov_81.877284:24116-24408   -             86 1633672at2759        -             84   2.7e-42  137.3   0.2   1   1     3e-42     3e-42  137.1   0.2     1    83     1    86     1    86 0.98 -
1633672at2759_69319_0:001f35|NODE_196_length_27441_cov_81.877284:24116-24408   -             86 1633672at2759        -             84   2.7e-42  137.3   0.2   1   1     3e-42     3e-42  137.1   0.2     1    83     1    86     1    86 0.98 -
1633672at2759_7493_0:000e65|NODE_196_length_27441_cov_81.877284:24116-24408    -             86 1633672at2759        -             84   2.7e-42  137.3   0.2   1   1     3e-42     3e-42  137.1   0.2     1    83     1    86     1    86 0.98 -
1633672at2759_675824_1:000675|NODE_196_length_27441_cov_81.877284:24116-24411  -             87 1633672at2759        -             84   2.8e-42  137.2   0.2   1   1   3.1e-42   3.1e-42  137.1   0.2     1    83     2    87     2    87 0.98 -
1633672at2759_13164_0:0026c6|NODE_196_length_27441_cov_81.877284:24116-24414   -             88 1633672at2759        -             84   2.9e-42  137.2   0.2   1   1   3.3e-42   3.3e-42  137.0   0.2     1    83     3    88     3    88 0.98 -
1633672at2759_671144_1:000df8|NODE_196_length_27441_cov_81.877284:24116-24420  -             90 1633672at2759        -             84   3.2e-42  137.0   0.2   1   1   3.6e-42   3.6e-42  136.9   0.2     1    83     5    90     5    90 0.98 -
1633672at2759_9305_0:004bb4|NODE_196_length_27441_cov_81.877284:24110-24405    -             86 1633672at2759        -             84   3.4e-42  137.0   0.2   1   1   3.7e-42   3.7e-42  136.8   0.2     2    84     1    86     1    86 0.98 -
1633672at2759_58331_0:001ecf|NODE_196_length_27441_cov_81.877284:24116-24432   -             94 1633672at2759        -             84   3.7e-42  136.8   0.2   1   1   4.2e-42   4.2e-42  136.7   0.2     1    83     9    94     9    94 0.98 -
1633672at2759_6334_0:00173c|NODE_196_length_27441_cov_81.877284:24116-24462    -            104 1633672at2759        -             84   5.1e-42  136.4   0.2   1   1   6.1e-42   6.1e-42  136.1   0.2     1    83    19   104    19   104 0.98 -
1633672at2759_1001833_1:001cdf|NODE_196_length_27441_cov_81.877284:24119-24408 -             85 1633672at2759        -             84   5.6e-42  136.3   0.3   1   1   6.2e-42   6.2e-42  136.1   0.3     1    82     1    85     1    85 0.98 -
1633672at2759_1813822_1:002f41|NODE_196_length_27441_cov_81.877284:24119-24408 -             85 1633672at2759        -             84   5.6e-42  136.3   0.3   1   1   6.2e-42   6.2e-42  136.1   0.3     1    82     1    85     1    85 0.98 -
1633672at2759_196109_1:002314|NODE_196_length_27441_cov_81.877284:24119-24408  -             85 1633672at2759        -             84   5.6e-42  136.3   0.3   1   1   6.2e-42   6.2e-42  136.1   0.3     1    82     1    85     1    85 0.98 -
1633672at2759_39416_1:00179e|NODE_196_length_27441_cov_81.877284:24119-24408   -             85 1633672at2759        -             84   5.6e-42  136.3   0.3   1   1   6.2e-42   6.2e-42  136.1   0.3     1    82     1    85     1    85 0.98 -
1633672at2759_400682_0:000a54|NODE_196_length_27441_cov_81.877284:24119-24408  -             85 1633672at2759        -             84   5.6e-42  136.3   0.3   1   1   6.2e-42   6.2e-42  136.1   0.3     1    82     1    85     1    85 0.98 -
1633672at2759_41875_0:000874|NODE_196_length_27441_cov_81.877284:24119-24408   -             85 1633672at2759        -             84   5.6e-42  136.3   0.3   1   1   6.2e-42   6.2e-42  136.1   0.3     1    82     1    85     1    85 0.98 -
1633672at2759_59538_0:005c49|NODE_196_length_27441_cov_81.877284:24119-24408   -             85 1633672at2759        -             84   5.6e-42  136.3   0.3   1   1   6.2e-42   6.2e-42  136.1   0.3     1    82     1    85     1    85 0.98 -
1633672at2759_77044_1:00128b|NODE_196_length_27441_cov_81.877284:24119-24408   -             85 1633672at2759        -             84   5.6e-42  136.3   0.3   1   1   6.2e-42   6.2e-42  136.1   0.3     1    82     1    85     1    85 0.98 -
1633672at2759_237895_1:000849|NODE_196_length_27441_cov_81.877284:24119-24411  -             86 1633672at2759        -             84   5.9e-42  136.2   0.3   1   1   6.5e-42   6.5e-42  136.1   0.3     1    82     2    86     2    86 0.98 -
1633672at2759_857276_1:0000c7|NODE_196_length_27441_cov_81.877284:24119-24411  -             86 1633672at2759        -             84   5.9e-42  136.2   0.3   1   1   6.5e-42   6.5e-42  136.1   0.3     1    82     2    86     2    86 0.98 -
1633672at2759_441375_1:00070c|NODE_196_length_27441_cov_81.877284:24119-24414  -             87 1633672at2759        -             84   6.1e-42  136.1   0.3   1   1   6.8e-42   6.8e-42  136.0   0.3     1    82     3    87     3    87 0.98 -
1633672at2759_56086_0:003968|NODE_196_length_27441_cov_81.877284:24119-24414   -             87 1633672at2759        -             84   6.1e-42  136.1   0.3   1   1   6.8e-42   6.8e-42  136.0   0.3     1    82     3    87     3    87 0.98 -
1633672at2759_117008_1:000f07|NODE_196_length_27441_cov_81.877284:24119-24420  -             89 1633672at2759        -             84   6.6e-42  136.0   0.3   1   1   7.4e-42   7.4e-42  135.9   0.3     1    82     5    89     5    89 0.98 -
1633672at2759_944170_1:000032|NODE_196_length_27441_cov_81.877284:24119-24420  -             89 1633672at2759        -             84   6.6e-42  136.0   0.3   1   1   7.4e-42   7.4e-42  135.9   0.3     1    82     5    89     5    89 0.98 -
1633672at2759_319348_0:0010be|NODE_196_length_27441_cov_81.877284:24119-24435  -             94 1633672at2759        -             84     8e-42  135.8   0.3   1   1   9.2e-42   9.2e-42  135.6   0.3     1    82    10    94    10    94 0.98 -
1633672at2759_7004_0:002ee9|NODE_196_length_27441_cov_81.877284:24119-24444    -             97 1633672at2759        -             84   8.9e-42  135.6   0.3   1   1     1e-41     1e-41  135.4   0.3     1    82    13    97    13    97 0.98 -
1633672at2759_1382522_1:000480|NODE_196_length_27441_cov_81.877284:24110-24402 -             85 1633672at2759        -             84   9.7e-42  135.5   0.2   1   1   1.1e-41   1.1e-41  135.4   0.2     3    84     1    85     1    85 0.98 -
1633672at2759_645134_1:0001ed|NODE_196_length_27441_cov_81.877284:24110-24402  -             85 1633672at2759        -             84   9.7e-42  135.5   0.2   1   1   1.1e-41   1.1e-41  135.4   0.2     3    84     1    85     1    85 0.98 -
1633672at2759_1052685_1:00119e|NODE_196_length_27441_cov_81.877284:24122-24408 -             84 1633672at2759        -             84   1.7e-41  134.7   0.4   1   1   1.9e-41   1.9e-41  134.6   0.4     1    81     1    84     1    84 0.98 -
1633672at2759_1714833_1:000bef|NODE_196_length_27441_cov_81.877284:24122-24408 -             84 1633672at2759        -             84   1.7e-41  134.7   0.4   1   1   1.9e-41   1.9e-41  134.6   0.4     1    81     1    84     1    84 0.98 -
1633672at2759_1229662_1:0012b8|NODE_196_length_27441_cov_81.877284:24119-24402 -             83 1633672at2759        -             84   4.5e-41  133.4   0.2   1   1     5e-41     5e-41  133.2   0.2     3    82     1    83     1    83 0.98 -
1633672at2759_1314782_1:0006bd|NODE_196_length_27441_cov_81.877284:24125-24408 -             83 1633672at2759        -             84   1.1e-40  132.1   0.7   1   1   1.3e-40   1.3e-40  131.9   0.7     1    80     1    83     1    83 0.98 -
1633672at2759_1423351_1:000466|NODE_196_length_27441_cov_81.877284:24125-24408 -             83 1633672at2759        -             84   1.1e-40  132.1   0.7   1   1   1.3e-40   1.3e-40  131.9   0.7     1    80     1    83     1    83 0.98 -
1633672at2759_361077_1:000ab1|NODE_196_length_27441_cov_81.877284:24125-24408  -             83 1633672at2759        -             84   1.1e-40  132.1   0.7   1   1   1.3e-40   1.3e-40  131.9   0.7     1    80     1    83     1    83 0.98 -
1633672at2759_717982_1:004aa6|NODE_196_length_27441_cov_81.877284:24125-24408  -             83 1633672at2759        -             84   1.1e-40  132.1   0.7   1   1   1.3e-40   1.3e-40  131.9   0.7     1    80     1    83     1    83 0.98 -
1633672at2759_93625_1:00397f|NODE_196_length_27441_cov_81.877284:24125-24408   -             83 1633672at2759        -             84   1.1e-40  132.1   0.7   1   1   1.3e-40   1.3e-40  131.9   0.7     1    80     1    83     1    83 0.98 -
1633672at2759_744533_1:0018bb|NODE_196_length_27441_cov_81.877284:24125-24423  -             88 1633672at2759        -             84   1.4e-40  131.8   0.7   1   1   1.6e-40   1.6e-40  131.6   0.7     1    80     6    88     6    88 0.98 -
1633672at2759_1754190_1:00222f|NODE_196_length_27441_cov_81.877284:24125-24435 -             92 1633672at2759        -             84   1.7e-40  131.6   0.7   1   1   1.9e-40   1.9e-40  131.4   0.7     1    80    10    92    10    92 0.98 -
1633672at2759_50429_0:0014be|NODE_196_length_27441_cov_81.877284:24110-24408   -             99 1633672at2759        -             84   9.7e-39  125.9   0.5   1   1   7.8e-37   7.8e-37  119.8   0.5     1    84     1    99     1    99 0.92 -
1633672at2759_93759_0:008893|NODE_196_length_27441_cov_81.877284:24116-24432   -            106 1633672at2759        -             84   2.4e-38  124.6   0.6   1   1   2.7e-36   2.7e-36  118.1   0.6     1    83     9   106     9   106 0.92 -
1633672at2759_166423_0:001a3a|NODE_196_length_27441_cov_81.877284:24116-24423  -            103 1633672at2759        -             84   2.9e-38  124.3   0.4   1   1   2.1e-36   2.1e-36  118.4   0.4     1    83     6   103     6   103 0.92 -
1633672at2759_101127_1:0029b7|NODE_196_length_27441_cov_81.877284:24110-24408  -             99 1633672at2759        -             84   4.9e-38  123.6   0.4   1   1   9.5e-37   9.5e-37  119.5   0.4     1    84     1    99     1    99 0.94 -
1633672at2759_90675_0:006998|NODE_196_length_27441_cov_81.877284:24110-24432   -            107 1633672at2759        -             84   6.1e-38  123.3   0.4   1   1   1.2e-36   1.2e-36  119.1   0.4     1    84     9   107     9   107 0.94 -
1633672at2759_1182545_1:002adc|NODE_196_length_27441_cov_81.877284:24143-24408 -             77 1633672at2759        -             84   3.5e-37  120.9   0.7   1   1   3.9e-37   3.9e-37  120.8   0.7     1    74     1    77     1    77 0.98 -
1633672at2759_1295531_1:001704|NODE_196_length_27441_cov_81.877284:24125-24408 -             95 1633672at2759        -             84   1.2e-36  119.2   1.1   1   1   8.9e-35   8.9e-35  113.2   1.1     1    80     1    95     1    95 0.92 -
1633672at2759_1001937_1:0018f7|NODE_196_length_27441_cov_81.877284:24146-24408 -             76 1633672at2759        -             84   3.1e-36  117.8   0.6   1   1   3.4e-36   3.4e-36  117.7   0.6     1    73     1    76     1    76 0.98 -
1633672at2759_127582_0:000000|NODE_196_length_27441_cov_81.877284:24146-24408  -             76 1633672at2759        -             84   3.1e-36  117.8   0.6   1   1   3.4e-36   3.4e-36  117.7   0.6     1    73     1    76     1    76 0.98 -
1633672at2759_158383_0:006b00|NODE_196_length_27441_cov_81.877284:24149-24432  -             83 1633672at2759        -             84   4.2e-35  114.2   0.9   1   1   4.8e-35   4.8e-35  114.1   0.9     1    72     9    83     9    83 0.96 -
1633672at2759_75366_0:008c12|NODE_196_length_27441_cov_81.877284:24158-24408   -             72 1633672at2759        -             84   1.6e-34  112.4   1.0   1   1   1.8e-34   1.8e-34  112.2   1.0     1    68     1    68     1    71 0.97 -
1633672at2759_57577_0:009872|NODE_196_length_27441_cov_81.877284:24173-24423   -             72 1633672at2759        -             84   6.4e-34  110.4   1.5   1   1   7.1e-34   7.1e-34  110.3   1.5     1    67     6    72     6    72 0.99 -
1633672at2759_218467_0:001344|NODE_196_length_27441_cov_81.877284:24176-24408  -             66 1633672at2759        -             84   2.1e-33  108.8   1.4   1   1   2.2e-33   2.2e-33  108.7   1.4     1    66     1    66     1    66 0.98 -
1633672at2759_307959_0:006073|NODE_196_length_27441_cov_81.877284:24176-24408  -             66 1633672at2759        -             84   2.1e-33  108.8   1.4   1   1   2.2e-33   2.2e-33  108.7   1.4     1    66     1    66     1    66 0.98 -
1633672at2759_9925_0:003e28|NODE_196_length_27441_cov_81.877284:24176-24408    -             66 1633672at2759        -             84   2.1e-33  108.8   1.4   1   1   2.2e-33   2.2e-33  108.7   1.4     1    66     1    66     1    66 0.98 -
1633672at2759_9978_0:000d91|NODE_196_length_27441_cov_81.877284:24176-24408    -             66 1633672at2759        -             84   2.1e-33  108.8   1.4   1   1   2.2e-33   2.2e-33  108.7   1.4     1    66     1    66     1    66 0.98 -
1633672at2759_888268_0:000c5c|NODE_196_length_27441_cov_81.877284:24176-24432  -             74 1633672at2759        -             84   3.1e-33  108.3   1.4   1   1   3.4e-33   3.4e-33  108.1   1.4     1    66     9    74     9    74 0.98 -
1633672at2759_888268_0:000047|NODE_196_length_27441_cov_81.877284:24176-24435  -             75 1633672at2759        -             84   3.2e-33  108.2   1.4   1   1   3.6e-33   3.6e-33  108.0   1.4     1    66    10    75    10    75 0.98 -
1633672at2759_9258_0:001d8c|NODE_196_length_27441_cov_81.877284:24182-24408    -             64 1633672at2759        -             84   8.6e-33  106.8   1.6   1   1   9.3e-33   9.3e-33  106.7   1.6     1    64     1    64     1    64 0.98 -
1633672at2759_1157962_0:0019ba|NODE_196_length_27441_cov_81.877284:24182-24423 -             69 1633672at2759        -             84   1.1e-32  106.5   1.6   1   1   1.2e-32   1.2e-32  106.3   1.6     1    64     6    69     6    69 0.98 -
1633672at2759_3983_0:000a65|NODE_196_length_27441_cov_81.877284:24182-24432    -             72 1633672at2759        -             84   1.3e-32  106.3   1.6   1   1   1.5e-32   1.5e-32  106.1   1.6     1    64     9    72     9    72 0.98 -
1633672at2759_4098_0:00000f|NODE_196_length_27441_cov_81.877284:24182-24432    -             72 1633672at2759        -             84   1.3e-32  106.3   1.6   1   1   1.5e-32   1.5e-32  106.1   1.6     1    64     9    72     9    72 0.98 -
1633672at2759_56857_0:003396|NODE_196_length_27441_cov_81.877284:24182-24432   -             72 1633672at2759        -             84   1.3e-32  106.3   1.6   1   1   1.5e-32   1.5e-32  106.1   1.6     1    64     9    72     9    72 0.98 -
1633672at2759_42345_0:00157a|NODE_196_length_27441_cov_81.877284:24188-24432   -             70 1633672at2759        -             84   1.1e-31  103.3   1.7   1   1   1.2e-31   1.2e-31  103.1   1.7     1    62     9    70     9    70 0.98 -
1633672at2759_7962_0:00189a|NODE_196_length_27441_cov_81.877284:24110-24408    -             73 1633672at2759        -             84   5.1e-30   98.0   0.5   1   1   2.5e-27   2.5e-27   89.3   0.5     1    84     1    73     1    73 0.97 -
1633672at2759_329046_1:002b68|NODE_196_length_27441_cov_81.877284:24110-24423  -             78 1633672at2759        -             84   6.9e-30   97.5   0.5   1   1   3.2e-27   3.2e-27   89.0   0.5     1    84     6    78     6    78 0.97 -
1633672at2759_210143_0:0064e0|NODE_196_length_27441_cov_81.877284:24164-24432  -             90 1633672at2759        -             84   8.2e-30   97.3   3.1   1   1   7.3e-28   7.3e-28   91.0   3.1     1    68     9    88     9    89 0.91 -
1633672at2759_113334_0:001874|NODE_196_length_27441_cov_81.877284:24110-24462  -             91 1633672at2759        -             84   1.3e-29   96.6   0.5   1   1   5.6e-27   5.6e-27   88.2   0.5     1    84    19    91    19    91 0.97 -
1633672at2759_113334_0:001877|NODE_196_length_27441_cov_81.877284:24206-24462  -             74 1633672at2759        -             84   3.2e-29   95.4   1.3   1   1   3.8e-29   3.8e-29   95.1   1.3     1    56    19    74    19    74 0.98 -
1633672at2759_7536_0:002e0e|NODE_196_length_27441_cov_81.877284:24110-24311    -             67 1633672at2759        -             84   1.1e-24   80.9   0.0   1   1   1.2e-24   1.2e-24   80.7   0.0    29    84     9    67     5    67 0.95 -
1633672at2759_2786_0:00305f|NODE_196_length_27441_cov_81.877284:24110-24290    -             60 1633672at2759        -             84   1.2e-24   80.8   0.0   1   1   1.2e-24   1.2e-24   80.7   0.0    30    84     3    60     1    60 0.96 -
1633672at2759_94827_0:0037e8|NODE_196_length_27441_cov_81.877284:24110-24287   -             59 1633672at2759        -             84   1.2e-24   80.7   0.0   1   1   1.3e-24   1.3e-24   80.6   0.0    30    84     2    59     1    59 0.97 -
1633672at2759_10089_0:001980|NODE_196_length_27441_cov_81.877284:24110-24284   -             58 1633672at2759        -             84   1.5e-24   80.4   0.0   1   1   1.7e-24   1.7e-24   80.3   0.0    30    84     1    58     1    58 0.97 -
1633672at2759_1051891_1:002834|NODE_196_length_27441_cov_81.877284:24282-24408 -             43 1633672at2759        -             84   7.7e-15   49.3   0.1   1   1   7.8e-15   7.8e-15   49.3   0.1     1    32     1    32     1    40 0.93 -
1633672at2759_4572_0:005329|NODE_196_length_27441_cov_81.877284:24309-24432    -             42 1633672at2759        -             84   1.2e-14   48.6   0.1   1   1   1.3e-14   1.3e-14   48.5   0.1     1    31     9    39     9    42 0.96 -
#
# Program:         hmmsearch
# Version:         3.1b2 (February 2015)
# Pipeline mode:   SEARCH
# Query file:      mb_downloads/eukaryota_odb10/hmms/1633672at2759.hmm
# Target file:     -
# Option settings: /opt/conda/envs/compleasm/bin/hmmsearch --domtblout compleasm/eukaryota_odb10/hmmer_output/1633672at2759.out --cpu 1 mb_downloads/eukaryota_odb10/hmms/1633672at2759.hmm - 
# Current dir:     /in
# Date:            Tue Oct 22 12:39:31 2024
# [ok]
