#                                                                                                                                    --- full sequence --- -------------- this domain -------------   hmm coord   ali coord   env coord
# target name                                                                accession   tlen query name           accession   qlen   E-value  score  bias   #  of  c-Evalue  i-Evalue  score  bias  from    to  from    to  from    to  acc description of target
#                                                        ------------------- ---------- ----- -------------------- ---------- ----- --------- ------ ----- --- --- --------- --------- ------ ----- ----- ----- ----- ----- ----- ----- ---- ---------------------
261328at2759_5963_1:000b06|NODE_96_length_34233_cov_85.717883:15563-16300    -            186 261328at2759         -            450   1.9e-28   91.3   1.2   1   2   1.3e-19   1.5e-19   62.0   0.4    96   203     2   115     1   122 0.88 -
261328at2759_5963_1:000b06|NODE_96_length_34233_cov_85.717883:15563-16300    -            186 261328at2759         -            450   1.9e-28   91.3   1.2   2   2   1.5e-10   1.7e-10   32.1   0.0    79   149   110   183   109   186 0.89 -
261328at2759_46433_1:0077bf|NODE_1362_length_13205_cov_73.974482:10660-11685 -            218 261328at2759         -            450   1.4e-19   62.1   2.2   1   2   0.00011   0.00012   12.9   0.0   155   211     1    56     1    61 0.90 -
261328at2759_46433_1:0077bf|NODE_1362_length_13205_cov_73.974482:10660-11685 -            218 261328at2759         -            450   1.4e-19   62.1   2.2   2   2   7.2e-13     8e-13   39.8   0.5    95   204    63   181    62   188 0.86 -
261328at2759_74940_0:004d9a|NODE_10319_length_6510_cov_65.961293:455-833     -             89 261328at2759         -            450   1.4e-13   42.3   0.1   1   2      0.25      0.28    1.8   0.0   404   429     2    27     1    45 0.71 -
261328at2759_74940_0:004d9a|NODE_10319_length_6510_cov_65.961293:455-833     -             89 261328at2759         -            450   1.4e-13   42.3   0.1   2   2   8.6e-13   9.5e-13   39.5   0.0   413   449    47    83    26    84 0.90 -
261328at2759_75366_0:0065ff|NODE_10319_length_6510_cov_65.961293:707-833     -             43 261328at2759         -            450   2.9e-13   41.3   0.0   1   1   2.7e-13     3e-13   41.2   0.0   413   449     1    37     1    38 0.95 -
261328at2759_7950_0:00482b|NODE_10319_length_6510_cov_65.961293:707-833      -             43 261328at2759         -            450   2.9e-13   41.3   0.0   1   1   2.7e-13     3e-13   41.2   0.0   413   449     1    37     1    38 0.95 -
261328at2759_9823_0:003c39|NODE_10319_length_6510_cov_65.961293:455-818      -             90 261328at2759         -            450     3e-13   41.2   0.1   1   2      0.78      0.87    0.1   0.0   404   420     2    18     1    43 0.78 -
261328at2759_9823_0:003c39|NODE_10319_length_6510_cov_65.961293:455-818      -             90 261328at2759         -            450     3e-13   41.2   0.1   2   2   8.1e-13     9e-13   39.6   0.0   413   449    53    89    28    90 0.89 -
261328at2759_10089_0:002777|NODE_10319_length_6510_cov_65.961293:455-833     -             95 261328at2759         -            450   3.5e-13   40.9   0.1   1   2         1       1.1   -0.3   0.0   404   419     2    17     1    34 0.77 -
261328at2759_10089_0:002777|NODE_10319_length_6510_cov_65.961293:455-833     -             95 261328at2759         -            450   3.5e-13   40.9   0.1   2   2   9.3e-13     1e-12   39.4   0.0   413   449    53    89    28    90 0.90 -
261328at2759_125878_0:000c90|NODE_10319_length_6510_cov_65.961293:455-833    -             95 261328at2759         -            450   3.5e-13   40.9   0.1   1   2         1       1.1   -0.3   0.0   404   419     2    17     1    34 0.77 -
261328at2759_125878_0:000c90|NODE_10319_length_6510_cov_65.961293:455-833    -             95 261328at2759         -            450   3.5e-13   40.9   0.1   2   2   9.3e-13     1e-12   39.4   0.0   413   449    53    89    28    90 0.90 -
261328at2759_127582_0:001cb9|NODE_10319_length_6510_cov_65.961293:455-833    -             95 261328at2759         -            450   3.5e-13   40.9   0.1   1   2         1       1.1   -0.3   0.0   404   419     2    17     1    34 0.77 -
261328at2759_127582_0:001cb9|NODE_10319_length_6510_cov_65.961293:455-833    -             95 261328at2759         -            450   3.5e-13   40.9   0.1   2   2   9.3e-13     1e-12   39.4   0.0   413   449    53    89    28    90 0.90 -
261328at2759_128390_0:00219d|NODE_10319_length_6510_cov_65.961293:455-833    -             95 261328at2759         -            450   3.5e-13   40.9   0.1   1   2         1       1.1   -0.3   0.0   404   419     2    17     1    34 0.77 -
261328at2759_128390_0:00219d|NODE_10319_length_6510_cov_65.961293:455-833    -             95 261328at2759         -            450   3.5e-13   40.9   0.1   2   2   9.3e-13     1e-12   39.4   0.0   413   449    53    89    28    90 0.90 -
261328at2759_13616_0:003dd3|NODE_10319_length_6510_cov_65.961293:455-833     -             95 261328at2759         -            450   3.5e-13   40.9   0.1   1   2         1       1.1   -0.3   0.0   404   419     2    17     1    34 0.77 -
261328at2759_13616_0:003dd3|NODE_10319_length_6510_cov_65.961293:455-833     -             95 261328at2759         -            450   3.5e-13   40.9   0.1   2   2   9.3e-13     1e-12   39.4   0.0   413   449    53    89    28    90 0.90 -
261328at2759_176946_0:0026a7|NODE_10319_length_6510_cov_65.961293:455-833    -             95 261328at2759         -            450   3.5e-13   40.9   0.1   1   2         1       1.1   -0.3   0.0   404   419     2    17     1    34 0.77 -
261328at2759_176946_0:0026a7|NODE_10319_length_6510_cov_65.961293:455-833    -             95 261328at2759         -            450   3.5e-13   40.9   0.1   2   2   9.3e-13     1e-12   39.4   0.0   413   449    53    89    28    90 0.90 -
261328at2759_188379_0:002bdc|NODE_10319_length_6510_cov_65.961293:455-833    -             95 261328at2759         -            450   3.5e-13   40.9   0.1   1   2         1       1.1   -0.3   0.0   404   419     2    17     1    34 0.77 -
261328at2759_188379_0:002bdc|NODE_10319_length_6510_cov_65.961293:455-833    -             95 261328at2759         -            450   3.5e-13   40.9   0.1   2   2   9.3e-13     1e-12   39.4   0.0   413   449    53    89    28    90 0.90 -
261328at2759_198806_0:00178a|NODE_10319_length_6510_cov_65.961293:455-833    -             95 261328at2759         -            450   3.5e-13   40.9   0.1   1   2         1       1.1   -0.3   0.0   404   419     2    17     1    34 0.77 -
261328at2759_198806_0:00178a|NODE_10319_length_6510_cov_65.961293:455-833    -             95 261328at2759         -            450   3.5e-13   40.9   0.1   2   2   9.3e-13     1e-12   39.4   0.0   413   449    53    89    28    90 0.90 -
261328at2759_230844_0:0049e1|NODE_10319_length_6510_cov_65.961293:455-833    -             95 261328at2759         -            450   3.5e-13   40.9   0.1   1   2         1       1.1   -0.3   0.0   404   419     2    17     1    34 0.77 -
261328at2759_230844_0:0049e1|NODE_10319_length_6510_cov_65.961293:455-833    -             95 261328at2759         -            450   3.5e-13   40.9   0.1   2   2   9.3e-13     1e-12   39.4   0.0   413   449    53    89    28    90 0.90 -
261328at2759_259920_0:000ff2|NODE_10319_length_6510_cov_65.961293:455-833    -             95 261328at2759         -            450   3.5e-13   40.9   0.1   1   2         1       1.1   -0.3   0.0   404   419     2    17     1    34 0.77 -
261328at2759_259920_0:000ff2|NODE_10319_length_6510_cov_65.961293:455-833    -             95 261328at2759         -            450   3.5e-13   40.9   0.1   2   2   9.3e-13     1e-12   39.4   0.0   413   449    53    89    28    90 0.90 -
261328at2759_291302_0:000921|NODE_10319_length_6510_cov_65.961293:455-833    -             95 261328at2759         -            450   3.5e-13   40.9   0.1   1   2         1       1.1   -0.3   0.0   404   419     2    17     1    34 0.77 -
261328at2759_291302_0:000921|NODE_10319_length_6510_cov_65.961293:455-833    -             95 261328at2759         -            450   3.5e-13   40.9   0.1   2   2   9.3e-13     1e-12   39.4   0.0   413   449    53    89    28    90 0.90 -
261328at2759_303518_0:003140|NODE_10319_length_6510_cov_65.961293:455-833    -             95 261328at2759         -            450   3.5e-13   40.9   0.1   1   2         1       1.1   -0.3   0.0   404   419     2    17     1    34 0.77 -
261328at2759_303518_0:003140|NODE_10319_length_6510_cov_65.961293:455-833    -             95 261328at2759         -            450   3.5e-13   40.9   0.1   2   2   9.3e-13     1e-12   39.4   0.0   413   449    53    89    28    90 0.90 -
261328at2759_30608_0:00006b|NODE_10319_length_6510_cov_65.961293:455-833     -             95 261328at2759         -            450   3.5e-13   40.9   0.1   1   2         1       1.1   -0.3   0.0   404   419     2    17     1    34 0.77 -
261328at2759_30608_0:00006b|NODE_10319_length_6510_cov_65.961293:455-833     -             95 261328at2759         -            450   3.5e-13   40.9   0.1   2   2   9.3e-13     1e-12   39.4   0.0   413   449    53    89    28    90 0.90 -
261328at2759_30732_0:0017f1|NODE_10319_length_6510_cov_65.961293:455-833     -             95 261328at2759         -            450   3.5e-13   40.9   0.1   1   2         1       1.1   -0.3   0.0   404   419     2    17     1    34 0.77 -
261328at2759_30732_0:0017f1|NODE_10319_length_6510_cov_65.961293:455-833     -             95 261328at2759         -            450   3.5e-13   40.9   0.1   2   2   9.3e-13     1e-12   39.4   0.0   413   449    53    89    28    90 0.90 -
261328at2759_32507_0:003eb5|NODE_10319_length_6510_cov_65.961293:455-833     -             95 261328at2759         -            450   3.5e-13   40.9   0.1   1   2         1       1.1   -0.3   0.0   404   419     2    17     1    34 0.77 -
261328at2759_32507_0:003eb5|NODE_10319_length_6510_cov_65.961293:455-833     -             95 261328at2759         -            450   3.5e-13   40.9   0.1   2   2   9.3e-13     1e-12   39.4   0.0   413   449    53    89    28    90 0.90 -
261328at2759_328815_0:00085b|NODE_10319_length_6510_cov_65.961293:455-833    -             95 261328at2759         -            450   3.5e-13   40.9   0.1   1   2         1       1.1   -0.3   0.0   404   419     2    17     1    34 0.77 -
261328at2759_328815_0:00085b|NODE_10319_length_6510_cov_65.961293:455-833    -             95 261328at2759         -            450   3.5e-13   40.9   0.1   2   2   9.3e-13     1e-12   39.4   0.0   413   449    53    89    28    90 0.90 -
261328at2759_38626_0:003e25|NODE_10319_length_6510_cov_65.961293:455-833     -             95 261328at2759         -            450   3.5e-13   40.9   0.1   1   2         1       1.1   -0.3   0.0   404   419     2    17     1    34 0.77 -
261328at2759_38626_0:003e25|NODE_10319_length_6510_cov_65.961293:455-833     -             95 261328at2759         -            450   3.5e-13   40.9   0.1   2   2   9.3e-13     1e-12   39.4   0.0   413   449    53    89    28    90 0.90 -
261328at2759_7868_0:00331f|NODE_10319_length_6510_cov_65.961293:455-833      -             95 261328at2759         -            450   3.5e-13   40.9   0.1   1   2         1       1.1   -0.3   0.0   404   419     2    17     1    34 0.77 -
261328at2759_7868_0:00331f|NODE_10319_length_6510_cov_65.961293:455-833      -             95 261328at2759         -            450   3.5e-13   40.9   0.1   2   2   9.3e-13     1e-12   39.4   0.0   413   449    53    89    28    90 0.90 -
261328at2759_7918_0:00237b|NODE_10319_length_6510_cov_65.961293:455-833      -             95 261328at2759         -            450   3.5e-13   40.9   0.1   1   2         1       1.1   -0.3   0.0   404   419     2    17     1    34 0.77 -
261328at2759_7918_0:00237b|NODE_10319_length_6510_cov_65.961293:455-833      -             95 261328at2759         -            450   3.5e-13   40.9   0.1   2   2   9.3e-13     1e-12   39.4   0.0   413   449    53    89    28    90 0.90 -
261328at2759_8010_0:004b69|NODE_10319_length_6510_cov_65.961293:455-833      -             95 261328at2759         -            450   3.5e-13   40.9   0.1   1   2         1       1.1   -0.3   0.0   404   419     2    17     1    34 0.77 -
261328at2759_8010_0:004b69|NODE_10319_length_6510_cov_65.961293:455-833      -             95 261328at2759         -            450   3.5e-13   40.9   0.1   2   2   9.3e-13     1e-12   39.4   0.0   413   449    53    89    28    90 0.90 -
261328at2759_8081_0:003ed5|NODE_10319_length_6510_cov_65.961293:455-833      -             95 261328at2759         -            450   3.5e-13   40.9   0.1   1   2         1       1.1   -0.3   0.0   404   419     2    17     1    34 0.77 -
261328at2759_8081_0:003ed5|NODE_10319_length_6510_cov_65.961293:455-833      -             95 261328at2759         -            450   3.5e-13   40.9   0.1   2   2   9.3e-13     1e-12   39.4   0.0   413   449    53    89    28    90 0.90 -
261328at2759_8208_0:004cca|NODE_10319_length_6510_cov_65.961293:455-833      -             95 261328at2759         -            450   3.5e-13   40.9   0.1   1   2         1       1.1   -0.3   0.0   404   419     2    17     1    34 0.77 -
261328at2759_8208_0:004cca|NODE_10319_length_6510_cov_65.961293:455-833      -             95 261328at2759         -            450   3.5e-13   40.9   0.1   2   2   9.3e-13     1e-12   39.4   0.0   413   449    53    89    28    90 0.90 -
261328at2759_8355_0:004809|NODE_10319_length_6510_cov_65.961293:455-833      -             95 261328at2759         -            450   3.5e-13   40.9   0.1   1   2         1       1.1   -0.3   0.0   404   419     2    17     1    34 0.77 -
261328at2759_8355_0:004809|NODE_10319_length_6510_cov_65.961293:455-833      -             95 261328at2759         -            450   3.5e-13   40.9   0.1   2   2   9.3e-13     1e-12   39.4   0.0   413   449    53    89    28    90 0.90 -
261328at2759_8839_0:001955|NODE_10319_length_6510_cov_65.961293:455-833      -             95 261328at2759         -            450   3.5e-13   40.9   0.1   1   2         1       1.1   -0.3   0.0   404   419     2    17     1    34 0.77 -
261328at2759_8839_0:001955|NODE_10319_length_6510_cov_65.961293:455-833      -             95 261328at2759         -            450   3.5e-13   40.9   0.1   2   2   9.3e-13     1e-12   39.4   0.0   413   449    53    89    28    90 0.90 -
261328at2759_8897_0:00339c|NODE_10319_length_6510_cov_65.961293:455-833      -             95 261328at2759         -            450   3.5e-13   40.9   0.1   1   2         1       1.1   -0.3   0.0   404   419     2    17     1    34 0.77 -
261328at2759_8897_0:00339c|NODE_10319_length_6510_cov_65.961293:455-833      -             95 261328at2759         -            450   3.5e-13   40.9   0.1   2   2   9.3e-13     1e-12   39.4   0.0   413   449    53    89    28    90 0.90 -
261328at2759_89399_0:000d46|NODE_10319_length_6510_cov_65.961293:455-833     -             95 261328at2759         -            450   3.5e-13   40.9   0.1   1   2         1       1.1   -0.3   0.0   404   419     2    17     1    34 0.77 -
261328at2759_89399_0:000d46|NODE_10319_length_6510_cov_65.961293:455-833     -             95 261328at2759         -            450   3.5e-13   40.9   0.1   2   2   9.3e-13     1e-12   39.4   0.0   413   449    53    89    28    90 0.90 -
261328at2759_9258_0:002ac0|NODE_10319_length_6510_cov_65.961293:455-833      -             95 261328at2759         -            450   3.5e-13   40.9   0.1   1   2         1       1.1   -0.3   0.0   404   419     2    17     1    34 0.77 -
261328at2759_9258_0:002ac0|NODE_10319_length_6510_cov_65.961293:455-833      -             95 261328at2759         -            450   3.5e-13   40.9   0.1   2   2   9.3e-13     1e-12   39.4   0.0   413   449    53    89    28    90 0.90 -
261328at2759_9668_0:0023a5|NODE_10319_length_6510_cov_65.961293:455-833      -             95 261328at2759         -            450   3.5e-13   40.9   0.1   1   2         1       1.1   -0.3   0.0   404   419     2    17     1    34 0.77 -
261328at2759_9668_0:0023a5|NODE_10319_length_6510_cov_65.961293:455-833      -             95 261328at2759         -            450   3.5e-13   40.9   0.1   2   2   9.3e-13     1e-12   39.4   0.0   413   449    53    89    28    90 0.90 -
261328at2759_9691_0:003264|NODE_10319_length_6510_cov_65.961293:455-833      -             95 261328at2759         -            450   3.5e-13   40.9   0.1   1   2         1       1.1   -0.3   0.0   404   419     2    17     1    34 0.77 -
261328at2759_9691_0:003264|NODE_10319_length_6510_cov_65.961293:455-833      -             95 261328at2759         -            450   3.5e-13   40.9   0.1   2   2   9.3e-13     1e-12   39.4   0.0   413   449    53    89    28    90 0.90 -
261328at2759_9739_0:002eb1|NODE_10319_length_6510_cov_65.961293:455-833      -             95 261328at2759         -            450   3.5e-13   40.9   0.1   1   2         1       1.1   -0.3   0.0   404   419     2    17     1    34 0.77 -
261328at2759_9739_0:002eb1|NODE_10319_length_6510_cov_65.961293:455-833      -             95 261328at2759         -            450   3.5e-13   40.9   0.1   2   2   9.3e-13     1e-12   39.4   0.0   413   449    53    89    28    90 0.90 -
261328at2759_9785_0:002fc3|NODE_10319_length_6510_cov_65.961293:455-833      -             95 261328at2759         -            450   3.5e-13   40.9   0.1   1   2         1       1.1   -0.3   0.0   404   419     2    17     1    34 0.77 -
261328at2759_9785_0:002fc3|NODE_10319_length_6510_cov_65.961293:455-833      -             95 261328at2759         -            450   3.5e-13   40.9   0.1   2   2   9.3e-13     1e-12   39.4   0.0   413   449    53    89    28    90 0.90 -
261328at2759_9978_0:000d82|NODE_10319_length_6510_cov_65.961293:455-833      -             95 261328at2759         -            450   3.5e-13   40.9   0.1   1   2         1       1.1   -0.3   0.0   404   419     2    17     1    34 0.77 -
261328at2759_9978_0:000d82|NODE_10319_length_6510_cov_65.961293:455-833      -             95 261328at2759         -            450   3.5e-13   40.9   0.1   2   2   9.3e-13     1e-12   39.4   0.0   413   449    53    89    28    90 0.90 -
261328at2759_6500_0:003874|NODE_10319_length_6510_cov_65.961293:605-818      -             72 261328at2759         -            450   4.8e-13   40.5   0.0   1   1   4.3e-13   4.8e-13   40.5   0.0   413   449    35    71    10    72 0.89 -
261328at2759_6526_0:001050|NODE_10319_length_6510_cov_65.961293:605-818      -             72 261328at2759         -            450   4.8e-13   40.5   0.0   1   1   4.3e-13   4.8e-13   40.5   0.0   413   449    35    71    10    72 0.89 -
261328at2759_307959_0:000a8a|NODE_10319_length_6510_cov_65.961293:617-833    -             73 261328at2759         -            450   5.4e-13   40.4   0.0   1   1   4.8e-13   5.4e-13   40.4   0.0   413   449    31    67     9    68 0.89 -
261328at2759_75366_0:0077fb|NODE_10319_length_6510_cov_65.961293:617-833     -             73 261328at2759         -            450   5.4e-13   40.4   0.0   1   1   4.8e-13   5.4e-13   40.4   0.0   413   449    31    67     9    68 0.89 -
261328at2759_6573_0:000462|NODE_10319_length_6510_cov_65.961293:596-818      -             75 261328at2759         -            450   5.4e-13   40.3   0.0   1   1   4.9e-13   5.4e-13   40.3   0.0   413   449    38    74    13    75 0.89 -
261328at2759_37653_0:003160|NODE_10319_length_6510_cov_65.961293:605-830     -             76 261328at2759         -            450   5.6e-13   40.3   0.0   1   1     5e-13   5.6e-13   40.3   0.0   413   449    35    71    10    72 0.89 -
261328at2759_225164_0:004c90|NODE_10319_length_6510_cov_65.961293:605-833    -             77 261328at2759         -            450   5.8e-13   40.2   0.0   1   1   5.2e-13   5.8e-13   40.2   0.0   413   449    35    71    10    72 0.89 -
261328at2759_6958_0:00364f|NODE_10319_length_6510_cov_65.961293:455-818      -            122 261328at2759         -            450   5.9e-13   40.2   0.0   1   2       1.1       1.3   -0.4   0.0   404   423     2    21     1    46 0.73 -
261328at2759_6958_0:00364f|NODE_10319_length_6510_cov_65.961293:455-818      -            122 261328at2759         -            450   5.9e-13   40.2   0.0   2   2   1.7e-12   1.8e-12   38.6   0.0   413   449    85   121    60   122 0.90 -
261328at2759_32264_0:001397|NODE_10319_length_6510_cov_65.961293:455-830     -            126 261328at2759         -            450   6.5e-13   40.1   0.0   1   2       1.2       1.3   -0.5   0.0   404   423     2    21     1    46 0.73 -
261328at2759_32264_0:001397|NODE_10319_length_6510_cov_65.961293:455-830     -            126 261328at2759         -            450   6.5e-13   40.1   0.0   2   2   1.8e-12     2e-12   38.5   0.0   413   449    85   121    60   122 0.90 -
261328at2759_52283_0:000685|NODE_10319_length_6510_cov_65.961293:455-830     -            126 261328at2759         -            450   6.5e-13   40.1   0.0   1   2       1.2       1.3   -0.5   0.0   404   423     2    21     1    46 0.73 -
261328at2759_52283_0:000685|NODE_10319_length_6510_cov_65.961293:455-830     -            126 261328at2759         -            450   6.5e-13   40.1   0.0   2   2   1.8e-12     2e-12   38.5   0.0   413   449    85   121    60   122 0.90 -
261328at2759_29159_0:000b3c|NODE_10319_length_6510_cov_65.961293:590-833     -             82 261328at2759         -            450   6.9e-13   40.0   0.0   1   1   6.3e-13     7e-13   40.0   0.0   413   449    40    76    15    77 0.89 -
261328at2759_34638_0:00195d|NODE_10319_length_6510_cov_65.961293:542-830     -             97 261328at2759         -            450     1e-12   39.5   0.0   1   1   9.5e-13   1.1e-12   39.4   0.0   413   449    56    92    30    93 0.89 -
261328at2759_50402_0:002d97|NODE_10319_length_6510_cov_65.961293:455-806     -             86 261328at2759         -            450   8.9e-12   36.3   0.1   1   2       0.7      0.77    0.3   0.1   404   420     2    18     1    45 0.78 -
261328at2759_50402_0:002d97|NODE_10319_length_6510_cov_65.961293:455-806     -             86 261328at2759         -            450   8.9e-12   36.3   0.1   2   2   2.9e-11   3.2e-11   34.5   0.0   413   446    53    86    33    86 0.89 -
261328at2759_45354_1:00139d|NODE_157_length_29729_cov_69.848138:22297-22702  -            136 261328at2759         -            450   7.9e-11   33.2   0.0   1   2    0.0012    0.0013    9.4   0.0   157   211     1    55     1    57 0.90 -
261328at2759_45354_1:00139d|NODE_157_length_29729_cov_69.848138:22297-22702  -            136 261328at2759         -            450   7.9e-11   33.2   0.0   2   2    0.0059    0.0065    7.1   0.0   168   196    57    85    52    89 0.88 -
261328at2759_498019_1:000188|NODE_157_length_29729_cov_69.848138:22297-22702 -            136 261328at2759         -            450   7.9e-11   33.2   0.0   1   2    0.0012    0.0013    9.4   0.0   157   211     1    55     1    57 0.90 -
261328at2759_498019_1:000188|NODE_157_length_29729_cov_69.848138:22297-22702 -            136 261328at2759         -            450   7.9e-11   33.2   0.0   2   2    0.0059    0.0065    7.1   0.0   168   196    57    85    52    89 0.88 -
261328at2759_244447_0:004851|NODE_10319_length_6510_cov_65.961293:455-785    -             73 261328at2759         -            450   7.1e-09   26.8   0.1   1   2      0.16      0.17    2.4   0.0   404   429     2    27     1    45 0.71 -
261328at2759_244447_0:004851|NODE_10319_length_6510_cov_65.961293:455-785    -             73 261328at2759         -            450   7.1e-09   26.8   0.1   2   2   8.6e-08   9.6e-08   23.0   0.0   413   439    47    73    35    73 0.93 -
#
# Program:         hmmsearch
# Version:         3.1b2 (February 2015)
# Pipeline mode:   SEARCH
# Query file:      mb_downloads/eukaryota_odb10/hmms/261328at2759.hmm
# Target file:     -
# Option settings: /opt/conda/envs/compleasm/bin/hmmsearch --domtblout compleasm/eukaryota_odb10/hmmer_output/261328at2759.out --cpu 1 mb_downloads/eukaryota_odb10/hmms/261328at2759.hmm - 
# Current dir:     /in
# Date:            Tue Oct 22 12:40:30 2024
# [ok]
