#                                                                                                                                 --- full sequence --- -------------- this domain -------------   hmm coord   ali coord   env coord
# target name                                                             accession   tlen query name           accession   qlen   E-value  score  bias   #  of  c-Evalue  i-Evalue  score  bias  from    to  from    to  from    to  acc description of target
#                                                     ------------------- ---------- ----- -------------------- ---------- ----- --------- ------ ----- --- --- --------- --------- ------ ----- ----- ----- ----- ----- ----- ----- ---- ---------------------
375960at2759_114398_0:000503|NODE_955_length_15133_cov_83.788722:745-2642 -            563 375960at2759         -            356   4.8e-61  196.1  13.6   1   5     0.064     0.069    1.5   0.0     1    23    12    34    12    46 0.88 -
375960at2759_114398_0:000503|NODE_955_length_15133_cov_83.788722:745-2642 -            563 375960at2759         -            356   4.8e-61  196.1  13.6   2   5    0.0061    0.0066    4.9   0.0     7    55    52   103    48   107 0.76 -
375960at2759_114398_0:000503|NODE_955_length_15133_cov_83.788722:745-2642 -            563 375960at2759         -            356   4.8e-61  196.1  13.6   3   5   6.9e-27   7.5e-27   83.6   0.0    51   162   125   248   106   255 0.86 -
375960at2759_114398_0:000503|NODE_955_length_15133_cov_83.788722:745-2642 -            563 375960at2759         -            356   4.8e-61  196.1  13.6   4   5   2.6e-20   2.8e-20   62.0   0.1   160   250   267   363   257   390 0.83 -
375960at2759_114398_0:000503|NODE_955_length_15133_cov_83.788722:745-2642 -            563 375960at2759         -            356   4.8e-61  196.1  13.6   5   5   1.7e-13   1.9e-13   39.6   5.0   260   337   397   498   393   529 0.78 -
375960at2759_10228_0:001251|NODE_955_length_15133_cov_83.788722:745-2621  -            561 375960at2759         -            356   4.4e-60  193.0  14.1   1   5     0.063     0.068    1.5   0.0     1    23     5    27     5    39 0.88 -
375960at2759_10228_0:001251|NODE_955_length_15133_cov_83.788722:745-2621  -            561 375960at2759         -            356   4.4e-60  193.0  14.1   2   5    0.0061    0.0065    4.9   0.0     7    55    45    96    41   100 0.76 -
375960at2759_10228_0:001251|NODE_955_length_15133_cov_83.788722:745-2621  -            561 375960at2759         -            356   4.4e-60  193.0  14.1   3   5   6.9e-27   7.4e-27   83.6   0.0    51   162   118   241    99   248 0.86 -
375960at2759_10228_0:001251|NODE_955_length_15133_cov_83.788722:745-2621  -            561 375960at2759         -            356   4.4e-60  193.0  14.1   4   5   1.7e-19   1.8e-19   59.3   0.2   160   250   260   361   250   388 0.80 -
375960at2759_10228_0:001251|NODE_955_length_15133_cov_83.788722:745-2621  -            561 375960at2759         -            356   4.4e-60  193.0  14.1   5   5   1.7e-13   1.8e-13   39.6   5.0   260   337   395   496   391   527 0.78 -
375960at2759_136037_0:002ddc|NODE_955_length_15133_cov_83.788722:742-2633 -            565 375960at2759         -            356   7.4e-60  192.2  13.8   1   5     0.064     0.069    1.5   0.0     1    23     9    31     9    43 0.88 -
375960at2759_136037_0:002ddc|NODE_955_length_15133_cov_83.788722:742-2633 -            565 375960at2759         -            356   7.4e-60  192.2  13.8   2   5    0.0061    0.0066    4.9   0.0     7    55    49   100    45   104 0.76 -
375960at2759_136037_0:002ddc|NODE_955_length_15133_cov_83.788722:742-2633 -            565 375960at2759         -            356   7.4e-60  192.2  13.8   3   5     7e-27   7.5e-27   83.6   0.0    51   162   122   245   103   252 0.86 -
375960at2759_136037_0:002ddc|NODE_955_length_15133_cov_83.788722:742-2633 -            565 375960at2759         -            356   7.4e-60  192.2  13.8   4   5   3.4e-19   3.6e-19   58.4   0.2   160   250   264   365   254   392 0.78 -
375960at2759_136037_0:002ddc|NODE_955_length_15133_cov_83.788722:742-2633 -            565 375960at2759         -            356   7.4e-60  192.2  13.8   5   5   1.7e-13   1.9e-13   39.6   5.0   260   337   399   500   395   531 0.78 -
375960at2759_645134_1:000143|NODE_955_length_15133_cov_83.788722:748-2238 -            474 375960at2759         -            356   7.7e-60  192.1   9.3   1   3   5.2e-27   5.6e-27   84.1   0.0    51   162    37   160    19   167 0.86 -
375960at2759_645134_1:000143|NODE_955_length_15133_cov_83.788722:748-2238 -            474 375960at2759         -            356   7.7e-60  192.1   9.3   2   3   1.9e-20   2.1e-20   62.4   0.1   160   251   179   276   169   302 0.83 -
375960at2759_645134_1:000143|NODE_955_length_15133_cov_83.788722:748-2238 -            474 375960at2759         -            356   7.7e-60  192.1   9.3   3   3   1.2e-13   1.3e-13   40.1   5.0   260   337   309   410   304   441 0.78 -
375960at2759_6198_0:001baf|NODE_955_length_15133_cov_83.788722:745-2615   -            564 375960at2759         -            356   5.5e-58  186.1  17.7   1   5     0.064     0.069    1.5   0.0     1    23     3    25     3    37 0.88 -
375960at2759_6198_0:001baf|NODE_955_length_15133_cov_83.788722:745-2615   -            564 375960at2759         -            356   5.5e-58  186.1  17.7   2   5    0.0061    0.0066    4.9   0.0     7    55    43    94    39    98 0.76 -
375960at2759_6198_0:001baf|NODE_955_length_15133_cov_83.788722:745-2615   -            564 375960at2759         -            356   5.5e-58  186.1  17.7   3   5     7e-27   7.5e-27   83.6   0.0    51   162   116   239    97   246 0.86 -
375960at2759_6198_0:001baf|NODE_955_length_15133_cov_83.788722:745-2615   -            564 375960at2759         -            356   5.5e-58  186.1  17.7   4   5   1.6e-17   1.7e-17   52.8   1.4   160   250   258   364   249   391 0.77 -
375960at2759_6198_0:001baf|NODE_955_length_15133_cov_83.788722:745-2615   -            564 375960at2759         -            356   5.5e-58  186.1  17.7   5   5   1.7e-13   1.9e-13   39.6   5.0   260   337   398   499   394   530 0.78 -
375960at2759_6210_0:0009f8|NODE_955_length_15133_cov_83.788722:745-2615   -            564 375960at2759         -            356   5.5e-58  186.1  17.7   1   5     0.064     0.069    1.5   0.0     1    23     3    25     3    37 0.88 -
375960at2759_6210_0:0009f8|NODE_955_length_15133_cov_83.788722:745-2615   -            564 375960at2759         -            356   5.5e-58  186.1  17.7   2   5    0.0061    0.0066    4.9   0.0     7    55    43    94    39    98 0.76 -
375960at2759_6210_0:0009f8|NODE_955_length_15133_cov_83.788722:745-2615   -            564 375960at2759         -            356   5.5e-58  186.1  17.7   3   5     7e-27   7.5e-27   83.6   0.0    51   162   116   239    97   246 0.86 -
375960at2759_6210_0:0009f8|NODE_955_length_15133_cov_83.788722:745-2615   -            564 375960at2759         -            356   5.5e-58  186.1  17.7   4   5   1.6e-17   1.7e-17   52.8   1.4   160   250   258   364   249   391 0.77 -
375960at2759_6210_0:0009f8|NODE_955_length_15133_cov_83.788722:745-2615   -            564 375960at2759         -            356   5.5e-58  186.1  17.7   5   5   1.7e-13   1.9e-13   39.6   5.0   260   337   398   499   394   530 0.78 -
375960at2759_13037_0:00312c|NODE_955_length_15133_cov_83.788722:748-2636  -            570 375960at2759         -            356   5.8e-58  186.0  17.6   1   5     0.065      0.07    1.5   0.0     1    23    10    32    10    44 0.88 -
375960at2759_13037_0:00312c|NODE_955_length_15133_cov_83.788722:748-2636  -            570 375960at2759         -            356   5.8e-58  186.0  17.6   2   5    0.0062    0.0067    4.9   0.0     7    55    50   101    46   105 0.76 -
375960at2759_13037_0:00312c|NODE_955_length_15133_cov_83.788722:748-2636  -            570 375960at2759         -            356   5.8e-58  186.0  17.6   3   5   7.1e-27   7.6e-27   83.6   0.0    51   162   123   246   104   253 0.86 -
375960at2759_13037_0:00312c|NODE_955_length_15133_cov_83.788722:748-2636  -            570 375960at2759         -            356   5.8e-58  186.0  17.6   4   5   1.6e-17   1.7e-17   52.8   1.4   160   250   265   371   256   398 0.77 -
375960at2759_13037_0:00312c|NODE_955_length_15133_cov_83.788722:748-2636  -            570 375960at2759         -            356   5.8e-58  186.0  17.6   5   5   1.8e-13   1.9e-13   39.5   5.0   260   337   405   506   401   537 0.78 -
375960at2759_9103_0:001800|NODE_955_length_15133_cov_83.788722:742-2579   -            552 375960at2759         -            356   2.4e-57  183.9  16.8   1   4    0.0059    0.0064    4.9   0.0     7    55    31    82    27    86 0.76 -
375960at2759_9103_0:001800|NODE_955_length_15133_cov_83.788722:742-2579   -            552 375960at2759         -            356   2.4e-57  183.9  16.8   2   4   6.7e-27   7.2e-27   83.7   0.0    51   162   104   227    85   234 0.86 -
375960at2759_9103_0:001800|NODE_955_length_15133_cov_83.788722:742-2579   -            552 375960at2759         -            356   2.4e-57  183.9  16.8   3   4   1.6e-17   1.7e-17   52.9   1.5   160   250   246   352   237   379 0.77 -
375960at2759_9103_0:001800|NODE_955_length_15133_cov_83.788722:742-2579   -            552 375960at2759         -            356   2.4e-57  183.9  16.8   4   4   1.7e-13   1.8e-13   39.6   5.0   260   337   386   487   382   518 0.78 -
375960at2759_146911_0:004254|NODE_955_length_15133_cov_83.788722:742-2588 -            555 375960at2759         -            356   2.5e-57  183.9  16.8   1   4     0.006    0.0064    4.9   0.0     7    55    34    85    30    89 0.76 -
375960at2759_146911_0:004254|NODE_955_length_15133_cov_83.788722:742-2588 -            555 375960at2759         -            356   2.5e-57  183.9  16.8   2   4   6.8e-27   7.3e-27   83.7   0.0    51   162   107   230    88   237 0.86 -
375960at2759_146911_0:004254|NODE_955_length_15133_cov_83.788722:742-2588 -            555 375960at2759         -            356   2.5e-57  183.9  16.8   3   4   1.6e-17   1.7e-17   52.9   1.4   160   250   249   355   240   382 0.77 -
375960at2759_146911_0:004254|NODE_955_length_15133_cov_83.788722:742-2588 -            555 375960at2759         -            356   2.5e-57  183.9  16.8   4   4   1.7e-13   1.8e-13   39.6   5.0   260   337   389   490   385   521 0.78 -
375960at2759_6832_0:0029e1|NODE_955_length_15133_cov_83.788722:742-2238   -            485 375960at2759         -            356   9.4e-57  182.0  13.5   1   3   5.4e-27   5.8e-27   84.0   0.0    51   162    37   160    19   167 0.86 -
375960at2759_6832_0:0029e1|NODE_955_length_15133_cov_83.788722:742-2238   -            485 375960at2759         -            356   9.4e-57  182.0  13.5   2   3   1.3e-17   1.4e-17   53.1   1.5   160   250   179   285   170   312 0.77 -
375960at2759_6832_0:0029e1|NODE_955_length_15133_cov_83.788722:742-2238   -            485 375960at2759         -            356   9.4e-57  182.0  13.5   3   3   1.2e-13   1.3e-13   40.0   5.0   260   337   319   420   314   451 0.78 -
375960at2759_7209_0:0024c5|NODE_955_length_15133_cov_83.788722:763-1980   -            388 375960at2759         -            356   1.7e-47  151.5  10.7   1   3   2.4e-15   2.6e-15   45.7   0.0    96   162     1    74     1    81 0.88 -
375960at2759_7209_0:0024c5|NODE_955_length_15133_cov_83.788722:763-1980   -            388 375960at2759         -            356   1.7e-47  151.5  10.7   2   3   6.6e-20   7.1e-20   60.7   0.2   160   251    93   195    83   221 0.82 -
375960at2759_7209_0:0024c5|NODE_955_length_15133_cov_83.788722:763-1980   -            388 375960at2759         -            356   1.7e-47  151.5  10.7   3   3   8.9e-14   9.6e-14   40.5   5.1   260   337   228   329   223   360 0.78 -
375960at2759_121845_0:0048be|NODE_955_length_15133_cov_83.788722:745-2238 -            447 375960at2759         -            356   3.6e-47  150.5  12.7   1   4   4.6e-27     5e-27   84.2   0.0    51   162    37   160    19   167 0.86 -
375960at2759_121845_0:0048be|NODE_955_length_15133_cov_83.788722:745-2238 -            447 375960at2759         -            356   3.6e-47  150.5  12.7   2   4    0.0001   0.00011   10.7   0.1   160   194   179   213   169   219 0.86 -
375960at2759_121845_0:0048be|NODE_955_length_15133_cov_83.788722:745-2238 -            447 375960at2759         -            356   3.6e-47  150.5  12.7   3   4     3e-05   3.2e-05   12.5   0.2   218   251   214   248   211   274 0.80 -
375960at2759_121845_0:0048be|NODE_955_length_15133_cov_83.788722:745-2238 -            447 375960at2759         -            356   3.6e-47  150.5  12.7   4   4   1.1e-13   1.2e-13   40.2   5.0   260   337   281   382   276   413 0.78 -
375960at2759_6279_0:0011c8|NODE_955_length_15133_cov_83.788722:763-1393   -            211 375960at2759         -            356     5e-17   51.3   8.6   1   2     0.022     0.024    3.1   0.1   235   251     1    18     1    44 0.75 -
375960at2759_6279_0:0011c8|NODE_955_length_15133_cov_83.788722:763-1393   -            211 375960at2759         -            356     5e-17   51.3   8.6   2   2   1.9e-14     2e-14   42.7   4.9   260   337    51   152    46   184 0.77 -
#
# Program:         hmmsearch
# Version:         3.1b2 (February 2015)
# Pipeline mode:   SEARCH
# Query file:      mb_downloads/eukaryota_odb10/hmms/375960at2759.hmm
# Target file:     -
# Option settings: /opt/conda/envs/compleasm/bin/hmmsearch --domtblout compleasm/eukaryota_odb10/hmmer_output/375960at2759.out --cpu 1 mb_downloads/eukaryota_odb10/hmms/375960at2759.hmm - 
# Current dir:     /in
# Date:            Tue Oct 22 12:40:30 2024
# [ok]
