#                                                                                                                                    --- full sequence --- -------------- this domain -------------   hmm coord   ali coord   env coord
# target name                                                                accession   tlen query name           accession   qlen   E-value  score  bias   #  of  c-Evalue  i-Evalue  score  bias  from    to  from    to  from    to  acc description of target
#                                                        ------------------- ---------- ----- -------------------- ---------- ----- --------- ------ ----- --- --- --------- --------- ------ ----- ----- ----- ----- ----- ----- ----- ---- ---------------------
388820at2759_765915_1:0024d6|NODE_157_length_29729_cov_69.848138:22150-22924 -            259 388820at2759         -            609   1.4e-17   51.4   0.1   1   3     2e-06   2.5e-06   14.2   0.0   194   267    10    81     1    92 0.74 -
388820at2759_765915_1:0024d6|NODE_157_length_29729_cov_69.848138:22150-22924 -            259 388820at2759         -            609   1.4e-17   51.4   0.1   2   3   5.4e-10   6.8e-10   26.0   0.0   119   188    96   171    92   180 0.88 -
388820at2759_765915_1:0024d6|NODE_157_length_29729_cov_69.848138:22150-22924 -            259 388820at2759         -            609   1.4e-17   51.4   0.1   3   3   0.00023   0.00029    7.4   0.0   161   220   194   258   182   259 0.82 -
388820at2759_13706_1:001a9d|NODE_157_length_29729_cov_69.848138:22180-22945  -            256 388820at2759         -            609     4e-17   49.9   0.0   1   3   6.9e-06   8.7e-06   12.4   0.0   196   267     2    71     1    82 0.72 -
388820at2759_13706_1:001a9d|NODE_157_length_29729_cov_69.848138:22180-22945  -            256 388820at2759         -            609     4e-17   49.9   0.0   2   3   5.3e-10   6.6e-10   26.0   0.0   118   188    85   161    81   169 0.88 -
388820at2759_13706_1:001a9d|NODE_157_length_29729_cov_69.848138:22180-22945  -            256 388820at2759         -            609     4e-17   49.9   0.0   3   3   0.00015   0.00018    8.1   0.0   161   220   184   248   172   254 0.80 -
388820at2759_402676_1:000236|NODE_157_length_29729_cov_69.848138:22489-22945 -            153 388820at2759         -            609   7.3e-12   32.5   0.0   1   2   1.8e-08   2.3e-08   20.9   0.0   137   188     1    58     1    67 0.85 -
388820at2759_402676_1:000236|NODE_157_length_29729_cov_69.848138:22489-22945 -            153 388820at2759         -            609   7.3e-12   32.5   0.0   2   2   5.1e-05   6.4e-05    9.6   0.0   161   220    81   145    70   151 0.80 -
388820at2759_9244_0:0036a1|NODE_157_length_29729_cov_69.848138:22276-22936   -            143 388820at2759         -            609   1.3e-09   25.1   0.0   1   3     0.001    0.0013    5.3   0.0   348   381     7    40     4    54 0.86 -
388820at2759_9244_0:0036a1|NODE_157_length_29729_cov_69.848138:22276-22936   -            143 388820at2759         -            609   1.3e-09   25.1   0.0   2   3   2.4e-07     3e-07   17.3   0.0   117   184    52   125    37   126 0.89 -
388820at2759_9244_0:0036a1|NODE_157_length_29729_cov_69.848138:22276-22936   -            143 388820at2759         -            609   1.3e-09   25.1   0.0   3   3      0.03     0.037    0.4   0.0   428   445   124   141   122   142 0.73 -
#
# Program:         hmmsearch
# Version:         3.1b2 (February 2015)
# Pipeline mode:   SEARCH
# Query file:      mb_downloads/eukaryota_odb10/hmms/388820at2759.hmm
# Target file:     -
# Option settings: /opt/conda/envs/compleasm/bin/hmmsearch --domtblout compleasm/eukaryota_odb10/hmmer_output/388820at2759.out --cpu 1 mb_downloads/eukaryota_odb10/hmms/388820at2759.hmm - 
# Current dir:     /in
# Date:            Tue Oct 22 12:38:06 2024
# [ok]
