#                                                                                                                                    --- full sequence --- -------------- this domain -------------   hmm coord   ali coord   env coord
# target name                                                                accession   tlen query name           accession   qlen   E-value  score  bias   #  of  c-Evalue  i-Evalue  score  bias  from    to  from    to  from    to  acc description of target
#                                                        ------------------- ---------- ----- -------------------- ---------- ----- --------- ------ ----- --- --- --------- --------- ------ ----- ----- ----- ----- ----- ----- ----- ---- ---------------------
457861at2759_109264_1:001c3d|NODE_2621_length_10386_cov_67.072364:7043-7820  -            260 457861at2759         -            164   1.2e-16   53.9  11.1   1   3     1e-07     1e-07   24.9   2.3     2    68     2   104     1   107 0.71 -
457861at2759_109264_1:001c3d|NODE_2621_length_10386_cov_67.072364:7043-7820  -            260 457861at2759         -            164   1.2e-16   53.9  11.1   2   3   2.9e-06   2.9e-06   20.2   0.9    68   125   120   189   115   215 0.78 -
457861at2759_109264_1:001c3d|NODE_2621_length_10386_cov_67.072364:7043-7820  -            260 457861at2759         -            164   1.2e-16   53.9  11.1   3   3     0.082     0.084    5.7   0.0   137   163   228   259   212   260 0.72 -
457861at2759_656916_1:001cda|NODE_2621_length_10386_cov_67.072364:7043-7820  -            260 457861at2759         -            164   1.2e-16   53.9  11.1   1   3     1e-07     1e-07   24.9   2.3     2    68     2   104     1   107 0.71 -
457861at2759_656916_1:001cda|NODE_2621_length_10386_cov_67.072364:7043-7820  -            260 457861at2759         -            164   1.2e-16   53.9  11.1   2   3   2.9e-06   2.9e-06   20.2   0.9    68   125   120   189   115   215 0.78 -
457861at2759_656916_1:001cda|NODE_2621_length_10386_cov_67.072364:7043-7820  -            260 457861at2759         -            164   1.2e-16   53.9  11.1   3   3     0.082     0.084    5.7   0.0   137   163   228   259   212   260 0.72 -
457861at2759_1016849_1:0023e9|NODE_2621_length_10386_cov_67.072364:7043-7823 -            261 457861at2759         -            164   1.2e-16   53.9  11.1   1   3     1e-07   1.1e-07   24.9   2.3     2    68     3   105     2   108 0.71 -
457861at2759_1016849_1:0023e9|NODE_2621_length_10386_cov_67.072364:7043-7823 -            261 457861at2759         -            164   1.2e-16   53.9  11.1   2   3   2.9e-06     3e-06   20.2   0.9    68   125   121   190   116   216 0.78 -
457861at2759_1016849_1:0023e9|NODE_2621_length_10386_cov_67.072364:7043-7823 -            261 457861at2759         -            164   1.2e-16   53.9  11.1   3   3     0.082     0.085    5.7   0.0   137   163   229   260   213   261 0.72 -
457861at2759_104259_1:0008f5|NODE_2621_length_10386_cov_67.072364:7043-7826  -            262 457861at2759         -            164   1.3e-16   53.9  11.1   1   3     1e-07   1.1e-07   24.8   2.3     2    68     4   106     3   109 0.71 -
457861at2759_104259_1:0008f5|NODE_2621_length_10386_cov_67.072364:7043-7826  -            262 457861at2759         -            164   1.3e-16   53.9  11.1   2   3   2.9e-06     3e-06   20.1   0.9    68   125   122   191   117   217 0.78 -
457861at2759_104259_1:0008f5|NODE_2621_length_10386_cov_67.072364:7043-7826  -            262 457861at2759         -            164   1.3e-16   53.9  11.1   3   3     0.083     0.085    5.7   0.0   137   163   230   261   214   262 0.72 -
457861at2759_1182542_1:0021e3|NODE_2621_length_10386_cov_67.072364:7043-7826 -            262 457861at2759         -            164   1.3e-16   53.9  11.1   1   3     1e-07   1.1e-07   24.8   2.3     2    68     4   106     3   109 0.71 -
457861at2759_1182542_1:0021e3|NODE_2621_length_10386_cov_67.072364:7043-7826 -            262 457861at2759         -            164   1.3e-16   53.9  11.1   2   3   2.9e-06     3e-06   20.1   0.9    68   125   122   191   117   217 0.78 -
457861at2759_1182542_1:0021e3|NODE_2621_length_10386_cov_67.072364:7043-7826 -            262 457861at2759         -            164   1.3e-16   53.9  11.1   3   3     0.083     0.085    5.7   0.0   137   163   230   261   214   262 0.72 -
457861at2759_5601_1:00081a|NODE_2621_length_10386_cov_67.072364:7043-7826    -            262 457861at2759         -            164   1.3e-16   53.9  11.1   1   3     1e-07   1.1e-07   24.8   2.3     2    68     4   106     3   109 0.71 -
457861at2759_5601_1:00081a|NODE_2621_length_10386_cov_67.072364:7043-7826    -            262 457861at2759         -            164   1.3e-16   53.9  11.1   2   3   2.9e-06     3e-06   20.1   0.9    68   125   122   191   117   217 0.78 -
457861at2759_5601_1:00081a|NODE_2621_length_10386_cov_67.072364:7043-7826    -            262 457861at2759         -            164   1.3e-16   53.9  11.1   3   3     0.083     0.085    5.7   0.0   137   163   230   261   214   262 0.72 -
457861at2759_123851_0:003d8d|NODE_2621_length_10386_cov_67.072364:7043-7829  -            263 457861at2759         -            164   1.3e-16   53.8  11.1   1   3     1e-07   1.1e-07   24.8   2.3     2    68     5   107     4   110 0.71 -
457861at2759_123851_0:003d8d|NODE_2621_length_10386_cov_67.072364:7043-7829  -            263 457861at2759         -            164   1.3e-16   53.8  11.1   2   3   2.9e-06     3e-06   20.1   0.9    68   125   123   192   118   218 0.78 -
457861at2759_123851_0:003d8d|NODE_2621_length_10386_cov_67.072364:7043-7829  -            263 457861at2759         -            164   1.3e-16   53.8  11.1   3   3     0.083     0.085    5.6   0.0   137   163   231   262   215   263 0.72 -
457861at2759_1367422_1:000b6a|NODE_2621_length_10386_cov_67.072364:7043-7829 -            263 457861at2759         -            164   1.3e-16   53.8  11.1   1   3     1e-07   1.1e-07   24.8   2.3     2    68     5   107     4   110 0.71 -
457861at2759_1367422_1:000b6a|NODE_2621_length_10386_cov_67.072364:7043-7829 -            263 457861at2759         -            164   1.3e-16   53.8  11.1   2   3   2.9e-06     3e-06   20.1   0.9    68   125   123   192   118   218 0.78 -
457861at2759_1367422_1:000b6a|NODE_2621_length_10386_cov_67.072364:7043-7829 -            263 457861at2759         -            164   1.3e-16   53.8  11.1   3   3     0.083     0.085    5.6   0.0   137   163   231   262   215   263 0.72 -
457861at2759_1442368_1:000d38|NODE_2621_length_10386_cov_67.072364:7043-7829 -            263 457861at2759         -            164   1.3e-16   53.8  11.1   1   3     1e-07   1.1e-07   24.8   2.3     2    68     5   107     4   110 0.71 -
457861at2759_1442368_1:000d38|NODE_2621_length_10386_cov_67.072364:7043-7829 -            263 457861at2759         -            164   1.3e-16   53.8  11.1   2   3   2.9e-06     3e-06   20.1   0.9    68   125   123   192   118   218 0.78 -
457861at2759_1442368_1:000d38|NODE_2621_length_10386_cov_67.072364:7043-7829 -            263 457861at2759         -            164   1.3e-16   53.8  11.1   3   3     0.083     0.085    5.6   0.0   137   163   231   262   215   263 0.72 -
457861at2759_348802_1:002660|NODE_2621_length_10386_cov_67.072364:7043-7829  -            263 457861at2759         -            164   1.3e-16   53.8  11.1   1   3     1e-07   1.1e-07   24.8   2.3     2    68     5   107     4   110 0.71 -
457861at2759_348802_1:002660|NODE_2621_length_10386_cov_67.072364:7043-7829  -            263 457861at2759         -            164   1.3e-16   53.8  11.1   2   3   2.9e-06     3e-06   20.1   0.9    68   125   123   192   118   218 0.78 -
457861at2759_348802_1:002660|NODE_2621_length_10386_cov_67.072364:7043-7829  -            263 457861at2759         -            164   1.3e-16   53.8  11.1   3   3     0.083     0.085    5.6   0.0   137   163   231   262   215   263 0.72 -
457861at2759_38123_0:001054|NODE_2621_length_10386_cov_67.072364:7043-7829   -            263 457861at2759         -            164   1.3e-16   53.8  11.1   1   3     1e-07   1.1e-07   24.8   2.3     2    68     5   107     4   110 0.71 -
457861at2759_38123_0:001054|NODE_2621_length_10386_cov_67.072364:7043-7829   -            263 457861at2759         -            164   1.3e-16   53.8  11.1   2   3   2.9e-06     3e-06   20.1   0.9    68   125   123   192   118   218 0.78 -
457861at2759_38123_0:001054|NODE_2621_length_10386_cov_67.072364:7043-7829   -            263 457861at2759         -            164   1.3e-16   53.8  11.1   3   3     0.083     0.085    5.6   0.0   137   163   231   262   215   263 0.72 -
457861at2759_569365_1:002136|NODE_2621_length_10386_cov_67.072364:7043-7829  -            263 457861at2759         -            164   1.3e-16   53.8  11.1   1   3     1e-07   1.1e-07   24.8   2.3     2    68     5   107     4   110 0.71 -
457861at2759_569365_1:002136|NODE_2621_length_10386_cov_67.072364:7043-7829  -            263 457861at2759         -            164   1.3e-16   53.8  11.1   2   3   2.9e-06     3e-06   20.1   0.9    68   125   123   192   118   218 0.78 -
457861at2759_569365_1:002136|NODE_2621_length_10386_cov_67.072364:7043-7829  -            263 457861at2759         -            164   1.3e-16   53.8  11.1   3   3     0.083     0.085    5.6   0.0   137   163   231   262   215   263 0.72 -
457861at2759_218467_0:001bcb|NODE_2621_length_10386_cov_67.072364:7037-7829  -            265 457861at2759         -            164   1.3e-16   53.8  11.1   1   3   1.1e-07   1.1e-07   24.8   2.3     2    68     5   107     4   110 0.71 -
457861at2759_218467_0:001bcb|NODE_2621_length_10386_cov_67.072364:7037-7829  -            265 457861at2759         -            164   1.3e-16   53.8  11.1   2   3     3e-06   3.1e-06   20.1   0.9    68   125   123   192   118   218 0.78 -
457861at2759_218467_0:001bcb|NODE_2621_length_10386_cov_67.072364:7037-7829  -            265 457861at2759         -            164   1.3e-16   53.8  11.1   3   3     0.084     0.086    5.6   0.0   137   163   231   262   215   263 0.72 -
457861at2759_7536_0:0040db|NODE_2621_length_10386_cov_67.072364:7037-7829    -            265 457861at2759         -            164   1.3e-16   53.8  11.1   1   3   1.1e-07   1.1e-07   24.8   2.3     2    68     5   107     4   110 0.71 -
457861at2759_7536_0:0040db|NODE_2621_length_10386_cov_67.072364:7037-7829    -            265 457861at2759         -            164   1.3e-16   53.8  11.1   2   3     3e-06   3.1e-06   20.1   0.9    68   125   123   192   118   218 0.78 -
457861at2759_7536_0:0040db|NODE_2621_length_10386_cov_67.072364:7037-7829    -            265 457861at2759         -            164   1.3e-16   53.8  11.1   3   3     0.084     0.086    5.6   0.0   137   163   231   262   215   263 0.72 -
457861at2759_77166_0:0006ee|NODE_2621_length_10386_cov_67.072364:7037-7829   -            265 457861at2759         -            164   1.3e-16   53.8  11.1   1   3   1.1e-07   1.1e-07   24.8   2.3     2    68     5   107     4   110 0.71 -
457861at2759_77166_0:0006ee|NODE_2621_length_10386_cov_67.072364:7037-7829   -            265 457861at2759         -            164   1.3e-16   53.8  11.1   2   3     3e-06   3.1e-06   20.1   0.9    68   125   123   192   118   218 0.78 -
457861at2759_77166_0:0006ee|NODE_2621_length_10386_cov_67.072364:7037-7829   -            265 457861at2759         -            164   1.3e-16   53.8  11.1   3   3     0.084     0.086    5.6   0.0   137   163   231   262   215   263 0.72 -
457861at2759_1263082_1:002a6a|NODE_2621_length_10386_cov_67.072364:7043-7835 -            265 457861at2759         -            164   1.4e-16   53.8  11.1   1   3   1.1e-07   1.1e-07   24.8   2.3     2    68     7   109     6   112 0.71 -
457861at2759_1263082_1:002a6a|NODE_2621_length_10386_cov_67.072364:7043-7835 -            265 457861at2759         -            164   1.4e-16   53.8  11.1   2   3     3e-06   3.1e-06   20.1   0.9    68   125   125   194   120   220 0.78 -
457861at2759_1263082_1:002a6a|NODE_2621_length_10386_cov_67.072364:7043-7835 -            265 457861at2759         -            164   1.4e-16   53.8  11.1   3   3     0.084     0.086    5.6   0.0   137   163   233   264   217   265 0.72 -
457861at2759_1263415_1:001704|NODE_2621_length_10386_cov_67.072364:7028-7823 -            266 457861at2759         -            164   1.4e-16   53.8  11.1   1   3   1.1e-07   1.1e-07   24.8   2.3     2    68     3   105     2   108 0.71 -
457861at2759_1263415_1:001704|NODE_2621_length_10386_cov_67.072364:7028-7823 -            266 457861at2759         -            164   1.4e-16   53.8  11.1   2   3     3e-06   3.1e-06   20.1   0.9    68   125   121   190   116   216 0.78 -
457861at2759_1263415_1:001704|NODE_2621_length_10386_cov_67.072364:7028-7823 -            266 457861at2759         -            164   1.4e-16   53.8  11.1   3   3     0.085     0.087    5.6   0.0   137   163   229   260   213   261 0.72 -
457861at2759_1392248_1:002547|NODE_2621_length_10386_cov_67.072364:7043-7838 -            266 457861at2759         -            164   1.4e-16   53.7  11.1   1   3   1.1e-07   1.1e-07   24.8   2.3     2    68     8   110     7   113 0.71 -
457861at2759_1392248_1:002547|NODE_2621_length_10386_cov_67.072364:7043-7838 -            266 457861at2759         -            164   1.4e-16   53.7  11.1   2   3     3e-06   3.1e-06   20.1   0.9    68   125   126   195   121   221 0.78 -
457861at2759_1392248_1:002547|NODE_2621_length_10386_cov_67.072364:7043-7838 -            266 457861at2759         -            164   1.4e-16   53.7  11.1   3   3     0.085     0.087    5.6   0.0   137   163   234   265   218   266 0.72 -
457861at2759_41047_1:000638|NODE_2621_length_10386_cov_67.072364:7043-7838   -            266 457861at2759         -            164   1.4e-16   53.7  11.1   1   3   1.1e-07   1.1e-07   24.8   2.3     2    68     8   110     7   113 0.71 -
457861at2759_41047_1:000638|NODE_2621_length_10386_cov_67.072364:7043-7838   -            266 457861at2759         -            164   1.4e-16   53.7  11.1   2   3     3e-06   3.1e-06   20.1   0.9    68   125   126   195   121   221 0.78 -
457861at2759_41047_1:000638|NODE_2621_length_10386_cov_67.072364:7043-7838   -            266 457861at2759         -            164   1.4e-16   53.7  11.1   3   3     0.085     0.087    5.6   0.0   137   163   234   265   218   266 0.72 -
457861at2759_482145_1:00078c|NODE_2621_length_10386_cov_67.072364:7043-7838  -            266 457861at2759         -            164   1.4e-16   53.7  11.1   1   3   1.1e-07   1.1e-07   24.8   2.3     2    68     8   110     7   113 0.71 -
457861at2759_482145_1:00078c|NODE_2621_length_10386_cov_67.072364:7043-7838  -            266 457861at2759         -            164   1.4e-16   53.7  11.1   2   3     3e-06   3.1e-06   20.1   0.9    68   125   126   195   121   221 0.78 -
457861at2759_482145_1:00078c|NODE_2621_length_10386_cov_67.072364:7043-7838  -            266 457861at2759         -            164   1.4e-16   53.7  11.1   3   3     0.085     0.087    5.6   0.0   137   163   234   265   218   266 0.72 -
457861at2759_568069_0:002b01|NODE_2621_length_10386_cov_67.072364:7031-7829  -            267 457861at2759         -            164   1.4e-16   53.7  11.1   1   3   1.1e-07   1.1e-07   24.8   2.3     2    68     5   107     4   110 0.71 -
457861at2759_568069_0:002b01|NODE_2621_length_10386_cov_67.072364:7031-7829  -            267 457861at2759         -            164   1.4e-16   53.7  11.1   2   3     3e-06   3.1e-06   20.1   0.9    68   125   123   192   118   218 0.78 -
457861at2759_568069_0:002b01|NODE_2621_length_10386_cov_67.072364:7031-7829  -            267 457861at2759         -            164   1.4e-16   53.7  11.1   3   3     0.085     0.087    5.6   0.0   137   163   231   262   215   263 0.72 -
457861at2759_1182544_1:000294|NODE_2621_length_10386_cov_67.072364:7028-7826 -            267 457861at2759         -            164   1.4e-16   53.7  11.1   1   3   1.1e-07   1.1e-07   24.8   2.3     2    68     4   106     3   109 0.71 -
457861at2759_1182544_1:000294|NODE_2621_length_10386_cov_67.072364:7028-7826 -            267 457861at2759         -            164   1.4e-16   53.7  11.1   2   3     3e-06   3.1e-06   20.1   0.9    68   125   122   191   117   217 0.78 -
457861at2759_1182544_1:000294|NODE_2621_length_10386_cov_67.072364:7028-7826 -            267 457861at2759         -            164   1.4e-16   53.7  11.1   3   3     0.085     0.087    5.6   0.0   137   163   230   261   214   262 0.72 -
457861at2759_1279043_1:000627|NODE_2621_length_10386_cov_67.072364:7028-7826 -            267 457861at2759         -            164   1.4e-16   53.7  11.1   1   3   1.1e-07   1.1e-07   24.8   2.3     2    68     4   106     3   109 0.71 -
457861at2759_1279043_1:000627|NODE_2621_length_10386_cov_67.072364:7028-7826 -            267 457861at2759         -            164   1.4e-16   53.7  11.1   2   3     3e-06   3.1e-06   20.1   0.9    68   125   122   191   117   217 0.78 -
457861at2759_1279043_1:000627|NODE_2621_length_10386_cov_67.072364:7028-7826 -            267 457861at2759         -            164   1.4e-16   53.7  11.1   3   3     0.085     0.087    5.6   0.0   137   163   230   261   214   262 0.72 -
457861at2759_321146_1:00043d|NODE_2621_length_10386_cov_67.072364:7028-7826  -            267 457861at2759         -            164   1.4e-16   53.7  11.1   1   3   1.1e-07   1.1e-07   24.8   2.3     2    68     4   106     3   109 0.71 -
457861at2759_321146_1:00043d|NODE_2621_length_10386_cov_67.072364:7028-7826  -            267 457861at2759         -            164   1.4e-16   53.7  11.1   2   3     3e-06   3.1e-06   20.1   0.9    68   125   122   191   117   217 0.78 -
457861at2759_321146_1:00043d|NODE_2621_length_10386_cov_67.072364:7028-7826  -            267 457861at2759         -            164   1.4e-16   53.7  11.1   3   3     0.085     0.087    5.6   0.0   137   163   230   261   214   262 0.72 -
457861at2759_1182545_1:003255|NODE_2621_length_10386_cov_67.072364:7028-7829 -            268 457861at2759         -            164   1.4e-16   53.7  11.1   1   3   1.1e-07   1.1e-07   24.8   2.3     2    68     5   107     4   110 0.71 -
457861at2759_1182545_1:003255|NODE_2621_length_10386_cov_67.072364:7028-7829 -            268 457861at2759         -            164   1.4e-16   53.7  11.1   2   3     3e-06   3.1e-06   20.1   0.9    68   125   123   192   118   218 0.78 -
457861at2759_1182545_1:003255|NODE_2621_length_10386_cov_67.072364:7028-7829 -            268 457861at2759         -            164   1.4e-16   53.7  11.1   3   3     0.086     0.088    5.6   0.0   137   163   231   262   215   263 0.72 -
457861at2759_121845_0:004a5c|NODE_2621_length_10386_cov_67.072364:7028-7829  -            268 457861at2759         -            164   1.4e-16   53.7  11.1   1   3   1.1e-07   1.1e-07   24.8   2.3     2    68     5   107     4   110 0.71 -
457861at2759_121845_0:004a5c|NODE_2621_length_10386_cov_67.072364:7028-7829  -            268 457861at2759         -            164   1.4e-16   53.7  11.1   2   3     3e-06   3.1e-06   20.1   0.9    68   125   123   192   118   218 0.78 -
457861at2759_121845_0:004a5c|NODE_2621_length_10386_cov_67.072364:7028-7829  -            268 457861at2759         -            164   1.4e-16   53.7  11.1   3   3     0.086     0.088    5.6   0.0   137   163   231   262   215   263 0.72 -
457861at2759_1720309_0:0048d2|NODE_2621_length_10386_cov_67.072364:7028-7829 -            268 457861at2759         -            164   1.4e-16   53.7  11.1   1   3   1.1e-07   1.1e-07   24.8   2.3     2    68     5   107     4   110 0.71 -
457861at2759_1720309_0:0048d2|NODE_2621_length_10386_cov_67.072364:7028-7829 -            268 457861at2759         -            164   1.4e-16   53.7  11.1   2   3     3e-06   3.1e-06   20.1   0.9    68   125   123   192   118   218 0.78 -
457861at2759_1720309_0:0048d2|NODE_2621_length_10386_cov_67.072364:7028-7829 -            268 457861at2759         -            164   1.4e-16   53.7  11.1   3   3     0.086     0.088    5.6   0.0   137   163   231   262   215   263 0.72 -
457861at2759_438502_0:004e84|NODE_2621_length_10386_cov_67.072364:7028-7829  -            268 457861at2759         -            164   1.4e-16   53.7  11.1   1   3   1.1e-07   1.1e-07   24.8   2.3     2    68     5   107     4   110 0.71 -
457861at2759_438502_0:004e84|NODE_2621_length_10386_cov_67.072364:7028-7829  -            268 457861at2759         -            164   1.4e-16   53.7  11.1   2   3     3e-06   3.1e-06   20.1   0.9    68   125   123   192   118   218 0.78 -
457861at2759_438502_0:004e84|NODE_2621_length_10386_cov_67.072364:7028-7829  -            268 457861at2759         -            164   1.4e-16   53.7  11.1   3   3     0.086     0.088    5.6   0.0   137   163   231   262   215   263 0.72 -
457861at2759_113540_0:003ddb|NODE_2621_length_10386_cov_67.072364:7046-7829  -            262 457861at2759         -            164   1.9e-16   53.3  11.3   1   3     1e-07   1.1e-07   24.8   2.3     2    68     5   107     4   110 0.71 -
457861at2759_113540_0:003ddb|NODE_2621_length_10386_cov_67.072364:7046-7829  -            262 457861at2759         -            164   1.9e-16   53.3  11.3   2   3   2.8e-06   2.9e-06   20.2   0.9    68   125   123   192   118   219 0.78 -
457861at2759_113540_0:003ddb|NODE_2621_length_10386_cov_67.072364:7046-7829  -            262 457861at2759         -            164   1.9e-16   53.3  11.3   3   3      0.12      0.12    5.1   0.0   137   163   231   262   225   262 0.66 -
457861at2759_6412_0:002943|NODE_2621_length_10386_cov_67.072364:7046-7829    -            262 457861at2759         -            164   1.9e-16   53.3  11.3   1   3     1e-07   1.1e-07   24.8   2.3     2    68     5   107     4   110 0.71 -
457861at2759_6412_0:002943|NODE_2621_length_10386_cov_67.072364:7046-7829    -            262 457861at2759         -            164   1.9e-16   53.3  11.3   2   3   2.8e-06   2.9e-06   20.2   0.9    68   125   123   192   118   219 0.78 -
457861at2759_6412_0:002943|NODE_2621_length_10386_cov_67.072364:7046-7829    -            262 457861at2759         -            164   1.9e-16   53.3  11.3   3   3      0.12      0.12    5.1   0.0   137   163   231   262   225   262 0.66 -
457861at2759_6669_0:0047fd|NODE_2621_length_10386_cov_67.072364:7046-7829    -            262 457861at2759         -            164   1.9e-16   53.3  11.3   1   3     1e-07   1.1e-07   24.8   2.3     2    68     5   107     4   110 0.71 -
457861at2759_6669_0:0047fd|NODE_2621_length_10386_cov_67.072364:7046-7829    -            262 457861at2759         -            164   1.9e-16   53.3  11.3   2   3   2.8e-06   2.9e-06   20.2   0.9    68   125   123   192   118   219 0.78 -
457861at2759_6669_0:0047fd|NODE_2621_length_10386_cov_67.072364:7046-7829    -            262 457861at2759         -            164   1.9e-16   53.3  11.3   3   3      0.12      0.12    5.1   0.0   137   163   231   262   225   262 0.66 -
457861at2759_7167_0:0028df|NODE_2621_length_10386_cov_67.072364:7046-7829    -            262 457861at2759         -            164   1.9e-16   53.3  11.3   1   3     1e-07   1.1e-07   24.8   2.3     2    68     5   107     4   110 0.71 -
457861at2759_7167_0:0028df|NODE_2621_length_10386_cov_67.072364:7046-7829    -            262 457861at2759         -            164   1.9e-16   53.3  11.3   2   3   2.8e-06   2.9e-06   20.2   0.9    68   125   123   192   118   219 0.78 -
457861at2759_7167_0:0028df|NODE_2621_length_10386_cov_67.072364:7046-7829    -            262 457861at2759         -            164   1.9e-16   53.3  11.3   3   3      0.12      0.12    5.1   0.0   137   163   231   262   225   262 0.66 -
457861at2759_7918_0:000379|NODE_2621_length_10386_cov_67.072364:7046-7829    -            262 457861at2759         -            164   1.9e-16   53.3  11.3   1   3     1e-07   1.1e-07   24.8   2.3     2    68     5   107     4   110 0.71 -
457861at2759_7918_0:000379|NODE_2621_length_10386_cov_67.072364:7046-7829    -            262 457861at2759         -            164   1.9e-16   53.3  11.3   2   3   2.8e-06   2.9e-06   20.2   0.9    68   125   123   192   118   219 0.78 -
457861at2759_7918_0:000379|NODE_2621_length_10386_cov_67.072364:7046-7829    -            262 457861at2759         -            164   1.9e-16   53.3  11.3   3   3      0.12      0.12    5.1   0.0   137   163   231   262   225   262 0.66 -
457861at2759_1392250_1:002cf8|NODE_2621_length_10386_cov_67.072364:7043-7817 -            259 457861at2759         -            164   2.1e-16   53.2  11.4   1   3   1.6e-07   1.7e-07   24.2   2.5     3    68     2   103     1   106 0.71 -
457861at2759_1392250_1:002cf8|NODE_2621_length_10386_cov_67.072364:7043-7817 -            259 457861at2759         -            164   2.1e-16   53.2  11.4   2   3   2.8e-06   2.9e-06   20.2   0.9    68   125   119   188   114   214 0.78 -
457861at2759_1392250_1:002cf8|NODE_2621_length_10386_cov_67.072364:7043-7817 -            259 457861at2759         -            164   2.1e-16   53.2  11.4   3   3     0.081     0.084    5.7   0.0   137   163   227   258   211   259 0.72 -
457861at2759_158441_0:001935|NODE_2621_length_10386_cov_67.072364:7043-7817  -            259 457861at2759         -            164   2.1e-16   53.2  11.4   1   3   1.6e-07   1.7e-07   24.2   2.5     3    68     2   103     1   106 0.71 -
457861at2759_158441_0:001935|NODE_2621_length_10386_cov_67.072364:7043-7817  -            259 457861at2759         -            164   2.1e-16   53.2  11.4   2   3   2.8e-06   2.9e-06   20.2   0.9    68   125   119   188   114   214 0.78 -
457861at2759_158441_0:001935|NODE_2621_length_10386_cov_67.072364:7043-7817  -            259 457861at2759         -            164   2.1e-16   53.2  11.4   3   3     0.081     0.084    5.7   0.0   137   163   227   258   211   259 0.72 -
457861at2759_88015_0:003bd3|NODE_2621_length_10386_cov_67.072364:7043-7817   -            259 457861at2759         -            164   2.1e-16   53.2  11.4   1   3   1.6e-07   1.7e-07   24.2   2.5     3    68     2   103     1   106 0.71 -
457861at2759_88015_0:003bd3|NODE_2621_length_10386_cov_67.072364:7043-7817   -            259 457861at2759         -            164   2.1e-16   53.2  11.4   2   3   2.8e-06   2.9e-06   20.2   0.9    68   125   119   188   114   214 0.78 -
457861at2759_88015_0:003bd3|NODE_2621_length_10386_cov_67.072364:7043-7817   -            259 457861at2759         -            164   2.1e-16   53.2  11.4   3   3     0.081     0.084    5.7   0.0   137   163   227   258   211   259 0.72 -
457861at2759_90262_1:0031fd|NODE_2621_length_10386_cov_67.072364:7043-7817   -            259 457861at2759         -            164   2.1e-16   53.2  11.4   1   3   1.6e-07   1.7e-07   24.2   2.5     3    68     2   103     1   106 0.71 -
457861at2759_90262_1:0031fd|NODE_2621_length_10386_cov_67.072364:7043-7817   -            259 457861at2759         -            164   2.1e-16   53.2  11.4   2   3   2.8e-06   2.9e-06   20.2   0.9    68   125   119   188   114   214 0.78 -
457861at2759_90262_1:0031fd|NODE_2621_length_10386_cov_67.072364:7043-7817   -            259 457861at2759         -            164   2.1e-16   53.2  11.4   3   3     0.081     0.084    5.7   0.0   137   163   227   258   211   259 0.72 -
457861at2759_72036_0:002497|NODE_2621_length_10386_cov_67.072364:7046-7832   -            263 457861at2759         -            164   2.1e-16   53.2  11.4   1   3     1e-07   1.1e-07   24.8   2.3     2    68     6   108     5   111 0.71 -
457861at2759_72036_0:002497|NODE_2621_length_10386_cov_67.072364:7046-7832   -            263 457861at2759         -            164   2.1e-16   53.2  11.4   2   3     3e-06   3.1e-06   20.1   1.0    68   125   124   193   119   220 0.78 -
457861at2759_72036_0:002497|NODE_2621_length_10386_cov_67.072364:7046-7832   -            263 457861at2759         -            164   2.1e-16   53.2  11.4   3   3      0.12      0.12    5.2   0.0   137   163   232   263   224   263 0.67 -
457861at2759_8355_0:003cb5|NODE_2621_length_10386_cov_67.072364:7046-7832    -            263 457861at2759         -            164   2.1e-16   53.2  11.4   1   3     1e-07   1.1e-07   24.8   2.3     2    68     6   108     5   111 0.71 -
457861at2759_8355_0:003cb5|NODE_2621_length_10386_cov_67.072364:7046-7832    -            263 457861at2759         -            164   2.1e-16   53.2  11.4   2   3     3e-06   3.1e-06   20.1   1.0    68   125   124   193   119   220 0.78 -
457861at2759_8355_0:003cb5|NODE_2621_length_10386_cov_67.072364:7046-7832    -            263 457861at2759         -            164   2.1e-16   53.2  11.4   3   3      0.12      0.12    5.2   0.0   137   163   232   263   224   263 0.67 -
457861at2759_103944_0:0030bb|NODE_2621_length_10386_cov_67.072364:7028-7817  -            264 457861at2759         -            164   2.3e-16   53.1  11.4   1   3   1.7e-07   1.7e-07   24.2   2.5     3    68     2   103     1   106 0.71 -
457861at2759_103944_0:0030bb|NODE_2621_length_10386_cov_67.072364:7028-7817  -            264 457861at2759         -            164   2.3e-16   53.1  11.4   2   3     3e-06     3e-06   20.1   0.9    68   125   119   188   114   214 0.78 -
457861at2759_103944_0:0030bb|NODE_2621_length_10386_cov_67.072364:7028-7817  -            264 457861at2759         -            164   2.3e-16   53.1  11.4   3   3     0.084     0.086    5.6   0.0   137   163   227   258   211   259 0.72 -
457861at2759_10141_0:0016e8|NODE_2621_length_10386_cov_67.072364:7046-7817   -            258 457861at2759         -            164   2.9e-16   52.7  11.6   1   3   1.6e-07   1.7e-07   24.2   2.5     3    68     2   103     1   106 0.71 -
457861at2759_10141_0:0016e8|NODE_2621_length_10386_cov_67.072364:7046-7817   -            258 457861at2759         -            164   2.9e-16   52.7  11.6   2   3   2.7e-06   2.8e-06   20.2   0.9    68   125   119   188   114   215 0.78 -
457861at2759_10141_0:0016e8|NODE_2621_length_10386_cov_67.072364:7046-7817   -            258 457861at2759         -            164   2.9e-16   52.7  11.6   3   3      0.12      0.12    5.2   0.0   137   163   227   258   221   258 0.66 -
457861at2759_1026970_0:00394e|NODE_2621_length_10386_cov_67.072364:7046-7817 -            258 457861at2759         -            164   2.9e-16   52.7  11.6   1   3   1.6e-07   1.7e-07   24.2   2.5     3    68     2   103     1   106 0.71 -
457861at2759_1026970_0:00394e|NODE_2621_length_10386_cov_67.072364:7046-7817 -            258 457861at2759         -            164   2.9e-16   52.7  11.6   2   3   2.7e-06   2.8e-06   20.2   0.9    68   125   119   188   114   215 0.78 -
457861at2759_1026970_0:00394e|NODE_2621_length_10386_cov_67.072364:7046-7817 -            258 457861at2759         -            164   2.9e-16   52.7  11.6   3   3      0.12      0.12    5.2   0.0   137   163   227   258   221   258 0.66 -
457861at2759_103695_0:000033|NODE_2621_length_10386_cov_67.072364:7046-7817  -            258 457861at2759         -            164   2.9e-16   52.7  11.6   1   3   1.6e-07   1.7e-07   24.2   2.5     3    68     2   103     1   106 0.71 -
457861at2759_103695_0:000033|NODE_2621_length_10386_cov_67.072364:7046-7817  -            258 457861at2759         -            164   2.9e-16   52.7  11.6   2   3   2.7e-06   2.8e-06   20.2   0.9    68   125   119   188   114   215 0.78 -
457861at2759_103695_0:000033|NODE_2621_length_10386_cov_67.072364:7046-7817  -            258 457861at2759         -            164   2.9e-16   52.7  11.6   3   3      0.12      0.12    5.2   0.0   137   163   227   258   221   258 0.66 -
457861at2759_1230840_0:0019c7|NODE_2621_length_10386_cov_67.072364:7046-7817 -            258 457861at2759         -            164   2.9e-16   52.7  11.6   1   3   1.6e-07   1.7e-07   24.2   2.5     3    68     2   103     1   106 0.71 -
457861at2759_1230840_0:0019c7|NODE_2621_length_10386_cov_67.072364:7046-7817 -            258 457861at2759         -            164   2.9e-16   52.7  11.6   2   3   2.7e-06   2.8e-06   20.2   0.9    68   125   119   188   114   215 0.78 -
457861at2759_1230840_0:0019c7|NODE_2621_length_10386_cov_67.072364:7046-7817 -            258 457861at2759         -            164   2.9e-16   52.7  11.6   3   3      0.12      0.12    5.2   0.0   137   163   227   258   221   258 0.66 -
457861at2759_13616_0:001244|NODE_2621_length_10386_cov_67.072364:7046-7817   -            258 457861at2759         -            164   2.9e-16   52.7  11.6   1   3   1.6e-07   1.7e-07   24.2   2.5     3    68     2   103     1   106 0.71 -
457861at2759_13616_0:001244|NODE_2621_length_10386_cov_67.072364:7046-7817   -            258 457861at2759         -            164   2.9e-16   52.7  11.6   2   3   2.7e-06   2.8e-06   20.2   0.9    68   125   119   188   114   215 0.78 -
457861at2759_13616_0:001244|NODE_2621_length_10386_cov_67.072364:7046-7817   -            258 457861at2759         -            164   2.9e-16   52.7  11.6   3   3      0.12      0.12    5.2   0.0   137   163   227   258   221   258 0.66 -
457861at2759_13735_0:0015d2|NODE_2621_length_10386_cov_67.072364:7046-7817   -            258 457861at2759         -            164   2.9e-16   52.7  11.6   1   3   1.6e-07   1.7e-07   24.2   2.5     3    68     2   103     1   106 0.71 -
457861at2759_13735_0:0015d2|NODE_2621_length_10386_cov_67.072364:7046-7817   -            258 457861at2759         -            164   2.9e-16   52.7  11.6   2   3   2.7e-06   2.8e-06   20.2   0.9    68   125   119   188   114   215 0.78 -
457861at2759_13735_0:0015d2|NODE_2621_length_10386_cov_67.072364:7046-7817   -            258 457861at2759         -            164   2.9e-16   52.7  11.6   3   3      0.12      0.12    5.2   0.0   137   163   227   258   221   258 0.66 -
457861at2759_143302_0:000260|NODE_2621_length_10386_cov_67.072364:7046-7817  -            258 457861at2759         -            164   2.9e-16   52.7  11.6   1   3   1.6e-07   1.7e-07   24.2   2.5     3    68     2   103     1   106 0.71 -
457861at2759_143302_0:000260|NODE_2621_length_10386_cov_67.072364:7046-7817  -            258 457861at2759         -            164   2.9e-16   52.7  11.6   2   3   2.7e-06   2.8e-06   20.2   0.9    68   125   119   188   114   215 0.78 -
457861at2759_143302_0:000260|NODE_2621_length_10386_cov_67.072364:7046-7817  -            258 457861at2759         -            164   2.9e-16   52.7  11.6   3   3      0.12      0.12    5.2   0.0   137   163   227   258   221   258 0.66 -
457861at2759_146911_0:0026b0|NODE_2621_length_10386_cov_67.072364:7046-7817  -            258 457861at2759         -            164   2.9e-16   52.7  11.6   1   3   1.6e-07   1.7e-07   24.2   2.5     3    68     2   103     1   106 0.71 -
457861at2759_146911_0:0026b0|NODE_2621_length_10386_cov_67.072364:7046-7817  -            258 457861at2759         -            164   2.9e-16   52.7  11.6   2   3   2.7e-06   2.8e-06   20.2   0.9    68   125   119   188   114   215 0.78 -
457861at2759_146911_0:0026b0|NODE_2621_length_10386_cov_67.072364:7046-7817  -            258 457861at2759         -            164   2.9e-16   52.7  11.6   3   3      0.12      0.12    5.2   0.0   137   163   227   258   221   258 0.66 -
457861at2759_156563_0:000fe7|NODE_2621_length_10386_cov_67.072364:7046-7817  -            258 457861at2759         -            164   2.9e-16   52.7  11.6   1   3   1.6e-07   1.7e-07   24.2   2.5     3    68     2   103     1   106 0.71 -
457861at2759_156563_0:000fe7|NODE_2621_length_10386_cov_67.072364:7046-7817  -            258 457861at2759         -            164   2.9e-16   52.7  11.6   2   3   2.7e-06   2.8e-06   20.2   0.9    68   125   119   188   114   215 0.78 -
457861at2759_156563_0:000fe7|NODE_2621_length_10386_cov_67.072364:7046-7817  -            258 457861at2759         -            164   2.9e-16   52.7  11.6   3   3      0.12      0.12    5.2   0.0   137   163   227   258   221   258 0.66 -
457861at2759_175836_0:00248c|NODE_2621_length_10386_cov_67.072364:7046-7817  -            258 457861at2759         -            164   2.9e-16   52.7  11.6   1   3   1.6e-07   1.7e-07   24.2   2.5     3    68     2   103     1   106 0.71 -
457861at2759_175836_0:00248c|NODE_2621_length_10386_cov_67.072364:7046-7817  -            258 457861at2759         -            164   2.9e-16   52.7  11.6   2   3   2.7e-06   2.8e-06   20.2   0.9    68   125   119   188   114   215 0.78 -
457861at2759_175836_0:00248c|NODE_2621_length_10386_cov_67.072364:7046-7817  -            258 457861at2759         -            164   2.9e-16   52.7  11.6   3   3      0.12      0.12    5.2   0.0   137   163   227   258   221   258 0.66 -
457861at2759_186990_0:0031c6|NODE_2621_length_10386_cov_67.072364:7046-7817  -            258 457861at2759         -            164   2.9e-16   52.7  11.6   1   3   1.6e-07   1.7e-07   24.2   2.5     3    68     2   103     1   106 0.71 -
457861at2759_186990_0:0031c6|NODE_2621_length_10386_cov_67.072364:7046-7817  -            258 457861at2759         -            164   2.9e-16   52.7  11.6   2   3   2.7e-06   2.8e-06   20.2   0.9    68   125   119   188   114   215 0.78 -
457861at2759_186990_0:0031c6|NODE_2621_length_10386_cov_67.072364:7046-7817  -            258 457861at2759         -            164   2.9e-16   52.7  11.6   3   3      0.12      0.12    5.2   0.0   137   163   227   258   221   258 0.66 -
457861at2759_259920_0:0038e7|NODE_2621_length_10386_cov_67.072364:7046-7817  -            258 457861at2759         -            164   2.9e-16   52.7  11.6   1   3   1.6e-07   1.7e-07   24.2   2.5     3    68     2   103     1   106 0.71 -
457861at2759_259920_0:0038e7|NODE_2621_length_10386_cov_67.072364:7046-7817  -            258 457861at2759         -            164   2.9e-16   52.7  11.6   2   3   2.7e-06   2.8e-06   20.2   0.9    68   125   119   188   114   215 0.78 -
457861at2759_259920_0:0038e7|NODE_2621_length_10386_cov_67.072364:7046-7817  -            258 457861at2759         -            164   2.9e-16   52.7  11.6   3   3      0.12      0.12    5.2   0.0   137   163   227   258   221   258 0.66 -
457861at2759_28377_0:0004c6|NODE_2621_length_10386_cov_67.072364:7046-7817   -            258 457861at2759         -            164   2.9e-16   52.7  11.6   1   3   1.6e-07   1.7e-07   24.2   2.5     3    68     2   103     1   106 0.71 -
457861at2759_28377_0:0004c6|NODE_2621_length_10386_cov_67.072364:7046-7817   -            258 457861at2759         -            164   2.9e-16   52.7  11.6   2   3   2.7e-06   2.8e-06   20.2   0.9    68   125   119   188   114   215 0.78 -
457861at2759_28377_0:0004c6|NODE_2621_length_10386_cov_67.072364:7046-7817   -            258 457861at2759         -            164   2.9e-16   52.7  11.6   3   3      0.12      0.12    5.2   0.0   137   163   227   258   221   258 0.66 -
457861at2759_30608_0:001829|NODE_2621_length_10386_cov_67.072364:7046-7817   -            258 457861at2759         -            164   2.9e-16   52.7  11.6   1   3   1.6e-07   1.7e-07   24.2   2.5     3    68     2   103     1   106 0.71 -
457861at2759_30608_0:001829|NODE_2621_length_10386_cov_67.072364:7046-7817   -            258 457861at2759         -            164   2.9e-16   52.7  11.6   2   3   2.7e-06   2.8e-06   20.2   0.9    68   125   119   188   114   215 0.78 -
457861at2759_30608_0:001829|NODE_2621_length_10386_cov_67.072364:7046-7817   -            258 457861at2759         -            164   2.9e-16   52.7  11.6   3   3      0.12      0.12    5.2   0.0   137   163   227   258   221   258 0.66 -
457861at2759_381198_0:000c0f|NODE_2621_length_10386_cov_67.072364:7046-7817  -            258 457861at2759         -            164   2.9e-16   52.7  11.6   1   3   1.6e-07   1.7e-07   24.2   2.5     3    68     2   103     1   106 0.71 -
457861at2759_381198_0:000c0f|NODE_2621_length_10386_cov_67.072364:7046-7817  -            258 457861at2759         -            164   2.9e-16   52.7  11.6   2   3   2.7e-06   2.8e-06   20.2   0.9    68   125   119   188   114   215 0.78 -
457861at2759_381198_0:000c0f|NODE_2621_length_10386_cov_67.072364:7046-7817  -            258 457861at2759         -            164   2.9e-16   52.7  11.6   3   3      0.12      0.12    5.2   0.0   137   163   227   258   221   258 0.66 -
457861at2759_38654_0:000ebf|NODE_2621_length_10386_cov_67.072364:7046-7817   -            258 457861at2759         -            164   2.9e-16   52.7  11.6   1   3   1.6e-07   1.7e-07   24.2   2.5     3    68     2   103     1   106 0.71 -
457861at2759_38654_0:000ebf|NODE_2621_length_10386_cov_67.072364:7046-7817   -            258 457861at2759         -            164   2.9e-16   52.7  11.6   2   3   2.7e-06   2.8e-06   20.2   0.9    68   125   119   188   114   215 0.78 -
457861at2759_38654_0:000ebf|NODE_2621_length_10386_cov_67.072364:7046-7817   -            258 457861at2759         -            164   2.9e-16   52.7  11.6   3   3      0.12      0.12    5.2   0.0   137   163   227   258   221   258 0.66 -
457861at2759_43179_0:0027a4|NODE_2621_length_10386_cov_67.072364:7046-7817   -            258 457861at2759         -            164   2.9e-16   52.7  11.6   1   3   1.6e-07   1.7e-07   24.2   2.5     3    68     2   103     1   106 0.71 -
457861at2759_43179_0:0027a4|NODE_2621_length_10386_cov_67.072364:7046-7817   -            258 457861at2759         -            164   2.9e-16   52.7  11.6   2   3   2.7e-06   2.8e-06   20.2   0.9    68   125   119   188   114   215 0.78 -
457861at2759_43179_0:0027a4|NODE_2621_length_10386_cov_67.072364:7046-7817   -            258 457861at2759         -            164   2.9e-16   52.7  11.6   3   3      0.12      0.12    5.2   0.0   137   163   227   258   221   258 0.66 -
457861at2759_438503_0:001b63|NODE_2621_length_10386_cov_67.072364:7046-7817  -            258 457861at2759         -            164   2.9e-16   52.7  11.6   1   3   1.6e-07   1.7e-07   24.2   2.5     3    68     2   103     1   106 0.71 -
457861at2759_438503_0:001b63|NODE_2621_length_10386_cov_67.072364:7046-7817  -            258 457861at2759         -            164   2.9e-16   52.7  11.6   2   3   2.7e-06   2.8e-06   20.2   0.9    68   125   119   188   114   215 0.78 -
457861at2759_438503_0:001b63|NODE_2621_length_10386_cov_67.072364:7046-7817  -            258 457861at2759         -            164   2.9e-16   52.7  11.6   3   3      0.12      0.12    5.2   0.0   137   163   227   258   221   258 0.66 -
457861at2759_51337_0:002288|NODE_2621_length_10386_cov_67.072364:7046-7817   -            258 457861at2759         -            164   2.9e-16   52.7  11.6   1   3   1.6e-07   1.7e-07   24.2   2.5     3    68     2   103     1   106 0.71 -
457861at2759_51337_0:002288|NODE_2621_length_10386_cov_67.072364:7046-7817   -            258 457861at2759         -            164   2.9e-16   52.7  11.6   2   3   2.7e-06   2.8e-06   20.2   0.9    68   125   119   188   114   215 0.78 -
457861at2759_51337_0:002288|NODE_2621_length_10386_cov_67.072364:7046-7817   -            258 457861at2759         -            164   2.9e-16   52.7  11.6   3   3      0.12      0.12    5.2   0.0   137   163   227   258   221   258 0.66 -
457861at2759_7868_0:001f40|NODE_2621_length_10386_cov_67.072364:7046-7817    -            258 457861at2759         -            164   2.9e-16   52.7  11.6   1   3   1.6e-07   1.7e-07   24.2   2.5     3    68     2   103     1   106 0.71 -
457861at2759_7868_0:001f40|NODE_2621_length_10386_cov_67.072364:7046-7817    -            258 457861at2759         -            164   2.9e-16   52.7  11.6   2   3   2.7e-06   2.8e-06   20.2   0.9    68   125   119   188   114   215 0.78 -
457861at2759_7868_0:001f40|NODE_2621_length_10386_cov_67.072364:7046-7817    -            258 457861at2759         -            164   2.9e-16   52.7  11.6   3   3      0.12      0.12    5.2   0.0   137   163   227   258   221   258 0.66 -
457861at2759_7897_0:001f74|NODE_2621_length_10386_cov_67.072364:7046-7817    -            258 457861at2759         -            164   2.9e-16   52.7  11.6   1   3   1.6e-07   1.7e-07   24.2   2.5     3    68     2   103     1   106 0.71 -
457861at2759_7897_0:001f74|NODE_2621_length_10386_cov_67.072364:7046-7817    -            258 457861at2759         -            164   2.9e-16   52.7  11.6   2   3   2.7e-06   2.8e-06   20.2   0.9    68   125   119   188   114   215 0.78 -
457861at2759_7897_0:001f74|NODE_2621_length_10386_cov_67.072364:7046-7817    -            258 457861at2759         -            164   2.9e-16   52.7  11.6   3   3      0.12      0.12    5.2   0.0   137   163   227   258   221   258 0.66 -
457861at2759_8364_0:0028e4|NODE_2621_length_10386_cov_67.072364:7046-7817    -            258 457861at2759         -            164   2.9e-16   52.7  11.6   1   3   1.6e-07   1.7e-07   24.2   2.5     3    68     2   103     1   106 0.71 -
457861at2759_8364_0:0028e4|NODE_2621_length_10386_cov_67.072364:7046-7817    -            258 457861at2759         -            164   2.9e-16   52.7  11.6   2   3   2.7e-06   2.8e-06   20.2   0.9    68   125   119   188   114   215 0.78 -
457861at2759_8364_0:0028e4|NODE_2621_length_10386_cov_67.072364:7046-7817    -            258 457861at2759         -            164   2.9e-16   52.7  11.6   3   3      0.12      0.12    5.2   0.0   137   163   227   258   221   258 0.66 -
457861at2759_9238_0:00261d|NODE_2621_length_10386_cov_67.072364:7046-7817    -            258 457861at2759         -            164   2.9e-16   52.7  11.6   1   3   1.6e-07   1.7e-07   24.2   2.5     3    68     2   103     1   106 0.71 -
457861at2759_9238_0:00261d|NODE_2621_length_10386_cov_67.072364:7046-7817    -            258 457861at2759         -            164   2.9e-16   52.7  11.6   2   3   2.7e-06   2.8e-06   20.2   0.9    68   125   119   188   114   215 0.78 -
457861at2759_9238_0:00261d|NODE_2621_length_10386_cov_67.072364:7046-7817    -            258 457861at2759         -            164   2.9e-16   52.7  11.6   3   3      0.12      0.12    5.2   0.0   137   163   227   258   221   258 0.66 -
457861at2759_9544_0:001196|NODE_2621_length_10386_cov_67.072364:7046-7817    -            258 457861at2759         -            164   2.9e-16   52.7  11.6   1   3   1.6e-07   1.7e-07   24.2   2.5     3    68     2   103     1   106 0.71 -
457861at2759_9544_0:001196|NODE_2621_length_10386_cov_67.072364:7046-7817    -            258 457861at2759         -            164   2.9e-16   52.7  11.6   2   3   2.7e-06   2.8e-06   20.2   0.9    68   125   119   188   114   215 0.78 -
457861at2759_9544_0:001196|NODE_2621_length_10386_cov_67.072364:7046-7817    -            258 457861at2759         -            164   2.9e-16   52.7  11.6   3   3      0.12      0.12    5.2   0.0   137   163   227   258   221   258 0.66 -
457861at2759_9793_0:0031ec|NODE_2621_length_10386_cov_67.072364:7046-7817    -            258 457861at2759         -            164   2.9e-16   52.7  11.6   1   3   1.6e-07   1.7e-07   24.2   2.5     3    68     2   103     1   106 0.71 -
457861at2759_9793_0:0031ec|NODE_2621_length_10386_cov_67.072364:7046-7817    -            258 457861at2759         -            164   2.9e-16   52.7  11.6   2   3   2.7e-06   2.8e-06   20.2   0.9    68   125   119   188   114   215 0.78 -
457861at2759_9793_0:0031ec|NODE_2621_length_10386_cov_67.072364:7046-7817    -            258 457861at2759         -            164   2.9e-16   52.7  11.6   3   3      0.12      0.12    5.2   0.0   137   163   227   258   221   258 0.66 -
457861at2759_1073089_1:001b70|NODE_2621_length_10386_cov_67.072364:7043-7814 -            258 457861at2759         -            164   4.2e-16   52.2  11.8   1   3   3.1e-07   3.1e-07   23.3   2.8     4    68     2   102     1   106 0.70 -
457861at2759_1073089_1:001b70|NODE_2621_length_10386_cov_67.072364:7043-7814 -            258 457861at2759         -            164   4.2e-16   52.2  11.8   2   3   2.8e-06   2.9e-06   20.2   0.9    68   125   118   187   113   213 0.78 -
457861at2759_1073089_1:001b70|NODE_2621_length_10386_cov_67.072364:7043-7814 -            258 457861at2759         -            164   4.2e-16   52.2  11.8   3   3     0.081     0.083    5.7   0.0   137   163   226   257   210   258 0.72 -
457861at2759_1137211_1:0025bb|NODE_2621_length_10386_cov_67.072364:7043-7814 -            258 457861at2759         -            164   4.2e-16   52.2  11.8   1   3   3.1e-07   3.1e-07   23.3   2.8     4    68     2   102     1   106 0.70 -
457861at2759_1137211_1:0025bb|NODE_2621_length_10386_cov_67.072364:7043-7814 -            258 457861at2759         -            164   4.2e-16   52.2  11.8   2   3   2.8e-06   2.9e-06   20.2   0.9    68   125   118   187   113   213 0.78 -
457861at2759_1137211_1:0025bb|NODE_2621_length_10386_cov_67.072364:7043-7814 -            258 457861at2759         -            164   4.2e-16   52.2  11.8   3   3     0.081     0.083    5.7   0.0   137   163   226   257   210   258 0.72 -
457861at2759_1365484_1:001f78|NODE_2621_length_10386_cov_67.072364:7043-7814 -            258 457861at2759         -            164   4.2e-16   52.2  11.8   1   3   3.1e-07   3.1e-07   23.3   2.8     4    68     2   102     1   106 0.70 -
457861at2759_1365484_1:001f78|NODE_2621_length_10386_cov_67.072364:7043-7814 -            258 457861at2759         -            164   4.2e-16   52.2  11.8   2   3   2.8e-06   2.9e-06   20.2   0.9    68   125   118   187   113   213 0.78 -
457861at2759_1365484_1:001f78|NODE_2621_length_10386_cov_67.072364:7043-7814 -            258 457861at2759         -            164   4.2e-16   52.2  11.8   3   3     0.081     0.083    5.7   0.0   137   163   226   257   210   258 0.72 -
457861at2759_1388766_1:0000a6|NODE_2621_length_10386_cov_67.072364:7043-7814 -            258 457861at2759         -            164   4.2e-16   52.2  11.8   1   3   3.1e-07   3.1e-07   23.3   2.8     4    68     2   102     1   106 0.70 -
457861at2759_1388766_1:0000a6|NODE_2621_length_10386_cov_67.072364:7043-7814 -            258 457861at2759         -            164   4.2e-16   52.2  11.8   2   3   2.8e-06   2.9e-06   20.2   0.9    68   125   118   187   113   213 0.78 -
457861at2759_1388766_1:0000a6|NODE_2621_length_10386_cov_67.072364:7043-7814 -            258 457861at2759         -            164   4.2e-16   52.2  11.8   3   3     0.081     0.083    5.7   0.0   137   163   226   257   210   258 0.72 -
457861at2759_1442369_1:000eb2|NODE_2621_length_10386_cov_67.072364:7043-7814 -            258 457861at2759         -            164   4.2e-16   52.2  11.8   1   3   3.1e-07   3.1e-07   23.3   2.8     4    68     2   102     1   106 0.70 -
457861at2759_1442369_1:000eb2|NODE_2621_length_10386_cov_67.072364:7043-7814 -            258 457861at2759         -            164   4.2e-16   52.2  11.8   2   3   2.8e-06   2.9e-06   20.2   0.9    68   125   118   187   113   213 0.78 -
457861at2759_1442369_1:000eb2|NODE_2621_length_10386_cov_67.072364:7043-7814 -            258 457861at2759         -            164   4.2e-16   52.2  11.8   3   3     0.081     0.083    5.7   0.0   137   163   226   257   210   258 0.72 -
457861at2759_1447883_1:0000f3|NODE_2621_length_10386_cov_67.072364:7043-7814 -            258 457861at2759         -            164   4.2e-16   52.2  11.8   1   3   3.1e-07   3.1e-07   23.3   2.8     4    68     2   102     1   106 0.70 -
457861at2759_1447883_1:0000f3|NODE_2621_length_10386_cov_67.072364:7043-7814 -            258 457861at2759         -            164   4.2e-16   52.2  11.8   2   3   2.8e-06   2.9e-06   20.2   0.9    68   125   118   187   113   213 0.78 -
457861at2759_1447883_1:0000f3|NODE_2621_length_10386_cov_67.072364:7043-7814 -            258 457861at2759         -            164   4.2e-16   52.2  11.8   3   3     0.081     0.083    5.7   0.0   137   163   226   257   210   258 0.72 -
457861at2759_1835702_1:000204|NODE_2621_length_10386_cov_67.072364:7043-7814 -            258 457861at2759         -            164   4.2e-16   52.2  11.8   1   3   3.1e-07   3.1e-07   23.3   2.8     4    68     2   102     1   106 0.70 -
457861at2759_1835702_1:000204|NODE_2621_length_10386_cov_67.072364:7043-7814 -            258 457861at2759         -            164   4.2e-16   52.2  11.8   2   3   2.8e-06   2.9e-06   20.2   0.9    68   125   118   187   113   213 0.78 -
457861at2759_1835702_1:000204|NODE_2621_length_10386_cov_67.072364:7043-7814 -            258 457861at2759         -            164   4.2e-16   52.2  11.8   3   3     0.081     0.083    5.7   0.0   137   163   226   257   210   258 0.72 -
457861at2759_215243_1:0017ae|NODE_2621_length_10386_cov_67.072364:7043-7814  -            258 457861at2759         -            164   4.2e-16   52.2  11.8   1   3   3.1e-07   3.1e-07   23.3   2.8     4    68     2   102     1   106 0.70 -
457861at2759_215243_1:0017ae|NODE_2621_length_10386_cov_67.072364:7043-7814  -            258 457861at2759         -            164   4.2e-16   52.2  11.8   2   3   2.8e-06   2.9e-06   20.2   0.9    68   125   118   187   113   213 0.78 -
457861at2759_215243_1:0017ae|NODE_2621_length_10386_cov_67.072364:7043-7814  -            258 457861at2759         -            164   4.2e-16   52.2  11.8   3   3     0.081     0.083    5.7   0.0   137   163   226   257   210   258 0.72 -
457861at2759_229535_1:000d80|NODE_2621_length_10386_cov_67.072364:7043-7814  -            258 457861at2759         -            164   4.2e-16   52.2  11.8   1   3   3.1e-07   3.1e-07   23.3   2.8     4    68     2   102     1   106 0.70 -
457861at2759_229535_1:000d80|NODE_2621_length_10386_cov_67.072364:7043-7814  -            258 457861at2759         -            164   4.2e-16   52.2  11.8   2   3   2.8e-06   2.9e-06   20.2   0.9    68   125   118   187   113   213 0.78 -
457861at2759_229535_1:000d80|NODE_2621_length_10386_cov_67.072364:7043-7814  -            258 457861at2759         -            164   4.2e-16   52.2  11.8   3   3     0.081     0.083    5.7   0.0   137   163   226   257   210   258 0.72 -
457861at2759_27334_1:0018ee|NODE_2621_length_10386_cov_67.072364:7043-7814   -            258 457861at2759         -            164   4.2e-16   52.2  11.8   1   3   3.1e-07   3.1e-07   23.3   2.8     4    68     2   102     1   106 0.70 -
457861at2759_27334_1:0018ee|NODE_2621_length_10386_cov_67.072364:7043-7814   -            258 457861at2759         -            164   4.2e-16   52.2  11.8   2   3   2.8e-06   2.9e-06   20.2   0.9    68   125   118   187   113   213 0.78 -
457861at2759_27334_1:0018ee|NODE_2621_length_10386_cov_67.072364:7043-7814   -            258 457861at2759         -            164   4.2e-16   52.2  11.8   3   3     0.081     0.083    5.7   0.0   137   163   226   257   210   258 0.72 -
457861at2759_29845_1:001075|NODE_2621_length_10386_cov_67.072364:7043-7814   -            258 457861at2759         -            164   4.2e-16   52.2  11.8   1   3   3.1e-07   3.1e-07   23.3   2.8     4    68     2   102     1   106 0.70 -
457861at2759_29845_1:001075|NODE_2621_length_10386_cov_67.072364:7043-7814   -            258 457861at2759         -            164   4.2e-16   52.2  11.8   2   3   2.8e-06   2.9e-06   20.2   0.9    68   125   118   187   113   213 0.78 -
457861at2759_29845_1:001075|NODE_2621_length_10386_cov_67.072364:7043-7814   -            258 457861at2759         -            164   4.2e-16   52.2  11.8   3   3     0.081     0.083    5.7   0.0   137   163   226   257   210   258 0.72 -
457861at2759_330879_1:001f9b|NODE_2621_length_10386_cov_67.072364:7043-7814  -            258 457861at2759         -            164   4.2e-16   52.2  11.8   1   3   3.1e-07   3.1e-07   23.3   2.8     4    68     2   102     1   106 0.70 -
457861at2759_330879_1:001f9b|NODE_2621_length_10386_cov_67.072364:7043-7814  -            258 457861at2759         -            164   4.2e-16   52.2  11.8   2   3   2.8e-06   2.9e-06   20.2   0.9    68   125   118   187   113   213 0.78 -
457861at2759_330879_1:001f9b|NODE_2621_length_10386_cov_67.072364:7043-7814  -            258 457861at2759         -            164   4.2e-16   52.2  11.8   3   3     0.081     0.083    5.7   0.0   137   163   226   257   210   258 0.72 -
457861at2759_36646_1:0005b4|NODE_2621_length_10386_cov_67.072364:7043-7814   -            258 457861at2759         -            164   4.2e-16   52.2  11.8   1   3   3.1e-07   3.1e-07   23.3   2.8     4    68     2   102     1   106 0.70 -
457861at2759_36646_1:0005b4|NODE_2621_length_10386_cov_67.072364:7043-7814   -            258 457861at2759         -            164   4.2e-16   52.2  11.8   2   3   2.8e-06   2.9e-06   20.2   0.9    68   125   118   187   113   213 0.78 -
457861at2759_36646_1:0005b4|NODE_2621_length_10386_cov_67.072364:7043-7814   -            258 457861at2759         -            164   4.2e-16   52.2  11.8   3   3     0.081     0.083    5.7   0.0   137   163   226   257   210   258 0.72 -
457861at2759_40296_1:0022b1|NODE_2621_length_10386_cov_67.072364:7043-7814   -            258 457861at2759         -            164   4.2e-16   52.2  11.8   1   3   3.1e-07   3.1e-07   23.3   2.8     4    68     2   102     1   106 0.70 -
457861at2759_40296_1:0022b1|NODE_2621_length_10386_cov_67.072364:7043-7814   -            258 457861at2759         -            164   4.2e-16   52.2  11.8   2   3   2.8e-06   2.9e-06   20.2   0.9    68   125   118   187   113   213 0.78 -
457861at2759_40296_1:0022b1|NODE_2621_length_10386_cov_67.072364:7043-7814   -            258 457861at2759         -            164   4.2e-16   52.2  11.8   3   3     0.081     0.083    5.7   0.0   137   163   226   257   210   258 0.72 -
457861at2759_48697_1:0006fe|NODE_2621_length_10386_cov_67.072364:7043-7814   -            258 457861at2759         -            164   4.2e-16   52.2  11.8   1   3   3.1e-07   3.1e-07   23.3   2.8     4    68     2   102     1   106 0.70 -
457861at2759_48697_1:0006fe|NODE_2621_length_10386_cov_67.072364:7043-7814   -            258 457861at2759         -            164   4.2e-16   52.2  11.8   2   3   2.8e-06   2.9e-06   20.2   0.9    68   125   118   187   113   213 0.78 -
457861at2759_48697_1:0006fe|NODE_2621_length_10386_cov_67.072364:7043-7814   -            258 457861at2759         -            164   4.2e-16   52.2  11.8   3   3     0.081     0.083    5.7   0.0   137   163   226   257   210   258 0.72 -
457861at2759_500485_1:002005|NODE_2621_length_10386_cov_67.072364:7043-7814  -            258 457861at2759         -            164   4.2e-16   52.2  11.8   1   3   3.1e-07   3.1e-07   23.3   2.8     4    68     2   102     1   106 0.70 -
457861at2759_500485_1:002005|NODE_2621_length_10386_cov_67.072364:7043-7814  -            258 457861at2759         -            164   4.2e-16   52.2  11.8   2   3   2.8e-06   2.9e-06   20.2   0.9    68   125   118   187   113   213 0.78 -
457861at2759_500485_1:002005|NODE_2621_length_10386_cov_67.072364:7043-7814  -            258 457861at2759         -            164   4.2e-16   52.2  11.8   3   3     0.081     0.083    5.7   0.0   137   163   226   257   210   258 0.72 -
457861at2759_5078_1:001cf7|NODE_2621_length_10386_cov_67.072364:7043-7814    -            258 457861at2759         -            164   4.2e-16   52.2  11.8   1   3   3.1e-07   3.1e-07   23.3   2.8     4    68     2   102     1   106 0.70 -
457861at2759_5078_1:001cf7|NODE_2621_length_10386_cov_67.072364:7043-7814    -            258 457861at2759         -            164   4.2e-16   52.2  11.8   2   3   2.8e-06   2.9e-06   20.2   0.9    68   125   118   187   113   213 0.78 -
457861at2759_5078_1:001cf7|NODE_2621_length_10386_cov_67.072364:7043-7814    -            258 457861at2759         -            164   4.2e-16   52.2  11.8   3   3     0.081     0.083    5.7   0.0   137   163   226   257   210   258 0.72 -
457861at2759_573508_1:0002d6|NODE_2621_length_10386_cov_67.072364:7043-7814  -            258 457861at2759         -            164   4.2e-16   52.2  11.8   1   3   3.1e-07   3.1e-07   23.3   2.8     4    68     2   102     1   106 0.70 -
457861at2759_573508_1:0002d6|NODE_2621_length_10386_cov_67.072364:7043-7814  -            258 457861at2759         -            164   4.2e-16   52.2  11.8   2   3   2.8e-06   2.9e-06   20.2   0.9    68   125   118   187   113   213 0.78 -
457861at2759_573508_1:0002d6|NODE_2621_length_10386_cov_67.072364:7043-7814  -            258 457861at2759         -            164   4.2e-16   52.2  11.8   3   3     0.081     0.083    5.7   0.0   137   163   226   257   210   258 0.72 -
457861at2759_60175_1:000efa|NODE_2621_length_10386_cov_67.072364:7043-7814   -            258 457861at2759         -            164   4.2e-16   52.2  11.8   1   3   3.1e-07   3.1e-07   23.3   2.8     4    68     2   102     1   106 0.70 -
457861at2759_60175_1:000efa|NODE_2621_length_10386_cov_67.072364:7043-7814   -            258 457861at2759         -            164   4.2e-16   52.2  11.8   2   3   2.8e-06   2.9e-06   20.2   0.9    68   125   118   187   113   213 0.78 -
457861at2759_60175_1:000efa|NODE_2621_length_10386_cov_67.072364:7043-7814   -            258 457861at2759         -            164   4.2e-16   52.2  11.8   3   3     0.081     0.083    5.7   0.0   137   163   226   257   210   258 0.72 -
457861at2759_602072_1:001400|NODE_2621_length_10386_cov_67.072364:7043-7814  -            258 457861at2759         -            164   4.2e-16   52.2  11.8   1   3   3.1e-07   3.1e-07   23.3   2.8     4    68     2   102     1   106 0.70 -
457861at2759_602072_1:001400|NODE_2621_length_10386_cov_67.072364:7043-7814  -            258 457861at2759         -            164   4.2e-16   52.2  11.8   2   3   2.8e-06   2.9e-06   20.2   0.9    68   125   118   187   113   213 0.78 -
457861at2759_602072_1:001400|NODE_2621_length_10386_cov_67.072364:7043-7814  -            258 457861at2759         -            164   4.2e-16   52.2  11.8   3   3     0.081     0.083    5.7   0.0   137   163   226   257   210   258 0.72 -
457861at2759_763407_1:001612|NODE_2621_length_10386_cov_67.072364:7043-7814  -            258 457861at2759         -            164   4.2e-16   52.2  11.8   1   3   3.1e-07   3.1e-07   23.3   2.8     4    68     2   102     1   106 0.70 -
457861at2759_763407_1:001612|NODE_2621_length_10386_cov_67.072364:7043-7814  -            258 457861at2759         -            164   4.2e-16   52.2  11.8   2   3   2.8e-06   2.9e-06   20.2   0.9    68   125   118   187   113   213 0.78 -
457861at2759_763407_1:001612|NODE_2621_length_10386_cov_67.072364:7043-7814  -            258 457861at2759         -            164   4.2e-16   52.2  11.8   3   3     0.081     0.083    5.7   0.0   137   163   226   257   210   258 0.72 -
457861at2759_91928_1:000586|NODE_2621_length_10386_cov_67.072364:7043-7814   -            258 457861at2759         -            164   4.2e-16   52.2  11.8   1   3   3.1e-07   3.1e-07   23.3   2.8     4    68     2   102     1   106 0.70 -
457861at2759_91928_1:000586|NODE_2621_length_10386_cov_67.072364:7043-7814   -            258 457861at2759         -            164   4.2e-16   52.2  11.8   2   3   2.8e-06   2.9e-06   20.2   0.9    68   125   118   187   113   213 0.78 -
457861at2759_91928_1:000586|NODE_2621_length_10386_cov_67.072364:7043-7814   -            258 457861at2759         -            164   4.2e-16   52.2  11.8   3   3     0.081     0.083    5.7   0.0   137   163   226   257   210   258 0.72 -
457861at2759_933388_1:00171d|NODE_2621_length_10386_cov_67.072364:7043-7814  -            258 457861at2759         -            164   4.2e-16   52.2  11.8   1   3   3.1e-07   3.1e-07   23.3   2.8     4    68     2   102     1   106 0.70 -
457861at2759_933388_1:00171d|NODE_2621_length_10386_cov_67.072364:7043-7814  -            258 457861at2759         -            164   4.2e-16   52.2  11.8   2   3   2.8e-06   2.9e-06   20.2   0.9    68   125   118   187   113   213 0.78 -
457861at2759_933388_1:00171d|NODE_2621_length_10386_cov_67.072364:7043-7814  -            258 457861at2759         -            164   4.2e-16   52.2  11.8   3   3     0.081     0.083    5.7   0.0   137   163   226   257   210   258 0.72 -
457861at2759_1170229_1:0019c7|NODE_2621_length_10386_cov_67.072364:7031-7814 -            262 457861at2759         -            164   4.6e-16   52.1  11.8   1   3   3.2e-07   3.3e-07   23.3   2.8     4    68     2   102     1   106 0.70 -
457861at2759_1170229_1:0019c7|NODE_2621_length_10386_cov_67.072364:7031-7814 -            262 457861at2759         -            164   4.6e-16   52.1  11.8   2   3   2.9e-06     3e-06   20.1   0.9    68   125   118   187   113   213 0.78 -
457861at2759_1170229_1:0019c7|NODE_2621_length_10386_cov_67.072364:7031-7814 -            262 457861at2759         -            164   4.6e-16   52.1  11.8   3   3     0.083     0.085    5.7   0.0   137   163   226   257   210   258 0.72 -
457861at2759_1314771_1:001171|NODE_2621_length_10386_cov_67.072364:7031-7814 -            262 457861at2759         -            164   4.6e-16   52.1  11.8   1   3   3.2e-07   3.3e-07   23.3   2.8     4    68     2   102     1   106 0.70 -
457861at2759_1314771_1:001171|NODE_2621_length_10386_cov_67.072364:7031-7814 -            262 457861at2759         -            164   4.6e-16   52.1  11.8   2   3   2.9e-06     3e-06   20.1   0.9    68   125   118   187   113   213 0.78 -
457861at2759_1314771_1:001171|NODE_2621_length_10386_cov_67.072364:7031-7814 -            262 457861at2759         -            164   4.6e-16   52.1  11.8   3   3     0.083     0.085    5.7   0.0   137   163   226   257   210   258 0.72 -
457861at2759_519963_1:0010ad|NODE_2621_length_10386_cov_67.072364:7031-7814  -            262 457861at2759         -            164   4.6e-16   52.1  11.8   1   3   3.2e-07   3.3e-07   23.3   2.8     4    68     2   102     1   106 0.70 -
457861at2759_519963_1:0010ad|NODE_2621_length_10386_cov_67.072364:7031-7814  -            262 457861at2759         -            164   4.6e-16   52.1  11.8   2   3   2.9e-06     3e-06   20.1   0.9    68   125   118   187   113   213 0.78 -
457861at2759_519963_1:0010ad|NODE_2621_length_10386_cov_67.072364:7031-7814  -            262 457861at2759         -            164   4.6e-16   52.1  11.8   3   3     0.083     0.085    5.7   0.0   137   163   226   257   210   258 0.72 -
457861at2759_1182541_1:0000d7|NODE_2621_length_10386_cov_67.072364:7028-7814 -            263 457861at2759         -            164   4.6e-16   52.1  11.7   1   3   3.2e-07   3.2e-07   23.3   2.8     4    68     2   102     1   106 0.70 -
457861at2759_1182541_1:0000d7|NODE_2621_length_10386_cov_67.072364:7028-7814 -            263 457861at2759         -            164   4.6e-16   52.1  11.7   2   3   2.9e-06     3e-06   20.1   0.9    68   125   118   187   113   213 0.78 -
457861at2759_1182541_1:0000d7|NODE_2621_length_10386_cov_67.072364:7028-7814 -            263 457861at2759         -            164   4.6e-16   52.1  11.7   3   3     0.083     0.085    5.6   0.0   137   163   226   257   210   258 0.72 -
457861at2759_1220924_1:002109|NODE_2621_length_10386_cov_67.072364:7028-7814 -            263 457861at2759         -            164   4.6e-16   52.1  11.7   1   3   3.2e-07   3.2e-07   23.3   2.8     4    68     2   102     1   106 0.70 -
457861at2759_1220924_1:002109|NODE_2621_length_10386_cov_67.072364:7028-7814 -            263 457861at2759         -            164   4.6e-16   52.1  11.7   2   3   2.9e-06     3e-06   20.1   0.9    68   125   118   187   113   213 0.78 -
457861at2759_1220924_1:002109|NODE_2621_length_10386_cov_67.072364:7028-7814 -            263 457861at2759         -            164   4.6e-16   52.1  11.7   3   3     0.083     0.085    5.6   0.0   137   163   226   257   210   258 0.72 -
457861at2759_383855_1:0025fe|NODE_2621_length_10386_cov_67.072364:7028-7814  -            263 457861at2759         -            164   4.6e-16   52.1  11.7   1   3   3.2e-07   3.2e-07   23.3   2.8     4    68     2   102     1   106 0.70 -
457861at2759_383855_1:0025fe|NODE_2621_length_10386_cov_67.072364:7028-7814  -            263 457861at2759         -            164   4.6e-16   52.1  11.7   2   3   2.9e-06     3e-06   20.1   0.9    68   125   118   187   113   213 0.78 -
457861at2759_383855_1:0025fe|NODE_2621_length_10386_cov_67.072364:7028-7814  -            263 457861at2759         -            164   4.6e-16   52.1  11.7   3   3     0.083     0.085    5.6   0.0   137   163   226   257   210   258 0.72 -
457861at2759_588596_1:00094e|NODE_2621_length_10386_cov_67.072364:7028-7814  -            263 457861at2759         -            164   4.6e-16   52.1  11.7   1   3   3.2e-07   3.2e-07   23.3   2.8     4    68     2   102     1   106 0.70 -
457861at2759_588596_1:00094e|NODE_2621_length_10386_cov_67.072364:7028-7814  -            263 457861at2759         -            164   4.6e-16   52.1  11.7   2   3   2.9e-06     3e-06   20.1   0.9    68   125   118   187   113   213 0.78 -
457861at2759_588596_1:00094e|NODE_2621_length_10386_cov_67.072364:7028-7814  -            263 457861at2759         -            164   4.6e-16   52.1  11.7   3   3     0.083     0.085    5.6   0.0   137   163   226   257   210   258 0.72 -
457861at2759_858893_1:00056d|NODE_2621_length_10386_cov_67.072364:7028-7814  -            263 457861at2759         -            164   4.6e-16   52.1  11.7   1   3   3.2e-07   3.2e-07   23.3   2.8     4    68     2   102     1   106 0.70 -
457861at2759_858893_1:00056d|NODE_2621_length_10386_cov_67.072364:7028-7814  -            263 457861at2759         -            164   4.6e-16   52.1  11.7   2   3   2.9e-06     3e-06   20.1   0.9    68   125   118   187   113   213 0.78 -
457861at2759_858893_1:00056d|NODE_2621_length_10386_cov_67.072364:7028-7814  -            263 457861at2759         -            164   4.6e-16   52.1  11.7   3   3     0.083     0.085    5.6   0.0   137   163   226   257   210   258 0.72 -
457861at2759_6573_0:003595|NODE_2621_length_10386_cov_67.072364:7049-7817    -            257 457861at2759         -            164   5.6e-16   51.8  11.1   1   3   1.6e-07   1.7e-07   24.2   2.5     3    68     2   103     1   106 0.71 -
457861at2759_6573_0:003595|NODE_2621_length_10386_cov_67.072364:7049-7817    -            257 457861at2759         -            164   5.6e-16   51.8  11.1   2   3   2.6e-06   2.7e-06   20.3   0.9    68   125   119   188   114   217 0.78 -
457861at2759_6573_0:003595|NODE_2621_length_10386_cov_67.072364:7049-7817    -            257 457861at2759         -            164   5.6e-16   51.8  11.1   3   3      0.29       0.3    3.9   0.0   137   162   227   257   211   257 0.71 -
457861at2759_4829_1:002ca5|NODE_2621_length_10386_cov_67.072364:7043-7808    -            256 457861at2759         -            164   1.5e-15   50.4  12.1   1   3   9.5e-07   9.8e-07   21.7   3.1     6    68     2   100     1   103 0.68 -
457861at2759_4829_1:002ca5|NODE_2621_length_10386_cov_67.072364:7043-7808    -            256 457861at2759         -            164   1.5e-15   50.4  12.1   2   3   2.8e-06   2.9e-06   20.2   0.9    68   125   116   185   111   211 0.78 -
457861at2759_4829_1:002ca5|NODE_2621_length_10386_cov_67.072364:7043-7808    -            256 457861at2759         -            164   1.5e-15   50.4  12.1   3   3      0.08     0.082    5.7   0.0   137   163   224   255   208   256 0.72 -
457861at2759_1314790_1:00260a|NODE_2621_length_10386_cov_67.072364:7025-7808 -            262 457861at2759         -            164   1.6e-15   50.3  12.0   1   3   9.5e-07   9.7e-07   21.7   3.0     6    68     2   100     1   103 0.68 -
457861at2759_1314790_1:00260a|NODE_2621_length_10386_cov_67.072364:7025-7808 -            262 457861at2759         -            164   1.6e-15   50.3  12.0   2   3   2.9e-06     3e-06   20.1   0.9    68   125   116   185   111   211 0.78 -
457861at2759_1314790_1:00260a|NODE_2621_length_10386_cov_67.072364:7025-7808 -            262 457861at2759         -            164   1.6e-15   50.3  12.0   3   3     0.083     0.085    5.7   0.0   137   163   224   255   208   256 0.72 -
457861at2759_1073090_1:0012d6|NODE_2621_length_10386_cov_67.072364:7265-7826 -            188 457861at2759         -            164   4.2e-15   48.9   8.8   1   2   5.4e-08   5.5e-08   25.8   2.5     2    68     4   106     3   109 0.71 -
457861at2759_1073090_1:0012d6|NODE_2621_length_10386_cov_67.072364:7265-7826 -            188 457861at2759         -            164   4.2e-15   48.9   8.8   2   2   8.1e-06   8.3e-06   18.7   0.5    67   121   121   187   117   188 0.80 -
457861at2759_688394_1:000425|NODE_2621_length_10386_cov_67.072364:7265-7835  -            191 457861at2759         -            164   4.5e-15   48.8   8.8   1   2   5.5e-08   5.7e-08   25.7   2.5     2    68     7   109     6   112 0.71 -
457861at2759_688394_1:000425|NODE_2621_length_10386_cov_67.072364:7265-7835  -            191 457861at2759         -            164   4.5e-15   48.8   8.8   2   2   8.4e-06   8.6e-06   18.7   0.5    67   121   124   190   120   191 0.80 -
457861at2759_454130_1:001e80|NODE_2621_length_10386_cov_67.072364:7265-7814  -            184 457861at2759         -            164   1.2e-14   47.5   9.3   1   2   1.4e-07   1.5e-07   24.4   2.9     4    68     2   102     1   105 0.70 -
457861at2759_454130_1:001e80|NODE_2621_length_10386_cov_67.072364:7265-7814  -            184 457861at2759         -            164   1.2e-14   47.5   9.3   2   2   7.7e-06   7.9e-06   18.8   0.5    67   121   117   183   113   184 0.80 -
457861at2759_344612_1:0014ba|NODE_2621_length_10386_cov_67.072364:7043-7715  -            225 457861at2759         -            164   1.2e-14   47.5   7.8   1   3   6.8e-06     7e-06   18.9   0.4    23    68     2    69     1    72 0.76 -
457861at2759_344612_1:0014ba|NODE_2621_length_10386_cov_67.072364:7043-7715  -            225 457861at2759         -            164   1.2e-14   47.5   7.8   2   3     2e-06   2.1e-06   20.7   0.9    68   125    85   154    80   183 0.78 -
457861at2759_344612_1:0014ba|NODE_2621_length_10386_cov_67.072364:7043-7715  -            225 457861at2759         -            164   1.2e-14   47.5   7.8   3   3     0.066     0.068    6.0   0.0   137   163   193   224   177   225 0.72 -
457861at2759_62625_0:000bff|NODE_2621_length_10386_cov_67.072364:7112-7802   -            231 457861at2759         -            164     3e-14   46.1   8.1   1   2   1.3e-06   1.3e-06   21.3   2.6    18    68    26    98     1   101 0.74 -
457861at2759_62625_0:000bff|NODE_2621_length_10386_cov_67.072364:7112-7802   -            231 457861at2759         -            164     3e-14   46.1   8.1   2   2   1.4e-06   1.4e-06   21.2   0.3    68   125   114   183   109   209 0.78 -
457861at2759_1305733_1:001759|NODE_2621_length_10386_cov_67.072364:7304-7835 -            178 457861at2759         -            164   8.8e-14   44.6   9.8   1   2   5.4e-08   5.5e-08   25.8   2.7     2    68     7   109     6   112 0.71 -
457861at2759_1305733_1:001759|NODE_2621_length_10386_cov_67.072364:7304-7835 -            178 457861at2759         -            164   8.8e-14   44.6   9.8   2   2   0.00013   0.00013   14.8   0.7    67   113   124   177   120   178 0.82 -
457861at2759_1316194_1:000c2d|NODE_2621_length_10386_cov_67.072364:7292-7814 -            175 457861at2759         -            164   1.6e-13   43.8  10.0   1   2   1.4e-07   1.4e-07   24.5   3.0     4    68     2   102     1   105 0.70 -
457861at2759_1316194_1:000c2d|NODE_2621_length_10386_cov_67.072364:7292-7814 -            175 457861at2759         -            164   1.6e-13   43.8  10.0   2   2    0.0001    0.0001   15.1   0.7    67   113   117   170   113   172 0.82 -
457861at2759_91492_1:001a37|NODE_2621_length_10386_cov_67.072364:7043-7670   -            210 457861at2759         -            164   9.1e-13   41.3   3.9   1   3   0.00022   0.00023   14.0   0.0    46    68    27    54    11    57 0.79 -
457861at2759_91492_1:001a37|NODE_2621_length_10386_cov_67.072364:7043-7670   -            210 457861at2759         -            164   9.1e-13   41.3   3.9   2   3   1.7e-06   1.7e-06   20.9   0.9    67   125    69   139    65   166 0.78 -
457861at2759_91492_1:001a37|NODE_2621_length_10386_cov_67.072364:7043-7670   -            210 457861at2759         -            164   9.1e-13   41.3   3.9   3   3     0.059     0.061    6.1   0.0   137   163   178   209   162   210 0.72 -
457861at2759_293939_1:0002f0|NODE_2621_length_10386_cov_67.072364:7043-7598  -            186 457861at2759         -            164     1e-12   41.2   4.0   1   3   0.00037   0.00038   13.3   0.0    47    68     4    30     2    33 0.83 -
457861at2759_293939_1:0002f0|NODE_2621_length_10386_cov_67.072364:7043-7598  -            186 457861at2759         -            164     1e-12   41.2   4.0   2   3   1.3e-06   1.4e-06   21.2   0.9    67   125    45   115    41   141 0.78 -
457861at2759_293939_1:0002f0|NODE_2621_length_10386_cov_67.072364:7043-7598  -            186 457861at2759         -            164     1e-12   41.2   4.0   3   3     0.053     0.054    6.3   0.0   137   163   154   185   143   186 0.70 -
457861at2759_1664694_1:000190|NODE_2621_length_10386_cov_67.072364:7028-7643 -            206 457861at2759         -            164   1.3e-12   40.8   4.5   1   3   0.00024   0.00024   13.9   0.1    46    68    18    45     5    48 0.79 -
457861at2759_1664694_1:000190|NODE_2621_length_10386_cov_67.072364:7028-7643 -            206 457861at2759         -            164   1.3e-12   40.8   4.5   2   3   1.6e-06   1.7e-06   21.0   0.9    67   125    60   130    56   157 0.78 -
457861at2759_1664694_1:000190|NODE_2621_length_10386_cov_67.072364:7028-7643 -            206 457861at2759         -            164   1.3e-12   40.8   4.5   3   3     0.058     0.059    6.2   0.0   137   163   169   200   153   201 0.72 -
457861at2759_9209_0:001963|NODE_2621_length_10386_cov_67.072364:7046-7646    -            201 457861at2759         -            164   1.9e-12   40.3   4.9   1   3   0.00023   0.00023   14.0   0.1    46    68    19    46     6    49 0.79 -
457861at2759_9209_0:001963|NODE_2621_length_10386_cov_67.072364:7046-7646    -            201 457861at2759         -            164   1.9e-12   40.3   4.9   2   3   1.6e-06   1.6e-06   21.0   1.0    67   125    61   131    57   161 0.78 -
457861at2759_9209_0:001963|NODE_2621_length_10386_cov_67.072364:7046-7646    -            201 457861at2759         -            164   1.9e-12   40.3   4.9   3   3      0.07     0.072    5.9   0.0   137   163   170   201   154   201 0.71 -
457861at2759_308745_1:001b20|NODE_2621_length_10386_cov_67.072364:7412-7820  -            137 457861at2759         -            164   8.5e-12   38.2   4.7   1   2   2.3e-08   2.3e-08   27.0   2.6     2    68     2   104     1   107 0.71 -
457861at2759_308745_1:001b20|NODE_2621_length_10386_cov_67.072364:7412-7820  -            137 457861at2759         -            164   8.5e-12   38.2   4.7   2   2      0.92      0.94    2.3   0.0    67    84   119   136   115   137 0.86 -
457861at2759_1408163_1:00032c|NODE_2621_length_10386_cov_67.072364:7412-7814 -            135 457861at2759         -            164   2.5e-11   36.7   5.2   1   2   6.3e-08   6.4e-08   25.6   3.0     4    68     2   102     1   105 0.71 -
457861at2759_1408163_1:00032c|NODE_2621_length_10386_cov_67.072364:7412-7814 -            135 457861at2759         -            164   2.5e-11   36.7   5.2   2   2       0.9      0.92    2.3   0.0    67    84   117   134   113   135 0.86 -
457861at2759_416450_1:000c3d|NODE_2621_length_10386_cov_67.072364:7340-7814  -            159 457861at2759         -            164   2.5e-11   36.7   6.4   1   2   1.1e-07   1.1e-07   24.8   3.1     4    68     2   102     1   105 0.70 -
457861at2759_416450_1:000c3d|NODE_2621_length_10386_cov_67.072364:7340-7814  -            159 457861at2759         -            164   2.5e-11   36.7   6.4   2   2      0.19       0.2    4.5   0.1    67    98   117   151   113   157 0.73 -
457861at2759_341663_1:001a30|NODE_2621_length_10386_cov_67.072364:7487-7766  -             94 457861at2759         -            164   6.5e-10   32.0   0.8   1   1   6.2e-08   6.3e-08   25.6   0.8    19    68    15    86    10    89 0.78 -
457861at2759_741276_1:001438|NODE_2621_length_10386_cov_67.072364:7556-7814  -             87 457861at2759         -            164     1e-08   28.1   2.6   1   1   7.7e-06   7.9e-06   18.8   2.6     4    57     2    86     1    87 0.60 -
#
# Program:         hmmsearch
# Version:         3.1b2 (February 2015)
# Pipeline mode:   SEARCH
# Query file:      mb_downloads/eukaryota_odb10/hmms/457861at2759.hmm
# Target file:     -
# Option settings: /opt/conda/envs/compleasm/bin/hmmsearch --domtblout compleasm/eukaryota_odb10/hmmer_output/457861at2759.out --cpu 1 mb_downloads/eukaryota_odb10/hmms/457861at2759.hmm - 
# Current dir:     /in
# Date:            Tue Oct 22 12:40:08 2024
# [ok]
