#                                                                                                                                     --- full sequence --- -------------- this domain -------------   hmm coord   ali coord   env coord
# target name                                                                 accession   tlen query name           accession   qlen   E-value  score  bias   #  of  c-Evalue  i-Evalue  score  bias  from    to  from    to  from    to  acc description of target
#                                                         ------------------- ---------- ----- -------------------- ---------- ----- --------- ------ ----- --- --- --------- --------- ------ ----- ----- ----- ----- ----- ----- ----- ---- ---------------------
543764at2759_199890_0:00244f|NODE_632_length_17885_cov_63.838780:10681-12101  -            353 543764at2759         -            250   2.9e-44  142.6   0.3   1   2   4.1e-23   4.3e-23   73.2   0.0    37   155     3   146     2   158 0.80 -
543764at2759_199890_0:00244f|NODE_632_length_17885_cov_63.838780:10681-12101  -            353 543764at2759         -            250   2.9e-44  142.6   0.3   2   2   3.7e-19   3.8e-19   60.2   0.1   161   250   242   351   225   351 0.75 -
543764at2759_7168_0:002361|NODE_632_length_17885_cov_63.838780:10678-12101    -            370 543764at2759         -            250   5.8e-44  141.6   0.5   1   3   2.1e-23   2.2e-23   74.1   0.0    37   164     3   155     2   163 0.82 -
543764at2759_7168_0:002361|NODE_632_length_17885_cov_63.838780:10678-12101    -            370 543764at2759         -            250   5.8e-44  141.6   0.5   2   3   7.8e-10   8.2e-10   29.7   0.1   166   219   252   305   233   317 0.88 -
543764at2759_7168_0:002361|NODE_632_length_17885_cov_63.838780:10678-12101    -            370 543764at2759         -            250   5.8e-44  141.6   0.5   3   3     3e-11   3.2e-11   34.3   0.0   215   250   331   367   321   367 0.89 -
543764at2759_74869_0:001c25|NODE_632_length_17885_cov_63.838780:10678-12101   -            370 543764at2759         -            250   5.8e-44  141.6   0.5   1   3   2.1e-23   2.2e-23   74.1   0.0    37   164     3   155     2   163 0.82 -
543764at2759_74869_0:001c25|NODE_632_length_17885_cov_63.838780:10678-12101   -            370 543764at2759         -            250   5.8e-44  141.6   0.5   2   3   7.8e-10   8.2e-10   29.7   0.1   166   219   252   305   233   317 0.88 -
543764at2759_74869_0:001c25|NODE_632_length_17885_cov_63.838780:10678-12101   -            370 543764at2759         -            250   5.8e-44  141.6   0.5   3   3     3e-11   3.2e-11   34.3   0.0   215   250   331   367   321   367 0.89 -
543764at2759_418985_0:0025ee|NODE_632_length_17885_cov_63.838780:10681-12101  -            306 543764at2759         -            250   8.9e-44  140.9   0.3   1   2   1.2e-23   1.3e-23   74.9   0.1    37   165     3   156     2   170 0.82 -
543764at2759_418985_0:0025ee|NODE_632_length_17885_cov_63.838780:10681-12101  -            306 543764at2759         -            250   8.9e-44  140.9   0.3   2   2     4e-18   4.2e-18   56.8   0.0   166   250   200   304   180   304 0.76 -
543764at2759_62625_0:000bdc|NODE_632_length_17885_cov_63.838780:10681-12101   -            305 543764at2759         -            250   9.4e-44  140.9   0.2   1   2   1.4e-23   1.4e-23   74.7   0.1    37   164     3   155     2   163 0.82 -
543764at2759_62625_0:000bdc|NODE_632_length_17885_cov_63.838780:10681-12101   -            305 543764at2759         -            250   9.4e-44  140.9   0.2   2   2   4.2e-18   4.4e-18   56.8   0.0   166   250   199   303   183   303 0.76 -
543764at2759_246437_0:003adf|NODE_632_length_17885_cov_63.838780:10681-12398  -            459 543764at2759         -            250   9.5e-44  140.8   0.5   1   3      0.84      0.88    0.1   0.0     8    35    22    49    16    58 0.78 -
543764at2759_246437_0:003adf|NODE_632_length_17885_cov_63.838780:10681-12398  -            459 543764at2759         -            250   9.5e-44  140.8   0.5   2   3   1.7e-23   1.8e-23   74.4   0.0    37   167    74   229    71   258 0.82 -
543764at2759_246437_0:003adf|NODE_632_length_17885_cov_63.838780:10681-12398  -            459 543764at2759         -            250   9.5e-44  140.8   0.5   3   3     1e-17   1.1e-17   55.5   0.0   166   250   353   457   343   457 0.76 -
543764at2759_64838_0:00027e|NODE_632_length_17885_cov_63.838780:10681-12113   -            366 543764at2759         -            250   9.8e-44  140.8   0.4   1   2   1.3e-23   1.3e-23   74.8   0.1    37   167     7   162     6   187 0.82 -
543764at2759_64838_0:00027e|NODE_632_length_17885_cov_63.838780:10681-12113   -            366 543764at2759         -            250   9.8e-44  140.8   0.4   2   2   3.9e-18   4.1e-18   56.9   0.0   165   250   259   364   229   364 0.73 -
543764at2759_1868482_0:00332d|NODE_632_length_17885_cov_63.838780:10681-12398 -            455 543764at2759         -            250     1e-43  140.8   0.9   1   3      0.83      0.87    0.1   0.0     8    35    22    49    16    58 0.78 -
543764at2759_1868482_0:00332d|NODE_632_length_17885_cov_63.838780:10681-12398 -            455 543764at2759         -            250     1e-43  140.8   0.9   2   3   1.5e-23   1.6e-23   74.6   0.1    37   167    70   225    59   250 0.82 -
543764at2759_1868482_0:00332d|NODE_632_length_17885_cov_63.838780:10681-12398 -            455 543764at2759         -            250     1e-43  140.8   0.9   3   3     1e-17   1.1e-17   55.5   0.0   166   250   349   453   341   453 0.75 -
543764at2759_30608_0:003a55|NODE_632_length_17885_cov_63.838780:10681-12398   -            455 543764at2759         -            250     1e-43  140.8   0.9   1   3      0.83      0.87    0.1   0.0     8    35    22    49    16    58 0.78 -
543764at2759_30608_0:003a55|NODE_632_length_17885_cov_63.838780:10681-12398   -            455 543764at2759         -            250     1e-43  140.8   0.9   2   3   1.5e-23   1.6e-23   74.6   0.1    37   167    70   225    59   250 0.82 -
543764at2759_30608_0:003a55|NODE_632_length_17885_cov_63.838780:10681-12398   -            455 543764at2759         -            250     1e-43  140.8   0.9   3   3     1e-17   1.1e-17   55.5   0.0   166   250   349   453   341   453 0.75 -
543764at2759_9793_0:004378|NODE_632_length_17885_cov_63.838780:10681-12398    -            455 543764at2759         -            250     1e-43  140.8   0.9   1   3      0.83      0.87    0.1   0.0     8    35    22    49    16    58 0.78 -
543764at2759_9793_0:004378|NODE_632_length_17885_cov_63.838780:10681-12398    -            455 543764at2759         -            250     1e-43  140.8   0.9   2   3   1.5e-23   1.6e-23   74.6   0.1    37   167    70   225    59   250 0.82 -
543764at2759_9793_0:004378|NODE_632_length_17885_cov_63.838780:10681-12398    -            455 543764at2759         -            250     1e-43  140.8   0.9   3   3     1e-17   1.1e-17   55.5   0.0   166   250   349   453   341   453 0.75 -
543764at2759_13249_0:001573|NODE_632_length_17885_cov_63.838780:10681-12146   -            320 543764at2759         -            250   1.1e-43  140.7   0.3   1   2   1.4e-23   1.4e-23   74.7   0.1    37   164    18   170    12   178 0.83 -
543764at2759_13249_0:001573|NODE_632_length_17885_cov_63.838780:10681-12146   -            320 543764at2759         -            250   1.1e-43  140.7   0.3   2   2   4.6e-18   4.9e-18   56.6   0.0   166   250   214   318   198   318 0.76 -
543764at2759_73337_0:002dd0|NODE_632_length_17885_cov_63.838780:10681-12289   -            421 543764at2759         -            250   1.1e-43  140.6   0.5   1   2     1e-23   1.1e-23   75.1   0.1    36   167    46   202     1   228 0.84 -
543764at2759_73337_0:002dd0|NODE_632_length_17885_cov_63.838780:10681-12289   -            421 543764at2759         -            250   1.1e-43  140.6   0.5   2   2   8.3e-18   8.8e-18   55.8   0.0   166   250   315   419   303   419 0.76 -
543764at2759_118797_0:0041d1|NODE_632_length_17885_cov_63.838780:10681-12289  -            432 543764at2759         -            250   1.3e-43  140.4   0.5   1   2   1.1e-23   1.2e-23   75.0   0.1    36   167    46   202     1   227 0.84 -
543764at2759_118797_0:0041d1|NODE_632_length_17885_cov_63.838780:10681-12289  -            432 543764at2759         -            250   1.3e-43  140.4   0.5   2   2   8.7e-18   9.2e-18   55.7   0.0   166   250   326   430   314   430 0.76 -
543764at2759_28737_0:00311f|NODE_632_length_17885_cov_63.838780:10681-12289   -            432 543764at2759         -            250   1.3e-43  140.4   0.5   1   2   1.1e-23   1.2e-23   75.0   0.1    36   167    46   202     1   227 0.84 -
543764at2759_28737_0:00311f|NODE_632_length_17885_cov_63.838780:10681-12289   -            432 543764at2759         -            250   1.3e-43  140.4   0.5   2   2   8.7e-18   9.2e-18   55.7   0.0   166   250   326   430   314   430 0.76 -
543764at2759_29073_0:0033ed|NODE_632_length_17885_cov_63.838780:10681-12289   -            432 543764at2759         -            250   1.3e-43  140.4   0.5   1   2   1.1e-23   1.2e-23   75.0   0.1    36   167    46   202     1   227 0.84 -
543764at2759_29073_0:0033ed|NODE_632_length_17885_cov_63.838780:10681-12289   -            432 543764at2759         -            250   1.3e-43  140.4   0.5   2   2   8.7e-18   9.2e-18   55.7   0.0   166   250   326   430   314   430 0.76 -
543764at2759_291302_0:002a7c|NODE_632_length_17885_cov_63.838780:10681-12289  -            432 543764at2759         -            250   1.3e-43  140.4   0.5   1   2   1.1e-23   1.2e-23   75.0   0.1    36   167    46   202     1   227 0.84 -
543764at2759_291302_0:002a7c|NODE_632_length_17885_cov_63.838780:10681-12289  -            432 543764at2759         -            250   1.3e-43  140.4   0.5   2   2   8.7e-18   9.2e-18   55.7   0.0   166   250   326   430   314   430 0.76 -
543764at2759_30538_0:00219a|NODE_632_length_17885_cov_63.838780:10681-12289   -            432 543764at2759         -            250   1.3e-43  140.4   0.5   1   2   1.1e-23   1.2e-23   75.0   0.1    36   167    46   202     1   227 0.84 -
543764at2759_30538_0:00219a|NODE_632_length_17885_cov_63.838780:10681-12289   -            432 543764at2759         -            250   1.3e-43  140.4   0.5   2   2   8.7e-18   9.2e-18   55.7   0.0   166   250   326   430   314   430 0.76 -
543764at2759_9365_0:00081f|NODE_632_length_17885_cov_63.838780:10597-12398    -            453 543764at2759         -            250   1.5e-43  140.2   0.6   1   3      0.77      0.81    0.2   0.0     8    35    22    49    16    62 0.79 -
543764at2759_9365_0:00081f|NODE_632_length_17885_cov_63.838780:10597-12398    -            453 543764at2759         -            250   1.5e-43  140.2   0.6   2   3   2.5e-23   2.6e-23   73.9   0.1    37   164    70   222    59   230 0.83 -
543764at2759_9365_0:00081f|NODE_632_length_17885_cov_63.838780:10597-12398    -            453 543764at2759         -            250   1.5e-43  140.2   0.6   3   3     1e-17   1.1e-17   55.5   0.0   166   250   319   423   311   423 0.75 -
543764at2759_259920_0:002aa1|NODE_632_length_17885_cov_63.838780:10621-12398  -            463 543764at2759         -            250   1.5e-43  140.2   0.4   1   3      0.84      0.89    0.1   0.0     8    35    22    49    16    58 0.78 -
543764at2759_259920_0:002aa1|NODE_632_length_17885_cov_63.838780:10621-12398  -            463 543764at2759         -            250   1.5e-43  140.2   0.4   2   3   2.8e-23   2.9e-23   73.7   0.0    37   164    74   227    71   246 0.82 -
543764at2759_259920_0:002aa1|NODE_632_length_17885_cov_63.838780:10621-12398  -            463 543764at2759         -            250   1.5e-43  140.2   0.4   3   3     1e-17   1.1e-17   55.5   0.0   166   250   337   441   327   441 0.76 -
543764at2759_132908_0:0003e9|NODE_632_length_17885_cov_63.838780:10621-12289  -            452 543764at2759         -            250   1.7e-43  140.0   0.5   1   2   1.3e-23   1.3e-23   74.9   0.1    36   167    46   202     1   227 0.84 -
543764at2759_132908_0:0003e9|NODE_632_length_17885_cov_63.838780:10621-12289  -            452 543764at2759         -            250   1.7e-43  140.0   0.5   2   2     1e-17   1.1e-17   55.5   0.0   166   250   326   430   318   430 0.75 -
543764at2759_9986_0:000e06|NODE_632_length_17885_cov_63.838780:10621-12289    -            452 543764at2759         -            250   1.7e-43  140.0   0.5   1   2   1.3e-23   1.3e-23   74.9   0.1    36   167    46   202     1   227 0.84 -
543764at2759_9986_0:000e06|NODE_632_length_17885_cov_63.838780:10621-12289    -            452 543764at2759         -            250   1.7e-43  140.0   0.5   2   2     1e-17   1.1e-17   55.5   0.0   166   250   326   430   318   430 0.75 -
543764at2759_6412_0:001612|NODE_632_length_17885_cov_63.838780:10678-12104    -            390 543764at2759         -            250   1.8e-43  140.0   0.2   1   2   1.3e-23   1.4e-23   74.8   0.0    37   167     4   159     3   189 0.82 -
543764at2759_6412_0:001612|NODE_632_length_17885_cov_63.838780:10678-12104    -            390 543764at2759         -            250   1.8e-43  140.0   0.2   2   2   7.2e-18   7.6e-18   56.0   0.0   166   250   283   387   271   387 0.76 -
543764at2759_1230840_0:00385a|NODE_632_length_17885_cov_63.838780:10681-12101 -            388 543764at2759         -            250   1.8e-43  140.0   0.2   1   2   1.3e-23   1.4e-23   74.8   0.0    37   167     3   158     2   188 0.82 -
543764at2759_1230840_0:00385a|NODE_632_length_17885_cov_63.838780:10681-12101 -            388 543764at2759         -            250   1.8e-43  140.0   0.2   2   2   7.2e-18   7.6e-18   56.0   0.0   166   250   282   386   270   386 0.76 -
543764at2759_42254_0:00235c|NODE_632_length_17885_cov_63.838780:10681-12101   -            388 543764at2759         -            250   1.8e-43  140.0   0.2   1   2   1.3e-23   1.4e-23   74.8   0.0    37   167     3   158     2   188 0.82 -
543764at2759_42254_0:00235c|NODE_632_length_17885_cov_63.838780:10681-12101   -            388 543764at2759         -            250   1.8e-43  140.0   0.2   2   2   7.2e-18   7.6e-18   56.0   0.0   166   250   282   386   270   386 0.76 -
543764at2759_482537_0:0018b9|NODE_632_length_17885_cov_63.838780:10681-12101  -            388 543764at2759         -            250   1.8e-43  140.0   0.2   1   2   1.3e-23   1.4e-23   74.8   0.0    37   167     3   158     2   188 0.82 -
543764at2759_482537_0:0018b9|NODE_632_length_17885_cov_63.838780:10681-12101  -            388 543764at2759         -            250   1.8e-43  140.0   0.2   2   2   7.2e-18   7.6e-18   56.0   0.0   166   250   282   386   270   386 0.76 -
543764at2759_9483_0:001765|NODE_632_length_17885_cov_63.838780:10681-12101    -            388 543764at2759         -            250   1.8e-43  140.0   0.2   1   2   1.3e-23   1.4e-23   74.8   0.0    37   167     3   158     2   188 0.82 -
543764at2759_9483_0:001765|NODE_632_length_17885_cov_63.838780:10681-12101    -            388 543764at2759         -            250   1.8e-43  140.0   0.2   2   2   7.2e-18   7.6e-18   56.0   0.0   166   250   282   386   270   386 0.76 -
543764at2759_9595_0:004a87|NODE_632_length_17885_cov_63.838780:10681-12101    -            388 543764at2759         -            250   1.8e-43  140.0   0.2   1   2   1.3e-23   1.4e-23   74.8   0.0    37   167     3   158     2   188 0.82 -
543764at2759_9595_0:004a87|NODE_632_length_17885_cov_63.838780:10681-12101    -            388 543764at2759         -            250   1.8e-43  140.0   0.2   2   2   7.2e-18   7.6e-18   56.0   0.0   166   250   282   386   270   386 0.76 -
543764at2759_143302_0:002a68|NODE_632_length_17885_cov_63.838780:10681-12101  -            358 543764at2759         -            250   1.9e-43  139.8   0.1   1   2     2e-23   2.1e-23   74.2   0.0    37   164     3   155     2   163 0.82 -
543764at2759_143302_0:002a68|NODE_632_length_17885_cov_63.838780:10681-12101  -            358 543764at2759         -            250   1.9e-43  139.8   0.1   2   2   6.4e-18   6.8e-18   56.2   0.0   166   250   252   356   243   356 0.76 -
543764at2759_9371_0:000746|NODE_632_length_17885_cov_63.838780:10633-12101    -            404 543764at2759         -            250   2.2e-43  139.7   0.2   1   2   1.5e-23   1.5e-23   74.6   0.0    37   167     3   158     2   188 0.82 -
543764at2759_9371_0:000746|NODE_632_length_17885_cov_63.838780:10633-12101    -            404 543764at2759         -            250   2.2e-43  139.7   0.2   2   2   7.7e-18   8.1e-18   55.9   0.0   166   250   282   386   270   386 0.76 -
543764at2759_9823_0:004600|NODE_632_length_17885_cov_63.838780:10624-12101    -            407 543764at2759         -            250   2.3e-43  139.6   0.2   1   2   1.5e-23   1.6e-23   74.6   0.0    37   167     3   158     2   188 0.82 -
543764at2759_9823_0:004600|NODE_632_length_17885_cov_63.838780:10624-12101    -            407 543764at2759         -            250   2.3e-43  139.6   0.2   2   2   7.8e-18   8.2e-18   55.9   0.0   166   250   282   386   270   386 0.76 -
543764at2759_454923_0:001bea|NODE_632_length_17885_cov_63.838780:10681-12113  -            376 543764at2759         -            250   2.4e-43  139.5   0.3   1   2     2e-23   2.1e-23   74.2   0.1    37   164     7   160     6   185 0.82 -
543764at2759_454923_0:001bea|NODE_632_length_17885_cov_63.838780:10681-12113  -            376 543764at2759         -            250   2.4e-43  139.5   0.3   2   2   6.8e-18   7.1e-18   56.1   0.0   166   250   270   374   258   374 0.76 -
543764at2759_69319_0:000660|NODE_632_length_17885_cov_63.838780:10681-12113   -            376 543764at2759         -            250   2.4e-43  139.5   0.3   1   2     2e-23   2.1e-23   74.2   0.1    37   164     7   160     6   185 0.82 -
543764at2759_69319_0:000660|NODE_632_length_17885_cov_63.838780:10681-12113   -            376 543764at2759         -            250   2.4e-43  139.5   0.3   2   2   6.8e-18   7.1e-18   56.1   0.0   166   250   270   374   258   374 0.76 -
543764at2759_9974_0:004728|NODE_632_length_17885_cov_63.838780:10681-12101    -            372 543764at2759         -            250   2.4e-43  139.5   0.3   1   2   1.9e-23     2e-23   74.3   0.1    37   164     3   156     2   181 0.82 -
543764at2759_9974_0:004728|NODE_632_length_17885_cov_63.838780:10681-12101    -            372 543764at2759         -            250   2.4e-43  139.5   0.3   2   2   6.6e-18     7e-18   56.1   0.0   166   250   266   370   254   370 0.76 -
543764at2759_30611_0:00178b|NODE_632_length_17885_cov_63.838780:10639-12289   -            430 543764at2759         -            250   2.4e-43  139.5   0.8   1   2   1.9e-23     2e-23   74.3   0.2    36   163    46   199     1   209 0.83 -
543764at2759_30611_0:00178b|NODE_632_length_17885_cov_63.838780:10639-12289   -            430 543764at2759         -            250   2.4e-43  139.5   0.8   2   2   8.7e-18   9.1e-18   55.7   0.0   166   250   310   414   298   414 0.76 -
543764at2759_127582_0:002ee8|NODE_632_length_17885_cov_63.838780:10648-12101  -            383 543764at2759         -            250   2.8e-43  139.3   0.3   1   2     2e-23   2.2e-23   74.2   0.1    37   164     3   156     2   180 0.82 -
543764at2759_127582_0:002ee8|NODE_632_length_17885_cov_63.838780:10648-12101  -            383 543764at2759         -            250   2.8e-43  139.3   0.3   2   2     7e-18   7.4e-18   56.0   0.0   166   250   266   370   254   370 0.76 -
543764at2759_9785_0:001fbe|NODE_632_length_17885_cov_63.838780:10648-12101    -            383 543764at2759         -            250   2.8e-43  139.3   0.3   1   2     2e-23   2.2e-23   74.2   0.1    37   164     3   156     2   180 0.82 -
543764at2759_9785_0:001fbe|NODE_632_length_17885_cov_63.838780:10648-12101    -            383 543764at2759         -            250   2.8e-43  139.3   0.3   2   2     7e-18   7.4e-18   56.0   0.0   166   250   266   370   254   370 0.76 -
543764at2759_9938_0:002498|NODE_632_length_17885_cov_63.838780:10681-12289    -            312 543764at2759         -            250   6.4e-43  138.1   1.0   1   1   2.1e-39   2.2e-39  126.5   1.0    36   250    46   310     1   310 0.77 -
543764at2759_9713_0:004f54|NODE_632_length_17885_cov_63.838780:10681-11860    -            357 543764at2759         -            250   4.5e-35  112.4   0.5   1   2   3.8e-15     4e-15   47.1   0.1    63   167     1   127     1   152 0.81 -
543764at2759_9713_0:004f54|NODE_632_length_17885_cov_63.838780:10681-11860    -            357 543764at2759         -            250   4.5e-35  112.4   0.5   2   2   6.4e-18   6.7e-18   56.2   0.0   166   250   251   355   242   355 0.76 -
#
# Program:         hmmsearch
# Version:         3.1b2 (February 2015)
# Pipeline mode:   SEARCH
# Query file:      mb_downloads/eukaryota_odb10/hmms/543764at2759.hmm
# Target file:     -
# Option settings: /opt/conda/envs/compleasm/bin/hmmsearch --domtblout compleasm/eukaryota_odb10/hmmer_output/543764at2759.out --cpu 1 mb_downloads/eukaryota_odb10/hmms/543764at2759.hmm - 
# Current dir:     /in
# Date:            Tue Oct 22 12:38:30 2024
# [ok]
