#                                                                                                                                      --- full sequence --- -------------- this domain -------------   hmm coord   ali coord   env coord
# target name                                                                  accession   tlen query name           accession   qlen   E-value  score  bias   #  of  c-Evalue  i-Evalue  score  bias  from    to  from    to  from    to  acc description of target
#                                                          ------------------- ---------- ----- -------------------- ---------- ----- --------- ------ ----- --- --- --------- --------- ------ ----- ----- ----- ----- ----- ----- ----- ---- ---------------------
582756at2759_136037_0:0013fa|NODE_277_length_24481_cov_114.232216:9040-10913   -            542 582756at2759         -            379     2e-58  189.3  36.8   1   4   2.3e-16   2.3e-16   50.9   8.4     4   112     5   114     2   123 0.76 -
582756at2759_136037_0:0013fa|NODE_277_length_24481_cov_114.232216:9040-10913   -            542 582756at2759         -            379     2e-58  189.3  36.8   2   4   6.4e-05   6.4e-05   13.2   3.9    91   170   137   229   126   252 0.65 -
582756at2759_136037_0:0013fa|NODE_277_length_24481_cov_114.232216:9040-10913   -            542 582756at2759         -            379     2e-58  189.3  36.8   3   4   6.4e-23   6.4e-23   72.5   0.0   161   234   278   358   273   362 0.90 -
582756at2759_136037_0:0013fa|NODE_277_length_24481_cov_114.232216:9040-10913   -            542 582756at2759         -            379     2e-58  189.3  36.8   4   4   5.7e-20   5.7e-20   62.7   5.9   232   339   376   494   366   541 0.78 -
582756at2759_6573_0:002304|NODE_277_length_24481_cov_114.232216:9046-10916     -            511 582756at2759         -            379     2e-58  189.3  33.8   1   4   4.8e-18   4.8e-18   56.4   2.6     4   113     6   116     3   125 0.86 -
582756at2759_6573_0:002304|NODE_277_length_24481_cov_114.232216:9046-10916     -            511 582756at2759         -            379     2e-58  189.3  33.8   2   4    0.0012    0.0012    9.0   6.9    91   157   138   204   127   235 0.62 -
582756at2759_6573_0:002304|NODE_277_length_24481_cov_114.232216:9046-10916     -            511 582756at2759         -            379     2e-58  189.3  33.8   3   4   1.5e-23   1.5e-23   74.5   0.3   146   234   234   329   207   333 0.82 -
582756at2759_6573_0:002304|NODE_277_length_24481_cov_114.232216:9046-10916     -            511 582756at2759         -            379     2e-58  189.3  33.8   4   4   3.5e-20   3.5e-20   63.4   5.1   232   338   347   464   337   510 0.80 -
582756at2759_13164_0:002c56|NODE_277_length_24481_cov_114.232216:9046-10913    -            510 582756at2759         -            379   1.5e-57  186.4  40.0   1   4   2.2e-16   2.2e-16   50.9   8.4     4   112     5   114     2   122 0.76 -
582756at2759_13164_0:002c56|NODE_277_length_24481_cov_114.232216:9046-10913    -            510 582756at2759         -            379   1.5e-57  186.4  40.0   2   4    0.0013    0.0013    8.9   6.9    91   157   137   203   126   234 0.62 -
582756at2759_13164_0:002c56|NODE_277_length_24481_cov_114.232216:9046-10913    -            510 582756at2759         -            379   1.5e-57  186.4  40.0   3   4   1.5e-23   1.5e-23   74.5   0.3   146   234   233   328   206   332 0.82 -
582756at2759_13164_0:002c56|NODE_277_length_24481_cov_114.232216:9046-10913    -            510 582756at2759         -            379   1.5e-57  186.4  40.0   4   4   3.5e-20   3.5e-20   63.4   5.1   232   338   346   463   336   509 0.80 -
582756at2759_307491_0:000322|NODE_277_length_24481_cov_114.232216:9046-10913   -            510 582756at2759         -            379   1.5e-57  186.4  40.0   1   4   2.2e-16   2.2e-16   50.9   8.4     4   112     5   114     2   122 0.76 -
582756at2759_307491_0:000322|NODE_277_length_24481_cov_114.232216:9046-10913   -            510 582756at2759         -            379   1.5e-57  186.4  40.0   2   4    0.0013    0.0013    8.9   6.9    91   157   137   203   126   234 0.62 -
582756at2759_307491_0:000322|NODE_277_length_24481_cov_114.232216:9046-10913   -            510 582756at2759         -            379   1.5e-57  186.4  40.0   3   4   1.5e-23   1.5e-23   74.5   0.3   146   234   233   328   206   332 0.82 -
582756at2759_307491_0:000322|NODE_277_length_24481_cov_114.232216:9046-10913   -            510 582756at2759         -            379   1.5e-57  186.4  40.0   4   4   3.5e-20   3.5e-20   63.4   5.1   232   338   346   463   336   509 0.80 -
582756at2759_7029_0:0056bd|NODE_277_length_24481_cov_114.232216:9046-10913     -            510 582756at2759         -            379   1.5e-57  186.4  40.0   1   4   2.2e-16   2.2e-16   50.9   8.4     4   112     5   114     2   122 0.76 -
582756at2759_7029_0:0056bd|NODE_277_length_24481_cov_114.232216:9046-10913     -            510 582756at2759         -            379   1.5e-57  186.4  40.0   2   4    0.0013    0.0013    8.9   6.9    91   157   137   203   126   234 0.62 -
582756at2759_7029_0:0056bd|NODE_277_length_24481_cov_114.232216:9046-10913     -            510 582756at2759         -            379   1.5e-57  186.4  40.0   3   4   1.5e-23   1.5e-23   74.5   0.3   146   234   233   328   206   332 0.82 -
582756at2759_7029_0:0056bd|NODE_277_length_24481_cov_114.232216:9046-10913     -            510 582756at2759         -            379   1.5e-57  186.4  40.0   4   4   3.5e-20   3.5e-20   63.4   5.1   232   338   346   463   336   509 0.80 -
582756at2759_7719_0:003280|NODE_277_length_24481_cov_114.232216:9046-10916     -            511 582756at2759         -            379   1.5e-57  186.4  40.0   1   4   2.2e-16   2.2e-16   50.9   8.4     4   112     6   115     3   123 0.76 -
582756at2759_7719_0:003280|NODE_277_length_24481_cov_114.232216:9046-10916     -            511 582756at2759         -            379   1.5e-57  186.4  40.0   2   4    0.0013    0.0013    8.9   6.9    91   157   138   204   127   235 0.62 -
582756at2759_7719_0:003280|NODE_277_length_24481_cov_114.232216:9046-10916     -            511 582756at2759         -            379   1.5e-57  186.4  40.0   3   4   1.5e-23   1.5e-23   74.5   0.3   146   234   234   329   207   333 0.82 -
582756at2759_7719_0:003280|NODE_277_length_24481_cov_114.232216:9046-10916     -            511 582756at2759         -            379   1.5e-57  186.4  40.0   4   4   3.5e-20   3.5e-20   63.4   5.1   232   338   347   464   337   510 0.80 -
582756at2759_79782_0:000178|NODE_277_length_24481_cov_114.232216:9046-10916    -            511 582756at2759         -            379   1.5e-57  186.4  40.0   1   4   2.2e-16   2.2e-16   50.9   8.4     4   112     6   115     3   123 0.76 -
582756at2759_79782_0:000178|NODE_277_length_24481_cov_114.232216:9046-10916    -            511 582756at2759         -            379   1.5e-57  186.4  40.0   2   4    0.0013    0.0013    8.9   6.9    91   157   138   204   127   235 0.62 -
582756at2759_79782_0:000178|NODE_277_length_24481_cov_114.232216:9046-10916    -            511 582756at2759         -            379   1.5e-57  186.4  40.0   3   4   1.5e-23   1.5e-23   74.5   0.3   146   234   234   329   207   333 0.82 -
582756at2759_79782_0:000178|NODE_277_length_24481_cov_114.232216:9046-10916    -            511 582756at2759         -            379   1.5e-57  186.4  40.0   4   4   3.5e-20   3.5e-20   63.4   5.1   232   338   347   464   337   510 0.80 -
582756at2759_286706_0:002b22|NODE_277_length_24481_cov_114.232216:9181-10916   -            466 582756at2759         -            379   1.8e-57  186.2  39.7   1   4     2e-16     2e-16   51.1   8.5     4   112     6   115     3   123 0.77 -
582756at2759_286706_0:002b22|NODE_277_length_24481_cov_114.232216:9181-10916   -            466 582756at2759         -            379   1.8e-57  186.2  39.7   2   4    0.0011    0.0011    9.1   7.0    91   157   138   204   127   235 0.62 -
582756at2759_286706_0:002b22|NODE_277_length_24481_cov_114.232216:9181-10916   -            466 582756at2759         -            379   1.8e-57  186.2  39.7   3   4   1.3e-23   1.3e-23   74.8   0.3   146   234   234   329   207   333 0.82 -
582756at2759_286706_0:002b22|NODE_277_length_24481_cov_114.232216:9181-10916   -            466 582756at2759         -            379   1.8e-57  186.2  39.7   4   4   6.2e-20   6.2e-20   62.6   4.8   232   335   347   461   337   466 0.88 -
582756at2759_143948_0:00037a|NODE_277_length_24481_cov_114.232216:9043-10913   -            511 582756at2759         -            379   2.4e-57  185.7  40.8   1   4   2.2e-16   2.2e-16   50.9   8.4     4   112     5   114     2   122 0.76 -
582756at2759_143948_0:00037a|NODE_277_length_24481_cov_114.232216:9043-10913   -            511 582756at2759         -            379   2.4e-57  185.7  40.8   2   4    0.0013    0.0013    8.9   6.9    91   157   137   203   126   234 0.62 -
582756at2759_143948_0:00037a|NODE_277_length_24481_cov_114.232216:9043-10913   -            511 582756at2759         -            379   2.4e-57  185.7  40.8   3   4   1.5e-23   1.5e-23   74.5   0.3   146   234   233   328   206   332 0.82 -
582756at2759_143948_0:00037a|NODE_277_length_24481_cov_114.232216:9043-10913   -            511 582756at2759         -            379   2.4e-57  185.7  40.8   4   4   5.1e-20   5.1e-20   62.9   5.9   232   339   346   464   336   511 0.78 -
582756at2759_52670_0:001976|NODE_277_length_24481_cov_114.232216:9043-10916    -            512 582756at2759         -            379   2.5e-57  185.7  40.8   1   4   2.2e-16   2.2e-16   50.9   8.4     4   112     6   115     3   123 0.76 -
582756at2759_52670_0:001976|NODE_277_length_24481_cov_114.232216:9043-10916    -            512 582756at2759         -            379   2.5e-57  185.7  40.8   2   4    0.0013    0.0013    8.9   6.9    91   157   138   204   127   235 0.62 -
582756at2759_52670_0:001976|NODE_277_length_24481_cov_114.232216:9043-10916    -            512 582756at2759         -            379   2.5e-57  185.7  40.8   3   4   1.5e-23   1.5e-23   74.5   0.3   146   234   234   329   207   333 0.82 -
582756at2759_52670_0:001976|NODE_277_length_24481_cov_114.232216:9043-10916    -            512 582756at2759         -            379   2.5e-57  185.7  40.8   4   4   5.1e-20   5.1e-20   62.9   5.9   232   339   347   465   337   512 0.78 -
582756at2759_6210_0:00145a|NODE_277_length_24481_cov_114.232216:9040-10904     -            509 582756at2759         -            379   4.7e-57  184.8  41.4   1   4   4.7e-16   4.7e-16   49.8   9.0     6   112     4   111     1   120 0.76 -
582756at2759_6210_0:00145a|NODE_277_length_24481_cov_114.232216:9040-10904     -            509 582756at2759         -            379   4.7e-57  184.8  41.4   2   4    0.0013    0.0013    8.9   6.9    91   157   134   200   123   231 0.62 -
582756at2759_6210_0:00145a|NODE_277_length_24481_cov_114.232216:9040-10904     -            509 582756at2759         -            379   4.7e-57  184.8  41.4   3   4   1.5e-23   1.5e-23   74.5   0.3   146   234   230   325   203   329 0.82 -
582756at2759_6210_0:00145a|NODE_277_length_24481_cov_114.232216:9040-10904     -            509 582756at2759         -            379   4.7e-57  184.8  41.4   4   4   5.1e-20   5.1e-20   62.9   5.9   232   339   343   461   333   508 0.78 -
582756at2759_6850_0:000093|NODE_277_length_24481_cov_114.232216:8883-10916     -            565 582756at2759         -            379   5.3e-57  184.6  41.3   1   4   2.3e-16   2.3e-16   50.9   8.3     4   112     6   115     3   124 0.76 -
582756at2759_6850_0:000093|NODE_277_length_24481_cov_114.232216:8883-10916     -            565 582756at2759         -            379   5.3e-57  184.6  41.3   2   4    0.0014    0.0014    8.8   6.9    91   157   138   204   127   235 0.62 -
582756at2759_6850_0:000093|NODE_277_length_24481_cov_114.232216:8883-10916     -            565 582756at2759         -            379   5.3e-57  184.6  41.3   3   4   1.8e-23   1.8e-23   74.3   0.3   146   234   234   329   207   333 0.82 -
582756at2759_6850_0:000093|NODE_277_length_24481_cov_114.232216:8883-10916     -            565 582756at2759         -            379   5.3e-57  184.6  41.3   4   4   8.3e-20   8.3e-20   62.2   6.6   232   370   347   505   337   514 0.76 -
582756at2759_378494_0:005649|NODE_277_length_24481_cov_114.232216:9184-10913   -            479 582756at2759         -            379   6.7e-57  184.3  41.4   1   4     2e-16     2e-16   51.1   8.4     4   112     5   114     2   122 0.77 -
582756at2759_378494_0:005649|NODE_277_length_24481_cov_114.232216:9184-10913   -            479 582756at2759         -            379   6.7e-57  184.3  41.4   2   4    0.0023    0.0023    8.1   8.5    91   161   137   220   126   236 0.63 -
582756at2759_378494_0:005649|NODE_277_length_24481_cov_114.232216:9184-10913   -            479 582756at2759         -            379   6.7e-57  184.3  41.4   3   4   2.1e-23   2.1e-23   74.1   0.1   156   234   258   343   244   347 0.85 -
582756at2759_378494_0:005649|NODE_277_length_24481_cov_114.232216:9184-10913   -            479 582756at2759         -            379   6.7e-57  184.3  41.4   4   4   1.1e-19   1.1e-19   61.9   4.9   232   334   361   474   351   478 0.89 -
582756at2759_6973_0:000aa2|NODE_277_length_24481_cov_114.232216:9046-10856     -            502 582756at2759         -            379   1.8e-56  182.9  37.1   1   4   1.6e-14   1.6e-14   44.8   7.5    20   112     2    95     1   103 0.75 -
582756at2759_6973_0:000aa2|NODE_277_length_24481_cov_114.232216:9046-10856     -            502 582756at2759         -            379   1.8e-56  182.9  37.1   2   4    0.0004    0.0004   10.6   5.9    91   161   118   201   107   217 0.63 -
582756at2759_6973_0:000aa2|NODE_277_length_24481_cov_114.232216:9046-10856     -            502 582756at2759         -            379   1.8e-56  182.9  37.1   3   4   2.2e-23   2.2e-23   74.0   0.0   156   234   235   320   221   324 0.85 -
582756at2759_6973_0:000aa2|NODE_277_length_24481_cov_114.232216:9046-10856     -            502 582756at2759         -            379   1.8e-56  182.9  37.1   4   4   3.4e-20   3.4e-20   63.5   5.1   232   338   338   455   328   501 0.80 -
582756at2759_4533_0:003b59|NODE_277_length_24481_cov_114.232216:9115-10886     -            466 582756at2759         -            379   2.3e-56  182.5  40.5   1   3     1e-15     1e-15   48.7   9.0    11   112     3   105     1   114 0.76 -
582756at2759_4533_0:003b59|NODE_277_length_24481_cov_114.232216:9115-10886     -            466 582756at2759         -            379   2.3e-56  182.5  40.5   2   3   7.1e-24   7.1e-24   75.6  10.5    91   234   128   307   117   311 0.75 -
582756at2759_4533_0:003b59|NODE_277_length_24481_cov_114.232216:9115-10886     -            466 582756at2759         -            379   2.3e-56  182.5  40.5   3   3   6.1e-20   6.1e-20   62.6   5.2   232   335   325   439   315   448 0.87 -
582756at2759_197043_0:003460|NODE_277_length_24481_cov_114.232216:9211-10916   -            456 582756at2759         -            379   2.4e-56  182.5  39.4   1   4   1.9e-16   1.9e-16   51.1   8.5     4   112     6   115     3   123 0.77 -
582756at2759_197043_0:003460|NODE_277_length_24481_cov_114.232216:9211-10916   -            456 582756at2759         -            379   2.4e-56  182.5  39.4   2   4    0.0011    0.0011    9.2   6.9    91   157   138   204   127   235 0.62 -
582756at2759_197043_0:003460|NODE_277_length_24481_cov_114.232216:9211-10916   -            456 582756at2759         -            379   2.4e-56  182.5  39.4   3   4   1.2e-23   1.2e-23   74.8   0.3   146   234   234   329   207   333 0.82 -
582756at2759_197043_0:003460|NODE_277_length_24481_cov_114.232216:9211-10916   -            456 582756at2759         -            379   2.4e-56  182.5  39.4   4   4   9.6e-19   9.6e-19   58.7   4.5   232   329   347   455   337   456 0.89 -
582756at2759_108931_0:0033eb|NODE_277_length_24481_cov_114.232216:9043-10871   -            497 582756at2759         -            379   3.5e-56  181.9  40.6   1   4   3.7e-15   3.7e-15   46.9   8.2    15   112     2   100     1   108 0.75 -
582756at2759_108931_0:0033eb|NODE_277_length_24481_cov_114.232216:9043-10871   -            497 582756at2759         -            379   3.5e-56  181.9  40.6   2   4    0.0012    0.0012    9.0   6.9    91   157   123   189   112   220 0.62 -
582756at2759_108931_0:0033eb|NODE_277_length_24481_cov_114.232216:9043-10871   -            497 582756at2759         -            379   3.5e-56  181.9  40.6   3   4   1.4e-23   1.4e-23   74.6   0.3   146   234   219   314   192   318 0.82 -
582756at2759_108931_0:0033eb|NODE_277_length_24481_cov_114.232216:9043-10871   -            497 582756at2759         -            379   3.5e-56  181.9  40.6   4   4   4.9e-20   4.9e-20   63.0   5.9   232   339   332   450   322   497 0.78 -
582756at2759_13249_0:001d2e|NODE_277_length_24481_cov_114.232216:9085-10853    -            477 582756at2759         -            379   2.1e-55  179.4  39.2   1   4   2.2e-14   2.2e-14   44.3   7.5    20   112     1    94     1   103 0.75 -
582756at2759_13249_0:001d2e|NODE_277_length_24481_cov_114.232216:9085-10853    -            477 582756at2759         -            379   2.1e-55  179.4  39.2   2   4    0.0012    0.0012    9.0   7.0    91   157   117   183   106   214 0.62 -
582756at2759_13249_0:001d2e|NODE_277_length_24481_cov_114.232216:9085-10853    -            477 582756at2759         -            379   2.1e-55  179.4  39.2   3   4   1.3e-23   1.3e-23   74.7   0.3   146   234   213   308   186   312 0.82 -
582756at2759_13249_0:001d2e|NODE_277_length_24481_cov_114.232216:9085-10853    -            477 582756at2759         -            379   2.1e-55  179.4  39.2   4   4   6.3e-20   6.3e-20   62.6   5.2   232   335   326   440   316   449 0.87 -
582756at2759_7918_0:00147a|NODE_277_length_24481_cov_114.232216:9328-10916     -            417 582756at2759         -            379   5.5e-51  164.8  32.4   1   4   1.8e-16   1.8e-16   51.2   8.6     4   112     6   115     3   123 0.77 -
582756at2759_7918_0:00147a|NODE_277_length_24481_cov_114.232216:9328-10916     -            417 582756at2759         -            379   5.5e-51  164.8  32.4   2   4    0.0009    0.0009    9.4   6.9    91   157   138   204   127   235 0.62 -
582756at2759_7918_0:00147a|NODE_277_length_24481_cov_114.232216:9328-10916     -            417 582756at2759         -            379   5.5e-51  164.8  32.4   3   4   1.1e-23   1.1e-23   75.0   0.3   146   234   234   329   207   333 0.82 -
582756at2759_7918_0:00147a|NODE_277_length_24481_cov_114.232216:9328-10916     -            417 582756at2759         -            379   5.5e-51  164.8  32.4   4   4   2.4e-12   2.4e-12   37.6   0.2   232   297   347   417   337   417 0.92 -
582756at2759_6087_0:0016cb|NODE_277_length_24481_cov_114.232216:9046-10728     -            465 582756at2759         -            379   7.2e-49  157.8  37.0   1   4   1.8e-07   1.8e-07   21.6   5.4    44   112     1    69     1    78 0.69 -
582756at2759_6087_0:0016cb|NODE_277_length_24481_cov_114.232216:9046-10728     -            465 582756at2759         -            379   7.2e-49  157.8  37.0   2   4    0.0011    0.0011    9.1   7.0    91   157    92   158    81   189 0.62 -
582756at2759_6087_0:0016cb|NODE_277_length_24481_cov_114.232216:9046-10728     -            465 582756at2759         -            379   7.2e-49  157.8  37.0   3   4   1.3e-23   1.3e-23   74.8   0.3   146   234   188   283   161   287 0.82 -
582756at2759_6087_0:0016cb|NODE_277_length_24481_cov_114.232216:9046-10728     -            465 582756at2759         -            379   7.2e-49  157.8  37.0   4   4   2.9e-20   2.9e-20   63.7   5.1   232   338   301   418   291   464 0.80 -
582756at2759_88036_0:006b02|NODE_277_length_24481_cov_114.232216:9175-10728    -            422 582756at2759         -            379     9e-49  157.5  37.0   1   4   1.6e-07   1.6e-07   21.8   5.4    44   112     1    69     1    78 0.69 -
582756at2759_88036_0:006b02|NODE_277_length_24481_cov_114.232216:9175-10728    -            422 582756at2759         -            379     9e-49  157.5  37.0   2   4   0.00094   0.00094    9.4   6.9    91   157    92   158    81   189 0.62 -
582756at2759_88036_0:006b02|NODE_277_length_24481_cov_114.232216:9175-10728    -            422 582756at2759         -            379     9e-49  157.5  37.0   3   4   1.1e-23   1.1e-23   75.0   0.3   146   234   188   283   161   287 0.82 -
582756at2759_88036_0:006b02|NODE_277_length_24481_cov_114.232216:9175-10728    -            422 582756at2759         -            379     9e-49  157.5  37.0   4   4   6.2e-20   6.2e-20   62.6   5.2   232   335   301   415   291   421 0.88 -
582756at2759_88036_0:004da4|NODE_277_length_24481_cov_114.232216:9175-10725    -            421 582756at2759         -            379   2.7e-48  155.9  37.1   1   4   4.9e-07   4.9e-07   20.2   5.5    45   112     1    68     1    77 0.69 -
582756at2759_88036_0:004da4|NODE_277_length_24481_cov_114.232216:9175-10725    -            421 582756at2759         -            379   2.7e-48  155.9  37.1   2   4   0.00092   0.00092    9.4   6.9    91   157    91   157    80   188 0.62 -
582756at2759_88036_0:004da4|NODE_277_length_24481_cov_114.232216:9175-10725    -            421 582756at2759         -            379   2.7e-48  155.9  37.1   3   4   1.1e-23   1.1e-23   75.0   0.3   146   234   187   282   160   286 0.82 -
582756at2759_88036_0:004da4|NODE_277_length_24481_cov_114.232216:9175-10725    -            421 582756at2759         -            379   2.7e-48  155.9  37.1   4   4   6.2e-20   6.2e-20   62.6   5.2   232   335   300   414   290   420 0.88 -
582756at2759_13333_0:000ae5|NODE_277_length_24481_cov_114.232216:9040-10710    -            479 582756at2759         -            379   9.9e-47  150.8  37.2   1   4   4.6e-05   4.6e-05   13.7   5.6    50   112     1    63     1    72 0.67 -
582756at2759_13333_0:000ae5|NODE_277_length_24481_cov_114.232216:9040-10710    -            479 582756at2759         -            379   9.9e-47  150.8  37.2   2   4   0.00065   0.00065    9.9   7.0    91   164    86   172    75   186 0.63 -
582756at2759_13333_0:000ae5|NODE_277_length_24481_cov_114.232216:9040-10710    -            479 582756at2759         -            379   9.9e-47  150.8  37.2   3   4     2e-23     2e-23   74.1   0.0   156   234   210   295   195   299 0.85 -
582756at2759_13333_0:000ae5|NODE_277_length_24481_cov_114.232216:9040-10710    -            479 582756at2759         -            379   9.9e-47  150.8  37.2   4   4   4.5e-20   4.5e-20   63.1   5.9   232   339   313   431   303   478 0.78 -
582756at2759_3476_0:005592|NODE_277_length_24481_cov_114.232216:9115-10710     -            436 582756at2759         -            379     2e-46  149.8  37.0   1   4   3.7e-05   3.7e-05   14.0   5.4    50   112     1    63     1    72 0.67 -
582756at2759_3476_0:005592|NODE_277_length_24481_cov_114.232216:9115-10710     -            436 582756at2759         -            379     2e-46  149.8  37.0   2   4   0.00099   0.00099    9.3   6.9    91   157    86   152    75   183 0.62 -
582756at2759_3476_0:005592|NODE_277_length_24481_cov_114.232216:9115-10710     -            436 582756at2759         -            379     2e-46  149.8  37.0   3   4   1.1e-23   1.1e-23   74.9   0.3   146   234   182   277   155   281 0.82 -
582756at2759_3476_0:005592|NODE_277_length_24481_cov_114.232216:9115-10710     -            436 582756at2759         -            379     2e-46  149.8  37.0   4   4   5.4e-20   5.4e-20   62.8   5.2   232   335   295   409   285   418 0.87 -
582756at2759_3914_0:004075|NODE_277_length_24481_cov_114.232216:9115-10710     -            436 582756at2759         -            379     2e-46  149.8  37.0   1   4   3.7e-05   3.7e-05   14.0   5.4    50   112     1    63     1    72 0.67 -
582756at2759_3914_0:004075|NODE_277_length_24481_cov_114.232216:9115-10710     -            436 582756at2759         -            379     2e-46  149.8  37.0   2   4   0.00099   0.00099    9.3   6.9    91   157    86   152    75   183 0.62 -
582756at2759_3914_0:004075|NODE_277_length_24481_cov_114.232216:9115-10710     -            436 582756at2759         -            379     2e-46  149.8  37.0   3   4   1.1e-23   1.1e-23   74.9   0.3   146   234   182   277   155   281 0.82 -
582756at2759_3914_0:004075|NODE_277_length_24481_cov_114.232216:9115-10710     -            436 582756at2759         -            379     2e-46  149.8  37.0   4   4   5.4e-20   5.4e-20   62.8   5.2   232   335   295   409   285   418 0.87 -
582756at2759_4686_0:002485|NODE_277_length_24481_cov_114.232216:9115-10710     -            436 582756at2759         -            379     2e-46  149.8  37.0   1   4   3.7e-05   3.7e-05   14.0   5.4    50   112     1    63     1    72 0.67 -
582756at2759_4686_0:002485|NODE_277_length_24481_cov_114.232216:9115-10710     -            436 582756at2759         -            379     2e-46  149.8  37.0   2   4   0.00099   0.00099    9.3   6.9    91   157    86   152    75   183 0.62 -
582756at2759_4686_0:002485|NODE_277_length_24481_cov_114.232216:9115-10710     -            436 582756at2759         -            379     2e-46  149.8  37.0   3   4   1.1e-23   1.1e-23   74.9   0.3   146   234   182   277   155   281 0.82 -
582756at2759_4686_0:002485|NODE_277_length_24481_cov_114.232216:9115-10710     -            436 582756at2759         -            379     2e-46  149.8  37.0   4   4   5.4e-20   5.4e-20   62.8   5.2   232   335   295   409   285   418 0.87 -
582756at2759_3880_0:0052a4|NODE_277_length_24481_cov_114.232216:8874-10710     -            504 582756at2759         -            379   9.2e-46  147.6  37.9   1   3   5.1e-05   5.1e-05   13.5   5.6    50   112     1    63     1    72 0.67 -
582756at2759_3880_0:0052a4|NODE_277_length_24481_cov_114.232216:8874-10710     -            504 582756at2759         -            379   9.2e-46  147.6  37.9   2   3   8.4e-24   8.4e-24   75.3  10.5    91   234    86   265    75   269 0.75 -
582756at2759_3880_0:0052a4|NODE_277_length_24481_cov_114.232216:8874-10710     -            504 582756at2759         -            379   9.2e-46  147.6  37.9   3   3     4e-20     4e-20   63.2   5.8   232   340   283   402   273   457 0.77 -
582756at2759_4182_0:003155|NODE_277_length_24481_cov_114.232216:9115-10710     -            430 582756at2759         -            379   1.2e-45  147.2  38.8   1   4   3.6e-05   3.6e-05   14.0   5.4    50   112     1    63     1    72 0.67 -
582756at2759_4182_0:003155|NODE_277_length_24481_cov_114.232216:9115-10710     -            430 582756at2759         -            379   1.2e-45  147.2  38.8   2   4    0.0024    0.0024    8.0   9.2    91   164    86   172    75   187 0.63 -
582756at2759_4182_0:003155|NODE_277_length_24481_cov_114.232216:9115-10710     -            430 582756at2759         -            379   1.2e-45  147.2  38.8   3   4   4.9e-23   4.9e-23   72.8   0.9   145   234   174   271   156   275 0.82 -
582756at2759_4182_0:003155|NODE_277_length_24481_cov_114.232216:9115-10710     -            430 582756at2759         -            379   1.2e-45  147.2  38.8   4   4   5.2e-20   5.2e-20   62.9   5.2   232   335   289   403   279   412 0.87 -
582756at2759_4432_0:00340a|NODE_277_length_24481_cov_114.232216:8874-10710     -            516 582756at2759         -            379   6.8e-45  144.8  42.1   1   4   5.4e-05   5.4e-05   13.5   5.6    50   112     1    63     1    72 0.67 -
582756at2759_4432_0:00340a|NODE_277_length_24481_cov_114.232216:8874-10710     -            516 582756at2759         -            379   6.8e-45  144.8  42.1   2   4    0.0013    0.0013    8.9   6.9    91   157    86   152    75   183 0.62 -
582756at2759_4432_0:00340a|NODE_277_length_24481_cov_114.232216:8874-10710     -            516 582756at2759         -            379   6.8e-45  144.8  42.1   3   4   1.5e-23   1.5e-23   74.5   0.3   146   234   182   277   155   281 0.82 -
582756at2759_4432_0:00340a|NODE_277_length_24481_cov_114.232216:8874-10710     -            516 582756at2759         -            379   6.8e-45  144.8  42.1   4   4     6e-19     6e-19   59.4   9.6   232   340   295   414   285   462 0.76 -
582756at2759_1088818_0:0036f5|NODE_277_length_24481_cov_114.232216:9091-10722  -            432 582756at2759         -            379     4e-44  142.2  38.7   1   3   1.3e-06   1.3e-06   18.8   5.2    46   112     1    67     1    76 0.68 -
582756at2759_1088818_0:0036f5|NODE_277_length_24481_cov_114.232216:9091-10722  -            432 582756at2759         -            379     4e-44  142.2  38.7   2   3   1.2e-21   1.2e-21   68.2  12.4    91   234    90   265    79   269 0.74 -
582756at2759_1088818_0:0036f5|NODE_277_length_24481_cov_114.232216:9091-10722  -            432 582756at2759         -            379     4e-44  142.2  38.7   3   3   5.3e-20   5.3e-20   62.8   5.2   232   335   283   397   273   406 0.87 -
582756at2759_667725_0:002df6|NODE_277_length_24481_cov_114.232216:9034-10361   -            382 582756at2759         -            379   1.5e-43  140.4  24.2   1   3   0.00095   0.00095    9.3   6.7    91   157     5    71     3   102 0.60 -
582756at2759_667725_0:002df6|NODE_277_length_24481_cov_114.232216:9034-10361   -            382 582756at2759         -            379   1.5e-43  140.4  24.2   2   3   9.1e-24   9.1e-24   75.2   0.3   146   234   101   196    74   200 0.82 -
582756at2759_667725_0:002df6|NODE_277_length_24481_cov_114.232216:9034-10361   -            382 582756at2759         -            379   1.5e-43  140.4  24.2   3   3   2.7e-20   2.7e-20   63.8   6.0   232   340   214   333   204   380 0.76 -
582756at2759_6958_0:0011e7|NODE_277_length_24481_cov_114.232216:9187-9829      -            215 582756at2759         -            379   1.2e-42  137.3   7.4   1   2   2.8e-23   2.8e-23   73.6   0.0   164   234     3    80     1    84 0.91 -
582756at2759_6958_0:0011e7|NODE_277_length_24481_cov_114.232216:9187-9829      -            215 582756at2759         -            379   1.2e-42  137.3   7.4   2   2   1.9e-20   1.9e-20   64.3   4.8   232   334    98   211    87   214 0.89 -
582756at2759_6973_0:000c19|NODE_277_length_24481_cov_114.232216:9586-10728     -            187 582756at2759         -            379   7.7e-28   88.6  14.0   1   1   9.2e-26   9.2e-26   81.8  14.0    44   233     1   184     1   186 0.72 -
582756at2759_56086_0:003d7f|NODE_277_length_24481_cov_114.232216:10569-10883   -             89 582756at2759         -            379   1.5e-18   58.1   1.5   1   1   1.5e-18   1.5e-18   58.0   1.5    12    77     3    69     1    87 0.89 -
582756at2759_1257118_1:002e13|NODE_277_length_24481_cov_114.232216:10575-10713 -             47 582756at2759         -            379   7.9e-08   22.8   0.1   1   1   7.9e-08   7.9e-08   22.8   0.1    50    77     2    29     1    46 0.86 -
#
# Program:         hmmsearch
# Version:         3.1b2 (February 2015)
# Pipeline mode:   SEARCH
# Query file:      mb_downloads/eukaryota_odb10/hmms/582756at2759.hmm
# Target file:     -
# Option settings: /opt/conda/envs/compleasm/bin/hmmsearch --domtblout compleasm/eukaryota_odb10/hmmer_output/582756at2759.out --cpu 1 mb_downloads/eukaryota_odb10/hmms/582756at2759.hmm - 
# Current dir:     /in
# Date:            Tue Oct 22 12:37:37 2024
# [ok]
