#                                                                                                                                      --- full sequence --- -------------- this domain -------------   hmm coord   ali coord   env coord
# target name                                                                  accession   tlen query name           accession   qlen   E-value  score  bias   #  of  c-Evalue  i-Evalue  score  bias  from    to  from    to  from    to  acc description of target
#                                                          ------------------- ---------- ----- -------------------- ---------- ----- --------- ------ ----- --- --- --------- --------- ------ ----- ----- ----- ----- ----- ----- ----- ---- ---------------------
621827at2759_1367422_1:0026ab|NODE_1362_length_13205_cov_73.974482:10232-11769 -            349 621827at2759         -            349   4.1e-26   81.8   0.1   1   3     1e-05     1e-05   14.7   0.0    12   128    39   161    35   162 0.76 -
621827at2759_1367422_1:0026ab|NODE_1362_length_13205_cov_73.974482:10232-11769 -            349 621827at2759         -            349   4.1e-26   81.8   0.1   2   3   1.9e-16   1.9e-16   50.0   0.0    35   149   100   228    98   237 0.82 -
621827at2759_1367422_1:0026ab|NODE_1362_length_13205_cov_73.974482:10232-11769 -            349 621827at2759         -            349   4.1e-26   81.8   0.1   3   3   2.1e-09   2.1e-09   26.8   0.1    44   137   237   345   229   348 0.66 -
621827at2759_1442368_1:0022ee|NODE_1362_length_13205_cov_73.974482:10223-11769 -            352 621827at2759         -            349   4.2e-26   81.8   0.1   1   3   1.2e-05   1.2e-05   14.5   0.0    12   128    42   164    38   164 0.76 -
621827at2759_1442368_1:0022ee|NODE_1362_length_13205_cov_73.974482:10223-11769 -            352 621827at2759         -            349   4.2e-26   81.8   0.1   2   3     2e-16     2e-16   50.0   0.0    35   149   103   231   101   240 0.82 -
621827at2759_1442368_1:0022ee|NODE_1362_length_13205_cov_73.974482:10223-11769 -            352 621827at2759         -            349   4.2e-26   81.8   0.1   3   3   2.1e-09   2.1e-09   26.8   0.1    44   137   240   348   232   351 0.66 -
621827at2759_1442370_1:000dc8|NODE_1362_length_13205_cov_73.974482:10223-11769 -            352 621827at2759         -            349   4.2e-26   81.8   0.1   1   3   1.2e-05   1.2e-05   14.5   0.0    12   128    42   164    38   164 0.76 -
621827at2759_1442370_1:000dc8|NODE_1362_length_13205_cov_73.974482:10223-11769 -            352 621827at2759         -            349   4.2e-26   81.8   0.1   2   3     2e-16     2e-16   50.0   0.0    35   149   103   231   101   240 0.82 -
621827at2759_1442370_1:000dc8|NODE_1362_length_13205_cov_73.974482:10223-11769 -            352 621827at2759         -            349   4.2e-26   81.8   0.1   3   3   2.1e-09   2.1e-09   26.8   0.1    44   137   240   348   232   351 0.66 -
621827at2759_569365_1:002945|NODE_1362_length_13205_cov_73.974482:10223-11769  -            352 621827at2759         -            349   4.2e-26   81.8   0.1   1   3   1.2e-05   1.2e-05   14.5   0.0    12   128    42   164    38   164 0.76 -
621827at2759_569365_1:002945|NODE_1362_length_13205_cov_73.974482:10223-11769  -            352 621827at2759         -            349   4.2e-26   81.8   0.1   2   3     2e-16     2e-16   50.0   0.0    35   149   103   231   101   240 0.82 -
621827at2759_569365_1:002945|NODE_1362_length_13205_cov_73.974482:10223-11769  -            352 621827at2759         -            349   4.2e-26   81.8   0.1   3   3   2.1e-09   2.1e-09   26.8   0.1    44   137   240   348   232   351 0.66 -
621827at2759_1137138_1:001465|NODE_1362_length_13205_cov_73.974482:10678-11760 -            193 621827at2759         -            349     2e-20   63.1   1.9   1   2   6.1e-15   6.1e-15   45.1   1.8    48   148     2   116     1   119 0.85 -
621827at2759_1137138_1:001465|NODE_1362_length_13205_cov_73.974482:10678-11760 -            193 621827at2759         -            349     2e-20   63.1   1.9   2   2   2.7e-06   2.7e-06   16.6   0.0    76   137   120   192   117   193 0.77 -
621827at2759_7955_0:004aa3|NODE_1362_length_13205_cov_73.974482:11061-11703    -            161 621827at2759         -            349   1.1e-19   60.6   0.2   1   2   2.4e-11   2.4e-11   33.2   0.0    93   151     1    64     1    75 0.82 -
621827at2759_7955_0:004aa3|NODE_1362_length_13205_cov_73.974482:11061-11703    -            161 621827at2759         -            349   1.1e-19   60.6   0.2   2   2   3.9e-09   3.9e-09   26.0   0.0    90   147    84   146    63   156 0.81 -
621827at2759_1306850_1:00037d|NODE_1362_length_13205_cov_73.974482:10702-11760 -            185 621827at2759         -            349   2.8e-19   59.3   2.0   1   2   1.2e-13   1.2e-13   40.8   1.9    56   148     2   108     1   111 0.83 -
621827at2759_1306850_1:00037d|NODE_1362_length_13205_cov_73.974482:10702-11760 -            185 621827at2759         -            349   2.8e-19   59.3   2.0   2   2   2.5e-06   2.5e-06   16.7   0.0    76   137   112   184   109   185 0.78 -
621827at2759_1314782_1:002da9|NODE_1362_length_13205_cov_73.974482:10720-11760 -            249 621827at2759         -            349   2.2e-18   56.4   0.9   1   3     0.065     0.065    2.2   0.0   101   127     8    34     2    85 0.79 -
621827at2759_1314782_1:002da9|NODE_1362_length_13205_cov_73.974482:10720-11760 -            249 621827at2759         -            349   2.2e-18   56.4   0.9   2   3   7.1e-12   7.1e-12   35.0   0.9    93   148   114   172   109   175 0.85 -
621827at2759_1314782_1:002da9|NODE_1362_length_13205_cov_73.974482:10720-11760 -            249 621827at2759         -            349   2.2e-18   56.4   0.9   3   3   4.6e-06   4.6e-06   15.9   0.0    76   137   176   248   173   249 0.77 -
621827at2759_1095629_1:000e75|NODE_1362_length_13205_cov_73.974482:10702-11262 -            116 621827at2759         -            349   3.3e-14   42.6   0.1   1   1   5.6e-14   5.6e-14   41.9   0.1    56   147     2   109     1   115 0.81 -
621827at2759_670483_1:000634|NODE_1362_length_13205_cov_73.974482:10666-11247  -            194 621827at2759         -            349   5.1e-14   42.0   0.1   1   2     0.003     0.003    6.6   0.0    53   126    11    51     3    60 0.58 -
621827at2759_670483_1:000634|NODE_1362_length_13205_cov_73.974482:10666-11247  -            194 621827at2759         -            349   5.1e-14   42.0   0.1   2   2   3.2e-11   3.2e-11   32.8   0.0    93   147   132   191   127   193 0.82 -
621827at2759_742152_1:002517|NODE_96_length_34233_cov_85.717883:15990-16300    -             68 621827at2759         -            349     7e-11   31.7   0.0   1   1   7.8e-11   7.8e-11   31.5   0.0    90   147     7    67     4    68 0.89 -
621827at2759_5786_1:000b10|NODE_322_length_22896_cov_70.219948:9902-10166      -             89 621827at2759         -            349   6.7e-10   28.5   0.0   1   1   8.3e-10   8.3e-10   28.2   0.0    92   144    17    75     9    79 0.83 -
621827at2759_101091_1:001857|NODE_599_length_18309_cov_120.367266:6160-6571    -            138 621827at2759         -            349   7.8e-10   28.3   0.1   1   3   0.00015   0.00015   10.9   0.0    88   108    14    34     4    38 0.89 -
621827at2759_101091_1:001857|NODE_599_length_18309_cov_120.367266:6160-6571    -            138 621827at2759         -            349   7.8e-10   28.3   0.1   2   3      0.31      0.31   -0.0   0.0    88   111    68    91    45    96 0.53 -
621827at2759_101091_1:001857|NODE_599_length_18309_cov_120.367266:6160-6571    -            138 621827at2759         -            349   7.8e-10   28.3   0.1   3   3   1.9e-05   1.9e-05   13.9   0.0    41    80    95   134    86   137 0.90 -
621827at2759_7719_0:0007d9|NODE_599_length_18309_cov_120.367266:6148-6559      -            138 621827at2759         -            349   1.1e-09   27.8   0.1   1   3   0.00012   0.00012   11.2   0.0    87   108    17    38     3    42 0.86 -
621827at2759_7719_0:0007d9|NODE_599_length_18309_cov_120.367266:6148-6559      -            138 621827at2759         -            349   1.1e-09   27.8   0.1   2   3      0.31      0.31   -0.0   0.0    88   111    72    95    49   100 0.53 -
621827at2759_7719_0:0007d9|NODE_599_length_18309_cov_120.367266:6148-6559      -            138 621827at2759         -            349   1.1e-09   27.8   0.1   3   3   3.2e-05   3.2e-05   13.1   0.0    41    79    99   137    90   138 0.89 -
621827at2759_1340429_1:0017b0|NODE_599_length_18309_cov_120.367266:6211-6571   -            121 621827at2759         -            349   3.5e-09   26.1   0.1   1   3   0.00096   0.00096    8.2   0.0    92   108     1    17     1    21 0.91 -
621827at2759_1340429_1:0017b0|NODE_599_length_18309_cov_120.367266:6211-6571   -            121 621827at2759         -            349   3.5e-09   26.1   0.1   2   3      0.23      0.23    0.4   0.0    88   111    51    74    27    79 0.53 -
621827at2759_1340429_1:0017b0|NODE_599_length_18309_cov_120.367266:6211-6571   -            121 621827at2759         -            349   3.5e-09   26.1   0.1   3   3   1.3e-05   1.3e-05   14.3   0.0    41    80    78   117    67   120 0.89 -
621827at2759_246409_1:00103e|NODE_599_length_18309_cov_120.367266:6199-6502    -            102 621827at2759         -            349   6.4e-06   15.4   0.1   1   3   0.00021   0.00021   10.4   0.0    91   108     4    21     2    26 0.90 -
621827at2759_246409_1:00103e|NODE_599_length_18309_cov_120.367266:6199-6502    -            102 621827at2759         -            349   6.4e-06   15.4   0.1   2   3     0.065     0.065    2.2   0.0    88   116    55    83    31    96 0.58 -
621827at2759_246409_1:00103e|NODE_599_length_18309_cov_120.367266:6199-6502    -            102 621827at2759         -            349   6.4e-06   15.4   0.1   3   3      0.48      0.48   -0.6   0.0    42    60    83   101    80   102 0.85 -
#
# Program:         hmmsearch
# Version:         3.1b2 (February 2015)
# Pipeline mode:   SEARCH
# Query file:      mb_downloads/eukaryota_odb10/hmms/621827at2759.hmm
# Target file:     -
# Option settings: /opt/conda/envs/compleasm/bin/hmmsearch --domtblout compleasm/eukaryota_odb10/hmmer_output/621827at2759.out --cpu 1 mb_downloads/eukaryota_odb10/hmms/621827at2759.hmm - 
# Current dir:     /in
# Date:            Tue Oct 22 12:37:43 2024
# [ok]
