#                                                                                                                                     --- full sequence --- -------------- this domain -------------   hmm coord   ali coord   env coord
# target name                                                                 accession   tlen query name           accession   qlen   E-value  score  bias   #  of  c-Evalue  i-Evalue  score  bias  from    to  from    to  from    to  acc description of target
#                                                         ------------------- ---------- ----- -------------------- ---------- ----- --------- ------ ----- --- --- --------- --------- ------ ----- ----- ----- ----- ----- ----- ----- ---- ---------------------
671536at2759_1144522_1:0011ad|NODE_1699_length_12043_cov_74.583988:3456-6391  -            259 671536at2759         -            369   1.1e-69  226.6   0.0   1   1   1.2e-69   1.4e-69  226.3   0.0   132   354    20   253     8   257 0.90 -
671536at2759_1144522_1:0009e2|NODE_1699_length_12043_cov_74.583988:3450-6385  -            259 671536at2759         -            369   1.2e-69  226.6   0.0   1   1   1.4e-69   1.5e-69  226.2   0.0   132   353    22   254    10   258 0.90 -
671536at2759_1144522_1:0058b7|NODE_1699_length_12043_cov_74.583988:3483-6391  -            250 671536at2759         -            369   1.2e-69  226.5   0.0   1   1   1.2e-69   1.4e-69  226.3   0.0   133   354    12   244     2   248 0.90 -
671536at2759_3649_0:002765|NODE_1699_length_12043_cov_74.583988:3444-6418     -            272 671536at2759         -            369   1.2e-69  226.5   0.0   1   1   1.4e-69   1.5e-69  226.2   0.0   132   354    24   257     9   262 0.90 -
671536at2759_13164_0:001dce|NODE_1699_length_12043_cov_74.583988:3474-6418    -            262 671536at2759         -            369   1.2e-69  226.5   0.0   1   1   1.4e-69   1.5e-69  226.2   0.0   133   354    15   247     4   252 0.90 -
671536at2759_1144522_1:00009f|NODE_1699_length_12043_cov_74.583988:3453-6424  -            271 671536at2759         -            369   1.2e-69  226.5   0.0   1   1   1.4e-69   1.6e-69  226.1   0.0   132   354    21   254     9   259 0.90 -
671536at2759_1144522_1:000771|NODE_1699_length_12043_cov_74.583988:3435-6427  -            278 671536at2759         -            369   1.2e-69  226.5   0.0   1   1   1.4e-69   1.6e-69  226.1   0.0   131   354    26   260    10   265 0.90 -
671536at2759_1144522_1:004f40|NODE_1699_length_12043_cov_74.583988:3456-6436  -            274 671536at2759         -            369   1.3e-69  226.4   0.0   1   1   1.5e-69   1.6e-69  226.1   0.0   132   354    20   253     8   258 0.90 -
671536at2759_1144522_1:004ec3|NODE_1699_length_12043_cov_74.583988:3474-6442  -            270 671536at2759         -            369   1.3e-69  226.4   0.0   1   1   1.5e-69   1.7e-69  226.0   0.0   133   354    15   247     4   252 0.90 -
671536at2759_1144522_1:00508f|NODE_1699_length_12043_cov_74.583988:3483-6382  -            247 671536at2759         -            369   1.3e-69  226.4   0.0   1   1   1.3e-69   1.4e-69  226.3   0.0   133   353    12   243     2   247 0.90 -
671536at2759_7719_0:003194|NODE_1699_length_12043_cov_74.583988:3474-6379     -            249 671536at2759         -            369   1.4e-69  226.3   0.0   1   1   1.5e-69   1.6e-69  226.1   0.0   133   353    15   246     4   249 0.90 -
671536at2759_286706_0:003163|NODE_1699_length_12043_cov_74.583988:3405-6382   -            273 671536at2759         -            369   1.4e-69  226.3   0.0   1   1   1.5e-69   1.6e-69  226.1   0.0   131   353    36   269    17   273 0.90 -
671536at2759_5963_1:007404|NODE_1699_length_12043_cov_74.583988:3492-6394     -            248 671536at2759         -            369   1.4e-69  226.3   0.0   1   1   1.6e-69   1.8e-69  226.0   0.0   141   354    16   241     3   245 0.91 -
671536at2759_4829_1:001d11|NODE_1699_length_12043_cov_74.583988:3372-6409     -            293 671536at2759         -            369   1.5e-69  226.2   0.0   1   1   1.7e-69   1.9e-69  225.9   0.0   131   354    47   281    27   285 0.90 -
671536at2759_348837_1:001345|NODE_1699_length_12043_cov_74.583988:3495-6403   -            250 671536at2759         -            369   1.5e-69  226.2   0.0   1   1   1.7e-69   1.9e-69  225.9   0.0   141   354    15   240     3   244 0.91 -
671536at2759_121225_0:000c8e|NODE_1699_length_12043_cov_74.583988:3393-6382   -            277 671536at2759         -            369   1.5e-69  226.2   0.0   1   1   1.5e-69   1.7e-69  226.0   0.0   131   353    40   273    20   277 0.90 -
671536at2759_741275_1:0018b0|NODE_1699_length_12043_cov_74.583988:3347-6445   -            303 671536at2759         -            369   1.6e-69  226.1   0.0   1   1   1.9e-69   2.1e-69  225.7   0.0   131   354    45   279    26   284 0.90 -
671536at2759_7536_0:000ac0|NODE_1699_length_12043_cov_74.583988:3489-6379     -            244 671536at2759         -            369   1.6e-69  226.1   0.0   1   1   1.6e-69   1.7e-69  226.0   0.0   135   353    12   241     1   244 0.90 -
671536at2759_79782_0:001ab7|NODE_1699_length_12043_cov_74.583988:3489-6379    -            244 671536at2759         -            369   1.6e-69  226.1   0.0   1   1   1.6e-69   1.7e-69  226.0   0.0   135   353    12   241     1   244 0.90 -
671536at2759_438502_0:00004d|NODE_1699_length_12043_cov_74.583988:3489-6466   -            273 671536at2759         -            369   1.7e-69  226.0   0.0   1   1   1.8e-69     2e-69  225.8   0.0   135   354    12   242     1   247 0.90 -
671536at2759_516756_0:001d83|NODE_1699_length_12043_cov_74.583988:3498-6379   -            241 671536at2759         -            369   1.9e-69  225.9   0.0   1   1     2e-69   2.2e-69  225.6   0.0   141   353    14   238     3   241 0.91 -
671536at2759_6239_0:0031db|NODE_1699_length_12043_cov_74.583988:3504-6379     -            239 671536at2759         -            369     2e-69  225.8   0.0   1   1   2.2e-69   2.4e-69  225.5   0.0   141   353    12   236     3   239 0.91 -
671536at2759_6238_0:00398a|NODE_1699_length_12043_cov_74.583988:3510-6379     -            237 671536at2759         -            369   2.1e-69  225.7   0.0   1   1   2.1e-69   2.3e-69  225.6   0.0   141   353    10   234     1   237 0.91 -
671536at2759_13249_0:0016b5|NODE_1699_length_12043_cov_74.583988:3513-6382    -            237 671536at2759         -            369   2.1e-69  225.7   0.0   1   1   2.2e-69   2.5e-69  225.5   0.0   141   353     9   233     2   237 0.92 -
671536at2759_1144522_1:001490|NODE_1699_length_12043_cov_74.583988:3393-6373  -            274 671536at2759         -            369   2.2e-69  225.6   0.0   1   1   2.3e-69   2.6e-69  225.4   0.0   131   352    40   272    20   274 0.90 -
671536at2759_1144522_1:0045e8|NODE_1699_length_12043_cov_74.583988:3384-6373  -            277 671536at2759         -            369   2.3e-69  225.6   0.0   1   1   2.4e-69   2.7e-69  225.4   0.0   131   352    43   275    23   277 0.90 -
671536at2759_44056_1:001ff0|NODE_1699_length_12043_cov_74.583988:3528-6460    -            258 671536at2759         -            369   3.2e-69  225.1   0.0   1   1   3.8e-69   4.2e-69  224.7   0.0   141   354     4   229     2   234 0.92 -
671536at2759_1314962_1:0000f6|NODE_1699_length_12043_cov_74.583988:3480-6358  -            240 671536at2759         -            369   1.9e-68  222.6   0.0   1   1     2e-68   2.2e-68  222.4   0.0   133   348    13   239     3   240 0.90 -
671536at2759_1144522_1:0046c5|NODE_1699_length_12043_cov_74.583988:3579-6391  -            218 671536at2759         -            369   2.6e-60  195.8   0.0   1   1   2.7e-60     3e-60  195.6   0.0   157   354     3   212     1   216 0.90 -
671536at2759_438502_0:001ec3|NODE_1699_length_12043_cov_74.583988:3732-6466   -            192 671536at2759         -            369   1.2e-46  150.8   0.0   1   1   1.3e-46   1.4e-46  150.6   0.0   201   354     1   161     1   167 0.94 -
671536at2759_1064592_1:000fbf|NODE_666_length_17556_cov_64.000229:11134-11470 -            113 671536at2759         -            369     7e-12   36.4   0.7   1   1   7.2e-12   7.9e-12   36.3   0.7     4    70    12    89     9   109 0.78 -
671536at2759_1071378_1:000550|NODE_666_length_17556_cov_64.000229:11134-11476 -            115 671536at2759         -            369   7.2e-12   36.4   0.7   1   1   7.6e-12   8.3e-12   36.2   0.7     4    70    14    91    11   111 0.78 -
671536at2759_436907_1:0007a0|NODE_666_length_17556_cov_64.000229:11149-11476  -            110 671536at2759         -            369   8.2e-12   36.2   0.9   1   1   8.7e-12   9.6e-12   36.0   0.9     4    69    14    90    11   107 0.79 -
671536at2759_4909_1:000ee2|NODE_666_length_17556_cov_64.000229:11176-11470    -             99 671536at2759         -            369   8.6e-12   36.1   1.0   1   1   8.6e-12   9.5e-12   36.0   1.0     4    68    12    87     9    98 0.79 -
671536at2759_72520_1:001a01|NODE_666_length_17556_cov_64.000229:11155-11563   -            137 671536at2759         -            369   1.6e-11   35.3   1.0   1   1   1.7e-11   1.9e-11   35.0   1.0     4    69    43   119    30   135 0.81 -
671536at2759_763406_1:000ed7|NODE_666_length_17556_cov_64.000229:10846-11515  -            224 671536at2759         -            369   2.4e-11   34.7   0.4   1   1   2.9e-11   3.2e-11   34.2   0.4     4    71    27   105    24   137 0.78 -
671536at2759_1287680_1:000e6d|NODE_2916_length_10027_cov_129.492563:1060-1353 -             86 671536at2759         -            369     2e-08   25.0   0.2   1   1     2e-08   2.2e-08   24.9   0.2     5    52    13    71     8    85 0.73 -
671536at2759_1126212_1:000bfa|NODE_2916_length_10027_cov_129.492563:1060-1356 -             87 671536at2759         -            369   2.1e-08   25.0   0.2   1   1     2e-08   2.2e-08   24.9   0.2     5    52    14    72     7    86 0.74 -
671536at2759_5454_1:000d35|NODE_2916_length_10027_cov_129.492563:1060-1356    -             87 671536at2759         -            369   2.1e-08   25.0   0.2   1   1     2e-08   2.2e-08   24.9   0.2     5    52    14    72     7    86 0.74 -
671536at2759_236234_1:0028b4|NODE_2916_length_10027_cov_129.492563:1060-1365  -             90 671536at2759         -            369   2.1e-08   25.0   0.2   1   1     2e-08   2.2e-08   24.9   0.2     5    49    17    67     5    89 0.75 -
671536at2759_321614_1:0035c0|NODE_2916_length_10027_cov_129.492563:1060-1365  -             90 671536at2759         -            369   2.1e-08   25.0   0.2   1   1     2e-08   2.2e-08   24.9   0.2     5    49    17    67     5    89 0.75 -
#
# Program:         hmmsearch
# Version:         3.1b2 (February 2015)
# Pipeline mode:   SEARCH
# Query file:      mb_downloads/eukaryota_odb10/hmms/671536at2759.hmm
# Target file:     -
# Option settings: /opt/conda/envs/compleasm/bin/hmmsearch --domtblout compleasm/eukaryota_odb10/hmmer_output/671536at2759.out --cpu 1 mb_downloads/eukaryota_odb10/hmms/671536at2759.hmm - 
# Current dir:     /in
# Date:            Tue Oct 22 12:39:32 2024
# [ok]
