#                                                                                                                                   --- full sequence --- -------------- this domain -------------   hmm coord   ali coord   env coord
# target name                                                               accession   tlen query name           accession   qlen   E-value  score  bias   #  of  c-Evalue  i-Evalue  score  bias  from    to  from    to  from    to  acc description of target
#                                                       ------------------- ---------- ----- -------------------- ---------- ----- --------- ------ ----- --- --- --------- --------- ------ ----- ----- ----- ----- ----- ----- ----- ---- ---------------------
720340at2759_299123_0:00076b|NODE_4890_length_8401_cov_64.288323:7179-7689  -            171 720340at2759         -            227   4.4e-42  137.6   6.6   1   1     1e-40     1e-40  133.1   6.6    93   226    15   170     2   171 0.81 -
720340at2759_259920_0:0008a2|NODE_4890_length_8401_cov_64.288323:7149-7695  -            182 720340at2759         -            227   5.2e-42  137.4   6.6   1   1   1.1e-40   1.1e-40  132.9   6.6    92   226    16   172     2   173 0.81 -
720340at2759_6500_0:00003b|NODE_4890_length_8401_cov_64.288323:7149-7695    -            182 720340at2759         -            227   5.2e-42  137.4   6.6   1   1   1.1e-40   1.1e-40  132.9   6.6    92   226    16   172     2   173 0.81 -
720340at2759_9233_0:002e2e|NODE_4890_length_8401_cov_64.288323:7149-7719    -            190 720340at2759         -            227   5.7e-42  137.2   7.6   1   1   1.2e-40   1.2e-40  132.9   7.6    76   226    11   180     5   181 0.78 -
720340at2759_10020_0:001c3a|NODE_4890_length_8401_cov_64.288323:7149-7689   -            180 720340at2759         -            227   5.8e-42  137.2   6.6   1   1   1.3e-40   1.3e-40  132.8   6.6    93   226    15   170     2   171 0.81 -
720340at2759_105023_0:004a08|NODE_4890_length_8401_cov_64.288323:7149-7689  -            180 720340at2759         -            227   5.8e-42  137.2   6.6   1   1   1.3e-40   1.3e-40  132.8   6.6    93   226    15   170     2   171 0.81 -
720340at2759_106582_0:002d34|NODE_4890_length_8401_cov_64.288323:7149-7689  -            180 720340at2759         -            227   5.8e-42  137.2   6.6   1   1   1.3e-40   1.3e-40  132.8   6.6    93   226    15   170     2   171 0.81 -
720340at2759_109478_0:003953|NODE_4890_length_8401_cov_64.288323:7149-7689  -            180 720340at2759         -            227   5.8e-42  137.2   6.6   1   1   1.3e-40   1.3e-40  132.8   6.6    93   226    15   170     2   171 0.81 -
720340at2759_109478_0:004792|NODE_4890_length_8401_cov_64.288323:7149-7689  -            180 720340at2759         -            227   5.8e-42  137.2   6.6   1   1   1.3e-40   1.3e-40  132.8   6.6    93   226    15   170     2   171 0.81 -
720340at2759_118200_0:000503|NODE_4890_length_8401_cov_64.288323:7149-7689  -            180 720340at2759         -            227   5.8e-42  137.2   6.6   1   1   1.3e-40   1.3e-40  132.8   6.6    93   226    15   170     2   171 0.81 -
720340at2759_125878_0:003211|NODE_4890_length_8401_cov_64.288323:7149-7689  -            180 720340at2759         -            227   5.8e-42  137.2   6.6   1   1   1.3e-40   1.3e-40  132.8   6.6    93   226    15   170     2   171 0.81 -
720340at2759_127582_0:002d67|NODE_4890_length_8401_cov_64.288323:7149-7689  -            180 720340at2759         -            227   5.8e-42  137.2   6.6   1   1   1.3e-40   1.3e-40  132.8   6.6    93   226    15   170     2   171 0.81 -
720340at2759_128390_0:0011fb|NODE_4890_length_8401_cov_64.288323:7149-7689  -            180 720340at2759         -            227   5.8e-42  137.2   6.6   1   1   1.3e-40   1.3e-40  132.8   6.6    93   226    15   170     2   171 0.81 -
720340at2759_132908_0:00147d|NODE_4890_length_8401_cov_64.288323:7149-7689  -            180 720340at2759         -            227   5.8e-42  137.2   6.6   1   1   1.3e-40   1.3e-40  132.8   6.6    93   226    15   170     2   171 0.81 -
720340at2759_133901_0:001307|NODE_4890_length_8401_cov_64.288323:7149-7689  -            180 720340at2759         -            227   5.8e-42  137.2   6.6   1   1   1.3e-40   1.3e-40  132.8   6.6    93   226    15   170     2   171 0.81 -
720340at2759_136037_0:00184e|NODE_4890_length_8401_cov_64.288323:7149-7689  -            180 720340at2759         -            227   5.8e-42  137.2   6.6   1   1   1.3e-40   1.3e-40  132.8   6.6    93   226    15   170     2   171 0.81 -
720340at2759_13735_0:0030cd|NODE_4890_length_8401_cov_64.288323:7149-7689   -            180 720340at2759         -            227   5.8e-42  137.2   6.6   1   1   1.3e-40   1.3e-40  132.8   6.6    93   226    15   170     2   171 0.81 -
720340at2759_1415176_0:0037e2|NODE_4890_length_8401_cov_64.288323:7149-7689 -            180 720340at2759         -            227   5.8e-42  137.2   6.6   1   1   1.3e-40   1.3e-40  132.8   6.6    93   226    15   170     2   171 0.81 -
720340at2759_156563_0:001d04|NODE_4890_length_8401_cov_64.288323:7149-7689  -            180 720340at2759         -            227   5.8e-42  137.2   6.6   1   1   1.3e-40   1.3e-40  132.8   6.6    93   226    15   170     2   171 0.81 -
720340at2759_1676925_0:005671|NODE_4890_length_8401_cov_64.288323:7149-7689 -            180 720340at2759         -            227   5.8e-42  137.2   6.6   1   1   1.3e-40   1.3e-40  132.8   6.6    93   226    15   170     2   171 0.81 -
720340at2759_176057_0:0005ce|NODE_4890_length_8401_cov_64.288323:7149-7689  -            180 720340at2759         -            227   5.8e-42  137.2   6.6   1   1   1.3e-40   1.3e-40  132.8   6.6    93   226    15   170     2   171 0.81 -
720340at2759_188344_0:0034ff|NODE_4890_length_8401_cov_64.288323:7149-7689  -            180 720340at2759         -            227   5.8e-42  137.2   6.6   1   1   1.3e-40   1.3e-40  132.8   6.6    93   226    15   170     2   171 0.81 -
720340at2759_188379_0:002015|NODE_4890_length_8401_cov_64.288323:7149-7689  -            180 720340at2759         -            227   5.8e-42  137.2   6.6   1   1   1.3e-40   1.3e-40  132.8   6.6    93   226    15   170     2   171 0.81 -
720340at2759_202946_0:0006a9|NODE_4890_length_8401_cov_64.288323:7149-7689  -            180 720340at2759         -            227   5.8e-42  137.2   6.6   1   1   1.3e-40   1.3e-40  132.8   6.6    93   226    15   170     2   171 0.81 -
720340at2759_225400_0:000e6c|NODE_4890_length_8401_cov_64.288323:7149-7689  -            180 720340at2759         -            227   5.8e-42  137.2   6.6   1   1   1.3e-40   1.3e-40  132.8   6.6    93   226    15   170     2   171 0.81 -
720340at2759_244447_0:004826|NODE_4890_length_8401_cov_64.288323:7149-7689  -            180 720340at2759         -            227   5.8e-42  137.2   6.6   1   1   1.3e-40   1.3e-40  132.8   6.6    93   226    15   170     2   171 0.81 -
720340at2759_28377_0:002bf8|NODE_4890_length_8401_cov_64.288323:7149-7689   -            180 720340at2759         -            227   5.8e-42  137.2   6.6   1   1   1.3e-40   1.3e-40  132.8   6.6    93   226    15   170     2   171 0.81 -
720340at2759_28743_0:000c2c|NODE_4890_length_8401_cov_64.288323:7149-7689   -            180 720340at2759         -            227   5.8e-42  137.2   6.6   1   1   1.3e-40   1.3e-40  132.8   6.6    93   226    15   170     2   171 0.81 -
720340at2759_291302_0:003f03|NODE_4890_length_8401_cov_64.288323:7149-7689  -            180 720340at2759         -            227   5.8e-42  137.2   6.6   1   1   1.3e-40   1.3e-40  132.8   6.6    93   226    15   170     2   171 0.81 -
720340at2759_29159_0:005cf0|NODE_4890_length_8401_cov_64.288323:7149-7689   -            180 720340at2759         -            227   5.8e-42  137.2   6.6   1   1   1.3e-40   1.3e-40  132.8   6.6    93   226    15   170     2   171 0.81 -
720340at2759_30521_0:002193|NODE_4890_length_8401_cov_64.288323:7149-7689   -            180 720340at2759         -            227   5.8e-42  137.2   6.6   1   1   1.3e-40   1.3e-40  132.8   6.6    93   226    15   170     2   171 0.81 -
720340at2759_307959_0:006495|NODE_4890_length_8401_cov_64.288323:7149-7689  -            180 720340at2759         -            227   5.8e-42  137.2   6.6   1   1   1.3e-40   1.3e-40  132.8   6.6    93   226    15   170     2   171 0.81 -
720340at2759_31033_0:003e8d|NODE_4890_length_8401_cov_64.288323:7149-7689   -            180 720340at2759         -            227   5.8e-42  137.2   6.6   1   1   1.3e-40   1.3e-40  132.8   6.6    93   226    15   170     2   171 0.81 -
720340at2759_32536_0:00044c|NODE_4890_length_8401_cov_64.288323:7149-7689   -            180 720340at2759         -            227   5.8e-42  137.2   6.6   1   1   1.3e-40   1.3e-40  132.8   6.6    93   226    15   170     2   171 0.81 -
720340at2759_345164_0:0008ad|NODE_4890_length_8401_cov_64.288323:7149-7689  -            180 720340at2759         -            227   5.8e-42  137.2   6.6   1   1   1.3e-40   1.3e-40  132.8   6.6    93   226    15   170     2   171 0.81 -
720340at2759_35019_0:000870|NODE_4890_length_8401_cov_64.288323:7149-7689   -            180 720340at2759         -            227   5.8e-42  137.2   6.6   1   1   1.3e-40   1.3e-40  132.8   6.6    93   226    15   170     2   171 0.81 -
720340at2759_37003_0:002506|NODE_4890_length_8401_cov_64.288323:7149-7689   -            180 720340at2759         -            227   5.8e-42  137.2   6.6   1   1   1.3e-40   1.3e-40  132.8   6.6    93   226    15   170     2   171 0.81 -
720340at2759_379532_0:004b4a|NODE_4890_length_8401_cov_64.288323:7149-7689  -            180 720340at2759         -            227   5.8e-42  137.2   6.6   1   1   1.3e-40   1.3e-40  132.8   6.6    93   226    15   170     2   171 0.81 -
720340at2759_39432_0:003efa|NODE_4890_length_8401_cov_64.288323:7149-7689   -            180 720340at2759         -            227   5.8e-42  137.2   6.6   1   1   1.3e-40   1.3e-40  132.8   6.6    93   226    15   170     2   171 0.81 -
720340at2759_42514_0:002242|NODE_4890_length_8401_cov_64.288323:7149-7689   -            180 720340at2759         -            227   5.8e-42  137.2   6.6   1   1   1.3e-40   1.3e-40  132.8   6.6    93   226    15   170     2   171 0.81 -
720340at2759_48883_0:001a68|NODE_4890_length_8401_cov_64.288323:7149-7689   -            180 720340at2759         -            227   5.8e-42  137.2   6.6   1   1   1.3e-40   1.3e-40  132.8   6.6    93   226    15   170     2   171 0.81 -
720340at2759_50402_0:003502|NODE_4890_length_8401_cov_64.288323:7149-7689   -            180 720340at2759         -            227   5.8e-42  137.2   6.6   1   1   1.3e-40   1.3e-40  132.8   6.6    93   226    15   170     2   171 0.81 -
720340at2759_52644_0:001770|NODE_4890_length_8401_cov_64.288323:7149-7689   -            180 720340at2759         -            227   5.8e-42  137.2   6.6   1   1   1.3e-40   1.3e-40  132.8   6.6    93   226    15   170     2   171 0.81 -
720340at2759_55661_0:000d2c|NODE_4890_length_8401_cov_64.288323:7149-7689   -            180 720340at2759         -            227   5.8e-42  137.2   6.6   1   1   1.3e-40   1.3e-40  132.8   6.6    93   226    15   170     2   171 0.81 -
720340at2759_57397_0:0005c8|NODE_4890_length_8401_cov_64.288323:7149-7689   -            180 720340at2759         -            227   5.8e-42  137.2   6.6   1   1   1.3e-40   1.3e-40  132.8   6.6    93   226    15   170     2   171 0.81 -
720340at2759_57421_0:0012b0|NODE_4890_length_8401_cov_64.288323:7149-7689   -            180 720340at2759         -            227   5.8e-42  137.2   6.6   1   1   1.3e-40   1.3e-40  132.8   6.6    93   226    15   170     2   171 0.81 -
720340at2759_59538_0:001e6c|NODE_4890_length_8401_cov_64.288323:7149-7689   -            180 720340at2759         -            227   5.8e-42  137.2   6.6   1   1   1.3e-40   1.3e-40  132.8   6.6    93   226    15   170     2   171 0.81 -
720340at2759_59894_0:001d3f|NODE_4890_length_8401_cov_64.288323:7149-7689   -            180 720340at2759         -            227   5.8e-42  137.2   6.6   1   1   1.3e-40   1.3e-40  132.8   6.6    93   226    15   170     2   171 0.81 -
720340at2759_6526_0:0020e9|NODE_4890_length_8401_cov_64.288323:7149-7689    -            180 720340at2759         -            227   5.8e-42  137.2   6.6   1   1   1.3e-40   1.3e-40  132.8   6.6    93   226    15   170     2   171 0.81 -
720340at2759_6565_0:0023fe|NODE_4890_length_8401_cov_64.288323:7149-7689    -            180 720340at2759         -            227   5.8e-42  137.2   6.6   1   1   1.3e-40   1.3e-40  132.8   6.6    93   226    15   170     2   171 0.81 -
720340at2759_6973_0:000728|NODE_4890_length_8401_cov_64.288323:7149-7689    -            180 720340at2759         -            227   5.8e-42  137.2   6.6   1   1   1.3e-40   1.3e-40  132.8   6.6    93   226    15   170     2   171 0.81 -
720340at2759_7004_0:000d67|NODE_4890_length_8401_cov_64.288323:7149-7689    -            180 720340at2759         -            227   5.8e-42  137.2   6.6   1   1   1.3e-40   1.3e-40  132.8   6.6    93   226    15   170     2   171 0.81 -
720340at2759_74940_0:00311e|NODE_4890_length_8401_cov_64.288323:7149-7689   -            180 720340at2759         -            227   5.8e-42  137.2   6.6   1   1   1.3e-40   1.3e-40  132.8   6.6    93   226    15   170     2   171 0.81 -
720340at2759_7868_0:00186c|NODE_4890_length_8401_cov_64.288323:7149-7689    -            180 720340at2759         -            227   5.8e-42  137.2   6.6   1   1   1.3e-40   1.3e-40  132.8   6.6    93   226    15   170     2   171 0.81 -
720340at2759_7918_0:0024fe|NODE_4890_length_8401_cov_64.288323:7149-7689    -            180 720340at2759         -            227   5.8e-42  137.2   6.6   1   1   1.3e-40   1.3e-40  132.8   6.6    93   226    15   170     2   171 0.81 -
720340at2759_7950_0:002e3e|NODE_4890_length_8401_cov_64.288323:7149-7689    -            180 720340at2759         -            227   5.8e-42  137.2   6.6   1   1   1.3e-40   1.3e-40  132.8   6.6    93   226    15   170     2   171 0.81 -
720340at2759_7962_0:00066e|NODE_4890_length_8401_cov_64.288323:7149-7689    -            180 720340at2759         -            227   5.8e-42  137.2   6.6   1   1   1.3e-40   1.3e-40  132.8   6.6    93   226    15   170     2   171 0.81 -
720340at2759_7962_0:006dd4|NODE_4890_length_8401_cov_64.288323:7149-7689    -            180 720340at2759         -            227   5.8e-42  137.2   6.6   1   1   1.3e-40   1.3e-40  132.8   6.6    93   226    15   170     2   171 0.81 -
720340at2759_7994_0:002a13|NODE_4890_length_8401_cov_64.288323:7149-7689    -            180 720340at2759         -            227   5.8e-42  137.2   6.6   1   1   1.3e-40   1.3e-40  132.8   6.6    93   226    15   170     2   171 0.81 -
720340at2759_8090_0:003f4f|NODE_4890_length_8401_cov_64.288323:7149-7689    -            180 720340at2759         -            227   5.8e-42  137.2   6.6   1   1   1.3e-40   1.3e-40  132.8   6.6    93   226    15   170     2   171 0.81 -
720340at2759_8355_0:002f35|NODE_4890_length_8401_cov_64.288323:7149-7689    -            180 720340at2759         -            227   5.8e-42  137.2   6.6   1   1   1.3e-40   1.3e-40  132.8   6.6    93   226    15   170     2   171 0.81 -
720340at2759_8839_0:0003d9|NODE_4890_length_8401_cov_64.288323:7149-7689    -            180 720340at2759         -            227   5.8e-42  137.2   6.6   1   1   1.3e-40   1.3e-40  132.8   6.6    93   226    15   170     2   171 0.81 -
720340at2759_8932_0:0002c5|NODE_4890_length_8401_cov_64.288323:7149-7689    -            180 720340at2759         -            227   5.8e-42  137.2   6.6   1   1   1.3e-40   1.3e-40  132.8   6.6    93   226    15   170     2   171 0.81 -
720340at2759_9135_0:001416|NODE_4890_length_8401_cov_64.288323:7149-7689    -            180 720340at2759         -            227   5.8e-42  137.2   6.6   1   1   1.3e-40   1.3e-40  132.8   6.6    93   226    15   170     2   171 0.81 -
720340at2759_9238_0:0010f6|NODE_4890_length_8401_cov_64.288323:7149-7689    -            180 720340at2759         -            227   5.8e-42  137.2   6.6   1   1   1.3e-40   1.3e-40  132.8   6.6    93   226    15   170     2   171 0.81 -
720340at2759_9244_0:0034ef|NODE_4890_length_8401_cov_64.288323:7149-7689    -            180 720340at2759         -            227   5.8e-42  137.2   6.6   1   1   1.3e-40   1.3e-40  132.8   6.6    93   226    15   170     2   171 0.81 -
720340at2759_9305_0:003117|NODE_4890_length_8401_cov_64.288323:7149-7689    -            180 720340at2759         -            227   5.8e-42  137.2   6.6   1   1   1.3e-40   1.3e-40  132.8   6.6    93   226    15   170     2   171 0.81 -
720340at2759_97097_0:000e50|NODE_4890_length_8401_cov_64.288323:7149-7689   -            180 720340at2759         -            227   5.8e-42  137.2   6.6   1   1   1.3e-40   1.3e-40  132.8   6.6    93   226    15   170     2   171 0.81 -
720340at2759_9713_0:000481|NODE_4890_length_8401_cov_64.288323:7149-7689    -            180 720340at2759         -            227   5.8e-42  137.2   6.6   1   1   1.3e-40   1.3e-40  132.8   6.6    93   226    15   170     2   171 0.81 -
720340at2759_9785_0:001c5e|NODE_4890_length_8401_cov_64.288323:7149-7689    -            180 720340at2759         -            227   5.8e-42  137.2   6.6   1   1   1.3e-40   1.3e-40  132.8   6.6    93   226    15   170     2   171 0.81 -
720340at2759_9940_0:002c83|NODE_4890_length_8401_cov_64.288323:7149-7689    -            180 720340at2759         -            227   5.8e-42  137.2   6.6   1   1   1.3e-40   1.3e-40  132.8   6.6    93   226    15   170     2   171 0.81 -
720340at2759_9974_0:00189b|NODE_4890_length_8401_cov_64.288323:7149-7689    -            180 720340at2759         -            227   5.8e-42  137.2   6.6   1   1   1.3e-40   1.3e-40  132.8   6.6    93   226    15   170     2   171 0.81 -
720340at2759_9994_0:0028f0|NODE_4890_length_8401_cov_64.288323:7149-7689    -            180 720340at2759         -            227   5.8e-42  137.2   6.6   1   1   1.3e-40   1.3e-40  132.8   6.6    93   226    15   170     2   171 0.81 -
720340at2759_37621_0:00179d|NODE_4890_length_8401_cov_64.288323:7149-7674   -            175 720340at2759         -            227   5.8e-42  137.2   6.4   1   1   1.3e-40   1.3e-40  132.7   6.4    95   226    12   165     2   166 0.82 -
720340at2759_7091_0:001d79|NODE_4890_length_8401_cov_64.288323:7149-7674    -            175 720340at2759         -            227   5.8e-42  137.2   6.4   1   1   1.3e-40   1.3e-40  132.7   6.4    95   226    12   165     2   166 0.82 -
720340at2759_7130_0:000f11|NODE_4890_length_8401_cov_64.288323:7149-7674    -            175 720340at2759         -            227   5.8e-42  137.2   6.4   1   1   1.3e-40   1.3e-40  132.7   6.4    95   226    12   165     2   166 0.82 -
720340at2759_454923_0:0000b3|NODE_4890_length_8401_cov_64.288323:7149-7686  -            179 720340at2759         -            227     6e-42  137.1   6.6   1   1   1.4e-40   1.4e-40  132.7   6.6    94   226    15   169     3   170 0.82 -
720340at2759_64838_0:001416|NODE_4890_length_8401_cov_64.288323:7149-7686   -            179 720340at2759         -            227     6e-42  137.1   6.6   1   1   1.4e-40   1.4e-40  132.7   6.6    94   226    15   169     3   170 0.82 -
720340at2759_7038_0:00124b|NODE_4890_length_8401_cov_64.288323:7149-7686    -            179 720340at2759         -            227     6e-42  137.1   6.6   1   1   1.4e-40   1.4e-40  132.7   6.6    94   226    15   169     3   170 0.82 -
720340at2759_32264_0:002573|NODE_4890_length_8401_cov_64.288323:7149-7731   -            194 720340at2759         -            227   6.2e-42  137.1   7.5   1   1   1.3e-40   1.3e-40  132.8   7.5    76   226    15   184     9   185 0.78 -
720340at2759_6087_0:001ccf|NODE_4890_length_8401_cov_64.288323:7149-7701    -            184 720340at2759         -            227   6.2e-42  137.1   7.4   1   1   1.3e-40   1.3e-40  132.8   7.4    86   226    15   174     1   175 0.79 -
720340at2759_7168_0:001c50|NODE_4890_length_8401_cov_64.288323:7149-7692    -            181 720340at2759         -            227   6.2e-42  137.1   6.8   1   1   1.4e-40   1.4e-40  132.7   6.8    93   226    16   171     2   172 0.81 -
720340at2759_197043_0:001d33|NODE_4890_length_8401_cov_64.288323:7173-7662  -            164 720340at2759         -            227   6.3e-42  137.1   6.6   1   1   1.4e-40   1.4e-40  132.6   6.6    95   226     8   161     1   162 0.82 -
720340at2759_28612_0:0053c8|NODE_4890_length_8401_cov_64.288323:7155-7683   -            177 720340at2759         -            227   6.5e-42  137.0   6.7   1   1   1.5e-40   1.5e-40  132.6   6.7    94   226    14   168     3   169 0.82 -
720340at2759_1629725_0:001103|NODE_4890_length_8401_cov_64.288323:7149-7683 -            178 720340at2759         -            227   6.7e-42  137.0   6.7   1   1   1.5e-40   1.5e-40  132.5   6.7    94   226    14   168     3   169 0.82 -
720340at2759_6210_0:00209c|NODE_4890_length_8401_cov_64.288323:7149-7668    -            173 720340at2759         -            227   6.8e-42  137.0   6.5   1   1   1.6e-40   1.6e-40  132.5   6.5    95   226    10   163     2   164 0.82 -
720340at2759_222816_0:000174|NODE_4890_length_8401_cov_64.288323:7149-7671  -            174 720340at2759         -            227   6.9e-42  136.9   6.6   1   1   1.6e-40   1.6e-40  132.5   6.6    95   226    11   164     2   165 0.82 -
720340at2759_535359_0:0016e3|NODE_4890_length_8401_cov_64.288323:7149-7671  -            174 720340at2759         -            227   6.9e-42  136.9   6.6   1   1   1.6e-40   1.6e-40  132.5   6.6    95   226    11   164     2   165 0.82 -
720340at2759_13037_0:00020a|NODE_4890_length_8401_cov_64.288323:7149-7698   -            183 720340at2759         -            227   6.9e-42  136.9   7.3   1   1   1.4e-40   1.4e-40  132.6   7.3    91   226    16   173     1   174 0.79 -
720340at2759_6183_0:00053a|NODE_4890_length_8401_cov_64.288323:7149-7698    -            183 720340at2759         -            227   6.9e-42  136.9   7.3   1   1   1.4e-40   1.4e-40  132.6   7.3    91   226    16   173     1   174 0.79 -
720340at2759_6185_0:000457|NODE_4890_length_8401_cov_64.288323:7149-7698    -            183 720340at2759         -            227   6.9e-42  136.9   7.3   1   1   1.4e-40   1.4e-40  132.6   7.3    91   226    16   173     1   174 0.79 -
720340at2759_66420_0:001899|NODE_4890_length_8401_cov_64.288323:7149-7698   -            183 720340at2759         -            227   6.9e-42  136.9   7.3   1   1   1.4e-40   1.4e-40  132.6   7.3    91   226    16   173     1   174 0.79 -
720340at2759_680683_0:002aa9|NODE_4890_length_8401_cov_64.288323:7149-7698  -            183 720340at2759         -            227   6.9e-42  136.9   7.3   1   1   1.4e-40   1.4e-40  132.6   7.3    91   226    16   173     1   174 0.79 -
720340at2759_29031_0:00195d|NODE_4890_length_8401_cov_64.288323:7149-7677   -            176 720340at2759         -            227     7e-42  136.9   6.7   1   1   1.6e-40   1.6e-40  132.5   6.7    94   226    12   166     2   167 0.82 -
720340at2759_52612_0:0049e1|NODE_4890_length_8401_cov_64.288323:7149-7677   -            176 720340at2759         -            227     7e-42  136.9   6.7   1   1   1.6e-40   1.6e-40  132.5   6.7    94   226    12   166     2   167 0.82 -
720340at2759_69004_0:002e1d|NODE_4890_length_8401_cov_64.288323:7149-7677   -            176 720340at2759         -            227     7e-42  136.9   6.7   1   1   1.6e-40   1.6e-40  132.5   6.7    94   226    12   166     2   167 0.82 -
720340at2759_7160_0:0000b5|NODE_4890_length_8401_cov_64.288323:7149-7677    -            176 720340at2759         -            227     7e-42  136.9   6.7   1   1   1.6e-40   1.6e-40  132.5   6.7    94   226    12   166     2   167 0.82 -
720340at2759_7167_0:000756|NODE_4890_length_8401_cov_64.288323:7149-7677    -            176 720340at2759         -            227     7e-42  136.9   6.7   1   1   1.6e-40   1.6e-40  132.5   6.7    94   226    12   166     2   167 0.82 -
720340at2759_7176_0:002114|NODE_4890_length_8401_cov_64.288323:7149-7677    -            176 720340at2759         -            227     7e-42  136.9   6.7   1   1   1.6e-40   1.6e-40  132.5   6.7    94   226    12   166     2   167 0.82 -
720340at2759_7200_0:00224c|NODE_4890_length_8401_cov_64.288323:7149-7677    -            176 720340at2759         -            227     7e-42  136.9   6.7   1   1   1.6e-40   1.6e-40  132.5   6.7    94   226    12   166     2   167 0.82 -
720340at2759_74873_0:00194b|NODE_4890_length_8401_cov_64.288323:7149-7677   -            176 720340at2759         -            227     7e-42  136.9   6.7   1   1   1.6e-40   1.6e-40  132.5   6.7    94   226    12   166     2   167 0.82 -
720340at2759_48709_0:00018e|NODE_4890_length_8401_cov_64.288323:7149-7665   -            172 720340at2759         -            227   7.2e-42  136.9   6.6   1   1   1.7e-40   1.7e-40  132.4   6.6    95   226     9   162     2   163 0.82 -
720340at2759_39758_0:003129|NODE_4890_length_8401_cov_64.288323:7149-7659   -            170 720340at2759         -            227   7.4e-42  136.8   6.4   1   1   1.7e-40   1.7e-40  132.4   6.4    96   226     8   160     1   161 0.83 -
720340at2759_6279_0:001b23|NODE_4890_length_8401_cov_64.288323:7149-7659    -            170 720340at2759         -            227   7.4e-42  136.8   6.4   1   1   1.7e-40   1.7e-40  132.4   6.4    96   226     8   160     1   161 0.83 -
720340at2759_166423_0:003472|NODE_4890_length_8401_cov_64.288323:7149-7662  -            171 720340at2759         -            227   7.7e-42  136.8   6.6   1   1   1.7e-40   1.7e-40  132.4   6.6    95   226     8   161     1   162 0.82 -
720340at2759_29053_0:001eeb|NODE_4890_length_8401_cov_64.288323:7149-7662   -            171 720340at2759         -            227   7.7e-42  136.8   6.6   1   1   1.7e-40   1.7e-40  132.4   6.6    95   226     8   161     1   162 0.82 -
720340at2759_326594_0:001e81|NODE_4890_length_8401_cov_64.288323:7149-7662  -            171 720340at2759         -            227   7.7e-42  136.8   6.6   1   1   1.7e-40   1.7e-40  132.4   6.6    95   226     8   161     1   162 0.82 -
720340at2759_456900_0:0019ab|NODE_4890_length_8401_cov_64.288323:7149-7662  -            171 720340at2759         -            227   7.7e-42  136.8   6.6   1   1   1.7e-40   1.7e-40  132.4   6.6    95   226     8   161     1   162 0.82 -
720340at2759_516756_0:00252f|NODE_4890_length_8401_cov_64.288323:7149-7662  -            171 720340at2759         -            227   7.7e-42  136.8   6.6   1   1   1.7e-40   1.7e-40  132.4   6.6    95   226     8   161     1   162 0.82 -
720340at2759_597456_0:00163c|NODE_4890_length_8401_cov_64.288323:7149-7662  -            171 720340at2759         -            227   7.7e-42  136.8   6.6   1   1   1.7e-40   1.7e-40  132.4   6.6    95   226     8   161     1   162 0.82 -
720340at2759_72036_0:001e65|NODE_4890_length_8401_cov_64.288323:7149-7662   -            171 720340at2759         -            227   7.7e-42  136.8   6.6   1   1   1.7e-40   1.7e-40  132.4   6.6    95   226     8   161     1   162 0.82 -
720340at2759_91411_0:001774|NODE_4890_length_8401_cov_64.288323:7149-7662   -            171 720340at2759         -            227   7.7e-42  136.8   6.6   1   1   1.7e-40   1.7e-40  132.4   6.6    95   226     8   161     1   162 0.82 -
720340at2759_34638_0:002cca|NODE_4890_length_8401_cov_64.288323:7167-7653   -            163 720340at2759         -            227   7.9e-42  136.7   6.3   1   1   1.8e-40   1.8e-40  132.3   6.3    96   226     6   158     1   159 0.83 -
720340at2759_378494_0:0033c9|NODE_4890_length_8401_cov_64.288323:7182-7668  -            163 720340at2759         -            227   9.2e-42  136.5   6.5   1   1   2.2e-40   2.2e-40  132.0   6.5    95   225    10   162     2   163 0.82 -
720340at2759_379532_0:000bf2|NODE_4890_length_8401_cov_64.288323:7149-7656  -            169 720340at2759         -            227   9.3e-42  136.5   6.5   1   1   2.1e-40   2.1e-40  132.1   6.5    96   226     7   159     1   160 0.83 -
720340at2759_246437_0:000f84|NODE_4890_length_8401_cov_64.288323:7182-7689  -            170 720340at2759         -            227   9.3e-42  136.5   6.8   1   1   2.2e-40   2.2e-40  132.0   6.8    93   225    15   169     2   170 0.81 -
720340at2759_133434_0:001198|NODE_4890_length_8401_cov_64.288323:7149-7653  -            168 720340at2759         -            227   9.4e-42  136.5   6.3   1   1   2.1e-40   2.1e-40  132.1   6.3    96   226     6   158     1   159 0.83 -
720340at2759_218467_0:00324e|NODE_4890_length_8401_cov_64.288323:7149-7653  -            168 720340at2759         -            227   9.4e-42  136.5   6.3   1   1   2.1e-40   2.1e-40  132.1   6.3    96   226     6   158     1   159 0.83 -
720340at2759_30019_0:0027e1|NODE_4890_length_8401_cov_64.288323:7149-7653   -            168 720340at2759         -            227   9.4e-42  136.5   6.3   1   1   2.1e-40   2.1e-40  132.1   6.3    96   226     6   158     1   159 0.83 -
720340at2759_361077_1:0025bd|NODE_4890_length_8401_cov_64.288323:7149-7653  -            168 720340at2759         -            227   9.4e-42  136.5   6.3   1   1   2.1e-40   2.1e-40  132.1   6.3    96   226     6   158     1   159 0.83 -
720340at2759_37001_0:000c54|NODE_4890_length_8401_cov_64.288323:7149-7653   -            168 720340at2759         -            227   9.4e-42  136.5   6.3   1   1   2.1e-40   2.1e-40  132.1   6.3    96   226     6   158     1   159 0.83 -
720340at2759_37001_0:000f88|NODE_4890_length_8401_cov_64.288323:7149-7653   -            168 720340at2759         -            227   9.4e-42  136.5   6.3   1   1   2.1e-40   2.1e-40  132.1   6.3    96   226     6   158     1   159 0.83 -
720340at2759_62625_0:000684|NODE_4890_length_8401_cov_64.288323:7149-7653   -            168 720340at2759         -            227   9.4e-42  136.5   6.3   1   1   2.1e-40   2.1e-40  132.1   6.3    96   226     6   158     1   159 0.83 -
720340at2759_62625_0:000691|NODE_4890_length_8401_cov_64.288323:7149-7653   -            168 720340at2759         -            227   9.4e-42  136.5   6.3   1   1   2.1e-40   2.1e-40  132.1   6.3    96   226     6   158     1   159 0.83 -
720340at2759_6850_0:001775|NODE_4890_length_8401_cov_64.288323:7149-7653    -            168 720340at2759         -            227   9.4e-42  136.5   6.3   1   1   2.1e-40   2.1e-40  132.1   6.3    96   226     6   158     1   159 0.83 -
720340at2759_6850_0:001f72|NODE_4890_length_8401_cov_64.288323:7149-7653    -            168 720340at2759         -            227   9.4e-42  136.5   6.3   1   1   2.1e-40   2.1e-40  132.1   6.3    96   226     6   158     1   159 0.83 -
720340at2759_7237_0:000c1b|NODE_4890_length_8401_cov_64.288323:7149-7653    -            168 720340at2759         -            227   9.4e-42  136.5   6.3   1   1   2.1e-40   2.1e-40  132.1   6.3    96   226     6   158     1   159 0.83 -
720340at2759_7260_0:002106|NODE_4890_length_8401_cov_64.288323:7149-7653    -            168 720340at2759         -            227   9.4e-42  136.5   6.3   1   1   2.1e-40   2.1e-40  132.1   6.3    96   226     6   158     1   159 0.83 -
720340at2759_7574_0:0051c0|NODE_4890_length_8401_cov_64.288323:7149-7653    -            168 720340at2759         -            227   9.4e-42  136.5   6.3   1   1   2.1e-40   2.1e-40  132.1   6.3    96   226     6   158     1   159 0.83 -
720340at2759_10224_0:001bef|NODE_4890_length_8401_cov_64.288323:7149-7647   -            166 720340at2759         -            227     1e-41  136.4   6.2   1   1   2.4e-40   2.4e-40  131.9   6.2    97   226     5   156     1   157 0.84 -
720340at2759_114398_0:0025e6|NODE_4890_length_8401_cov_64.288323:7149-7647  -            166 720340at2759         -            227     1e-41  136.4   6.2   1   1   2.4e-40   2.4e-40  131.9   6.2    97   226     5   156     1   157 0.84 -
720340at2759_126957_0:002f7b|NODE_4890_length_8401_cov_64.288323:7149-7647  -            166 720340at2759         -            227     1e-41  136.4   6.2   1   1   2.4e-40   2.4e-40  131.9   6.2    97   226     5   156     1   157 0.84 -
720340at2759_1720309_0:004ac2|NODE_4890_length_8401_cov_64.288323:7149-7647 -            166 720340at2759         -            227     1e-41  136.4   6.2   1   1   2.4e-40   2.4e-40  131.9   6.2    97   226     5   156     1   157 0.84 -
720340at2759_224129_0:001d6d|NODE_4890_length_8401_cov_64.288323:7149-7647  -            166 720340at2759         -            227     1e-41  136.4   6.2   1   1   2.4e-40   2.4e-40  131.9   6.2    97   226     5   156     1   157 0.84 -
720340at2759_29058_0:00001b|NODE_4890_length_8401_cov_64.288323:7149-7647   -            166 720340at2759         -            227     1e-41  136.4   6.2   1   1   2.4e-40   2.4e-40  131.9   6.2    97   226     5   156     1   157 0.84 -
720340at2759_30023_0:0024cc|NODE_4890_length_8401_cov_64.288323:7149-7647   -            166 720340at2759         -            227     1e-41  136.4   6.2   1   1   2.4e-40   2.4e-40  131.9   6.2    97   226     5   156     1   157 0.84 -
720340at2759_315563_0:0025c4|NODE_4890_length_8401_cov_64.288323:7149-7647  -            166 720340at2759         -            227     1e-41  136.4   6.2   1   1   2.4e-40   2.4e-40  131.9   6.2    97   226     5   156     1   157 0.84 -
720340at2759_34740_0:004667|NODE_4890_length_8401_cov_64.288323:7149-7647   -            166 720340at2759         -            227     1e-41  136.4   6.2   1   1   2.4e-40   2.4e-40  131.9   6.2    97   226     5   156     1   157 0.84 -
720340at2759_35525_0:0017d1|NODE_4890_length_8401_cov_64.288323:7149-7647   -            166 720340at2759         -            227     1e-41  136.4   6.2   1   1   2.4e-40   2.4e-40  131.9   6.2    97   226     5   156     1   157 0.84 -
720340at2759_48498_0:005019|NODE_4890_length_8401_cov_64.288323:7149-7647   -            166 720340at2759         -            227     1e-41  136.4   6.2   1   1   2.4e-40   2.4e-40  131.9   6.2    97   226     5   156     1   157 0.84 -
720340at2759_50429_0:0026b7|NODE_4890_length_8401_cov_64.288323:7149-7647   -            166 720340at2759         -            227     1e-41  136.4   6.2   1   1   2.4e-40   2.4e-40  131.9   6.2    97   226     5   156     1   157 0.84 -
720340at2759_64459_0:00113a|NODE_4890_length_8401_cov_64.288323:7149-7647   -            166 720340at2759         -            227     1e-41  136.4   6.2   1   1   2.4e-40   2.4e-40  131.9   6.2    97   226     5   156     1   157 0.84 -
720340at2759_6669_0:003dbc|NODE_4890_length_8401_cov_64.288323:7149-7647    -            166 720340at2759         -            227     1e-41  136.4   6.2   1   1   2.4e-40   2.4e-40  131.9   6.2    97   226     5   156     1   157 0.84 -
720340at2759_6832_0:000600|NODE_4890_length_8401_cov_64.288323:7149-7647    -            166 720340at2759         -            227     1e-41  136.4   6.2   1   1   2.4e-40   2.4e-40  131.9   6.2    97   226     5   156     1   157 0.84 -
720340at2759_7227_0:002180|NODE_4890_length_8401_cov_64.288323:7149-7647    -            166 720340at2759         -            227     1e-41  136.4   6.2   1   1   2.4e-40   2.4e-40  131.9   6.2    97   226     5   156     1   157 0.84 -
720340at2759_7274_0:002c18|NODE_4890_length_8401_cov_64.288323:7149-7647    -            166 720340at2759         -            227     1e-41  136.4   6.2   1   1   2.4e-40   2.4e-40  131.9   6.2    97   226     5   156     1   157 0.84 -
720340at2759_7493_0:00160e|NODE_4890_length_8401_cov_64.288323:7149-7647    -            166 720340at2759         -            227     1e-41  136.4   6.2   1   1   2.4e-40   2.4e-40  131.9   6.2    97   226     5   156     1   157 0.84 -
720340at2759_7668_0:0009da|NODE_4890_length_8401_cov_64.288323:7149-7647    -            166 720340at2759         -            227     1e-41  136.4   6.2   1   1   2.4e-40   2.4e-40  131.9   6.2    97   226     5   156     1   157 0.84 -
720340at2759_7719_0:00340d|NODE_4890_length_8401_cov_64.288323:7149-7647    -            166 720340at2759         -            227     1e-41  136.4   6.2   1   1   2.4e-40   2.4e-40  131.9   6.2    97   226     5   156     1   157 0.84 -
720340at2759_7739_0:005472|NODE_4890_length_8401_cov_64.288323:7149-7647    -            166 720340at2759         -            227     1e-41  136.4   6.2   1   1   2.4e-40   2.4e-40  131.9   6.2    97   226     5   156     1   157 0.84 -
720340at2759_1410327_1:0009e4|NODE_4890_length_8401_cov_64.288323:7149-7641 -            164 720340at2759         -            227   1.2e-41  136.2   6.1   1   1   2.7e-40   2.7e-40  131.7   6.1    97   226     3   154     1   155 0.84 -
720340at2759_225164_0:0013ae|NODE_4890_length_8401_cov_64.288323:7149-7641  -            164 720340at2759         -            227   1.2e-41  136.2   6.1   1   1   2.7e-40   2.7e-40  131.7   6.1    97   226     3   154     1   155 0.84 -
720340at2759_261658_1:0015aa|NODE_4890_length_8401_cov_64.288323:7149-7641  -            164 720340at2759         -            227   1.2e-41  136.2   6.1   1   1   2.7e-40   2.7e-40  131.7   6.1    97   226     3   154     1   155 0.84 -
720340at2759_37653_0:00007b|NODE_4890_length_8401_cov_64.288323:7149-7641   -            164 720340at2759         -            227   1.2e-41  136.2   6.1   1   1   2.7e-40   2.7e-40  131.7   6.1    97   226     3   154     1   155 0.84 -
720340at2759_45351_0:002922|NODE_4890_length_8401_cov_64.288323:7149-7641   -            164 720340at2759         -            227   1.2e-41  136.2   6.1   1   1   2.7e-40   2.7e-40  131.7   6.1    97   226     3   154     1   155 0.84 -
720340at2759_6573_0:00342a|NODE_4890_length_8401_cov_64.288323:7149-7641    -            164 720340at2759         -            227   1.2e-41  136.2   6.1   1   1   2.7e-40   2.7e-40  131.7   6.1    97   226     3   154     1   155 0.84 -
720340at2759_418985_0:00240c|NODE_4890_length_8401_cov_64.288323:7182-7653  -            158 720340at2759         -            227   1.2e-41  136.2   6.2   1   1   2.7e-40   2.7e-40  131.7   6.2    96   225     6   157     1   158 0.83 -
720340at2759_29729_0:0028f8|NODE_4890_length_8401_cov_64.288323:7176-7635   -            154 720340at2759         -            227   1.4e-41  136.0   6.1   1   1   3.4e-40   3.4e-40  131.4   6.1    98   226     2   152     1   153 0.84 -
720340at2759_66656_0:000c6f|NODE_4890_length_8401_cov_64.288323:7176-7635   -            154 720340at2759         -            227   1.4e-41  136.0   6.1   1   1   3.4e-40   3.4e-40  131.4   6.1    98   226     2   152     1   153 0.84 -
720340at2759_121225_0:001520|NODE_4890_length_8401_cov_64.288323:7182-7647  -            156 720340at2759         -            227   1.5e-41  135.9   6.2   1   1   3.5e-40   3.5e-40  131.3   6.2    97   225     5   155     1   156 0.83 -
720340at2759_158383_0:001da2|NODE_4890_length_8401_cov_64.288323:7161-7635  -            159 720340at2759         -            227   1.6e-41  135.8   6.1   1   1   3.8e-40   3.8e-40  131.3   6.1    98   226     2   152     1   153 0.84 -
720340at2759_35883_0:0075ab|NODE_4890_length_8401_cov_64.288323:7161-7635   -            159 720340at2759         -            227   1.6e-41  135.8   6.1   1   1   3.8e-40   3.8e-40  131.3   6.1    98   226     2   152     1   153 0.84 -
720340at2759_472368_0:006a5f|NODE_4890_length_8401_cov_64.288323:7161-7635  -            159 720340at2759         -            227   1.6e-41  135.8   6.1   1   1   3.8e-40   3.8e-40  131.3   6.1    98   226     2   152     1   153 0.84 -
720340at2759_214687_0:00505b|NODE_4890_length_8401_cov_64.288323:7158-7635  -            160 720340at2759         -            227   1.6e-41  135.7   6.1   1   1   3.9e-40   3.9e-40  131.2   6.1    98   226     2   152     1   153 0.84 -
720340at2759_4072_0:003e53|NODE_4890_length_8401_cov_64.288323:7158-7635    -            160 720340at2759         -            227   1.6e-41  135.7   6.1   1   1   3.9e-40   3.9e-40  131.2   6.1    98   226     2   152     1   153 0.84 -
720340at2759_4081_0:00328b|NODE_4890_length_8401_cov_64.288323:7158-7635    -            160 720340at2759         -            227   1.6e-41  135.7   6.1   1   1   3.9e-40   3.9e-40  131.2   6.1    98   226     2   152     1   153 0.84 -
720340at2759_4098_0:0029fd|NODE_4890_length_8401_cov_64.288323:7158-7635    -            160 720340at2759         -            227   1.6e-41  135.7   6.1   1   1   3.9e-40   3.9e-40  131.2   6.1    98   226     2   152     1   153 0.84 -
720340at2759_56857_0:004797|NODE_4890_length_8401_cov_64.288323:7158-7635   -            160 720340at2759         -            227   1.6e-41  135.7   6.1   1   1   3.9e-40   3.9e-40  131.2   6.1    98   226     2   152     1   153 0.84 -
720340at2759_101020_0:0026a7|NODE_4890_length_8401_cov_64.288323:7155-7635  -            161 720340at2759         -            227   1.6e-41  135.7   6.1   1   1   3.9e-40   3.9e-40  131.2   6.1    98   226     2   152     1   153 0.84 -
720340at2759_130453_0:0043b1|NODE_4890_length_8401_cov_64.288323:7155-7635  -            161 720340at2759         -            227   1.6e-41  135.7   6.1   1   1   3.9e-40   3.9e-40  131.2   6.1    98   226     2   152     1   153 0.84 -
720340at2759_13333_0:002fac|NODE_4890_length_8401_cov_64.288323:7155-7635   -            161 720340at2759         -            227   1.6e-41  135.7   6.1   1   1   3.9e-40   3.9e-40  131.2   6.1    98   226     2   152     1   153 0.84 -
720340at2759_180498_0:000d66|NODE_4890_length_8401_cov_64.288323:7155-7635  -            161 720340at2759         -            227   1.6e-41  135.7   6.1   1   1   3.9e-40   3.9e-40  131.2   6.1    98   226     2   152     1   153 0.84 -
720340at2759_210143_0:002ea8|NODE_4890_length_8401_cov_64.288323:7155-7635  -            161 720340at2759         -            227   1.6e-41  135.7   6.1   1   1   3.9e-40   3.9e-40  131.2   6.1    98   226     2   152     1   153 0.84 -
720340at2759_214687_0:0052e0|NODE_4890_length_8401_cov_64.288323:7155-7635  -            161 720340at2759         -            227   1.6e-41  135.7   6.1   1   1   3.9e-40   3.9e-40  131.2   6.1    98   226     2   152     1   153 0.84 -
720340at2759_218851_0:004f17|NODE_4890_length_8401_cov_64.288323:7155-7635  -            161 720340at2759         -            227   1.6e-41  135.7   6.1   1   1   3.9e-40   3.9e-40  131.2   6.1    98   226     2   152     1   153 0.84 -
720340at2759_2711_0:004cba|NODE_4890_length_8401_cov_64.288323:7155-7635    -            161 720340at2759         -            227   1.6e-41  135.7   6.1   1   1   3.9e-40   3.9e-40  131.2   6.1    98   226     2   152     1   153 0.84 -
720340at2759_29760_0:0016a4|NODE_4890_length_8401_cov_64.288323:7155-7635   -            161 720340at2759         -            227   1.6e-41  135.7   6.1   1   1   3.9e-40   3.9e-40  131.2   6.1    98   226     2   152     1   153 0.84 -
720340at2759_326968_0:003410|NODE_4890_length_8401_cov_64.288323:7155-7635  -            161 720340at2759         -            227   1.6e-41  135.7   6.1   1   1   3.9e-40   3.9e-40  131.2   6.1    98   226     2   152     1   153 0.84 -
720340at2759_3476_0:000237|NODE_4890_length_8401_cov_64.288323:7155-7635    -            161 720340at2759         -            227   1.6e-41  135.7   6.1   1   1   3.9e-40   3.9e-40  131.2   6.1    98   226     2   152     1   153 0.84 -
720340at2759_3641_0:00231e|NODE_4890_length_8401_cov_64.288323:7155-7635    -            161 720340at2759         -            227   1.6e-41  135.7   6.1   1   1   3.9e-40   3.9e-40  131.2   6.1    98   226     2   152     1   153 0.84 -
720340at2759_3649_0:002177|NODE_4890_length_8401_cov_64.288323:7155-7635    -            161 720340at2759         -            227   1.6e-41  135.7   6.1   1   1   3.9e-40   3.9e-40  131.2   6.1    98   226     2   152     1   153 0.84 -
720340at2759_3656_0:000a78|NODE_4890_length_8401_cov_64.288323:7155-7635    -            161 720340at2759         -            227   1.6e-41  135.7   6.1   1   1   3.9e-40   3.9e-40  131.2   6.1    98   226     2   152     1   153 0.84 -
720340at2759_3661_0:00144f|NODE_4890_length_8401_cov_64.288323:7155-7635    -            161 720340at2759         -            227   1.6e-41  135.7   6.1   1   1   3.9e-40   3.9e-40  131.2   6.1    98   226     2   152     1   153 0.84 -
720340at2759_3750_0:008c37|NODE_4890_length_8401_cov_64.288323:7155-7635    -            161 720340at2759         -            227   1.6e-41  135.7   6.1   1   1   3.9e-40   3.9e-40  131.2   6.1    98   226     2   152     1   153 0.84 -
720340at2759_3760_0:00115e|NODE_4890_length_8401_cov_64.288323:7155-7635    -            161 720340at2759         -            227   1.6e-41  135.7   6.1   1   1   3.9e-40   3.9e-40  131.2   6.1    98   226     2   152     1   153 0.84 -
720340at2759_3775_0:008250|NODE_4890_length_8401_cov_64.288323:7155-7635    -            161 720340at2759         -            227   1.6e-41  135.7   6.1   1   1   3.9e-40   3.9e-40  131.2   6.1    98   226     2   152     1   153 0.84 -
720340at2759_3821_0:003ed2|NODE_4890_length_8401_cov_64.288323:7155-7635    -            161 720340at2759         -            227   1.6e-41  135.7   6.1   1   1   3.9e-40   3.9e-40  131.2   6.1    98   226     2   152     1   153 0.84 -
720340at2759_3827_0:0050ff|NODE_4890_length_8401_cov_64.288323:7155-7635    -            161 720340at2759         -            227   1.6e-41  135.7   6.1   1   1   3.9e-40   3.9e-40  131.2   6.1    98   226     2   152     1   153 0.84 -
720340at2759_3871_0:0021a6|NODE_4890_length_8401_cov_64.288323:7155-7635    -            161 720340at2759         -            227   1.6e-41  135.7   6.1   1   1   3.9e-40   3.9e-40  131.2   6.1    98   226     2   152     1   153 0.84 -
720340at2759_3880_0:006960|NODE_4890_length_8401_cov_64.288323:7155-7635    -            161 720340at2759         -            227   1.6e-41  135.7   6.1   1   1   3.9e-40   3.9e-40  131.2   6.1    98   226     2   152     1   153 0.84 -
720340at2759_3900_0:001f3b|NODE_4890_length_8401_cov_64.288323:7155-7635    -            161 720340at2759         -            227   1.6e-41  135.7   6.1   1   1   3.9e-40   3.9e-40  131.2   6.1    98   226     2   152     1   153 0.84 -
720340at2759_3981_0:002293|NODE_4890_length_8401_cov_64.288323:7155-7635    -            161 720340at2759         -            227   1.6e-41  135.7   6.1   1   1   3.9e-40   3.9e-40  131.2   6.1    98   226     2   152     1   153 0.84 -
720340at2759_3983_0:005af0|NODE_4890_length_8401_cov_64.288323:7155-7635    -            161 720340at2759         -            227   1.6e-41  135.7   6.1   1   1   3.9e-40   3.9e-40  131.2   6.1    98   226     2   152     1   153 0.84 -
720340at2759_3988_0:0036f9|NODE_4890_length_8401_cov_64.288323:7155-7635    -            161 720340at2759         -            227   1.6e-41  135.7   6.1   1   1   3.9e-40   3.9e-40  131.2   6.1    98   226     2   152     1   153 0.84 -
720340at2759_42345_0:005950|NODE_4890_length_8401_cov_64.288323:7155-7635   -            161 720340at2759         -            227   1.6e-41  135.7   6.1   1   1   3.9e-40   3.9e-40  131.2   6.1    98   226     2   152     1   153 0.84 -
720340at2759_4432_0:0019aa|NODE_4890_length_8401_cov_64.288323:7155-7635    -            161 720340at2759         -            227   1.6e-41  135.7   6.1   1   1   3.9e-40   3.9e-40  131.2   6.1    98   226     2   152     1   153 0.84 -
720340at2759_58331_0:006820|NODE_4890_length_8401_cov_64.288323:7155-7635   -            161 720340at2759         -            227   1.6e-41  135.7   6.1   1   1   3.9e-40   3.9e-40  131.2   6.1    98   226     2   152     1   153 0.84 -
720340at2759_71139_0:0060f9|NODE_4890_length_8401_cov_64.288323:7155-7635   -            161 720340at2759         -            227   1.6e-41  135.7   6.1   1   1   3.9e-40   3.9e-40  131.2   6.1    98   226     2   152     1   153 0.84 -
720340at2759_74649_0:003291|NODE_4890_length_8401_cov_64.288323:7155-7635   -            161 720340at2759         -            227   1.6e-41  135.7   6.1   1   1   3.9e-40   3.9e-40  131.2   6.1    98   226     2   152     1   153 0.84 -
720340at2759_78828_0:001f07|NODE_4890_length_8401_cov_64.288323:7155-7635   -            161 720340at2759         -            227   1.6e-41  135.7   6.1   1   1   3.9e-40   3.9e-40  131.2   6.1    98   226     2   152     1   153 0.84 -
720340at2759_981085_0:00258e|NODE_4890_length_8401_cov_64.288323:7155-7635  -            161 720340at2759         -            227   1.6e-41  135.7   6.1   1   1   3.9e-40   3.9e-40  131.2   6.1    98   226     2   152     1   153 0.84 -
720340at2759_45351_0:0007cc|NODE_4890_length_8401_cov_64.288323:7182-7641   -            154 720340at2759         -            227   1.7e-41  135.7   6.2   1   1     4e-40     4e-40  131.2   6.2    97   225     3   153     1   154 0.84 -
720340at2759_197043_0:0073ec|NODE_4890_length_8401_cov_64.288323:7185-7647  -            155 720340at2759         -            227   2.2e-41  135.3   6.0   1   1   5.2e-40   5.2e-40  130.8   6.0    97   225     5   155     1   155 0.83 -
720340at2759_158441_0:0006fd|NODE_4890_length_8401_cov_64.288323:7149-7632  -            161 720340at2759         -            227     3e-41  134.8   6.0   1   1   7.3e-40   7.3e-40  130.3   6.0    98   226     1   151     1   152 0.84 -
720340at2759_4039_0:006286|NODE_4890_length_8401_cov_64.288323:7185-7635    -            151 720340at2759         -            227   4.3e-41  134.4   6.1   1   1   1.1e-39   1.1e-39  129.8   6.1    98   225     2   151     1   151 0.84 -
720340at2759_126957_0:002a88|NODE_4890_length_8401_cov_64.288323:7209-7689  -            161 720340at2759         -            227   1.8e-39  129.0   4.9   1   1   4.5e-38   4.5e-38  124.5   4.9    93   216    15   160     2   161 0.80 -
720340at2759_33119_0:00291c|NODE_4890_length_8401_cov_64.288323:7212-7635   -            142 720340at2759         -            227   8.6e-39  126.8   4.5   1   1   2.2e-37   2.2e-37  122.2   4.5    98   215     2   141     1   142 0.82 -
720340at2759_1049336_0:003398|NODE_4890_length_8401_cov_64.288323:7257-7647 -            131 720340at2759         -            227   4.8e-34  111.3   5.2   1   1   1.3e-32   1.3e-32  106.6   5.2    97   202     5   131     1   131 0.81 -
720340at2759_45779_0:00353b|NODE_4890_length_8401_cov_64.288323:7149-7590   -            147 720340at2759         -            227   8.5e-34  110.5   2.8   1   1   1.3e-32   1.3e-32  106.6   2.8   134   226    39   137     1   138 0.77 -
720340at2759_8208_0:001500|NODE_4890_length_8401_cov_64.288323:7149-7590    -            147 720340at2759         -            227   8.5e-34  110.5   2.8   1   1   1.3e-32   1.3e-32  106.6   2.8   134   226    39   137     1   138 0.77 -
720340at2759_180498_0:00169d|NODE_4890_length_8401_cov_64.288323:7176-7530  -            119 720340at2759         -            227     5e-33  108.0   1.1   1   1   5.7e-33   5.7e-33  107.8   1.1   135   226    20   117     7   118 0.91 -
720340at2759_113334_0:001b56|NODE_4890_length_8401_cov_64.288323:7179-7554  -            126 720340at2759         -            227     6e-33  107.7   1.2   1   1   6.8e-33   6.8e-33  107.5   1.2   135   226    28   125    12   126 0.90 -
720340at2759_240206_0:003102|NODE_4890_length_8401_cov_64.288323:7149-7554  -            135 720340at2759         -            227     8e-33  107.3   1.3   1   1   9.5e-33   9.5e-33  107.0   1.3   135   226    28   125    13   126 0.91 -
720340at2759_7897_0:002d81|NODE_4890_length_8401_cov_64.288323:7149-7554    -            135 720340at2759         -            227     8e-33  107.3   1.3   1   1   9.5e-33   9.5e-33  107.0   1.3   135   226    28   125    13   126 0.91 -
720340at2759_9978_0:000531|NODE_4890_length_8401_cov_64.288323:7149-7554    -            135 720340at2759         -            227     8e-33  107.3   1.3   1   1   9.5e-33   9.5e-33  107.0   1.3   135   226    28   125    13   126 0.91 -
720340at2759_51655_0:0020a3|NODE_4890_length_8401_cov_64.288323:7149-7473   -            108 720340at2759         -            227   9.7e-33  107.0   1.3   1   1   1.1e-32   1.1e-32  106.9   1.3   135   226     1    98     1    99 0.92 -
720340at2759_52283_0:001cd9|NODE_4890_length_8401_cov_64.288323:7320-7665   -            116 720340at2759         -            227   4.2e-29   95.1   4.2   1   1   1.4e-27   1.4e-27   90.2   4.2    95   182     9   116     2   116 0.78 -
720340at2759_438503_0:0027c9|NODE_4890_length_8401_cov_64.288323:7326-7662  -            113 720340at2759         -            227   4.8e-28   91.7   4.3   1   1   1.4e-26   1.4e-26   86.8   4.3    95   180     8   113     1   113 0.77 -
720340at2759_168631_0:0020a0|NODE_4890_length_8401_cov_64.288323:7326-7647  -            108 720340at2759         -            227   6.3e-28   91.3   3.9   1   1     2e-26     2e-26   86.3   3.9    97   180     5   108     1   108 0.79 -
720340at2759_6198_0:0010e6|NODE_4890_length_8401_cov_64.288323:7329-7695    -            123 720340at2759         -            227   1.4e-27   90.2   4.7   1   1     4e-26     4e-26   85.4   4.7    92   179    16   123     2   123 0.74 -
720340at2759_609295_0:002aba|NODE_4890_length_8401_cov_64.288323:7329-7662  -            112 720340at2759         -            227   1.4e-27   90.1   4.3   1   1   4.2e-26   4.2e-26   85.3   4.3    95   179     8   112     1   112 0.76 -
720340at2759_39432_0:0036c2|NODE_4890_length_8401_cov_64.288323:7359-7686   -            110 720340at2759         -            227   3.4e-26   85.6   6.3   1   1   1.1e-24   1.1e-24   80.7   6.3    93   170    14   109     2   110 0.76 -
720340at2759_9361_0:00559f|NODE_4890_length_8401_cov_64.288323:7359-7689    -            111 720340at2759         -            227   3.8e-26   85.5   6.5   1   1   1.2e-24   1.2e-24   80.5   6.5    93   170    15   110     2   111 0.75 -
720340at2759_75366_0:0070f0|NODE_4890_length_8401_cov_64.288323:7182-7416   -             79 720340at2759         -            227   4.8e-26   85.1   1.2   1   1   5.2e-26   5.2e-26   85.0   1.2   152   225     1    78     1    79 0.93 -
720340at2759_6958_0:00198d|NODE_4890_length_8401_cov_64.288323:7320-7590    -             91 720340at2759         -            227   6.5e-21   68.3   1.1   1   1   1.6e-19   1.6e-19   63.8   1.1   112   182     1    91     1    91 0.68 -
720340at2759_7962_0:00ac26|NODE_4890_length_8401_cov_64.288323:7326-7590    -             89 720340at2759         -            227   7.6e-20   64.8   1.3   1   1   1.9e-18   1.9e-18   60.3   1.3   112   180     1    89     1    89 0.67 -
720340at2759_407821_0:005b3c|NODE_4890_length_8401_cov_64.288323:7416-7665  -             84 720340at2759         -            227   4.8e-13   42.6   1.3   1   1   1.2e-11   1.2e-11   38.0   1.3    95   142     9    58     2    84 0.64 -
720340at2759_1218281_0:002ec9|NODE_4890_length_8401_cov_64.288323:7560-7698 -             47 720340at2759         -            227   7.3e-10   32.2   0.5   1   1   7.3e-10   7.3e-10   32.2   0.5    86   121    14    46     1    47 0.72 -
#
# Program:         hmmsearch
# Version:         3.1b2 (February 2015)
# Pipeline mode:   SEARCH
# Query file:      mb_downloads/eukaryota_odb10/hmms/720340at2759.hmm
# Target file:     -
# Option settings: /opt/conda/envs/compleasm/bin/hmmsearch --domtblout compleasm/eukaryota_odb10/hmmer_output/720340at2759.out --cpu 1 mb_downloads/eukaryota_odb10/hmms/720340at2759.hmm - 
# Current dir:     /in
# Date:            Tue Oct 22 12:37:58 2024
# [ok]
