#                                                                                                                                  --- full sequence --- -------------- this domain -------------   hmm coord   ali coord   env coord
# target name                                                              accession   tlen query name           accession   qlen   E-value  score  bias   #  of  c-Evalue  i-Evalue  score  bias  from    to  from    to  from    to  acc description of target
#                                                      ------------------- ---------- ----- -------------------- ---------- ----- --------- ------ ----- --- --- --------- --------- ------ ----- ----- ----- ----- ----- ----- ----- ---- ---------------------
736068at2759_6198_0:000fbc|NODE_250_length_25387_cov_63.782892:2852-4187   -            446 736068at2759         -            318   1.2e-51  165.0   3.2   1   1   1.2e-49   1.4e-49  158.2   3.2     3   318    10   444     8   444 0.68 -
736068at2759_595528_0:00110e|NODE_250_length_25387_cov_63.782892:2834-4190 -            453 736068at2759         -            318   1.2e-51  165.0   3.1   1   1   1.2e-49   1.3e-49  158.3   3.1     3   318    16   450    14   450 0.68 -
736068at2759_3075_0:000658|NODE_250_length_25387_cov_63.782892:2849-4199   -            450 736068at2759         -            318   1.3e-51  164.9   3.2   1   1   1.3e-49   1.5e-49  158.1   3.2     3   318    11   445     9   445 0.68 -
736068at2759_441375_1:000597|NODE_250_length_25387_cov_63.782892:2885-4187 -            435 736068at2759         -            318   8.2e-51  162.3   2.7   1   1   8.5e-49   9.4e-49  155.5   2.7     6   318     2   433     1   433 0.68 -
736068at2759_2769_0:0008e7|NODE_250_length_25387_cov_63.782892:2852-4169   -            440 736068at2759         -            318   1.4e-50  161.5   3.0   1   1   1.5e-48   1.6e-48  154.7   3.0     3   314    10   440     8   440 0.68 -
736068at2759_13333_0:000891|NODE_250_length_25387_cov_63.782892:2891-4196  -            436 736068at2759         -            318   2.4e-50  160.7   2.7   1   1   2.3e-48   2.5e-48  154.1   2.7     7   318     1   431     1   431 0.67 -
736068at2759_574566_0:000061|NODE_250_length_25387_cov_63.782892:2927-4190 -            422 736068at2759         -            318     9e-50  158.8   0.9   1   1   4.3e-48   4.7e-48  153.2   0.9    31   318    27   419     6   419 0.70 -
736068at2759_117008_1:00023f|NODE_250_length_25387_cov_63.782892:2969-4187 -            407 736068at2759         -            318   9.4e-50  158.8   1.0   1   1   5.1e-48   5.6e-48  152.9   1.0    31   318    13   405     4   405 0.69 -
736068at2759_88036_0:007b44|NODE_250_length_25387_cov_63.782892:2891-4148  -            420 736068at2759         -            318   7.5e-47  149.2   2.7   1   1   7.9e-45   8.7e-45  142.4   2.7     7   307     1   420     1   420 0.67 -
736068at2759_88036_0:006a7f|NODE_250_length_25387_cov_63.782892:2891-4028  -            380 736068at2759         -            318   6.4e-44  139.6   5.5   1   1   8.1e-42   8.9e-42  132.6   5.5     7   276     1   379     1   380 0.67 -
#
# Program:         hmmsearch
# Version:         3.1b2 (February 2015)
# Pipeline mode:   SEARCH
# Query file:      mb_downloads/eukaryota_odb10/hmms/736068at2759.hmm
# Target file:     -
# Option settings: /opt/conda/envs/compleasm/bin/hmmsearch --domtblout compleasm/eukaryota_odb10/hmmer_output/736068at2759.out --cpu 1 mb_downloads/eukaryota_odb10/hmms/736068at2759.hmm - 
# Current dir:     /in
# Date:            Tue Oct 22 12:38:51 2024
# [ok]
