#                                                                                                                                    --- full sequence --- -------------- this domain -------------   hmm coord   ali coord   env coord
# target name                                                                accession   tlen query name           accession   qlen   E-value  score  bias   #  of  c-Evalue  i-Evalue  score  bias  from    to  from    to  from    to  acc description of target
#                                                        ------------------- ---------- ----- -------------------- ---------- ----- --------- ------ ----- --- --- --------- --------- ------ ----- ----- ----- ----- ----- ----- ----- ---- ---------------------
858842at2759_125945_0:0009b7|NODE_121_length_32037_cov_71.518210:2695-2952   -             74 858842at2759         -            236   9.6e-27   86.8   0.8   1   1   9.2e-27   1.1e-26   86.6   0.8     2    69     2    67     1    71 0.95 -
858842at2759_28612_0:000475|NODE_121_length_32037_cov_71.518210:2695-2952    -             74 858842at2759         -            236   9.6e-27   86.8   0.8   1   1   9.2e-27   1.1e-26   86.6   0.8     2    69     2    67     1    71 0.95 -
858842at2759_29029_0:0019f4|NODE_121_length_32037_cov_71.518210:2695-2952    -             74 858842at2759         -            236   9.6e-27   86.8   0.8   1   1   9.2e-27   1.1e-26   86.6   0.8     2    69     2    67     1    71 0.95 -
858842at2759_29031_0:00184e|NODE_121_length_32037_cov_71.518210:2695-2952    -             74 858842at2759         -            236   9.6e-27   86.8   0.8   1   1   9.2e-27   1.1e-26   86.6   0.8     2    69     2    67     1    71 0.95 -
858842at2759_30019_0:000ba3|NODE_121_length_32037_cov_71.518210:2695-2952    -             74 858842at2759         -            236   9.6e-27   86.8   0.8   1   1   9.2e-27   1.1e-26   86.6   0.8     2    69     2    67     1    71 0.95 -
858842at2759_30025_0:00186d|NODE_121_length_32037_cov_71.518210:2695-2952    -             74 858842at2759         -            236   9.6e-27   86.8   0.8   1   1   9.2e-27   1.1e-26   86.6   0.8     2    69     2    67     1    71 0.95 -
858842at2759_56484_1:00158c|NODE_121_length_32037_cov_71.518210:2695-2952    -             74 858842at2759         -            236   9.6e-27   86.8   0.8   1   1   9.2e-27   1.1e-26   86.6   0.8     2    69     2    67     1    71 0.95 -
858842at2759_67767_0:00012f|NODE_121_length_32037_cov_71.518210:2695-2952    -             74 858842at2759         -            236   9.6e-27   86.8   0.8   1   1   9.2e-27   1.1e-26   86.6   0.8     2    69     2    67     1    71 0.95 -
858842at2759_7370_0:001d75|NODE_121_length_32037_cov_71.518210:2695-2952     -             74 858842at2759         -            236   9.6e-27   86.8   0.8   1   1   9.2e-27   1.1e-26   86.6   0.8     2    69     2    67     1    71 0.95 -
858842at2759_215358_0:0046d0|NODE_121_length_32037_cov_71.518210:2692-2952   -             75 858842at2759         -            236   9.9e-27   86.7   0.8   1   1   9.7e-27   1.1e-26   86.5   0.8     2    69     3    68     2    72 0.95 -
858842at2759_48498_0:000ecb|NODE_121_length_32037_cov_71.518210:2692-2952    -             75 858842at2759         -            236   9.9e-27   86.7   0.8   1   1   9.7e-27   1.1e-26   86.5   0.8     2    69     3    68     2    72 0.95 -
858842at2759_1169540_1:003f1c|NODE_121_length_32037_cov_71.518210:2692-2982  -             85 858842at2759         -            236   1.7e-26   85.9   1.0   1   1   1.6e-26   1.9e-26   85.8   1.0     2    69     3    68     2    73 0.94 -
858842at2759_211096_1:000183|NODE_121_length_32037_cov_71.518210:2689-2979   -             85 858842at2759         -            236   1.7e-26   85.9   1.0   1   1   1.6e-26   1.9e-26   85.8   1.0     2    69     4    69     3    74 0.94 -
858842at2759_56406_1:00028e|NODE_121_length_32037_cov_71.518210:2689-2979    -             85 858842at2759         -            236   1.7e-26   85.9   1.0   1   1   1.6e-26   1.9e-26   85.8   1.0     2    69     4    69     3    74 0.94 -
858842at2759_29760_0:00237a|NODE_121_length_32037_cov_71.518210:2695-2991    -             87 858842at2759         -            236   1.9e-26   85.8   1.0   1   1   1.8e-26   2.1e-26   85.6   1.0     2    69     2    67     1    72 0.94 -
858842at2759_766949_1:000850|NODE_121_length_32037_cov_71.518210:2698-2940   -             69 858842at2759         -            236     2e-26   85.7   1.5   1   1   1.8e-26   2.1e-26   85.6   1.5     2    69     1    66     1    69 0.95 -
858842at2759_29833_1:00005d|NODE_121_length_32037_cov_71.518210:2689-2931    -             69 858842at2759         -            236   2.2e-26   85.6   1.2   1   1     2e-26   2.3e-26   85.5   1.2     2    67     4    67     3    69 0.96 -
858842at2759_370354_1:001ef8|NODE_121_length_32037_cov_71.518210:2602-2940   -            101 858842at2759         -            236   2.9e-26   85.2   0.9   1   1     3e-26   3.5e-26   84.9   0.9     2    69    33    98    32   101 0.95 -
858842at2759_400682_0:000795|NODE_121_length_32037_cov_71.518210:2677-3060   -            116 858842at2759         -            236   4.2e-26   84.7   1.0   1   1   4.2e-26     5e-26   84.4   1.0     2    69     8    73     7    78 0.94 -
858842at2759_10228_0:000997|NODE_121_length_32037_cov_71.518210:2695-3132    -            134 858842at2759         -            236   5.8e-26   84.2   1.0   1   1   6.2e-26   7.3e-26   83.9   1.0     2    69     2    67     1    72 0.94 -
858842at2759_88015_0:003914|NODE_121_length_32037_cov_71.518210:2692-3147    -            140 858842at2759         -            236   6.4e-26   84.1   1.0   1   1   6.9e-26   8.2e-26   83.7   1.0     2    69     3    68     2    73 0.94 -
858842at2759_7282_0:002b9d|NODE_121_length_32037_cov_71.518210:2695-3153     -            141 858842at2759         -            236   6.6e-26   84.0   1.0   1   1   7.1e-26   8.3e-26   83.7   1.0     2    69     2    67     1    72 0.94 -
858842at2759_664439_1:001edb|NODE_121_length_32037_cov_71.518210:2701-2931   -             65 858842at2759         -            236   8.3e-26   83.7   1.7   1   1   7.4e-26   8.7e-26   83.6   1.7     3    67     1    63     1    65 0.96 -
858842at2759_930991_1:00319f|NODE_121_length_32037_cov_71.518210:2701-2931   -             65 858842at2759         -            236   8.3e-26   83.7   1.7   1   1   7.4e-26   8.7e-26   83.6   1.7     3    67     1    63     1    65 0.96 -
858842at2759_994086_1:000f7f|NODE_121_length_32037_cov_71.518210:2701-2931   -             65 858842at2759         -            236   8.3e-26   83.7   1.7   1   1   7.4e-26   8.7e-26   83.6   1.7     3    67     1    63     1    65 0.96 -
858842at2759_225164_0:0046d8|NODE_121_length_32037_cov_71.518210:2698-3114   -            127 858842at2759         -            236   1.1e-25   83.2   1.7   1   1   1.2e-25   1.4e-25   82.9   1.7     2    69     1    66     1    71 0.94 -
858842at2759_3988_0:003ec6|NODE_121_length_32037_cov_71.518210:2704-2976     -             79 858842at2759         -            236   1.3e-25   83.1   1.3   1   1   1.2e-25   1.4e-25   82.9   1.3     4    69     1    64     1    69 0.95 -
858842at2759_796925_1:000ace|NODE_121_length_32037_cov_71.518210:2704-2982   -             81 858842at2759         -            236   1.4e-25   83.0   1.3   1   1   1.3e-25   1.5e-25   82.8   1.3     4    69     1    64     1    69 0.95 -
858842at2759_4232_0:004969|NODE_121_length_32037_cov_71.518210:2707-2943     -             67 858842at2759         -            236   2.6e-25   82.1   0.8   1   1   2.4e-25   2.8e-25   82.0   0.8     5    69     1    63     1    66 0.95 -
858842at2759_51953_0:004911|NODE_121_length_32037_cov_71.518210:2707-2976    -             78 858842at2759         -            236   4.1e-25   81.4   0.9   1   1   3.9e-25   4.6e-25   81.3   0.9     5    69     1    63     1    68 0.95 -
858842at2759_6500_0:003c7a|NODE_121_length_32037_cov_71.518210:2704-3114     -            125 858842at2759         -            236   4.5e-25   81.3   1.3   1   1   4.7e-25   5.6e-25   81.0   1.3     4    69     1    64     1    69 0.95 -
858842at2759_42345_0:0021f9|NODE_121_length_32037_cov_71.518210:2707-3036    -             98 858842at2759         -            236   8.2e-25   80.4   0.9   1   1   8.1e-25   9.6e-25   80.2   0.9     5    69     1    63     1    68 0.95 -
858842at2759_136037_0:0026db|NODE_666_length_17556_cov_64.000229:9066-9395   -             96 858842at2759         -            236     9e-25   80.3   0.2   1   1   8.5e-25     1e-24   80.2   0.2     1    98     1    92     1    95 0.87 -
858842at2759_64459_0:000d69|NODE_666_length_17556_cov_64.000229:9066-9395    -             96 858842at2759         -            236     9e-25   80.3   0.2   1   1   8.5e-25     1e-24   80.2   0.2     1    98     1    92     1    95 0.87 -
858842at2759_38123_0:000e05|NODE_666_length_17556_cov_64.000229:9066-9419    -            104 858842at2759         -            236   9.1e-25   80.3   0.1   1   1   8.9e-25     1e-24   80.1   0.1     1    99     1    93     1    99 0.88 -
858842at2759_197043_0:001d5c|NODE_666_length_17556_cov_64.000229:9066-9386   -             93 858842at2759         -            236   1.3e-24   79.7   0.3   1   1   1.2e-24   1.4e-24   79.7   0.3     1    96     1    90     1    93 0.85 -
858842at2759_37653_0:001d3e|NODE_666_length_17556_cov_64.000229:9066-9386    -             93 858842at2759         -            236   1.3e-24   79.7   0.3   1   1   1.2e-24   1.4e-24   79.7   0.3     1    96     1    90     1    93 0.85 -
858842at2759_41427_0:001106|NODE_666_length_17556_cov_64.000229:9066-9386    -             93 858842at2759         -            236   1.3e-24   79.7   0.3   1   1   1.2e-24   1.4e-24   79.7   0.3     1    96     1    90     1    93 0.85 -
858842at2759_6573_0:0056b8|NODE_666_length_17556_cov_64.000229:9066-9386     -             93 858842at2759         -            236   1.3e-24   79.7   0.3   1   1   1.2e-24   1.4e-24   79.7   0.3     1    96     1    90     1    93 0.85 -
858842at2759_69004_0:001148|NODE_666_length_17556_cov_64.000229:9066-9386    -             93 858842at2759         -            236   1.3e-24   79.7   0.3   1   1   1.2e-24   1.4e-24   79.7   0.3     1    96     1    90     1    93 0.85 -
858842at2759_7168_0:00238b|NODE_666_length_17556_cov_64.000229:9066-9386     -             93 858842at2759         -            236   1.3e-24   79.7   0.3   1   1   1.2e-24   1.4e-24   79.7   0.3     1    96     1    90     1    93 0.85 -
858842at2759_74873_0:0024e7|NODE_666_length_17556_cov_64.000229:9066-9386    -             93 858842at2759         -            236   1.3e-24   79.7   0.3   1   1   1.2e-24   1.4e-24   79.7   0.3     1    96     1    90     1    93 0.85 -
858842at2759_294128_0:003b39|NODE_666_length_17556_cov_64.000229:9066-9350   -             81 858842at2759         -            236   8.9e-24   77.0   0.1   1   1   7.7e-24   9.1e-24   77.0   0.1     1    80     1    74     1    81 0.89 -
858842at2759_4922_1:000d8a|NODE_666_length_17556_cov_64.000229:9069-9362     -             84 858842at2759         -            236   1.9e-23   76.0   0.3   1   1   1.7e-23     2e-23   75.9   0.3     3    83     2    76     1    84 0.87 -
858842at2759_981350_1:000158|NODE_666_length_17556_cov_64.000229:9069-9362   -             84 858842at2759         -            236   1.9e-23   76.0   0.3   1   1   1.7e-23     2e-23   75.9   0.3     3    83     2    76     1    84 0.87 -
858842at2759_29833_1:00005d|NODE_666_length_17556_cov_64.000229:9075-9365    -             83 858842at2759         -            236   4.2e-23   74.8   0.4   1   1   3.7e-23   4.4e-23   74.8   0.4     4    84     1    75     1    83 0.86 -
858842at2759_39966_1:002bef|NODE_666_length_17556_cov_64.000229:9066-9299    -             64 858842at2759         -            236   1.3e-22   73.2   0.1   1   1   1.2e-22   1.4e-22   73.1   0.1     1    67     1    63     1    64 0.96 -
858842at2759_10224_0:000d51|NODE_666_length_17556_cov_64.000229:9066-9296    -             63 858842at2759         -            236   1.7e-22   72.8   0.1   1   1   1.6e-22   1.9e-22   72.7   0.1     1    66     1    62     1    63 0.96 -
858842at2759_112268_0:0011d2|NODE_666_length_17556_cov_64.000229:9066-9296   -             63 858842at2759         -            236   1.7e-22   72.8   0.1   1   1   1.6e-22   1.9e-22   72.7   0.1     1    66     1    62     1    63 0.96 -
858842at2759_13164_0:001854|NODE_666_length_17556_cov_64.000229:9066-9296    -             63 858842at2759         -            236   1.7e-22   72.8   0.1   1   1   1.6e-22   1.9e-22   72.7   0.1     1    66     1    62     1    63 0.96 -
858842at2759_13249_0:00144a|NODE_666_length_17556_cov_64.000229:9066-9296    -             63 858842at2759         -            236   1.7e-22   72.8   0.1   1   1   1.6e-22   1.9e-22   72.7   0.1     1    66     1    62     1    63 0.96 -
858842at2759_139723_0:000d37|NODE_666_length_17556_cov_64.000229:9066-9296   -             63 858842at2759         -            236   1.7e-22   72.8   0.1   1   1   1.6e-22   1.9e-22   72.7   0.1     1    66     1    62     1    63 0.96 -
858842at2759_143948_0:001eba|NODE_666_length_17556_cov_64.000229:9066-9296   -             63 858842at2759         -            236   1.7e-22   72.8   0.1   1   1   1.6e-22   1.9e-22   72.7   0.1     1    66     1    62     1    63 0.96 -
858842at2759_199890_0:0016e0|NODE_666_length_17556_cov_64.000229:9066-9296   -             63 858842at2759         -            236   1.7e-22   72.8   0.1   1   1   1.6e-22   1.9e-22   72.7   0.1     1    66     1    62     1    63 0.96 -
858842at2759_211228_0:00182e|NODE_666_length_17556_cov_64.000229:9066-9296   -             63 858842at2759         -            236   1.7e-22   72.8   0.1   1   1   1.6e-22   1.9e-22   72.7   0.1     1    66     1    62     1    63 0.96 -
858842at2759_219809_0:000fc5|NODE_666_length_17556_cov_64.000229:9066-9296   -             63 858842at2759         -            236   1.7e-22   72.8   0.1   1   1   1.6e-22   1.9e-22   72.7   0.1     1    66     1    62     1    63 0.96 -
858842at2759_286706_0:003167|NODE_666_length_17556_cov_64.000229:9066-9296   -             63 858842at2759         -            236   1.7e-22   72.8   0.1   1   1   1.6e-22   1.9e-22   72.7   0.1     1    66     1    62     1    63 0.96 -
858842at2759_29078_0:003400|NODE_666_length_17556_cov_64.000229:9066-9296    -             63 858842at2759         -            236   1.7e-22   72.8   0.1   1   1   1.6e-22   1.9e-22   72.7   0.1     1    66     1    62     1    63 0.96 -
858842at2759_296543_1:0005f3|NODE_666_length_17556_cov_64.000229:9066-9296   -             63 858842at2759         -            236   1.7e-22   72.8   0.1   1   1   1.6e-22   1.9e-22   72.7   0.1     1    66     1    62     1    63 0.96 -
858842at2759_307491_0:004a3a|NODE_666_length_17556_cov_64.000229:9066-9296   -             63 858842at2759         -            236   1.7e-22   72.8   0.1   1   1   1.6e-22   1.9e-22   72.7   0.1     1    66     1    62     1    63 0.96 -
858842at2759_40932_0:003b3a|NODE_666_length_17556_cov_64.000229:9066-9296    -             63 858842at2759         -            236   1.7e-22   72.8   0.1   1   1   1.6e-22   1.9e-22   72.7   0.1     1    66     1    62     1    63 0.96 -
858842at2759_43041_0:000040|NODE_666_length_17556_cov_64.000229:9066-9296    -             63 858842at2759         -            236   1.7e-22   72.8   0.1   1   1   1.6e-22   1.9e-22   72.7   0.1     1    66     1    62     1    63 0.96 -
858842at2759_438502_0:000c1b|NODE_666_length_17556_cov_64.000229:9066-9296   -             63 858842at2759         -            236   1.7e-22   72.8   0.1   1   1   1.6e-22   1.9e-22   72.7   0.1     1    66     1    62     1    63 0.96 -
858842at2759_62324_0:00186e|NODE_666_length_17556_cov_64.000229:9066-9296    -             63 858842at2759         -            236   1.7e-22   72.8   0.1   1   1   1.6e-22   1.9e-22   72.7   0.1     1    66     1    62     1    63 0.96 -
858842at2759_6279_0:00206c|NODE_666_length_17556_cov_64.000229:9066-9296     -             63 858842at2759         -            236   1.7e-22   72.8   0.1   1   1   1.6e-22   1.9e-22   72.7   0.1     1    66     1    62     1    63 0.96 -
858842at2759_69319_0:0012da|NODE_666_length_17556_cov_64.000229:9066-9296    -             63 858842at2759         -            236   1.7e-22   72.8   0.1   1   1   1.6e-22   1.9e-22   72.7   0.1     1    66     1    62     1    63 0.96 -
858842at2759_7029_0:001f94|NODE_666_length_17556_cov_64.000229:9066-9296     -             63 858842at2759         -            236   1.7e-22   72.8   0.1   1   1   1.6e-22   1.9e-22   72.7   0.1     1    66     1    62     1    63 0.96 -
858842at2759_7165_0:002b48|NODE_666_length_17556_cov_64.000229:9066-9296     -             63 858842at2759         -            236   1.7e-22   72.8   0.1   1   1   1.6e-22   1.9e-22   72.7   0.1     1    66     1    62     1    63 0.96 -
858842at2759_7209_0:000ca9|NODE_666_length_17556_cov_64.000229:9066-9296     -             63 858842at2759         -            236   1.7e-22   72.8   0.1   1   1   1.6e-22   1.9e-22   72.7   0.1     1    66     1    62     1    63 0.96 -
858842at2759_7536_0:001146|NODE_666_length_17556_cov_64.000229:9066-9296     -             63 858842at2759         -            236   1.7e-22   72.8   0.1   1   1   1.6e-22   1.9e-22   72.7   0.1     1    66     1    62     1    63 0.96 -
858842at2759_79782_0:0002a0|NODE_666_length_17556_cov_64.000229:9066-9296    -             63 858842at2759         -            236   1.7e-22   72.8   0.1   1   1   1.6e-22   1.9e-22   72.7   0.1     1    66     1    62     1    63 0.96 -
858842at2759_988480_1:001410|NODE_101_length_33679_cov_74.323403:15393-15594 -             68 858842at2759         -            236   2.2e-22   72.5   0.1   1   1   2.1e-22   2.5e-22   72.3   0.1     3    67     5    68     3    68 0.94 -
858842at2759_767744_1:00054b|NODE_666_length_17556_cov_64.000229:9075-9311   -             65 858842at2759         -            236   3.7e-22   71.7   0.1   1   1   3.4e-22     4e-22   71.6   0.1     4    71     1    64     1    65 0.95 -
858842at2759_6958_0:002ba5|NODE_666_length_17556_cov_64.000229:9072-9296     -             61 858842at2759         -            236   7.6e-22   70.7   0.1   1   1   6.9e-22   8.2e-22   70.6   0.1     4    66     2    60     1    61 0.96 -
858842at2759_130081_0:000032|NODE_666_length_17556_cov_64.000229:9075-9299   -             61 858842at2759         -            236   9.5e-22   70.4   0.1   1   1   8.7e-22     1e-21   70.3   0.1     4    67     1    60     1    61 0.96 -
858842at2759_1314672_1:0032da|NODE_666_length_17556_cov_64.000229:9075-9299  -             61 858842at2759         -            236   9.5e-22   70.4   0.1   1   1   8.7e-22     1e-21   70.3   0.1     4    67     1    60     1    61 0.96 -
858842at2759_1330018_1:0013fe|NODE_666_length_17556_cov_64.000229:9075-9299  -             61 858842at2759         -            236   9.5e-22   70.4   0.1   1   1   8.7e-22     1e-21   70.3   0.1     4    67     1    60     1    61 0.96 -
858842at2759_1381753_1:00009c|NODE_666_length_17556_cov_64.000229:9075-9299  -             61 858842at2759         -            236   9.5e-22   70.4   0.1   1   1   8.7e-22     1e-21   70.3   0.1     4    67     1    60     1    61 0.96 -
858842at2759_703135_1:001f8f|NODE_666_length_17556_cov_64.000229:9075-9299   -             61 858842at2759         -            236   9.5e-22   70.4   0.1   1   1   8.7e-22     1e-21   70.3   0.1     4    67     1    60     1    61 0.96 -
858842at2759_158441_0:003ad4|NODE_666_length_17556_cov_64.000229:9075-9296   -             60 858842at2759         -            236   1.3e-21   70.0   0.1   1   1   1.2e-21   1.4e-21   69.9   0.1     4    66     1    59     1    60 0.97 -
858842at2759_1858805_1:00061c|NODE_666_length_17556_cov_64.000229:9075-9296  -             60 858842at2759         -            236   1.3e-21   70.0   0.1   1   1   1.2e-21   1.4e-21   69.9   0.1     4    66     1    59     1    60 0.97 -
858842at2759_7739_0:004d19|NODE_666_length_17556_cov_64.000229:9075-9296     -             60 858842at2759         -            236   1.3e-21   70.0   0.1   1   1   1.2e-21   1.4e-21   69.9   0.1     4    66     1    59     1    60 0.97 -
858842at2759_7741_0:0018ef|NODE_666_length_17556_cov_64.000229:9075-9296     -             60 858842at2759         -            236   1.3e-21   70.0   0.1   1   1   1.2e-21   1.4e-21   69.9   0.1     4    66     1    59     1    60 0.97 -
858842at2759_12968_1:0004bf|NODE_666_length_17556_cov_64.000229:9078-9296    -             59 858842at2759         -            236   5.9e-21   67.8   0.1   1   1   5.4e-21   6.4e-21   67.7   0.1     5    66     1    58     1    59 0.97 -
858842at2759_1155016_0:000932|NODE_121_length_32037_cov_71.518210:2695-2878  -             62 858842at2759         -            236   7.4e-20   64.2   0.5   1   1     7e-20   8.2e-20   64.1   0.5     2    55     2    53     1    55 0.96 -
858842at2759_6573_0:005a63|NODE_121_length_32037_cov_71.518210:2716-2851     -             46 858842at2759         -            236   1.7e-17   56.5   0.6   1   1   1.5e-17   1.8e-17   56.4   0.6     8    55     1    46     1    46 0.96 -
858842at2759_597362_1:0019a5|NODE_666_length_17556_cov_64.000229:9075-9189   -             39 858842at2759         -            236     9e-16   50.8   0.1   1   1   7.7e-16     9e-16   50.8   0.1     4    39     1    36     1    39 0.93 -
858842at2759_27342_1:002401|NODE_666_length_17556_cov_64.000229:9075-9186    -             38 858842at2759         -            236     1e-15   50.6   0.1   1   1   8.8e-16     1e-15   50.6   0.1     4    37     1    34     1    38 0.94 -
858842at2759_1051891_1:0001cb|NODE_666_length_17556_cov_64.000229:9075-9168  -             32 858842at2759         -            236   6.4e-15   48.0   0.4   1   1   5.7e-15   6.8e-15   48.0   0.4     4    35     1    32     1    32 0.99 -
#
# Program:         hmmsearch
# Version:         3.1b2 (February 2015)
# Pipeline mode:   SEARCH
# Query file:      mb_downloads/eukaryota_odb10/hmms/858842at2759.hmm
# Target file:     -
# Option settings: /opt/conda/envs/compleasm/bin/hmmsearch --domtblout compleasm/eukaryota_odb10/hmmer_output/858842at2759.out --cpu 1 mb_downloads/eukaryota_odb10/hmms/858842at2759.hmm - 
# Current dir:     /in
# Date:            Tue Oct 22 12:40:31 2024
# [ok]
