#                                                                                                                                   --- full sequence --- -------------- this domain -------------   hmm coord   ali coord   env coord
# target name                                                               accession   tlen query name           accession   qlen   E-value  score  bias   #  of  c-Evalue  i-Evalue  score  bias  from    to  from    to  from    to  acc description of target
#                                                       ------------------- ---------- ----- -------------------- ---------- ----- --------- ------ ----- --- --- --------- --------- ------ ----- ----- ----- ----- ----- ----- ----- ---- ---------------------
869548at2759_9371_0:002455|NODE_358_length_22000_cov_77.031291:4748-5462    -            239 869548at2759         -            198     2e-55  179.6   0.4   1   1   1.2e-53   1.2e-53  173.8   0.4     2   194     4   228     3   232 0.83 -
869548at2759_7741_0:003cf8|NODE_358_length_22000_cov_77.031291:4754-5459    -            236 869548at2759         -            198     2e-55  179.6   0.5   1   1   1.2e-53   1.2e-53  173.7   0.5     2   194     2   226     1   229 0.83 -
869548at2759_6850_0:002441|NODE_358_length_22000_cov_77.031291:4748-5459    -            238 869548at2759         -            198     2e-55  179.6   0.5   1   1   1.2e-53   1.3e-53  173.7   0.5     2   194     4   228     3   231 0.83 -
869548at2759_392613_1:000050|NODE_358_length_22000_cov_77.031291:4745-5459  -            239 869548at2759         -            198   2.1e-55  179.5   0.5   1   1   1.3e-53   1.3e-53  173.7   0.5     2   194     5   229     4   232 0.83 -
869548at2759_150288_0:000e81|NODE_358_length_22000_cov_77.031291:4754-5474  -            241 869548at2759         -            198   2.1e-55  179.5   0.4   1   1   1.2e-53   1.3e-53  173.7   0.4     2   194     2   226     1   230 0.83 -
869548at2759_244447_0:001a15|NODE_358_length_22000_cov_77.031291:4754-5474  -            241 869548at2759         -            198   2.1e-55  179.5   0.4   1   1   1.2e-53   1.3e-53  173.7   0.4     2   194     2   226     1   230 0.83 -
869548at2759_7739_0:0056b1|NODE_358_length_22000_cov_77.031291:4754-5474    -            241 869548at2759         -            198   2.1e-55  179.5   0.4   1   1   1.2e-53   1.3e-53  173.7   0.4     2   194     2   226     1   230 0.83 -
869548at2759_7950_0:000bc6|NODE_358_length_22000_cov_77.031291:4754-5474    -            241 869548at2759         -            198   2.1e-55  179.5   0.4   1   1   1.2e-53   1.3e-53  173.7   0.4     2   194     2   226     1   230 0.83 -
869548at2759_80966_0:00154e|NODE_358_length_22000_cov_77.031291:4754-5474   -            241 869548at2759         -            198   2.1e-55  179.5   0.4   1   1   1.2e-53   1.3e-53  173.7   0.4     2   194     2   226     1   230 0.83 -
869548at2759_113334_0:002b3d|NODE_358_length_22000_cov_77.031291:4751-5474  -            242 869548at2759         -            198   2.1e-55  179.5   0.4   1   1   1.3e-53   1.3e-53  173.7   0.4     2   194     3   227     2   231 0.83 -
869548at2759_13037_0:00257c|NODE_358_length_22000_cov_77.031291:4751-5474   -            242 869548at2759         -            198   2.1e-55  179.5   0.4   1   1   1.3e-53   1.3e-53  173.7   0.4     2   194     3   227     2   231 0.83 -
869548at2759_133901_0:003964|NODE_358_length_22000_cov_77.031291:4751-5474  -            242 869548at2759         -            198   2.1e-55  179.5   0.4   1   1   1.3e-53   1.3e-53  173.7   0.4     2   194     3   227     2   231 0.83 -
869548at2759_168631_0:000134|NODE_358_length_22000_cov_77.031291:4751-5474  -            242 869548at2759         -            198   2.1e-55  179.5   0.4   1   1   1.3e-53   1.3e-53  173.7   0.4     2   194     3   227     2   231 0.83 -
869548at2759_29058_0:001719|NODE_358_length_22000_cov_77.031291:4751-5474   -            242 869548at2759         -            198   2.1e-55  179.5   0.4   1   1   1.3e-53   1.3e-53  173.7   0.4     2   194     3   227     2   231 0.83 -
869548at2759_45779_0:003287|NODE_358_length_22000_cov_77.031291:4751-5474   -            242 869548at2759         -            198   2.1e-55  179.5   0.4   1   1   1.3e-53   1.3e-53  173.7   0.4     2   194     3   227     2   231 0.83 -
869548at2759_51655_0:0015da|NODE_358_length_22000_cov_77.031291:4751-5474   -            242 869548at2759         -            198   2.1e-55  179.5   0.4   1   1   1.3e-53   1.3e-53  173.7   0.4     2   194     3   227     2   231 0.83 -
869548at2759_64459_0:001c92|NODE_358_length_22000_cov_77.031291:4751-5474   -            242 869548at2759         -            198   2.1e-55  179.5   0.4   1   1   1.3e-53   1.3e-53  173.7   0.4     2   194     3   227     2   231 0.83 -
869548at2759_66420_0:0022c5|NODE_358_length_22000_cov_77.031291:4751-5474   -            242 869548at2759         -            198   2.1e-55  179.5   0.4   1   1   1.3e-53   1.3e-53  173.7   0.4     2   194     3   227     2   231 0.83 -
869548at2759_680683_0:00203d|NODE_358_length_22000_cov_77.031291:4751-5474  -            242 869548at2759         -            198   2.1e-55  179.5   0.4   1   1   1.3e-53   1.3e-53  173.7   0.4     2   194     3   227     2   231 0.83 -
869548at2759_69820_0:001d2b|NODE_358_length_22000_cov_77.031291:4751-5474   -            242 869548at2759         -            198   2.1e-55  179.5   0.4   1   1   1.3e-53   1.3e-53  173.7   0.4     2   194     3   227     2   231 0.83 -
869548at2759_7091_0:00101a|NODE_358_length_22000_cov_77.031291:4751-5474    -            242 869548at2759         -            198   2.1e-55  179.5   0.4   1   1   1.3e-53   1.3e-53  173.7   0.4     2   194     3   227     2   231 0.83 -
869548at2759_7130_0:002872|NODE_358_length_22000_cov_77.031291:4751-5474    -            242 869548at2759         -            198   2.1e-55  179.5   0.4   1   1   1.3e-53   1.3e-53  173.7   0.4     2   194     3   227     2   231 0.83 -
869548at2759_10160_0:0020d7|NODE_358_length_22000_cov_77.031291:4748-5474   -            243 869548at2759         -            198   2.2e-55  179.5   0.4   1   1   1.3e-53   1.3e-53  173.7   0.4     2   194     4   228     3   232 0.83 -
869548at2759_6412_0:00175f|NODE_358_length_22000_cov_77.031291:4748-5474    -            243 869548at2759         -            198   2.2e-55  179.5   0.4   1   1   1.3e-53   1.3e-53  173.7   0.4     2   194     4   228     3   232 0.83 -
869548at2759_72036_0:000c44|NODE_358_length_22000_cov_77.031291:4748-5474   -            243 869548at2759         -            198   2.2e-55  179.5   0.4   1   1   1.3e-53   1.3e-53  173.7   0.4     2   194     4   228     3   232 0.83 -
869548at2759_9541_0:003e56|NODE_358_length_22000_cov_77.031291:4748-5474    -            243 869548at2759         -            198   2.2e-55  179.5   0.4   1   1   1.3e-53   1.3e-53  173.7   0.4     2   194     4   228     3   232 0.83 -
869548at2759_186990_0:000c38|NODE_358_length_22000_cov_77.031291:4757-5468  -            238 869548at2759         -            198     3e-55  179.0   0.5   1   1   1.8e-53   1.9e-53  173.2   0.5     2   194     1   225     1   229 0.83 -
869548at2759_10047_0:0021bf|NODE_358_length_22000_cov_77.031291:4757-5474   -            240 869548at2759         -            198   3.2e-55  178.9   0.5   1   1   1.9e-53   1.9e-53  173.1   0.5     2   194     1   225     1   229 0.83 -
869548at2759_10181_0:002f8d|NODE_358_length_22000_cov_77.031291:4757-5474   -            240 869548at2759         -            198   3.2e-55  178.9   0.5   1   1   1.9e-53   1.9e-53  173.1   0.5     2   194     1   225     1   229 0.83 -
869548at2759_103695_0:0041c9|NODE_358_length_22000_cov_77.031291:4757-5474  -            240 869548at2759         -            198   3.2e-55  178.9   0.5   1   1   1.9e-53   1.9e-53  173.1   0.5     2   194     1   225     1   229 0.83 -
869548at2759_105023_0:0033f3|NODE_358_length_22000_cov_77.031291:4757-5474  -            240 869548at2759         -            198   3.2e-55  178.9   0.5   1   1   1.9e-53   1.9e-53  173.1   0.5     2   194     1   225     1   229 0.83 -
869548at2759_109280_0:0033bd|NODE_358_length_22000_cov_77.031291:4757-5474  -            240 869548at2759         -            198   3.2e-55  178.9   0.5   1   1   1.9e-53   1.9e-53  173.1   0.5     2   194     1   225     1   229 0.83 -
869548at2759_113540_0:005109|NODE_358_length_22000_cov_77.031291:4757-5474  -            240 869548at2759         -            198   3.2e-55  178.9   0.5   1   1   1.9e-53   1.9e-53  173.1   0.5     2   194     1   225     1   229 0.83 -
869548at2759_125878_0:002983|NODE_358_length_22000_cov_77.031291:4757-5474  -            240 869548at2759         -            198   3.2e-55  178.9   0.5   1   1   1.9e-53   1.9e-53  173.1   0.5     2   194     1   225     1   229 0.83 -
869548at2759_1608454_0:00298f|NODE_358_length_22000_cov_77.031291:4757-5474 -            240 869548at2759         -            198   3.2e-55  178.9   0.5   1   1   1.9e-53   1.9e-53  173.1   0.5     2   194     1   225     1   229 0.83 -
869548at2759_1676925_0:002ed6|NODE_358_length_22000_cov_77.031291:4757-5474 -            240 869548at2759         -            198   3.2e-55  178.9   0.5   1   1   1.9e-53   1.9e-53  173.1   0.5     2   194     1   225     1   229 0.83 -
869548at2759_215358_0:004523|NODE_358_length_22000_cov_77.031291:4757-5474  -            240 869548at2759         -            198   3.2e-55  178.9   0.5   1   1   1.9e-53   1.9e-53  173.1   0.5     2   194     1   225     1   229 0.83 -
869548at2759_259920_0:0026f5|NODE_358_length_22000_cov_77.031291:4757-5474  -            240 869548at2759         -            198   3.2e-55  178.9   0.5   1   1   1.9e-53   1.9e-53  173.1   0.5     2   194     1   225     1   229 0.83 -
869548at2759_30608_0:00331b|NODE_358_length_22000_cov_77.031291:4757-5474   -            240 869548at2759         -            198   3.2e-55  178.9   0.5   1   1   1.9e-53   1.9e-53  173.1   0.5     2   194     1   225     1   229 0.83 -
869548at2759_37003_0:004558|NODE_358_length_22000_cov_77.031291:4757-5474   -            240 869548at2759         -            198   3.2e-55  178.9   0.5   1   1   1.9e-53   1.9e-53  173.1   0.5     2   194     1   225     1   229 0.83 -
869548at2759_39432_0:0022ed|NODE_358_length_22000_cov_77.031291:4757-5474   -            240 869548at2759         -            198   3.2e-55  178.9   0.5   1   1   1.9e-53   1.9e-53  173.1   0.5     2   194     1   225     1   229 0.83 -
869548at2759_400682_0:0005af|NODE_358_length_22000_cov_77.031291:4757-5474  -            240 869548at2759         -            198   3.2e-55  178.9   0.5   1   1   1.9e-53   1.9e-53  173.1   0.5     2   194     1   225     1   229 0.83 -
869548at2759_55661_0:00089f|NODE_358_length_22000_cov_77.031291:4757-5474   -            240 869548at2759         -            198   3.2e-55  178.9   0.5   1   1   1.9e-53   1.9e-53  173.1   0.5     2   194     1   225     1   229 0.83 -
869548at2759_61853_0:004e88|NODE_358_length_22000_cov_77.031291:4757-5474   -            240 869548at2759         -            198   3.2e-55  178.9   0.5   1   1   1.9e-53   1.9e-53  173.1   0.5     2   194     1   225     1   229 0.83 -
869548at2759_7868_0:002abd|NODE_358_length_22000_cov_77.031291:4757-5474    -            240 869548at2759         -            198   3.2e-55  178.9   0.5   1   1   1.9e-53   1.9e-53  173.1   0.5     2   194     1   225     1   229 0.83 -
869548at2759_7897_0:000add|NODE_358_length_22000_cov_77.031291:4757-5474    -            240 869548at2759         -            198   3.2e-55  178.9   0.5   1   1   1.9e-53   1.9e-53  173.1   0.5     2   194     1   225     1   229 0.83 -
869548at2759_7918_0:00323f|NODE_358_length_22000_cov_77.031291:4757-5474    -            240 869548at2759         -            198   3.2e-55  178.9   0.5   1   1   1.9e-53   1.9e-53  173.1   0.5     2   194     1   225     1   229 0.83 -
869548at2759_7998_0:002c20|NODE_358_length_22000_cov_77.031291:4757-5474    -            240 869548at2759         -            198   3.2e-55  178.9   0.5   1   1   1.9e-53   1.9e-53  173.1   0.5     2   194     1   225     1   229 0.83 -
869548at2759_8030_0:00a26c|NODE_358_length_22000_cov_77.031291:4757-5474    -            240 869548at2759         -            198   3.2e-55  178.9   0.5   1   1   1.9e-53   1.9e-53  173.1   0.5     2   194     1   225     1   229 0.83 -
869548at2759_8355_0:006ca5|NODE_358_length_22000_cov_77.031291:4757-5474    -            240 869548at2759         -            198   3.2e-55  178.9   0.5   1   1   1.9e-53   1.9e-53  173.1   0.5     2   194     1   225     1   229 0.83 -
869548at2759_8502_0:002e43|NODE_358_length_22000_cov_77.031291:4757-5474    -            240 869548at2759         -            198   3.2e-55  178.9   0.5   1   1   1.9e-53   1.9e-53  173.1   0.5     2   194     1   225     1   229 0.83 -
869548at2759_8996_0:00349b|NODE_358_length_22000_cov_77.031291:4757-5474    -            240 869548at2759         -            198   3.2e-55  178.9   0.5   1   1   1.9e-53   1.9e-53  173.1   0.5     2   194     1   225     1   229 0.83 -
869548at2759_9595_0:0018ed|NODE_358_length_22000_cov_77.031291:4757-5474    -            240 869548at2759         -            198   3.2e-55  178.9   0.5   1   1   1.9e-53   1.9e-53  173.1   0.5     2   194     1   225     1   229 0.83 -
869548at2759_9598_0:004118|NODE_358_length_22000_cov_77.031291:4757-5474    -            240 869548at2759         -            198   3.2e-55  178.9   0.5   1   1   1.9e-53   1.9e-53  173.1   0.5     2   194     1   225     1   229 0.83 -
869548at2759_9874_0:003c11|NODE_358_length_22000_cov_77.031291:4757-5474    -            240 869548at2759         -            198   3.2e-55  178.9   0.5   1   1   1.9e-53   1.9e-53  173.1   0.5     2   194     1   225     1   229 0.83 -
869548at2759_9913_0:0038fd|NODE_358_length_22000_cov_77.031291:4757-5474    -            240 869548at2759         -            198   3.2e-55  178.9   0.5   1   1   1.9e-53   1.9e-53  173.1   0.5     2   194     1   225     1   229 0.83 -
869548at2759_34740_0:002ba8|NODE_358_length_22000_cov_77.031291:4751-5423   -            225 869548at2759         -            198   4.5e-54  175.2   0.6   1   1   2.7e-52   2.8e-52  169.3   0.6     2   192     3   225     2   225 0.83 -
869548at2759_885580_0:000df2|NODE_358_length_22000_cov_77.031291:4787-5474  -            230 869548at2759         -            198   1.3e-51  167.1   0.5   1   1   8.3e-50   8.4e-50  161.2   0.5    13   194     2   215     1   219 0.81 -
869548at2759_13735_0:001aea|NODE_358_length_22000_cov_77.031291:4805-5474   -            224 869548at2759         -            198   8.6e-51  164.5   0.6   1   1   5.5e-49   5.6e-49  158.5   0.6    30   194    16   209     1   213 0.80 -
869548at2759_37653_0:0002a8|NODE_358_length_22000_cov_77.031291:4853-5459   -            203 869548at2759         -            198   3.3e-50  162.5   0.7   1   1   2.5e-48   2.6e-48  156.4   0.7    31   194     1   193     1   196 0.82 -
869548at2759_100784_0:0021aa|NODE_358_length_22000_cov_77.031291:4853-5474  -            208 869548at2759         -            198   3.4e-50  162.5   0.6   1   1   2.5e-48   2.6e-48  156.4   0.6    31   194     1   193     1   197 0.82 -
869548at2759_109478_0:001fd7|NODE_358_length_22000_cov_77.031291:4853-5474  -            208 869548at2759         -            198   3.4e-50  162.5   0.6   1   1   2.5e-48   2.6e-48  156.4   0.6    31   194     1   193     1   197 0.82 -
869548at2759_156563_0:00301a|NODE_358_length_22000_cov_77.031291:4853-5474  -            208 869548at2759         -            198   3.4e-50  162.5   0.6   1   1   2.5e-48   2.6e-48  156.4   0.6    31   194     1   193     1   197 0.82 -
869548at2759_8255_0:0012c6|NODE_358_length_22000_cov_77.031291:4853-5474    -            208 869548at2759         -            198   3.4e-50  162.5   0.6   1   1   2.5e-48   2.6e-48  156.4   0.6    31   194     1   193     1   197 0.82 -
869548at2759_8469_0:00205f|NODE_358_length_22000_cov_77.031291:4853-5474    -            208 869548at2759         -            198   3.4e-50  162.5   0.6   1   1   2.5e-48   2.6e-48  156.4   0.6    31   194     1   193     1   197 0.82 -
869548at2759_932674_0:000c5d|NODE_358_length_22000_cov_77.031291:4853-5474  -            208 869548at2759         -            198   3.4e-50  162.5   0.6   1   1   2.5e-48   2.6e-48  156.4   0.6    31   194     1   193     1   197 0.82 -
869548at2759_10090_0:0037ff|NODE_358_length_22000_cov_77.031291:4757-5393   -            213 869548at2759         -            198   7.9e-50  161.3   0.3   1   1   2.9e-48   2.9e-48  156.2   0.3     2   164     1   183     1   213 0.81 -
869548at2759_9361_0:0013ea|NODE_358_length_22000_cov_77.031291:4757-5393    -            213 869548at2759         -            198   7.9e-50  161.3   0.3   1   1   2.9e-48   2.9e-48  156.2   0.3     2   164     1   183     1   213 0.81 -
869548at2759_59894_0:003304|NODE_358_length_22000_cov_77.031291:4853-5426   -            192 869548at2759         -            198   9.6e-50  161.0   0.7   1   1   7.2e-48   7.3e-48  154.9   0.7    31   193     1   192     1   192 0.82 -
869548at2759_85066_0:002b7e|NODE_358_length_22000_cov_77.031291:4805-5393   -            197 869548at2759         -            198   2.1e-45  146.9   0.3   1   1   8.4e-44   8.6e-44  141.6   0.3    30   164    16   167     1   197 0.76 -
869548at2759_51337_0:0012e9|NODE_358_length_22000_cov_77.031291:4997-5474   -            160 869548at2759         -            198   3.3e-27   87.5   2.5   1   1   3.6e-25   3.6e-25   80.8   2.5    80   194     2   145     1   149 0.77 -
869548at2759_9365_0:003097|NODE_358_length_22000_cov_77.031291:5015-5474    -            154 869548at2759         -            198   8.6e-25   79.6   2.6   1   1   9.2e-23   9.4e-23   73.0   2.6    85   194     1   139     1   148 0.77 -
#
# Program:         hmmsearch
# Version:         3.1b2 (February 2015)
# Pipeline mode:   SEARCH
# Query file:      mb_downloads/eukaryota_odb10/hmms/869548at2759.hmm
# Target file:     -
# Option settings: /opt/conda/envs/compleasm/bin/hmmsearch --domtblout compleasm/eukaryota_odb10/hmmer_output/869548at2759.out --cpu 1 mb_downloads/eukaryota_odb10/hmms/869548at2759.hmm - 
# Current dir:     /in
# Date:            Tue Oct 22 12:38:25 2024
# [ok]
