#                                                                                                                                   --- full sequence --- -------------- this domain -------------   hmm coord   ali coord   env coord
# target name                                                               accession   tlen query name           accession   qlen   E-value  score  bias   #  of  c-Evalue  i-Evalue  score  bias  from    to  from    to  from    to  acc description of target
#                                                       ------------------- ---------- ----- -------------------- ---------- ----- --------- ------ ----- --- --- --------- --------- ------ ----- ----- ----- ----- ----- ----- ----- ---- ---------------------
87842at2759_568069_0:00439b|NODE_13810_length_5862_cov_78.704754:114-1791   -            453 87842at2759          -            657   3.5e-61  198.9  16.0   1   3   2.6e-06   2.6e-06   17.6   0.7   259   314     3    73     2    81 0.74 -
87842at2759_568069_0:00439b|NODE_13810_length_5862_cov_78.704754:114-1791   -            453 87842at2759          -            657   3.5e-61  198.9  16.0   2   3   1.5e-19   1.5e-19   61.3   1.0   321   443   109   257    90   260 0.83 -
87842at2759_568069_0:00439b|NODE_13810_length_5862_cov_78.704754:114-1791   -            453 87842at2759          -            657   3.5e-61  198.9  16.0   3   3   3.8e-40   3.9e-40  129.4   1.4   441   586   296   450   284   453 0.89 -
87842at2759_143995_0:000299|NODE_13810_length_5862_cov_78.704754:69-1779    -            465 87842at2759          -            657   7.4e-61  197.8  16.3   1   3   1.9e-06     2e-06   18.0   0.6   259   314    18    88    12    96 0.75 -
87842at2759_143995_0:000299|NODE_13810_length_5862_cov_78.704754:69-1779    -            465 87842at2759          -            657   7.4e-61  197.8  16.3   2   3   1.6e-19   1.6e-19   61.2   1.0   321   443   124   272   105   275 0.83 -
87842at2759_143995_0:000299|NODE_13810_length_5862_cov_78.704754:69-1779    -            465 87842at2759          -            657   7.4e-61  197.8  16.3   3   3   1.1e-39   1.1e-39  127.9   1.9   441   585   311   464   299   465 0.89 -
87842at2759_326594_0:000230|NODE_13810_length_5862_cov_78.704754:69-1779    -            465 87842at2759          -            657   7.4e-61  197.8  16.3   1   3   1.9e-06     2e-06   18.0   0.6   259   314    18    88    12    96 0.75 -
87842at2759_326594_0:000230|NODE_13810_length_5862_cov_78.704754:69-1779    -            465 87842at2759          -            657   7.4e-61  197.8  16.3   2   3   1.6e-19   1.6e-19   61.2   1.0   321   443   124   272   105   275 0.83 -
87842at2759_326594_0:000230|NODE_13810_length_5862_cov_78.704754:69-1779    -            465 87842at2759          -            657   7.4e-61  197.8  16.3   3   3   1.1e-39   1.1e-39  127.9   1.9   441   585   311   464   299   465 0.89 -
87842at2759_48498_0:002905|NODE_13810_length_5862_cov_78.704754:60-1755     -            448 87842at2759          -            657   1.2e-60  197.2  16.1   1   3     4e-07     4e-07   20.3   0.7   259   314    21    79    14    87 0.77 -
87842at2759_48498_0:002905|NODE_13810_length_5862_cov_78.704754:60-1755     -            448 87842at2759          -            657   1.2e-60  197.2  16.1   2   3   1.5e-19   1.5e-19   61.3   1.0   321   443   115   263    96   266 0.83 -
87842at2759_48498_0:002905|NODE_13810_length_5862_cov_78.704754:60-1755     -            448 87842at2759          -            657   1.2e-60  197.2  16.1   3   3   8.1e-39   8.3e-39  125.0   1.4   441   577   302   447   290   448 0.89 -
87842at2759_7739_0:000b24|NODE_13810_length_5862_cov_78.704754:120-1755     -            430 87842at2759          -            657   1.6e-60  196.8  16.6   1   3   4.8e-07   4.9e-07   20.0   1.0   259   314     1    61     1    69 0.77 -
87842at2759_7739_0:000b24|NODE_13810_length_5862_cov_78.704754:120-1755     -            430 87842at2759          -            657   1.6e-60  196.8  16.6   2   3   1.4e-19   1.4e-19   61.5   1.0   320   443    96   245    78   248 0.83 -
87842at2759_7739_0:000b24|NODE_13810_length_5862_cov_78.704754:120-1755     -            430 87842at2759          -            657   1.6e-60  196.8  16.6   3   3   7.5e-39   7.6e-39  125.1   1.4   441   577   284   429   272   430 0.89 -
87842at2759_407821_0:00452a|NODE_13810_length_5862_cov_78.704754:114-1773   -            448 87842at2759          -            657   2.4e-60  196.2  16.6   1   3   2.5e-06   2.6e-06   17.6   0.7   259   314     3    73     2    81 0.74 -
87842at2759_407821_0:00452a|NODE_13810_length_5862_cov_78.704754:114-1773   -            448 87842at2759          -            657   2.4e-60  196.2  16.6   2   3   1.5e-19   1.5e-19   61.3   1.0   321   443   109   257    90   260 0.83 -
87842at2759_407821_0:00452a|NODE_13810_length_5862_cov_78.704754:114-1773   -            448 87842at2759          -            657   2.4e-60  196.2  16.6   3   3   2.4e-39   2.4e-39  126.8   1.8   441   581   296   445   284   448 0.89 -
87842at2759_13164_0:000fc6|NODE_13810_length_5862_cov_78.704754:69-1758     -            458 87842at2759          -            657   3.2e-60  195.8  15.6   1   3   1.9e-06   1.9e-06   18.0   0.6   259   314    18    88    12    96 0.75 -
87842at2759_13164_0:000fc6|NODE_13810_length_5862_cov_78.704754:69-1758     -            458 87842at2759          -            657   3.2e-60  195.8  15.6   2   3   1.6e-19   1.6e-19   61.3   1.0   321   443   124   272   105   275 0.83 -
87842at2759_13164_0:000fc6|NODE_13810_length_5862_cov_78.704754:69-1758     -            458 87842at2759          -            657   3.2e-60  195.8  15.6   3   3   5.7e-39   5.8e-39  125.5   1.4   441   578   311   457   299   458 0.89 -
87842at2759_143948_0:0025a4|NODE_13810_length_5862_cov_78.704754:69-1758    -            458 87842at2759          -            657   3.2e-60  195.8  15.6   1   3   1.9e-06   1.9e-06   18.0   0.6   259   314    18    88    12    96 0.75 -
87842at2759_143948_0:0025a4|NODE_13810_length_5862_cov_78.704754:69-1758    -            458 87842at2759          -            657   3.2e-60  195.8  15.6   2   3   1.6e-19   1.6e-19   61.3   1.0   321   443   124   272   105   275 0.83 -
87842at2759_143948_0:0025a4|NODE_13810_length_5862_cov_78.704754:69-1758    -            458 87842at2759          -            657   3.2e-60  195.8  15.6   3   3   5.7e-39   5.8e-39  125.5   1.4   441   578   311   457   299   458 0.89 -
87842at2759_307491_0:003bc5|NODE_13810_length_5862_cov_78.704754:69-1758    -            458 87842at2759          -            657   3.2e-60  195.8  15.6   1   3   1.9e-06   1.9e-06   18.0   0.6   259   314    18    88    12    96 0.75 -
87842at2759_307491_0:003bc5|NODE_13810_length_5862_cov_78.704754:69-1758    -            458 87842at2759          -            657   3.2e-60  195.8  15.6   2   3   1.6e-19   1.6e-19   61.3   1.0   321   443   124   272   105   275 0.83 -
87842at2759_307491_0:003bc5|NODE_13810_length_5862_cov_78.704754:69-1758    -            458 87842at2759          -            657   3.2e-60  195.8  15.6   3   3   5.7e-39   5.8e-39  125.5   1.4   441   578   311   457   299   458 0.89 -
87842at2759_40932_0:0017fb|NODE_13810_length_5862_cov_78.704754:69-1758     -            458 87842at2759          -            657   3.2e-60  195.8  15.6   1   3   1.9e-06   1.9e-06   18.0   0.6   259   314    18    88    12    96 0.75 -
87842at2759_40932_0:0017fb|NODE_13810_length_5862_cov_78.704754:69-1758     -            458 87842at2759          -            657   3.2e-60  195.8  15.6   2   3   1.6e-19   1.6e-19   61.3   1.0   321   443   124   272   105   275 0.83 -
87842at2759_40932_0:0017fb|NODE_13810_length_5862_cov_78.704754:69-1758     -            458 87842at2759          -            657   3.2e-60  195.8  15.6   3   3   5.7e-39   5.8e-39  125.5   1.4   441   578   311   457   299   458 0.89 -
87842at2759_70779_0:00110a|NODE_13810_length_5862_cov_78.704754:60-1731     -            440 87842at2759          -            657   3.7e-59  192.2  15.0   1   3   3.9e-07   3.9e-07   20.3   0.7   259   314    21    79    14    87 0.77 -
87842at2759_70779_0:00110a|NODE_13810_length_5862_cov_78.704754:60-1731     -            440 87842at2759          -            657   3.7e-59  192.2  15.0   2   3   1.4e-19   1.5e-19   61.4   1.0   320   443   114   263    96   266 0.83 -
87842at2759_70779_0:00110a|NODE_13810_length_5862_cov_78.704754:60-1731     -            440 87842at2759          -            657   3.7e-59  192.2  15.0   3   3   3.9e-37   3.9e-37  119.5   0.9   441   566   302   436   290   440 0.88 -
87842at2759_1720309_0:0042de|NODE_13810_length_5862_cov_78.704754:60-1779   -            462 87842at2759          -            657   1.2e-58  190.5  16.9   1   3   4.1e-07   4.2e-07   20.2   0.7   259   314    21    79    14    87 0.77 -
87842at2759_1720309_0:0042de|NODE_13810_length_5862_cov_78.704754:60-1779   -            462 87842at2759          -            657   1.2e-58  190.5  16.9   2   3   9.8e-17     1e-16   52.0   1.0   321   443   115   269    96   272 0.81 -
87842at2759_1720309_0:0042de|NODE_13810_length_5862_cov_78.704754:60-1779   -            462 87842at2759          -            657   1.2e-58  190.5  16.9   3   3   1.1e-39   1.1e-39  127.9   1.9   441   585   308   461   296   462 0.89 -
87842at2759_37344_0:000363|NODE_13810_length_5862_cov_78.704754:421-1779    -            389 87842at2759          -            657   6.5e-58  188.1   9.0   1   2     0.045     0.046    3.6   0.1   288   314    14    40     3    48 0.74 -
87842at2759_37344_0:000363|NODE_13810_length_5862_cov_78.704754:421-1779    -            389 87842at2759          -            657   6.5e-58  188.1   9.0   2   2   1.7e-57   1.8e-57  186.7   4.9   320   585    75   388    57   389 0.85 -
87842at2759_6198_0:001c16|NODE_13810_length_5862_cov_78.704754:114-1779     -            506 87842at2759          -            657   1.3e-57  187.1  15.6   1   4      0.29       0.3    0.9   0.0   259   278     3    24     2    32 0.82 -
87842at2759_6198_0:001c16|NODE_13810_length_5862_cov_78.704754:114-1779     -            506 87842at2759          -            657   1.3e-57  187.1  15.6   2   4     0.021     0.021    4.7   0.1   281   314    87   129    82   137 0.61 -
87842at2759_6198_0:001c16|NODE_13810_length_5862_cov_78.704754:114-1779     -            506 87842at2759          -            657   1.3e-57  187.1  15.6   3   4   1.9e-19   1.9e-19   61.0   1.0   321   443   165   313   146   316 0.83 -
87842at2759_6198_0:001c16|NODE_13810_length_5862_cov_78.704754:114-1779     -            506 87842at2759          -            657   1.3e-57  187.1  15.6   4   4   1.3e-39   1.3e-39  127.7   1.9   441   585   352   505   340   506 0.89 -
87842at2759_441921_0:001808|NODE_13810_length_5862_cov_78.704754:409-1785   -            423 87842at2759          -            657   1.7e-57  186.7  14.5   1   3     0.024     0.025    4.5   0.2   287   314    17    44     1    52 0.61 -
87842at2759_441921_0:001808|NODE_13810_length_5862_cov_78.704754:409-1785   -            423 87842at2759          -            657   1.7e-57  186.7  14.5   2   3   1.3e-19   1.3e-19   61.5   1.0   320   443    79   228    61   231 0.83 -
87842at2759_441921_0:001808|NODE_13810_length_5862_cov_78.704754:409-1785   -            423 87842at2759          -            657   1.7e-57  186.7  14.5   3   3   6.5e-40   6.6e-40  128.6   1.9   441   585   267   420   255   422 0.89 -
87842at2759_10029_0:0042e9|NODE_13810_length_5862_cov_78.704754:424-1779    -            416 87842at2759          -            657   2.7e-57  186.1  13.6   1   3     0.052     0.053    3.4   0.1   289   314    14    39     4    47 0.74 -
87842at2759_10029_0:0042e9|NODE_13810_length_5862_cov_78.704754:424-1779    -            416 87842at2759          -            657   2.7e-57  186.1  13.6   2   3   1.3e-19   1.3e-19   61.6   1.0   320   443    74   223    56   226 0.83 -
87842at2759_10029_0:0042e9|NODE_13810_length_5862_cov_78.704754:424-1779    -            416 87842at2759          -            657   2.7e-57  186.1  13.6   3   3   8.5e-40   8.6e-40  128.2   1.9   441   585   262   415   250   416 0.89 -
87842at2759_10141_0:003b98|NODE_13810_length_5862_cov_78.704754:424-1779    -            416 87842at2759          -            657   2.7e-57  186.1  13.6   1   3     0.052     0.053    3.4   0.1   289   314    14    39     4    47 0.74 -
87842at2759_10141_0:003b98|NODE_13810_length_5862_cov_78.704754:424-1779    -            416 87842at2759          -            657   2.7e-57  186.1  13.6   2   3   1.3e-19   1.3e-19   61.6   1.0   320   443    74   223    56   226 0.83 -
87842at2759_10141_0:003b98|NODE_13810_length_5862_cov_78.704754:424-1779    -            416 87842at2759          -            657   2.7e-57  186.1  13.6   3   3   8.5e-40   8.6e-40  128.2   1.9   441   585   262   415   250   416 0.89 -
87842at2759_28737_0:000e6a|NODE_13810_length_5862_cov_78.704754:424-1779    -            416 87842at2759          -            657   2.7e-57  186.1  13.6   1   3     0.052     0.053    3.4   0.1   289   314    14    39     4    47 0.74 -
87842at2759_28737_0:000e6a|NODE_13810_length_5862_cov_78.704754:424-1779    -            416 87842at2759          -            657   2.7e-57  186.1  13.6   2   3   1.3e-19   1.3e-19   61.6   1.0   320   443    74   223    56   226 0.83 -
87842at2759_28737_0:000e6a|NODE_13810_length_5862_cov_78.704754:424-1779    -            416 87842at2759          -            657   2.7e-57  186.1  13.6   3   3   8.5e-40   8.6e-40  128.2   1.9   441   585   262   415   250   416 0.89 -
87842at2759_291302_0:003d5b|NODE_13810_length_5862_cov_78.704754:424-1779   -            416 87842at2759          -            657   2.7e-57  186.1  13.6   1   3     0.052     0.053    3.4   0.1   289   314    14    39     4    47 0.74 -
87842at2759_291302_0:003d5b|NODE_13810_length_5862_cov_78.704754:424-1779   -            416 87842at2759          -            657   2.7e-57  186.1  13.6   2   3   1.3e-19   1.3e-19   61.6   1.0   320   443    74   223    56   226 0.83 -
87842at2759_291302_0:003d5b|NODE_13810_length_5862_cov_78.704754:424-1779   -            416 87842at2759          -            657   2.7e-57  186.1  13.6   3   3   8.5e-40   8.6e-40  128.2   1.9   441   585   262   415   250   416 0.89 -
87842at2759_42254_0:001f4a|NODE_13810_length_5862_cov_78.704754:424-1779    -            416 87842at2759          -            657   2.7e-57  186.1  13.6   1   3     0.052     0.053    3.4   0.1   289   314    14    39     4    47 0.74 -
87842at2759_42254_0:001f4a|NODE_13810_length_5862_cov_78.704754:424-1779    -            416 87842at2759          -            657   2.7e-57  186.1  13.6   2   3   1.3e-19   1.3e-19   61.6   1.0   320   443    74   223    56   226 0.83 -
87842at2759_42254_0:001f4a|NODE_13810_length_5862_cov_78.704754:424-1779    -            416 87842at2759          -            657   2.7e-57  186.1  13.6   3   3   8.5e-40   8.6e-40  128.2   1.9   441   585   262   415   250   416 0.89 -
87842at2759_59463_0:001db0|NODE_13810_length_5862_cov_78.704754:424-1779    -            416 87842at2759          -            657   2.7e-57  186.1  13.6   1   3     0.052     0.053    3.4   0.1   289   314    14    39     4    47 0.74 -
87842at2759_59463_0:001db0|NODE_13810_length_5862_cov_78.704754:424-1779    -            416 87842at2759          -            657   2.7e-57  186.1  13.6   2   3   1.3e-19   1.3e-19   61.6   1.0   320   443    74   223    56   226 0.83 -
87842at2759_59463_0:001db0|NODE_13810_length_5862_cov_78.704754:424-1779    -            416 87842at2759          -            657   2.7e-57  186.1  13.6   3   3   8.5e-40   8.6e-40  128.2   1.9   441   585   262   415   250   416 0.89 -
87842at2759_9365_0:0042a7|NODE_13810_length_5862_cov_78.704754:424-1779     -            416 87842at2759          -            657   2.7e-57  186.1  13.6   1   3     0.052     0.053    3.4   0.1   289   314    14    39     4    47 0.74 -
87842at2759_9365_0:0042a7|NODE_13810_length_5862_cov_78.704754:424-1779     -            416 87842at2759          -            657   2.7e-57  186.1  13.6   2   3   1.3e-19   1.3e-19   61.6   1.0   320   443    74   223    56   226 0.83 -
87842at2759_9365_0:0042a7|NODE_13810_length_5862_cov_78.704754:424-1779     -            416 87842at2759          -            657   2.7e-57  186.1  13.6   3   3   8.5e-40   8.6e-40  128.2   1.9   441   585   262   415   250   416 0.89 -
87842at2759_9555_0:001c45|NODE_13810_length_5862_cov_78.704754:424-1779     -            416 87842at2759          -            657   2.7e-57  186.1  13.6   1   3     0.052     0.053    3.4   0.1   289   314    14    39     4    47 0.74 -
87842at2759_9555_0:001c45|NODE_13810_length_5862_cov_78.704754:424-1779     -            416 87842at2759          -            657   2.7e-57  186.1  13.6   2   3   1.3e-19   1.3e-19   61.6   1.0   320   443    74   223    56   226 0.83 -
87842at2759_9555_0:001c45|NODE_13810_length_5862_cov_78.704754:424-1779     -            416 87842at2759          -            657   2.7e-57  186.1  13.6   3   3   8.5e-40   8.6e-40  128.2   1.9   441   585   262   415   250   416 0.89 -
87842at2759_9713_0:004970|NODE_13810_length_5862_cov_78.704754:424-1779     -            416 87842at2759          -            657   2.7e-57  186.1  13.6   1   3     0.052     0.053    3.4   0.1   289   314    14    39     4    47 0.74 -
87842at2759_9713_0:004970|NODE_13810_length_5862_cov_78.704754:424-1779     -            416 87842at2759          -            657   2.7e-57  186.1  13.6   2   3   1.3e-19   1.3e-19   61.6   1.0   320   443    74   223    56   226 0.83 -
87842at2759_9713_0:004970|NODE_13810_length_5862_cov_78.704754:424-1779     -            416 87842at2759          -            657   2.7e-57  186.1  13.6   3   3   8.5e-40   8.6e-40  128.2   1.9   441   585   262   415   250   416 0.89 -
87842at2759_9940_0:0021b3|NODE_13810_length_5862_cov_78.704754:424-1779     -            416 87842at2759          -            657   2.7e-57  186.1  13.6   1   3     0.052     0.053    3.4   0.1   289   314    14    39     4    47 0.74 -
87842at2759_9940_0:0021b3|NODE_13810_length_5862_cov_78.704754:424-1779     -            416 87842at2759          -            657   2.7e-57  186.1  13.6   2   3   1.3e-19   1.3e-19   61.6   1.0   320   443    74   223    56   226 0.83 -
87842at2759_9940_0:0021b3|NODE_13810_length_5862_cov_78.704754:424-1779     -            416 87842at2759          -            657   2.7e-57  186.1  13.6   3   3   8.5e-40   8.6e-40  128.2   1.9   441   585   262   415   250   416 0.89 -
87842at2759_9978_0:000431|NODE_13810_length_5862_cov_78.704754:424-1779     -            416 87842at2759          -            657   2.7e-57  186.1  13.6   1   3     0.052     0.053    3.4   0.1   289   314    14    39     4    47 0.74 -
87842at2759_9978_0:000431|NODE_13810_length_5862_cov_78.704754:424-1779     -            416 87842at2759          -            657   2.7e-57  186.1  13.6   2   3   1.3e-19   1.3e-19   61.6   1.0   320   443    74   223    56   226 0.83 -
87842at2759_9978_0:000431|NODE_13810_length_5862_cov_78.704754:424-1779     -            416 87842at2759          -            657   2.7e-57  186.1  13.6   3   3   8.5e-40   8.6e-40  128.2   1.9   441   585   262   415   250   416 0.89 -
87842at2759_401625_1:0010c7|NODE_13810_length_5862_cov_78.704754:704-1791   -            338 87842at2759          -            657   3.6e-57  185.7   7.3   1   2   7.9e-19     8e-19   59.0   0.4   329   443     2   142     1   145 0.86 -
87842at2759_401625_1:0010c7|NODE_13810_length_5862_cov_78.704754:704-1791   -            338 87842at2759          -            657   3.6e-57  185.7   7.3   2   2     2e-40     2e-40  130.3   1.4   441   586   181   335   169   338 0.89 -
87842at2759_149040_1:003353|NODE_13810_length_5862_cov_78.704754:695-1779   -            338 87842at2759          -            657   3.8e-57  185.6   8.0   1   2   2.7e-19   2.7e-19   60.5   0.4   326   443     2   145     1   148 0.85 -
87842at2759_149040_1:003353|NODE_13810_length_5862_cov_78.704754:695-1779   -            338 87842at2759          -            657   3.8e-57  185.6   8.0   2   2   5.3e-40   5.4e-40  128.9   1.9   441   585   184   337   172   338 0.89 -
87842at2759_6526_0:000a64|NODE_13810_length_5862_cov_78.704754:358-1758     -            431 87842at2759          -            657   4.2e-57  185.4  12.7   1   3     0.017     0.017    5.0   0.1   281   314    19    61    14    69 0.61 -
87842at2759_6526_0:000a64|NODE_13810_length_5862_cov_78.704754:358-1758     -            431 87842at2759          -            657   4.2e-57  185.4  12.7   2   3   1.4e-19   1.4e-19   61.5   1.0   320   443    96   245    78   248 0.83 -
87842at2759_6526_0:000a64|NODE_13810_length_5862_cov_78.704754:358-1758     -            431 87842at2759          -            657   4.2e-57  185.4  12.7   3   3     5e-39   5.1e-39  125.7   1.4   441   578   284   430   272   431 0.89 -
87842at2759_10224_0:000452|NODE_13810_length_5862_cov_78.704754:358-1755    -            430 87842at2759          -            657   6.3e-57  184.9  12.8   1   3     0.017     0.017    5.0   0.1   281   314    19    61    14    69 0.61 -
87842at2759_10224_0:000452|NODE_13810_length_5862_cov_78.704754:358-1755    -            430 87842at2759          -            657   6.3e-57  184.9  12.8   2   3   1.4e-19   1.4e-19   61.5   1.0   320   443    96   245    78   248 0.83 -
87842at2759_10224_0:000452|NODE_13810_length_5862_cov_78.704754:358-1755    -            430 87842at2759          -            657   6.3e-57  184.9  12.8   3   3   7.5e-39   7.6e-39  125.1   1.4   441   577   284   429   272   430 0.89 -
87842at2759_133434_0:00191e|NODE_13810_length_5862_cov_78.704754:358-1752   -            429 87842at2759          -            657   9.4e-57  184.3  12.5   1   3     0.017     0.017    5.0   0.1   281   314    19    61    14    69 0.61 -
87842at2759_133434_0:00191e|NODE_13810_length_5862_cov_78.704754:358-1752   -            429 87842at2759          -            657   9.4e-57  184.3  12.5   2   3   1.4e-19   1.4e-19   61.5   1.0   320   443    96   245    78   248 0.83 -
87842at2759_133434_0:00191e|NODE_13810_length_5862_cov_78.704754:358-1752   -            429 87842at2759          -            657   9.4e-57  184.3  12.5   3   3   1.2e-38   1.2e-38  124.4   1.3   441   576   284   428   272   429 0.89 -
87842at2759_7574_0:00616a|NODE_13810_length_5862_cov_78.704754:358-1752     -            429 87842at2759          -            657   9.4e-57  184.3  12.5   1   3     0.017     0.017    5.0   0.1   281   314    19    61    14    69 0.61 -
87842at2759_7574_0:00616a|NODE_13810_length_5862_cov_78.704754:358-1752     -            429 87842at2759          -            657   9.4e-57  184.3  12.5   2   3   1.4e-19   1.4e-19   61.5   1.0   320   443    96   245    78   248 0.83 -
87842at2759_7574_0:00616a|NODE_13810_length_5862_cov_78.704754:358-1752     -            429 87842at2759          -            657   9.4e-57  184.3  12.5   3   3   1.2e-38   1.2e-38  124.4   1.3   441   576   284   428   272   429 0.89 -
87842at2759_100816_1:0028a7|NODE_13810_length_5862_cov_78.704754:704-1779   -            335 87842at2759          -            657   1.1e-56  184.1   8.0   1   2   7.7e-19   7.9e-19   59.0   0.4   329   443     2   142     1   145 0.86 -
87842at2759_100816_1:0028a7|NODE_13810_length_5862_cov_78.704754:704-1779   -            335 87842at2759          -            657   1.1e-56  184.1   8.0   2   2   5.2e-40   5.3e-40  128.9   1.9   441   585   181   334   169   335 0.89 -
87842at2759_1072389_1:001b61|NODE_13810_length_5862_cov_78.704754:707-1779  -            334 87842at2759          -            657   1.5e-56  183.7   7.8   1   2   1.2e-18   1.2e-18   58.4   0.4   329   443     1   141     1   144 0.85 -
87842at2759_1072389_1:001b61|NODE_13810_length_5862_cov_78.704754:707-1779  -            334 87842at2759          -            657   1.5e-56  183.7   7.8   2   2   5.1e-40   5.2e-40  129.0   1.9   441   585   180   333   168   334 0.89 -
87842at2759_1095630_1:000a64|NODE_13810_length_5862_cov_78.704754:707-1779  -            334 87842at2759          -            657   1.5e-56  183.7   7.8   1   2   1.2e-18   1.2e-18   58.4   0.4   329   443     1   141     1   144 0.85 -
87842at2759_1095630_1:000a64|NODE_13810_length_5862_cov_78.704754:707-1779  -            334 87842at2759          -            657   1.5e-56  183.7   7.8   2   2   5.1e-40   5.2e-40  129.0   1.9   441   585   180   333   168   334 0.89 -
87842at2759_1116229_1:002458|NODE_13810_length_5862_cov_78.704754:707-1779  -            334 87842at2759          -            657   1.5e-56  183.7   7.8   1   2   1.2e-18   1.2e-18   58.4   0.4   329   443     1   141     1   144 0.85 -
87842at2759_1116229_1:002458|NODE_13810_length_5862_cov_78.704754:707-1779  -            334 87842at2759          -            657   1.5e-56  183.7   7.8   2   2   5.1e-40   5.2e-40  129.0   1.9   441   585   180   333   168   334 0.89 -
87842at2759_503106_1:001552|NODE_13810_length_5862_cov_78.704754:707-1779   -            334 87842at2759          -            657   1.5e-56  183.7   7.8   1   2   1.2e-18   1.2e-18   58.4   0.4   329   443     1   141     1   144 0.85 -
87842at2759_503106_1:001552|NODE_13810_length_5862_cov_78.704754:707-1779   -            334 87842at2759          -            657   1.5e-56  183.7   7.8   2   2   5.1e-40   5.2e-40  129.0   1.9   441   585   180   333   168   334 0.89 -
87842at2759_914237_1:00067d|NODE_13810_length_5862_cov_78.704754:707-1779   -            334 87842at2759          -            657   1.5e-56  183.7   7.8   1   2   1.2e-18   1.2e-18   58.4   0.4   329   443     1   141     1   144 0.85 -
87842at2759_914237_1:00067d|NODE_13810_length_5862_cov_78.704754:707-1779   -            334 87842at2759          -            657   1.5e-56  183.7   7.8   2   2   5.1e-40   5.2e-40  129.0   1.9   441   585   180   333   168   334 0.89 -
87842at2759_946125_1:001e89|NODE_13810_length_5862_cov_78.704754:707-1779   -            334 87842at2759          -            657   1.5e-56  183.7   7.8   1   2   1.2e-18   1.2e-18   58.4   0.4   329   443     1   141     1   144 0.85 -
87842at2759_946125_1:001e89|NODE_13810_length_5862_cov_78.704754:707-1779   -            334 87842at2759          -            657   1.5e-56  183.7   7.8   2   2   5.1e-40   5.2e-40  129.0   1.9   441   585   180   333   168   334 0.89 -
87842at2759_28377_0:002bce|NODE_13810_length_5862_cov_78.704754:424-1752    -            407 87842at2759          -            657   2.6e-56  182.8  12.7   1   3     0.051     0.052    3.4   0.1   289   314    14    39     4    47 0.74 -
87842at2759_28377_0:002bce|NODE_13810_length_5862_cov_78.704754:424-1752    -            407 87842at2759          -            657   2.6e-56  182.8  12.7   2   3   1.2e-19   1.2e-19   61.6   1.0   320   443    74   223    56   226 0.83 -
87842at2759_28377_0:002bce|NODE_13810_length_5862_cov_78.704754:424-1752    -            407 87842at2759          -            657   2.6e-56  182.8  12.7   3   3   1.1e-38   1.1e-38  124.6   1.3   441   576   262   406   250   407 0.89 -
87842at2759_7897_0:004867|NODE_13810_length_5862_cov_78.704754:424-1752     -            407 87842at2759          -            657   2.6e-56  182.8  12.7   1   3     0.051     0.052    3.4   0.1   289   314    14    39     4    47 0.74 -
87842at2759_7897_0:004867|NODE_13810_length_5862_cov_78.704754:424-1752     -            407 87842at2759          -            657   2.6e-56  182.8  12.7   2   3   1.2e-19   1.2e-19   61.6   1.0   320   443    74   223    56   226 0.83 -
87842at2759_7897_0:004867|NODE_13810_length_5862_cov_78.704754:424-1752     -            407 87842at2759          -            657   2.6e-56  182.8  12.7   3   3   1.1e-38   1.1e-38  124.6   1.3   441   576   262   406   250   407 0.89 -
87842at2759_93721_0:001153|NODE_13810_length_5862_cov_78.704754:704-1758    -            328 87842at2759          -            657   4.6e-56  182.0   7.3   1   2   7.4e-19   7.5e-19   59.1   0.4   329   443     2   142     1   145 0.86 -
87842at2759_93721_0:001153|NODE_13810_length_5862_cov_78.704754:704-1758    -            328 87842at2759          -            657   4.6e-56  182.0   7.3   2   2   2.7e-39   2.8e-39  126.6   1.4   441   578   181   327   169   328 0.89 -
87842at2759_6185_0:001b16|NODE_13810_length_5862_cov_78.704754:123-1779     -            473 87842at2759          -            657   6.7e-56  181.5  13.5   1   3      0.83      0.84   -0.6   0.1   260   278     1    21     1    26 0.80 -
87842at2759_6185_0:001b16|NODE_13810_length_5862_cov_78.704754:123-1779     -            473 87842at2759          -            657   6.7e-56  181.5  13.5   2   3   3.3e-19   3.3e-19   60.2   1.2   324   443   135   280    94   283 0.84 -
87842at2759_6185_0:001b16|NODE_13810_length_5862_cov_78.704754:123-1779     -            473 87842at2759          -            657   6.7e-56  181.5  13.5   3   3   1.1e-39   1.1e-39  127.9   1.9   441   585   319   472   307   473 0.89 -
87842at2759_114398_0:0012f8|NODE_13810_length_5862_cov_78.704754:114-1758   -            467 87842at2759          -            657   1.1e-55  180.8  16.6   1   4   2.7e-06   2.8e-06   17.5   0.7   259   314     3    73     2    81 0.74 -
87842at2759_114398_0:0012f8|NODE_13810_length_5862_cov_78.704754:114-1758   -            467 87842at2759          -            657   1.1e-55  180.8  16.6   2   4   1.2e-09   1.3e-09   28.6   0.0   322   393   110   192    92   210 0.79 -
87842at2759_114398_0:0012f8|NODE_13810_length_5862_cov_78.704754:114-1758   -            467 87842at2759          -            657   1.1e-55  180.8  16.6   3   4   1.7e-06   1.7e-06   18.2   0.6   395   443   224   281   203   284 0.78 -
87842at2759_114398_0:0012f8|NODE_13810_length_5862_cov_78.704754:114-1758   -            467 87842at2759          -            657   1.1e-55  180.8  16.6   4   4   5.9e-39     6e-39  125.5   1.4   441   578   320   466   308   467 0.89 -
87842at2759_218467_0:001dc8|NODE_13810_length_5862_cov_78.704754:111-1773   -            473 87842at2759          -            657   1.2e-55  180.6  17.7   1   4   2.8e-06   2.8e-06   17.5   0.8   259   314     4    74     2    82 0.74 -
87842at2759_218467_0:001dc8|NODE_13810_length_5862_cov_78.704754:111-1773   -            473 87842at2759          -            657   1.2e-55  180.6  17.7   2   4   2.1e-09   2.1e-09   27.8   0.0   322   393   111   193    93   211 0.81 -
87842at2759_218467_0:001dc8|NODE_13810_length_5862_cov_78.704754:111-1773   -            473 87842at2759          -            657   1.2e-55  180.6  17.7   3   4   1.7e-06   1.7e-06   18.2   0.6   395   443   225   282   204   285 0.78 -
87842at2759_218467_0:001dc8|NODE_13810_length_5862_cov_78.704754:111-1773   -            473 87842at2759          -            657   1.2e-55  180.6  17.7   4   4   2.6e-39   2.7e-39  126.6   1.8   441   581   321   470   309   473 0.89 -
87842at2759_7493_0:000f3a|NODE_13810_length_5862_cov_78.704754:412-1779     -            426 87842at2759          -            657   1.4e-54  177.1  13.9   1   3     0.037     0.038    3.9   0.1   288   314    17    43     2    51 0.70 -
87842at2759_7493_0:000f3a|NODE_13810_length_5862_cov_78.704754:412-1779     -            426 87842at2759          -            657   1.4e-54  177.1  13.9   2   3   8.2e-17   8.4e-17   52.3   1.0   320   443    78   233    60   236 0.81 -
87842at2759_7493_0:000f3a|NODE_13810_length_5862_cov_78.704754:412-1779     -            426 87842at2759          -            657   1.4e-54  177.1  13.9   3   3   8.9e-40   9.1e-40  128.2   1.9   441   585   272   425   260   426 0.89 -
87842at2759_1149755_1:0015b0|NODE_13810_length_5862_cov_78.704754:707-1779  -            335 87842at2759          -            657   2.5e-54  176.3   9.0   1   2   1.1e-16   1.1e-16   51.9   0.8   329   443     1   142     1   145 0.81 -
87842at2759_1149755_1:0015b0|NODE_13810_length_5862_cov_78.704754:707-1779  -            335 87842at2759          -            657   2.5e-54  176.3   9.0   2   2   5.2e-40   5.3e-40  128.9   1.9   441   585   181   334   169   335 0.89 -
87842at2759_9258_0:0044b5|NODE_13810_length_5862_cov_78.704754:409-1752     -            418 87842at2759          -            657   1.6e-53  173.6  13.7   1   3     0.024     0.024    4.5   0.2   287   314    17    44     1    52 0.61 -
87842at2759_9258_0:0044b5|NODE_13810_length_5862_cov_78.704754:409-1752     -            418 87842at2759          -            657   1.6e-53  173.6  13.7   2   3   7.9e-17   8.1e-17   52.3   1.0   320   443    79   234    61   237 0.81 -
87842at2759_9258_0:0044b5|NODE_13810_length_5862_cov_78.704754:409-1752     -            418 87842at2759          -            657   1.6e-53  173.6  13.7   3   3   1.2e-38   1.2e-38  124.5   1.3   441   576   273   417   261   418 0.89 -
87842at2759_6210_0:002684|NODE_13810_length_5862_cov_78.704754:114-1758     -            535 87842at2759          -            657   6.5e-52  168.3  16.5   1   5      0.32      0.32    0.8   0.0   259   278     3    24     2    31 0.82 -
87842at2759_6210_0:002684|NODE_13810_length_5862_cov_78.704754:114-1758     -            535 87842at2759          -            657   6.5e-52  168.3  16.5   2   5     0.023     0.024    4.5   0.1   281   314   100   142    96   150 0.61 -
87842at2759_6210_0:002684|NODE_13810_length_5862_cov_78.704754:114-1758     -            535 87842at2759          -            657   6.5e-52  168.3  16.5   3   5   2.4e-09   2.4e-09   27.6   0.0   321   392   178   260   159   274 0.82 -
87842at2759_6210_0:002684|NODE_13810_length_5862_cov_78.704754:114-1758     -            535 87842at2759          -            657   6.5e-52  168.3  16.5   4   5   2.3e-06   2.3e-06   17.8   0.3   396   443   293   349   282   352 0.82 -
87842at2759_6210_0:002684|NODE_13810_length_5862_cov_78.704754:114-1758     -            535 87842at2759          -            657   6.5e-52  168.3  16.5   5   5   7.7e-39   7.8e-39  125.1   1.4   441   578   388   534   376   535 0.89 -
87842at2759_50429_0:004917|NODE_13810_length_5862_cov_78.704754:60-1752     -            376 87842at2759          -            657   1.5e-51  167.1   9.8   1   3   1.5e-06   1.5e-06   18.4   0.7   259   314    21    91    14    99 0.75 -
87842at2759_50429_0:004917|NODE_13810_length_5862_cov_78.704754:60-1752     -            376 87842at2759          -            657   1.5e-51  167.1   9.8   2   3   1.5e-09   1.6e-09   28.3   0.0   320   392   126   209   108   214 0.82 -
87842at2759_50429_0:004917|NODE_13810_length_5862_cov_78.704754:60-1752     -            376 87842at2759          -            657   1.5e-51  167.1   9.8   3   3   8.4e-39   8.6e-39  124.9   1.2   441   576   231   375   218   376 0.89 -
87842at2759_7004_0:0042a9|NODE_13810_length_5862_cov_78.704754:493-1683     -            361 87842at2759          -            657   2.2e-49  160.0  11.1   1   3       1.7       1.7   -1.6   0.2   299   313     1    15     1    22 0.85 -
87842at2759_7004_0:0042a9|NODE_13810_length_5862_cov_78.704754:493-1683     -            361 87842at2759          -            657   2.2e-49  160.0  11.1   2   3   8.7e-20   8.9e-20   62.1   0.9   320   443    51   200    34   203 0.83 -
87842at2759_7004_0:0042a9|NODE_13810_length_5862_cov_78.704754:493-1683     -            361 87842at2759          -            657   2.2e-49  160.0  11.1   3   3   1.2e-32   1.2e-32  104.6   0.4   441   554   239   361   227   361 0.88 -
87842at2759_6183_0:002685|NODE_13810_length_5862_cov_78.704754:123-1779     -            437 87842at2759          -            657   7.3e-43  138.4  18.0   1   5      0.73      0.75   -0.4   0.0   260   278     1    21     1    27 0.81 -
87842at2759_6183_0:002685|NODE_13810_length_5862_cov_78.704754:123-1779     -            437 87842at2759          -            657   7.3e-43  138.4  18.0   2   5     0.017     0.018    4.9   0.1   281   314    97   139    92   147 0.61 -
87842at2759_6183_0:002685|NODE_13810_length_5862_cov_78.704754:123-1779     -            437 87842at2759          -            657   7.3e-43  138.4  18.0   3   5     0.022     0.022    4.6   0.0   321   346   175   200   158   201 0.78 -
87842at2759_6183_0:002685|NODE_13810_length_5862_cov_78.704754:123-1779     -            437 87842at2759          -            657   7.3e-43  138.4  18.0   4   5   0.00053   0.00054   10.0   1.4   407   443   199   244   197   247 0.78 -
87842at2759_6183_0:002685|NODE_13810_length_5862_cov_78.704754:123-1779     -            437 87842at2759          -            657   7.3e-43  138.4  18.0   5   5   9.4e-40   9.6e-40  128.1   1.9   441   585   283   436   271   437 0.89 -
87842at2759_6850_0:004443|NODE_13810_length_5862_cov_78.704754:1071-1758    -            230 87842at2759          -            657   7.9e-42  135.0   6.5   1   2   0.00049    0.0005   10.1   0.3   409   443     1    44     1    47 0.78 -
87842at2759_6850_0:004443|NODE_13810_length_5862_cov_78.704754:1071-1758    -            230 87842at2759          -            657   7.9e-42  135.0   6.5   2   2   9.6e-40   9.8e-40  128.1   1.3   441   578    83   229    70   230 0.89 -
87842at2759_1155016_0:0031e4|NODE_13810_length_5862_cov_78.704754:1569-1779 -             71 87842at2759          -            657   1.4e-19   61.4   0.2   1   1   1.4e-19   1.4e-19   61.4   0.2   522   585     7    70     1    71 0.93 -
#
# Program:         hmmsearch
# Version:         3.1b2 (February 2015)
# Pipeline mode:   SEARCH
# Query file:      mb_downloads/eukaryota_odb10/hmms/87842at2759.hmm
# Target file:     -
# Option settings: /opt/conda/envs/compleasm/bin/hmmsearch --domtblout compleasm/eukaryota_odb10/hmmer_output/87842at2759.out --cpu 1 mb_downloads/eukaryota_odb10/hmms/87842at2759.hmm - 
# Current dir:     /in
# Date:            Tue Oct 22 12:39:54 2024
# [ok]
