#                                                                                                                                     --- full sequence --- -------------- this domain -------------   hmm coord   ali coord   env coord
# target name                                                                 accession   tlen query name           accession   qlen   E-value  score  bias   #  of  c-Evalue  i-Evalue  score  bias  from    to  from    to  from    to  acc description of target
#                                                         ------------------- ---------- ----- -------------------- ---------- ----- --------- ------ ----- --- --- --------- --------- ------ ----- ----- ----- ----- ----- ----- ----- ---- ---------------------
918816at2759_104452_0:0014e0|NODE_774_length_16516_cov_65.033335:10082-12208  -            347 918816at2759         -            230   2.4e-34  111.3  26.5   1   2   7.1e-23   8.1e-23   73.5  14.4    34   132    31   151    25   168 0.83 -
918816at2759_104452_0:0014e0|NODE_774_length_16516_cov_65.033335:10082-12208  -            347 918816at2759         -            230   2.4e-34  111.3  26.5   2   2     2e-13   2.2e-13   42.7   4.2   124   222   173   273   171   285 0.86 -
918816at2759_378494_0:003b78|NODE_774_length_16516_cov_65.033335:10241-12208  -            343 918816at2759         -            230   1.6e-32  105.3  27.5   1   3   7.1e-23   8.1e-23   73.5  14.4    34   132    31   151    25   168 0.83 -
918816at2759_378494_0:003b78|NODE_774_length_16516_cov_65.033335:10241-12208  -            343 918816at2759         -            230   1.6e-32  105.3  27.5   2   3   2.2e-10   2.6e-10   32.6   4.3   124   178   173   229   171   247 0.91 -
918816at2759_378494_0:003b78|NODE_774_length_16516_cov_65.033335:10241-12208  -            343 918816at2759         -            230   1.6e-32  105.3  27.5   3   3       0.2      0.23    3.3   0.0   203   222   303   322   259   334 0.79 -
918816at2759_136037_0:000d41|NODE_774_length_16516_cov_65.033335:10172-12208  -            366 918816at2759         -            230   3.2e-32  104.3  28.0   1   3   1.2e-22   1.4e-22   72.8  14.8    34   132    31   151    27   167 0.83 -
918816at2759_136037_0:000d41|NODE_774_length_16516_cov_65.033335:10172-12208  -            366 918816at2759         -            230   3.2e-32  104.3  28.0   2   3   2.5e-10   2.8e-10   32.5   4.3   124   178   173   229   171   247 0.91 -
918816at2759_136037_0:000d41|NODE_774_length_16516_cov_65.033335:10172-12208  -            366 918816at2759         -            230   3.2e-32  104.3  28.0   3   3      0.23      0.26    3.2   0.0   203   222   303   322   260   334 0.80 -
918816at2759_1049336_0:000900|NODE_774_length_16516_cov_65.033335:10160-12208 -            370 918816at2759         -            230   3.3e-32  104.3  28.0   1   3   1.1e-22   1.3e-22   72.9  14.8    34   132    31   151    26   167 0.83 -
918816at2759_1049336_0:000900|NODE_774_length_16516_cov_65.033335:10160-12208 -            370 918816at2759         -            230   3.3e-32  104.3  28.0   2   3   2.5e-10   2.9e-10   32.5   4.3   124   178   173   229   171   247 0.91 -
918816at2759_1049336_0:000900|NODE_774_length_16516_cov_65.033335:10160-12208 -            370 918816at2759         -            230   3.3e-32  104.3  28.0   3   3      0.23      0.27    3.2   0.0   203   222   303   322   260   334 0.80 -
918816at2759_7719_0:002252|NODE_774_length_16516_cov_65.033335:10229-12553    -            416 918816at2759         -            230   3.6e-32  104.2  28.0   1   3   6.2e-23   7.1e-23   73.7  13.8    34   132    85   205    73   221 0.83 -
918816at2759_7719_0:002252|NODE_774_length_16516_cov_65.033335:10229-12553    -            416 918816at2759         -            230   3.6e-32  104.2  28.0   2   3   5.7e-10   6.5e-10   31.3   5.1   124   178   227   283   225   297 0.92 -
918816at2759_7719_0:002252|NODE_774_length_16516_cov_65.033335:10229-12553    -            416 918816at2759         -            230   3.6e-32  104.2  28.0   3   3      0.27      0.31    2.9   0.0   203   222   372   391   329   403 0.80 -
918816at2759_9838_0:001c12|NODE_774_length_16516_cov_65.033335:10292-12208    -            356 918816at2759         -            230   4.2e-32  103.9  27.8   1   3   7.4e-23   8.5e-23   73.5  14.4    34   132    31   151    24   168 0.83 -
918816at2759_9838_0:001c12|NODE_774_length_16516_cov_65.033335:10292-12208    -            356 918816at2759         -            230   4.2e-32  103.9  27.8   2   3   3.9e-10   4.5e-10   31.9   5.0   124   178   173   229   171   244 0.92 -
918816at2759_9838_0:001c12|NODE_774_length_16516_cov_65.033335:10292-12208    -            356 918816at2759         -            230   4.2e-32  103.9  27.8   3   3      0.39      0.45    2.4   0.0   203   222   333   352   289   354 0.81 -
918816at2759_217634_0:001689|NODE_774_length_16516_cov_65.033335:10199-12547  -            439 918816at2759         -            230   5.4e-32  103.6  28.2   1   3   8.6e-23   9.9e-23   73.3  13.9    34   132    83   203    76   217 0.83 -
918816at2759_217634_0:001689|NODE_774_length_16516_cov_65.033335:10199-12547  -            439 918816at2759         -            230   5.4e-32  103.6  28.2   2   3   6.1e-10     7e-10   31.2   5.1   124   178   225   281   223   295 0.92 -
918816at2759_217634_0:001689|NODE_774_length_16516_cov_65.033335:10199-12547  -            439 918816at2759         -            230   5.4e-32  103.6  28.2   3   3      0.29      0.34    2.8   0.0   203   222   385   404   342   416 0.80 -
918816at2759_28377_0:001749|NODE_774_length_16516_cov_65.033335:10244-12208   -            372 918816at2759         -            230   5.4e-32  103.6  28.5   1   3   1.2e-22   1.3e-22   72.9  14.8    34   132    31   151    26   167 0.83 -
918816at2759_28377_0:001749|NODE_774_length_16516_cov_65.033335:10244-12208   -            372 918816at2759         -            230   5.4e-32  103.6  28.5   2   3   4.2e-10   4.8e-10   31.8   5.0   124   178   173   229   171   244 0.92 -
918816at2759_28377_0:001749|NODE_774_length_16516_cov_65.033335:10244-12208   -            372 918816at2759         -            230   5.4e-32  103.6  28.5   3   3      0.23      0.26    3.2   0.0   203   222   333   352   289   364 0.80 -
918816at2759_43179_0:0005f9|NODE_774_length_16516_cov_65.033335:10244-12208   -            372 918816at2759         -            230   5.4e-32  103.6  28.5   1   3   1.2e-22   1.3e-22   72.9  14.8    34   132    31   151    26   167 0.83 -
918816at2759_43179_0:0005f9|NODE_774_length_16516_cov_65.033335:10244-12208   -            372 918816at2759         -            230   5.4e-32  103.6  28.5   2   3   4.2e-10   4.8e-10   31.8   5.0   124   178   173   229   171   244 0.92 -
918816at2759_43179_0:0005f9|NODE_774_length_16516_cov_65.033335:10244-12208   -            372 918816at2759         -            230   5.4e-32  103.6  28.5   3   3      0.23      0.26    3.2   0.0   203   222   333   352   289   364 0.80 -
918816at2759_43346_0:0029d6|NODE_774_length_16516_cov_65.033335:10244-12208   -            372 918816at2759         -            230   5.4e-32  103.6  28.5   1   3   1.2e-22   1.3e-22   72.9  14.8    34   132    31   151    26   167 0.83 -
918816at2759_43346_0:0029d6|NODE_774_length_16516_cov_65.033335:10244-12208   -            372 918816at2759         -            230   5.4e-32  103.6  28.5   2   3   4.2e-10   4.8e-10   31.8   5.0   124   178   173   229   171   244 0.92 -
918816at2759_43346_0:0029d6|NODE_774_length_16516_cov_65.033335:10244-12208   -            372 918816at2759         -            230   5.4e-32  103.6  28.5   3   3      0.23      0.26    3.2   0.0   203   222   333   352   289   364 0.80 -
918816at2759_52612_0:004077|NODE_774_length_16516_cov_65.033335:10241-12208   -            362 918816at2759         -            230   5.7e-32  103.5  28.8   1   3   1.2e-22   1.4e-22   72.8  14.9    34   132    31   151    27   167 0.83 -
918816at2759_52612_0:004077|NODE_774_length_16516_cov_65.033335:10241-12208   -            362 918816at2759         -            230   5.7e-32  103.5  28.8   2   3   4.6e-10   5.3e-10   31.6   5.1   124   178   173   229   171   243 0.92 -
918816at2759_52612_0:004077|NODE_774_length_16516_cov_65.033335:10241-12208   -            362 918816at2759         -            230   5.7e-32  103.5  28.8   3   3      0.22      0.25    3.2   0.0   203   222   322   341   278   353 0.79 -
918816at2759_7070_0:001e43|NODE_774_length_16516_cov_65.033335:10178-12547    -            446 918816at2759         -            230   5.8e-32  103.5  28.2   1   3   8.5e-23   9.8e-23   73.3  13.9    34   132    83   203    76   219 0.83 -
918816at2759_7070_0:001e43|NODE_774_length_16516_cov_65.033335:10178-12547    -            446 918816at2759         -            230   5.8e-32  103.5  28.2   2   3   6.3e-10   7.2e-10   31.2   5.1   124   178   225   281   223   295 0.92 -
918816at2759_7070_0:001e43|NODE_774_length_16516_cov_65.033335:10178-12547    -            446 918816at2759         -            230   5.8e-32  103.5  28.2   3   3       0.3      0.34    2.8   0.0   203   222   385   404   342   416 0.80 -
918816at2759_77166_0:001655|NODE_774_length_16516_cov_65.033335:10175-12547   -            447 918816at2759         -            230     6e-32  103.4  28.2   1   3     9e-23     1e-22   73.2  13.9    34   132    83   203    76   217 0.83 -
918816at2759_77166_0:001655|NODE_774_length_16516_cov_65.033335:10175-12547   -            447 918816at2759         -            230     6e-32  103.4  28.2   2   3   6.3e-10   7.2e-10   31.2   5.1   124   178   225   281   223   295 0.92 -
918816at2759_77166_0:001655|NODE_774_length_16516_cov_65.033335:10175-12547   -            447 918816at2759         -            230     6e-32  103.4  28.2   3   3       0.3      0.34    2.8   0.0   203   222   385   404   342   416 0.80 -
918816at2759_88015_0:002367|NODE_774_length_16516_cov_65.033335:10241-12208   -            350 918816at2759         -            230   6.3e-32  103.4  29.2   1   4     5e-23   5.8e-23   74.0  13.6    34   132    31   151    24   158 0.83 -
918816at2759_88015_0:002367|NODE_774_length_16516_cov_65.033335:10241-12208   -            350 918816at2759         -            230   6.3e-32  103.4  29.2   2   4         2       2.3    0.1   0.1   115   126   147   158   144   168 0.71 -
918816at2759_88015_0:002367|NODE_774_length_16516_cov_65.033335:10241-12208   -            350 918816at2759         -            230   6.3e-32  103.4  29.2   3   4   3.8e-10   4.4e-10   31.9   5.0   124   178   173   229   171   244 0.92 -
918816at2759_88015_0:002367|NODE_774_length_16516_cov_65.033335:10241-12208   -            350 918816at2759         -            230   6.3e-32  103.4  29.2   4   4      0.21      0.24    3.3   0.0   203   222   310   329   263   341 0.80 -
918816at2759_166361_0:002576|NODE_774_length_16516_cov_65.033335:10190-12208  -            390 918816at2759         -            230   7.3e-32  103.2  28.6   1   3   1.2e-22   1.4e-22   72.8  14.7    34   132    31   151    26   167 0.83 -
918816at2759_166361_0:002576|NODE_774_length_16516_cov_65.033335:10190-12208  -            390 918816at2759         -            230   7.3e-32  103.2  28.6   2   3   5.2e-10   5.9e-10   31.5   5.1   124   178   173   229   171   243 0.92 -
918816at2759_166361_0:002576|NODE_774_length_16516_cov_65.033335:10190-12208  -            390 918816at2759         -            230   7.3e-32  103.2  28.6   3   3      0.24      0.28    3.1   0.0   203   222   333   352   289   364 0.80 -
918816at2759_64459_0:0024f2|NODE_774_length_16516_cov_65.033335:10190-12208   -            390 918816at2759         -            230   7.3e-32  103.2  28.6   1   3   1.2e-22   1.4e-22   72.8  14.7    34   132    31   151    26   167 0.83 -
918816at2759_64459_0:0024f2|NODE_774_length_16516_cov_65.033335:10190-12208   -            390 918816at2759         -            230   7.3e-32  103.2  28.6   2   3   5.2e-10   5.9e-10   31.5   5.1   124   178   173   229   171   243 0.92 -
918816at2759_64459_0:0024f2|NODE_774_length_16516_cov_65.033335:10190-12208   -            390 918816at2759         -            230   7.3e-32  103.2  28.6   3   3      0.24      0.28    3.1   0.0   203   222   333   352   289   364 0.80 -
918816at2759_336983_0:0002fc|NODE_774_length_16516_cov_65.033335:10136-12187  -            401 918816at2759         -            230   7.5e-32  103.1  28.5   1   3     1e-22   1.2e-22   73.0  14.5    34   132    24   144    16   160 0.83 -
918816at2759_336983_0:0002fc|NODE_774_length_16516_cov_65.033335:10136-12187  -            401 918816at2759         -            230   7.5e-32  103.1  28.5   2   3   5.4e-10   6.2e-10   31.4   5.1   124   178   166   222   164   236 0.92 -
918816at2759_336983_0:0002fc|NODE_774_length_16516_cov_65.033335:10136-12187  -            401 918816at2759         -            230   7.5e-32  103.1  28.5   3   3      0.25      0.29    3.0   0.0   203   222   326   345   282   357 0.80 -
918816at2759_34740_0:0019d0|NODE_774_length_16516_cov_65.033335:10241-12208   -            391 918816at2759         -            230   7.6e-32  103.1  28.7   1   3   1.2e-22   1.4e-22   72.8  14.7    34   132    31   151    26   167 0.83 -
918816at2759_34740_0:0019d0|NODE_774_length_16516_cov_65.033335:10241-12208   -            391 918816at2759         -            230   7.6e-32  103.1  28.7   2   3   5.2e-10   5.9e-10   31.5   5.1   124   178   173   229   171   243 0.92 -
918816at2759_34740_0:0019d0|NODE_774_length_16516_cov_65.033335:10241-12208   -            391 918816at2759         -            230   7.6e-32  103.1  28.7   3   3      0.25      0.29    3.0   0.0   203   222   351   370   308   382 0.80 -
918816at2759_29058_0:00077a|NODE_774_length_16516_cov_65.033335:10082-12547   -            488 918816at2759         -            230     8e-32  103.0  28.2   1   4       8.5       9.8   -2.0   0.0     9    29    30    50    23    53 0.86 -
918816at2759_29058_0:00077a|NODE_774_length_16516_cov_65.033335:10082-12547   -            488 918816at2759         -            230     8e-32  103.0  28.2   2   4     1e-22   1.2e-22   73.0  14.0    34   132    75   195    63   209 0.83 -
918816at2759_29058_0:00077a|NODE_774_length_16516_cov_65.033335:10082-12547   -            488 918816at2759         -            230     8e-32  103.0  28.2   3   4   7.1e-10   8.2e-10   31.0   5.1   124   178   217   273   215   287 0.92 -
918816at2759_29058_0:00077a|NODE_774_length_16516_cov_65.033335:10082-12547   -            488 918816at2759         -            230     8e-32  103.0  28.2   4   4      0.37      0.43    2.5   0.0   203   222   395   414   352   425 0.81 -
918816at2759_45779_0:0027b4|NODE_774_length_16516_cov_65.033335:10082-12547   -            488 918816at2759         -            230     8e-32  103.0  28.2   1   4       8.5       9.8   -2.0   0.0     9    29    30    50    23    53 0.86 -
918816at2759_45779_0:0027b4|NODE_774_length_16516_cov_65.033335:10082-12547   -            488 918816at2759         -            230     8e-32  103.0  28.2   2   4     1e-22   1.2e-22   73.0  14.0    34   132    75   195    63   209 0.83 -
918816at2759_45779_0:0027b4|NODE_774_length_16516_cov_65.033335:10082-12547   -            488 918816at2759         -            230     8e-32  103.0  28.2   3   4   7.1e-10   8.2e-10   31.0   5.1   124   178   217   273   215   287 0.92 -
918816at2759_45779_0:0027b4|NODE_774_length_16516_cov_65.033335:10082-12547   -            488 918816at2759         -            230     8e-32  103.0  28.2   4   4      0.37      0.43    2.5   0.0   203   222   395   414   352   425 0.81 -
918816at2759_110193_0:00099a|NODE_774_length_16516_cov_65.033335:10160-12208  -            400 918816at2759         -            230   8.3e-32  103.0  28.6   1   3   1.3e-22   1.4e-22   72.7  14.7    34   132    31   151    26   167 0.83 -
918816at2759_110193_0:00099a|NODE_774_length_16516_cov_65.033335:10160-12208  -            400 918816at2759         -            230   8.3e-32  103.0  28.6   2   3   5.4e-10   6.1e-10   31.4   5.1   124   178   173   229   171   243 0.92 -
918816at2759_110193_0:00099a|NODE_774_length_16516_cov_65.033335:10160-12208  -            400 918816at2759         -            230   8.3e-32  103.0  28.6   3   3      0.25      0.29    3.0   0.0   203   222   333   352   289   364 0.80 -
918816at2759_116153_0:0015de|NODE_774_length_16516_cov_65.033335:10160-12208  -            400 918816at2759         -            230   8.3e-32  103.0  28.6   1   3   1.3e-22   1.4e-22   72.7  14.7    34   132    31   151    26   167 0.83 -
918816at2759_116153_0:0015de|NODE_774_length_16516_cov_65.033335:10160-12208  -            400 918816at2759         -            230   8.3e-32  103.0  28.6   2   3   5.4e-10   6.1e-10   31.4   5.1   124   178   173   229   171   243 0.92 -
918816at2759_116153_0:0015de|NODE_774_length_16516_cov_65.033335:10160-12208  -            400 918816at2759         -            230   8.3e-32  103.0  28.6   3   3      0.25      0.29    3.0   0.0   203   222   333   352   289   364 0.80 -
918816at2759_6832_0:001a26|NODE_774_length_16516_cov_65.033335:10160-12208    -            400 918816at2759         -            230   8.3e-32  103.0  28.6   1   3   1.3e-22   1.4e-22   72.7  14.7    34   132    31   151    26   167 0.83 -
918816at2759_6832_0:001a26|NODE_774_length_16516_cov_65.033335:10160-12208    -            400 918816at2759         -            230   8.3e-32  103.0  28.6   2   3   5.4e-10   6.1e-10   31.4   5.1   124   178   173   229   171   243 0.92 -
918816at2759_6832_0:001a26|NODE_774_length_16516_cov_65.033335:10160-12208    -            400 918816at2759         -            230   8.3e-32  103.0  28.6   3   3      0.25      0.29    3.0   0.0   203   222   333   352   289   364 0.80 -
918816at2759_8496_0:002d58|NODE_774_length_16516_cov_65.033335:10157-12208    -            401 918816at2759         -            230   8.4e-32  102.9  28.6   1   3   1.3e-22   1.4e-22   72.7  14.7    34   132    31   151    26   167 0.83 -
918816at2759_8496_0:002d58|NODE_774_length_16516_cov_65.033335:10157-12208    -            401 918816at2759         -            230   8.4e-32  102.9  28.6   2   3   5.4e-10   6.2e-10   31.4   5.1   124   178   173   229   171   243 0.92 -
918816at2759_8496_0:002d58|NODE_774_length_16516_cov_65.033335:10157-12208    -            401 918816at2759         -            230   8.4e-32  102.9  28.6   3   3      0.25      0.29    3.0   0.0   203   222   333   352   289   364 0.80 -
918816at2759_8502_0:000c83|NODE_774_length_16516_cov_65.033335:10157-12208    -            401 918816at2759         -            230   8.4e-32  102.9  28.6   1   3   1.3e-22   1.4e-22   72.7  14.7    34   132    31   151    26   167 0.83 -
918816at2759_8502_0:000c83|NODE_774_length_16516_cov_65.033335:10157-12208    -            401 918816at2759         -            230   8.4e-32  102.9  28.6   2   3   5.4e-10   6.2e-10   31.4   5.1   124   178   173   229   171   243 0.92 -
918816at2759_8502_0:000c83|NODE_774_length_16516_cov_65.033335:10157-12208    -            401 918816at2759         -            230   8.4e-32  102.9  28.6   3   3      0.25      0.29    3.0   0.0   203   222   333   352   289   364 0.80 -
918816at2759_10141_0:000565|NODE_774_length_16516_cov_65.033335:10136-12208   -            408 918816at2759         -            230   9.4e-32  102.8  28.7   1   3   1.3e-22   1.5e-22   72.7  14.7    34   132    31   151    26   167 0.83 -
918816at2759_10141_0:000565|NODE_774_length_16516_cov_65.033335:10136-12208   -            408 918816at2759         -            230   9.4e-32  102.8  28.7   2   3   5.5e-10   6.3e-10   31.4   5.1   124   178   173   229   171   243 0.92 -
918816at2759_10141_0:000565|NODE_774_length_16516_cov_65.033335:10136-12208   -            408 918816at2759         -            230   9.4e-32  102.8  28.7   3   3      0.27       0.3    3.0   0.0   203   222   333   352   290   364 0.80 -
918816at2759_146911_0:003b13|NODE_774_length_16516_cov_65.033335:10136-12208  -            408 918816at2759         -            230   9.4e-32  102.8  28.7   1   3   1.3e-22   1.5e-22   72.7  14.7    34   132    31   151    26   167 0.83 -
918816at2759_146911_0:003b13|NODE_774_length_16516_cov_65.033335:10136-12208  -            408 918816at2759         -            230   9.4e-32  102.8  28.7   2   3   5.5e-10   6.3e-10   31.4   5.1   124   178   173   229   171   243 0.92 -
918816at2759_146911_0:003b13|NODE_774_length_16516_cov_65.033335:10136-12208  -            408 918816at2759         -            230   9.4e-32  102.8  28.7   3   3      0.27       0.3    3.0   0.0   203   222   333   352   290   364 0.80 -
918816at2759_30521_0:003fb1|NODE_774_length_16516_cov_65.033335:10136-12208   -            408 918816at2759         -            230   9.4e-32  102.8  28.7   1   3   1.3e-22   1.5e-22   72.7  14.7    34   132    31   151    26   167 0.83 -
918816at2759_30521_0:003fb1|NODE_774_length_16516_cov_65.033335:10136-12208   -            408 918816at2759         -            230   9.4e-32  102.8  28.7   2   3   5.5e-10   6.3e-10   31.4   5.1   124   178   173   229   171   243 0.92 -
918816at2759_30521_0:003fb1|NODE_774_length_16516_cov_65.033335:10136-12208   -            408 918816at2759         -            230   9.4e-32  102.8  28.7   3   3      0.27       0.3    3.0   0.0   203   222   333   352   290   364 0.80 -
918816at2759_38626_0:0011e0|NODE_774_length_16516_cov_65.033335:10136-12208   -            408 918816at2759         -            230   9.4e-32  102.8  28.7   1   3   1.3e-22   1.5e-22   72.7  14.7    34   132    31   151    26   167 0.83 -
918816at2759_38626_0:0011e0|NODE_774_length_16516_cov_65.033335:10136-12208   -            408 918816at2759         -            230   9.4e-32  102.8  28.7   2   3   5.5e-10   6.3e-10   31.4   5.1   124   178   173   229   171   243 0.92 -
918816at2759_38626_0:0011e0|NODE_774_length_16516_cov_65.033335:10136-12208   -            408 918816at2759         -            230   9.4e-32  102.8  28.7   3   3      0.27       0.3    3.0   0.0   203   222   333   352   290   364 0.80 -
918816at2759_38654_0:000341|NODE_774_length_16516_cov_65.033335:10136-12208   -            408 918816at2759         -            230   9.4e-32  102.8  28.7   1   3   1.3e-22   1.5e-22   72.7  14.7    34   132    31   151    26   167 0.83 -
918816at2759_38654_0:000341|NODE_774_length_16516_cov_65.033335:10136-12208   -            408 918816at2759         -            230   9.4e-32  102.8  28.7   2   3   5.5e-10   6.3e-10   31.4   5.1   124   178   173   229   171   243 0.92 -
918816at2759_38654_0:000341|NODE_774_length_16516_cov_65.033335:10136-12208   -            408 918816at2759         -            230   9.4e-32  102.8  28.7   3   3      0.27       0.3    3.0   0.0   203   222   333   352   290   364 0.80 -
918816at2759_60711_0:003921|NODE_774_length_16516_cov_65.033335:10136-12208   -            408 918816at2759         -            230   9.4e-32  102.8  28.7   1   3   1.3e-22   1.5e-22   72.7  14.7    34   132    31   151    26   167 0.83 -
918816at2759_60711_0:003921|NODE_774_length_16516_cov_65.033335:10136-12208   -            408 918816at2759         -            230   9.4e-32  102.8  28.7   2   3   5.5e-10   6.3e-10   31.4   5.1   124   178   173   229   171   243 0.92 -
918816at2759_60711_0:003921|NODE_774_length_16516_cov_65.033335:10136-12208   -            408 918816at2759         -            230   9.4e-32  102.8  28.7   3   3      0.27       0.3    3.0   0.0   203   222   333   352   290   364 0.80 -
918816at2759_61621_0:001e0a|NODE_774_length_16516_cov_65.033335:10136-12208   -            408 918816at2759         -            230   9.4e-32  102.8  28.7   1   3   1.3e-22   1.5e-22   72.7  14.7    34   132    31   151    26   167 0.83 -
918816at2759_61621_0:001e0a|NODE_774_length_16516_cov_65.033335:10136-12208   -            408 918816at2759         -            230   9.4e-32  102.8  28.7   2   3   5.5e-10   6.3e-10   31.4   5.1   124   178   173   229   171   243 0.92 -
918816at2759_61621_0:001e0a|NODE_774_length_16516_cov_65.033335:10136-12208   -            408 918816at2759         -            230   9.4e-32  102.8  28.7   3   3      0.27       0.3    3.0   0.0   203   222   333   352   290   364 0.80 -
918816at2759_9823_0:00215d|NODE_774_length_16516_cov_65.033335:10136-12208    -            408 918816at2759         -            230   9.4e-32  102.8  28.7   1   3   1.3e-22   1.5e-22   72.7  14.7    34   132    31   151    26   167 0.83 -
918816at2759_9823_0:00215d|NODE_774_length_16516_cov_65.033335:10136-12208    -            408 918816at2759         -            230   9.4e-32  102.8  28.7   2   3   5.5e-10   6.3e-10   31.4   5.1   124   178   173   229   171   243 0.92 -
918816at2759_9823_0:00215d|NODE_774_length_16516_cov_65.033335:10136-12208    -            408 918816at2759         -            230   9.4e-32  102.8  28.7   3   3      0.27       0.3    3.0   0.0   203   222   333   352   290   364 0.80 -
918816at2759_123851_0:004419|NODE_774_length_16516_cov_65.033335:10061-12208  -            419 918816at2759         -            230     1e-31  102.7  28.6   1   3   1.2e-22   1.3e-22   72.9  14.6    34   132    31   151    22   167 0.83 -
918816at2759_123851_0:004419|NODE_774_length_16516_cov_65.033335:10061-12208  -            419 918816at2759         -            230     1e-31  102.7  28.6   2   3   5.7e-10   6.6e-10   31.3   5.1   124   178   173   229   171   243 0.92 -
918816at2759_123851_0:004419|NODE_774_length_16516_cov_65.033335:10061-12208  -            419 918816at2759         -            230     1e-31  102.7  28.6   3   3      0.28      0.32    2.9   0.0   203   222   319   338   276   350 0.80 -
918816at2759_7168_0:0001c3|NODE_774_length_16516_cov_65.033335:10154-12208    -            420 918816at2759         -            230     1e-31  102.7  28.6   1   3   1.2e-22   1.4e-22   72.8  14.6    34   132    31   151    22   167 0.83 -
918816at2759_7168_0:0001c3|NODE_774_length_16516_cov_65.033335:10154-12208    -            420 918816at2759         -            230     1e-31  102.7  28.6   2   3   5.8e-10   6.6e-10   31.3   5.1   124   178   173   229   171   243 0.92 -
918816at2759_7168_0:0001c3|NODE_774_length_16516_cov_65.033335:10154-12208    -            420 918816at2759         -            230     1e-31  102.7  28.6   3   3      0.28      0.32    2.9   0.0   203   222   351   370   308   382 0.80 -
918816at2759_1041015_0:0039d1|NODE_774_length_16516_cov_65.033335:10241-12550 -            437 918816at2759         -            230     1e-31  102.7  28.9   1   3   8.9e-23     1e-22   73.2  14.0    34   132    95   215    88   229 0.83 -
918816at2759_1041015_0:0039d1|NODE_774_length_16516_cov_65.033335:10241-12550 -            437 918816at2759         -            230     1e-31  102.7  28.9   2   3   6.1e-10     7e-10   31.2   5.1   124   178   237   293   235   307 0.92 -
918816at2759_1041015_0:0039d1|NODE_774_length_16516_cov_65.033335:10241-12550 -            437 918816at2759         -            230     1e-31  102.7  28.9   3   3      0.34      0.38    2.6   0.0   203   222   397   416   370   428 0.80 -
918816at2759_30019_0:001462|NODE_774_length_16516_cov_65.033335:10241-12550   -            437 918816at2759         -            230     1e-31  102.7  28.9   1   3   8.9e-23     1e-22   73.2  14.0    34   132    95   215    88   229 0.83 -
918816at2759_30019_0:001462|NODE_774_length_16516_cov_65.033335:10241-12550   -            437 918816at2759         -            230     1e-31  102.7  28.9   2   3   6.1e-10     7e-10   31.2   5.1   124   178   237   293   235   307 0.92 -
918816at2759_30019_0:001462|NODE_774_length_16516_cov_65.033335:10241-12550   -            437 918816at2759         -            230     1e-31  102.7  28.9   3   3      0.34      0.38    2.6   0.0   203   222   397   416   370   428 0.80 -
918816at2759_35570_0:00265b|NODE_774_length_16516_cov_65.033335:10241-12550   -            437 918816at2759         -            230     1e-31  102.7  28.9   1   3   8.9e-23     1e-22   73.2  14.0    34   132    95   215    88   229 0.83 -
918816at2759_35570_0:00265b|NODE_774_length_16516_cov_65.033335:10241-12550   -            437 918816at2759         -            230     1e-31  102.7  28.9   2   3   6.1e-10     7e-10   31.2   5.1   124   178   237   293   235   307 0.92 -
918816at2759_35570_0:00265b|NODE_774_length_16516_cov_65.033335:10241-12550   -            437 918816at2759         -            230     1e-31  102.7  28.9   3   3      0.34      0.38    2.6   0.0   203   222   397   416   370   428 0.80 -
918816at2759_7224_0:002a9f|NODE_774_length_16516_cov_65.033335:10241-12550    -            437 918816at2759         -            230     1e-31  102.7  28.9   1   3   8.9e-23     1e-22   73.2  14.0    34   132    95   215    88   229 0.83 -
918816at2759_7224_0:002a9f|NODE_774_length_16516_cov_65.033335:10241-12550    -            437 918816at2759         -            230     1e-31  102.7  28.9   2   3   6.1e-10     7e-10   31.2   5.1   124   178   237   293   235   307 0.92 -
918816at2759_7224_0:002a9f|NODE_774_length_16516_cov_65.033335:10241-12550    -            437 918816at2759         -            230     1e-31  102.7  28.9   3   3      0.34      0.38    2.6   0.0   203   222   397   416   370   428 0.80 -
918816at2759_7260_0:000949|NODE_774_length_16516_cov_65.033335:10241-12550    -            437 918816at2759         -            230     1e-31  102.7  28.9   1   3   8.9e-23     1e-22   73.2  14.0    34   132    95   215    88   229 0.83 -
918816at2759_7260_0:000949|NODE_774_length_16516_cov_65.033335:10241-12550    -            437 918816at2759         -            230     1e-31  102.7  28.9   2   3   6.1e-10     7e-10   31.2   5.1   124   178   237   293   235   307 0.92 -
918816at2759_7260_0:000949|NODE_774_length_16516_cov_65.033335:10241-12550    -            437 918816at2759         -            230     1e-31  102.7  28.9   3   3      0.34      0.38    2.6   0.0   203   222   397   416   370   428 0.80 -
918816at2759_7274_0:001f55|NODE_774_length_16516_cov_65.033335:10241-12550    -            437 918816at2759         -            230     1e-31  102.7  28.9   1   3   8.9e-23     1e-22   73.2  14.0    34   132    95   215    88   229 0.83 -
918816at2759_7274_0:001f55|NODE_774_length_16516_cov_65.033335:10241-12550    -            437 918816at2759         -            230     1e-31  102.7  28.9   2   3   6.1e-10     7e-10   31.2   5.1   124   178   237   293   235   307 0.92 -
918816at2759_7274_0:001f55|NODE_774_length_16516_cov_65.033335:10241-12550    -            437 918816at2759         -            230     1e-31  102.7  28.9   3   3      0.34      0.38    2.6   0.0   203   222   397   416   370   428 0.80 -
918816at2759_7370_0:000029|NODE_774_length_16516_cov_65.033335:10241-12550    -            437 918816at2759         -            230     1e-31  102.7  28.9   1   3   8.9e-23     1e-22   73.2  14.0    34   132    95   215    88   229 0.83 -
918816at2759_7370_0:000029|NODE_774_length_16516_cov_65.033335:10241-12550    -            437 918816at2759         -            230     1e-31  102.7  28.9   2   3   6.1e-10     7e-10   31.2   5.1   124   178   237   293   235   307 0.92 -
918816at2759_7370_0:000029|NODE_774_length_16516_cov_65.033335:10241-12550    -            437 918816at2759         -            230     1e-31  102.7  28.9   3   3      0.34      0.38    2.6   0.0   203   222   397   416   370   428 0.80 -
918816at2759_7375_0:003b9a|NODE_774_length_16516_cov_65.033335:10241-12550    -            437 918816at2759         -            230     1e-31  102.7  28.9   1   3   8.9e-23     1e-22   73.2  14.0    34   132    95   215    88   229 0.83 -
918816at2759_7375_0:003b9a|NODE_774_length_16516_cov_65.033335:10241-12550    -            437 918816at2759         -            230     1e-31  102.7  28.9   2   3   6.1e-10     7e-10   31.2   5.1   124   178   237   293   235   307 0.92 -
918816at2759_7375_0:003b9a|NODE_774_length_16516_cov_65.033335:10241-12550    -            437 918816at2759         -            230     1e-31  102.7  28.9   3   3      0.34      0.38    2.6   0.0   203   222   397   416   370   428 0.80 -
918816at2759_7222_0:002b9d|NODE_774_length_16516_cov_65.033335:10241-12550    -            432 918816at2759         -            230   1.1e-31  102.6  29.1   1   3   8.7e-23   9.9e-23   73.3  14.0    34   132    95   215    88   229 0.83 -
918816at2759_7222_0:002b9d|NODE_774_length_16516_cov_65.033335:10241-12550    -            432 918816at2759         -            230   1.1e-31  102.6  29.1   2   3     6e-10   6.9e-10   31.3   5.1   124   178   237   293   235   307 0.92 -
918816at2759_7222_0:002b9d|NODE_774_length_16516_cov_65.033335:10241-12550    -            432 918816at2759         -            230   1.1e-31  102.6  29.1   3   3      0.33      0.37    2.7   0.0   203   222   392   411   364   423 0.79 -
918816at2759_7004_0:0031d0|NODE_774_length_16516_cov_65.033335:10094-12208    -            422 918816at2759         -            230   1.1e-31  102.6  28.6   1   3   1.3e-22   1.5e-22   72.7  14.6    34   132    31   151    26   167 0.83 -
918816at2759_7004_0:0031d0|NODE_774_length_16516_cov_65.033335:10094-12208    -            422 918816at2759         -            230   1.1e-31  102.6  28.6   2   3   5.8e-10   6.6e-10   31.3   5.1   124   178   173   229   171   243 0.92 -
918816at2759_7004_0:0031d0|NODE_774_length_16516_cov_65.033335:10094-12208    -            422 918816at2759         -            230   1.1e-31  102.6  28.6   3   3      0.28      0.32    2.9   0.0   203   222   333   352   290   364 0.80 -
918816at2759_315563_0:0004fb|NODE_774_length_16516_cov_65.033335:10253-12208  -            364 918816at2759         -            230   1.1e-31  102.6  29.5   1   3   1.2e-22   1.4e-22   72.8  14.8    34   132    31   151    27   167 0.83 -
918816at2759_315563_0:0004fb|NODE_774_length_16516_cov_65.033335:10253-12208  -            364 918816at2759         -            230   1.1e-31  102.6  29.5   2   3   4.1e-10   4.7e-10   31.8   5.0   124   178   173   229   171   244 0.92 -
918816at2759_315563_0:0004fb|NODE_774_length_16516_cov_65.033335:10253-12208  -            364 918816at2759         -            230   1.1e-31  102.6  29.5   3   3      0.26       0.3    3.0   0.0   203   222   328   347   300   359 0.79 -
918816at2759_7091_0:0014d8|NODE_774_length_16516_cov_65.033335:10082-12208    -            426 918816at2759         -            230   1.1e-31  102.6  28.6   1   3   1.2e-22   1.4e-22   72.8  14.6    34   132    31   151    22   167 0.83 -
918816at2759_7091_0:0014d8|NODE_774_length_16516_cov_65.033335:10082-12208    -            426 918816at2759         -            230   1.1e-31  102.6  28.6   2   3   5.9e-10   6.7e-10   31.3   5.1   124   178   173   229   171   243 0.92 -
918816at2759_7091_0:0014d8|NODE_774_length_16516_cov_65.033335:10082-12208    -            426 918816at2759         -            230   1.1e-31  102.6  28.6   3   3      0.28      0.32    2.9   0.0   203   222   333   352   290   364 0.80 -
918816at2759_224129_0:00032d|NODE_774_length_16516_cov_65.033335:10079-12208  -            427 918816at2759         -            230   1.1e-31  102.6  28.6   1   3   1.2e-22   1.4e-22   72.8  14.6    34   132    31   151    22   167 0.83 -
918816at2759_224129_0:00032d|NODE_774_length_16516_cov_65.033335:10079-12208  -            427 918816at2759         -            230   1.1e-31  102.6  28.6   2   3   5.9e-10   6.8e-10   31.3   5.1   124   178   173   229   171   243 0.92 -
918816at2759_224129_0:00032d|NODE_774_length_16516_cov_65.033335:10079-12208  -            427 918816at2759         -            230   1.1e-31  102.6  28.6   3   3      0.28      0.32    2.9   0.0   203   222   333   352   290   364 0.80 -
918816at2759_438503_0:002170|NODE_774_length_16516_cov_65.033335:10241-12196  -            369 918816at2759         -            230   1.1e-31  102.6  29.4   1   3     1e-22   1.2e-22   73.1  14.7    34   132    27   147    18   163 0.83 -
918816at2759_438503_0:002170|NODE_774_length_16516_cov_65.033335:10241-12196  -            369 918816at2759         -            230   1.1e-31  102.6  29.4   2   3   4.7e-10   5.4e-10   31.6   5.1   124   178   169   225   167   239 0.92 -
918816at2759_438503_0:002170|NODE_774_length_16516_cov_65.033335:10241-12196  -            369 918816at2759         -            230   1.1e-31  102.6  29.4   3   3      0.27      0.31    2.9   0.0   203   222   329   348   302   360 0.80 -
918816at2759_51655_0:003bef|NODE_774_length_16516_cov_65.033335:10142-12208   -            424 918816at2759         -            230   1.1e-31  102.6  28.6   1   3   1.2e-22   1.4e-22   72.8  14.6    34   132    31   151    22   167 0.83 -
918816at2759_51655_0:003bef|NODE_774_length_16516_cov_65.033335:10142-12208   -            424 918816at2759         -            230   1.1e-31  102.6  28.6   2   3   5.8e-10   6.7e-10   31.3   5.1   124   178   173   229   171   243 0.92 -
918816at2759_51655_0:003bef|NODE_774_length_16516_cov_65.033335:10142-12208   -            424 918816at2759         -            230   1.1e-31  102.6  28.6   3   3      0.28      0.32    2.9   0.0   203   222   351   370   308   382 0.80 -
918816at2759_568069_0:00520b|NODE_774_length_16516_cov_65.033335:10244-12208  -            367 918816at2759         -            230   1.1e-31  102.5  29.5   1   3   1.2e-22   1.4e-22   72.8  14.9    34   132    31   151    27   167 0.83 -
918816at2759_568069_0:00520b|NODE_774_length_16516_cov_65.033335:10244-12208  -            367 918816at2759         -            230   1.1e-31  102.5  29.5   2   3   4.1e-10   4.7e-10   31.8   5.0   124   178   173   229   171   244 0.92 -
918816at2759_568069_0:00520b|NODE_774_length_16516_cov_65.033335:10244-12208  -            367 918816at2759         -            230   1.1e-31  102.5  29.5   3   3      0.26       0.3    3.0   0.0   203   222   328   347   300   359 0.79 -
918816at2759_37001_0:002d75|NODE_774_length_16516_cov_65.033335:10184-12550   -            456 918816at2759         -            230   1.2e-31  102.5  28.8   1   3     8e-23   9.1e-23   73.4  13.9    34   132    95   215    83   231 0.83 -
918816at2759_37001_0:002d75|NODE_774_length_16516_cov_65.033335:10184-12550   -            456 918816at2759         -            230   1.2e-31  102.5  28.8   2   3   6.5e-10   7.4e-10   31.1   5.1   124   178   237   293   235   307 0.92 -
918816at2759_37001_0:002d75|NODE_774_length_16516_cov_65.033335:10184-12550   -            456 918816at2759         -            230   1.2e-31  102.5  28.8   3   3      0.35      0.41    2.6   0.0   203   222   397   416   370   428 0.80 -
918816at2759_7200_0:000efb|NODE_774_length_16516_cov_65.033335:10160-12550    -            459 918816at2759         -            230   1.2e-31  102.5  28.8   1   3   8.3e-23   9.5e-23   73.3  13.9    34   132    95   215    83   231 0.83 -
918816at2759_7200_0:000efb|NODE_774_length_16516_cov_65.033335:10160-12550    -            459 918816at2759         -            230   1.2e-31  102.5  28.8   2   3   6.5e-10   7.5e-10   31.1   5.1   124   178   237   293   235   307 0.92 -
918816at2759_7200_0:000efb|NODE_774_length_16516_cov_65.033335:10160-12550    -            459 918816at2759         -            230   1.2e-31  102.5  28.8   3   3      0.35       0.4    2.6   0.0   203   222   392   411   364   423 0.79 -
918816at2759_28588_0:00077e|NODE_774_length_16516_cov_65.033335:10241-12208   -            373 918816at2759         -            230   1.2e-31  102.4  29.5   1   3   1.2e-22   1.3e-22   72.8  14.8    34   132    31   151    26   167 0.83 -
918816at2759_28588_0:00077e|NODE_774_length_16516_cov_65.033335:10241-12208   -            373 918816at2759         -            230   1.2e-31  102.4  29.5   2   3   4.8e-10   5.5e-10   31.6   5.1   124   178   173   229   171   243 0.92 -
918816at2759_28588_0:00077e|NODE_774_length_16516_cov_65.033335:10241-12208   -            373 918816at2759         -            230   1.2e-31  102.4  29.5   3   3      0.27      0.31    2.9   0.0   203   222   333   352   306   364 0.80 -
918816at2759_28612_0:002430|NODE_774_length_16516_cov_65.033335:10241-12208   -            373 918816at2759         -            230   1.2e-31  102.4  29.5   1   3   1.2e-22   1.3e-22   72.8  14.8    34   132    31   151    26   167 0.83 -
918816at2759_28612_0:002430|NODE_774_length_16516_cov_65.033335:10241-12208   -            373 918816at2759         -            230   1.2e-31  102.4  29.5   2   3   4.8e-10   5.5e-10   31.6   5.1   124   178   173   229   171   243 0.92 -
918816at2759_28612_0:002430|NODE_774_length_16516_cov_65.033335:10241-12208   -            373 918816at2759         -            230   1.2e-31  102.4  29.5   3   3      0.27      0.31    2.9   0.0   203   222   333   352   306   364 0.80 -
918816at2759_7213_0:001c6c|NODE_774_length_16516_cov_65.033335:10241-12208    -            373 918816at2759         -            230   1.2e-31  102.4  29.5   1   3   1.2e-22   1.3e-22   72.8  14.8    34   132    31   151    26   167 0.83 -
918816at2759_7213_0:001c6c|NODE_774_length_16516_cov_65.033335:10241-12208    -            373 918816at2759         -            230   1.2e-31  102.4  29.5   2   3   4.8e-10   5.5e-10   31.6   5.1   124   178   173   229   171   243 0.92 -
918816at2759_7213_0:001c6c|NODE_774_length_16516_cov_65.033335:10241-12208    -            373 918816at2759         -            230   1.2e-31  102.4  29.5   3   3      0.27      0.31    2.9   0.0   203   222   333   352   306   364 0.80 -
918816at2759_74873_0:000658|NODE_774_length_16516_cov_65.033335:10241-12208   -            373 918816at2759         -            230   1.2e-31  102.4  29.5   1   3   1.2e-22   1.3e-22   72.8  14.8    34   132    31   151    26   167 0.83 -
918816at2759_74873_0:000658|NODE_774_length_16516_cov_65.033335:10241-12208   -            373 918816at2759         -            230   1.2e-31  102.4  29.5   2   3   4.8e-10   5.5e-10   31.6   5.1   124   178   173   229   171   243 0.92 -
918816at2759_74873_0:000658|NODE_774_length_16516_cov_65.033335:10241-12208   -            373 918816at2759         -            230   1.2e-31  102.4  29.5   3   3      0.27      0.31    2.9   0.0   203   222   333   352   306   364 0.80 -
918816at2759_69820_0:000a58|NODE_774_length_16516_cov_65.033335:10082-12547   -            470 918816at2759         -            230   1.2e-31  102.4  29.0   1   4       8.2       9.3   -1.9   0.0     9    29    30    50    23    53 0.86 -
918816at2759_69820_0:000a58|NODE_774_length_16516_cov_65.033335:10082-12547   -            470 918816at2759         -            230   1.2e-31  102.4  29.0   2   4   8.9e-23     1e-22   73.2  13.9    34   132    75   195    63   209 0.83 -
918816at2759_69820_0:000a58|NODE_774_length_16516_cov_65.033335:10082-12547   -            470 918816at2759         -            230   1.2e-31  102.4  29.0   3   4   6.8e-10   7.8e-10   31.1   5.1   124   178   217   273   215   287 0.92 -
918816at2759_69820_0:000a58|NODE_774_length_16516_cov_65.033335:10082-12547   -            470 918816at2759         -            230   1.2e-31  102.4  29.0   4   4      0.37      0.42    2.5   0.0   203   222   377   396   350   408 0.80 -
918816at2759_6198_0:0014b5|NODE_774_length_16516_cov_65.033335:9956-12550     -            550 918816at2759         -            230   1.3e-31  102.3  27.8   1   3   1.2e-22   1.3e-22   72.8  13.9    34   132    95   215    83   231 0.83 -
918816at2759_6198_0:0014b5|NODE_774_length_16516_cov_65.033335:9956-12550     -            550 918816at2759         -            230   1.3e-31  102.3  27.8   2   3   8.4e-10   9.7e-10   30.8   5.1   124   178   237   293   235   307 0.92 -
918816at2759_6198_0:0014b5|NODE_774_length_16516_cov_65.033335:9956-12550     -            550 918816at2759         -            230   1.3e-31  102.3  27.8   3   3      0.44       0.5    2.3   0.0   203   222   415   434   372   445 0.81 -
918816at2759_13037_0:002b84|NODE_774_length_16516_cov_65.033335:10082-12208   -            444 918816at2759         -            230   1.4e-31  102.3  28.6   1   3   1.3e-22   1.5e-22   72.6  14.6    34   132    31   151    23   167 0.83 -
918816at2759_13037_0:002b84|NODE_774_length_16516_cov_65.033335:10082-12208   -            444 918816at2759         -            230   1.4e-31  102.3  28.6   2   3   6.2e-10   7.2e-10   31.2   5.1   124   178   173   229   171   243 0.92 -
918816at2759_13037_0:002b84|NODE_774_length_16516_cov_65.033335:10082-12208   -            444 918816at2759         -            230   1.4e-31  102.3  28.6   3   3       0.3      0.34    2.8   0.0   203   222   351   370   308   382 0.80 -
918816at2759_7130_0:0021c0|NODE_774_length_16516_cov_65.033335:10082-12208    -            444 918816at2759         -            230   1.4e-31  102.3  28.6   1   3   1.3e-22   1.5e-22   72.6  14.6    34   132    31   151    23   167 0.83 -
918816at2759_7130_0:0021c0|NODE_774_length_16516_cov_65.033335:10082-12208    -            444 918816at2759         -            230   1.4e-31  102.3  28.6   2   3   6.2e-10   7.2e-10   31.2   5.1   124   178   173   229   171   243 0.92 -
918816at2759_7130_0:0021c0|NODE_774_length_16516_cov_65.033335:10082-12208    -            444 918816at2759         -            230   1.4e-31  102.3  28.6   3   3       0.3      0.34    2.8   0.0   203   222   351   370   308   382 0.80 -
918816at2759_7176_0:000524|NODE_774_length_16516_cov_65.033335:10196-12208    -            388 918816at2759         -            230   1.4e-31  102.2  29.4   1   3   1.2e-22   1.3e-22   72.8  14.7    34   132    31   151    26   167 0.83 -
918816at2759_7176_0:000524|NODE_774_length_16516_cov_65.033335:10196-12208    -            388 918816at2759         -            230   1.4e-31  102.2  29.4   2   3   5.1e-10   5.9e-10   31.5   5.1   124   178   173   229   171   243 0.92 -
918816at2759_7176_0:000524|NODE_774_length_16516_cov_65.033335:10196-12208    -            388 918816at2759         -            230   1.4e-31  102.2  29.4   3   3      0.29      0.33    2.8   0.0   203   222   333   352   306   364 0.80 -
918816at2759_168631_0:0015c9|NODE_774_length_16516_cov_65.033335:10082-12211  -            445 918816at2759         -            230   1.4e-31  102.2  28.6   1   3   1.3e-22   1.5e-22   72.6  14.6    34   132    32   152    24   168 0.83 -
918816at2759_168631_0:0015c9|NODE_774_length_16516_cov_65.033335:10082-12211  -            445 918816at2759         -            230   1.4e-31  102.2  28.6   2   3   6.3e-10   7.2e-10   31.2   5.1   124   178   174   230   172   244 0.92 -
918816at2759_168631_0:0015c9|NODE_774_length_16516_cov_65.033335:10082-12211  -            445 918816at2759         -            230   1.4e-31  102.2  28.6   3   3       0.3      0.34    2.8   0.0   203   222   352   371   309   383 0.80 -
918816at2759_158441_0:000012|NODE_774_length_16516_cov_65.033335:10061-12199  -            448 918816at2759         -            230   1.4e-31  102.2  28.6   1   3   1.4e-22   1.6e-22   72.6  14.6    34   132    28   148    19   164 0.83 -
918816at2759_158441_0:000012|NODE_774_length_16516_cov_65.033335:10061-12199  -            448 918816at2759         -            230   1.4e-31  102.2  28.6   2   3   6.3e-10   7.2e-10   31.2   5.1   124   178   170   226   168   240 0.92 -
918816at2759_158441_0:000012|NODE_774_length_16516_cov_65.033335:10061-12199  -            448 918816at2759         -            230   1.4e-31  102.2  28.6   3   3       0.3      0.35    2.8   0.0   203   222   348   367   305   379 0.80 -
918816at2759_7237_0:00124b|NODE_774_length_16516_cov_65.033335:10184-12208    -            392 918816at2759         -            230   1.4e-31  102.2  29.4   1   3   1.2e-22   1.4e-22   72.8  14.7    34   132    31   151    26   167 0.83 -
918816at2759_7237_0:00124b|NODE_774_length_16516_cov_65.033335:10184-12208    -            392 918816at2759         -            230   1.4e-31  102.2  29.4   2   3   5.2e-10     6e-10   31.5   5.1   124   178   173   229   171   243 0.92 -
918816at2759_7237_0:00124b|NODE_774_length_16516_cov_65.033335:10184-12208    -            392 918816at2759         -            230   1.4e-31  102.2  29.4   3   3      0.29      0.33    2.8   0.0   203   222   333   352   306   364 0.80 -
918816at2759_43151_0:00191d|NODE_774_length_16516_cov_65.033335:10178-12208   -            394 918816at2759         -            230   1.5e-31  102.1  29.4   1   3   1.2e-22   1.4e-22   72.8  14.7    34   132    31   151    26   167 0.83 -
918816at2759_43151_0:00191d|NODE_774_length_16516_cov_65.033335:10178-12208   -            394 918816at2759         -            230   1.5e-31  102.1  29.4   2   3   5.2e-10     6e-10   31.4   5.1   124   178   173   229   171   243 0.92 -
918816at2759_43151_0:00191d|NODE_774_length_16516_cov_65.033335:10178-12208   -            394 918816at2759         -            230   1.5e-31  102.1  29.4   3   3      0.29      0.34    2.8   0.0   203   222   333   352   306   364 0.80 -
918816at2759_7165_0:000a27|NODE_774_length_16516_cov_65.033335:10172-12208    -            396 918816at2759         -            230   1.5e-31  102.1  29.4   1   3   1.2e-22   1.4e-22   72.8  14.7    34   132    31   151    26   167 0.83 -
918816at2759_7165_0:000a27|NODE_774_length_16516_cov_65.033335:10172-12208    -            396 918816at2759         -            230   1.5e-31  102.1  29.4   2   3   5.3e-10     6e-10   31.4   5.1   124   178   173   229   171   243 0.92 -
918816at2759_7165_0:000a27|NODE_774_length_16516_cov_65.033335:10172-12208    -            396 918816at2759         -            230   1.5e-31  102.1  29.4   3   3       0.3      0.34    2.8   0.0   203   222   333   352   306   364 0.80 -
918816at2759_7160_0:001723|NODE_774_length_16516_cov_65.033335:10193-12208    -            384 918816at2759         -            230   1.6e-31  102.1  29.6   1   3   1.2e-22   1.4e-22   72.8  14.8    34   132    31   151    26   167 0.83 -
918816at2759_7160_0:001723|NODE_774_length_16516_cov_65.033335:10193-12208    -            384 918816at2759         -            230   1.6e-31  102.1  29.6   2   3     5e-10   5.8e-10   31.5   5.1   124   178   173   229   171   243 0.92 -
918816at2759_7160_0:001723|NODE_774_length_16516_cov_65.033335:10193-12208    -            384 918816at2759         -            230   1.6e-31  102.1  29.6   3   3      0.28      0.32    2.9   0.0   203   222   328   347   300   359 0.79 -
918816at2759_7159_0:000e31|NODE_774_length_16516_cov_65.033335:10169-12208    -            392 918816at2759         -            230   1.6e-31  102.0  29.5   1   3   1.2e-22   1.4e-22   72.8  14.7    34   132    31   151    26   167 0.83 -
918816at2759_7159_0:000e31|NODE_774_length_16516_cov_65.033335:10169-12208    -            392 918816at2759         -            230   1.6e-31  102.0  29.5   2   3   5.2e-10     6e-10   31.5   5.1   124   178   173   229   171   243 0.92 -
918816at2759_7159_0:000e31|NODE_774_length_16516_cov_65.033335:10169-12208    -            392 918816at2759         -            230   1.6e-31  102.0  29.5   3   3      0.29      0.33    2.9   0.0   203   222   328   347   300   359 0.79 -
918816at2759_13616_0:00190b|NODE_774_length_16516_cov_65.033335:10136-12208   -            401 918816at2759         -            230   1.6e-31  102.0  29.4   1   3   1.3e-22   1.4e-22   72.7  14.7    34   132    31   151    26   167 0.83 -
918816at2759_13616_0:00190b|NODE_774_length_16516_cov_65.033335:10136-12208   -            401 918816at2759         -            230   1.6e-31  102.0  29.4   2   3   5.4e-10   6.2e-10   31.4   5.1   124   178   173   229   171   243 0.92 -
918816at2759_13616_0:00190b|NODE_774_length_16516_cov_65.033335:10136-12208   -            401 918816at2759         -            230   1.6e-31  102.0  29.4   3   3       0.3      0.34    2.8   0.0   203   222   326   345   299   357 0.80 -
918816at2759_680683_0:0010a2|NODE_774_length_16516_cov_65.033335:10160-12211  -            401 918816at2759         -            230   1.6e-31  102.0  29.4   1   3   1.3e-22   1.4e-22   72.7  14.7    34   132    32   152    27   168 0.83 -
918816at2759_680683_0:0010a2|NODE_774_length_16516_cov_65.033335:10160-12211  -            401 918816at2759         -            230   1.6e-31  102.0  29.4   2   3   5.4e-10   6.2e-10   31.4   5.1   124   178   174   230   172   244 0.92 -
918816at2759_680683_0:0010a2|NODE_774_length_16516_cov_65.033335:10160-12211  -            401 918816at2759         -            230   1.6e-31  102.0  29.4   3   3       0.3      0.34    2.8   0.0   203   222   334   353   307   365 0.80 -
918816at2759_30069_0:000137|NODE_774_length_16516_cov_65.033335:10154-12208   -            402 918816at2759         -            230   1.7e-31  102.0  29.4   1   3   1.3e-22   1.5e-22   72.7  14.7    34   132    31   151    26   167 0.83 -
918816at2759_30069_0:000137|NODE_774_length_16516_cov_65.033335:10154-12208   -            402 918816at2759         -            230   1.7e-31  102.0  29.4   2   3   5.4e-10   6.2e-10   31.4   5.1   124   178   173   229   171   243 0.92 -
918816at2759_30069_0:000137|NODE_774_length_16516_cov_65.033335:10154-12208   -            402 918816at2759         -            230   1.7e-31  102.0  29.4   3   3       0.3      0.35    2.8   0.0   203   222   333   352   306   364 0.80 -
918816at2759_6210_0:001091|NODE_774_length_16516_cov_65.033335:9965-12553     -            514 918816at2759         -            230   1.7e-31  102.0  28.5   1   3   1.1e-22   1.3e-22   72.9  14.0    34   132    85   205    73   219 0.83 -
918816at2759_6210_0:001091|NODE_774_length_16516_cov_65.033335:9965-12553     -            514 918816at2759         -            230   1.7e-31  102.0  28.5   2   3   7.7e-10   8.8e-10   30.9   5.1   124   178   227   283   225   297 0.92 -
918816at2759_6210_0:001091|NODE_774_length_16516_cov_65.033335:9965-12553     -            514 918816at2759         -            230   1.7e-31  102.0  28.5   3   3      0.46      0.52    2.2   0.0   203   222   382   401   355   412 0.81 -
918816at2759_6185_0:0011c2|NODE_774_length_16516_cov_65.033335:9962-12541     -            545 918816at2759         -            230   1.7e-31  101.9  28.2   1   3   1.5e-22   1.7e-22   72.5  14.3    34   132    92   212    80   228 0.83 -
918816at2759_6185_0:0011c2|NODE_774_length_16516_cov_65.033335:9962-12541     -            545 918816at2759         -            230   1.7e-31  101.9  28.2   2   3   8.3e-10   9.5e-10   30.8   5.1   124   178   234   290   232   304 0.92 -
918816at2759_6185_0:0011c2|NODE_774_length_16516_cov_65.033335:9962-12541     -            545 918816at2759         -            230   1.7e-31  101.9  28.2   3   3      0.43      0.49    2.3   0.0   203   222   412   431   369   442 0.81 -
918816at2759_765868_1:002d93|NODE_774_length_16516_cov_65.033335:11477-12181  -            223 918816at2759         -            230     2e-31  101.7  28.4   1   2   2.9e-23   3.3e-23   74.8  14.7    34   132    22   142    14   159 0.83 -
918816at2759_765868_1:002d93|NODE_774_length_16516_cov_65.033335:11477-12181  -            223 918816at2759         -            230     2e-31  101.7  28.4   2   2   4.6e-10   5.2e-10   31.6   5.8   124   178   164   220   162   222 0.93 -
918816at2759_6973_0:00577f|NODE_774_length_16516_cov_65.033335:11468-12208    -            235 918816at2759         -            230   2.7e-31  101.3  28.6   1   2   3.8e-23   4.4e-23   74.4  14.8    34   132    31   151    24   168 0.83 -
918816at2759_6973_0:00577f|NODE_774_length_16516_cov_65.033335:11468-12208    -            235 918816at2759         -            230   2.7e-31  101.3  28.6   2   2   4.6e-10   5.3e-10   31.6   5.8   124   178   173   229   171   232 0.93 -
918816at2759_13735_0:001457|NODE_774_length_16516_cov_65.033335:10385-12208   -            325 918816at2759         -            230   3.1e-31  101.1  27.3   1   3   4.3e-23   4.9e-23   74.3  13.6    34   132    31   151    23   158 0.83 -
918816at2759_13735_0:001457|NODE_774_length_16516_cov_65.033335:10385-12208   -            325 918816at2759         -            230   3.1e-31  101.1  27.3   2   3       1.9       2.2    0.2   0.1   115   126   147   158   145   168 0.70 -
918816at2759_13735_0:001457|NODE_774_length_16516_cov_65.033335:10385-12208   -            325 918816at2759         -            230   3.1e-31  101.1  27.3   3   3   3.4e-10   3.9e-10   32.1   5.0   124   178   173   229   171   244 0.92 -
918816at2759_29073_0:002a79|NODE_774_length_16516_cov_65.033335:10385-12208   -            325 918816at2759         -            230   3.1e-31  101.1  27.3   1   3   4.3e-23   4.9e-23   74.3  13.6    34   132    31   151    23   158 0.83 -
918816at2759_29073_0:002a79|NODE_774_length_16516_cov_65.033335:10385-12208   -            325 918816at2759         -            230   3.1e-31  101.1  27.3   2   3       1.9       2.2    0.2   0.1   115   126   147   158   145   168 0.70 -
918816at2759_29073_0:002a79|NODE_774_length_16516_cov_65.033335:10385-12208   -            325 918816at2759         -            230   3.1e-31  101.1  27.3   3   3   3.4e-10   3.9e-10   32.1   5.0   124   178   173   229   171   244 0.92 -
918816at2759_246812_0:0019eb|NODE_774_length_16516_cov_65.033335:11474-12547  -            282 918816at2759         -            230   3.3e-31  101.0  28.8   1   3       7.4       8.5   -1.8   0.0    10    29    36    55    34    58 0.86 -
918816at2759_246812_0:0019eb|NODE_774_length_16516_cov_65.033335:11474-12547  -            282 918816at2759         -            230   3.3e-31  101.0  28.8   2   3   5.5e-23   6.3e-23   73.9  14.8    34   132    80   200    68   217 0.83 -
918816at2759_246812_0:0019eb|NODE_774_length_16516_cov_65.033335:11474-12547  -            282 918816at2759         -            230   3.3e-31  101.0  28.8   3   3   6.3e-10   7.2e-10   31.2   5.8   124   178   222   278   220   281 0.93 -
918816at2759_59538_0:002599|NODE_774_length_16516_cov_65.033335:9965-12208    -            362 918816at2759         -            230   6.6e-31  100.0  27.8   1   2   1.2e-22   1.4e-22   72.8  14.9    34   132    31   151    27   167 0.83 -
918816at2759_59538_0:002599|NODE_774_length_16516_cov_65.033335:9965-12208    -            362 918816at2759         -            230   6.6e-31  100.0  27.8   2   2     4e-10   4.6e-10   31.8   5.0   124   178   173   229   171   244 0.92 -
918816at2759_113334_0:001bc4|NODE_774_length_16516_cov_65.033335:10082-11861  -            341 918816at2759         -            230   8.6e-15   47.3  14.0   1   3   3.8e-05   4.4e-05   15.5   1.1    92   132     1    48     1    65 0.80 -
918816at2759_113334_0:001bc4|NODE_774_length_16516_cov_65.033335:10082-11861  -            341 918816at2759         -            230   8.6e-15   47.3  14.0   2   3   3.7e-10   4.2e-10   31.9   5.0   124   178    70   126    68   141 0.92 -
918816at2759_113334_0:001bc4|NODE_774_length_16516_cov_65.033335:10082-11861  -            341 918816at2759         -            230   8.6e-15   47.3  14.0   3   3       0.2      0.23    3.4   0.0   203   222   248   267   204   279 0.79 -
918816at2759_51338_0:004355|NODE_774_length_16516_cov_65.033335:10136-11585   -            213 918816at2759         -            230   5.2e-06   18.6   2.8   1   2   0.00021   0.00024   13.1   2.0   145   178     1    34     1    49 0.92 -
918816at2759_51338_0:004355|NODE_774_length_16516_cov_65.033335:10136-11585   -            213 918816at2759         -            230   5.2e-06   18.6   2.8   2   2     0.096      0.11    4.4   0.0   203   222   138   157    93   169 0.78 -
#
# Program:         hmmsearch
# Version:         3.1b2 (February 2015)
# Pipeline mode:   SEARCH
# Query file:      mb_downloads/eukaryota_odb10/hmms/918816at2759.hmm
# Target file:     -
# Option settings: /opt/conda/envs/compleasm/bin/hmmsearch --domtblout compleasm/eukaryota_odb10/hmmer_output/918816at2759.out --cpu 1 mb_downloads/eukaryota_odb10/hmms/918816at2759.hmm - 
# Current dir:     /in
# Date:            Tue Oct 22 12:39:32 2024
# [ok]
