#                                                                                                                                     --- full sequence --- -------------- this domain -------------   hmm coord   ali coord   env coord
# target name                                                                 accession   tlen query name           accession   qlen   E-value  score  bias   #  of  c-Evalue  i-Evalue  score  bias  from    to  from    to  from    to  acc description of target
#                                                         ------------------- ---------- ----- -------------------- ---------- ----- --------- ------ ----- --- --- --------- --------- ------ ----- ----- ----- ----- ----- ----- ----- ---- ---------------------
919955at2759_10093_0:000303|NODE_445_length_20372_cov_68.899778:12260-13349   -            353 919955at2759         -            267   4.3e-66  216.9  10.0   1   1   1.9e-63   1.9e-63  208.3  10.0     4   266    23   352    20   353 0.77 -
919955at2759_431895_0:0013ec|NODE_445_length_20372_cov_68.899778:12266-13415  -            373 919955at2759         -            267   5.7e-66  216.5  10.0   1   1   2.3e-63   2.3e-63  208.0  10.0     4   266    21   350    18   351 0.77 -
919955at2759_6210_0:00133f|NODE_445_length_20372_cov_68.899778:12272-13430    -            375 919955at2759         -            267   5.8e-66  216.5  10.0   1   1   2.3e-63   2.3e-63  207.9  10.0     4   266    19   348    16   349 0.77 -
919955at2759_6198_0:000b88|NODE_445_length_20372_cov_68.899778:12266-13430    -            377 919955at2759         -            267     6e-66  216.4  10.0   1   1   2.3e-63   2.4e-63  207.9  10.0     4   266    21   350    18   351 0.77 -
919955at2759_32264_0:002080|NODE_445_length_20372_cov_68.899778:12263-13430   -            378 919955at2759         -            267     6e-66  216.4  10.0   1   1   2.4e-63   2.4e-63  207.9  10.0     4   266    22   351    19   352 0.77 -
919955at2759_41427_0:0025f5|NODE_445_length_20372_cov_68.899778:12263-13430   -            378 919955at2759         -            267     6e-66  216.4  10.0   1   1   2.4e-63   2.4e-63  207.9  10.0     4   266    22   351    19   352 0.77 -
919955at2759_6183_0:00288a|NODE_445_length_20372_cov_68.899778:12263-13430    -            378 919955at2759         -            267     6e-66  216.4  10.0   1   1   2.4e-63   2.4e-63  207.9  10.0     4   266    22   351    19   352 0.77 -
919955at2759_7176_0:00454d|NODE_445_length_20372_cov_68.899778:12263-13430    -            378 919955at2759         -            267     6e-66  216.4  10.0   1   1   2.4e-63   2.4e-63  207.9  10.0     4   266    22   351    19   352 0.77 -
919955at2759_10181_0:0020ca|NODE_445_length_20372_cov_68.899778:12260-13430   -            379 919955at2759         -            267   6.1e-66  216.4  10.0   1   1   2.4e-63   2.4e-63  207.9  10.0     4   266    23   352    20   353 0.77 -
919955at2759_10224_0:001bb3|NODE_445_length_20372_cov_68.899778:12260-13430   -            379 919955at2759         -            267   6.1e-66  216.4  10.0   1   1   2.4e-63   2.4e-63  207.9  10.0     4   266    23   352    20   353 0.77 -
919955at2759_103695_0:003351|NODE_445_length_20372_cov_68.899778:12260-13430  -            379 919955at2759         -            267   6.1e-66  216.4  10.0   1   1   2.4e-63   2.4e-63  207.9  10.0     4   266    23   352    20   353 0.77 -
919955at2759_1049336_0:000ad0|NODE_445_length_20372_cov_68.899778:12260-13430 -            379 919955at2759         -            267   6.1e-66  216.4  10.0   1   1   2.4e-63   2.4e-63  207.9  10.0     4   266    23   352    20   353 0.77 -
919955at2759_105023_0:001f83|NODE_445_length_20372_cov_68.899778:12260-13430  -            379 919955at2759         -            267   6.1e-66  216.4  10.0   1   1   2.4e-63   2.4e-63  207.9  10.0     4   266    23   352    20   353 0.77 -
919955at2759_113540_0:004d19|NODE_445_length_20372_cov_68.899778:12260-13430  -            379 919955at2759         -            267   6.1e-66  216.4  10.0   1   1   2.4e-63   2.4e-63  207.9  10.0     4   266    23   352    20   353 0.77 -
919955at2759_123851_0:0015e7|NODE_445_length_20372_cov_68.899778:12260-13430  -            379 919955at2759         -            267   6.1e-66  216.4  10.0   1   1   2.4e-63   2.4e-63  207.9  10.0     4   266    23   352    20   353 0.77 -
919955at2759_133434_0:0004e3|NODE_445_length_20372_cov_68.899778:12260-13427  -            379 919955at2759         -            267   6.1e-66  216.4  10.0   1   1   2.4e-63   2.4e-63  207.9  10.0     4   266    23   352    20   353 0.77 -
919955at2759_1676925_0:0038cd|NODE_445_length_20372_cov_68.899778:12260-13430 -            379 919955at2759         -            267   6.1e-66  216.4  10.0   1   1   2.4e-63   2.4e-63  207.9  10.0     4   266    23   352    20   353 0.77 -
919955at2759_186990_0:00486c|NODE_445_length_20372_cov_68.899778:12260-13430  -            379 919955at2759         -            267   6.1e-66  216.4  10.0   1   1   2.4e-63   2.4e-63  207.9  10.0     4   266    23   352    20   353 0.77 -
919955at2759_225164_0:00258a|NODE_445_length_20372_cov_68.899778:12260-13430  -            379 919955at2759         -            267   6.1e-66  216.4  10.0   1   1   2.4e-63   2.4e-63  207.9  10.0     4   266    23   352    20   353 0.77 -
919955at2759_230844_0:0013e6|NODE_445_length_20372_cov_68.899778:12260-13430  -            379 919955at2759         -            267   6.1e-66  216.4  10.0   1   1   2.4e-63   2.4e-63  207.9  10.0     4   266    23   352    20   353 0.77 -
919955at2759_29078_0:0040f0|NODE_445_length_20372_cov_68.899778:12260-13430   -            379 919955at2759         -            267   6.1e-66  216.4  10.0   1   1   2.4e-63   2.4e-63  207.9  10.0     4   266    23   352    20   353 0.77 -
919955at2759_30732_0:005951|NODE_445_length_20372_cov_68.899778:12260-13430   -            379 919955at2759         -            267   6.1e-66  216.4  10.0   1   1   2.4e-63   2.4e-63  207.9  10.0     4   266    23   352    20   353 0.77 -
919955at2759_37621_0:00099b|NODE_445_length_20372_cov_68.899778:12260-13430   -            379 919955at2759         -            267   6.1e-66  216.4  10.0   1   1   2.4e-63   2.4e-63  207.9  10.0     4   266    23   352    20   353 0.77 -
919955at2759_407821_0:0053b6|NODE_445_length_20372_cov_68.899778:12260-13430  -            379 919955at2759         -            267   6.1e-66  216.4  10.0   1   1   2.4e-63   2.4e-63  207.9  10.0     4   266    23   352    20   353 0.77 -
919955at2759_42514_0:005672|NODE_445_length_20372_cov_68.899778:12260-13430   -            379 919955at2759         -            267   6.1e-66  216.4  10.0   1   1   2.4e-63   2.4e-63  207.9  10.0     4   266    23   352    20   353 0.77 -
919955at2759_45351_0:005fdb|NODE_445_length_20372_cov_68.899778:12260-13430   -            379 919955at2759         -            267   6.1e-66  216.4  10.0   1   1   2.4e-63   2.4e-63  207.9  10.0     4   266    23   352    20   353 0.77 -
919955at2759_48498_0:000b42|NODE_445_length_20372_cov_68.899778:12260-13430   -            379 919955at2759         -            267   6.1e-66  216.4  10.0   1   1   2.4e-63   2.4e-63  207.9  10.0     4   266    23   352    20   353 0.77 -
919955at2759_50429_0:00455f|NODE_445_length_20372_cov_68.899778:12260-13430   -            379 919955at2759         -            267   6.1e-66  216.4  10.0   1   1   2.4e-63   2.4e-63  207.9  10.0     4   266    23   352    20   353 0.77 -
919955at2759_60711_0:00022c|NODE_445_length_20372_cov_68.899778:12260-13430   -            379 919955at2759         -            267   6.1e-66  216.4  10.0   1   1   2.4e-63   2.4e-63  207.9  10.0     4   266    23   352    20   353 0.77 -
919955at2759_7200_0:0011ae|NODE_445_length_20372_cov_68.899778:12260-13430    -            379 919955at2759         -            267   6.1e-66  216.4  10.0   1   1   2.4e-63   2.4e-63  207.9  10.0     4   266    23   352    20   353 0.77 -
919955at2759_7739_0:00605f|NODE_445_length_20372_cov_68.899778:12260-13430    -            379 919955at2759         -            267   6.1e-66  216.4  10.0   1   1   2.4e-63   2.4e-63  207.9  10.0     4   266    23   352    20   353 0.77 -
919955at2759_7741_0:0005ed|NODE_445_length_20372_cov_68.899778:12260-13430    -            379 919955at2759         -            267   6.1e-66  216.4  10.0   1   1   2.4e-63   2.4e-63  207.9  10.0     4   266    23   352    20   353 0.77 -
919955at2759_7994_0:000f0d|NODE_445_length_20372_cov_68.899778:12260-13430    -            379 919955at2759         -            267   6.1e-66  216.4  10.0   1   1   2.4e-63   2.4e-63  207.9  10.0     4   266    23   352    20   353 0.77 -
919955at2759_7998_0:0023fa|NODE_445_length_20372_cov_68.899778:12260-13430    -            379 919955at2759         -            267   6.1e-66  216.4  10.0   1   1   2.4e-63   2.4e-63  207.9  10.0     4   266    23   352    20   353 0.77 -
919955at2759_8022_0:002247|NODE_445_length_20372_cov_68.899778:12260-13430    -            379 919955at2759         -            267   6.1e-66  216.4  10.0   1   1   2.4e-63   2.4e-63  207.9  10.0     4   266    23   352    20   353 0.77 -
919955at2759_9365_0:004351|NODE_445_length_20372_cov_68.899778:12260-13430    -            379 919955at2759         -            267   6.1e-66  216.4  10.0   1   1   2.4e-63   2.4e-63  207.9  10.0     4   266    23   352    20   353 0.77 -
919955at2759_9371_0:0046bd|NODE_445_length_20372_cov_68.899778:12260-13430    -            379 919955at2759         -            267   6.1e-66  216.4  10.0   1   1   2.4e-63   2.4e-63  207.9  10.0     4   266    23   352    20   353 0.77 -
919955at2759_9555_0:00363a|NODE_445_length_20372_cov_68.899778:12260-13430    -            379 919955at2759         -            267   6.1e-66  216.4  10.0   1   1   2.4e-63   2.4e-63  207.9  10.0     4   266    23   352    20   353 0.77 -
919955at2759_9668_0:0048b2|NODE_445_length_20372_cov_68.899778:12260-13430    -            379 919955at2759         -            267   6.1e-66  216.4  10.0   1   1   2.4e-63   2.4e-63  207.9  10.0     4   266    23   352    20   353 0.77 -
919955at2759_6945_0:000261|NODE_445_length_20372_cov_68.899778:12257-13430    -            380 919955at2759         -            267   6.2e-66  216.4  10.0   1   1   2.4e-63   2.4e-63  207.9  10.0     4   266    24   353    21   354 0.77 -
919955at2759_7574_0:001454|NODE_445_length_20372_cov_68.899778:12257-13430    -            380 919955at2759         -            267   6.2e-66  216.4  10.0   1   1   2.4e-63   2.4e-63  207.9  10.0     4   266    24   353    21   354 0.77 -
919955at2759_590646_1:00025a|NODE_445_length_20372_cov_68.899778:12377-13403  -            343 919955at2759         -            267   2.4e-63  207.9   8.7   1   1   1.2e-60   1.2e-60  199.1   8.7    12   266     3   324     2   325 0.76 -
919955at2759_645134_1:00103d|NODE_445_length_20372_cov_68.899778:12383-13388  -            336 919955at2759         -            267   3.1e-63  207.5   8.8   1   1   1.4e-60   1.4e-60  198.8   8.8    13   266     2   322     1   323 0.76 -
919955at2759_1128425_1:001b11|NODE_445_length_20372_cov_68.899778:12383-13382 -            334 919955at2759         -            267   3.2e-63  207.5   8.9   1   1   1.5e-60   1.5e-60  198.7   8.9    13   266     2   322     1   323 0.76 -
919955at2759_1754192_1:001d84|NODE_445_length_20372_cov_68.899778:12383-13382 -            334 919955at2759         -            267   3.2e-63  207.5   8.9   1   1   1.5e-60   1.5e-60  198.7   8.9    13   266     2   322     1   323 0.76 -
919955at2759_1754191_1:00194a|NODE_445_length_20372_cov_68.899778:12383-13385 -            335 919955at2759         -            267   3.3e-63  207.5   8.9   1   1   1.5e-60   1.5e-60  198.7   8.9    13   266     2   322     1   323 0.76 -
919955at2759_41875_0:0017e2|NODE_445_length_20372_cov_68.899778:12383-13385   -            335 919955at2759         -            267   3.3e-63  207.5   8.9   1   1   1.5e-60   1.5e-60  198.7   8.9    13   266     2   322     1   323 0.76 -
919955at2759_10020_0:004195|NODE_445_length_20372_cov_68.899778:12377-13430   -            351 919955at2759         -            267   3.3e-63  207.4   9.0   1   1   1.5e-60   1.5e-60  198.7   9.0    12   266     3   324     2   325 0.76 -
919955at2759_198806_0:000f9e|NODE_445_length_20372_cov_68.899778:12377-13430  -            351 919955at2759         -            267   3.3e-63  207.4   9.0   1   1   1.5e-60   1.5e-60  198.7   9.0    12   266     3   324     2   325 0.76 -
919955at2759_3075_0:0018dc|NODE_445_length_20372_cov_68.899778:12383-13394    -            338 919955at2759         -            267   3.5e-63  207.4   9.0   1   1   1.6e-60   1.6e-60  198.6   9.0    13   266     2   322     1   323 0.76 -
919955at2759_13735_0:000450|NODE_445_length_20372_cov_68.899778:12380-13430   -            350 919955at2759         -            267   3.5e-63  207.4   9.0   1   1   1.5e-60   1.5e-60  198.7   9.0    12   266     2   323     1   324 0.76 -
919955at2759_225400_0:002b13|NODE_445_length_20372_cov_68.899778:12380-13430  -            350 919955at2759         -            267   3.5e-63  207.4   9.0   1   1   1.5e-60   1.5e-60  198.7   9.0    12   266     2   323     1   324 0.76 -
919955at2759_1754190_1:00040a|NODE_445_length_20372_cov_68.899778:12383-13412 -            344 919955at2759         -            267   3.6e-63  207.3   8.9   1   1   1.6e-60   1.6e-60  198.6   8.9    13   266     2   322     1   323 0.76 -
919955at2759_1754190_1:0042af|NODE_445_length_20372_cov_68.899778:12383-13412 -            344 919955at2759         -            267   3.6e-63  207.3   8.9   1   1   1.6e-60   1.6e-60  198.6   8.9    13   266     2   322     1   323 0.76 -
919955at2759_1157962_0:0018b4|NODE_445_length_20372_cov_68.899778:12383-13415 -            345 919955at2759         -            267   3.7e-63  207.3   8.9   1   1   1.7e-60   1.7e-60  198.6   8.9    13   266     2   322     1   323 0.76 -
919955at2759_3055_0:001eea|NODE_445_length_20372_cov_68.899778:12383-13415    -            345 919955at2759         -            267   3.7e-63  207.3   8.9   1   1   1.7e-60   1.7e-60  198.6   8.9    13   266     2   322     1   323 0.76 -
919955at2759_3068_0:001ae4|NODE_445_length_20372_cov_68.899778:12383-13415    -            345 919955at2759         -            267   3.7e-63  207.3   8.9   1   1   1.7e-60   1.7e-60  198.6   8.9    13   266     2   322     1   323 0.76 -
919955at2759_33097_0:000c6e|NODE_445_length_20372_cov_68.899778:12383-13415   -            345 919955at2759         -            267   3.7e-63  207.3   8.9   1   1   1.7e-60   1.7e-60  198.6   8.9    13   266     2   322     1   323 0.76 -
919955at2759_47790_0:002c3f|NODE_445_length_20372_cov_68.899778:12383-13415   -            345 919955at2759         -            267   3.7e-63  207.3   8.9   1   1   1.7e-60   1.7e-60  198.6   8.9    13   266     2   322     1   323 0.76 -
919955at2759_45607_1:000c88|NODE_445_length_20372_cov_68.899778:12383-13424   -            348 919955at2759         -            267   3.9e-63  207.2   8.9   1   1   1.7e-60   1.7e-60  198.5   8.9    13   266     2   322     1   323 0.76 -
919955at2759_683960_1:000233|NODE_445_length_20372_cov_68.899778:12383-13424  -            348 919955at2759         -            267   3.9e-63  207.2   8.9   1   1   1.7e-60   1.7e-60  198.5   8.9    13   266     2   322     1   323 0.76 -
919955at2759_104421_0:00190a|NODE_445_length_20372_cov_68.899778:12383-13430  -            349 919955at2759         -            267   3.9e-63  207.2   8.9   1   1   1.7e-60   1.7e-60  198.5   8.9    13   266     2   322     1   323 0.76 -
919955at2759_106582_0:0011bb|NODE_445_length_20372_cov_68.899778:12383-13430  -            349 919955at2759         -            267   3.9e-63  207.2   8.9   1   1   1.7e-60   1.7e-60  198.5   8.9    13   266     2   322     1   323 0.76 -
919955at2759_109280_0:00109b|NODE_445_length_20372_cov_68.899778:12383-13430  -            349 919955at2759         -            267   3.9e-63  207.2   8.9   1   1   1.7e-60   1.7e-60  198.5   8.9    13   266     2   322     1   323 0.76 -
919955at2759_110193_0:0002ac|NODE_445_length_20372_cov_68.899778:12383-13430  -            349 919955at2759         -            267   3.9e-63  207.2   8.9   1   1   1.7e-60   1.7e-60  198.5   8.9    13   266     2   322     1   323 0.76 -
919955at2759_114398_0:000130|NODE_445_length_20372_cov_68.899778:12383-13430  -            349 919955at2759         -            267   3.9e-63  207.2   8.9   1   1   1.7e-60   1.7e-60  198.5   8.9    13   266     2   322     1   323 0.76 -
919955at2759_116153_0:002047|NODE_445_length_20372_cov_68.899778:12383-13430  -            349 919955at2759         -            267   3.9e-63  207.2   8.9   1   1   1.7e-60   1.7e-60  198.5   8.9    13   266     2   322     1   323 0.76 -
919955at2759_126957_0:00186a|NODE_445_length_20372_cov_68.899778:12383-13430  -            349 919955at2759         -            267   3.9e-63  207.2   8.9   1   1   1.7e-60   1.7e-60  198.5   8.9    13   266     2   322     1   323 0.76 -
919955at2759_132113_0:002f63|NODE_445_length_20372_cov_68.899778:12383-13430  -            349 919955at2759         -            267   3.9e-63  207.2   8.9   1   1   1.7e-60   1.7e-60  198.5   8.9    13   266     2   322     1   323 0.76 -
919955at2759_13249_0:002ab1|NODE_445_length_20372_cov_68.899778:12383-13430   -            349 919955at2759         -            267   3.9e-63  207.2   8.9   1   1   1.7e-60   1.7e-60  198.5   8.9    13   266     2   322     1   323 0.76 -
919955at2759_133901_0:003df0|NODE_445_length_20372_cov_68.899778:12383-13430  -            349 919955at2759         -            267   3.9e-63  207.2   8.9   1   1   1.7e-60   1.7e-60  198.5   8.9    13   266     2   322     1   323 0.76 -
919955at2759_139723_0:000709|NODE_445_length_20372_cov_68.899778:12383-13430  -            349 919955at2759         -            267   3.9e-63  207.2   8.9   1   1   1.7e-60   1.7e-60  198.5   8.9    13   266     2   322     1   323 0.76 -
919955at2759_150288_0:002ef8|NODE_445_length_20372_cov_68.899778:12383-13430  -            349 919955at2759         -            267   3.9e-63  207.2   8.9   1   1   1.7e-60   1.7e-60  198.5   8.9    13   266     2   322     1   323 0.76 -
919955at2759_156304_0:00039e|NODE_445_length_20372_cov_68.899778:12383-13430  -            349 919955at2759         -            267   3.9e-63  207.2   8.9   1   1   1.7e-60   1.7e-60  198.5   8.9    13   266     2   322     1   323 0.76 -
919955at2759_1608454_0:0006eb|NODE_445_length_20372_cov_68.899778:12383-13430 -            349 919955at2759         -            267   3.9e-63  207.2   8.9   1   1   1.7e-60   1.7e-60  198.5   8.9    13   266     2   322     1   323 0.76 -
919955at2759_1608454_0:005264|NODE_445_length_20372_cov_68.899778:12383-13430 -            349 919955at2759         -            267   3.9e-63  207.2   8.9   1   1   1.7e-60   1.7e-60  198.5   8.9    13   266     2   322     1   323 0.76 -
919955at2759_166361_0:00026c|NODE_445_length_20372_cov_68.899778:12383-13430  -            349 919955at2759         -            267   3.9e-63  207.2   8.9   1   1   1.7e-60   1.7e-60  198.5   8.9    13   266     2   322     1   323 0.76 -
919955at2759_178035_0:00154c|NODE_445_length_20372_cov_68.899778:12383-13430  -            349 919955at2759         -            267   3.9e-63  207.2   8.9   1   1   1.7e-60   1.7e-60  198.5   8.9    13   266     2   322     1   323 0.76 -
919955at2759_1841481_0:002353|NODE_445_length_20372_cov_68.899778:12383-13430 -            349 919955at2759         -            267   3.9e-63  207.2   8.9   1   1   1.7e-60   1.7e-60  198.5   8.9    13   266     2   322     1   323 0.76 -
919955at2759_211228_0:000c82|NODE_445_length_20372_cov_68.899778:12383-13430  -            349 919955at2759         -            267   3.9e-63  207.2   8.9   1   1   1.7e-60   1.7e-60  198.5   8.9    13   266     2   322     1   323 0.76 -
919955at2759_217634_0:003616|NODE_445_length_20372_cov_68.899778:12383-13430  -            349 919955at2759         -            267   3.9e-63  207.2   8.9   1   1   1.7e-60   1.7e-60  198.5   8.9    13   266     2   322     1   323 0.76 -
919955at2759_219809_0:0009b0|NODE_445_length_20372_cov_68.899778:12383-13430  -            349 919955at2759         -            267   3.9e-63  207.2   8.9   1   1   1.7e-60   1.7e-60  198.5   8.9    13   266     2   322     1   323 0.76 -
919955at2759_222816_0:00093f|NODE_445_length_20372_cov_68.899778:12383-13430  -            349 919955at2759         -            267   3.9e-63  207.2   8.9   1   1   1.7e-60   1.7e-60  198.5   8.9    13   266     2   322     1   323 0.76 -
919955at2759_224129_0:000f60|NODE_445_length_20372_cov_68.899778:12383-13430  -            349 919955at2759         -            267   3.9e-63  207.2   8.9   1   1   1.7e-60   1.7e-60  198.5   8.9    13   266     2   322     1   323 0.76 -
919955at2759_259920_0:004db5|NODE_445_length_20372_cov_68.899778:12383-13430  -            349 919955at2759         -            267   3.9e-63  207.2   8.9   1   1   1.7e-60   1.7e-60  198.5   8.9    13   266     2   322     1   323 0.76 -
919955at2759_286706_0:000799|NODE_445_length_20372_cov_68.899778:12383-13430  -            349 919955at2759         -            267   3.9e-63  207.2   8.9   1   1   1.7e-60   1.7e-60  198.5   8.9    13   266     2   322     1   323 0.76 -
919955at2759_28743_0:000ca2|NODE_445_length_20372_cov_68.899778:12383-13430   -            349 919955at2759         -            267   3.9e-63  207.2   8.9   1   1   1.7e-60   1.7e-60  198.5   8.9    13   266     2   322     1   323 0.76 -
919955at2759_29053_0:000bf6|NODE_445_length_20372_cov_68.899778:12383-13430   -            349 919955at2759         -            267   3.9e-63  207.2   8.9   1   1   1.7e-60   1.7e-60  198.5   8.9    13   266     2   322     1   323 0.76 -
919955at2759_294128_0:003c9e|NODE_445_length_20372_cov_68.899778:12383-13430  -            349 919955at2759         -            267   3.9e-63  207.2   8.9   1   1   1.7e-60   1.7e-60  198.5   8.9    13   266     2   322     1   323 0.76 -
919955at2759_30069_0:002691|NODE_445_length_20372_cov_68.899778:12383-13430   -            349 919955at2759         -            267   3.9e-63  207.2   8.9   1   1   1.7e-60   1.7e-60  198.5   8.9    13   266     2   322     1   323 0.76 -
919955at2759_307491_0:0037d0|NODE_445_length_20372_cov_68.899778:12383-13430  -            349 919955at2759         -            267   3.9e-63  207.2   8.9   1   1   1.7e-60   1.7e-60  198.5   8.9    13   266     2   322     1   323 0.76 -
919955at2759_31033_0:0025b5|NODE_445_length_20372_cov_68.899778:12383-13430   -            349 919955at2759         -            267   3.9e-63  207.2   8.9   1   1   1.7e-60   1.7e-60  198.5   8.9    13   266     2   322     1   323 0.76 -
919955at2759_319348_0:0013a5|NODE_445_length_20372_cov_68.899778:12383-13430  -            349 919955at2759         -            267   3.9e-63  207.2   8.9   1   1   1.7e-60   1.7e-60  198.5   8.9    13   266     2   322     1   323 0.76 -
919955at2759_326594_0:000f7d|NODE_445_length_20372_cov_68.899778:12383-13430  -            349 919955at2759         -            267   3.9e-63  207.2   8.9   1   1   1.7e-60   1.7e-60  198.5   8.9    13   266     2   322     1   323 0.76 -
919955at2759_34720_0:000218|NODE_445_length_20372_cov_68.899778:12383-13430   -            349 919955at2759         -            267   3.9e-63  207.2   8.9   1   1   1.7e-60   1.7e-60  198.5   8.9    13   266     2   322     1   323 0.76 -
919955at2759_35570_0:002bf8|NODE_445_length_20372_cov_68.899778:12383-13430   -            349 919955at2759         -            267   3.9e-63  207.2   8.9   1   1   1.7e-60   1.7e-60  198.5   8.9    13   266     2   322     1   323 0.76 -
919955at2759_37344_0:002280|NODE_445_length_20372_cov_68.899778:12383-13430   -            349 919955at2759         -            267   3.9e-63  207.2   8.9   1   1   1.7e-60   1.7e-60  198.5   8.9    13   266     2   322     1   323 0.76 -
919955at2759_42514_0:004a2c|NODE_445_length_20372_cov_68.899778:12383-13430   -            349 919955at2759         -            267   3.9e-63  207.2   8.9   1   1   1.7e-60   1.7e-60  198.5   8.9    13   266     2   322     1   323 0.76 -
919955at2759_43700_0:003e4b|NODE_445_length_20372_cov_68.899778:12383-13430   -            349 919955at2759         -            267   3.9e-63  207.2   8.9   1   1   1.7e-60   1.7e-60  198.5   8.9    13   266     2   322     1   323 0.76 -
919955at2759_441921_0:000dfc|NODE_445_length_20372_cov_68.899778:12383-13430  -            349 919955at2759         -            267   3.9e-63  207.2   8.9   1   1   1.7e-60   1.7e-60  198.5   8.9    13   266     2   322     1   323 0.76 -
919955at2759_454923_0:001c09|NODE_445_length_20372_cov_68.899778:12383-13430  -            349 919955at2759         -            267   3.9e-63  207.2   8.9   1   1   1.7e-60   1.7e-60  198.5   8.9    13   266     2   322     1   323 0.76 -
919955at2759_54969_0:003215|NODE_445_length_20372_cov_68.899778:12383-13430   -            349 919955at2759         -            267   3.9e-63  207.2   8.9   1   1   1.7e-60   1.7e-60  198.5   8.9    13   266     2   322     1   323 0.76 -
919955at2759_56086_0:00453a|NODE_445_length_20372_cov_68.899778:12383-13430   -            349 919955at2759         -            267   3.9e-63  207.2   8.9   1   1   1.7e-60   1.7e-60  198.5   8.9    13   266     2   322     1   323 0.76 -
919955at2759_56723_0:004c6c|NODE_445_length_20372_cov_68.899778:12383-13430   -            349 919955at2759         -            267   3.9e-63  207.2   8.9   1   1   1.7e-60   1.7e-60  198.5   8.9    13   266     2   322     1   323 0.76 -
919955at2759_568069_0:000821|NODE_445_length_20372_cov_68.899778:12383-13430  -            349 919955at2759         -            267   3.9e-63  207.2   8.9   1   1   1.7e-60   1.7e-60  198.5   8.9    13   266     2   322     1   323 0.76 -
919955at2759_595528_0:00187c|NODE_445_length_20372_cov_68.899778:12383-13430  -            349 919955at2759         -            267   3.9e-63  207.2   8.9   1   1   1.7e-60   1.7e-60  198.5   8.9    13   266     2   322     1   323 0.76 -
919955at2759_609295_0:0012dc|NODE_445_length_20372_cov_68.899778:12383-13430  -            349 919955at2759         -            267   3.9e-63  207.2   8.9   1   1   1.7e-60   1.7e-60  198.5   8.9    13   266     2   322     1   323 0.76 -
919955at2759_62324_0:00225e|NODE_445_length_20372_cov_68.899778:12383-13430   -            349 919955at2759         -            267   3.9e-63  207.2   8.9   1   1   1.7e-60   1.7e-60  198.5   8.9    13   266     2   322     1   323 0.76 -
919955at2759_64793_0:000855|NODE_445_length_20372_cov_68.899778:12383-13430   -            349 919955at2759         -            267   3.9e-63  207.2   8.9   1   1   1.7e-60   1.7e-60  198.5   8.9    13   266     2   322     1   323 0.76 -
919955at2759_6500_0:003937|NODE_445_length_20372_cov_68.899778:12383-13430    -            349 919955at2759         -            267   3.9e-63  207.2   8.9   1   1   1.7e-60   1.7e-60  198.5   8.9    13   266     2   322     1   323 0.76 -
919955at2759_6573_0:003225|NODE_445_length_20372_cov_68.899778:12383-13430    -            349 919955at2759         -            267   3.9e-63  207.2   8.9   1   1   1.7e-60   1.7e-60  198.5   8.9    13   266     2   322     1   323 0.76 -
919955at2759_6850_0:0039cb|NODE_445_length_20372_cov_68.899778:12383-13430    -            349 919955at2759         -            267   3.9e-63  207.2   8.9   1   1   1.7e-60   1.7e-60  198.5   8.9    13   266     2   322     1   323 0.76 -
919955at2759_6973_0:0059e0|NODE_445_length_20372_cov_68.899778:12383-13430    -            349 919955at2759         -            267   3.9e-63  207.2   8.9   1   1   1.7e-60   1.7e-60  198.5   8.9    13   266     2   322     1   323 0.76 -
919955at2759_7004_0:001a8a|NODE_445_length_20372_cov_68.899778:12383-13430    -            349 919955at2759         -            267   3.9e-63  207.2   8.9   1   1   1.7e-60   1.7e-60  198.5   8.9    13   266     2   322     1   323 0.76 -
919955at2759_7070_0:001a3b|NODE_445_length_20372_cov_68.899778:12383-13430    -            349 919955at2759         -            267   3.9e-63  207.2   8.9   1   1   1.7e-60   1.7e-60  198.5   8.9    13   266     2   322     1   323 0.76 -
919955at2759_7159_0:000c0e|NODE_445_length_20372_cov_68.899778:12383-13430    -            349 919955at2759         -            267   3.9e-63  207.2   8.9   1   1   1.7e-60   1.7e-60  198.5   8.9    13   266     2   322     1   323 0.76 -
919955at2759_7167_0:001220|NODE_445_length_20372_cov_68.899778:12383-13430    -            349 919955at2759         -            267   3.9e-63  207.2   8.9   1   1   1.7e-60   1.7e-60  198.5   8.9    13   266     2   322     1   323 0.76 -
919955at2759_72036_0:002b5a|NODE_445_length_20372_cov_68.899778:12383-13430   -            349 919955at2759         -            267   3.9e-63  207.2   8.9   1   1   1.7e-60   1.7e-60  198.5   8.9    13   266     2   322     1   323 0.76 -
919955at2759_7213_0:000928|NODE_445_length_20372_cov_68.899778:12383-13430    -            349 919955at2759         -            267   3.9e-63  207.2   8.9   1   1   1.7e-60   1.7e-60  198.5   8.9    13   266     2   322     1   323 0.76 -
919955at2759_7260_0:002927|NODE_445_length_20372_cov_68.899778:12383-13430    -            349 919955at2759         -            267   3.9e-63  207.2   8.9   1   1   1.7e-60   1.7e-60  198.5   8.9    13   266     2   322     1   323 0.76 -
919955at2759_7425_0:000943|NODE_445_length_20372_cov_68.899778:12383-13430    -            349 919955at2759         -            267   3.9e-63  207.2   8.9   1   1   1.7e-60   1.7e-60  198.5   8.9    13   266     2   322     1   323 0.76 -
919955at2759_74533_0:003b47|NODE_445_length_20372_cov_68.899778:12383-13430   -            349 919955at2759         -            267   3.9e-63  207.2   8.9   1   1   1.7e-60   1.7e-60  198.5   8.9    13   266     2   322     1   323 0.76 -
919955at2759_7493_0:0017f8|NODE_445_length_20372_cov_68.899778:12383-13430    -            349 919955at2759         -            267   3.9e-63  207.2   8.9   1   1   1.7e-60   1.7e-60  198.5   8.9    13   266     2   322     1   323 0.76 -
919955at2759_7536_0:000b5e|NODE_445_length_20372_cov_68.899778:12383-13430    -            349 919955at2759         -            267   3.9e-63  207.2   8.9   1   1   1.7e-60   1.7e-60  198.5   8.9    13   266     2   322     1   323 0.76 -
919955at2759_7539_0:000721|NODE_445_length_20372_cov_68.899778:12383-13430    -            349 919955at2759         -            267   3.9e-63  207.2   8.9   1   1   1.7e-60   1.7e-60  198.5   8.9    13   266     2   322     1   323 0.76 -
919955at2759_764103_1:000414|NODE_445_length_20372_cov_68.899778:12383-13430  -            349 919955at2759         -            267   3.9e-63  207.2   8.9   1   1   1.7e-60   1.7e-60  198.5   8.9    13   266     2   322     1   323 0.76 -
919955at2759_77166_0:001f15|NODE_445_length_20372_cov_68.899778:12383-13430   -            349 919955at2759         -            267   3.9e-63  207.2   8.9   1   1   1.7e-60   1.7e-60  198.5   8.9    13   266     2   322     1   323 0.76 -
919955at2759_7719_0:000625|NODE_445_length_20372_cov_68.899778:12383-13430    -            349 919955at2759         -            267   3.9e-63  207.2   8.9   1   1   1.7e-60   1.7e-60  198.5   8.9    13   266     2   322     1   323 0.76 -
919955at2759_7868_0:003ac9|NODE_445_length_20372_cov_68.899778:12383-13430    -            349 919955at2759         -            267   3.9e-63  207.2   8.9   1   1   1.7e-60   1.7e-60  198.5   8.9    13   266     2   322     1   323 0.76 -
919955at2759_7868_0:003eba|NODE_445_length_20372_cov_68.899778:12383-13430    -            349 919955at2759         -            267   3.9e-63  207.2   8.9   1   1   1.7e-60   1.7e-60  198.5   8.9    13   266     2   322     1   323 0.76 -
919955at2759_7897_0:000474|NODE_445_length_20372_cov_68.899778:12383-13430    -            349 919955at2759         -            267   3.9e-63  207.2   8.9   1   1   1.7e-60   1.7e-60  198.5   8.9    13   266     2   322     1   323 0.76 -
919955at2759_7897_0:0040f9|NODE_445_length_20372_cov_68.899778:12383-13430    -            349 919955at2759         -            267   3.9e-63  207.2   8.9   1   1   1.7e-60   1.7e-60  198.5   8.9    13   266     2   322     1   323 0.76 -
919955at2759_7918_0:000bdc|NODE_445_length_20372_cov_68.899778:12383-13430    -            349 919955at2759         -            267   3.9e-63  207.2   8.9   1   1   1.7e-60   1.7e-60  198.5   8.9    13   266     2   322     1   323 0.76 -
919955at2759_7918_0:00440b|NODE_445_length_20372_cov_68.899778:12383-13430    -            349 919955at2759         -            267   3.9e-63  207.2   8.9   1   1   1.7e-60   1.7e-60  198.5   8.9    13   266     2   322     1   323 0.76 -
919955at2759_7950_0:00566b|NODE_445_length_20372_cov_68.899778:12383-13430    -            349 919955at2759         -            267   3.9e-63  207.2   8.9   1   1   1.7e-60   1.7e-60  198.5   8.9    13   266     2   322     1   323 0.76 -
919955at2759_7955_0:006066|NODE_445_length_20372_cov_68.899778:12383-13430    -            349 919955at2759         -            267   3.9e-63  207.2   8.9   1   1   1.7e-60   1.7e-60  198.5   8.9    13   266     2   322     1   323 0.76 -
919955at2759_79782_0:0002b4|NODE_445_length_20372_cov_68.899778:12383-13430   -            349 919955at2759         -            267   3.9e-63  207.2   8.9   1   1   1.7e-60   1.7e-60  198.5   8.9    13   266     2   322     1   323 0.76 -
919955at2759_7994_0:004072|NODE_445_length_20372_cov_68.899778:12383-13430    -            349 919955at2759         -            267   3.9e-63  207.2   8.9   1   1   1.7e-60   1.7e-60  198.5   8.9    13   266     2   322     1   323 0.76 -
919955at2759_7998_0:001cc7|NODE_445_length_20372_cov_68.899778:12383-13430    -            349 919955at2759         -            267   3.9e-63  207.2   8.9   1   1   1.7e-60   1.7e-60  198.5   8.9    13   266     2   322     1   323 0.76 -
919955at2759_8208_0:005a57|NODE_445_length_20372_cov_68.899778:12383-13430    -            349 919955at2759         -            267   3.9e-63  207.2   8.9   1   1   1.7e-60   1.7e-60  198.5   8.9    13   266     2   322     1   323 0.76 -
919955at2759_88015_0:00072d|NODE_445_length_20372_cov_68.899778:12383-13430   -            349 919955at2759         -            267   3.9e-63  207.2   8.9   1   1   1.7e-60   1.7e-60  198.5   8.9    13   266     2   322     1   323 0.76 -
919955at2759_88501_0:002894|NODE_445_length_20372_cov_68.899778:12383-13430   -            349 919955at2759         -            267   3.9e-63  207.2   8.9   1   1   1.7e-60   1.7e-60  198.5   8.9    13   266     2   322     1   323 0.76 -
919955at2759_91411_0:00206e|NODE_445_length_20372_cov_68.899778:12383-13430   -            349 919955at2759         -            267   3.9e-63  207.2   8.9   1   1   1.7e-60   1.7e-60  198.5   8.9    13   266     2   322     1   323 0.76 -
919955at2759_9305_0:004a85|NODE_445_length_20372_cov_68.899778:12383-13430    -            349 919955at2759         -            267   3.9e-63  207.2   8.9   1   1   1.7e-60   1.7e-60  198.5   8.9    13   266     2   322     1   323 0.76 -
919955at2759_1133968_1:000a48|NODE_445_length_20372_cov_68.899778:12386-13370 -            329 919955at2759         -            267   4.6e-63  207.0   8.6   1   1   2.2e-60   2.2e-60  198.2   8.6    13   266     1   321     1   322 0.76 -
919955at2759_143302_0:0042c3|NODE_445_length_20372_cov_68.899778:12386-13430  -            348 919955at2759         -            267   6.3e-63  206.5   8.6   1   1   2.8e-60   2.8e-60  197.8   8.6    13   266     1   321     1   322 0.76 -
919955at2759_156563_0:0017d3|NODE_445_length_20372_cov_68.899778:12386-13430  -            348 919955at2759         -            267   6.3e-63  206.5   8.6   1   1   2.8e-60   2.8e-60  197.8   8.6    13   266     1   321     1   322 0.76 -
919955at2759_261658_1:000b4d|NODE_445_length_20372_cov_68.899778:12386-13430  -            348 919955at2759         -            267   6.3e-63  206.5   8.6   1   1   2.8e-60   2.8e-60  197.8   8.6    13   266     1   321     1   322 0.76 -
919955at2759_328815_0:00079c|NODE_445_length_20372_cov_68.899778:12386-13430  -            348 919955at2759         -            267   6.3e-63  206.5   8.6   1   1   2.8e-60   2.8e-60  197.8   8.6    13   266     1   321     1   322 0.76 -
919955at2759_482537_0:003934|NODE_445_length_20372_cov_68.899778:12386-13430  -            348 919955at2759         -            267   6.3e-63  206.5   8.6   1   1   2.8e-60   2.8e-60  197.8   8.6    13   266     1   321     1   322 0.76 -
919955at2759_50402_0:000ef2|NODE_445_length_20372_cov_68.899778:12386-13430   -            348 919955at2759         -            267   6.3e-63  206.5   8.6   1   1   2.8e-60   2.8e-60  197.8   8.6    13   266     1   321     1   322 0.76 -
919955at2759_535359_0:000cef|NODE_445_length_20372_cov_68.899778:12386-13430  -            348 919955at2759         -            267   6.3e-63  206.5   8.6   1   1   2.8e-60   2.8e-60  197.8   8.6    13   266     1   321     1   322 0.76 -
919955at2759_8502_0:0028f4|NODE_445_length_20372_cov_68.899778:12386-13430    -            348 919955at2759         -            267   6.3e-63  206.5   8.6   1   1   2.8e-60   2.8e-60  197.8   8.6    13   266     1   321     1   322 0.76 -
919955at2759_85066_0:001822|NODE_445_length_20372_cov_68.899778:12386-13430   -            348 919955at2759         -            267   6.3e-63  206.5   8.6   1   1   2.8e-60   2.8e-60  197.8   8.6    13   266     1   321     1   322 0.76 -
919955at2759_9103_0:001956|NODE_445_length_20372_cov_68.899778:12386-13430    -            348 919955at2759         -            267   6.3e-63  206.5   8.6   1   1   2.8e-60   2.8e-60  197.8   8.6    13   266     1   321     1   322 0.76 -
919955at2759_9135_0:00083e|NODE_445_length_20372_cov_68.899778:12386-13430    -            348 919955at2759         -            267   6.3e-63  206.5   8.6   1   1   2.8e-60   2.8e-60  197.8   8.6    13   266     1   321     1   322 0.76 -
919955at2759_932674_0:0015b6|NODE_445_length_20372_cov_68.899778:12386-13430  -            348 919955at2759         -            267   6.3e-63  206.5   8.6   1   1   2.8e-60   2.8e-60  197.8   8.6    13   266     1   321     1   322 0.76 -
919955at2759_175836_0:003357|NODE_445_length_20372_cov_68.899778:12425-13430  -            335 919955at2759         -            267   7.5e-63  206.3   5.2   1   1   3.4e-60   3.4e-60  197.6   5.2    26   266    11   308     5   309 0.78 -
919955at2759_8897_0:002559|NODE_445_length_20372_cov_68.899778:12395-13430    -            345 919955at2759         -            267   8.6e-63  206.1   5.4   1   1   3.6e-60   3.6e-60  197.5   5.4    25   266    20   318     7   319 0.78 -
919955at2759_381198_0:002fbc|NODE_445_length_20372_cov_68.899778:12413-13430  -            339 919955at2759         -            267   8.6e-63  206.1   5.4   1   1   3.8e-60   3.9e-60  197.4   5.4    25   266    14   312     8   313 0.78 -
919955at2759_244447_0:001085|NODE_445_length_20372_cov_68.899778:12401-13430  -            343 919955at2759         -            267   9.3e-63  206.0   5.5   1   1   4.2e-60   4.2e-60  197.2   5.5    25   266    18   316    12   317 0.78 -
919955at2759_1230840_0:002fa3|NODE_445_length_20372_cov_68.899778:12389-13430 -            347 919955at2759         -            267   1.5e-62  205.3   8.3   1   1   6.3e-60   6.3e-60  196.7   8.3    14   266     1   320     1   321 0.76 -
919955at2759_185453_0:004899|NODE_445_length_20372_cov_68.899778:12389-13430  -            347 919955at2759         -            267   1.5e-62  205.3   8.3   1   1   6.3e-60   6.3e-60  196.7   8.3    14   266     1   320     1   321 0.76 -
919955at2759_188379_0:002108|NODE_445_length_20372_cov_68.899778:12389-13430  -            347 919955at2759         -            267   1.5e-62  205.3   8.3   1   1   6.3e-60   6.3e-60  196.7   8.3    14   266     1   320     1   321 0.76 -
919955at2759_336983_0:004916|NODE_445_length_20372_cov_68.899778:12389-13430  -            347 919955at2759         -            267   1.5e-62  205.3   8.3   1   1   6.3e-60   6.3e-60  196.7   8.3    14   266     1   320     1   321 0.76 -
919955at2759_59729_0:001727|NODE_445_length_20372_cov_68.899778:12389-13430   -            347 919955at2759         -            267   1.5e-62  205.3   8.3   1   1   6.3e-60   6.3e-60  196.7   8.3    14   266     1   320     1   321 0.76 -
919955at2759_8255_0:004f7c|NODE_445_length_20372_cov_68.899778:12389-13430    -            347 919955at2759         -            267   1.5e-62  205.3   8.3   1   1   6.3e-60   6.3e-60  196.7   8.3    14   266     1   320     1   321 0.76 -
919955at2759_9606_0:002cc2|NODE_445_length_20372_cov_68.899778:12389-13430    -            347 919955at2759         -            267   1.5e-62  205.3   8.3   1   1   6.3e-60   6.3e-60  196.7   8.3    14   266     1   320     1   321 0.76 -
919955at2759_32507_0:0043f0|NODE_445_length_20372_cov_68.899778:12464-13430   -            322 919955at2759         -            267   3.2e-62  204.2   4.8   1   1   1.3e-59   1.3e-59  195.6   4.8    30   266     2   295     1   296 0.77 -
919955at2759_61621_0:0023c1|NODE_445_length_20372_cov_68.899778:12260-13430   -            329 919955at2759         -            267   3.9e-62  203.9  10.9   1   2   2.1e-05   2.1e-05   17.9   0.5     4    48    23    77    20    81 0.75 -
919955at2759_61621_0:0023c1|NODE_445_length_20372_cov_68.899778:12260-13430   -            329 919955at2759         -            267   3.9e-62  203.9  10.9   2   2   4.3e-56   4.3e-56  184.1   4.5    81   266    82   302    77   303 0.84 -
919955at2759_52612_0:003096|NODE_445_length_20372_cov_68.899778:12260-13376   -            324 919955at2759         -            267   7.7e-61  199.7   4.3   1   1   8.2e-59   8.3e-59  193.0   4.3    32   266    42   314    19   315 0.81 -
919955at2759_74869_0:00235f|NODE_445_length_20372_cov_68.899778:12455-13325   -            291 919955at2759         -            267   8.2e-60  196.3   4.5   1   1     4e-57   4.1e-57  187.5   4.5    28   259     3   291     1   291 0.77 -
919955at2759_378494_0:00273a|NODE_445_length_20372_cov_68.899778:12539-13430  -            297 919955at2759         -            267   1.9e-59  195.1   3.9   1   1   1.7e-57   1.7e-57  188.7   3.9    38   266     4   270     1   271 0.79 -
919955at2759_29073_0:002b77|NODE_445_length_20372_cov_68.899778:12557-13430   -            291 919955at2759         -            267     4e-59  194.0   3.9   1   1   3.9e-57   3.9e-57  187.5   3.9    71   266    34   264     2   265 0.81 -
919955at2759_6958_0:00095b|NODE_445_length_20372_cov_68.899778:12572-13430    -            286 919955at2759         -            267   5.8e-59  193.5   4.2   1   1   5.5e-57   5.5e-57  187.0   4.2    72   266    30   259     2   260 0.82 -
919955at2759_7668_0:0058e1|NODE_445_length_20372_cov_68.899778:12572-13427    -            286 919955at2759         -            267   5.8e-59  193.5   4.2   1   1   5.5e-57   5.5e-57  187.0   4.2    72   266    30   259     2   260 0.82 -
919955at2759_8019_0:008933|NODE_445_length_20372_cov_68.899778:12677-13430    -            251 919955at2759         -            267   2.6e-58  191.4   4.7   1   1   2.9e-56   2.9e-56  184.7   4.7    82   266     5   224     2   225 0.84 -
919955at2759_136037_0:001ae8|NODE_445_length_20372_cov_68.899778:12701-13430  -            243 919955at2759         -            267   4.7e-57  187.3   5.8   1   2   1.6e-28   1.6e-28   93.7   0.9    88   187     3   118     1   123 0.82 -
919955at2759_136037_0:001ae8|NODE_445_length_20372_cov_68.899778:12701-13430  -            243 919955at2759         -            267   4.7e-57  187.3   5.8   2   2   2.4e-29   2.4e-29   96.4   0.3   180   266   127   216   122   217 0.94 -
919955at2759_400682_0:001099|NODE_445_length_20372_cov_68.899778:12257-13406  -            310 919955at2759         -            267   2.7e-55  181.5   6.4   1   2     5e-31     5e-31  101.9   3.4     4   159    24   222    21   227 0.72 -
919955at2759_400682_0:001099|NODE_445_length_20372_cov_68.899778:12257-13406  -            310 919955at2759         -            267   2.7e-55  181.5   6.4   2   2   7.5e-24   7.5e-24   78.4   0.0   205   266   229   290   222   291 0.95 -
919955at2759_1629725_0:001f82|NODE_445_length_20372_cov_68.899778:12764-13430 -            222 919955at2759         -            267   4.3e-53  174.3   6.9   1   1     5e-51     5e-51  167.5   6.9   105   266     1   195     1   196 0.84 -
919955at2759_307959_0:007e8b|NODE_445_length_20372_cov_68.899778:12383-13283  -            301 919955at2759         -            267   4.5e-52  170.9   8.0   1   1   2.5e-49   2.5e-49  161.9   8.0    13   244     2   300     1   301 0.74 -
919955at2759_6526_0:002092|NODE_445_length_20372_cov_68.899778:12260-13430    -            332 919955at2759         -            267   1.3e-50  166.1  11.9   1   2   3.8e-08   3.8e-08   26.9   1.2     4    61    23    90    20   143 0.73 -
919955at2759_6526_0:002092|NODE_445_length_20372_cov_68.899778:12260-13430    -            332 919955at2759         -            267   1.3e-50  166.1  11.9   2   2   4.1e-42   4.2e-42  138.3   3.7   134   266   149   305   138   306 0.85 -
919955at2759_57421_0:000563|NODE_445_length_20372_cov_68.899778:12869-13430   -            187 919955at2759         -            267   9.9e-45  146.9   3.5   1   1   1.4e-42   1.4e-42  139.8   3.5   134   266     4   160     2   161 0.86 -
919955at2759_218467_0:0003d7|NODE_445_length_20372_cov_68.899778:12260-13430  -            284 919955at2759         -            267   1.2e-40  133.5   6.9   1   2   1.7e-22   1.7e-22   74.0   3.5     4   147    23   209    20   211 0.70 -
919955at2759_218467_0:0003d7|NODE_445_length_20372_cov_68.899778:12260-13430  -            284 919955at2759         -            267   1.2e-40  133.5   6.9   2   2   6.1e-18   6.1e-18   59.0   0.1   219   266   210   257   209   258 0.97 -
919955at2759_10141_0:0002d8|NODE_445_length_20372_cov_68.899778:12260-13142   -            284 919955at2759         -            267   4.7e-38  125.0   7.2   1   1   1.2e-37   1.2e-37  123.6   4.4     4   187    23   254    20   261 0.75 -
919955at2759_29031_0:0011b9|NODE_445_length_20372_cov_68.899778:12260-13043   -            251 919955at2759         -            267   5.8e-38  124.7   4.5   1   1   5.1e-37   5.2e-37  121.6   4.5     4   183    23   250    20   251 0.74 -
919955at2759_438503_0:001e03|NODE_445_length_20372_cov_68.899778:12383-12980  -            200 919955at2759         -            267     1e-32  107.5   3.1   1   1   1.1e-31   1.1e-31  104.1   3.1    13   167     2   199     1   200 0.71 -
919955at2759_13146_0:000311|NODE_445_length_20372_cov_68.899778:12605-13076   -            158 919955at2759         -            267   6.2e-31  101.6   0.1   1   1   7.5e-31   7.6e-31  101.3   0.1    74   187    21   150     9   154 0.85 -
919955at2759_6185_0:000e77|NODE_445_length_20372_cov_68.899778:12581-13115    -            179 919955at2759         -            267     7e-31  101.4   0.1   1   1   8.6e-31   8.6e-31  101.2   0.1    72   187    27   158     3   163 0.84 -
919955at2759_8081_0:000a0a|NODE_445_length_20372_cov_68.899778:12695-13142    -            150 919955at2759         -            267   1.3e-29   97.3   0.8   1   2   1.3e-29   1.3e-29   97.3   0.8    85   187     2   120     1   125 0.84 -
919955at2759_8081_0:000a0a|NODE_445_length_20372_cov_68.899778:12695-13142    -            150 919955at2759         -            267   1.3e-29   97.3   0.8   2   2       5.8       5.9    0.1   0.1   180   201   129   150   123   150 0.87 -
919955at2759_10029_0:00514b|NODE_445_length_20372_cov_68.899778:12722-13076   -            119 919955at2759         -            267   4.3e-29   95.6   0.5   1   1   5.1e-29   5.2e-29   95.3   0.5    99   187     9   111     2   115 0.85 -
#
# Program:         hmmsearch
# Version:         3.1b2 (February 2015)
# Pipeline mode:   SEARCH
# Query file:      mb_downloads/eukaryota_odb10/hmms/919955at2759.hmm
# Target file:     -
# Option settings: /opt/conda/envs/compleasm/bin/hmmsearch --domtblout compleasm/eukaryota_odb10/hmmer_output/919955at2759.out --cpu 1 mb_downloads/eukaryota_odb10/hmms/919955at2759.hmm - 
# Current dir:     /in
# Date:            Tue Oct 22 12:39:04 2024
# [ok]
