#                                                                                                                                    --- full sequence --- -------------- this domain -------------   hmm coord   ali coord   env coord
# target name                                                                accession   tlen query name           accession   qlen   E-value  score  bias   #  of  c-Evalue  i-Evalue  score  bias  from    to  from    to  from    to  acc description of target
#                                                        ------------------- ---------- ----- -------------------- ---------- ----- --------- ------ ----- --- --- --------- --------- ------ ----- ----- ----- ----- ----- ----- ----- ---- ---------------------
923657at2759_6087_0:0030eb|NODE_2445_length_10644_cov_70.869689:1883-3109    -            254 923657at2759         -            169   1.9e-34  110.5   0.7   1   2   1.5e-18   1.5e-18   58.8   0.0     3    68     3    74     1    80 0.86 -
923657at2759_6087_0:0030eb|NODE_2445_length_10644_cov_70.869689:1883-3109    -            254 923657at2759         -            169   1.9e-34  110.5   0.7   2   2   1.8e-13   1.8e-13   42.3   0.3    69   167   109   247    98   249 0.71 -
923657at2759_64459_0:0003cb|NODE_2445_length_10644_cov_70.869689:1892-3109   -            253 923657at2759         -            169   8.3e-34  108.4   0.5   1   2   1.5e-18   1.5e-18   58.8   0.0     3    68     3    74     1    80 0.86 -
923657at2759_64459_0:0003cb|NODE_2445_length_10644_cov_70.869689:1892-3109   -            253 923657at2759         -            169   8.3e-34  108.4   0.5   2   2   8.8e-13   8.8e-13   40.0   0.2    69   167   109   249    98   251 0.71 -
923657at2759_7668_0:002973|NODE_2445_length_10644_cov_70.869689:1892-3109    -            253 923657at2759         -            169   8.3e-34  108.4   0.5   1   2   1.5e-18   1.5e-18   58.8   0.0     3    68     3    74     1    80 0.86 -
923657at2759_7668_0:002973|NODE_2445_length_10644_cov_70.869689:1892-3109    -            253 923657at2759         -            169   8.3e-34  108.4   0.5   2   2   8.8e-13   8.8e-13   40.0   0.2    69   167   109   249    98   251 0.71 -
923657at2759_438503_0:0007cc|NODE_2445_length_10644_cov_70.869689:1886-3109  -            255 923657at2759         -            169   8.7e-34  108.4   0.5   1   2   1.5e-18   1.5e-18   58.8   0.0     3    68     3    74     1    80 0.86 -
923657at2759_438503_0:0007cc|NODE_2445_length_10644_cov_70.869689:1886-3109  -            255 923657at2759         -            169   8.7e-34  108.4   0.5   2   2     9e-13     9e-13   40.0   0.2    69   167   109   249    98   251 0.71 -
923657at2759_116153_0:000b40|NODE_2445_length_10644_cov_70.869689:1886-3112  -            256 923657at2759         -            169   8.7e-34  108.4   0.5   1   2   1.5e-18   1.5e-18   58.8   0.0     3    68     4    75     2    81 0.86 -
923657at2759_116153_0:000b40|NODE_2445_length_10644_cov_70.869689:1886-3112  -            256 923657at2759         -            169   8.7e-34  108.4   0.5   2   2   9.1e-13   9.1e-13   40.0   0.2    69   167   110   250    99   252 0.71 -
923657at2759_7038_0:0002ad|NODE_2445_length_10644_cov_70.869689:1886-3112    -            256 923657at2759         -            169   8.7e-34  108.4   0.5   1   2   1.5e-18   1.5e-18   58.8   0.0     3    68     4    75     2    81 0.86 -
923657at2759_7038_0:0002ad|NODE_2445_length_10644_cov_70.869689:1886-3112    -            256 923657at2759         -            169   8.7e-34  108.4   0.5   2   2   9.1e-13   9.1e-13   40.0   0.2    69   167   110   250    99   252 0.71 -
923657at2759_48498_0:005a51|NODE_2445_length_10644_cov_70.869689:1883-3109   -            256 923657at2759         -            169   8.9e-34  108.3   0.5   1   2   1.5e-18   1.5e-18   58.8   0.0     3    68     3    74     1    80 0.86 -
923657at2759_48498_0:005a51|NODE_2445_length_10644_cov_70.869689:1883-3109   -            256 923657at2759         -            169   8.9e-34  108.3   0.5   2   2   9.1e-13   9.1e-13   40.0   0.2    69   167   109   249    98   251 0.71 -
923657at2759_7176_0:002f9f|NODE_2445_length_10644_cov_70.869689:1877-3109    -            257 923657at2759         -            169   9.1e-34  108.3   0.5   1   2   1.5e-18   1.5e-18   58.7   0.0     3    68     3    74     1    80 0.86 -
923657at2759_7176_0:002f9f|NODE_2445_length_10644_cov_70.869689:1877-3109    -            257 923657at2759         -            169   9.1e-34  108.3   0.5   2   2   9.2e-13   9.2e-13   39.9   0.2    69   167   109   249    98   251 0.71 -
923657at2759_348901_1:00268e|NODE_2445_length_10644_cov_70.869689:1889-3094  -            268 923657at2759         -            169   1.1e-33  108.1   0.1   1   3   1.2e-17   1.2e-17   55.8   0.0     6    68     1    69     1    75 0.87 -
923657at2759_348901_1:00268e|NODE_2445_length_10644_cov_70.869689:1889-3094  -            268 923657at2759         -            169   1.1e-33  108.1   0.1   2   3   1.6e-09   1.6e-09   29.4   0.0    69   144   104   203    93   218 0.69 -
923657at2759_348901_1:00268e|NODE_2445_length_10644_cov_70.869689:1889-3094  -            268 923657at2759         -            169   1.1e-33  108.1   0.1   3   3     1e-05     1e-05   17.0   0.0   145   167   241   263   232   265 0.90 -
923657at2759_357750_1:0004ef|NODE_2445_length_10644_cov_70.869689:1889-3094  -            268 923657at2759         -            169   1.1e-33  108.1   0.1   1   3   1.2e-17   1.2e-17   55.8   0.0     6    68     1    69     1    75 0.87 -
923657at2759_357750_1:0004ef|NODE_2445_length_10644_cov_70.869689:1889-3094  -            268 923657at2759         -            169   1.1e-33  108.1   0.1   2   3   1.6e-09   1.6e-09   29.4   0.0    69   144   104   203    93   218 0.69 -
923657at2759_357750_1:0004ef|NODE_2445_length_10644_cov_70.869689:1889-3094  -            268 923657at2759         -            169   1.1e-33  108.1   0.1   3   3     1e-05     1e-05   17.0   0.0   145   167   241   263   232   265 0.90 -
923657at2759_400682_0:001ee0|NODE_2445_length_10644_cov_70.869689:1892-3100  -            250 923657at2759         -            169   1.6e-33  107.5   0.3   1   2   3.2e-18   3.2e-18   57.7   0.0     5    68     2    71     1    77 0.86 -
923657at2759_400682_0:001ee0|NODE_2445_length_10644_cov_70.869689:1892-3100  -            250 923657at2759         -            169   1.6e-33  107.5   0.3   2   2   8.6e-13   8.6e-13   40.0   0.2    69   167   106   246    95   248 0.71 -
923657at2759_217634_0:002212|NODE_2445_length_10644_cov_70.869689:1886-3100  -            252 923657at2759         -            169   1.6e-33  107.5   0.3   1   2   3.2e-18   3.2e-18   57.7   0.0     5    68     2    71     1    77 0.86 -
923657at2759_217634_0:002212|NODE_2445_length_10644_cov_70.869689:1886-3100  -            252 923657at2759         -            169   1.6e-33  107.5   0.3   2   2   8.7e-13   8.7e-13   40.0   0.2    69   167   106   246    95   248 0.71 -
923657at2759_218467_0:0044ff|NODE_2445_length_10644_cov_70.869689:1886-3100  -            252 923657at2759         -            169   1.6e-33  107.5   0.3   1   2   3.2e-18   3.2e-18   57.7   0.0     5    68     2    71     1    77 0.86 -
923657at2759_218467_0:0044ff|NODE_2445_length_10644_cov_70.869689:1886-3100  -            252 923657at2759         -            169   1.6e-33  107.5   0.3   2   2   8.7e-13   8.7e-13   40.0   0.2    69   167   106   246    95   248 0.71 -
923657at2759_34638_0:0027e9|NODE_2445_length_10644_cov_70.869689:1886-3100   -            252 923657at2759         -            169   1.6e-33  107.5   0.3   1   2   3.2e-18   3.2e-18   57.7   0.0     5    68     2    71     1    77 0.86 -
923657at2759_34638_0:0027e9|NODE_2445_length_10644_cov_70.869689:1886-3100   -            252 923657at2759         -            169   1.6e-33  107.5   0.3   2   2   8.7e-13   8.7e-13   40.0   0.2    69   167   106   246    95   248 0.71 -
923657at2759_378494_0:0017ee|NODE_2445_length_10644_cov_70.869689:1886-3100  -            252 923657at2759         -            169   1.6e-33  107.5   0.3   1   2   3.2e-18   3.2e-18   57.7   0.0     5    68     2    71     1    77 0.86 -
923657at2759_378494_0:0017ee|NODE_2445_length_10644_cov_70.869689:1886-3100  -            252 923657at2759         -            169   1.6e-33  107.5   0.3   2   2   8.7e-13   8.7e-13   40.0   0.2    69   167   106   246    95   248 0.71 -
923657at2759_104688_0:001f97|NODE_2445_length_10644_cov_70.869689:1877-3100  -            254 923657at2759         -            169   1.7e-33  107.4   0.3   1   2   3.3e-18   3.3e-18   57.7   0.0     5    68     2    71     1    77 0.86 -
923657at2759_104688_0:001f97|NODE_2445_length_10644_cov_70.869689:1877-3100  -            254 923657at2759         -            169   1.7e-33  107.4   0.3   2   2   8.9e-13   8.9e-13   40.0   0.2    69   167   106   246    95   248 0.71 -
923657at2759_139723_0:002fdf|NODE_2445_length_10644_cov_70.869689:1877-3100  -            254 923657at2759         -            169   1.7e-33  107.4   0.3   1   2   3.3e-18   3.3e-18   57.7   0.0     5    68     2    71     1    77 0.86 -
923657at2759_139723_0:002fdf|NODE_2445_length_10644_cov_70.869689:1877-3100  -            254 923657at2759         -            169   1.7e-33  107.4   0.3   2   2   8.9e-13   8.9e-13   40.0   0.2    69   167   106   246    95   248 0.71 -
923657at2759_174628_0:00212e|NODE_2445_length_10644_cov_70.869689:1877-3100  -            254 923657at2759         -            169   1.7e-33  107.4   0.3   1   2   3.3e-18   3.3e-18   57.7   0.0     5    68     2    71     1    77 0.86 -
923657at2759_174628_0:00212e|NODE_2445_length_10644_cov_70.869689:1877-3100  -            254 923657at2759         -            169   1.7e-33  107.4   0.3   2   2   8.9e-13   8.9e-13   40.0   0.2    69   167   106   246    95   248 0.71 -
923657at2759_224129_0:000558|NODE_2445_length_10644_cov_70.869689:1880-3100  -            254 923657at2759         -            169   1.7e-33  107.4   0.3   1   2   3.3e-18   3.3e-18   57.7   0.0     5    68     2    71     1    77 0.86 -
923657at2759_224129_0:000558|NODE_2445_length_10644_cov_70.869689:1880-3100  -            254 923657at2759         -            169   1.7e-33  107.4   0.3   2   2   8.9e-13   8.9e-13   40.0   0.2    69   167   106   246    95   248 0.71 -
923657at2759_28588_0:0006a6|NODE_2445_length_10644_cov_70.869689:1877-3100   -            254 923657at2759         -            169   1.7e-33  107.4   0.3   1   2   3.3e-18   3.3e-18   57.7   0.0     5    68     2    71     1    77 0.86 -
923657at2759_28588_0:0006a6|NODE_2445_length_10644_cov_70.869689:1877-3100   -            254 923657at2759         -            169   1.7e-33  107.4   0.3   2   2   8.9e-13   8.9e-13   40.0   0.2    69   167   106   246    95   248 0.71 -
923657at2759_41427_0:00076b|NODE_2445_length_10644_cov_70.869689:1877-3100   -            254 923657at2759         -            169   1.7e-33  107.4   0.3   1   2   3.3e-18   3.3e-18   57.7   0.0     5    68     2    71     1    77 0.86 -
923657at2759_41427_0:00076b|NODE_2445_length_10644_cov_70.869689:1877-3100   -            254 923657at2759         -            169   1.7e-33  107.4   0.3   2   2   8.9e-13   8.9e-13   40.0   0.2    69   167   106   246    95   248 0.71 -
923657at2759_43041_0:0029a7|NODE_2445_length_10644_cov_70.869689:1877-3100   -            254 923657at2759         -            169   1.7e-33  107.4   0.3   1   2   3.3e-18   3.3e-18   57.7   0.0     5    68     2    71     1    77 0.86 -
923657at2759_43041_0:0029a7|NODE_2445_length_10644_cov_70.869689:1877-3100   -            254 923657at2759         -            169   1.7e-33  107.4   0.3   2   2   8.9e-13   8.9e-13   40.0   0.2    69   167   106   246    95   248 0.71 -
923657at2759_7070_0:000d82|NODE_2445_length_10644_cov_70.869689:1877-3100    -            254 923657at2759         -            169   1.7e-33  107.4   0.3   1   2   3.3e-18   3.3e-18   57.7   0.0     5    68     2    71     1    77 0.86 -
923657at2759_7070_0:000d82|NODE_2445_length_10644_cov_70.869689:1877-3100    -            254 923657at2759         -            169   1.7e-33  107.4   0.3   2   2   8.9e-13   8.9e-13   40.0   0.2    69   167   106   246    95   248 0.71 -
923657at2759_7165_0:0006e7|NODE_2445_length_10644_cov_70.869689:1877-3100    -            254 923657at2759         -            169   1.7e-33  107.4   0.3   1   2   3.3e-18   3.3e-18   57.7   0.0     5    68     2    71     1    77 0.86 -
923657at2759_7165_0:0006e7|NODE_2445_length_10644_cov_70.869689:1877-3100    -            254 923657at2759         -            169   1.7e-33  107.4   0.3   2   2   8.9e-13   8.9e-13   40.0   0.2    69   167   106   246    95   248 0.71 -
923657at2759_74869_0:002aa8|NODE_2445_length_10644_cov_70.869689:1877-3100   -            254 923657at2759         -            169   1.7e-33  107.4   0.3   1   2   3.3e-18   3.3e-18   57.7   0.0     5    68     2    71     1    77 0.86 -
923657at2759_74869_0:002aa8|NODE_2445_length_10644_cov_70.869689:1877-3100   -            254 923657at2759         -            169   1.7e-33  107.4   0.3   2   2   8.9e-13   8.9e-13   40.0   0.2    69   167   106   246    95   248 0.71 -
923657at2759_7539_0:0010ca|NODE_2445_length_10644_cov_70.869689:1877-3100    -            254 923657at2759         -            169   1.7e-33  107.4   0.3   1   2   3.3e-18   3.3e-18   57.7   0.0     5    68     2    71     1    77 0.86 -
923657at2759_7539_0:0010ca|NODE_2445_length_10644_cov_70.869689:1877-3100    -            254 923657at2759         -            169   1.7e-33  107.4   0.3   2   2   8.9e-13   8.9e-13   40.0   0.2    69   167   106   246    95   248 0.71 -
923657at2759_7739_0:005485|NODE_2445_length_10644_cov_70.869689:1892-3094    -            248 923657at2759         -            169   5.1e-33  105.9   0.4   1   2   1.1e-17   1.1e-17   56.0   0.0     6    68     1    69     1    75 0.87 -
923657at2759_7739_0:005485|NODE_2445_length_10644_cov_70.869689:1892-3094    -            248 923657at2759         -            169   5.1e-33  105.9   0.4   2   2   8.4e-13   8.4e-13   40.1   0.2    69   167   104   244    93   246 0.71 -
923657at2759_7741_0:001554|NODE_2445_length_10644_cov_70.869689:1892-3094    -            248 923657at2759         -            169   5.1e-33  105.9   0.4   1   2   1.1e-17   1.1e-17   56.0   0.0     6    68     1    69     1    75 0.87 -
923657at2759_7741_0:001554|NODE_2445_length_10644_cov_70.869689:1892-3094    -            248 923657at2759         -            169   5.1e-33  105.9   0.4   2   2   8.4e-13   8.4e-13   40.1   0.2    69   167   104   244    93   246 0.71 -
923657at2759_103372_0:0011ce|NODE_2445_length_10644_cov_70.869689:1886-3094  -            250 923657at2759         -            169   5.3e-33  105.8   0.4   1   2   1.1e-17   1.1e-17   56.0   0.0     6    68     1    69     1    75 0.87 -
923657at2759_103372_0:0011ce|NODE_2445_length_10644_cov_70.869689:1886-3094  -            250 923657at2759         -            169   5.3e-33  105.8   0.4   2   2   8.6e-13   8.6e-13   40.0   0.2    69   167   104   244    93   246 0.71 -
923657at2759_104421_0:0022b8|NODE_2445_length_10644_cov_70.869689:1886-3094  -            250 923657at2759         -            169   5.3e-33  105.8   0.4   1   2   1.1e-17   1.1e-17   56.0   0.0     6    68     1    69     1    75 0.87 -
923657at2759_104421_0:0022b8|NODE_2445_length_10644_cov_70.869689:1886-3094  -            250 923657at2759         -            169   5.3e-33  105.8   0.4   2   2   8.6e-13   8.6e-13   40.0   0.2    69   167   104   244    93   246 0.71 -
923657at2759_121845_0:002416|NODE_2445_length_10644_cov_70.869689:1886-3094  -            250 923657at2759         -            169   5.3e-33  105.8   0.4   1   2   1.1e-17   1.1e-17   56.0   0.0     6    68     1    69     1    75 0.87 -
923657at2759_121845_0:002416|NODE_2445_length_10644_cov_70.869689:1886-3094  -            250 923657at2759         -            169   5.3e-33  105.8   0.4   2   2   8.6e-13   8.6e-13   40.0   0.2    69   167   104   244    93   246 0.71 -
923657at2759_219809_0:00134c|NODE_2445_length_10644_cov_70.869689:1886-3094  -            250 923657at2759         -            169   5.3e-33  105.8   0.4   1   2   1.1e-17   1.1e-17   56.0   0.0     6    68     1    69     1    75 0.87 -
923657at2759_219809_0:00134c|NODE_2445_length_10644_cov_70.869689:1886-3094  -            250 923657at2759         -            169   5.3e-33  105.8   0.4   2   2   8.6e-13   8.6e-13   40.0   0.2    69   167   104   244    93   246 0.71 -
923657at2759_222816_0:000696|NODE_2445_length_10644_cov_70.869689:1886-3094  -            250 923657at2759         -            169   5.3e-33  105.8   0.4   1   2   1.1e-17   1.1e-17   56.0   0.0     6    68     1    69     1    75 0.87 -
923657at2759_222816_0:000696|NODE_2445_length_10644_cov_70.869689:1886-3094  -            250 923657at2759         -            169   5.3e-33  105.8   0.4   2   2   8.6e-13   8.6e-13   40.0   0.2    69   167   104   244    93   246 0.71 -
923657at2759_36300_0:0033af|NODE_2445_length_10644_cov_70.869689:1886-3094   -            250 923657at2759         -            169   5.3e-33  105.8   0.4   1   2   1.1e-17   1.1e-17   56.0   0.0     6    68     1    69     1    75 0.87 -
923657at2759_36300_0:0033af|NODE_2445_length_10644_cov_70.869689:1886-3094   -            250 923657at2759         -            169   5.3e-33  105.8   0.4   2   2   8.6e-13   8.6e-13   40.0   0.2    69   167   104   244    93   246 0.71 -
923657at2759_38654_0:002a59|NODE_2445_length_10644_cov_70.869689:1886-3094   -            250 923657at2759         -            169   5.3e-33  105.8   0.4   1   2   1.1e-17   1.1e-17   56.0   0.0     6    68     1    69     1    75 0.87 -
923657at2759_38654_0:002a59|NODE_2445_length_10644_cov_70.869689:1886-3094   -            250 923657at2759         -            169   5.3e-33  105.8   0.4   2   2   8.6e-13   8.6e-13   40.0   0.2    69   167   104   244    93   246 0.71 -
923657at2759_411798_0:0025cb|NODE_2445_length_10644_cov_70.869689:1886-3094  -            250 923657at2759         -            169   5.3e-33  105.8   0.4   1   2   1.1e-17   1.1e-17   56.0   0.0     6    68     1    69     1    75 0.87 -
923657at2759_411798_0:0025cb|NODE_2445_length_10644_cov_70.869689:1886-3094  -            250 923657at2759         -            169   5.3e-33  105.8   0.4   2   2   8.6e-13   8.6e-13   40.0   0.2    69   167   104   244    93   246 0.71 -
923657at2759_456900_0:002af2|NODE_2445_length_10644_cov_70.869689:1886-3094  -            250 923657at2759         -            169   5.3e-33  105.8   0.4   1   2   1.1e-17   1.1e-17   56.0   0.0     6    68     1    69     1    75 0.87 -
923657at2759_456900_0:002af2|NODE_2445_length_10644_cov_70.869689:1886-3094  -            250 923657at2759         -            169   5.3e-33  105.8   0.4   2   2   8.6e-13   8.6e-13   40.0   0.2    69   167   104   244    93   246 0.71 -
923657at2759_520822_0:001183|NODE_2445_length_10644_cov_70.869689:1886-3094  -            250 923657at2759         -            169   5.3e-33  105.8   0.4   1   2   1.1e-17   1.1e-17   56.0   0.0     6    68     1    69     1    75 0.87 -
923657at2759_520822_0:001183|NODE_2445_length_10644_cov_70.869689:1886-3094  -            250 923657at2759         -            169   5.3e-33  105.8   0.4   2   2   8.6e-13   8.6e-13   40.0   0.2    69   167   104   244    93   246 0.71 -
923657at2759_64793_0:0020b3|NODE_2445_length_10644_cov_70.869689:1886-3094   -            250 923657at2759         -            169   5.3e-33  105.8   0.4   1   2   1.1e-17   1.1e-17   56.0   0.0     6    68     1    69     1    75 0.87 -
923657at2759_64793_0:0020b3|NODE_2445_length_10644_cov_70.869689:1886-3094   -            250 923657at2759         -            169   5.3e-33  105.8   0.4   2   2   8.6e-13   8.6e-13   40.0   0.2    69   167   104   244    93   246 0.71 -
923657at2759_7209_0:00193b|NODE_2445_length_10644_cov_70.869689:1886-3094    -            250 923657at2759         -            169   5.3e-33  105.8   0.4   1   2   1.1e-17   1.1e-17   56.0   0.0     6    68     1    69     1    75 0.87 -
923657at2759_7209_0:00193b|NODE_2445_length_10644_cov_70.869689:1886-3094    -            250 923657at2759         -            169   5.3e-33  105.8   0.4   2   2   8.6e-13   8.6e-13   40.0   0.2    69   167   104   244    93   246 0.71 -
923657at2759_83485_0:001b3e|NODE_2445_length_10644_cov_70.869689:1886-3094   -            250 923657at2759         -            169   5.3e-33  105.8   0.4   1   2   1.1e-17   1.1e-17   56.0   0.0     6    68     1    69     1    75 0.87 -
923657at2759_83485_0:001b3e|NODE_2445_length_10644_cov_70.869689:1886-3094   -            250 923657at2759         -            169   5.3e-33  105.8   0.4   2   2   8.6e-13   8.6e-13   40.0   0.2    69   167   104   244    93   246 0.71 -
923657at2759_136037_0:0026b8|NODE_2445_length_10644_cov_70.869689:1877-3094  -            252 923657at2759         -            169   5.6e-33  105.7   0.4   1   2   1.1e-17   1.1e-17   56.0   0.0     6    68     1    69     1    75 0.87 -
923657at2759_136037_0:0026b8|NODE_2445_length_10644_cov_70.869689:1877-3094  -            252 923657at2759         -            169   5.6e-33  105.7   0.4   2   2   8.7e-13   8.7e-13   40.0   0.2    69   167   104   244    93   246 0.71 -
923657at2759_166361_0:0020a6|NODE_2445_length_10644_cov_70.869689:1877-3094  -            252 923657at2759         -            169   5.6e-33  105.7   0.4   1   2   1.1e-17   1.1e-17   56.0   0.0     6    68     1    69     1    75 0.87 -
923657at2759_166361_0:0020a6|NODE_2445_length_10644_cov_70.869689:1877-3094  -            252 923657at2759         -            169   5.6e-33  105.7   0.4   2   2   8.7e-13   8.7e-13   40.0   0.2    69   167   104   244    93   246 0.71 -
923657at2759_28612_0:0013e3|NODE_2445_length_10644_cov_70.869689:1880-3094   -            252 923657at2759         -            169   5.6e-33  105.7   0.4   1   2   1.1e-17   1.1e-17   56.0   0.0     6    68     1    69     1    75 0.87 -
923657at2759_28612_0:0013e3|NODE_2445_length_10644_cov_70.869689:1880-3094   -            252 923657at2759         -            169   5.6e-33  105.7   0.4   2   2   8.7e-13   8.7e-13   40.0   0.2    69   167   104   244    93   246 0.71 -
923657at2759_29053_0:00076a|NODE_2445_length_10644_cov_70.869689:1877-3094   -            252 923657at2759         -            169   5.6e-33  105.7   0.4   1   2   1.1e-17   1.1e-17   56.0   0.0     6    68     1    69     1    75 0.87 -
923657at2759_29053_0:00076a|NODE_2445_length_10644_cov_70.869689:1877-3094   -            252 923657at2759         -            169   5.6e-33  105.7   0.4   2   2   8.7e-13   8.7e-13   40.0   0.2    69   167   104   244    93   246 0.71 -
923657at2759_319348_0:002043|NODE_2445_length_10644_cov_70.869689:1877-3094  -            252 923657at2759         -            169   5.6e-33  105.7   0.4   1   2   1.1e-17   1.1e-17   56.0   0.0     6    68     1    69     1    75 0.87 -
923657at2759_319348_0:002043|NODE_2445_length_10644_cov_70.869689:1877-3094  -            252 923657at2759         -            169   5.6e-33  105.7   0.4   2   2   8.7e-13   8.7e-13   40.0   0.2    69   167   104   244    93   246 0.71 -
923657at2759_32264_0:00115f|NODE_2445_length_10644_cov_70.869689:1880-3094   -            252 923657at2759         -            169   5.6e-33  105.7   0.4   1   2   1.1e-17   1.1e-17   56.0   0.0     6    68     1    69     1    75 0.87 -
923657at2759_32264_0:00115f|NODE_2445_length_10644_cov_70.869689:1880-3094   -            252 923657at2759         -            169   5.6e-33  105.7   0.4   2   2   8.7e-13   8.7e-13   40.0   0.2    69   167   104   244    93   246 0.71 -
923657at2759_35570_0:002cd5|NODE_2445_length_10644_cov_70.869689:1877-3094   -            252 923657at2759         -            169   5.6e-33  105.7   0.4   1   2   1.1e-17   1.1e-17   56.0   0.0     6    68     1    69     1    75 0.87 -
923657at2759_35570_0:002cd5|NODE_2445_length_10644_cov_70.869689:1877-3094   -            252 923657at2759         -            169   5.6e-33  105.7   0.4   2   2   8.7e-13   8.7e-13   40.0   0.2    69   167   104   244    93   246 0.71 -
923657at2759_568069_0:00188e|NODE_2445_length_10644_cov_70.869689:1877-3094  -            252 923657at2759         -            169   5.6e-33  105.7   0.4   1   2   1.1e-17   1.1e-17   56.0   0.0     6    68     1    69     1    75 0.87 -
923657at2759_568069_0:00188e|NODE_2445_length_10644_cov_70.869689:1877-3094  -            252 923657at2759         -            169   5.6e-33  105.7   0.4   2   2   8.7e-13   8.7e-13   40.0   0.2    69   167   104   244    93   246 0.71 -
923657at2759_609295_0:001f0e|NODE_2445_length_10644_cov_70.869689:1877-3094  -            252 923657at2759         -            169   5.6e-33  105.7   0.4   1   2   1.1e-17   1.1e-17   56.0   0.0     6    68     1    69     1    75 0.87 -
923657at2759_609295_0:001f0e|NODE_2445_length_10644_cov_70.869689:1877-3094  -            252 923657at2759         -            169   5.6e-33  105.7   0.4   2   2   8.7e-13   8.7e-13   40.0   0.2    69   167   104   244    93   246 0.71 -
923657at2759_69004_0:000ccb|NODE_2445_length_10644_cov_70.869689:1877-3094   -            252 923657at2759         -            169   5.6e-33  105.7   0.4   1   2   1.1e-17   1.1e-17   56.0   0.0     6    68     1    69     1    75 0.87 -
923657at2759_69004_0:000ccb|NODE_2445_length_10644_cov_70.869689:1877-3094   -            252 923657at2759         -            169   5.6e-33  105.7   0.4   2   2   8.7e-13   8.7e-13   40.0   0.2    69   167   104   244    93   246 0.71 -
923657at2759_7159_0:0014d8|NODE_2445_length_10644_cov_70.869689:1877-3094    -            252 923657at2759         -            169   5.6e-33  105.7   0.4   1   2   1.1e-17   1.1e-17   56.0   0.0     6    68     1    69     1    75 0.87 -
923657at2759_7159_0:0014d8|NODE_2445_length_10644_cov_70.869689:1877-3094    -            252 923657at2759         -            169   5.6e-33  105.7   0.4   2   2   8.7e-13   8.7e-13   40.0   0.2    69   167   104   244    93   246 0.71 -
923657at2759_7213_0:000245|NODE_2445_length_10644_cov_70.869689:1880-3094    -            252 923657at2759         -            169   5.6e-33  105.7   0.4   1   2   1.1e-17   1.1e-17   56.0   0.0     6    68     1    69     1    75 0.87 -
923657at2759_7213_0:000245|NODE_2445_length_10644_cov_70.869689:1880-3094    -            252 923657at2759         -            169   5.6e-33  105.7   0.4   2   2   8.7e-13   8.7e-13   40.0   0.2    69   167   104   244    93   246 0.71 -
923657at2759_74873_0:0009d7|NODE_2445_length_10644_cov_70.869689:1877-3094   -            252 923657at2759         -            169   5.6e-33  105.7   0.4   1   2   1.1e-17   1.1e-17   56.0   0.0     6    68     1    69     1    75 0.87 -
923657at2759_74873_0:0009d7|NODE_2445_length_10644_cov_70.869689:1877-3094   -            252 923657at2759         -            169   5.6e-33  105.7   0.4   2   2   8.7e-13   8.7e-13   40.0   0.2    69   167   104   244    93   246 0.71 -
923657at2759_6198_0:00046e|NODE_2445_length_10644_cov_70.869689:1913-3100    -            243 923657at2759         -            169   1.1e-32  104.8   0.3   1   2     3e-18     3e-18   57.8   0.0     5    68     2    71     1    77 0.86 -
923657at2759_6198_0:00046e|NODE_2445_length_10644_cov_70.869689:1913-3100    -            243 923657at2759         -            169   1.1e-32  104.8   0.3   2   2   6.7e-12   6.7e-12   37.1   0.1    69   162   106   241    95   243 0.71 -
923657at2759_10228_0:002308|NODE_2445_length_10644_cov_70.869689:1886-3091   -            249 923657at2759         -            169   2.6e-32  103.5   0.4   1   2   5.2e-17   5.2e-17   53.8   0.0     7    68     1    68     1    74 0.86 -
923657at2759_10228_0:002308|NODE_2445_length_10644_cov_70.869689:1886-3091   -            249 923657at2759         -            169   2.6e-32  103.5   0.4   2   2   8.5e-13   8.5e-13   40.1   0.2    69   167   103   243    92   245 0.71 -
923657at2759_6185_0:002770|NODE_2445_length_10644_cov_70.869689:1928-3100    -            236 923657at2759         -            169   7.4e-32  102.1   0.6   1   2   2.9e-18   2.9e-18   57.9   0.0     5    68     2    71     1    77 0.86 -
923657at2759_6185_0:002770|NODE_2445_length_10644_cov_70.869689:1928-3100    -            236 923657at2759         -            169   7.4e-32  102.1   0.6   2   2   4.3e-11   4.3e-11   34.5   0.3    69   159   106   236    95   236 0.70 -
923657at2759_144034_0:000258|NODE_2445_length_10644_cov_70.869689:1886-3094  -            235 923657at2759         -            169   1.1e-31  101.5   0.6   1   3   9.5e-18   9.5e-18   56.2   0.0     6    68     1    69     1    75 0.87 -
923657at2759_144034_0:000258|NODE_2445_length_10644_cov_70.869689:1886-3094  -            235 923657at2759         -            169   1.1e-31  101.5   0.6   2   3   4.5e-08   4.5e-08   24.7   0.0    69   102   104   142    93   166 0.72 -
923657at2759_144034_0:000258|NODE_2445_length_10644_cov_70.869689:1886-3094  -            235 923657at2759         -            169   1.1e-31  101.5   0.6   3   3   8.3e-06   8.3e-06   17.3   0.1   145   167   207   229   195   231 0.89 -
923657at2759_2015173_0:001f2b|NODE_2445_length_10644_cov_70.869689:1886-3094 -            235 923657at2759         -            169   1.1e-31  101.5   0.6   1   3   9.5e-18   9.5e-18   56.2   0.0     6    68     1    69     1    75 0.87 -
923657at2759_2015173_0:001f2b|NODE_2445_length_10644_cov_70.869689:1886-3094 -            235 923657at2759         -            169   1.1e-31  101.5   0.6   2   3   4.5e-08   4.5e-08   24.7   0.0    69   102   104   142    93   166 0.72 -
923657at2759_2015173_0:001f2b|NODE_2445_length_10644_cov_70.869689:1886-3094 -            235 923657at2759         -            169   1.1e-31  101.5   0.6   3   3   8.3e-06   8.3e-06   17.3   0.1   145   167   207   229   195   231 0.89 -
923657at2759_6412_0:002cec|NODE_2445_length_10644_cov_70.869689:1925-3109    -            242 923657at2759         -            169   1.1e-31  101.5   0.5   1   2   1.4e-18   1.4e-18   58.9   0.0     3    68     3    74     1    80 0.86 -
923657at2759_6412_0:002cec|NODE_2445_length_10644_cov_70.869689:1925-3109    -            242 923657at2759         -            169   1.1e-31  101.5   0.5   2   2   1.3e-10   1.3e-10   33.0   0.2    69   159   109   241    98   242 0.70 -
923657at2759_29159_0:00209c|NODE_2445_length_10644_cov_70.869689:1883-3094   -            236 923657at2759         -            169   1.1e-31  101.5   0.6   1   3   9.6e-18   9.6e-18   56.2   0.0     6    68     1    69     1    75 0.87 -
923657at2759_29159_0:00209c|NODE_2445_length_10644_cov_70.869689:1883-3094   -            236 923657at2759         -            169   1.1e-31  101.5   0.6   2   3   4.5e-08   4.5e-08   24.7   0.0    69   102   104   142    93   166 0.72 -
923657at2759_29159_0:00209c|NODE_2445_length_10644_cov_70.869689:1883-3094   -            236 923657at2759         -            169   1.1e-31  101.5   0.6   3   3   8.3e-06   8.3e-06   17.3   0.1   145   167   207   229   195   231 0.89 -
923657at2759_610380_0:001d91|NODE_2445_length_10644_cov_70.869689:1877-3094  -            237 923657at2759         -            169   1.1e-31  101.5   0.6   1   3   9.7e-18   9.7e-18   56.1   0.0     6    68     1    69     1    75 0.87 -
923657at2759_610380_0:001d91|NODE_2445_length_10644_cov_70.869689:1877-3094  -            237 923657at2759         -            169   1.1e-31  101.5   0.6   2   3   4.6e-08   4.6e-08   24.7   0.0    69   102   104   142    93   166 0.72 -
923657at2759_610380_0:001d91|NODE_2445_length_10644_cov_70.869689:1877-3094  -            237 923657at2759         -            169   1.1e-31  101.5   0.6   3   3   8.4e-06   8.4e-06   17.3   0.1   145   167   207   229   195   231 0.89 -
923657at2759_236234_1:002448|NODE_2445_length_10644_cov_70.869689:1889-3112  -            285 923657at2759         -            169   2.8e-31  100.2   0.6   1   3   1.9e-18   1.9e-18   58.5   0.0     3    68     4    75     2    81 0.86 -
923657at2759_236234_1:002448|NODE_2445_length_10644_cov_70.869689:1889-3112  -            285 923657at2759         -            169   2.8e-31  100.2   0.6   2   3   6.7e-06   6.7e-06   17.6   0.1    81   144   136   220   102   235 0.63 -
923657at2759_236234_1:002448|NODE_2445_length_10644_cov_70.869689:1889-3112  -            285 923657at2759         -            169   2.8e-31  100.2   0.6   3   3   1.1e-05   1.1e-05   16.9   0.0   145   167   258   280   249   282 0.90 -
923657at2759_1720309_0:003750|NODE_2445_length_10644_cov_70.869689:1925-3094 -            237 923657at2759         -            169   6.7e-31   99.0   0.4   1   2   9.7e-18   9.7e-18   56.1   0.0     6    68     1    69     1    75 0.87 -
923657at2759_1720309_0:003750|NODE_2445_length_10644_cov_70.869689:1925-3094 -            237 923657at2759         -            169   6.7e-31   99.0   0.4   2   2   1.2e-10   1.2e-10   33.0   0.2    69   159   104   236    93   237 0.70 -
923657at2759_6334_0:00085d|NODE_2445_length_10644_cov_70.869689:1883-3106    -            264 923657at2759         -            169   8.8e-31   98.6   2.2   1   2   2.3e-18   2.3e-18   58.2   0.0     4    68     3    73     1    79 0.86 -
923657at2759_6334_0:00085d|NODE_2445_length_10644_cov_70.869689:1883-3106    -            264 923657at2759         -            169   8.8e-31   98.6   2.2   2   2   1.2e-09   1.2e-09   29.9   1.1    81   167   134   257    97   259 0.66 -
923657at2759_178035_0:000ebf|NODE_2445_length_10644_cov_70.869689:1877-2956  -            206 923657at2759         -            169   3.5e-21   67.3   0.2   1   2   1.8e-05   1.8e-05   16.2   0.0    47    68     2    23     1    29 0.93 -
923657at2759_178035_0:000ebf|NODE_2445_length_10644_cov_70.869689:1877-2956  -            206 923657at2759         -            169   3.5e-21   67.3   0.2   2   2   4.8e-13   4.8e-13   40.9   0.2    69   167    58   198    47   200 0.71 -
923657at2759_6973_0:004c79|NODE_2445_length_10644_cov_70.869689:1877-2953    -            205 923657at2759         -            169     5e-21   66.8   0.2   1   2   2.5e-05   2.5e-05   15.7   0.0    47    68     1    22     1    28 0.93 -
923657at2759_6973_0:004c79|NODE_2445_length_10644_cov_70.869689:1877-2953    -            205 923657at2759         -            169     5e-21   66.8   0.2   2   2   4.7e-13   4.7e-13   40.9   0.2    69   167    57   197    46   199 0.71 -
923657at2759_13686_0:001c1d|NODE_2445_length_10644_cov_70.869689:1886-2977   -            196 923657at2759         -            169   3.1e-20   64.3   0.2   1   3   6.3e-06   6.3e-06   17.7   0.0    44    68     6    30     1    36 0.87 -
923657at2759_13686_0:001c1d|NODE_2445_length_10644_cov_70.869689:1886-2977   -            196 923657at2759         -            169   3.1e-20   64.3   0.2   2   3   3.2e-08   3.2e-08   25.2   0.0    69   102    65   103    54   127 0.72 -
923657at2759_13686_0:001c1d|NODE_2445_length_10644_cov_70.869689:1886-2977   -            196 923657at2759         -            169   3.1e-20   64.3   0.2   3   3   6.4e-06   6.4e-06   17.7   0.1   145   167   168   190   156   192 0.89 -
923657at2759_70779_0:000ff5|NODE_2445_length_10644_cov_70.869689:1883-3109   -            166 923657at2759         -            169   3.8e-19   60.7   1.8   1   2   1.1e-11   1.1e-11   36.4   0.2     3    42     3    42     1    67 0.90 -
923657at2759_70779_0:000ff5|NODE_2445_length_10644_cov_70.869689:1883-3109   -            166 923657at2759         -            169   3.8e-19   60.7   1.8   2   2   1.9e-06   1.9e-06   19.4   0.1   145   167   137   159    50   161 0.80 -
923657at2759_6958_0:0004c1|NODE_2445_length_10644_cov_70.869689:1922-1991    -             24 923657at2759         -            169   8.5e-06   17.3   0.0   1   1   8.5e-06   8.5e-06   17.3   0.0   145   161     8    24     4    24 0.91 -
#
# Program:         hmmsearch
# Version:         3.1b2 (February 2015)
# Pipeline mode:   SEARCH
# Query file:      mb_downloads/eukaryota_odb10/hmms/923657at2759.hmm
# Target file:     -
# Option settings: /opt/conda/envs/compleasm/bin/hmmsearch --domtblout compleasm/eukaryota_odb10/hmmer_output/923657at2759.out --cpu 1 mb_downloads/eukaryota_odb10/hmms/923657at2759.hmm - 
# Current dir:     /in
# Date:            Tue Oct 22 12:37:58 2024
# [ok]
