#                                                                                                                                    --- full sequence --- -------------- this domain -------------   hmm coord   ali coord   env coord
# target name                                                                accession   tlen query name           accession   qlen   E-value  score  bias   #  of  c-Evalue  i-Evalue  score  bias  from    to  from    to  from    to  acc description of target
#                                                        ------------------- ---------- ----- -------------------- ---------- ----- --------- ------ ----- --- --- --------- --------- ------ ----- ----- ----- ----- ----- ----- ----- ---- ---------------------
939345at2759_6185_0:00265f|NODE_22_length_68392_cov_74.446373:11895-14726    -            218 939345at2759         -            113   1.6e-20   63.6   8.7   1   4   3.8e-06   7.6e-06   16.3   0.3    13    40    35    62    25    94 0.84 -
939345at2759_6185_0:00265f|NODE_22_length_68392_cov_74.446373:11895-14726    -            218 939345at2759         -            113   1.6e-20   63.6   8.7   2   4     3e-10     6e-10   29.5   0.1    29    69    93   134    81   160 0.76 -
939345at2759_6185_0:00265f|NODE_22_length_68392_cov_74.446373:11895-14726    -            218 939345at2759         -            113   1.6e-20   63.6   8.7   3   4     0.018     0.037    4.4   0.1    69    85   157   173   149   179 0.84 -
939345at2759_6185_0:00265f|NODE_22_length_68392_cov_74.446373:11895-14726    -            218 939345at2759         -            113   1.6e-20   63.6   8.7   4   4   1.5e-06     3e-06   17.6   0.1    85   112   188   217   182   218 0.83 -
939345at2759_6183_0:000e1c|NODE_22_length_68392_cov_74.446373:11895-13002    -            228 939345at2759         -            113   2.8e-20   62.8   8.6   1   4     2e-06   3.9e-06   17.2   0.1    15    79    28    92    25   101 0.75 -
939345at2759_6183_0:000e1c|NODE_22_length_68392_cov_74.446373:11895-13002    -            228 939345at2759         -            113   2.8e-20   62.8   8.6   2   4   1.3e-09   2.5e-09   27.5   0.1    34    69   108   144   105   169 0.77 -
939345at2759_6183_0:000e1c|NODE_22_length_68392_cov_74.446373:11895-13002    -            228 939345at2759         -            113   2.8e-20   62.8   8.6   3   4      0.02      0.04    4.3   0.1    69    85   167   183   160   189 0.83 -
939345at2759_6183_0:000e1c|NODE_22_length_68392_cov_74.446373:11895-13002    -            228 939345at2759         -            113   2.8e-20   62.8   8.6   4   4   1.6e-06   3.2e-06   17.5   0.1    85   112   198   227   192   228 0.83 -
939345at2759_6198_0:000f41|NODE_22_length_68392_cov_74.446373:11895-13002    -            228 939345at2759         -            113   2.8e-20   62.8   8.6   1   4     2e-06   3.9e-06   17.2   0.1    15    79    28    92    25   101 0.75 -
939345at2759_6198_0:000f41|NODE_22_length_68392_cov_74.446373:11895-13002    -            228 939345at2759         -            113   2.8e-20   62.8   8.6   2   4   1.3e-09   2.5e-09   27.5   0.1    34    69   108   144   105   169 0.77 -
939345at2759_6198_0:000f41|NODE_22_length_68392_cov_74.446373:11895-13002    -            228 939345at2759         -            113   2.8e-20   62.8   8.6   3   4      0.02      0.04    4.3   0.1    69    85   167   183   160   189 0.83 -
939345at2759_6198_0:000f41|NODE_22_length_68392_cov_74.446373:11895-13002    -            228 939345at2759         -            113   2.8e-20   62.8   8.6   4   4   1.6e-06   3.2e-06   17.5   0.1    85   112   198   227   192   228 0.83 -
939345at2759_29058_0:002029|NODE_22_length_68392_cov_74.446373:11895-12614   -            182 939345at2759         -            113   3.8e-20   62.3  10.3   1   4   8.7e-06   1.7e-05   15.1   0.9    15    40     1    26     1    58 0.87 -
939345at2759_29058_0:002029|NODE_22_length_68392_cov_74.446373:11895-12614   -            182 939345at2759         -            113   3.8e-20   62.3  10.3   2   4   2.3e-10   4.5e-10   29.9   0.1    29    69    57    98    45   123 0.76 -
939345at2759_29058_0:002029|NODE_22_length_68392_cov_74.446373:11895-12614   -            182 939345at2759         -            113   3.8e-20   62.3  10.3   3   4     0.013     0.025    4.9   0.1    69    85   121   137   107   143 0.84 -
939345at2759_29058_0:002029|NODE_22_length_68392_cov_74.446373:11895-12614   -            182 939345at2759         -            113   3.8e-20   62.3  10.3   4   4   1.2e-06   2.3e-06   17.9   0.1    85   112   152   181   146   182 0.83 -
939345at2759_6210_0:002981|NODE_22_length_68392_cov_74.446373:11898-13002    -            227 939345at2759         -            113   4.6e-20   62.1   8.8   1   4   1.9e-06   3.9e-06   17.2   0.1    15    79    28    92    25   101 0.75 -
939345at2759_6210_0:002981|NODE_22_length_68392_cov_74.446373:11898-13002    -            227 939345at2759         -            113   4.6e-20   62.1   8.8   2   4   1.2e-09   2.5e-09   27.5   0.1    34    69   108   144   105   169 0.77 -
939345at2759_6210_0:002981|NODE_22_length_68392_cov_74.446373:11898-13002    -            227 939345at2759         -            113   4.6e-20   62.1   8.8   3   4      0.02      0.04    4.3   0.1    69    85   167   183   160   189 0.83 -
939345at2759_6210_0:002981|NODE_22_length_68392_cov_74.446373:11898-13002    -            227 939345at2759         -            113   4.6e-20   62.1   8.8   4   4   2.5e-06     5e-06   16.8   0.2    85   111   198   226   192   227 0.83 -
939345at2759_1133968_1:0002ba|NODE_22_length_68392_cov_74.446373:11907-12237 -            111 939345at2759         -            113   2.9e-15   46.6   4.3   1   3   3.2e-09   6.3e-09   26.2   0.1    40    69     1    31     1    56 0.74 -
939345at2759_1133968_1:0002ba|NODE_22_length_68392_cov_74.446373:11907-12237 -            111 939345at2759         -            113   2.9e-15   46.6   4.3   2   3    0.0058     0.012    6.0   0.1    69    85    54    70    40    76 0.83 -
939345at2759_1133968_1:0002ba|NODE_22_length_68392_cov_74.446373:11907-12237 -            111 939345at2759         -            113   2.9e-15   46.6   4.3   3   3   3.8e-06   7.7e-06   16.3   0.2    85   108    85   110    78   111 0.82 -
939345at2759_1447883_1:001491|NODE_22_length_68392_cov_74.446373:11901-12069 -             57 939345at2759         -            113   1.5e-08   25.0   0.6   1   2     0.026     0.051    3.9   0.0    72    85     1    14     1    21 0.85 -
939345at2759_1447883_1:001491|NODE_22_length_68392_cov_74.446373:11901-12069 -             57 939345at2759         -            113   1.5e-08   25.0   0.6   2   2   2.5e-07   4.9e-07   20.1   0.1    85   110    29    56    22    57 0.84 -
#
# Program:         hmmsearch
# Version:         3.1b2 (February 2015)
# Pipeline mode:   SEARCH
# Query file:      mb_downloads/eukaryota_odb10/hmms/939345at2759.hmm
# Target file:     -
# Option settings: /opt/conda/envs/compleasm/bin/hmmsearch --domtblout compleasm/eukaryota_odb10/hmmer_output/939345at2759.out --cpu 1 mb_downloads/eukaryota_odb10/hmms/939345at2759.hmm - 
# Current dir:     /in
# Date:            Tue Oct 22 12:37:35 2024
# [ok]
