#                                                                                                                                   --- full sequence --- -------------- this domain -------------   hmm coord   ali coord   env coord
# target name                                                               accession   tlen query name           accession   qlen   E-value  score  bias   #  of  c-Evalue  i-Evalue  score  bias  from    to  from    to  from    to  acc description of target
#                                                       ------------------- ---------- ----- -------------------- ---------- ----- --------- ------ ----- --- --- --------- --------- ------ ----- ----- ----- ----- ----- ----- ----- ---- ---------------------
946128at2759_72036_0:003022|NODE_182_length_28116_cov_81.779842:2344-4289   -            579 946128at2759         -            470  1.1e-113  371.8   2.2   1   1  2.8e-111    3e-111  363.8   2.2     3   460     3   575     1   579 0.84 -
946128at2759_10224_0:001493|NODE_182_length_28116_cov_81.779842:2329-4295   -            619 946128at2759         -            470  4.6e-109  356.6   8.6   1   2     1e-74   1.1e-74  243.3   3.9     3   247     5   274     3   317 0.86 -
946128at2759_10224_0:001493|NODE_182_length_28116_cov_81.779842:2329-4295   -            619 946128at2759         -            470  4.6e-109  356.6   8.6   2   2   7.7e-34   8.4e-34  108.5   0.4   244   464   307   615   301   619 0.79 -
946128at2759_29159_0:003d9f|NODE_182_length_28116_cov_81.779842:2332-4292   -            618 946128at2759         -            470  4.6e-109  356.6   8.6   1   2     1e-74   1.1e-74  243.3   3.9     3   247     4   273     2   316 0.86 -
946128at2759_29159_0:003d9f|NODE_182_length_28116_cov_81.779842:2332-4292   -            618 946128at2759         -            470  4.6e-109  356.6   8.6   2   2   7.7e-34   8.4e-34  108.5   0.4   244   464   306   614   300   618 0.79 -
946128at2759_6183_0:001b0f|NODE_182_length_28116_cov_81.779842:2332-4292    -            618 946128at2759         -            470  4.6e-109  356.6   8.6   1   2     1e-74   1.1e-74  243.3   3.9     3   247     4   273     2   316 0.86 -
946128at2759_6183_0:001b0f|NODE_182_length_28116_cov_81.779842:2332-4292    -            618 946128at2759         -            470  4.6e-109  356.6   8.6   2   2   7.7e-34   8.4e-34  108.5   0.4   244   464   306   614   300   618 0.79 -
946128at2759_6526_0:0031a9|NODE_182_length_28116_cov_81.779842:2332-4289    -            617 946128at2759         -            470  4.8e-109  356.6   8.6   1   2     1e-74   1.1e-74  243.3   3.9     3   247     3   272     1   315 0.86 -
946128at2759_6526_0:0031a9|NODE_182_length_28116_cov_81.779842:2332-4289    -            617 946128at2759         -            470  4.8e-109  356.6   8.6   2   2   7.7e-34   8.3e-34  108.5   0.4   244   464   305   613   299   617 0.79 -
946128at2759_7668_0:0015fd|NODE_182_length_28116_cov_81.779842:2335-4295    -            618 946128at2759         -            470  6.6e-109  356.1   9.0   1   2   5.7e-75   6.2e-75  244.1   2.7     3   247     5   274     3   299 0.88 -
946128at2759_7668_0:0015fd|NODE_182_length_28116_cov_81.779842:2335-4295    -            618 946128at2759         -            470  6.6e-109  356.1   9.0   2   2   8.9e-34   9.7e-34  108.3   0.4   243   463   306   614   300   618 0.79 -
946128at2759_6185_0:00134f|NODE_182_length_28116_cov_81.779842:2335-4292    -            617 946128at2759         -            470  6.7e-109  356.1   9.0   1   2   5.7e-75   6.1e-75  244.1   2.7     3   247     4   273     2   298 0.88 -
946128at2759_6185_0:00134f|NODE_182_length_28116_cov_81.779842:2335-4292    -            617 946128at2759         -            470  6.7e-109  356.1   9.0   2   2   8.9e-34   9.6e-34  108.3   0.4   243   463   305   613   299   617 0.79 -
946128at2759_7004_0:0035be|NODE_182_length_28116_cov_81.779842:2335-4292    -            617 946128at2759         -            470  6.7e-109  356.1   9.0   1   2   5.7e-75   6.1e-75  244.1   2.7     3   247     4   273     2   298 0.88 -
946128at2759_7004_0:0035be|NODE_182_length_28116_cov_81.779842:2335-4292    -            617 946128at2759         -            470  6.7e-109  356.1   9.0   2   2   8.9e-34   9.6e-34  108.3   0.4   243   463   305   613   299   617 0.79 -
946128at2759_39758_0:001b3a|NODE_182_length_28116_cov_81.779842:2344-4289   -            613 946128at2759         -            470  7.4e-109  355.9   8.4   1   2   5.6e-75   6.1e-75  244.1   2.6     3   247     3   272     1   294 0.88 -
946128at2759_39758_0:001b3a|NODE_182_length_28116_cov_81.779842:2344-4289   -            613 946128at2759         -            470  7.4e-109  355.9   8.4   2   2   1.4e-33   1.5e-33  107.6   0.3   243   460   304   609   298   613 0.79 -
946128at2759_7739_0:00173a|NODE_182_length_28116_cov_81.779842:2344-4289    -            613 946128at2759         -            470  7.4e-109  355.9   8.4   1   2   5.6e-75   6.1e-75  244.1   2.6     3   247     3   272     1   294 0.88 -
946128at2759_7739_0:00173a|NODE_182_length_28116_cov_81.779842:2344-4289    -            613 946128at2759         -            470  7.4e-109  355.9   8.4   2   2   1.4e-33   1.5e-33  107.6   0.3   243   460   304   609   298   613 0.79 -
946128at2759_7741_0:004a53|NODE_182_length_28116_cov_81.779842:2344-4289    -            613 946128at2759         -            470  7.4e-109  355.9   8.4   1   2   5.6e-75   6.1e-75  244.1   2.6     3   247     3   272     1   294 0.88 -
946128at2759_7741_0:004a53|NODE_182_length_28116_cov_81.779842:2344-4289    -            613 946128at2759         -            470  7.4e-109  355.9   8.4   2   2   1.4e-33   1.5e-33  107.6   0.3   243   460   304   609   298   613 0.79 -
946128at2759_121845_0:002f2d|NODE_182_length_28116_cov_81.779842:2347-4292  -            613 946128at2759         -            470  9.4e-109  355.6   8.6   1   1  1.8e-103  1.9e-103  338.1   8.6     3   460     4   610     2   613 0.83 -
946128at2759_6198_0:001f95|NODE_182_length_28116_cov_81.779842:2347-4289    -            612 946128at2759         -            470  9.8e-109  355.5   8.6   1   1  1.7e-103  1.9e-103  338.1   8.6     3   460     3   609     1   612 0.83 -
946128at2759_123851_0:003c98|NODE_182_length_28116_cov_81.779842:2329-4277  -            613 946128at2759         -            470  1.3e-108  355.2   8.3   1   2   1.6e-74   1.8e-74  242.6   2.4     8   247     7   268     1   290 0.88 -
946128at2759_123851_0:003c98|NODE_182_length_28116_cov_81.779842:2329-4277  -            613 946128at2759         -            470  1.3e-108  355.2   8.3   2   2   7.7e-34   8.3e-34  108.5   0.4   244   464   301   609   295   613 0.79 -
946128at2759_52612_0:0042b3|NODE_182_length_28116_cov_81.779842:2329-4277   -            613 946128at2759         -            470  1.3e-108  355.2   8.3   1   2   1.6e-74   1.8e-74  242.6   2.4     8   247     7   268     1   290 0.88 -
946128at2759_52612_0:0042b3|NODE_182_length_28116_cov_81.779842:2329-4277   -            613 946128at2759         -            470  1.3e-108  355.2   8.3   2   2   7.7e-34   8.3e-34  108.5   0.4   244   464   301   609   295   613 0.79 -
946128at2759_1608454_0:0043a4|NODE_182_length_28116_cov_81.779842:2359-4292 -            609 946128at2759         -            470  1.7e-108  354.8   8.2   1   1  3.2e-103  3.5e-103  337.2   8.2     3   459     4   609     2   609 0.83 -
946128at2759_32264_0:001724|NODE_182_length_28116_cov_81.779842:2359-4292   -            609 946128at2759         -            470  1.7e-108  354.8   8.2   1   1  3.2e-103  3.5e-103  337.2   8.2     3   459     4   609     2   609 0.83 -
946128at2759_37621_0:001d2e|NODE_182_length_28116_cov_81.779842:2359-4292   -            609 946128at2759         -            470  1.7e-108  354.8   8.2   1   1  3.2e-103  3.5e-103  337.2   8.2     3   459     4   609     2   609 0.83 -
946128at2759_75366_0:009a4a|NODE_182_length_28116_cov_81.779842:2359-4292   -            609 946128at2759         -            470  1.7e-108  354.8   8.2   1   1  3.2e-103  3.5e-103  337.2   8.2     3   459     4   609     2   609 0.83 -
946128at2759_79782_0:001813|NODE_182_length_28116_cov_81.779842:2359-4292   -            609 946128at2759         -            470  1.7e-108  354.8   8.2   1   1  3.2e-103  3.5e-103  337.2   8.2     3   459     4   609     2   609 0.83 -
946128at2759_8078_0:000fba|NODE_182_length_28116_cov_81.779842:2359-4292    -            609 946128at2759         -            470  1.7e-108  354.8   8.2   1   1  3.2e-103  3.5e-103  337.2   8.2     3   459     4   609     2   609 0.83 -
946128at2759_13249_0:002441|NODE_182_length_28116_cov_81.779842:2359-4289   -            608 946128at2759         -            470  1.7e-108  354.7   8.2   1   1  3.2e-103  3.4e-103  337.2   8.2     3   459     3   608     1   608 0.83 -
946128at2759_225164_0:004954|NODE_182_length_28116_cov_81.779842:2359-4289  -            608 946128at2759         -            470  1.7e-108  354.7   8.2   1   1  3.2e-103  3.4e-103  337.2   8.2     3   459     3   608     1   608 0.83 -
946128at2759_286706_0:0013e0|NODE_182_length_28116_cov_81.779842:2359-4289  -            608 946128at2759         -            470  1.7e-108  354.7   8.2   1   1  3.2e-103  3.4e-103  337.2   8.2     3   459     3   608     1   608 0.83 -
946128at2759_6500_0:0015f3|NODE_182_length_28116_cov_81.779842:2359-4289    -            608 946128at2759         -            470  1.7e-108  354.7   8.2   1   1  3.2e-103  3.4e-103  337.2   8.2     3   459     3   608     1   608 0.83 -
946128at2759_38123_0:001674|NODE_182_length_28116_cov_81.779842:2347-4277   -            608 946128at2759         -            470  2.1e-108  354.5   7.9   1   2   3.1e-74   3.3e-74  241.7   3.9     8   247     7   268     1   312 0.86 -
946128at2759_38123_0:001674|NODE_182_length_28116_cov_81.779842:2347-4277   -            608 946128at2759         -            470  2.1e-108  354.5   7.9   2   2   1.6e-33   1.7e-33  107.4   0.3   243   460   300   605   293   608 0.79 -
946128at2759_34638_0:0000c7|NODE_182_length_28116_cov_81.779842:2344-4277   -            609 946128at2759         -            470  2.1e-108  354.4   8.2   1   1  3.8e-103  4.1e-103  337.0   8.2     8   460     7   605     1   609 0.82 -
946128at2759_438503_0:000209|NODE_182_length_28116_cov_81.779842:2344-4277  -            609 946128at2759         -            470  2.1e-108  354.4   8.2   1   1  3.8e-103  4.1e-103  337.0   8.2     8   460     7   605     1   609 0.82 -
946128at2759_6412_0:003e7c|NODE_182_length_28116_cov_81.779842:2356-4277    -            605 946128at2759         -            470  3.4e-108  353.7   8.1   1   2   1.7e-74   1.8e-74  242.5   2.6     8   247     7   268     1   293 0.88 -
946128at2759_6412_0:003e7c|NODE_182_length_28116_cov_81.779842:2356-4277    -            605 946128at2759         -            470  3.4e-108  353.7   8.1   2   2   2.3e-33   2.5e-33  106.9   0.3   243   459   300   604   287   605 0.80 -
946128at2759_108931_0:000c41|NODE_182_length_28116_cov_81.779842:2359-4277  -            604 946128at2759         -            470  4.7e-108  353.3   8.0   1   2   1.8e-74   1.9e-74  242.4   2.6     8   247     7   268     1   290 0.88 -
946128at2759_108931_0:000c41|NODE_182_length_28116_cov_81.779842:2359-4277  -            604 946128at2759         -            470  4.7e-108  353.3   8.0   2   2   3.6e-33   3.9e-33  106.3   0.3   244   459   301   604   295   604 0.79 -
946128at2759_6565_0:0003c7|NODE_182_length_28116_cov_81.779842:2413-4292    -            591 946128at2759         -            470  6.4e-105  342.9  10.0   1   2   5.1e-75   5.5e-75  244.2   2.7     3   247     4   273     2   300 0.88 -
946128at2759_6565_0:0003c7|NODE_182_length_28116_cov_81.779842:2413-4292    -            591 946128at2759         -            470  6.4e-105  342.9  10.0   2   2   7.3e-30     8e-30   95.3   0.8   244   436   306   569   300   575 0.77 -
946128at2759_6210_0:0022d8|NODE_182_length_28116_cov_81.779842:2338-4289    -            535 946128at2759         -            470  1.3e-104  341.9   5.2   1   3   3.8e-75   4.2e-75  244.7   2.6     3   247     3   272     1   296 0.88 -
946128at2759_6210_0:0022d8|NODE_182_length_28116_cov_81.779842:2338-4289    -            535 946128at2759         -            470  1.3e-104  341.9   5.2   2   3    0.0001   0.00011   12.4   0.2   244   295   305   360   299   366 0.69 -
946128at2759_6210_0:0022d8|NODE_182_length_28116_cov_81.779842:2338-4289    -            535 946128at2759         -            470  1.3e-104  341.9   5.2   3   3   7.1e-25   7.7e-25   78.9   0.0   342   463   370   532   358   535 0.91 -
946128at2759_6334_0:0001fd|NODE_182_length_28116_cov_81.779842:2485-4274    -            561 946128at2759         -            470  1.7e-103  338.3  10.2   1   2   6.8e-74   7.4e-74  240.5   5.0     8   247     6   267     1   313 0.85 -
946128at2759_6334_0:0001fd|NODE_182_length_28116_cov_81.779842:2485-4274    -            561 946128at2759         -            470  1.7e-103  338.3  10.2   2   2   4.3e-29   4.7e-29   92.8   0.9   244   433   300   560   294   561 0.76 -
946128at2759_400682_0:001633|NODE_182_length_28116_cov_81.779842:2488-4286  -            537 946128at2759         -            470  3.2e-101  330.8   3.5   1   1   9.2e-99     1e-98  322.5   3.5     4   431     3   535     1   537 0.82 -
946128at2759_6239_0:002a1c|NODE_182_length_28116_cov_81.779842:2503-4289    -            538 946128at2759         -            470   3.9e-99  323.9  11.8   1   2     1e-73   1.1e-73  240.0   1.6     3   247     3   283     1   309 0.88 -
946128at2759_6239_0:002a1c|NODE_182_length_28116_cov_81.779842:2503-4289    -            538 946128at2759         -            470   3.9e-99  323.9  11.8   2   2     4e-26   4.4e-26   83.0   2.9   243   427   315   537   309   538 0.76 -
946128at2759_1049336_0:002cbe|NODE_182_length_28116_cov_81.779842:2479-4325 -            536 946128at2759         -            470   4.5e-89  290.7   9.7   1   2   2.9e-26   3.1e-26   83.5   0.7     3   107    15   128    13   136 0.87 -
946128at2759_1049336_0:002cbe|NODE_182_length_28116_cov_81.779842:2479-4325 -            536 946128at2759         -            470   4.5e-89  290.7   9.7   2   2   2.7e-61   2.9e-61  199.0   2.7   146   435   137   535   132   536 0.80 -
#
# Program:         hmmsearch
# Version:         3.1b2 (February 2015)
# Pipeline mode:   SEARCH
# Query file:      mb_downloads/eukaryota_odb10/hmms/946128at2759.hmm
# Target file:     -
# Option settings: /opt/conda/envs/compleasm/bin/hmmsearch --domtblout compleasm/eukaryota_odb10/hmmer_output/946128at2759.out --cpu 1 mb_downloads/eukaryota_odb10/hmms/946128at2759.hmm - 
# Current dir:     /in
# Date:            Tue Oct 22 12:38:53 2024
# [ok]
