#                                                                                                                                   --- full sequence --- -------------- this domain -------------   hmm coord   ali coord   env coord
# target name                                                               accession   tlen query name           accession   qlen   E-value  score  bias   #  of  c-Evalue  i-Evalue  score  bias  from    to  from    to  from    to  acc description of target
#                                                       ------------------- ---------- ----- -------------------- ---------- ----- --------- ------ ----- --- --- --------- --------- ------ ----- ----- ----- ----- ----- ----- ----- ---- ---------------------
956854at2759_50429_0:00216d|NODE_277_length_24481_cov_114.232216:527-2086   -            255 956854at2759         -            198   2.3e-51  166.4   0.7   1   1   2.9e-51   3.1e-51  166.0   0.7    17   189    36   231    24   239 0.87 -
956854at2759_29159_0:00235f|NODE_277_length_24481_cov_114.232216:437-2086   -            285 956854at2759         -            198   3.2e-51  165.9   0.7   1   1   4.3e-51   4.5e-51  165.4   0.7    17   189    36   231    24   239 0.87 -
956854at2759_6565_0:000598|NODE_277_length_24481_cov_114.232216:437-2086    -            285 956854at2759         -            198   3.2e-51  165.9   0.7   1   1   4.3e-51   4.5e-51  165.4   0.7    17   189    36   231    24   239 0.87 -
956854at2759_218467_0:0037b5|NODE_277_length_24481_cov_114.232216:849-2086  -            242 956854at2759         -            198   6.9e-51  164.9   0.3   1   1   8.7e-51   9.3e-51  164.4   0.3    17   183    36   225    24   232 0.87 -
956854at2759_13164_0:001b06|NODE_277_length_24481_cov_114.232216:846-2095   -            246 956854at2759         -            198     7e-51  164.8   0.3   1   1   9.2e-51   9.8e-51  164.4   0.3    17   183    39   228    27   235 0.87 -
956854at2759_10228_0:00139c|NODE_277_length_24481_cov_114.232216:888-2086   -            229 956854at2759         -            198   7.1e-51  164.8   0.4   1   1   8.7e-51   9.3e-51  164.4   0.4    17   182    36   224    24   228 0.87 -
956854at2759_6183_0:001684|NODE_277_length_24481_cov_114.232216:897-2086    -            226 956854at2759         -            198   8.7e-51  164.5   0.4   1   1     1e-50   1.1e-50  164.2   0.4    17   181    36   223    24   226 0.87 -
956854at2759_6185_0:002015|NODE_277_length_24481_cov_114.232216:897-2086    -            226 956854at2759         -            198   8.7e-51  164.5   0.4   1   1     1e-50   1.1e-50  164.2   0.4    17   181    36   223    24   226 0.87 -
956854at2759_3885_0:0034d0|NODE_277_length_24481_cov_114.232216:897-2089    -            227 956854at2759         -            198   8.8e-51  164.5   0.4   1   1     1e-50   1.1e-50  164.2   0.4    17   181    37   224    25   227 0.87 -
956854at2759_6198_0:0002d9|NODE_277_length_24481_cov_114.232216:897-2092    -            228 956854at2759         -            198     9e-51  164.5   0.4   1   1   1.1e-50   1.1e-50  164.2   0.4    17   181    38   225    26   228 0.87 -
956854at2759_1629725_0:001ebe|NODE_277_length_24481_cov_114.232216:903-2062 -            216 956854at2759         -            198   1.1e-50  164.1   0.4   1   1   1.3e-50   1.4e-50  163.8   0.4    17   180    28   214    16   216 0.88 -
956854at2759_37653_0:0039f1|NODE_277_length_24481_cov_114.232216:903-2074   -            220 956854at2759         -            198   1.2e-50  164.1   0.4   1   1   1.4e-50   1.5e-50  163.7   0.4    17   180    32   218    20   220 0.88 -
956854at2759_6850_0:002f66|NODE_277_length_24481_cov_114.232216:903-2074    -            220 956854at2759         -            198   1.2e-50  164.1   0.4   1   1   1.4e-50   1.5e-50  163.7   0.4    17   180    32   218    20   220 0.88 -
956854at2759_45351_0:0037a8|NODE_277_length_24481_cov_114.232216:903-2086   -            224 956854at2759         -            198   1.3e-50  164.0   0.4   1   1   1.5e-50   1.6e-50  163.6   0.4    17   180    36   222    24   224 0.88 -
956854at2759_6500_0:001173|NODE_277_length_24481_cov_114.232216:903-2086    -            224 956854at2759         -            198   1.3e-50  164.0   0.4   1   1   1.5e-50   1.6e-50  163.6   0.4    17   180    36   222    24   224 0.88 -
956854at2759_70779_0:003ed1|NODE_277_length_24481_cov_114.232216:410-1503   -            257 956854at2759         -            198   1.7e-50  163.5   1.2   1   1   2.2e-50   2.3e-50  163.1   1.2    20   189     2   194     1   202 0.88 -
956854at2759_33097_0:002616|NODE_277_length_24481_cov_114.232216:858-1503   -            202 956854at2759         -            198   2.6e-50  163.0   0.7   1   1     3e-50   3.2e-50  162.7   0.7    20   182     2   187     1   194 0.89 -
956854at2759_125878_0:0005b5|NODE_277_length_24481_cov_114.232216:912-2080  -            219 956854at2759         -            198     3e-50  162.8   0.4   1   1   3.5e-50   3.8e-50  162.4   0.4    17   179    34   219    22   219 0.88 -
956854at2759_8355_0:0043b3|NODE_277_length_24481_cov_114.232216:912-2080    -            219 956854at2759         -            198     3e-50  162.8   0.4   1   1   3.5e-50   3.8e-50  162.4   0.4    17   179    34   219    22   219 0.88 -
956854at2759_8355_0:004b0a|NODE_277_length_24481_cov_114.232216:912-2080    -            219 956854at2759         -            198     3e-50  162.8   0.4   1   1   3.5e-50   3.8e-50  162.4   0.4    17   179    34   219    22   219 0.88 -
956854at2759_6279_0:002942|NODE_277_length_24481_cov_114.232216:912-2086    -            221 956854at2759         -            198   3.1e-50  162.7   0.4   1   1   3.7e-50   3.9e-50  162.4   0.4    17   179    36   221    24   221 0.88 -
956854at2759_7209_0:0023ee|NODE_277_length_24481_cov_114.232216:912-2086    -            221 956854at2759         -            198   3.1e-50  162.7   0.4   1   1   3.7e-50   3.9e-50  162.4   0.4    17   179    36   221    24   221 0.88 -
956854at2759_15368_0:004155|NODE_277_length_24481_cov_114.232216:864-1500   -            199 956854at2759         -            198   3.5e-50  162.5   0.7   1   1   4.2e-50   4.4e-50  162.2   0.7    20   182     1   186     1   193 0.89 -
956854at2759_37682_0:006389|NODE_277_length_24481_cov_114.232216:864-1500   -            199 956854at2759         -            198   3.5e-50  162.5   0.7   1   1   4.2e-50   4.4e-50  162.2   0.7    20   182     1   186     1   193 0.89 -
956854at2759_4615_0:004d8e|NODE_277_length_24481_cov_114.232216:864-1500    -            199 956854at2759         -            198   3.5e-50  162.5   0.7   1   1   4.2e-50   4.4e-50  162.2   0.7    20   182     1   186     1   193 0.89 -
956854at2759_4236_0:004e60|NODE_277_length_24481_cov_114.232216:846-1500    -            205 956854at2759         -            198   4.1e-50  162.3   0.9   1   1   4.9e-50   5.2e-50  162.0   0.9    20   183     1   187     1   195 0.89 -
956854at2759_130453_0:004c2f|NODE_277_length_24481_cov_114.232216:897-1500  -            188 956854at2759         -            198   4.7e-50  162.2   0.8   1   1   5.1e-50   5.4e-50  161.9   0.8    20   181     1   185     1   188 0.89 -
956854at2759_206008_0:00765e|NODE_277_length_24481_cov_114.232216:897-1500  -            188 956854at2759         -            198   4.7e-50  162.2   0.8   1   1   5.1e-50   5.4e-50  161.9   0.8    20   181     1   185     1   188 0.89 -
956854at2759_28612_0:00582a|NODE_277_length_24481_cov_114.232216:897-1500   -            188 956854at2759         -            198   4.7e-50  162.2   0.8   1   1   5.1e-50   5.4e-50  161.9   0.8    20   181     1   185     1   188 0.89 -
956854at2759_29760_0:003eff|NODE_277_length_24481_cov_114.232216:897-1500   -            188 956854at2759         -            198   4.7e-50  162.2   0.8   1   1   5.1e-50   5.4e-50  161.9   0.8    20   181     1   185     1   188 0.89 -
956854at2759_3555_0:00577e|NODE_277_length_24481_cov_114.232216:897-1500    -            188 956854at2759         -            198   4.7e-50  162.2   0.8   1   1   5.1e-50   5.4e-50  161.9   0.8    20   181     1   185     1   188 0.89 -
956854at2759_35883_0:0026a6|NODE_277_length_24481_cov_114.232216:897-1500   -            188 956854at2759         -            198   4.7e-50  162.2   0.8   1   1   5.1e-50   5.4e-50  161.9   0.8    20   181     1   185     1   188 0.89 -
956854at2759_35883_0:006654|NODE_277_length_24481_cov_114.232216:897-1500   -            188 956854at2759         -            198   4.7e-50  162.2   0.8   1   1   5.1e-50   5.4e-50  161.9   0.8    20   181     1   185     1   188 0.89 -
956854at2759_3641_0:002bc0|NODE_277_length_24481_cov_114.232216:897-1500    -            188 956854at2759         -            198   4.7e-50  162.2   0.8   1   1   5.1e-50   5.4e-50  161.9   0.8    20   181     1   185     1   188 0.89 -
956854at2759_3821_0:00150f|NODE_277_length_24481_cov_114.232216:897-1500    -            188 956854at2759         -            198   4.7e-50  162.2   0.8   1   1   5.1e-50   5.4e-50  161.9   0.8    20   181     1   185     1   188 0.89 -
956854at2759_3847_0:001733|NODE_277_length_24481_cov_114.232216:897-1500    -            188 956854at2759         -            198   4.7e-50  162.2   0.8   1   1   5.1e-50   5.4e-50  161.9   0.8    20   181     1   185     1   188 0.89 -
956854at2759_3847_0:00a809|NODE_277_length_24481_cov_114.232216:897-1500    -            188 956854at2759         -            198   4.7e-50  162.2   0.8   1   1   5.1e-50   5.4e-50  161.9   0.8    20   181     1   185     1   188 0.89 -
956854at2759_3871_0:001b35|NODE_277_length_24481_cov_114.232216:897-1500    -            188 956854at2759         -            198   4.7e-50  162.2   0.8   1   1   5.1e-50   5.4e-50  161.9   0.8    20   181     1   185     1   188 0.89 -
956854at2759_3871_0:005c85|NODE_277_length_24481_cov_114.232216:897-1500    -            188 956854at2759         -            198   4.7e-50  162.2   0.8   1   1   5.1e-50   5.4e-50  161.9   0.8    20   181     1   185     1   188 0.89 -
956854at2759_39947_0:0010b2|NODE_277_length_24481_cov_114.232216:897-1500   -            188 956854at2759         -            198   4.7e-50  162.2   0.8   1   1   5.1e-50   5.4e-50  161.9   0.8    20   181     1   185     1   188 0.89 -
956854at2759_4555_0:006240|NODE_277_length_24481_cov_114.232216:897-1500    -            188 956854at2759         -            198   4.7e-50  162.2   0.8   1   1   5.1e-50   5.4e-50  161.9   0.8    20   181     1   185     1   188 0.89 -
956854at2759_4558_0:000e15|NODE_277_length_24481_cov_114.232216:897-1500    -            188 956854at2759         -            198   4.7e-50  162.2   0.8   1   1   5.1e-50   5.4e-50  161.9   0.8    20   181     1   185     1   188 0.89 -
956854at2759_4577_0:0011c5|NODE_277_length_24481_cov_114.232216:897-1500    -            188 956854at2759         -            198   4.7e-50  162.2   0.8   1   1   5.1e-50   5.4e-50  161.9   0.8    20   181     1   185     1   188 0.89 -
956854at2759_4577_0:004698|NODE_277_length_24481_cov_114.232216:897-1500    -            188 956854at2759         -            198   4.7e-50  162.2   0.8   1   1   5.1e-50   5.4e-50  161.9   0.8    20   181     1   185     1   188 0.89 -
956854at2759_51240_0:001dc1|NODE_277_length_24481_cov_114.232216:897-1500   -            188 956854at2759         -            198   4.7e-50  162.2   0.8   1   1   5.1e-50   5.4e-50  161.9   0.8    20   181     1   185     1   188 0.89 -
956854at2759_63459_0:00af10|NODE_277_length_24481_cov_114.232216:897-1500   -            188 956854at2759         -            198   4.7e-50  162.2   0.8   1   1   5.1e-50   5.4e-50  161.9   0.8    20   181     1   185     1   188 0.89 -
956854at2759_66656_0:0080eb|NODE_277_length_24481_cov_114.232216:897-1500   -            188 956854at2759         -            198   4.7e-50  162.2   0.8   1   1   5.1e-50   5.4e-50  161.9   0.8    20   181     1   185     1   188 0.89 -
956854at2759_66656_0:008ba8|NODE_277_length_24481_cov_114.232216:897-1500   -            188 956854at2759         -            198   4.7e-50  162.2   0.8   1   1   5.1e-50   5.4e-50  161.9   0.8    20   181     1   185     1   188 0.89 -
956854at2759_7739_0:001a87|NODE_277_length_24481_cov_114.232216:903-1503    -            187 956854at2759         -            198   4.7e-50  162.1   0.7   1   1   5.1e-50   5.4e-50  161.9   0.7    20   180     2   185     1   187 0.89 -
956854at2759_7741_0:004ad3|NODE_277_length_24481_cov_114.232216:903-1503    -            187 956854at2759         -            198   4.7e-50  162.1   0.7   1   1   5.1e-50   5.4e-50  161.9   0.7    20   180     2   185     1   187 0.89 -
956854at2759_400682_0:000f49|NODE_277_length_24481_cov_114.232216:915-2086  -            220 956854at2759         -            198   6.8e-50  161.6   0.4   1   1   8.2e-50   8.7e-50  161.3   0.4    17   178    36   220    24   220 0.88 -
956854at2759_133434_0:002d73|NODE_277_length_24481_cov_114.232216:912-1503  -            184 956854at2759         -            198   1.1e-49  160.9   0.8   1   1   1.3e-49   1.3e-49  160.7   0.8    20   179     2   184     1   184 0.89 -
956854at2759_214687_0:0068a0|NODE_277_length_24481_cov_114.232216:912-1500  -            183 956854at2759         -            198   1.6e-49  160.4   0.8   1   1   1.8e-49   1.9e-49  160.2   0.8    20   179     1   183     1   183 0.89 -
956854at2759_3750_0:00152b|NODE_277_length_24481_cov_114.232216:912-1500    -            183 956854at2759         -            198   1.6e-49  160.4   0.8   1   1   1.8e-49   1.9e-49  160.2   0.8    20   179     1   183     1   183 0.89 -
956854at2759_4232_0:005a09|NODE_277_length_24481_cov_114.232216:912-1500    -            183 956854at2759         -            198   1.6e-49  160.4   0.8   1   1   1.8e-49   1.9e-49  160.2   0.8    20   179     1   183     1   183 0.89 -
956854at2759_4686_0:000294|NODE_277_length_24481_cov_114.232216:912-1500    -            183 956854at2759         -            198   1.6e-49  160.4   0.8   1   1   1.8e-49   1.9e-49  160.2   0.8    20   179     1   183     1   183 0.89 -
956854at2759_145388_0:0022f7|NODE_277_length_24481_cov_114.232216:918-1503  -            182 956854at2759         -            198   5.7e-49  158.6   0.8   1   1   6.2e-49   6.6e-49  158.4   0.8    20   177     2   182     1   182 0.89 -
956854at2759_214687_0:000797|NODE_277_length_24481_cov_114.232216:918-1500  -            181 956854at2759         -            198     8e-49  158.1   0.8   1   1   8.8e-49   9.4e-49  157.9   0.8    20   177     1   181     1   181 0.89 -
956854at2759_29655_0:00496d|NODE_277_length_24481_cov_114.232216:918-1500   -            181 956854at2759         -            198     8e-49  158.1   0.8   1   1   8.8e-49   9.4e-49  157.9   0.8    20   177     1   181     1   181 0.89 -
956854at2759_4572_0:0035b0|NODE_277_length_24481_cov_114.232216:864-1467    -            188 956854at2759         -            198   3.6e-45  146.2   0.3   1   1   4.5e-45   4.8e-45  145.8   0.3    34   182     5   175     2   182 0.88 -
956854at2759_22663_0:002cd8|NODE_277_length_24481_cov_114.232216:897-1374   -            146 956854at2759         -            198   6.5e-40  129.0   0.7   1   1   6.7e-40   7.2e-40  128.9   0.7    55   181     1   143     1   146 0.89 -
#
# Program:         hmmsearch
# Version:         3.1b2 (February 2015)
# Pipeline mode:   SEARCH
# Query file:      mb_downloads/eukaryota_odb10/hmms/956854at2759.hmm
# Target file:     -
# Option settings: /opt/conda/envs/compleasm/bin/hmmsearch --domtblout compleasm/eukaryota_odb10/hmmer_output/956854at2759.out --cpu 1 mb_downloads/eukaryota_odb10/hmms/956854at2759.hmm - 
# Current dir:     /in
# Date:            Tue Oct 22 12:37:58 2024
# [ok]
