#                                                                                                                                     --- full sequence --- -------------- this domain -------------   hmm coord   ali coord   env coord
# target name                                                                 accession   tlen query name           accession   qlen   E-value  score  bias   #  of  c-Evalue  i-Evalue  score  bias  from    to  from    to  from    to  acc description of target
#                                                         ------------------- ---------- ----- -------------------- ---------- ----- --------- ------ ----- --- --- --------- --------- ------ ----- ----- ----- ----- ----- ----- ----- ---- ---------------------
974865at2759_30019_0:002501|NODE_635_length_17844_cov_74.702707:11250-12268   -            310 974865at2759         -            228     7e-49  157.8   2.3   1   1   1.2e-46   1.2e-46  150.5   2.3     1   220     6   289     6   294 0.74 -
974865at2759_150288_0:000177|NODE_635_length_17844_cov_74.702707:11262-12247  -            304 974865at2759         -            228   1.3e-48  156.9   1.1   1   1   2.5e-46   2.6e-46  149.4   1.1     1   220     2   290     2   295 0.73 -
974865at2759_28743_0:00301f|NODE_635_length_17844_cov_74.702707:11265-12247   -            303 974865at2759         -            228   1.3e-48  156.9   1.2   1   1   2.5e-46   2.6e-46  149.4   1.2     1   220     1   289     1   294 0.73 -
974865at2759_680683_0:00033b|NODE_635_length_17844_cov_74.702707:11265-12247  -            303 974865at2759         -            228   1.3e-48  156.9   1.2   1   1   2.5e-46   2.6e-46  149.4   1.2     1   220     1   289     1   294 0.73 -
974865at2759_7955_0:004fb0|NODE_635_length_17844_cov_74.702707:11265-12247    -            303 974865at2759         -            228   1.3e-48  156.9   1.2   1   1   2.5e-46   2.6e-46  149.4   1.2     1   220     1   289     1   294 0.73 -
974865at2759_8078_0:0050d7|NODE_635_length_17844_cov_74.702707:11265-12247    -            303 974865at2759         -            228   1.3e-48  156.9   1.2   1   1   2.5e-46   2.6e-46  149.4   1.2     1   220     1   289     1   294 0.73 -
974865at2759_114398_0:0000c9|NODE_635_length_17844_cov_74.702707:11265-12265  -            309 974865at2759         -            228   1.4e-48  156.8   1.1   1   1   2.6e-46   2.7e-46  149.4   1.1     1   220     1   289     1   294 0.73 -
974865at2759_6832_0:00327b|NODE_635_length_17844_cov_74.702707:11265-12265    -            309 974865at2759         -            228   1.4e-48  156.8   1.1   1   1   2.6e-46   2.7e-46  149.4   1.1     1   220     1   289     1   294 0.73 -
974865at2759_51655_0:002096|NODE_635_length_17844_cov_74.702707:11265-12274   -            312 974865at2759         -            228   1.5e-48  156.7   1.1   1   1   2.7e-46   2.8e-46  149.3   1.1     1   220     1   289     1   294 0.73 -
974865at2759_7244_0:00299a|NODE_635_length_17844_cov_74.702707:11250-12268    -            315 974865at2759         -            228   1.6e-48  156.7   1.1   1   1   2.8e-46   2.9e-46  149.3   1.1     1   220     6   294     6   299 0.73 -
974865at2759_688394_1:002370|NODE_635_length_17844_cov_74.702707:11250-12208  -            295 974865at2759         -            228   1.6e-48  156.7   0.8   1   1   2.9e-46     3e-46  149.2   0.8     1   220     6   294     6   295 0.73 -
974865at2759_43700_0:00337f|NODE_635_length_17844_cov_74.702707:11256-12277   -            316 974865at2759         -            228   1.6e-48  156.6   1.1   1   1   2.9e-46     3e-46  149.2   1.1     1   220     4   292     4   297 0.73 -
974865at2759_121845_0:0030af|NODE_635_length_17844_cov_74.702707:11265-12319  -            327 974865at2759         -            228   1.7e-48  156.6   0.9   1   1   2.9e-46     3e-46  149.2   1.0     1   220     1   289     1   294 0.73 -
974865at2759_34740_0:000f3e|NODE_635_length_17844_cov_74.702707:11265-12319   -            327 974865at2759         -            228   1.7e-48  156.6   0.9   1   1   2.9e-46     3e-46  149.2   1.0     1   220     1   289     1   294 0.73 -
974865at2759_7091_0:0000c2|NODE_635_length_17844_cov_74.702707:11265-12319    -            327 974865at2759         -            228   1.7e-48  156.6   0.9   1   1   2.9e-46     3e-46  149.2   1.0     1   220     1   289     1   294 0.73 -
974865at2759_10224_0:002c8c|NODE_635_length_17844_cov_74.702707:11265-12322   -            328 974865at2759         -            228   1.8e-48  156.5   1.0   1   1   2.9e-46   3.1e-46  149.2   1.0     1   220     1   289     1   294 0.73 -
974865at2759_64459_0:001f35|NODE_635_length_17844_cov_74.702707:11265-12322   -            328 974865at2759         -            228   1.8e-48  156.5   1.0   1   1   2.9e-46   3.1e-46  149.2   1.0     1   220     1   289     1   294 0.73 -
974865at2759_407821_0:0060f1|NODE_635_length_17844_cov_74.702707:11265-12325  -            329 974865at2759         -            228   1.8e-48  156.5   1.0   1   1     3e-46   3.1e-46  149.2   1.0     1   220     1   289     1   294 0.73 -
974865at2759_763665_1:00070c|NODE_635_length_17844_cov_74.702707:11250-12295  -            324 974865at2759         -            228   1.8e-48  156.5   1.1   1   1     3e-46   3.1e-46  149.2   1.1     1   220     6   294     6   299 0.73 -
974865at2759_1720309_0:004dbe|NODE_635_length_17844_cov_74.702707:11265-12328 -            330 974865at2759         -            228   1.8e-48  156.5   1.0   1   1   2.9e-46     3e-46  149.2   1.0     1   220     1   289     1   295 0.73 -
974865at2759_48698_0:002132|NODE_635_length_17844_cov_74.702707:11265-12328   -            330 974865at2759         -            228   1.8e-48  156.5   1.0   1   1   2.9e-46     3e-46  149.2   1.0     1   220     1   289     1   295 0.73 -
974865at2759_30608_0:0017b3|NODE_635_length_17844_cov_74.702707:11265-12331   -            331 974865at2759         -            228   1.8e-48  156.5   1.0   1   1   2.9e-46     3e-46  149.2   1.0     1   220     1   289     1   295 0.73 -
974865at2759_113334_0:002ba2|NODE_635_length_17844_cov_74.702707:11262-12313  -            326 974865at2759         -            228   1.9e-48  156.4   1.1   1   1   3.1e-46   3.2e-46  149.1   1.1     1   220     2   290     2   295 0.73 -
974865at2759_7130_0:001b3a|NODE_635_length_17844_cov_74.702707:11265-12334    -            332 974865at2759         -            228   1.9e-48  156.4   1.0   1   1     3e-46   3.1e-46  149.2   1.0     1   220     1   289     1   295 0.73 -
974865at2759_7230_0:0023f7|NODE_635_length_17844_cov_74.702707:11250-12334    -            337 974865at2759         -            228   1.9e-48  156.4   0.9   1   1     3e-46   3.2e-46  149.2   0.9     1   220     6   294     6   299 0.73 -
974865at2759_13037_0:000ed2|NODE_635_length_17844_cov_74.702707:11265-12340   -            334 974865at2759         -            228   1.9e-48  156.4   1.0   1   1   3.1e-46   3.2e-46  149.1   1.0     1   220     1   289     1   295 0.73 -
974865at2759_29058_0:000a61|NODE_635_length_17844_cov_74.702707:11265-12343   -            335 974865at2759         -            228     2e-48  156.4   1.0   1   1   3.1e-46   3.2e-46  149.1   1.0     1   220     1   289     1   295 0.73 -
974865at2759_69820_0:002811|NODE_635_length_17844_cov_74.702707:11265-12349   -            336 974865at2759         -            228     2e-48  156.4   1.0   1   1   3.1e-46   3.3e-46  149.1   1.0     1   220     1   289     1   295 0.73 -
974865at2759_231916_1:003400|NODE_635_length_17844_cov_74.702707:11250-12316  -            331 974865at2759         -            228     2e-48  156.3   1.1   1   1   3.3e-46   3.4e-46  149.0   1.1     1   220     6   294     6   299 0.73 -
974865at2759_595528_0:000fbf|NODE_635_length_17844_cov_74.702707:11265-12247  -            315 974865at2759         -            228   3.4e-47  152.3   2.8   1   2   2.4e-33   2.5e-33  107.0   0.3     1   109     1   127     1   147 0.81 -
974865at2759_595528_0:000fbf|NODE_635_length_17844_cov_74.702707:11265-12247  -            315 974865at2759         -            228   3.4e-47  152.3   2.8   2   2   1.6e-12   1.7e-12   38.8   0.1   112   220   151   301   144   306 0.68 -
974865at2759_37360_1:0025b2|NODE_635_length_17844_cov_74.702707:11250-12238   -            317 974865at2759         -            228   3.5e-47  152.3   2.7   1   2   2.4e-33   2.5e-33  107.0   0.3     1   109     6   132     6   152 0.81 -
974865at2759_37360_1:0025b2|NODE_635_length_17844_cov_74.702707:11250-12238   -            317 974865at2759         -            228   3.5e-47  152.3   2.7   2   2   1.6e-12   1.7e-12   38.8   0.1   112   220   156   306   149   311 0.68 -
974865at2759_32264_0:000da7|NODE_635_length_17844_cov_74.702707:11265-12262   -            320 974865at2759         -            228   3.6e-47  152.2   2.7   1   2   2.5e-33   2.6e-33  106.9   0.3     1   109     1   127     1   147 0.81 -
974865at2759_32264_0:000da7|NODE_635_length_17844_cov_74.702707:11265-12262   -            320 974865at2759         -            228   3.6e-47  152.2   2.7   2   2   1.6e-12   1.7e-12   38.8   0.1   112   220   151   301   144   306 0.68 -
974865at2759_61395_1:001dc3|NODE_635_length_17844_cov_74.702707:11250-12256   -            323 974865at2759         -            228   3.9e-47  152.1   2.7   1   2   2.5e-33   2.6e-33  106.9   0.3     1   109     6   132     6   152 0.81 -
974865at2759_61395_1:001dc3|NODE_635_length_17844_cov_74.702707:11250-12256   -            323 974865at2759         -            228   3.9e-47  152.1   2.7   2   2   1.7e-12   1.8e-12   38.8   0.1   112   220   156   306   149   311 0.68 -
974865at2759_61622_0:003dd2|NODE_635_length_17844_cov_74.702707:11265-12322   -            340 974865at2759         -            228   5.2e-47  151.7   2.7   1   1   5.8e-42   6.1e-42  135.1   2.7     1   220     1   301     1   306 0.70 -
974865at2759_218467_0:000ea9|NODE_635_length_17844_cov_74.702707:11250-12319  -            344 974865at2759         -            228   5.5e-47  151.6   2.7   1   1     6e-42   6.3e-42  135.1   2.7     1   220     6   306     6   311 0.70 -
974865at2759_6183_0:002105|NODE_635_length_17844_cov_74.702707:11250-12340    -            351 974865at2759         -            228   6.6e-47  151.4   2.8   1   2   2.8e-33     3e-33  106.7   0.3     1   109     6   132     6   155 0.81 -
974865at2759_6183_0:002105|NODE_635_length_17844_cov_74.702707:11250-12340    -            351 974865at2759         -            228   6.6e-47  151.4   2.8   2   2   2.2e-12   2.2e-12   38.4   0.1   112   220   156   306   150   311 0.68 -
974865at2759_44056_1:001460|NODE_635_length_17844_cov_74.702707:11274-12247   -            300 974865at2759         -            228   9.8e-47  150.8   0.9   1   1   1.9e-44     2e-44  143.3   0.9     4   220     1   286     1   291 0.72 -
974865at2759_6210_0:001dd6|NODE_635_length_17844_cov_74.702707:11268-12349    -            347 974865at2759         -            228   2.8e-46  149.3   2.8   1   1     3e-41   3.2e-41  132.8   2.8     2   220     1   300     1   305 0.70 -
974865at2759_3983_0:00341e|NODE_635_length_17844_cov_74.702707:11250-12319    -            339 974865at2759         -            228   1.8e-44  143.4   2.9   1   1   1.3e-41   1.3e-41  134.0   2.9     1   220     6   301     6   306 0.69 -
974865at2759_76194_0:000a51|NODE_635_length_17844_cov_74.702707:11265-12247   -            315 974865at2759         -            228   3.1e-44  142.6   1.6   1   1   3.2e-41   3.3e-41  132.7   1.6     1   220     1   301     1   306 0.68 -
974865at2759_45779_0:002714|NODE_635_length_17844_cov_74.702707:11265-12208   -            302 974865at2759         -            228   4.5e-44  142.1   1.7   1   1   4.7e-41   4.9e-41  132.2   1.7     1   220     1   301     1   302 0.68 -
974865at2759_104452_0:002286|NODE_635_length_17844_cov_74.702707:11265-12328  -            274 974865at2759         -            228     1e-43  141.0   0.3   1   2   1.5e-40   1.5e-40  130.5   0.0     1   161     1   201     1   212 0.77 -
974865at2759_104452_0:002286|NODE_635_length_17844_cov_74.702707:11265-12328  -            274 974865at2759         -            228     1e-43  141.0   0.3   2   2    0.0045    0.0047    7.9   0.0   198   220   210   233   199   239 0.84 -
974865at2759_5786_1:001fe8|NODE_635_length_17844_cov_74.702707:11271-12208    -            295 974865at2759         -            228   3.7e-43  139.1   2.6   1   1   3.8e-40     4e-40  129.2   2.6     3   220     1   294     1   295 0.69 -
974865at2759_3068_0:0028fb|NODE_635_length_17844_cov_74.702707:11265-12226    -            320 974865at2759         -            228   7.1e-43  138.2   3.8   1   2   1.3e-28   1.4e-28   91.4   0.6     1   109     1   139     1   161 0.73 -
974865at2759_3068_0:0028fb|NODE_635_length_17844_cov_74.702707:11265-12226    -            320 974865at2759         -            228   7.1e-43  138.2   3.8   2   2   1.7e-12   1.7e-12   38.8   0.1   112   220   163   313   156   318 0.68 -
974865at2759_227321_1:001e20|NODE_635_length_17844_cov_74.702707:11250-12247  -            332 974865at2759         -            228   8.6e-43  137.9   3.5   1   2   1.6e-28   1.7e-28   91.2   0.5     1   109     6   144     6   165 0.73 -
974865at2759_227321_1:001e20|NODE_635_length_17844_cov_74.702707:11250-12247  -            332 974865at2759         -            228   8.6e-43  137.9   3.5   2   2   1.9e-12   1.9e-12   38.6   0.1   112   220   168   318   162   323 0.68 -
974865at2759_308745_1:000ce8|NODE_635_length_17844_cov_74.702707:11250-12247  -            332 974865at2759         -            228   8.6e-43  137.9   3.5   1   2   1.6e-28   1.7e-28   91.2   0.5     1   109     6   144     6   165 0.73 -
974865at2759_308745_1:000ce8|NODE_635_length_17844_cov_74.702707:11250-12247  -            332 974865at2759         -            228   8.6e-43  137.9   3.5   2   2   1.9e-12   1.9e-12   38.6   0.1   112   220   168   318   162   323 0.68 -
974865at2759_67003_1:000dcd|NODE_635_length_17844_cov_74.702707:11268-12283   -            338 974865at2759         -            228   5.1e-42  135.4   3.9   1   1   2.8e-36   2.9e-36  116.5   3.9     2   220     1   312     1   317 0.66 -
974865at2759_246812_0:00112a|NODE_635_length_17844_cov_74.702707:11265-12319  -            251 974865at2759         -            228   1.1e-40  131.0   1.1   1   2   4.8e-33     5e-33  106.0   0.1     1   138     1   149     1   153 0.78 -
974865at2759_246812_0:00112a|NODE_635_length_17844_cov_74.702707:11265-12319  -            251 974865at2759         -            228   1.1e-40  131.0   1.1   2   2     1e-06   1.1e-06   19.8   0.1   175   220   153   213   148   219 0.77 -
974865at2759_32264_0:000c8d|NODE_635_length_17844_cov_74.702707:11262-12058   -            214 974865at2759         -            228   3.3e-39  126.2   0.6   1   1   2.5e-38   2.6e-38  123.2   0.6     1   170     2   182     2   214 0.83 -
974865at2759_1519565_1:0017c3|NODE_635_length_17844_cov_74.702707:11437-12253 -            272 974865at2759         -            228   8.2e-34  108.5   1.4   1   2   2.3e-19   2.4e-19   61.2   0.1    50   109    10    82     1   102 0.73 -
974865at2759_1519565_1:0017c3|NODE_635_length_17844_cov_74.702707:11437-12253 -            272 974865at2759         -            228   8.2e-34  108.5   1.4   2   2   1.1e-12   1.1e-12   39.4   0.1   112   220   106   256    99   261 0.68 -
#
# Program:         hmmsearch
# Version:         3.1b2 (February 2015)
# Pipeline mode:   SEARCH
# Query file:      mb_downloads/eukaryota_odb10/hmms/974865at2759.hmm
# Target file:     -
# Option settings: /opt/conda/envs/compleasm/bin/hmmsearch --domtblout compleasm/eukaryota_odb10/hmmer_output/974865at2759.out --cpu 1 mb_downloads/eukaryota_odb10/hmms/974865at2759.hmm - 
# Current dir:     /in
# Date:            Tue Oct 22 12:37:35 2024
# [ok]
