#                                                                                                                                     --- full sequence --- -------------- this domain -------------   hmm coord   ali coord   env coord
# target name                                                                 accession   tlen query name           accession   qlen   E-value  score  bias   #  of  c-Evalue  i-Evalue  score  bias  from    to  from    to  from    to  acc description of target
#                                                         ------------------- ---------- ----- -------------------- ---------- ----- --------- ------ ----- --- --- --------- --------- ------ ----- ----- ----- ----- ----- ----- ----- ---- ---------------------
981902at2759_35019_0:000c3a|NODE_673_length_17488_cov_67.777152:11036-11961   -            287 981902at2759         -            228   3.5e-50  162.4   4.4   1   2   7.4e-16   7.6e-16   50.1   2.5    14    91     5    94     2   146 0.84 -
981902at2759_35019_0:000c3a|NODE_673_length_17488_cov_67.777152:11036-11961   -            287 981902at2759         -            228   3.5e-50  162.4   4.4   2   2   1.5e-34   1.5e-34  111.2   0.0   119   228   163   284   155   284 0.83 -
981902at2759_10141_0:004223|NODE_673_length_17488_cov_67.777152:11033-11961   -            288 981902at2759         -            228   3.5e-50  162.4   4.4   1   2   7.4e-16   7.7e-16   50.0   2.5    14    91     6    95     3   147 0.84 -
981902at2759_10141_0:004223|NODE_673_length_17488_cov_67.777152:11033-11961   -            288 981902at2759         -            228   3.5e-50  162.4   4.4   2   2   1.5e-34   1.5e-34  111.2   0.0   119   228   164   285   156   285 0.83 -
981902at2759_34638_0:001794|NODE_673_length_17488_cov_67.777152:11009-11961   -            296 981902at2759         -            228   3.6e-50  162.3   4.3   1   2   7.6e-16   7.9e-16   50.0   2.5    14    91    14   103    11   155 0.84 -
981902at2759_34638_0:001794|NODE_673_length_17488_cov_67.777152:11009-11961   -            296 981902at2759         -            228   3.6e-50  162.3   4.3   2   2   1.6e-34   1.6e-34  111.1   0.0   119   228   172   293   164   293 0.83 -
981902at2759_36300_0:0035a2|NODE_673_length_17488_cov_67.777152:10829-11961   -            356 981902at2759         -            228   8.1e-50  161.2   4.3   1   2   1.1e-15   1.1e-15   49.5   2.4    14    91    74   163    70   215 0.84 -
981902at2759_36300_0:0035a2|NODE_673_length_17488_cov_67.777152:10829-11961   -            356 981902at2759         -            228   8.1e-50  161.2   4.3   2   2   2.3e-34   2.4e-34  110.6   0.0   119   228   232   353   224   353 0.83 -
981902at2759_156563_0:0000a2|NODE_673_length_17488_cov_67.777152:10763-11961  -            378 981902at2759         -            228   8.9e-50  161.1   4.0   1   2     1e-15   1.1e-15   49.6   2.2    14    91    96   185    92   237 0.84 -
981902at2759_156563_0:0000a2|NODE_673_length_17488_cov_67.777152:10763-11961  -            378 981902at2759         -            228   8.9e-50  161.1   4.0   2   2   2.6e-34   2.7e-34  110.4   0.0   119   228   254   375   246   375 0.83 -
981902at2759_202946_0:001f6f|NODE_673_length_17488_cov_67.777152:10763-11961  -            378 981902at2759         -            228   8.9e-50  161.1   4.0   1   2     1e-15   1.1e-15   49.6   2.2    14    91    96   185    92   237 0.84 -
981902at2759_202946_0:001f6f|NODE_673_length_17488_cov_67.777152:10763-11961  -            378 981902at2759         -            228   8.9e-50  161.1   4.0   2   2   2.6e-34   2.7e-34  110.4   0.0   119   228   254   375   246   375 0.83 -
981902at2759_30419_0:0030d8|NODE_673_length_17488_cov_67.777152:10763-11961   -            378 981902at2759         -            228   8.9e-50  161.1   4.0   1   2     1e-15   1.1e-15   49.6   2.2    14    91    96   185    92   237 0.84 -
981902at2759_30419_0:0030d8|NODE_673_length_17488_cov_67.777152:10763-11961   -            378 981902at2759         -            228   8.9e-50  161.1   4.0   2   2   2.6e-34   2.7e-34  110.4   0.0   119   228   254   375   246   375 0.83 -
981902at2759_54374_0:000e13|NODE_673_length_17488_cov_67.777152:10763-11961   -            378 981902at2759         -            228   8.9e-50  161.1   4.0   1   2     1e-15   1.1e-15   49.6   2.2    14    91    96   185    92   237 0.84 -
981902at2759_54374_0:000e13|NODE_673_length_17488_cov_67.777152:10763-11961   -            378 981902at2759         -            228   8.9e-50  161.1   4.0   2   2   2.6e-34   2.7e-34  110.4   0.0   119   228   254   375   246   375 0.83 -
981902at2759_54383_0:00264d|NODE_673_length_17488_cov_67.777152:10763-11961   -            378 981902at2759         -            228   8.9e-50  161.1   4.0   1   2     1e-15   1.1e-15   49.6   2.2    14    91    96   185    92   237 0.84 -
981902at2759_54383_0:00264d|NODE_673_length_17488_cov_67.777152:10763-11961   -            378 981902at2759         -            228   8.9e-50  161.1   4.0   2   2   2.6e-34   2.7e-34  110.4   0.0   119   228   254   375   246   375 0.83 -
981902at2759_97097_0:00079d|NODE_673_length_17488_cov_67.777152:10763-11961   -            378 981902at2759         -            228   8.9e-50  161.1   4.0   1   2     1e-15   1.1e-15   49.6   2.2    14    91    96   185    92   237 0.84 -
981902at2759_97097_0:00079d|NODE_673_length_17488_cov_67.777152:10763-11961   -            378 981902at2759         -            228   8.9e-50  161.1   4.0   2   2   2.6e-34   2.7e-34  110.4   0.0   119   228   254   375   246   375 0.83 -
981902at2759_85066_0:0014db|NODE_673_length_17488_cov_67.777152:10754-11961   -            381 981902at2759         -            228   9.2e-50  161.0   4.1   1   2     1e-15   1.1e-15   49.5   2.2    14    91    99   188    95   240 0.84 -
981902at2759_85066_0:0014db|NODE_673_length_17488_cov_67.777152:10754-11961   -            381 981902at2759         -            228   9.2e-50  161.0   4.1   2   2   2.7e-34   2.8e-34  110.4   0.0   119   228   257   378   249   378 0.83 -
981902at2759_932674_0:0025d2|NODE_673_length_17488_cov_67.777152:10754-11961  -            381 981902at2759         -            228   9.2e-50  161.0   4.1   1   2     1e-15   1.1e-15   49.5   2.2    14    91    99   188    95   240 0.84 -
981902at2759_932674_0:0025d2|NODE_673_length_17488_cov_67.777152:10754-11961  -            381 981902at2759         -            228   9.2e-50  161.0   4.1   2   2   2.7e-34   2.8e-34  110.4   0.0   119   228   257   378   249   378 0.83 -
981902at2759_94827_0:002610|NODE_673_length_17488_cov_67.777152:10754-11961   -            381 981902at2759         -            228   9.2e-50  161.0   4.1   1   2     1e-15   1.1e-15   49.5   2.2    14    91    99   188    95   240 0.84 -
981902at2759_94827_0:002610|NODE_673_length_17488_cov_67.777152:10754-11961   -            381 981902at2759         -            228   9.2e-50  161.0   4.1   2   2   2.7e-34   2.8e-34  110.4   0.0   119   228   257   378   249   378 0.83 -
981902at2759_1049336_0:001058|NODE_673_length_17488_cov_67.777152:10751-11961 -            382 981902at2759         -            228   9.3e-50  161.0   4.1   1   2   1.1e-15   1.1e-15   49.5   2.2    14    91   100   189    96   241 0.84 -
981902at2759_1049336_0:001058|NODE_673_length_17488_cov_67.777152:10751-11961 -            382 981902at2759         -            228   9.3e-50  161.0   4.1   2   2   2.7e-34   2.8e-34  110.4   0.0   119   228   258   379   250   379 0.83 -
981902at2759_8932_0:000cad|NODE_673_length_17488_cov_67.777152:10745-11961    -            384 981902at2759         -            228   9.5e-50  161.0   4.1   1   2   1.1e-15   1.1e-15   49.5   2.2    14    91   102   191    98   243 0.84 -
981902at2759_8932_0:000cad|NODE_673_length_17488_cov_67.777152:10745-11961    -            384 981902at2759         -            228   9.5e-50  161.0   4.1   2   2   2.7e-34   2.8e-34  110.3   0.0   119   228   260   381   252   381 0.83 -
981902at2759_441894_0:002308|NODE_673_length_17488_cov_67.777152:10739-11961  -            386 981902at2759         -            228   9.7e-50  160.9   4.0   1   2   1.1e-15   1.1e-15   49.5   2.2    14    91   104   193   100   245 0.84 -
981902at2759_441894_0:002308|NODE_673_length_17488_cov_67.777152:10739-11961  -            386 981902at2759         -            228   9.7e-50  160.9   4.0   2   2   2.8e-34   2.9e-34  110.3   0.0   119   228   262   383   254   383 0.83 -
981902at2759_55661_0:003507|NODE_673_length_17488_cov_67.777152:10727-11961   -            390 981902at2759         -            228   9.9e-50  160.9   4.0   1   2   1.1e-15   1.1e-15   49.5   2.2    14    91   108   197   104   249 0.84 -
981902at2759_55661_0:003507|NODE_673_length_17488_cov_67.777152:10727-11961   -            390 981902at2759         -            228   9.9e-50  160.9   4.0   2   2   2.8e-34   2.9e-34  110.3   0.0   119   228   266   387   258   387 0.83 -
981902at2759_9233_0:00082a|NODE_673_length_17488_cov_67.777152:10715-11961    -            394 981902at2759         -            228     1e-49  160.9   4.0   1   2   1.1e-15   1.1e-15   49.5   2.2    14    91   112   201   108   253 0.84 -
981902at2759_9233_0:00082a|NODE_673_length_17488_cov_67.777152:10715-11961    -            394 981902at2759         -            228     1e-49  160.9   4.0   2   2   2.9e-34     3e-34  110.3   0.0   119   228   270   391   262   391 0.83 -
981902at2759_128390_0:0013ae|NODE_673_length_17488_cov_67.777152:10709-11961  -            396 981902at2759         -            228   1.1e-49  160.8   4.0   1   2   1.1e-15   1.1e-15   49.5   2.2    14    91   114   203   110   255 0.84 -
981902at2759_128390_0:0013ae|NODE_673_length_17488_cov_67.777152:10709-11961  -            396 981902at2759         -            228   1.1e-49  160.8   4.0   2   2   2.9e-34     3e-34  110.3   0.0   119   228   272   393   264   393 0.83 -
981902at2759_118200_0:0033c6|NODE_673_length_17488_cov_67.777152:10706-11961  -            397 981902at2759         -            228   1.1e-49  160.8   4.0   1   2   1.1e-15   1.2e-15   49.5   2.2    14    91   115   204   111   256 0.84 -
981902at2759_118200_0:0033c6|NODE_673_length_17488_cov_67.777152:10706-11961  -            397 981902at2759         -            228   1.1e-49  160.8   4.0   2   2   2.9e-34     3e-34  110.3   0.0   119   228   273   394   265   394 0.83 -
981902at2759_418985_0:001b78|NODE_673_length_17488_cov_67.777152:10700-11961  -            399 981902at2759         -            228   1.1e-49  160.8   4.0   1   2   1.1e-15   1.1e-15   49.5   2.2    14    91   117   206   113   258 0.84 -
981902at2759_418985_0:001b78|NODE_673_length_17488_cov_67.777152:10700-11961  -            399 981902at2759         -            228   1.1e-49  160.8   4.0   2   2   2.9e-34   3.1e-34  110.2   0.0   119   228   275   396   267   396 0.83 -
981902at2759_62625_0:00040b|NODE_673_length_17488_cov_67.777152:10700-11961   -            399 981902at2759         -            228   1.1e-49  160.8   4.0   1   2   1.1e-15   1.1e-15   49.5   2.2    14    91   117   206   113   258 0.84 -
981902at2759_62625_0:00040b|NODE_673_length_17488_cov_67.777152:10700-11961   -            399 981902at2759         -            228   1.1e-49  160.8   4.0   2   2   2.9e-34   3.1e-34  110.2   0.0   119   228   275   396   267   396 0.83 -
981902at2759_72036_0:003012|NODE_673_length_17488_cov_67.777152:10700-11961   -            399 981902at2759         -            228   1.1e-49  160.8   4.0   1   2   1.1e-15   1.1e-15   49.5   2.2    14    91   117   206   113   258 0.84 -
981902at2759_72036_0:003012|NODE_673_length_17488_cov_67.777152:10700-11961   -            399 981902at2759         -            228   1.1e-49  160.8   4.0   2   2   2.9e-34   3.1e-34  110.2   0.0   119   228   275   396   267   396 0.83 -
981902at2759_8839_0:000ef4|NODE_673_length_17488_cov_67.777152:10700-11961    -            399 981902at2759         -            228   1.1e-49  160.8   4.0   1   2   1.1e-15   1.1e-15   49.5   2.2    14    91   117   206   113   258 0.84 -
981902at2759_8839_0:000ef4|NODE_673_length_17488_cov_67.777152:10700-11961    -            399 981902at2759         -            228   1.1e-49  160.8   4.0   2   2   2.9e-34   3.1e-34  110.2   0.0   119   228   275   396   267   396 0.83 -
981902at2759_6669_0:003b28|NODE_673_length_17488_cov_67.777152:11051-11961    -            282 981902at2759         -            228   1.1e-49  160.8   4.6   1   2   2.3e-15   2.4e-15   48.4   2.7    21    91    10    89     1   141 0.84 -
981902at2759_6669_0:003b28|NODE_673_length_17488_cov_67.777152:11051-11961    -            282 981902at2759         -            228   1.1e-49  160.8   4.6   2   2   1.4e-34   1.5e-34  111.3   0.0   119   228   158   279   150   279 0.83 -
981902at2759_103944_0:002541|NODE_673_length_17488_cov_67.777152:10652-11961  -            415 981902at2759         -            228   1.4e-49  160.5   4.1   1   2   1.3e-15   1.3e-15   49.3   2.3    14    91   133   222   129   274 0.84 -
981902at2759_103944_0:002541|NODE_673_length_17488_cov_67.777152:10652-11961  -            415 981902at2759         -            228   1.4e-49  160.5   4.1   2   2   3.2e-34   3.3e-34  110.1   0.0   119   228   291   412   283   412 0.83 -
981902at2759_105023_0:002dea|NODE_673_length_17488_cov_67.777152:10652-11961  -            415 981902at2759         -            228   1.4e-49  160.5   4.1   1   2   1.3e-15   1.3e-15   49.3   2.3    14    91   133   222   129   274 0.84 -
981902at2759_105023_0:002dea|NODE_673_length_17488_cov_67.777152:10652-11961  -            415 981902at2759         -            228   1.4e-49  160.5   4.1   2   2   3.2e-34   3.3e-34  110.1   0.0   119   228   291   412   283   412 0.83 -
981902at2759_13164_0:00096d|NODE_673_length_17488_cov_67.777152:10652-11961   -            415 981902at2759         -            228   1.4e-49  160.5   4.1   1   2   1.3e-15   1.3e-15   49.3   2.3    14    91   133   222   129   274 0.84 -
981902at2759_13164_0:00096d|NODE_673_length_17488_cov_67.777152:10652-11961   -            415 981902at2759         -            228   1.4e-49  160.5   4.1   2   2   3.2e-34   3.3e-34  110.1   0.0   119   228   291   412   283   412 0.83 -
981902at2759_13249_0:000bac|NODE_673_length_17488_cov_67.777152:10652-11961   -            415 981902at2759         -            228   1.4e-49  160.5   4.1   1   2   1.3e-15   1.3e-15   49.3   2.3    14    91   133   222   129   274 0.84 -
981902at2759_13249_0:000bac|NODE_673_length_17488_cov_67.777152:10652-11961   -            415 981902at2759         -            228   1.4e-49  160.5   4.1   2   2   3.2e-34   3.3e-34  110.1   0.0   119   228   291   412   283   412 0.83 -
981902at2759_143948_0:001f46|NODE_673_length_17488_cov_67.777152:10652-11961  -            415 981902at2759         -            228   1.4e-49  160.5   4.1   1   2   1.3e-15   1.3e-15   49.3   2.3    14    91   133   222   129   274 0.84 -
981902at2759_143948_0:001f46|NODE_673_length_17488_cov_67.777152:10652-11961  -            415 981902at2759         -            228   1.4e-49  160.5   4.1   2   2   3.2e-34   3.3e-34  110.1   0.0   119   228   291   412   283   412 0.83 -
981902at2759_181119_0:00017a|NODE_673_length_17488_cov_67.777152:10652-11961  -            415 981902at2759         -            228   1.4e-49  160.5   4.1   1   2   1.3e-15   1.3e-15   49.3   2.3    14    91   133   222   129   274 0.84 -
981902at2759_181119_0:00017a|NODE_673_length_17488_cov_67.777152:10652-11961  -            415 981902at2759         -            228   1.4e-49  160.5   4.1   2   2   3.2e-34   3.3e-34  110.1   0.0   119   228   291   412   283   412 0.83 -
981902at2759_286706_0:002fcc|NODE_673_length_17488_cov_67.777152:10652-11961  -            415 981902at2759         -            228   1.4e-49  160.5   4.1   1   2   1.3e-15   1.3e-15   49.3   2.3    14    91   133   222   129   274 0.84 -
981902at2759_286706_0:002fcc|NODE_673_length_17488_cov_67.777152:10652-11961  -            415 981902at2759         -            228   1.4e-49  160.5   4.1   2   2   3.2e-34   3.3e-34  110.1   0.0   119   228   291   412   283   412 0.83 -
981902at2759_307491_0:000382|NODE_673_length_17488_cov_67.777152:10652-11961  -            415 981902at2759         -            228   1.4e-49  160.5   4.1   1   2   1.3e-15   1.3e-15   49.3   2.3    14    91   133   222   129   274 0.84 -
981902at2759_307491_0:000382|NODE_673_length_17488_cov_67.777152:10652-11961  -            415 981902at2759         -            228   1.4e-49  160.5   4.1   2   2   3.2e-34   3.3e-34  110.1   0.0   119   228   291   412   283   412 0.83 -
981902at2759_52612_0:002e6a|NODE_673_length_17488_cov_67.777152:10652-11961   -            415 981902at2759         -            228   1.4e-49  160.5   4.1   1   2   1.3e-15   1.3e-15   49.3   2.3    14    91   133   222   129   274 0.84 -
981902at2759_52612_0:002e6a|NODE_673_length_17488_cov_67.777152:10652-11961   -            415 981902at2759         -            228   1.4e-49  160.5   4.1   2   2   3.2e-34   3.3e-34  110.1   0.0   119   228   291   412   283   412 0.83 -
981902at2759_535359_0:000db2|NODE_673_length_17488_cov_67.777152:10652-11961  -            415 981902at2759         -            228   1.4e-49  160.5   4.1   1   2   1.3e-15   1.3e-15   49.3   2.3    14    91   133   222   129   274 0.84 -
981902at2759_535359_0:000db2|NODE_673_length_17488_cov_67.777152:10652-11961  -            415 981902at2759         -            228   1.4e-49  160.5   4.1   2   2   3.2e-34   3.3e-34  110.1   0.0   119   228   291   412   283   412 0.83 -
981902at2759_6183_0:00159b|NODE_673_length_17488_cov_67.777152:10652-11961    -            415 981902at2759         -            228   1.4e-49  160.5   4.1   1   2   1.3e-15   1.3e-15   49.3   2.3    14    91   133   222   129   274 0.84 -
981902at2759_6183_0:00159b|NODE_673_length_17488_cov_67.777152:10652-11961    -            415 981902at2759         -            228   1.4e-49  160.5   4.1   2   2   3.2e-34   3.3e-34  110.1   0.0   119   228   291   412   283   412 0.83 -
981902at2759_6185_0:000803|NODE_673_length_17488_cov_67.777152:10652-11961    -            415 981902at2759         -            228   1.4e-49  160.5   4.1   1   2   1.3e-15   1.3e-15   49.3   2.3    14    91   133   222   129   274 0.84 -
981902at2759_6185_0:000803|NODE_673_length_17488_cov_67.777152:10652-11961    -            415 981902at2759         -            228   1.4e-49  160.5   4.1   2   2   3.2e-34   3.3e-34  110.1   0.0   119   228   291   412   283   412 0.83 -
981902at2759_6412_0:003d85|NODE_673_length_17488_cov_67.777152:10652-11961    -            415 981902at2759         -            228   1.4e-49  160.5   4.1   1   2   1.3e-15   1.3e-15   49.3   2.3    14    91   133   222   129   274 0.84 -
981902at2759_6412_0:003d85|NODE_673_length_17488_cov_67.777152:10652-11961    -            415 981902at2759         -            228   1.4e-49  160.5   4.1   2   2   3.2e-34   3.3e-34  110.1   0.0   119   228   291   412   283   412 0.83 -
981902at2759_69319_0:0005c4|NODE_673_length_17488_cov_67.777152:10652-11961   -            415 981902at2759         -            228   1.4e-49  160.5   4.1   1   2   1.3e-15   1.3e-15   49.3   2.3    14    91   133   222   129   274 0.84 -
981902at2759_69319_0:0005c4|NODE_673_length_17488_cov_67.777152:10652-11961   -            415 981902at2759         -            228   1.4e-49  160.5   4.1   2   2   3.2e-34   3.3e-34  110.1   0.0   119   228   291   412   283   412 0.83 -
981902at2759_7038_0:0022bf|NODE_673_length_17488_cov_67.777152:10652-11961    -            415 981902at2759         -            228   1.4e-49  160.5   4.1   1   2   1.3e-15   1.3e-15   49.3   2.3    14    91   133   222   129   274 0.84 -
981902at2759_7038_0:0022bf|NODE_673_length_17488_cov_67.777152:10652-11961    -            415 981902at2759         -            228   1.4e-49  160.5   4.1   2   2   3.2e-34   3.3e-34  110.1   0.0   119   228   291   412   283   412 0.83 -
981902at2759_7176_0:002be5|NODE_673_length_17488_cov_67.777152:10652-11961    -            415 981902at2759         -            228   1.4e-49  160.5   4.1   1   2   1.3e-15   1.3e-15   49.3   2.3    14    91   133   222   129   274 0.84 -
981902at2759_7176_0:002be5|NODE_673_length_17488_cov_67.777152:10652-11961    -            415 981902at2759         -            228   1.4e-49  160.5   4.1   2   2   3.2e-34   3.3e-34  110.1   0.0   119   228   291   412   283   412 0.83 -
981902at2759_79782_0:0020ba|NODE_673_length_17488_cov_67.777152:10652-11961   -            415 981902at2759         -            228   1.4e-49  160.5   4.1   1   2   1.3e-15   1.3e-15   49.3   2.3    14    91   133   222   129   274 0.84 -
981902at2759_79782_0:0020ba|NODE_673_length_17488_cov_67.777152:10652-11961   -            415 981902at2759         -            228   1.4e-49  160.5   4.1   2   2   3.2e-34   3.3e-34  110.1   0.0   119   228   291   412   283   412 0.83 -
981902at2759_40932_0:003b5a|NODE_673_length_17488_cov_67.777152:10652-11967   -            416 981902at2759         -            228   1.4e-49  160.4   4.1   1   2   1.3e-15   1.4e-15   49.2   2.3    14    91   133   222   129   274 0.84 -
981902at2759_40932_0:003b5a|NODE_673_length_17488_cov_67.777152:10652-11967   -            416 981902at2759         -            228   1.4e-49  160.4   4.1   2   2   3.2e-34   3.3e-34  110.1   0.0   119   228   291   412   283   412 0.83 -
981902at2759_121225_0:0020b9|NODE_673_length_17488_cov_67.777152:11165-11961  -            244 981902at2759         -            228   5.3e-48  155.3   5.1   1   2   1.6e-13   1.7e-13   42.4   3.2    41    91     1    51     1   103 0.88 -
981902at2759_121225_0:0020b9|NODE_673_length_17488_cov_67.777152:11165-11961  -            244 981902at2759         -            228   5.3e-48  155.3   5.1   2   2   9.8e-35     1e-34  111.8   0.0   119   228   120   241   112   241 0.83 -
981902at2759_381198_0:001230|NODE_673_length_17488_cov_67.777152:11165-11961  -            244 981902at2759         -            228   5.3e-48  155.3   5.1   1   2   1.6e-13   1.7e-13   42.4   3.2    41    91     1    51     1   103 0.88 -
981902at2759_381198_0:001230|NODE_673_length_17488_cov_67.777152:11165-11961  -            244 981902at2759         -            228   5.3e-48  155.3   5.1   2   2   9.8e-35     1e-34  111.8   0.0   119   228   120   241   112   241 0.83 -
981902at2759_7536_0:003bc9|NODE_673_length_17488_cov_67.777152:11165-11961    -            244 981902at2759         -            228   5.3e-48  155.3   5.1   1   2   1.6e-13   1.7e-13   42.4   3.2    41    91     1    51     1   103 0.88 -
981902at2759_7536_0:003bc9|NODE_673_length_17488_cov_67.777152:11165-11961    -            244 981902at2759         -            228   5.3e-48  155.3   5.1   2   2   9.8e-35     1e-34  111.8   0.0   119   228   120   241   112   241 0.83 -
981902at2759_4829_1:00205d|NODE_673_length_17488_cov_67.777152:11165-11967    -            245 981902at2759         -            228   5.4e-48  155.2   5.1   1   2   1.6e-13   1.7e-13   42.4   3.2    41    91     1    51     1   103 0.88 -
981902at2759_4829_1:00205d|NODE_673_length_17488_cov_67.777152:11165-11967    -            245 981902at2759         -            228   5.4e-48  155.2   5.1   2   2   9.9e-35     1e-34  111.8   0.0   119   228   120   241   112   241 0.83 -
981902at2759_224129_0:0006bf|NODE_673_length_17488_cov_67.777152:10652-11684  -            345 981902at2759         -            228   4.7e-36  116.2   3.7   1   2   1.1e-15   1.1e-15   49.5   2.5    14    91   133   222   130   274 0.84 -
981902at2759_224129_0:0006bf|NODE_673_length_17488_cov_67.777152:10652-11684  -            345 981902at2759         -            228   4.7e-36  116.2   3.7   2   2   1.9e-20     2e-20   65.1   0.0   119   172   291   344   283   345 0.96 -
981902at2759_121845_0:0029e3|NODE_673_length_17488_cov_67.777152:11369-11967  -            177 981902at2759         -            228   9.7e-36  115.1   0.2   1   2       2.8       2.9   -0.9   0.0   105   119    18    32    15    36 0.82 -
981902at2759_121845_0:0029e3|NODE_673_length_17488_cov_67.777152:11369-11967  -            177 981902at2759         -            228   9.7e-36  115.1   0.2   2   2     4e-35   4.1e-35  113.1   0.0   119   228    52   173    44   173 0.83 -
981902at2759_7029_0:000a09|NODE_673_length_17488_cov_67.777152:10652-11961    -            314 981902at2759         -            228   2.5e-35  113.8   0.2   1   2       1.4       1.5    0.1   0.0    14    40   133   162   130   163 0.78 -
981902at2759_7029_0:000a09|NODE_673_length_17488_cov_67.777152:10652-11961    -            314 981902at2759         -            228   2.5e-35  113.8   0.2   2   2   1.8e-34   1.9e-34  110.9   0.0   119   228   190   311   182   311 0.83 -
981902at2759_7719_0:002fea|NODE_673_length_17488_cov_67.777152:10652-11961    -            344 981902at2759         -            228   3.5e-35  113.3   0.6   1   3       2.2       2.3   -0.6   0.0    14    39   133   161   130   176 0.78 -
981902at2759_7719_0:002fea|NODE_673_length_17488_cov_67.777152:10652-11961    -            344 981902at2759         -            228   3.5e-35  113.3   0.6   2   3       6.5       6.7   -2.1   0.0   105   119   186   200   183   203 0.81 -
981902at2759_7719_0:002fea|NODE_673_length_17488_cov_67.777152:10652-11961    -            344 981902at2759         -            228   3.5e-35  113.3   0.6   3   3   2.2e-34   2.3e-34  110.7   0.0   119   228   220   341   212   341 0.83 -
#
# Program:         hmmsearch
# Version:         3.1b2 (February 2015)
# Pipeline mode:   SEARCH
# Query file:      mb_downloads/eukaryota_odb10/hmms/981902at2759.hmm
# Target file:     -
# Option settings: /opt/conda/envs/compleasm/bin/hmmsearch --domtblout compleasm/eukaryota_odb10/hmmer_output/981902at2759.out --cpu 1 mb_downloads/eukaryota_odb10/hmms/981902at2759.hmm - 
# Current dir:     /in
# Date:            Tue Oct 22 12:39:59 2024
# [ok]
